0
1 7055
0
1 12445
1 16402
0
1 27227
1 8882
1 18905
2 2323 14302
3 5351 13674 23002
0
3 17088 24217 25439
3 4036 8431 28381
1 20470
1 26032
1 29821
1 5231
0
2 17237 29518
1 31851
2 6702 21390
3 7349 9918 30493
1 6826
2 6310 24810
2 10299 10382
0
0
2 10530 31111
0
4 13825 19505 24814 25106
1 12610
0
2 3245 26821
1 5204
0
1 30133
1 9960
0
0
0
1 4050
1 22753
2 2769 4237
1 23108
0
2 4110 13095
0
1 9628
0
0
1 2734
0
2 19457 26230
0
0
2 8555 18726
0
3 7889 9834 14928
0
1 30066
0
0
1 3905
0
1 23658
1 20502
2 18815 19179
0
1 12131
0
2 15300 20214
1 30560
1 32379
1 22020
1 12192
6 4124 4149 17884 21311 26226 30190
1 6988
2 1287 20428
1 1440
0
2 16904 18277
0
2 5969 32460
3 2275 2847 16378
2 26136 27244
0
2 14696 28993
3 8592 24475 28829
1 11897
1 7324
0
1 18791
0
2 6247 30385
0
2 12092 29318
1 18812
3 6074 12180 31717
0
1 23130
1 12914
3 11291 11399 17089
0
2 14750 17634
0
2 18120 20001
0
2 21287 29336
1 22442
2 2375 20393
0
1 20138
2 4752 7021
1 27406
1 1292
0
0
1 3751
1 23425
0
2 21717 30987
0
1 31729
2 1421 3785
2 19280 30180
2 3837 29942
1 4159
2 11481 24365
0
0
0
0
2 7081 14724
0
2 15040 20434
3 10715 15734 20215
2 9939 30074
1 19505
0
0
1 24312
2 15481 32538
1 29214
1 27055
1 1316
2 14264 29893
1 1594
2 21553 31101
0
1 25567
1 19647
1 14250
0
0
0
2 877 1462
1 23437
0
1 20123
1 26710
2 7060 8501
0
0
0
1 7620
2 8998 24224
1 26755
2 24528 28768
1 10739
0
1 31607
1 28952
1 29588
0
1 18644
1 32698
1 17933
0
0
2 6425 13280
1 14841
2 10687 13281
0
0
1 1221
1 11130
2 8985 10766
0
1 5707
2 15263 21479
1 15092
0
2 9491 18423
1 31357
4 1702 14747 16346 32232
0
1 8658
0
2 13910 15082
0
3 8353 23416 31608
1 18419
2 1326 17380
1 3929
0
1 12747
1 14768
0
2 24387 25494
1 19786
3 381 14917 31295
1 27793
0
2 4011 24803
0
0
1 5340
1 9575
0
2 3879 11512
0
0
0
1 12005
1 15328
0
0
5 15026 15893 16872 21589 28078
1 15985
1 25617
0
0
1 16307
1 27472
1 13006
0
1 9252
0
2 6505 29313
0
1 27666
0
0
0
2 19136 32001
3 3863 13496 30495
0
1 21379
1 25753
2 57 10604
2 5708 14619
2 2343 16742
0
0
1 24903
1 1359
0
0
1 3833
0
0
1 872
1 30505
1 29061
0
1 15065
0
1 30402
0
1 26519
1 13673
0
2 19040 21512
0
2 6779 9352
1 15135
1 4968
1 13027
0
0
0
0
2 9251 16976
1 9731
1 4611
0
1 10478
1 26173
2 6009 26864
1 25286
1 23710
1 16028
2 23279 26416
1 31378
2 4163 23308
0
2 8688 29364
0
1 12432
1 5090
0
0
0
1 14749
2 5091 23996
1 8871
0
1 11798
2 13005 15548
1 12820
1 14909
0
4 119 4696 13578 18294
0
1 15426
0
0
0
0
0
1 25258
1 11113
3 4071 4090 26748
1 647
2 14004 20858
2 12825 24724
1 3886
2 15440 27196
0
1 2861
0
1 14249
2 870 30728
1 29074
0
0
0
1 4827
3 3631 11679 16577
1 31602
2 22271 22365
0
0
1 13616
0
0
1 9798
0
1 31081
2 14686 29671
1 4853
0
0
0
0
1 7009
0
1 27649
0
2 2194 32578
2 6244 11295
0
2 3593 13609
0
0
1 10142
1 22325
0
1 7950
0
2 9250 14713
0
2 24386 25767
1 23108
2 8388 20742
0
1 16442
1 31916
1 25893
0
0
0
0
1 27512
0
2 20526 25782
0
1 29508
5 1989 9557 9967 12037 31680
1 15129
1 9849
3 611 25630 28132
1 3870
0
1 26441
1 21945
1 19993
1 21426
1 21913
1 5828
2 5498 23031
3 8885 17310 30601
0
3 2482 8214 28753
1 23144
1 9905
2 14105 16219
1 4555
1 27423
0
1 12879
2 22355 27295
0
1 15716
1 16304
0
3 12466 27046 27836
1 6649
0
1 22966
0
0
2 3728 10522
1 18531
3 11581 16767 27238
2 5277 18686
0
0
1 2383
0
0
2 11394 25434
1 28425
1 29694
1 28184
0
0
0
3 11681 11972 29774
0
0
1 25136
1 18755
1 14800
1 17997
0
1 29716
0
3 7482 18316 27538
0
0
0
3 7502 28345 31045
0
0
0
1 6725
1 1986
0
1 10539
0
2 6503 7119
1 16339
2 1589 18119
0
2 4745 13360
0
1 28509
4 16568 19425 20577 28182
1 120
2 1375 24513
3 6264 24953 26665
0
0
3 15325 19170 22464
0
0
0
0
1 10259
1 10006
1 20218
2 17870 26316
2 28777 32263
1 11186
1 8454
1 17252
1 4586
2 12483 24492
0
0
0
2 2765 10779
1 23151
1 11309
1 4675
2 10914 11282
3 13816 23013 32644
0
3 17004 18087 18786
0
0
1 32677
5 1714 16237 21991 28854 29164
0
2 2189 2626
3 4656 6999 22179
1 19223
5 129 3437 6508 22730 26400
0
1 13415
0
0
1 14530
1 29123
0
1 5604
2 3930 7852
2 8275 26527
0
2 6644 31236
2 5657 6043
1 13699
3 13447 22278 25847
0
1 233
1 31214
0
0
1 7859
0
1 19533
0
1 20612
1 8220
2 1431 24073
1 8185
2 13787 20657
0
0
0
0
1 14949
4 8158 8994 13479 22398
1 21210
2 5793 25826
0
0
1 7396
1 23126
0
1 20343
1 5648
0
0
2 13095 14774
3 7187 22142 30932
3 15162 25120 26526
1 28285
1 29296
1 28083
0
0
0
4 216 6001 9931 20306
2 13822 22782
2 24019 26480
0
1 26004
0
2 4026 4428
1 12182
1 16942
1 10191
2 9739 18034
0
2 20037 23868
0
1 10762
0
0
1 16932
3 3735 24271 30038
2 15386 28051
0
2 23967 30643
0
4 3293 9607 17520 27008
1 5146
1 10991
0
0
1 12822
0
3 18677 25097 26807
0
0
1 19749
2 27946 32197
0
2 7854 14548
1 808
0
3 5574 7752 13835
1 16786
0
0
0
3 1900 14569 17402
1 18549
0
2 2136 7353
1 27500
0
1 2759
2 13281 30419
0
0
2 8473 28079
2 10977 22228
2 13119 30096
1 1671
1 22411
1 28877
2 25641 25735
1 14405
1 15402
0
0
1 10880
1 3997
0
3 8880 17735 22829
1 30507
0
0
3 1066 1534 8351
0
1 10940
0
1 20156
0
0
3 1907 2167 10160
0
3 3021 15270 16926
1 15911
2 20921 25413
1 3089
4 9132 9156 27392 30206
3 516 18796 31100
1 2168
0
0
0
3 2144 11252 28590
1 23389
1 10550
0
2 4959 23119
0
1 15131
0
2 10234 32331
0
2 14331 28665
0
1 32142
2 30755 31004
1 6328
1 7455
0
0
1 22349
0
2 21989 28760
0
1 5380
1 27317
0
0
1 25885
1 19035
3 5241 21578 29426
1 5231
0
1 9027
2 3229 17897
0
1 22625
3 17598 27492 29243
0
1 24052
2 8300 22338
0
2 18849 19958
1 7543
1 1836
0
1 6803
0
1 2378
1 32075
0
0
0
1 30878
3 1231 9871 31413
0
3 5295 8012 24584
0
0
0
0
3 4523 22327 31051
0
4 13481 15261 27446 32542
2 12427 18686
1 11464
2 11314 13672
0
2 1110 8007
0
1 17513
3 11988 18158 24131
0
2 6948 17038
1 25568
0
2 6840 23226
1 7593
0
1 2626
3 3244 18092 31983
2 4540 5747
1 14840
1 24477
0
1 3255
0
1 11504
0
0
0
0
0
3 3879 11545 28220
0
0
2 3476 5971
0
0
1 4382
2 22432 30061
1 25935
1 9785
1 4335
1 30232
2 3356 25321
2 10352 19329
0
2 10149 25906
0
2 4829 19389
3 5991 8016 26531
1 21471
3 490 4312 14041
1 20518
0
2 20302 32465
2 5979 13491
0
0
2 18760 26392
2 1225 5189
1 16944
0
1 25469
0
0
0
2 15819 16536
0
1 9527
0
2 22277 24097
1 11576
3 2827 21444 23236
0
2 17675 31626
0
2 5305 17026
1 16255
1 15640
0
0
3 4282 19726 31794
1 3242
2 2134 19683
0
2 8523 28010
1 16228
1 28181
0
0
0
0
1 20635
1 930
1 29063
0
2 2254 14582
0
4 4440 8963 20773 26264
1 30030
2 15221 16129
1 10260
0
0
0
1 6352
1 12354
0
3 10598 25726 27587
0
2 24059 28533
2 10911 30475
0
0
2 8258 18634
1 6840
1 3200
0
0
0
1 23435
0
1 7980
1 19032
1 25203
0
0
0
3 7850 11347 20362
0
4 7388 7740 16187 19554
0
1 23835
0
2 4592 14356
1 8090
2 10257 15387
1 17585
2 17861 18431
1 16994
0
2 10957 17983
4 936 1324 20597 24734
0
2 3835 18491
3 27962 29127 30888
1 15813
1 23070
0
0
0
2 4224 20407
1 10253
1 22246
0
1 22400
2 10623 31614
0
3 2781 30902 31764
0
0
0
2 13980 24590
1 4700
0
0
2 13559 23776
1 11964
1 14734
1 24112
1 31528
1 24938
2 10442 27003
0
1 14534
1 17302
1 30347
1 11199
1 23365
4 13789 28540 28743 28794
1 30476
2 12426 31978
1 13630
1 5278
0
0
2 14881 19200
3 12790 13374 24523
1 25247
2 215 18523
1 7453
0
0
1 10487
3 5746 14587 29740
2 13756 20564
0
0
4 1900 8917 11640 31443
0
0
1 9499
2 23655 27278
1 26284
1 10600
2 16316 18690
1 10609
0
0
2 7145 13470
1 20474
0
1 801
0
2 1933 21127
0
1 18181
0
2 7215 18138
1 19899
1 32521
0
1 25471
2 12859 21612
1 6488
1 10596
0
0
1 7649
1 32582
0
2 880 14385
0
1 9782
2 23850 29202
1 15574
1 13762
1 7772
1 28447
1 29334
0
0
2 31694 32723
1 12421
1 21040
2 22785 24607
1 1264
0
3 4466 5908 30431
3 9671 27387 32264
1 25901
1 25627
0
2 18228 29002
2 7107 24532
2 9039 19845
2 16815 28049
2 8022 17790
1 147
0
0
0
2 6807 30039
1 31349
0
0
0
1 4996
1 11610
0
1 2098
1 2022
2 13387 23897
3 6344 24673 28002
1 25253
3 25770 29668 31981
0
2 7375 11659
0
0
1 24405
0
2 2838 8816
0
