0
0
2 8059 31831
1 25838
1 16864
0
2 22942 23455
0
0
1 6455
2 4448 23397
1 25769
0
1 3117
0
0
2 7111 10420
0
1 20430
3 11707 17131 19693
1 149
1 16529
2 1106 13651
1 12414
2 18322 22522
2 754 10209
0
2 25445 29382
1 8431
1 27361
1 12306
2 7003 12352
2 2527 4320
3 10885 22181 31449
2 3364 14397
2 10681 19154
1 19187
0
1 21444
1 23436
1 31446
2 1846 16409
0
0
1 24633
0
0
0
1 24911
1 26415
1 13339
1 15757
1 28462
2 7896 19551
1 16413
1 9477
4 5683 10505 19219 25377
2 10053 19195
1 6391
2 1169 16998
0
3 1358 16665 24487
0
0
2 19488 23939
3 10657 25369 31422
0
1 17346
2 25515 27151
1 6806
0
1 5825
2 9362 14131
1 13458
0
0
0
3 23445 24941 28830
2 9359 28180
3 4653 19176 30348
0
1 24835
1 7470
1 18229
1 32162
1 21276
0
1 6214
4 10501 20344 22221 30718
0
1 17209
0
1 1375
0
2 22403 30498
1 23649
4 8882 12212 15319 20945
0
0
1 9080
0
3 1958 4452 6077
0
0
2 18415 26271
1 10917
4 11907 17941 19379 27109
1 8752
1 5721
3 2727 3183 31855
2 6730 20050
2 5597 29736
1 23631
0
1 2757
0
3 9520 23626 30229
2 20227 28574
0
2 6580 17073
1 30643
0
1 1105
0
0
1 29640
3 11825 22714 28934
0
0
0
0
1 28335
3 12914 20956 24959
1 32638
1 5878
0
0
2 6875 11676
0
4 5 24367 27350 29482
3 11181 19037 25400
3 21291 23722 32292
3 6892 7646 32484
0
0
0
3 15543 18728 29388
1 11914
1 10553
0
1 5993
1 15587
0
1 18160
2 11563 20570
0
1 4601
1 24534
1 12146
1 6342
1 23892
0
3 7484 11346 16215
2 22953 26826
1 11822
0
2 10595 20626
1 26043
0
1 5859
0
2 14999 19837
1 6625
1 23897
1 29936
3 4591 6195 25426
2 1714 15928
0
1 26012
0
4 2563 3220 27737 28926
1 24092
1 7283
0
0
4 20379 22628 28814 29701
1 22956
1 28085
0
1 15802
3 4948 17778 19140
3 6588 7751 17516
1 12221
2 13200 25792
0
0
0
1 7002
3 9177 13395 17007
2 4008 5364
2 5383 29872
0
4 2624 16476 17845 30635
0
3 5622 8590 24664
0
3 14347 19018 22067
0
2 9429 16843
0
1 17721
0
1 15480
1 9424
1 1451
1 1417
0
3 7898 29908 30753
2 14026 22121
1 3031
1 27492
2 19192 28319
0
1 20904
2 9162 18718
0
5 2967 3274 10706 23916 26373
1 7948
0
0
1 26023
0
1 4833
0
3 11167 17635 29253
4 6427 14765 21214 25935
1 20728
1 13375
1 14653
5 1298 1599 1914 28102 28493
1 9407
5 5496 9196 12164 20477 26762
2 1181 4260
0
1 7919
2 7655 18969
0
2 2834 26959
2 6668 25583
0
0
1 5467
1 27450
1 26589
2 17589 27129
1 31201
4 6567 7369 14365 27017
0
1 3002
3 660 9320 12387
2 2462 9047
0
3 7979 8379 30050
2 23852 27776
1 25680
1 17690
2 224 11137
1 27970
1 709
1 29101
1 6412
0
0
2 2459 16303
3 4303 6984 30343
0
3 15903 18146 21806
2 12601 29893
0
1 18511
1 4524
0
2 1945 11951
1 19792
0
2 4416 26717
2 20295 22653
1 4341
0
2 22424 26847
1 12426
2 7838 14787
1 29874
0
1 28220
1 26436
0
1 2127
1 17671
1 1634
1 26552
3 2202 14302 17214
2 16168 20194
2 5541 25706
1 2246
2 2152 11373
0
3 4026 8812 24710
1 18359
1 11027
1 25430
1 27609
1 13518
2 13013 14541
1 9760
1 11457
2 11629 21871
1 1285
3 757 17619 21630
0
0
1 13105
1 14049
1 26768
1 32753
1 15973
1 3586
0
3 9781 21250 21576
2 9556 19101
0
0
1 19938
6 2684 9336 14979 22685 23564 27456
1 14874
3 7506 14208 25758
0
0
1 21207
0
1 27361
1 5873
3 12120 26112 30909
0
2 10999 24690
0
0
1 29975
1 12170
1 11565
1 14631
0
0
1 22127
2 5562 21840
1 20856
2 852 1654
1 31989
2 27511 28276
0
3 6045 15580 26837
2 5474 12381
0
2 16592 26237
0
1 3210
1 22967
1 7904
2 8659 16186
1 29453
1 13642
2 4237 9771
4 9795 13171 16013 26983
3 1774 20347 20885
0
0
3 7802 9527 11379
0
3 6450 13250 18422
1 15617
1 29259
3 10118 22673 23574
1 29527
1 31428
0
1 11912
0
0
0
2 12151 15892
0
0
2 2302 25561
1 7666
1 1885
2 15459 24904
2 12127 16891
1 13167
1 32278
0
0
0
1 29776
1 18902
2 110 20817
1 31881
0
3 12724 24986 25313
1 20136
2 4645 21089
1 9334
2 4766 31017
1 18203
2 13494 27835
1 16162
1 4375
2 21466 31698
1 3708
1 18633
1 19198
1 22683
0
1 7408
1 27834
0
1 29614
1 6578
0
3 5020 5908 32079
1 28109
2 2627 27351
1 31960
1 14803
1 3177
2 16716 32541
2 24419 31959
1 22174
1 31815
2 7180 8512
2 1460 15572
0
2 529 5434
0
1 16377
2 2461 29276
2 7168 12604
2 16159 18678
4 2655 6232 21132 28799
2 13760 32453
4 1367 15659 15925 29754
2 1495 10999
1 21495
1 16981
0
1 28792
1 6335
1 23747
0
1 14151
0
1 16402
2 10752 11986
2 5428 32663
0
2 1050 12961
1 16974
0
2 24781 27561
0
1 11139
5 4 6510 9059 11962 21122
1 18153
1 18200
2 2293 8485
0
0
2 22995 32547
0
0
3 4671 18928 29084
3 1654 4180 19202
1 22022
2 24394 31778
2 1085 12932
3 2106 2127 21292
2 9973 30007
2 10470 13380
1 24230
3 11602 13002 27188
0
0
2 12716 29223
3 21841 25641 30767
0
1 8163
1 12494
1 21516
1 29119
2 21510 21591
3 2274 8011 30712
2 2595 18004
1 15204
1 29706
1 32608
2 12123 21504
1 1194
4 7500 8468 8564 8788
0
0
2 4488 15830
1 3331
0
1 11860
3 17283 28959 32467
1 26359
2 1734 29585
1 13876
0
2 11515 11681
4 9049 15129 15490 28177
4 1374 2386 3997 21094
0
1 17660
1 19278
0
1 2308
3 14145 20875 26415
0
0
0
1 3848
0
0
2 16047 22987
2 17382 30964
2 14125 22812
1 10339
0
1 26465
2 3979 20149
1 1642
0
0
1 21962
0
0
0
3 20777 30172 31321
1 1393
2 501 11681
1 6334
1 17882
0
0
0
1 6706
2 11463 25170
0
1 28480
1 146
1 20894
1 7471
2 5863 26033
1 17084
1 20698
1 27633
0
1 29714
3 10823 10927 22395
1 13693
3 3382 21851 27397
0
0
1 20942
2 27339 30863
4 3362 9912 18164 20688
0
2 27036 27168
1 7728
1 17474
0
1 7385
1 5109
1 12316
1 5657
1 32316
2 17209 22674
1 1279
2 611 27540
2 30858 32738
0
2 7557 20077
3 3273 9596 23823
2 8552 18586
0
2 842 2793
1 7993
2 20558 28213
0
1 4226
2 1674 8394
0
1 26860
1 29773
2 2783 24428
0
3 966 11908 22782
1 26407
2 12875 31303
0
1 16229
1 28122
0
1 18808
1 196
1 27599
1 30032
0
3 6756 12200 19048
0
0
2 20071 22565
2 22629 31275
0
1 8707
3 5403 29182 31907
1 21163
1 20579
0
1 23482
1 30925
1 28502
1 23810
1 4413
1 24132
0
1 8942
0
0
3 3255 15670 20977
1 9127
0
0
2 24608 32304
0
1 22449
0
3 11329 21605 30935
1 25933
2 6610 20032
1 6471
0
1 15063
1 21777
0
2 584 14633
3 3437 14674 20617
0
0
0
0
0
0
2 7989 17963
0
0
1 28688
0
3 7940 9325 10226
2 270 14694
0
0
1 15154
2 1432 26287
1 30492
0
1 10665
1 30633
0
0
0
1 12381
1 31125
1 22398
1 22351
1 5971
0
1 7156
3 13831 16148 17445
0
1 14519
1 20395
1 16051
0
0
1 21434
1 27756
5 310 4055 4783 22747 25162
1 24038
0
2 9825 26172
1 7870
0
2 5461 25776
1 19101
0
2 8432 20734
0
3 8226 16329 27469
0
1 4745
1 16992
1 20209
1 31631
0
0
0
1 31406
1 32578
2 11903 25366
1 19563
5 10365 22427 22610 26362 29268
1 9435
3 12003 26473 27379
2 28517 29961
1 17404
1 11796
2 630 27080
1 16156
0
1 29270
0
0
1 9373
1 10928
3 18456 21783 28310
0
2 1208 28850
1 30862
2 23952 25879
2 4925 12297
1 31977
1 19855
0
1 3145
0
1 9352
2 22996 30238
0
1 17082
2 3401 28869
2 6162 32679
1 11440
1 19630
0
1 14768
2 10970 23802
1 8259
2 24149 25806
1 24821
0
1 29931
0
1 24805
0
0
0
0
0
0
2 2772 4729
3 12458 16432 20637
1 31460
1 30885
3 980 21927 24098
0
0
3 7717 11593 24685
1 3524
0
0
3 7912 15867 16697
1 23699
1 1851
0
2 6154 28820
0
3 4713 11316 22507
1 6880
1 15126
0
3 11771 15927 27160
3 4156 4549 21934
1 29903
2 9426 16845
1 27469
1 19513
0
0
3 4249 17089 25595
1 23009
0
1 19878
0
0
0
1 15981
0
2 7346 15831
0
0
1 16293
1 4357
1 22052
2 5663 26241
1 23847
1 24051
2 25078 29343
1 7999
2 7018 23764
2 31620 32456
1 10325
2 4702 13894
3 12573 13353 25178
1 789
1 19459
1 8040
2 29154 31856
0
2 16837 22724
1 30231
0
1 31157
0
1 15289
1 12272
1 5320
2 11184 28297
3 1024 6223 16052
1 6574
1 32232
2 8037 31640
0
0
1 24144
0
1 18452
2 9301 27581
0
2 9669 16097
2 3785 31292
2 5474 19038
3 7834 22622 30766
0
0
1 7279
2 11312 13074
1 7087
1 26087
0
2 7542 12552
0
2 3382 27392
0
3 24405 25140 28045
2 2901 14765
3 21799 25617 28617
4 2878 8240 12137 13239
0
2 10579 25332
2 15056 32280
1 21198
0
1 18313
3 17914 22399 25988
1 30946
3 22784 25556 29279
1 19728
1 8050
0
1 5210
2 8409 14982
1 3948
0
0
1 29093
2 5770 17731
2 14002 21276
2 22542 25697
1 17875
2 24794 29188
4 3941 13364 27329 30778
4 959 3156 3864 6142
0
1 14169
6 1136 13111 17331 23331 25130 31872
1 4772
2 10871 22265
2 23432 28450
0
0
1 16933
2 12052 22192
1 19286
2 7430 8448
0
1 26051
3 1700 10084 20481
2 23286 23712
1 10240
2 12429 29086
4 3502 4350 19092 26100
1 11469
0
1 2746
1 2690
2 6847 19040
2 11951 29589
0
2 25121 26378
1 9066
2 8927 27481
1 31278
3 15920 18106 22266
3 3774 14165 17072
1 21809
1 8779
0
1 5826
0
0
1 3954
1 5963
2 5245 27190
2 7629 15363
1 3370
2 11852 26216
1 27391
1 434
1 9057
0
1 17291
2 15000 23477
1 862
0
1 26661
0
3 16910 21078 31120
1 28932
0
2 20828 21055
2 13902 24488
0
0
1 9020
2 22397 29982
2 9889 27702
1 24526
2 641 13687
0
0
1 10332
2 15406 27290
0
0
2 3884 25297
0
0
0
2 18307 26702
0
1 18680
2 1995 3221
2 15512 16643
1 9286
0
0
0
2 2604 8136
0
1 9504
0
1 23161
0
4 4532 13000 19680 27594
1 7242
2 14365 22064
4 819 8742 22221 27927
2 19577 21940
1 30774
2 2267 11708
2 1996 3595
1 31982
2 4910 24993
0
2 14753 25102
2 13765 29327
1 30154
1 4385
0
0
4 326 11594 13313 13763
3 10672 16557 18518
0
3 4624 8724 25848
1 30651
4 8733 14422 17690 30967
2 10603 10792
1 20898
0
2 16012 31089
1 1935
1 21301
1 31141
2 16852 18382
0
1 3102
1 15003
0
2 10658 29341
3 2525 2638 8973
1 8029
1 360
0
0
0
3 9869 18531 19645
1 18115
0
0
0
0
1 18645
0
3 196 17434 21117
2 11682 14914
1 31953
2 2138 30176
1 272
3 14311 14929 26049
2 6297 19231
1 10267
0
2 6507 17386
3 14301 17153 23804
1 17515
1 10620
1 5768
1 15276
2 1794 7220
3 18175 19421 25219
1 3648
3 11798 18905 27585
1 31262
0
1 15035
2 9201 32642
1 29823
0
0
0
1 16823
2 14623 24281
1 24611
2 29180 30550
2 461 11352
1 22670
1 16433
1 1380
1 25964
0
0
3 12 8942 14995
2 3517 21825
0
0
3 5814 26214 28279
3 335 5294 32113
1 8862
0
2 26943 32234
2 9453 19054
1 7081
1 26679
1 25512
4 3375 6183 27281 30763
2 11034 18288
0
2 4579 16575
2 1267 3389
3 8959 11731 17837
0
4 1960 20526 23993 31033
0
2 10422 17164
2 22700 29282
2 4134 17225
0
1 2763
0
1 8139
1 17507
3 2543 21711 29249
0
1 9388
4 6112 18273 23552 27331
0
3 10185 20572 22355
0
1 9536
1 10010
0
2 11518 13663
1 29150
0
2 14169 19450
1 28659
2 619 22677
0
1 5743
0
1 7275
1 3016
0
2 31527 31787
2 1849 20663
4 13151 14188 17743 27537
1 16346
1 25831
1 17254
0
5 5102 13546 14270 19182 27650
1 31050
2 16661 26813
1 8881
1 9071
0
0
1 18110
1 21210
0
2 15761 21318
1 12071
0
2 14856 31673
2 6087 15174
2 10938 16339
3 1256 18153 32606
0
2 14930 15107
1 4043
3 3802 28632 30618
1 7255
1 17140
2 8389 9453
0
1 5495
0
0
1 16554
1 19436
2 19378 26809
2 11533 11615
0
1 16587
2 26133 30638
1 31986
3 14261 17556 26248
1 11803
2 4006 20187
1 20066
0
1 4766
5 19294 22470 26019 27028 28025
2 2372 25549
0
1 3103
2 13238 27424
2 12593 21572
1 17375
2 17793 18175
1 25025
1 993
1 9665
0
5 3388 4469 8097 23124 27628
1 23279
2 7078 14468
2 21627 26922
0
1 27684
2 2756 30645
1 14234
3 11999 13867 19688
1 13501
1 6037
1 29153
0
2 29359 29670
3 14539 19692 25037
0
0
1 32740
3 6801 7757 31010
1 3887
2 23995 26773
0
1 4464
2 1577 5292
1 13953
3 266 2962 14961
2 13668 21481
1 9015
2 1628 24090
2 11918 30568
0
2 3929 16385
2 3662 26926
1 4706
0
3 1419 12218 21140
1 15285
1 26664
0
2 13648 23866
1 2513
0
0
1 29167
1 8602
0
2 14179 32100
1 17462
0
2 20824 27687
0
0
0
2 6266 18750
2 6651 18762
0
0
1 21386
1 2786
2 18647 28725
0
1 13649
3 19265 28409 32737
0
0
1 28473
0
2 20350 32535
1 7837
1 14231
1 28568
0
0
3 7531 17943 28582
2 17731 30954
0
2 5239 9853
2 27528 31701
3 8224 13386 26357
1 22239
1 8465
1 22011
2 7092 17324
1 24659
1 15296
2 11650 25370
1 13293
1 491
3 6121 10050 10423
3 10863 17994 21260
0
4 5509 9856 16622 22308
3 14605 17125 27420
2 25988 28586
1 9796
2 5387 22396
1 8642
1 27808
0
2 17659 29739
2 24406 31022
2 16990 25870
2 6497 11756
1 9862
2 6539 28922
2 6977 15250
1 26795
3 1867 4536 24201
2 17997 32362
0
3 3195 13972 18518
3 16411 18490 19974
2 1423 6647
2 19116 32749
0
2 16645 31457
0
0
3 19424 24241 28664
0
1 4627
2 20939 26647
1 5515
3 3850 9406 29262
0
2 8048 28341
1 32338
1 12508
2 25700 26709
0
1 25924
1 32760
0
4 4110 7101 29464 30217
0
3 7717 15627 21779
2 6087 28546
0
1 10854
1 28766
2 18426 20860
0
2 2635 3566
0
0
0
1 8685
0
1 17121
0
2 4207 20282
2 12584 19249
2 12088 23451
1 31859
2 5323 16186
3 2041 10656 31917
2 5158 26177
0
1 13221
2 17417 32076
0
1 5936
0
0
0
0
2 2511 13182
0
0
2 8639 29222
4 8496 8850 18156 30873
1 24050
0
1 18348
1 16842
1 849
1 1972
1 1181
0
0
2 15076 18770
1 8751
1 9090
0
1 22219
0
1 2365
2 24302 28767
1 6657
2 30737 31862
1 11468
1 5131
1 10174
0
2 29117 32319
1 9387
2 20099 26124
0
0
2 6150 6647
0
0
2 21628 25555
1 8737
2 13486 15097
1 8449
1 29821
1 7491
0
1 19928
0
2 20877 22323
1 17507
2 2858 8687
0
0
1 20473
2 5220 27560
1 22917
0
0
6 17810 18105 25544 28377 29740 31529
2 3701 31758
2 5894 30541
1 14799
1 15727
2 4694 8890
0
3 6653 9663 26408
4 742 18630 20630 23317
3 4184 7880 13844
4 5394 19985 26284 32114
0
2 4870 15323
1 13016
1 9427
2 12620 21986
2 4446 7832
0
0
2 11192 19880
2 18057 19023
0
5 3246 11549 18209 20574 28997
2 26140 26261
1 18398
3 8662 23265 24106
2 4768 12570
0
2 8118 8600
0
1 6742
2 5087 19506
1 20912
0
0
2 571 24645
1 1961
0
1 32758
1 505
1 12518
0
3 3532 20218 23051
0
0
3 711 22843 22940
1 8025
1 25368
2 13441 28077
1 24001
1 9222
4 2204 10649 15390 31485
1 28078
0
0
1 5435
1 18038
2 3213 25594
1 17181
3 690 5694 20984
0
1 21553
3 4512 10280 15977
0
2 1054 6009
2 12616 13674
1 8255
1 5934
1 14394
0
2 18409 26574
0
1 7782
0
3 19465 22832 28692
1 10562
2 9809 21258
1 4102
1 20134
0
0
0
0
2 1470 17006
3 4612 6548 7487
2 9269 12741
0
0
2 5087 5641
1 24606
0
0
0
0
1 15593
1 4971
0
1 16546
1 26816
2 10141 13319
3 13439 18273 24259
1 10094
1 1628
2 13910 20801
0
0
0
1 27970
1 24277
3 5005 13133 29040
0
1 5914
1 31966
1 29229
0
1 3764
1 19655
3 27712 28045 31473
0
0
0
0
2 4898 29500
1 5336
1 12388
1 685
1 23655
2 11361 21406
0
1 3313
1 2500
2 18767 31688
2 16043 25387
0
0
1 16226
2 9482 20729
1 6224
1 19768
0
2 27945 31205
1 11228
0
2 2318 26827
0
2 5823 30390
2 1104 8909
1 29667
1 10547
3 10774 18020 27357
0
0
2 6094 22422
0
0
0
0
1 9227
1 13661
0
3 13 27685 29239
0
1 29378
1 31881
1 21078
0
1 8146
2 3738 23684
1 1128
1 17718
2 1730 32074
3 12825 24358 28493
2 28726 28961
2 856 6407
0
0
2 16234 29717
2 21623 26496
3 524 24022 24432
3 9144 18563 21944
1 13374
0
0
3 6114 20895 23825
1 3455
0
3 1899 13288 24257
3 11925 19043 19789
3 341 3184 25155
1 29742
0
0
1 11918
1 28546
0
0
2 7668 12506
1 31253
2 14653 17134
1 30974
2 10416 20539
1 24444
2 3923 25248
3 9987 13752 23961
0
1 30660
1 21131
0
2 2074 22009
0
0
3 441 18900 24485
3 5029 21276 28803
2 2762 31309
0
3 7239 12444 30058
1 14800
1 29857
0
2 9664 14638
1 8460
1 11446
1 16225
1 3635
3 13593 26004 31590
0
1 26982
0
1 13965
1 5100
2 23798 31046
2 9337 30261
2 372 31946
0
0
3 343 24489 32593
1 31918
2 4413 11759
2 23714 25638
0
3 942 8729 25280
2 948 10358
0
1 32689
1 9203
1 31497
1 18380
3 8831 20885 21320
1 15151
2 4273 13735
1 2052
2 1491 1621
0
1 15758
2 12531 32517
1 6301
0
1 30488
0
2 6963 15514
0
2 8054 27572
1 24504
1 32704
1 16311
4 7703 11956 21576 31832
1 21467
3 23325 23534 24333
2 7482 32093
1 29855
1 14589
1 17215
3 21840 22766 28476
0
3 5338 14954 23025
1 19353
0
1 23623
1 25835
1 8266
1 789
1 28049
2 2060 24186
2 21838 29790
0
4 11014 16289 21313 25821
1 29647
1 11189
1 25697
0
1 20427
0
1 8396
0
3 12949 16560 20601
0
1 4049
1 12674
2 13331 18674
0
1 5813
1 7779
1 6248
1 3167
2 25103 29770
0
0
2 16761 17965
0
0
0
2 2388 30013
1 18869
2 18499 30541
2 1835 20581
1 13393
2 4070 6126
1 21767
3 3909 25479 29335
0
3 2068 7786 10979
0
3 13487 15575 18189
0
0
3 904 8922 12240
0
1 11066
2 6981 8079
2 15961 31194
0
1 6276
3 4151 10419 22738
1 13774
2 6466 29992
1 3075
1 12405
2 15109 17721
0
0
0
2 21905 30404
3 17118 18384 22618
2 16636 19450
1 16271
0
3 7620 20735 25143
1 27872
2 23774 24528
1 30441
1 27439
3 3325 12354 21202
0
1 17447
1 1902
1 23089
0
1 14507
1 14812
1 26915
0
0
1 13098
0
1 9542
1 5370
1 12077
0
1 11358
2 4126 32079
1 12493
1 5436
0
2 9681 31158
1 13502
1 18676
1 31852
2 20737 25785
1 1031
1 28121
1 25220
4 6489 6675 10719 12543
0
3 6789 26229 32494
1 11506
0
0
2 7525 30430
0
1 15805
1 14267
1 32081
0
4 4699 8284 17560 25422
0
2 8452 19921
0
2 3159 15083
3 5155 9506 18627
1 11899
0
1 20649
0
2 4847 29046
1 7447
1 27000
3 15097 21013 29312
2 10919 18254
0
0
2 5332 13951
1 12573
2 30302 31990
0
0
0
0
1 32019
1 16963
2 14353 31264
1 2786
2 4899 12237
0
2 5882 26580
0
0
0
1 15205
0
3 2213 8417 19794
2 10445 29531
0
1 18187
2 16477 18553
1 1197
3 2631 3792 32218
1 14324
0
0
2 16046 28138
0
1 16035
2 15568 30453
1 926
4 8902 22630 29790 31053
1 9322
0
1 32371
1 28507
1 29720
1 32070
2 16218 28889
1 22500
0
2 10384 32438
1 19546
1 3718
0
2 10220 19989
0
0
1 17183
1 29444
4 2468 10586 12436 20276
1 30543
1 26276
2 13161 15245
1 11997
0
1 14226
1 3206
2 16478 25792
2 18325 26204
1 6243
1 21473
0
1 26537
0
2 10220 31098
1 6890
2 10939 25315
4 6319 11120 12278 30130
1 31150
2 19562 25936
0
0
3 2148 14630 14818
0
0
0
1 2084
1 20575
1 29820
0
0
5 7511 11389 22088 25591 31528
3 14622 15307 20916
0
2 23013 28908
0
2 7825 21376
4 3505 6015 15051 19518
2 8606 14286
2 20250 21130
0
1 27784
2 3799 5250
1 22123
1 29983
1 146
2 5790 6674
1 10938
0
2 10123 29338
1 18185
1 21529
0
2 14771 27500
2 7159 30058
2 14102 23552
0
0
0
0
2 1068 25381
1 10067
2 9406 10451
1 6668
2 31877 32001
1 32195
0
0
3 2058 5943 16164
0
1 24213
0
0
2 21304 22042
1 27148
1 5366
1 17125
2 4218 12005
0
3 10298 16129 24528
0
2 36 8097
1 16448
2 12486 17945
1 13936
3 3554 8203 23167
0
1 22529
1 2905
2 7171 22050
0
3 20363 23019 23530
0
0
1 19223
2 10979 31128
3 3262 24415 24717
0
1 17734
2 6991 26099
0
1 3052
2 12314 27106
2 7701 30690
0
0
2 9894 16379
3 9291 13874 28663
1 5764
1 21482
2 1473 17695
2 11203 29666
1 9518
2 16312 22621
1 28567
0
4 15628 16234 17846 21608
1 15637
1 32078
3 757 1976 27747
3 3830 13869 19850
1 18913
3 13158 18751 28904
2 21009 25863
2 2891 30552
1 28401
1 20657
2 19562 21618
2 7213 15674
3 8552 19375 23302
3 12899 25838 31993
1 31565
2 7531 32364
3 3804 19599 29159
3 8196 16782 18882
3 16149 17976 26442
2 8936 21548
0
2 15360 29162
2 2826 28948
0
0
2 6694 21537
1 21396
2 23386 32474
1 6917
0
0
0
2 811 7555
2 7551 32632
1 691
2 13532 27694
1 19384
2 17794 19961
1 8539
2 12017 30018
1 16137
1 32659
1 27544
1 840
2 3565 5842
2 6234 19296
1 3763
0
2 14177 19340
0
1 512
2 1932 3748
2 426 12479
0
2 85 32680
1 22219
3 6566 17862 20215
4 3484 9739 25882 31922
0
1 30201
0
0
2 28416 32572
4 5437 15643 16894 16915
0
0
0
0
1 19981
1 28451
0
1 5854
2 6514 14921
1 2621
3 20286 22298 31963
4 36 19626 26007 29178
1 32411
0
1 32248
1 24877
0
2 18926 21633
1 8016
1 28580
0
1 4905
2 206 30346
1 18289
2 5397 13100
1 10160
2 17878 28523
1 3115
0
0
1 7515
0
2 6032 30427
0
1 29606
3 7721 17380 17720
2 1190 29586
2 9567 11475
1 26533
1 16420
1 24549
4 1112 2272 10525 12939
1 10678
1 22629
0
1 30252
1 4796
2 12024 29910
0
1 1983
0
1 18303
0
3 30522 32081 32474
0
1 23405
4 6916 15384 17458 28685
1 5619
3 8953 9092 27447
1 7714
1 11290
0
0
0
3 8582 17356 21750
0
0
1 28604
3 9088 17898 31185
2 12455 19153
0
0
0
0
1 2979
2 14984 31672
1 18800
1 11197
0
2 19121 24064
2 3003 24428
0
1 27722
4 7219 14693 18570 27613
0
2 12203 32491
0
0
0
1 24925
3 1602 3293 29220
2 28560 29982
2 7297 13483
1 6273
0
2 15397 29002
1 15556
0
0
0
0
1 31322
2 1323 30564
1 30243
1 2871
2 5087 24901
0
0
2 6888 18098
4 2187 16175 18206 26683
2 20747 25554
1 8549
1 32621
0
1 31132
0
3 6002 12194 28143
0
2 7705 25284
0
1 27397
0
2 13274 18836
2 1262 9595
2 5068 9386
1 22389
1 10203
2 11046 19596
2 13118 21156
1 28441
0
0
1 18008
1 4282
0
2 21313 26943
0
2 12091 23548
5 3183 3713 8090 9629 24949
1 15464
0
1 14148
2 26551 29719
0
2 6807 17083
0
2 28343 31406
1 3098
0
1 10262
1 13215
1 29067
1 21725
1 12058
2 12673 13320
1 17720
0
0
2 9804 21883
1 16043
0
2 207 1432
1 15396
4 432 13177 24161 31626
1 28355
1 5368
2 1685 12672
0
0
0
1 29723
2 8751 22454
0
2 6881 9428
1 29840
3 7444 7556 29913
0
1 13224
1 4401
1 5615
1 23343
0
0
1 3427
2 3520 31194
0
2 16314 25481
1 23146
1 3994
1 13657
2 3504 26666
1 28320
1 21720
1 30454
0
3 580 8434 20849
3 14573 15507 25950
0
2 17420 28181
1 8399
1 18617
2 1857 28684
0
1 17818
0
1 6412
3 8160 22252 27965
0
1 5281
2 833 5232
1 31587
1 16225
2 5578 6809
1 7533
0
0
0
2 6278 29146
0
1 7890
1 1202
1 25372
0
2 22569 23871
0
2 13331 18695
0
4 16930 29118 30891 31611
3 13107 23366 27087
2 756 16902
1 27651
1 24613
0
1 14722
1 8219
0
2 14659 28495
4 8309 11856 16885 24486
1 30412
0
2 17400 25067
1 8974
0
2 5519 18964
0
1 2845
0
1 15960
1 20930
0
0
0
2 7191 12885
0
1 30318
0
0
2 15513 20152
0
0
1 29280
0
3 14631 22868 29825
3 5188 5733 28179
0
3 14981 25305 30180
0
2 8608 11846
0
1 30093
0
1 13380
0
1 22252
2 13215 16624
1 32355
1 28139
4 4328 10321 10789 22173
1 16160
0
1 21507
2 20235 27524
2 14140 22464
2 18570 20788
2 21098 31238
0
0
3 2100 7097 26035
2 5226 8216
0
2 2311 17542
1 27844
3 15439 20707 32089
3 10270 20752 24739
2 595 3112
2 7427 21062
0
4 3332 6917 16691 17806
0
0
1 11771
3 2921 10768 25852
0
0
5 1944 8793 10078 20964 30651
0
6 6404 14986 16030 25116 28413 32506
5 1811 11749 16823 22590 30065
0
1 28324
1 30483
1 29965
0
3 21856 30196 31158
2 28656 28839
2 9787 14861
4 531 6052 7939 22979
1 31770
0
0
2 6834 15904
3 26014 26721 28151
1 4615
0
0
0
0
0
4 10332 17779 18789 19529
1 5681
0
1 23076
1 13125
1 32005
1 29612
1 19374
1 26309
5 2236 13258 27829 29897 31160
2 12237 26736
1 26432
2 12176 19385
1 817
3 2441 5441 18193
0
0
0
2 19806 25843
0
3 78 7311 31347
2 3969 18795
3 7264 25930 28421
3 25352 25894 29636
0
2 13024 24393
1 13047
2 4295 25291
1 18068
0
1 18601
0
2 4566 22997
1 5553
1 9128
0
2 22437 24331
1 30095
2 24572 26528
0
4 1080 11136 18806 23382
2 9779 20519
3 22204 26382 30985
1 12711
3 15941 19310 29711
2 6028 28913
2 27796 31479
0
2 14992 28985
1 5788
0
0
1 7756
1 17002
0
1 30846
2 2333 22868
0
2 1658 28129
2 28014 32729
0
2 13009 17075
2 10943 28609
2 17080 26603
3 18502 20875 31381
1 28095
3 2846 13880 14783
0
1 27090
0
0
1 16078
2 15016 21889
0
0
0
2 9082 14663
4 8224 11624 12246 20852
1 16333
0
3 3199 11832 28678
0
2 22480 26019
3 2329 20761 21273
0
4 5772 11981 14288 22814
2 6755 22748
0
0
0
1 30132
1 15310
2 15377 23578
2 13525 31177
1 11087
2 7353 9965
3 11109 15760 16105
1 21110
4 978 13702 25083 30540
3 18080 19682 31189
1 1698
0
2 6011 29728
2 14564 17509
3 4304 6054 32377
0
3 14144 20987 24468
0
3 16289 24110 28412
0
3 19321 20045 29542
1 10372
1 13112
4 8208 18864 24197 25257
4 5180 5501 15742 27283
1 18606
1 1668
0
0
0
0
0
0
2 1938 18215
2 25767 31326
0
1 29547
2 13713 13792
1 10021
2 7411 17206
3 22895 25978 30790
2 11301 29191
2 2518 27628
1 14261
2 20546 26081
1 15663
1 18736
2 6625 27967
0
0
1 1064
1 3145
2 1364 24891
0
3 626 7764 13191
3 6299 14628 20711
1 31158
1 10063
1 22632
0
2 19697 29562
0
1 13576
0
1 5219
0
1 24589
2 16992 30016
1 26805
1 23083
2 20099 32344
1 20380
2 15185 30210
1 25814
0
0
0
4 4730 10049 24312 29242
1 29405
0
0
1 6931
1 32085
1 692
1 9190
2 28951 30400
1 20227
0
3 2502 9713 16704
1 32397
0
2 2253 22570
3 20334 27019 29818
0
0
1 26660
3 18185 23884 26051
0
0
2 13498 14935
0
1 14809
2 2595 6548
0
0
1 23087
0
2 9466 10432
0
2 16821 20729
5 13302 15098 15858 19471 25737
0
1 2201
0
1 28704
1 26094
0
3 16194 30927 32137
2 12463 20886
0
0
2 4885 8245
0
1 3025
2 2138 32107
1 30060
2 11685 29515
1 22284
1 822
1 20446
2 17961 27321
1 5386
1 249
1 14962
0
0
1 26286
1 14988
1 17276
1 29988
1 20202
1 4565
0
3 5796 25219 27405
0
1 1590
0
0
1 26801
1 17912
1 10719
2 20996 24838
1 9059
2 7662 8175
2 6312 11982
0
2 4606 31654
0
2 3575 5923
2 15267 30483
0
3 6176 13742 32633
1 11978
0
1 32318
1 28167
1 23248
2 9373 23756
1 7071
2 14791 24002
2 27641 29893
2 18744 26611
3 13405 19550 22521
1 22991
1 26273
1 15370
0
0
0
2 2523 32127
3 1108 11023 12380
1 24112
2 23529 31809
0
1 14351
1 20634
3 11045 20621 23742
5 716 3461 18485 19094 23138
0
1 20306
2 7719 15782
0
0
1 7562
1 31731
0
1 8931
3 167 6303 32314
1 4901
2 16176 18280
2 7073 21393
1 10300
1 6644
2 7568 16283
3 3887 7267 8355
2 207 17705
3 6070 11400 30772
0
2 3426 7344
1 7981
4 5414 10444 25159 29709
0
3 2807 9814 13818
3 7012 10761 18221
2 24726 28592
3 1481 3796 7136
1 6469
3 26119 26158 26996
3 274 2208 29430
1 13851
0
1 7700
0
0
2 16209 19759
2 12405 26050
1 10025
0
1 6733
1 23728
3 1269 24322 25120
2 4877 17729
0
1 21995
0
0
2 10682 20289
1 7708
2 18284 20456
3 1609 6036 16850
2 368 19163
2 6690 7293
2 3765 12415
1 5733
3 17453 21932 23317
1 10704
0
1 5817
0
4 1322 6912 11422 31952
2 841 3212
2 8428 14372
1 17192
1 15080
0
1 11120
4 8853 9365 22667 29735
2 2885 4362
0
2 19037 23666
0
1 399
1 20963
2 3349 20557
0
0
1 12309
1 2117
0
0
2 14588 30865
2 2983 9935
1 2350
1 23347
0
1 6290
0
1 9989
1 7479
1 11387
1 1323
2 12747 14410
1 8687
0
3 13578 14792 21368
1 2301
3 21304 23223 25469
2 2139 2674
4 12854 13360 19386 19481
3 1221 1309 17121
0
2 19604 21311
1 1810
1 9477
2 20941 27348
1 1426
3 16945 22580 23157
5 2415 9265 10092 10220 28351
1 13296
0
2 5130 31115
0
1 11179
0
0
1 29502
3 2984 3256 17687
0
2 10666 17637
1 4127
2 12345 30085
0
0
0
1 13712
0
1 6173
2 28693 30879
1 10743
0
3 24802 28933 32743
0
2 13361 17870
0
1 7928
1 4369
1 26707
1 4550
1 13477
1 12430
0
0
3 1890 24774 27177
0
1 16634
0
1 21183
2 1750 4924
0
3 5319 18915 20965
1 154
3 6441 26586 28391
0
1 24869
1 27782
0
0
1 26638
2 8997 10804
2 10468 31426
3 357 6428 24327
1 1839
0
0
0
0
1 29870
0
1 20053
0
0
0
0
3 13367 17586 30766
2 14102 20807
0
0
1 9474
0
1 17559
1 31820
0
1 22623
0
1 15616
1 16670
0
1 16425
3 12221 28256 28873
0
0
1 11114
1 32461
2 21301 29734
0
0
0
0
0
1 15084
1 4151
3 168 17069 20194
1 19287
2 4888 27552
0
1 21235
0
2 27900 29763
1 1271
0
2 21258 31463
0
1 16048
0
1 13873
0
1 25092
0
1 22337
2 23891 28127
1 12811
2 15625 25900
1 21011
2 2268 22018
0
0
0
2 10720 22019
0
1 7761
0
0
2 2794 26114
0
0
0
0
0
0
1 5302
1 9079
0
1 16881
1 27744
1 30031
3 2687 19643 28926
2 8731 14773
2 7893 24825
0
0
3 1210 2645 25697
0
1 31476
2 534 32454
1 22046
0
2 21686 29076
0
1 10873
0
0
0
0
0
0
0
2 5954 32211
1 31557
0
1 13002
2 15027 23000
0
0
0
0
1 24749
0
0
2 13178 22876
0
0
1 8691
4 932 25315 31298 32380
1 580
1 15121
1 8339
0
1 9732
0
1 27953
1 9459
1 3026
1 2111
1 15389
1 3242
2 22670 32685
0
3 24477 28969 32592
1 30610
0
0
0
1 27326
2 13573 24427
1 29911
0
0
1 703
2 1061 4164
0
1 10977
4 2376 4916 24679 26144
3 2483 3925 17796
0
0
0
1 19215
0
2 6698 20268
0
1 5671
2 13825 24083
0
0
1 26044
0
2 13164 19999
1 25150
0
3 7508 13013 19999
1 8609
2 1723 7774
1 849
0
2 7181 18980
2 2919 18486
2 24182 29715
0
1 26551
2 7937 9957
0
1 1718
0
1 20492
1 20844
1 30815
0
1 30396
0
0
1 5911
0
0
1 24341
0
0
0
2 3353 11609
1 17563
1 9345
0
0
1 25738
1 19298
1 28657
1 4921
1 17834
1 11563
1 10079
0
1 15699
1 5549
0
1 17181
0
2 13291 15981
1 22657
4 331 11954 19567 20041
0
0
2 15511 24221
0
0
0
0
2 24820 25199
2 15694 22002
0
1 11439
0
2 12407 21303
0
0
0
0
2 8200 10634
0
1 4567
0
0
1 30551
0
2 5310 13056
1 13791
1 11815
0
0
1 21148
0
1 24098
1 30644
1 19229
1 3011
0
2 20437 25843
1 7814
1 30362
0
0
0
0
0
3 1960 5264 28334
2 27543 28103
0
1 31763
1 13616
0
2 4406 16485
0
0
1 3994
0
0
1 1894
0
2 4091 25747
2 7576 19833
0
0
1 8518
1 24740
0
1 9849
0
2 25836 30758
0
1 24122
0
1 1262
2 7160 28675
1 28362
1 429
1 21429
1 4275
3 586 12981 24797
0
1 28387
2 5039 17212
3 7349 9319 16178
0
1 12988
0
0
0
0
0
2 6486 29522
1 23011
0
0
1 6518
0
0
0
3 2758 12168 25493
1 6756
1 28404
1 29128
1 24144
1 10121
0
0
0
0
0
1 28452
0
0
1 8296
0
1 25869
3 2882 19727 31655
0
1 17487
0
2 7082 25532
1 22746
0
0
2 11051 27167
0
1 14618
0
0
0
0
0
1 31325
2 11551 16395
1 16044
1 7940
0
1 19723
1 9727
3 5044 31477 32640
1 2510
4 2402 3783 18063 24112
2 15232 21606
0
0
0
0
2 7176 16347
1 29744
1 22212
2 30671 32489
0
1 10012
2 2721 19454
3 5657 6969 21739
0
1 22774
1 29063
0
1 5996
1 26288
0
0
0
0
0
1 22318
0
0
3 26535 29945 30441
3 481 3483 8219
0
1 855
1 14143
0
1 27151
2 21192 28605
0
2 14249 19506
1 5380
0
1 6412
0
0
0
0
1 7209
2 5346 16255
0
1 4040
0
0
0
1 26306
2 13164 20727
2 1899 14047
0
1 15371
1 27268
0
0
0
0
0
1 14238
1 31862
0
3 3555 24763 31161
2 2806 11584
1 27190
2 5816 10419
1 26206
0
1 16006
1 31776
1 19151
0
1 27289
0
1 135
1 19087
1 1826
1 26470
1 15366
0
6 8157 12686 15033 24058 24373 24941
1 29928
0
0
2 23403 29709
3 4530 6424 29563
0
0
0
0
2 20945 21634
2 11803 17715
0
1 16987
1 28689
0
2 21232 28396
1 16132
0
0
2 22087 29105
2 1013 18126
0
2 8784 26197
2 15637 20595
2 17074 31384
1 28967
2 25955 28544
2 305 20399
1 5216
1 32399
1 24026
1 294
0
1 10211
1 27224
1 2291
1 26308
0
1 672
0
0
2 6188 21338
2 3940 26983
0
1 20190
0
2 10199 19941
0
1 19892
0
1 8892
0
0
4 11771 17954 18554 27233
0
1 5931
1 6139
1 15394
1 1590
1 5326
2 12354 22108
1 19092
1 15819
0
0
0
0
2 3021 24288
1 21493
1 24952
1 8214
0
4 2608 16331 16661 22688
1 4041
2 18045 27513
0
0
0
1 8682
1 10308
1 23177
1 31121
0
1 20463
2 19137 29848
0
2 15998 24891
0
2 10816 23099
0
0
1 3857
1 7412
3 2620 29398 31961
0
0
0
1 14399
0
1 2250
0
0
1 12117
2 2691 16296
0
2 9051 20025
2 11764 24022
1 28874
0
0
1 1212
1 6112
1 16946
1 28408
1 23469
0
0
1 7495
2 17244 32563
2 12952 13762
1 2770
0
2 17999 28391
2 2455 26091
1 10758
0
2 1882 15822
0
0
1 4879
0
2 14667 20492
0
2 3489 7714
1 23564
0
0
1 11311
0
0
2 3983 16168
0
2 8918 21710
0
3 17296 28184 31337
0
1 14368
0
1 805
2 5425 5583
0
0
0
0
0
0
1 14633
2 27195 30127
1 19274
3 7679 7990 18317
0
0
0
1 1419
0
0
0
0
0
0
1 5711
5 940 7150 7973 13768 16704
2 20266 24919
0
1 25624
0
0
1 31733
0
0
0
1 2272
0
0
0
0
0
1 14411
0
1 20043
3 8051 8397 31961
1 1852
1 21480
0
0
1 13658
1 8028
0
2 27038 28602
2 20250 30911
0
3 1825 21323 31144
2 12410 19280
1 2545
1 10188
1 18343
1 22419
1 13700
0
1 29714
0
0
0
0
0
0
1 23486
2 402 5858
0
0
2 18022 20499
1 24523
0
1 27617
1 14678
0
1 13317
0
1 29826
2 2470 13776
1 5400
2 408 2128
1 29492
1 2935
0
1 1917
0
0
1 17198
1 32742
1 1275
2 19137 27709
0
1 2404
0
2 697 22837
0
1 2179
2 5919 30267
0
0
0
1 27546
1 1042
1 2550
1 21238
1 10983
2 17384 23694
1 20712
0
0
0
2 1666 20637
2 7918 15715
0
1 19220
0
1 11305
2 21010 30192
0
1 17212
0
1 17322
2 10608 12945
4 6642 14632 18640 27415
2 9432 10425
3 6038 10376 30077
1 21358
0
2 16601 23761
0
1 17728
1 5497
2 6407 7286
0
0
1 32671
1 4623
3 13460 19049 29521
2 1149 2017
1 2780
1 19752
2 15864 23132
0
0
1 1187
1 4943
0
0
0
2 9078 11686
0
3 2582 22966 23632
1 31715
2 567 20320
0
0
1 7632
1 6918
3 6140 14930 17976
0
2 21202 21907
0
2 8415 11007
2 20597 24732
2 18134 19036
0
1 7730
2 122 17915
0
0
0
1 6798
1 19715
1 406
1 332
0
0
1 31700
2 849 7483
0
0
2 24199 26508
0
2 3915 12497
0
1 7151
1 14298
2 8540 19627
1 27837
2 13309 21300
1 5205
0
2 8167 16853
0
2 19180 27064
0
1 8309
0
1 28178
0
0
0
2 6161 30946
0
2 17513 24866
0
0
0
0
1 9523
1 2995
1 285
0
1 21886
0
0
0
0
0
1 19580
1 32306
1 24716
0
2 25537 28684
3 15459 29475 29568
1 32011
1 16173
1 28059
1 15623
1 20421
1 14548
1 30929
0
2 18932 20410
0
0
0
3 2924 9960 28752
1 20137
1 28192
1 30881
0
2 8598 12380
0
0
1 25272
2 2431 16305
0
1 28622
1 14792
1 16869
0
0
1 1984
3 11756 12625 22953
2 11788 28471
1 21211
4 6084 11935 16169 16255
0
1 3469
1 32114
0
0
0
1 10768
0
0
0
1 24590
0
1 10214
1 13375
1 15819
2 11479 11945
2 19445 26374
1 31082
0
1 19725
1 13136
2 25431 30533
1 10746
0
1 22601
1 16049
1 11361
1 13496
1 14689
1 23675
1 22205
3 1863 17075 28778
0
0
1 1096
0
0
2 11333 27767
0
2 22568 29536
1 21843
4 10178 11484 17620 27680
1 1247
2 19132 23199
0
0
2 16873 29711
0
1 25732
0
0
0
1 18912
0
1 20156
1 18598
1 1638
3 4970 14407 30536
1 1165
0
1 10243
3 5282 9030 21213
1 4456
1 2329
2 2371 10908
2 5421 15627
2 2395 26736
1 31623
1 12866
1 28471
0
4 1241 9981 17377 27250
0
1 12704
0
1 28609
4 6362 13186 15502 27188
0
0
1 15178
4 2583 9811 18476 28025
0
2 7269 9641
0
0
0
1 13914
1 4110
1 3363
1 1374
0
2 11472 17383
1 13173
0
1 17450
0
3 6370 18277 26772
1 14277
1 32185
1 2287
1 5773
0
0
0
1 11954
1 14746
1 30303
0
0
0
0
1 6145
0
4 31 8558 19758 25804
2 6494 25573
0
0
0
0
3 146 18410 30570
0
2 13059 23711
0
0
1 9212
2 124 794
0
0
0
1 13606
2 10354 24194
1 30334
0
0
2 15279 17998
2 6701 21195
3 9714 17857 32085
0
0
1 20405
1 15046
0
0
1 4797
2 14258 16515
1 15038
1 6295
1 11917
1 10146
1 17731
0
0
1 30535
1 3451
1 29146
0
0
1 7383
2 421 11711
0
1 3642
2 4912 12993
0
1 13814
1 23583
0
1 25745
0
2 77 23361
2 6842 15410
1 8712
0
1 4425
1 6813
5 5534 10213 21338 25821 26108
0
1 13706
1 19345
0
1 27881
2 11109 20666
0
1 1246
0
0
0
2 2694 6406
1 1183
1 285
2 5887 10754
0
0
1 9834
0
1 8124
0
0
0
2 2992 26592
2 6541 19147
1 18345
1 20582
1 27272
0
1 16779
0
1 31116
2 5490 27798
0
1 29722
1 1785
1 10713
0
2 18248 25572
0
1 10919
2 23833 29662
0
2 21682 25438
4 12595 17156 21723 30560
0
1 5037
1 16579
0
0
1 27498
1 32669
1 9342
1 5430
0
1 18393
2 1924 11794
0
0
1 12482
1 10897
3 9086 17591 23557
0
1 19411
1 2698
0
0
2 2941 12266
1 3678
0
1 31320
2 13031 14078
1 460
1 16353
0
2 7788 11118
1 19663
1 22002
0
1 19349
0
0
2 827 4613
0
0
2 11985 32058
1 24476
2 23231 32585
0
0
0
0
0
0
0
1 3810
3 10479 17130 21276
2 11048 25697
1 9446
0
1 3477
0
0
0
1 9427
2 4248 6985
2 16394 23262
2 12339 29775
2 1215 25758
1 10641
3 15593 20613 22383
1 17704
0
0
1 4701
2 7840 11721
0
1 24603
1 11470
1 30651
2 3943 18742
0
2 9750 27262
0
4 20018 25487 25514 32496
0
2 1422 10963
3 18962 21123 30225
1 4611
0
3 3819 9111 9982
0
2 26509 29043
1 13501
0
2 4683 23619
0
0
1 19517
2 7470 15497
0
0
2 16092 20962
0
1 16435
1 18202
2 29203 29435
0
1 24659
1 12194
1 1015
1 28288
0
0
0
0
1 31603
0
0
2 6900 7429
3 4176 10434 14936
2 16492 29249
2 22710 31137
0
1 26441
1 16870
0
2 10171 17768
1 17883
1 16845
0
0
2 10017 16646
1 22743
3 2959 7057 11934
1 11127
1 13895
1 31625
1 24156
0
5 4868 6495 28310 29079 29320
1 6037
2 6254 27061
0
0
1 8639
0
0
0
0
0
0
0
1 14130
3 13448 15135 24400
0
0
2 13500 29585
0
0
0
3 32 2671 3853
0
2 17536 18471
1 9833
0
0
1 6775
0
0
3 347 3657 6731
2 20510 31786
0
1 7667
2 17391 29133
4 6369 24762 28759 31669
4 990 7879 16955 32687
0
1 29200
1 26820
1 29000
3 2728 25328 28193
0
1 19735
0
2 25633 31063
0
0
2 22179 32540
0
0
0
0
0
1 22009
3 9607 10513 14420
2 18348 31764
2 1118 20430
1 32051
1 23758
0
1 1329
1 18216
1 13962
2 3268 11730
0
2 7429 17620
0
0
0
3 4347 7981 10170
1 20687
0
2 5101 11631
1 12807
0
0
2 3419 19815
1 16308
2 14354 24806
0
1 13701
1 3790
1 23430
1 15089
0
2 2962 19153
2 6911 24925
1 6089
0
0
3 15106 18623 25727
1 6442
0
0
2 25873 29491
0
0
0
1 27347
0
1 1682
0
1 27033
0
3 6817 26952 30684
0
1 31428
3 12618 15760 22155
2 23498 32551
1 3924
0
1 25410
1 10262
3 3005 5508 25801
1 27410
3 9727 25943 26451
0
2 13228 28511
0
1 5177
2 13008 21894
2 1765 17538
2 3791 21653
3 653 9227 22422
1 17298
0
2 4224 18153
0
0
1 22783
2 2328 16785
1 10090
3 5933 8749 29355
0
1 3574
1 10199
2 9387 29930
1 7735
1 29060
3 5242 14518 19458
0
1 27165
0
5 1243 12984 22372 26658 31574
1 14655
0
1 17691
1 16379
0
2 15006 30574
1 32084
1 5011
1 31255
0
1 21762
1 3993
2 4364 17037
2 6883 14467
2 23528 31036
1 16001
3 5016 17871 27963
1 23707
1 10698
1 9576
2 10536 20113
1 2036
3 10668 11624 31163
1 10737
2 2372 17745
0
2 698 6705
2 29969 30490
2 16154 19036
0
1 19234
2 3484 13938
1 21429
1 31943
2 2222 31110
0
2 10267 22875
0
1 28216
1 1435
0
0
0
0
2 17606 25446
0
0
1 28823
2 13122 30224
2 10546 25075
1 19301
0
0
1 16893
1 31292
2 5176 26890
2 25747 27830
0
2 4581 32689
2 5636 16635
0
1 25849
3 17460 30142 31977
0
1 26113
1 14798
1 26594
1 27037
1 28485
2 798 32580
0
1 30787
0
1 13267
1 31320
1 26065
1 14140
1 10238
0
1 435
0
1 22284
0
2 2157 8010
0
0
1 14144
0
0
0
2 3068 31131
0
1 17999
1 20419
2 16411 29583
1 17695
2 7980 19670
1 25525
2 8225 21046
1 20072
0
1 6849
1 6402
4 1616 12237 20002 31498
0
0
0
2 5478 26216
1 26449
1 32297
0
0
3 5338 7229 23542
0
0
2 19926 30704
0
1 1614
1 20051
0
2 1038 16508
0
3 6596 26719 27155
1 3611
0
0
1 32686
1 15228
1 19125
2 5529 23416
1 29079
1 7182
1 3880
2 3280 12002
2 887 26136
0
0
1 12552
1 9562
2 3662 4643
1 8627
0
0
1 10547
2 25758 30682
0
2 5981 26088
1 17885
1 821
0
1 22499
0
2 26410 30378
2 25402 29908
1 13851
1 7614
1 25678
0
0
1 22850
1 23175
3 4889 7947 22694
0
2 19557 28161
1 29475
1 2729
1 29726
0
0
0
0
1 17322
1 9337
0
1 25530
1 4621
1 17058
1 14215
0
1 22399
3 21351 29231 30265
0
1 25075
0
0
1 17153
3 9977 11838 27546
2 15050 21071
1 14184
1 15555
0
2 10589 11772
2 6222 31564
1 13256
0
0
0
0
1 7597
0
2 23729 24593
0
1 6026
1 3383
2 15951 31091
1 28895
0
1 10616
1 23855
1 12376
1 19703
1 18506
1 26159
0
0
0
0
1 27776
0
0
2 5571 6110
1 9605
1 22391
1 7780
1 18554
2 16808 22936
1 32409
0
0
1 23692
1 6949
3 85 4130 27205
1 29394
1 14124
3 1649 9373 20029
2 5989 11921
0
0
0
2 19319 26167
0
1 18711
0
1 11040
0
3 5104 5856 24656
1 28420
2 11970 30679
2 19283 20774
0
1 20086
0
1 6837
0
2 26312 32612
0
1 28946
1 23588
1 4034
2 3722 22722
1 4179
0
0
3 688 5940 19658
0
1 4377
2 14593 21913
3 9595 13041 17114
0
1 19883
3 11050 24684 29892
3 2893 5614 32264
1 10489
0
0
3 19906 22971 25426
1 29906
2 11964 20445
2 23132 24564
1 24691
1 10181
1 2621
1 8786
0
1 5353
1 5134
0
1 12422
1 3280
1 15986
0
1 13829
1 21129
2 10888 11149
0
3 17644 20387 32388
0
0
0
0
1 19844
0
0
2 9840 25857
1 10188
0
0
0
1 28575
1 20605
0
0
0
1 27720
4 13514 18253 24509 30904
2 942 8612
2 17091 24536
0
0
1 23420
0
1 8112
0
0
1 7603
1 14346
1 19513
0
1 27066
0
2 6740 9249
1 32414
0
1 31978
0
1 8919
2 675 11812
0
0
0
2 9693 22596
0
0
3 6613 11230 29097
2 76 18565
0
0
0
0
0
1 26079
0
1 3689
3 17868 27277 31534
1 17448
2 9214 25384
1 4616
3 1665 6244 26508
0
0
0
2 14979 31663
3 2381 25116 30757
1 30032
2 3027 12577
0
2 7474 10244
3 4136 11758 26725
0
1 134
1 15788
1 13764
1 27159
0
1 1035
0
1 12123
0
0
2 2182 3451
0
0
2 1804 12555
0
1 23241
0
1 18002
2 23363 29351
0
3 2376 8837 25753
1 18734
0
0
1 25761
3 11691 20769 30143
0
0
0
0
1 11028
0
1 16427
2 4510 8714
3 33 3604 28554
0
2 5841 22159
1 7174
0
2 16265 29001
2 23967 31362
1 29264
1 15688
1 30263
0
0
3 1319 2931 28543
0
1 25561
1 13099
0
0
1 23234
0
0
0
4 657 11037 19339 26728
0
3 1613 18104 27986
0
0
0
0
1 10610
0
3 1753 5861 28013
0
0
1 15909
2 11278 23774
0
1 16755
0
2 12054 14452
0
1 32618
0
0
0
0
0
2 12305 18857
0
2 5277 20819
1 4190
2 9094 32134
1 12293
1 13639
2 29650 29978
1 23279
0
4 6945 16037 21190 22561
0
0
1 10659
0
1 8863
3 9668 16086 28671
1 11188
1 14226
2 11136 18743
1 1453
1 880
2 17861 25106
0
1 5871
1 32634
1 8161
2 14856 22573
3 442 10420 21350
0
1 4904
0
0
1 10548
1 10872
1 30806
2 3887 23964
1 2478
1 31804
0
0
5 4886 7383 14414 15398 32640
1 31745
2 6458 8673
1 15284
1 30814
0
0
2 1535 26520
0
2 10469 27034
0
0
1 26511
3 20577 24432 25846
0
0
2 11526 27039
3 7951 18596 22496
1 30853
2 1061 8551
2 14213 30796
1 8330
2 12959 17532
1 25785
1 11693
0
0
2 1966 31514
0
0
3 2312 3241 12186
0
3 20039 28275 29300
1 15758
0
0
0
0
1 15258
1 30862
0
0
3 14353 19646 20719
0
1 6221
1 6086
2 9312 26020
2 7195 25826
1 9667
0
1 9416
1 29188
0
0
2 11814 21434
2 17477 26653
0
0
3 8046 10430 26585
0
1 287
0
2 10124 23229
2 36 14589
0
1 13195
1 4939
1 29757
2 6703 30164
0
0
0
0
2 20136 23140
0
0
2 18312 25315
2 16744 28685
3 9623 11398 32504
1 21409
1 13
0
1 10163
1 2820
2 26085 31485
1 18747
1 23280
0
0
2 9036 32118
0
1 1017
1 23751
3 3945 7257 20809
0
0
3 8567 13238 32278
1 11873
2 10358 24479
1 17738
0
0
3 682 8997 13451
2 5643 30690
0
0
0
2 27672 28561
2 6043 13041
0
0
0
0
1 472
0
0
1 12194
0
3 3906 13773 21417
0
3 11800 20640 22208
0
2 15526 29718
1 24177
1 22225
1 13022
1 29333
4 7451 8540 10771 28504
1 19831
0
0
1 2896
0
0
1 8924
0
2 25743 31358
0
1 3523
0
1 9311
0
3 5045 8530 23349
0
1 12625
0
2 16246 23832
0
0
1 20711
1 21824
2 11206 26669
1 4623
0
1 26217
3 23140 23558 32403
1 23751
0
1 26769
0
1 31306
0
0
0
0
2 2973 13347
1 29505
0
0
2 13347 23726
2 12094 22024
0
2 15849 16640
1 9698
6 5587 6747 10854 11347 29017 31274
1 19096
0
0
4 14686 14765 20072 26477
0
0
1 32312
3 1818 10961 19133
0
0
1 2091
1 26054
1 10371
1 2259
1 11614
1 1132
1 16484
0
1 10260
0
3 2702 10590 14363
2 22517 25847
0
0
0
0
1 32442
0
0
1 3902
0
1 14602
0
2 7882 25214
1 19369
0
2 3175 11216
0
1 9628
2 12184 19698
1 26666
0
0
0
0
0
1 17207
1 26968
0
0
2 25093 29983
1 18220
1 28932
0
0
0
1 22429
1 16067
1 6473
0
0
2 7005 11416
1 28008
2 23450 23891
1 9317
0
2 16119 20751
0
0
1 1000
1 10405
1 32532
0
2 13403 15330
1 5599
0
2 9671 17060
1 8011
0
0
2 16121 29706
1 26879
1 15152
0
1 6876
3 677 10039 25903
1 15121
1 24296
0
0
2 20132 28360
1 29816
0
0
1 8590
1 9347
3 23250 23682 28490
3 13478 16770 18886
2 28690 29239
0
1 18001
1 20348
1 27523
3 17098 23632 27382
1 5756
0
0
0
1 6298
2 10059 18025
1 29682
0
0
0
2 13240 14263
1 8399
1 3886
1 12820
1 25783
0
1 4541
0
0
0
3 10507 25364 32145
0
0
2 7033 19638
0
0
1 19387
3 10027 15462 32730
1 10524
1 774
0
0
0
0
0
0
2 21005 22647
0
1 28213
0
0
0
0
2 17517 32465
1 16430
1 16364
0
2 189 28831
0
2 5909 30215
1 3368
0
2 16329 24463
1 29232
1 1207
0
0
2 5549 23385
0
0
0
2 20582 24731
1 3188
1 12191
0
1 21978
1 16712
1 8931
2 21035 30451
1 5761
1 29909
3 5668 19445 27503
1 14075
0
0
0
1 10664
1 16975
0
2 7114 22791
0
0
2 3093 30880
0
1 20083
0
2 19513 23702
1 14737
1 16138
3 28349 30554 32415
1 18554
2 21182 29690
0
0
1 2878
1 11701
0
1 8940
0
2 9675 31238
1 12615
2 17698 21686
0
0
2 7435 24745
0
1 19408
2 9880 11091
0
1 1926
1 18649
1 10012
1 30011
0
0
0
1 30232
0
0
0
4 7358 9538 19452 31838
0
1 5016
0
2 27021 30617
0
2 17383 30562
0
2 7998 17715
0
1 25625
2 16931 25232
1 9913
2 9239 23965
2 24489 25787
1 12258
0
0
2 10274 17771
3 434 23241 31170
1 32690
0
1 15901
0
1 10606
3 4778 7880 17656
1 27885
0
1 16858
1 5444
1 8351
1 14514
0
1 13604
1 27230
2 269 1607
3 5779 6054 29785
0
3 18118 18178 27844
1 30078
0
0
3 173 16467 26571
1 25991
2 24484 25721
2 7032 13217
2 6158 17658
1 30658
0
2 2738 28073
1 19357
0
2 3898 22454
2 25494 26103
0
2 2672 17812
0
0
0
0
0
0
1 26687
1 2197
0
1 27689
1 22727
2 10798 22443
0
4 1540 9982 20986 22311
1 1232
2 19023 32611
0
1 10495
0
2 11792 14135
0
0
2 3527 13020
0
0
2 14130 16578
2 18496 27583
1 16219
0
0
0
0
0
0
0
1 10406
0
1 29067
2 12043 29568
2 3465 6542
2 4215 18149
3 4541 25415 27821
2 3242 23891
0
0
2 16878 17671
1 12607
2 8773 19871
2 26689 28800
1 23287
2 949 14238
2 7638 18727
0
3 748 1668 1899
3 22964 23467 29420
1 7848
1 804
2 5524 31764
0
2 27140 30762
1 14237
0
1 22207
0
4 2705 8211 28580 31865
0
1 10184
1 17721
1 16224
0
1 3336
1 26808
0
1 12526
0
0
1 26076
0
1 31884
1 484
1 26086
0
0
0
1 30835
1 11657
1 17074
2 25940 27631
1 21038
2 2506 21804
1 25303
0
0
0
2 7108 11655
0
0
3 14090 15713 18813
0
0
2 12219 27567
1 7039
0
1 3199
0
0
2 16725 31088
0
2 16031 26954
0
0
0
1 14852
2 778 4285
3 7730 25368 28782
0
2 8100 14856
0
1 15232
1 24913
0
0
1 16730
0
1 28392
0
0
0
0
0
0
0
1 24382
0
1 28962
0
0
0
0
1 27369
1 28374
2 5049 20693
0
0
0
1 31662
1 7516
0
0
1 870
0
3 11243 12747 31194
0
1 19563
0
0
0
0
1 3235
2 6733 8995
0
0
1 20844
0
0
1 31152
0
1 12311
1 18054
2 224 13545
2 10292 23568
0
1 30452
2 3487 11619
3 2577 28896 32684
0
0
1 3331
0
2 18564 28957
1 12228
0
0
1 10571
0
1 8157
0
0
0
0
1 3531
1 2056
0
0
0
0
1 11769
2 4047 10500
2 11286 15816
1 14625
1 21824
0
1 5470
0
1 8994
0
2 19632 28211
1 15888
0
0
1 13109
0
0
0
0
0
0
2 3839 7483
1 32073
3 7336 8824 25693
0
0
0
0
1 5630
1 30110
4 2676 5459 18715 27263
1 14193
1 13095
1 28620
0
1 12705
0
1 2042
0
0
1 3898
0
0
0
1 26912
0
3 3971 13694 17812
0
1 11214
0
1 23669
2 25933 29231
1 19099
2 27451 29680
0
2 25315 27067
0
1 19714
0
0
0
1 6536
0
0
0
0
1 7659
0
0
1 9337
1 31628
0
1 8019
1 6457
1 19849
0
1 30040
3 9190 27799 30558
2 2106 6901
2 12000 13632
1 32533
1 4832
1 9638
0
1 17054
2 17796 27273
2 27395 31570
2 1694 18523
0
0
0
0
1 22720
1 19036
2 24515 28609
3 2510 18585 26596
0
1 19380
0
4 10218 12030 15423 29474
1 25164
0
2 8934 21784
2 23847 28895
2 7939 8146
0
1 10333
0
0
1 11969
2 5630 17249
0
0
0
0
0
0
2 17046 31455
3 7003 15726 27993
1 20290
0
0
3 13090 27119 29957
2 5813 9934
0
3 6097 8258 23833
1 25500
0
0
2 20140 29079
0
2 2902 25176
1 22180
2 17940 26922
0
2 2255 6947
1 3775
1 26225
1 31028
1 31385
2 2860 9197
2 16471 17875
1 11869
3 4832 6520 8023
0
0
1 9464
2 8135 23707
2 18633 18639
0
1 215
0
0
1 7639
0
1 24416
0
0
1 6049
2 15596 16502
1 30637
2 8526 22413
0
2 22471 24636
0
1 6811
1 25982
1 3368
1 5331
2 32354 32645
1 26364
3 2733 31581 31748
0
0
2 16104 27019
0
0
1 14387
0
1 1099
0
1 5732
2 27433 30426
0
0
0
1 29773
0
0
1 23157
1 30571
0
1 12248
0
0
1 17027
1 28913
0
0
2 16033 18630
0
1 25951
1 30879
1 3719
3 470 8254 15130
3 18805 23756 32209
1 18831
0
0
0
0
0
2 4058 10500
2 3690 29489
2 5750 9840
1 14920
1 26464
1 12125
1 12129
0
0
0
3 13971 16075 26886
0
1 12675
2 4059 6938
0
1 23967
1 30773
0
1 30565
1 29447
2 28306 30393
1 15948
2 28880 31574
0
0
2 3519 22029
1 14849
0
0
2 18336 20310
1 101
1 32660
3 11351 19187 24691
0
1 347
1 16287
1 3440
1 29636
1 15103
4 1979 13971 28787 31125
4 11231 14255 29839 30216
2 22708 22785
1 2916
0
1 28298
2 7804 20308
0
1 17935
0
2 10159 20032
2 16470 21416
1 12694
2 20397 27940
0
1 442
1 9609
0
1 8663
1 18876
1 12397
0
1 15062
1 16183
1 21384
0
1 31472
0
1 15380
1 29332
0
0
0
1 32507
0
0
4 7140 9363 25973 31178
1 6856
0
0
1 23946
3 18476 21126 25166
1 21475
0
3 2596 16976 29769
1 30013
0
1 23393
1 23069
0
2 6757 18677
1 6957
1 8461
0
1 1927
0
0
2 6893 32035
0
1 14630
0
2 4032 16735
1 19835
1 6159
1 26576
0
1 16203
2 7964 22308
1 9198
0
0
1 17374
1 32697
1 13530
1 24561
1 5273
1 5484
1 21832
2 21556 31897
2 20884 25761
0
1 5682
1 17482
0
0
0
2 4246 31374
3 14967 16478 26993
1 18695
2 2313 26645
1 25196
1 26369
1 29757
1 20820
0
1 13795
0
1 32643
1 30845
1 30393
0
1 29550
0
1 31347
1 31501
0
2 4331 27299
0
0
0
2 25836 32634
1 4029
0
0
1 20963
0
0
2 8043 18029
0
3 11783 29960 30486
0
1 10584
4 6403 8144 17250 17285
1 21321
0
2 4256 8038
0
2 11157 30333
0
1 17540
5 2761 16660 17980 20768 28955
0
1 25837
3 10762 11820 19466
0
1 13621
0
2 2692 9766
0
0
0
1 6050
0
0
1 12068
2 24830 29730
0
0
2 330 5685
0
1 30925
0
1 11227
1 11030
2 134 11666
0
0
2 377 23050
1 2383
0
0
0
2 2900 30570
1 27516
1 23688
2 11006 24058
1 2236
0
1 14208
3 7228 9679 12247
3 8596 25991 28762
0
0
0
0
0
0
0
1 1502
1 21812
0
0
1 20199
1 18603
0
1 3633
0
1 26031
0
1 25279
0
1 14318
2 573 22642
1 15551
0
0
2 3195 21348
0
2 8157 18830
1 5311
1 28836
1 7718
0
2 14755 20238
2 658 10630
0
1 3345
0
1 3429
0
2 17038 19065
0
4 5666 8890 10513 15044
1 8462
3 1402 1601 25248
1 20030
0
3 3780 17557 28246
3 5791 11490 25782
0
0
2 83 20509
0
1 27500
0
0
1 18437
3 1527 15913 19255
1 814
2 22889 28464
0
0
1 5637
3 11785 15532 20075
1 27656
1 30396
1 632
1 4930
0
1 19390
2 3116 13723
3 1924 23140 26008
0
1 14415
1 26791
1 26858
0
0
1 29810
0
2 5850 14770
1 302
1 10706
0
1 27165
1 1511
0
1 28405
0
1 1390
1 13720
1 21918
0
1 8954
1 30455
1 10919
2 25627 26133
0
1 19007
2 1119 20103
1 8823
2 26342 32328
0
0
0
1 5083
0
3 17793 29764 30595
2 22771 25349
1 16835
2 20198 29276
0
0
2 12238 20347
1 19311
0
0
1 26046
1 17658
1 26811
0
1 28803
1 16991
0
0
2 18708 22412
1 27884
0
2 17710 27079
0
2 18249 29829
1 10638
2 3417 8792
1 30247
0
2 8652 28336
0
0
0
0
2 15860 22176
2 106 9719
0
1 9400
0
2 19726 24710
1 223
0
1 12729
1 21812
1 9034
1 28927
0
1 24022
0
0
3 10415 11120 27155
0
0
1 15811
2 11378 21039
1 9969
0
0
2 9565 16051
1 29208
2 24283 27316
0
0
2 2518 15372
0
1 32502
1 8133
0
1 26712
2 22120 29720
1 8512
1 5331
4 4652 8401 27135 30021
0
4 236 6530 17408 28927
1 19849
0
2 18207 23420
3 21442 23153 30479
1 24709
0
1 20782
1 24406
1 15083
3 14879 15711 27328
2 5543 19113
1 14574
3 14344 29569 30833
1 21271
1 18798
2 9357 27007
3 1410 23235 32236
1 12444
2 7586 22895
0
1 28122
1 16574
2 7102 31532
2 3210 11300
0
2 2606 32175
1 28415
1 12318
0
0
4 3782 9207 27208 31269
0
1 27425
2 20990 23018
1 1968
0
0
0
1 622
3 10516 14155 23656
2 5378 32243
2 7796 8399
1 21794
1 19641
1 24227
1 19173
2 5398 32587
1 26524
0
1 14518
2 10482 30739
1 2179
1 23899
1 21869
0
0
2 4755 7750
0
1 11357
3 3292 3962 31627
1 27458
1 6703
1 20499
1 28249
3 2706 6980 24322
0
1 11232
0
1 8858
1 823
1 20503
2 17043 23044
0
1 30847
1 24735
0
1 11192
2 25361 30544
0
0
1 4744
1 4921
0
2 22371 26906
1 17958
2 9775 10056
1 22622
1 19834
0
0
2 20506 26020
3 4778 30718 32172
1 6042
0
1 15527
1 9181
1 22982
0
2 281 24213
1 29045
0
1 6556
0
0
2 6423 7363
1 19648
3 8128 11869 26374
0
1 14440
2 3178 18152
2 8549 22433
1 29189
0
2 4115 9999
1 28731
0
0
0
1 5235
1 5321
0
2 12223 27881
1 6649
1 5856
1 5302
0
2 10668 12289
0
0
1 28959
1 20399
2 11436 29484
0
2 944 6449
1 6295
3 5781 10858 24828
1 9619
3 10111 11402 20114
2 8382 23754
1 29753
0
1 15174
0
1 8076
0
1 21718
2 14191 24324
2 7069 19704
0
0
1 19688
1 2267
2 3205 18524
1 27017
2 2331 26121
1 3042
2 1701 17231
0
3 8667 21517 22028
1 32646
0
0
2 26658 32468
1 10175
0
1 22586
2 23989 23994
2 9475 17018
2 13842 14047
1 1773
1 31427
1 22215
2 2705 10987
1 32060
2 5537 12084
0
0
1 9917
0
0
1 12899
0
0
1 2758
0
1 28318
2 7027 24953
0
0
1 25736
0
1 27853
0
3 1597 24328 29378
1 12196
4 4672 19919 28825 31976
0
1 316
0
2 11957 23126
1 23615
1 18641
0
4 2108 9061 23635 32201
0
0
1 19424
1 26549
1 11416
0
1 30384
0
1 31670
1 21104
0
4 9821 10933 26508 27067
1 25559
1 18829
0
0
2 11819 19402
1 32622
2 12234 14200
3 5463 23363 23515
1 2982
0
0
2 16256 26059
1 21793
0
1 30090
2 24633 28141
2 10437 24210
2 25681 29893
1 22243
0
2 20047 32153
0
0
1 21339
2 17770 30004
0
0
4 641 5102 15086 28285
0
1 28041
3 16195 19886 22432
0
1 10570
1 20364
1 6454
1 27743
0
0
1 26135
1 1031
0
1 4419
0
1 6140
1 2902
0
0
0
0
0
0
1 24977
0
0
1 5264
1 21880
1 3903
0
1 593
0
5 256 13270 19254 20835 26594
2 4649 29049
0
2 211 27638
2 3788 9310
0
3 17114 20200 29095
1 31450
2 13329 32737
2 16617 20687
2 16858 26371
0
1 13090
0
0
1 23565
1 25576
2 11326 18248
1 3039
3 1205 15336 17406
1 17037
1 12526
0
0
1 21590
0
0
1 31605
0
0
0
1 3946
1 5280
2 7727 7757
0
0
2 5301 25798
1 20216
2 4513 10374
2 30061 30368
2 1912 18773
2 17639 26989
0
0
1 31455
0
1 14982
0
2 4263 27412
1 30757
1 8459
0
1 8104
1 30214
2 8276 17056
2 22701 27194
1 27817
2 4746 12229
3 1758 1844 15801
1 11704
2 10854 30132
2 27091 31015
1 7182
1 23994
0
1 26958
2 12049 18557
0
1 28027
2 11341 29114
2 6863 14493
0
0
0
1 27541
0
2 12164 30065
0
1 17057
1 10039
0
1 4229
1 22361
1 11302
0
0
1 28939
2 20902 22800
1 10711
0
0
1 904
2 10252 11436
1 26603
0
0
1 10793
0
2 11555 24223
0
0
1 21756
2 16521 27125
0
1 15484
2 13493 15715
0
2 11233 26937
1 1282
0
0
0
2 17851 31195
0
1 5221
1 15611
0
1 24767
0
1 2719
1 15328
0
0
1 20627
0
2 23948 25688
2 24547 27027
1 24972
1 23295
0
1 20118
0
0
2 1292 12254
1 12116
2 15897 29582
2 1463 1513
2 4960 21909
3 5784 21068 21388
1 23780
2 1708 25416
1 15536
0
1 17834
1 23167
2 2797 23313
2 9760 27052
1 2385
1 28447
0
0
1 18332
1 18850
1 18362
1 1852
2 8268 26627
2 25682 29565
0
0
2 6684 23463
0
1 2601
1 29701
3 1523 11101 27231
2 25721 28309
2 4952 31297
1 26798
0
0
3 4624 9559 24988
2 11175 25571
0
1 719
0
1 30281
2 15564 19898
1 31722
1 11597
1 1329
1 15557
2 16464 20796
0
0
2 6769 18267
0
1 17040
0
1 28809
0
0
2 7231 8136
0
2 3198 26944
1 26872
2 23279 23581
1 17048
1 5592
1 20257
0
2 14203 19951
1 32070
1 19861
1 26055
0
3 9118 24834 27226
0
0
2 10602 30791
1 6293
0
1 3012
1 15838
2 12281 18153
0
0
0
1 17027
0
1 6877
1 21475
3 472 994 29245
0
1 28234
0
1 32685
0
1 11890
0
0
2 4163 25031
1 3196
2 12297 16965
0
2 14648 24139
1 4798
1 29399
1 636
0
1 3190
2 12865 30883
0
0
1 25100
1 18186
3 1431 5059 17509
1 31670
1 10206
0
2 7124 11489
2 3158 9244
0
1 28226
0
0
1 12944
0
2 9788 11401
1 23532
1 23811
2 6597 13976
2 18531 21020
1 5588
1 609
0
2 3252 32353
3 22823 24861 26828
1 17010
3 8167 9662 19826
1 4041
2 22120 32665
0
1 26170
3 16422 21513 22191
1 9393
1 19341
1 23771
1 15929
0
0
0
1 30930
0
1 31162
1 19669
3 576 5019 27046
2 6543 20916
1 30485
0
0
3 11929 12356 19423
2 20752 20851
0
2 11498 26920
0
1 18061
2 6319 7634
1 20198
1 25999
0
0
0
0
2 1823 29754
1 24078
1 24816
2 5183 12581
0
0
0
1 29101
1 12514
2 22412 25316
1 31860
2 7722 24810
1 25245
1 7933
0
1 6424
0
2 10939 12330
3 479 15980 24058
1 8902
1 2080
1 3353
0
0
1 24713
3 4654 24508 27133
1 13495
0
2 16286 22436
1 10192
0
1 23342
1 14260
0
0
1 15629
1 20801
1 22808
0
1 24477
4 6457 6531 26607 28642
0
1 2911
1 15671
0
0
1 20807
1 18826
3 15393 18675 31201
3 7994 22875 23468
1 31900
1 27813
0
0
0
0
2 28269 28870
0
0
0
2 17584 27662
1 17373
1 8057
0
1 10515
1 3708
1 13786
0
1 25071
1 866
1 25701
1 22392
0
1 16353
2 17130 18867
0
0
1 9122
0
1 25590
1 18263
0
0
0
0
0
0
0
0
0
1 27993
0
2 589 28281
0
1 7238
0
1 32751
0
0
1 1382
2 20491 31791
1 22106
1 23541
1 31441
1 14989
2 1479 5643
2 11425 18852
1 9719
0
1 7390
1 15768
1 18664
1 32276
2 523 21174
3 13999 18059 19705
2 9055 30422
0
1 20666
2 7417 24663
1 19249
1 8117
2 10887 21015
1 9135
0
0
2 6591 12908
0
1 24232
0
0
0
3 3331 27228 31470
3 2909 26306 27597
0
4 4523 22493 26805 27990
0
3 12395 17167 31762
0
1 20212
1 23471
0
0
3 2604 7451 28216
0
2 13158 15299
0
2 826 10703
1 20490
0
1 23648
0
1 6501
1 22243
1 18112
0
0
2 2962 30492
0
1 24361
0
0
1 21956
0
1 7456
1 32372
2 4819 20309
0
4 1729 7820 14309 22606
1 25325
2 5403 12054
1 23613
2 19903 29521
1 7743
0
0
0
2 7628 10796
2 8499 23523
2 20629 24546
1 25450
2 1526 7253
1 25815
3 4427 4987 19463
4 1387 3623 16582 27471
1 2461
0
3 17803 19620 27323
1 1064
2 252 26903
0
0
1 450
3 15625 24575 31093
0
1 19165
1 32369
0
0
1 4902
0
0
0
1 865
0
3 21696 26679 31225
1 29808
0
2 25713 26623
2 12327 30962
1 24114
1 3435
0
2 17793 25023
0
0
1 31852
2 2386 12095
1 7136
0
2 4829 16710
0
0
2 8146 10361
0
0
3 15106 17909 24140
1 2778
0
0
3 11661 21611 25778
1 27403
0
0
0
2 5873 12126
0
0
0
0
0
2 23236 25264
1 16525
0
2 31051 31780
1 16156
0
0
1 5725
1 30552
0
1 28181
0
3 10182 20035 22635
0
1 20965
2 13601 18231
1 4189
3 16855 19784 23424
3 4196 12491 17475
0
2 7003 12346
2 13136 15395
1 32364
1 31437
0
1 106
1 24902
2 329 21782
1 23433
1 12329
2 14355 20408
1 10857
1 3770
0
0
0
1 10102
2 17188 22649
2 1568 16628
2 3914 28698
1 4477
1 5696
0
0
0
1 1659
2 15676 23739
2 4707 23241
1 22965
1 715
3 2355 7927 12800
2 15925 31073
2 23151 26355
0
0
2 21913 30353
1 26286
1 16849
0
2 18826 30235
0
1 17877
1 30580
1 8033
1 18203
0
0
2 12749 14994
1 23666
3 2242 24779 26429
2 27519 29481
2 2018 20424
3 9765 23185 30497
0
1 17
0
3 950 10910 21754
2 11395 15235
0
3 9009 23875 26930
3 8771 18133 26759
0
0
0
2 241 25235
1 4879
0
1 21469
0
1 5082
2 24235 30707
2 14827 20551
2 25373 27064
0
1 19907
1 29364
0
0
1 24199
0
1 4910
0
0
1 29311
0
0
1 31896
0
1 28206
0
0
0
0
0
2 12026 25373
1 16315
2 7464 26660
1 27786
0
1 14298
0
2 13757 27161
0
1 20015
2 12396 28313
3 2700 18245 32629
0
0
1 4477
1 1052
1 6899
0
1 8964
2 7827 24873
1 28453
1 22500
1 11461
0
1 32264
0
2 20368 30930
0
0
0
2 12533 24279
0
0
0
1 29922
0
1 3640
0
3 4888 10565 18955
2 10872 14402
2 10753 17281
0
1 624
2 8598 10718
0
1 9655
1 30079
1 7845
2 11207 20986
0
1 14554
0
0
1 35
1 8134
3 8362 13993 29158
2 740 23431
0
0
0
0
0
2 398 12850
0
3 4340 18799 23598
5 12145 19678 22987 23317 27781
0
1 32460
3 15284 24684 32512
1 15048
0
0
1 22209
0
0
1 21670
0
1 11658
1 19254
1 32219
0
0
2 13773 30873
2 28774 31360
1 30932
0
2 22780 31217
0
0
0
0
2 2245 21070
2 17038 26945
1 31276
1 25540
2 7920 11582
1 31499
2 3877 21386
1 1056
1 30866
3 9432 14814 25948
1 13991
0
0
2 13941 31648
1 22249
0
0
1 9375
1 1200
1 12441
0
3 2630 10551 14766
1 836
1 26974
2 11837 14641
2 9896 29252
1 31348
1 17243
0
2 1315 27067
0
0
0
0
3 353 440 3803
2 12231 29290
1 27185
0
2 4161 5757
1 24971
0
1 26938
0
1 856
0
2 7443 18106
0
1 23088
3 13228 16491 26696
0
2 821 1376
2 26451 29585
1 18225
2 3330 7537
2 16038 26991
1 13989
1 617
1 9571
1 21148
2 540 20327
1 8570
0
4 1245 7163 8604 16766
1 15558
1 5897
1 12259
0
0
0
2 13071 14413
2 513 17861
2 4693 14140
3 13023 13705 22013
2 7602 20603
2 3833 26934
0
2 1908 11745
0
1 25884
1 15628
2 22872 25865
1 17770
3 1180 9653 22624
2 17206 32715
0
2 8280 26473
0
1 26268
0
0
0
0
1 32729
0
3 661 11516 17436
2 15720 24105
2 21151 28053
2 3726 8096
2 13241 14945
0
1 26939
1 11351
3 10164 18421 22402
0
1 29410
0
3 6308 20406 32217
0
1 28480
0
0
0
2 5455 32575
0
0
1 14991
1 23123
0
0
3 1642 23246 32127
1 30278
0
0
0
3 1369 9595 23169
1 21818
0
0
0
1 26981
2 18002 22155
1 16416
1 2923
0
0
1 28966
1 3296
2 18378 30782
1 26330
3 5559 23036 27529
0
1 18166
3 23011 27425 30912
0
1 18405
1 20474
0
2 8741 25912
0
2 15606 28327
2 7038 11608
0
0
3 5608 16755 16975
1 340
1 395
2 21364 28564
1 25952
1 22910
0
1 27710
0
1 13291
0
3 14528 15485 18994
1 1053
0
3 17699 24671 27824
0
1 23550
1 24741
1 7139
1 10170
4 7166 10942 20546 25346
1 12126
3 8512 28669 31568
1 1491
3 509 13851 32360
1 5513
2 1395 30343
0
1 16759
2 8003 20052
4 5848 9215 15240 25072
0
0
0
0
2 12056 27304
2 13042 28405
0
0
1 16798
1 32642
1 5079
0
2 19034 30657
1 28830
0
0
0
1 203
2 5357 20860
1 21441
4 10027 11870 19213 19808
0
2 13148 29411
1 31603
1 21417
2 30617 31400
0
1 8265
2 8235 10664
0
0
1 18704
0
1 29677
0
0
1 15949
2 1207 27716
0
1 22346
2 712 2561
1 5792
1 10547
6 2217 5776 20587 25845 29931 30979
0
2 8160 31098
1 32377
0
0
1 1353
0
1 32151
1 4427
0
2 805 959
0
0
0
2 10701 17846
0
0
1 1867
0
3 12570 17303 22622
3 9249 14767 16923
3 8616 20618 26100
3 5508 12801 18250
1 24170
1 24660
0
1 32343
1 4816
0
0
0
0
0
2 2780 10055
1 19674
0
3 30386 30801 32575
0
2 5835 8777
4 1695 25666 29254 31795
0
1 19464
2 7945 11913
0
1 17086
0
1 5490
2 3039 5839
1 27667
0
1 15928
1 18928
1 12211
0
2 1303 15443
1 17825
0
0
3 18719 25420 27630
0
1 7920
4 2704 6004 20957 22724
1 32632
1 21871
1 3509
1 21610
0
0
1 25287
1 27836
0
2 12662 16208
1 9875
1 28460
0
1 10065
1 5644
1 25403
2 1929 11428
0
2 2218 23050
1 27763
1 20450
0
1 8251
3 2034 13397 15744
1 4252
0
0
1 1029
0
0
0
1 22002
0
0
0
3 1108 18489 19980
1 20079
1 29819
1 232
0
2 5660 28561
1 25395
1 11328
0
1 21659
1 11191
2 25961 32013
3 22819 26703 30406
2 11814 26562
2 18055 31521
2 3876 29120
0
2 18355 22625
2 8989 10133
3 3872 6416 6514
0
0
1 15530
0
0
0
0
0
2 4267 32571
1 6154
2 4141 8373
0
0
1 28106
2 22602 29221
0
1 19947
0
0
2 981 28923
1 4228
1 20031
3 7415 18722 23598
2 16048 22912
2 5515 7454
1 1396
0
1 28983
0
0
0
2 28598 31238
0
0
0
1 14772
1 10189
3 746 14935 25167
1 9277
0
2 14996 15601
1 4769
2 2614 3725
2 19355 23688
1 8024
1 26900
1 25355
0
0
0
0
1 28411
1 16697
1 24732
0
3 3147 8556 20527
2 14582 28879
1 17390
0
2 279 26620
0
1 15934
0
0
2 5545 19977
0
1 13046
0
1 24330
1 15063
1 20325
1 23345
0
1 32467
1 21249
1 28168
0
3 16386 18820 22385
1 10790
0
1 2558
0
0
1 4399
0
1 13895
0
3 7277 17899 21881
1 9153
1 5710
0
0
0
0
1 30288
0
1 15232
0
1 22596
0
2 13569 24509
0
1 9124
1 31613
1 17208
1 31305
1 24345
0
1 10671
0
1 20364
0
2 5378 32134
1 3388
1 23912
0
1 7353
0
1 14950
1 25836
1 5612
1 25467
1 2036
0
3 24665 27648 28145
0
1 24140
3 4812 14276 19396
0
0
0
2 8966 18763
1 30693
0
0
1 23098
0
0
0
0
0
0
0
0
0
2 26689 31493
3 17581 20426 24129
0
1 7982
1 30088
0
1 32628
1 1153
0
2 15744 24200
0
2 10146 20189
2 8719 16963
2 11911 12011
1 5116
0
2 799 19718
1 26177
2 6725 22885
0
2 17201 17273
0
3 13471 14319 32047
0
1 20143
1 18010
0
2 13661 27346
1 24104
1 9840
2 15468 22589
1 18225
1 21972
2 24146 25453
0
0
1 3237
1 32338
1 10746
0
4 2909 9593 18934 28656
2 21952 31996
2 5022 25578
0
1 4286
0
0
0
3 7259 11909 32733
0
1 26579
1 12079
0
1 27178
1 7172
1 27983
0
3 1571 11947 24828
1 23238
0
2 12371 24923
1 2939
3 6207 8373 13678
1 28924
2 23410 26306
0
1 31756
1 26562
3 5076 9442 24600
0
0
1 23616
0
1 7537
3 440 1682 14114
0
1 9808
0
0
2 24953 26626
0
3 11040 15462 30967
1 4314
2 2017 32660
0
1 22345
2 18374 18419
1 18511
1 26801
1 6927
1 7157
1 24760
1 14056
1 26171
2 20599 28077
1 27422
1 12469
1 13131
1 17549
2 26371 27595
0
1 4078
1 5855
0
3 859 3966 18142
0
0
0
2 6533 29070
1 24574
1 24519
0
1 22732
1 27467
0
1 13172
0
0
3 1457 8763 12831
0
2 13514 24189
2 22293 23508
0
3 10730 27340 32411
0
1 5027
2 2355 24842
1 12393
0
1 26936
4 1517 17112 19931 30119
2 540 5971
1 4268
2 8333 23122
1 7910
1 31665
2 2507 5913
1 23456
0
1 17483
3 9916 20229 25223
0
2 3884 14668
2 18753 31590
0
1 10337
0
0
1 6363
3 1314 4178 21692
1 22809
2 23639 26199
0
2 7522 23524
3 9223 27767 29607
1 31671
0
0
1 8969
0
0
0
2 15764 25721
1 1138
1 6006
0
0
1 1371
1 7979
0
3 3783 9977 17875
1 7749
2 379 13279
0
0
0
2 25327 30537
3 14871 19752 27367
0
1 20
0
0
2 2488 2547
0
1 1805
2 1967 7258
1 12980
2 2410 22475
1 11427
1 20807
1 17808
0
0
0
1 26112
0
2 15876 20515
0
0
0
3 7152 16670 17523
1 23950
1 9482
1 31986
1 14394
1 31329
1 5679
2 24751 28233
0
1 18167
2 20076 20783
0
0
1 645
0
0
2 2194 12063
1 26957
3 3697 13549 18333
2 1232 31988
0
1 22761
0
1 26178
0
0
2 26644 32613
1 29477
1 7467
1 213
1 31223
0
1 21148
1 13653
2 18728 26771
1 18970
2 14916 16258
3 21880 25658 28935
3 641 9059 29601
0
2 12835 13457
2 3275 21589
2 20222 26398
0
0
0
1 2949
0
1 12490
1 5577
1 27542
0
1 3557
2 2699 3557
1 3673
1 28357
1 21101
0
1 18844
0
1 14330
1 18521
4 13573 16887 17905 20240
0
1 2884
0
1 12503
0
1 24226
2 2700 25758
0
1 17203
1 5741
1 1339
0
1 15919
0
1 4267
2 12601 29931
0
0
0
0
1 14016
1 20335
1 6069
2 5123 17250
0
1 8794
1 4041
1 12129
3 20731 25667 29146
0
0
0
0
1 1184
2 10540 21630
1 2105
4 372 9714 10789 15777
1 12055
0
0
1 22026
1 10570
3 15307 17402 21152
2 10111 14281
2 3137 25905
0
2 16082 22245
2 2878 7192
0
0
0
0
1 25898
0
0
1 19235
1 3314
0
3 6064 26758 30747
0
1 16653
0
0
0
1 5719
1 4125
1 29227
0
0
0
0
0
0
0
0
1 22083
0
2 21550 31330
0
2 14536 28491
0
2 834 4741
2 3407 31038
1 25032
1 22516
1 7705
1 19920
0
1 19385
0
1 20938
0
3 2979 16411 28343
1 23512
1 20587
0
1 23175
1 8793
0
3 8931 16199 28351
2 24396 29622
1 15222
1 9043
1 16963
2 13068 23951
1 4155
2 1233 6782
0
3 8044 14501 26955
1 28992
1 30568
0
1 6331
0
1 32756
2 1848 17590
0
1 10048
1 4485
1 3525
1 14773
0
0
2 26967 29616
1 420
1 7085
1 18568
0
3 6521 11881 13066
1 16165
1 17561
1 9192
0
1 22121
1 32546
0
1 23423
2 15582 23743
3 13296 13358 29634
1 9889
0
2 707 4600
0
0
0
0
0
1 4017
2 5457 30511
2 10728 12481
2 27253 29552
2 4665 27549
0
0
0
2 24229 26338
3 1381 7504 13529
1 6556
0
2 10840 21473
2 3568 19586
0
1 12984
0
0
0
3 3344 24800 29719
1 16067
4 4841 8803 16349 31368
1 9903
0
2 9651 19426
0
1 16054
1 11663
0
1 1209
0
0
2 11545 25937
3 6176 6797 30239
2 1370 4739
1 30366
1 14995
0
2 722 12238
0
1 13142
0
1 32640
1 29840
3 1037 6534 15922
1 7399
0
2 2809 20172
1 13356
0
1 5280
0
1 24571
1 11524
1 2106
2 5825 20385
1 32038
1 12163
0
2 3342 8151
2 7213 26693
0
0
0
2 12683 27710
0
1 15914
1 4638
0
0
2 17432 20848
2 19261 20833
1 24405
2 8656 25626
1 30548
1 25749
0
1 9368
1 32734
0
0
1 13367
1 14380
1 11039
1 16350
1 4556
1 12088
1 6104
1 28835
0
1 14561
1 22501
0
1 5791
0
2 5719 17750
0
0
1 24553
1 16356
0
1 6627
1 31229
2 1556 18116
0
2 8046 14459
2 5372 12511
0
2 9657 12111
3 884 3272 27054
2 2285 9108
1 32126
0
1 12062
0
0
0
1 9623
2 9532 23422
0
0
1 26935
2 16739 26160
1 25024
1 22672
1 2045
0
2 843 32328
0
0
0
0
2 22251 26265
0
0
0
0
1 3170
0
0
2 28679 29596
1 15059
3 16127 18821 27068
0
0
1 17770
1 11660
0
2 20198 29065
0
2 12598 25236
0
0
1 5718
1 24688
0
0
0
1 27551
0
1 2224
1 18792
1 26083
0
1 21796
1 1215
1 17301
1 11773
0
1 25322
0
0
1 10805
2 29731 32726
0
2 14346 32261
1 24453
1 12229
0
1 2848
1 20782
0
1 8768
1 7511
2 5662 31367
0
0
0
0
0
1 30671
1 14008
4 778 25080 29767 30032
0
0
2 5794 6180
1 13304
1 309
1 23355
0
2 927 11374
0
0
1 8284
2 22763 31600
1 17678
0
1 1786
0
0
0
1 23706
3 211 11921 15169
2 7944 27675
2 2349 26324
1 23490
0
0
0
2 12874 30133
0
1 22637
3 7814 13828 18602
1 7468
0
1 1740
1 26758
2 3647 14724
0
0
1 21571
0
0
3 15840 26939 27284
0
2 1509 15816
2 5769 6397
0
0
1 1628
2 19487 19973
1 26173
0
0
2 23609 24875
3 4837 29034 32230
5 11863 13675 22926 25893 29769
0
2 26984 29813
1 20921
1 293
0
0
0
0
1 19828
0
1 26461
0
0
1 22281
1 7831
2 1405 32631
1 10569
0
4 4221 5334 16948 32339
2 22216 25300
2 19222 22170
1 19627
0
0
0
2 27791 28313
1 11801
1 12460
1 14111
0
1 1225
1 10661
0
0
0
2 5554 17867
1 8917
2 2836 2880
1 29893
1 25191
1 9532
1 31600
1 1285
2 21344 24645
0
0
1 19065
2 8981 16919
1 29844
0
1 27828
0
0
1 14451
1 20673
0
0
0
0
0
2 18093 32693
1 25474
3 5517 7969 20266
0
2 5579 30844
1 5160
1 26015
1 339
4 2185 6572 17501 26447
2 7976 23265
0
1 16370
0
2 13359 16501
1 5637
1 2737
1 28232
1 18798
0
3 20017 21325 26436
0
2 2477 30892
2 3862 17223
0
1 14912
0
3 535 6089 30489
0
1 28539
0
0
2 18629 32724
1 15348
0
2 9458 27603
1 21621
1 9144
1 6290
0
3 8178 19937 26794
1 4226
1 3453
0
1 23711
0
1 30820
2 355 430
1 31309
2 2782 4339
1 2462
0
1 10075
0
1 6881
2 1823 25145
2 17392 28112
2 3165 12777
0
1 29867
1 4530
2 5150 11276
0
0
0
0
1 19790
1 6561
1 18586
1 13387
1 21569
0
0
1 1077
2 23810 32678
3 932 14193 25388
1 14701
2 16748 32731
2 14996 16105
0
1 15860
0
2 12423 25256
1 27032
3 2998 4676 29343
1 20407
0
3 224 3275 22366
2 691 22305
1 22348
0
1 20264
0
0
1 2652
1 2555
0
1 24665
2 1017 3780
1 21481
1 23416
1 22311
1 30817
0
1 25987
2 5383 30697
5 344 9010 11294 12747 24555
1 20101
3 6229 7351 24614
0
1 11778
4 7847 20147 25397 30541
0
3 5836 23948 28855
0
2 16072 18702
0
2 18455 30664
1 14058
0
1 22856
0
0
2 3506 16960
1 22979
1 19528
1 30571
2 18794 30441
2 10816 31221
1 23500
0
2 6803 25549
1 4813
1 12730
1 9749
0
2 9143 17021
2 3460 12923
1 28129
0
1 17457
0
1 18687
0
2 23734 30833
0
2 8360 14989
0
1 25408
0
0
1 22050
1 13187
1 15731
5 1492 9198 9932 23108 29668
0
0
2 2230 3446
0
0
0
4 16540 19740 23284 28257
0
0
2 10160 29367
0
1 4022
0
2 20471 23573
0
2 9037 9960
0
0
1 12895
0
0
1 20009
0
1 4094
1 27003
0
1 663
3 3027 8065 28475
2 2826 9782
1 9296
3 5362 6333 15384
1 8942
0
1 10090
0
0
1 26413
1 720
2 797 30275
1 13676
0
1 22443
0
1 12682
1 26074
1 7457
2 2405 27177
0
1 515
2 11650 16239
2 13482 17461
1 4934
0
1 29168
0
0
2 23513 31444
1 22416
1 22318
0
4 13221 13928 19594 32414
0
1 24523
1 21027
1 15089
3 15559 23639 31242
0
1 24475
3 18252 25813 26924
1 3533
2 22543 26152
2 9053 13196
0
0
3 16720 22568 22583
0
1 2271
0
4 12993 13833 28841 32024
0
0
0
0
0
0
2 9482 22120
0
0
0
0
0
0
1 29140
1 16429
0
4 4089 8903 10828 19728
4 1494 4129 4886 12445
0
3 2045 9249 31681
0
1 26831
1 564
3 17381 23912 29681
0
0
3 13382 16096 24125
2 24714 29883
2 1821 11496
1 11033
2 1890 2726
1 29669
0
0
2 27231 27481
3 10208 15336 16937
0
0
0
1 104
2 6888 22904
1 5825
1 18979
2 221 10066
0
1 17022
0
1 19557
0
1 541
0
1 5873
0
1 17226
0
1 25398
1 10226
1 17497
1 24986
0
0
0
2 9004 21554
1 7215
0
0
0
1 31693
1 18300
1 29129
1 20524
0
0
3 10695 13052 14632
1 15998
2 19641 29693
0
0
1 20652
1 22828
2 2744 25845
2 16513 26796
1 19407
0
0
0
0
2 12587 27691
1 28313
0
1 30958
0
2 2852 16738
2 6017 15996
0
1 26969
1 31830
0
1 22147
1 24488
2 5645 28340
3 10062 15724 20177
1 25801
0
1 3640
1 7758
1 21249
0
0
1 1248
1 19250
2 542 11654
1 7512
1 11818
0
0
3 8013 24618 27295
0
0
1 23027
1 14920
0
0
0
0
1 31758
2 18433 25244
1 8762
0
0
0
0
0
0
1 11069
1 15634
1 13846
1 22888
1 4761
2 23666 24249
0
0
1 20896
1 21765
1 3495
2 18671 26865
1 13311
2 22288 26328
1 23237
3 16321 18035 23296
3 14059 22734 23843
0
0
0
2 19582 29594
0
1 27994
1 2523
0
2 843 18152
0
1 7059
2 1937 7366
0
0
1 21494
0
0
0
0
1 31738
2 26533 30823
1 24714
0
1 12994
1 1378
0
1 31722
0
3 12345 13351 31036
4 5841 30933 32077 32519
1 19335
0
1 15978
0
3 9921 13163 19547
0
1 24040
4 5238 9701 24469 25697
1 18447
0
0
0
1 23837
1 24520
0
2 6197 24347
0
0
0
0
2 13408 23408
1 10951
2 7070 23426
0
0
1 17836
1 4562
2 20896 30031
1 27178
1 7588
2 8835 27182
2 4614 30796
1 19911
0
2 4632 5866
2 1094 26605
2 18581 32387
3 630 12066 30003
0
1 30021
0
2 1661 18529
0
2 16480 26272
2 11414 17521
1 27544
0
1 13239
0
1 25003
1 13415
0
1 7759
0
0
1 6158
0
1 5574
1 2520
1 24662
0
1 1922
0
0
0
2 6435 22154
0
1 8469
3 7565 11650 32316
4 656 21934 27884 31411
0
1 27153
0
1 29764
1 3846
1 12253
1 16246
3 6722 24555 31808
2 4050 29831
0
2 23927 25432
1 842
1 31643
0
1 14157
0
0
0
2 2010 24594
3 2485 28898 31841
2 5610 31600
1 29107
1 19636
0
0
0
0
0
1 11217
1 27414
0
1 811
0
0
1 19116
0
0
1 10643
0
1 25485
0
2 10984 16158
0
0
0
1 7364
0
1 11597
4 4999 16315 20250 30510
2 21563 26619
2 14535 31653
2 26634 28379
2 9203 19437
2 14101 14516
0
1 12980
0
0
0
1 9163
0
0
0
1 20070
0
1 2831
1 20487
2 9047 9126
1 21412
0
0
1 29694
0
0
1 6159
0
0
1 5108
0
2 2248 4073
1 32240
1 8442
0
1 18716
0
0
0
0
0
0
1 21735
3 22061 23384 28058
1 27817
2 10610 29987
0
2 16996 24851
1 11661
1 13665
1 6822
3 13764 20122 26937
0
1 16484
0
0
0
2 11863 16733
2 14197 23343
2 2370 29870
0
1 32072
1 21344
1 31486
1 8197
0
1 31947
1 14907
0
1 6399
1 21644
2 10089 25352
3 14302 18923 31426
0
1 27101
0
0
0
0
1 5353
0
1 16370
2 23124 29983
0
0
0
0
0
0
0
1 8194
0
0
0
1 27326
4 1507 9845 15023 16270
1 31612
3 9553 14584 21652
1 18456
0
0
4 1294 8543 13058 26440
1 8042
1 2098
0
2 6503 29024
4 1542 21102 24480 28428
2 4633 24030
0
1 10696
2 1411 23591
1 30723
2 1028 20745
0
0
0
0
1 9139
1 10966
1 16614
0
3 4028 14188 27869
2 1599 4843
0
0
1 19828
0
0
1 684
0
1 14803
1 32377
0
2 7610 12869
3 2271 19019 20772
2 9512 24764
0
0
3 6236 18906 30368
0
2 5850 13074
2 24889 29742
1 30441
1 14022
0
3 13734 16079 25634
2 9142 13544
0
0
0
1 15780
0
1 24287
1 30031
1 31729
0
1 13640
3 2151 22572 31620
0
0
1 14554
0
1 29840
0
0
0
0
0
0
1 30638
1 14832
0
1 12695
4 54 1948 8776 20005
1 15249
0
1 17194
1 12459
2 25492 28522
3 7216 26375 27924
1 18663
1 7254
0
0
1 12523
0
1 17730
2 16905 24723
1 25058
0
1 724
1 4819
0
1 24144
1 30486
0
2 24465 24714
1 1935
0
1 21212
0
1 30375
0
1 21254
1 1517
0
2 785 9037
3 2224 15180 30056
0
0
2 154 16329
1 30434
0
0
1 4867
0
1 26305
0
0
0
1 18199
1 7132
0
1 11811
0
2 469 4663
2 12361 13001
0
2 8733 26172
2 26672 30273
1 28677
0
0
0
1 24469
0
0
2 882 19309
0
2 9703 20668
1 5790
0
2 4617 25354
1 2431
2 14993 22574
1 29092
0
1 18417
2 22405 26254
0
4 19667 19945 24969 31541
2 98 29723
1 13395
1 3120
0
1 28654
1 20831
0
1 17492
1 11407
2 7936 22381
1 25654
1 17108
1 9509
2 13455 14725
2 6930 9435
0
2 20576 26080
1 27164
1 4913
0
1 12504
1 22114
0
1 31347
1 21409
2 17755 23550
2 1675 30032
3 10989 15874 26736
2 1990 25370
0
1 26612
1 29967
3 4061 13740 18289
1 4341
1 1559
0
0
1 16994
2 8670 25984
1 29861
1 12382
1 16118
2 17705 29482
1 27204
1 25472
0
1 12135
1 4134
1 21921
1 12354
1 8358
1 29982
1 31156
1 29506
1 8938
1 10390
1 11454
0
4 9701 17667 20604 29985
0
2 16978 22460
1 13258
1 5307
1 5030
1 31612
1 17350
1 19100
0
1 5834
0
0
1 7051
1 20476
0
1 18666
1 10743
2 1324 1740
1 10729
1 6947
0
0
3 4405 10771 29427
0
1 21207
1 29842
1 16567
1 13002
3 2024 8050 27840
0
0
1 8815
0
2 28492 29939
2 678 10256
2 9830 12728
2 652 25333
0
1 201
1 28377
1 662
1 4757
0
1 30000
0
1 23457
0
1 19112
0
1 31011
0
3 30445 30640 32278
1 16786
0
0
0
1 15129
1 24626
1 9382
1 27710
2 12694 15029
0
1 14661
2 13112 13713
0
2 23916 24804
4 200 16197 18693 18895
0
0
0
0
2 1309 30610
0
3 3086 17551 23541
0
1 15801
1 31263
1 10521
1 5630
1 31892
0
0
2 8260 26764
1 23584
1 10402
0
0
4 439 1500 29238 29897
1 25961
1 18862
3 5229 14963 20716
1 19152
0
1 22706
0
1 9929
1 9914
1 10972
0
0
1 28834
3 5769 19715 26911
2 13698 15583
1 9482
1 31639
0
0
1 21043
1 594
0
0
2 14684 27277
1 21724
0
0
1 26677
0
2 10912 19943
1 876
1 16371
2 7771 20998
2 348 11119
0
1 3574
1 24601
2 27767 29117
2 1664 26506
0
0
2 9981 13404
2 22842 26539
1 12256
0
0
0
1 5296
1 23566
0
2 7771 15689
1 20863
1 26622
1 650
2 22357 32323
0
1 7263
2 2340 19081
0
0
0
1 18858
2 25204 28799
0
2 2913 20610
1 13919
1 637
0
2 245 23967
2 678 3593
2 16027 25719
1 29009
3 15193 18543 30495
1 28151
0
0
0
0
0
1 1058
1 25370
2 13637 30368
1 7195
1 26453
0
0
0
2 13604 15894
1 13156
0
2 12271 27739
1 16280
1 4873
2 13414 28403
0
1 30225
0
1 11076
0
0
0
1 8949
1 6324
0
2 21368 22545
1 4138
1 29078
3 19392 19779 27046
0
0
1 25629
0
2 3472 27389
0
0
0
1 22492
1 32501
0
1 12853
0
1 19134
0
2 16892 26013
3 1714 11082 31760
1 1969
3 10463 21647 26347
0
0
1 32466
0
1 29610
1 24719
0
2 4199 27312
0
3 9840 10524 13490
2 22294 29060
1 6496
0
1 5882
0
1 17856
2 6695 10291
0
1 14782
1 4379
0
0
1 11981
0
0
0
2 13528 13991
1 26343
0
1 13539
1 17142
0
1 19651
0
1 19085
3 5021 24377 27866
0
1 16353
0
2 4133 20343
2 5215 21891
1 8494
1 3333
0
1 28570
0
0
1 13447
1 2143
2 1148 20334
3 4924 13533 22846
2 11454 32414
0
0
0
0
3 5048 16178 28477
1 6506
0
1 30787
1 23287
2 13030 19680
0
1 30892
1 6035
1 6928
0
0
1 14433
0
4 2449 10910 23628 30350
1 26748
2 121 18287
0
1 29697
2 7512 16052
2 12848 31031
0
1 3916
0
0
5 7916 9974 11462 15021 31453
0
0
1 15704
1 12137
0
0
2 5494 18262
0
0
0
1 30433
0
0
1 22950
1 30208
0
0
0
1 21331
1 8838
2 15649 24426
0
1 3960
0
0
0
2 14260 17305
1 11056
0
0
0
0
1 21788
0
2 4581 6945
0
0
0
0
0
1 24517
0
1 27633
1 11233
0
2 9540 10314
0
1 15794
0
2 21854 29187
1 26608
2 1665 19261
1 16382
1 2085
3 15735 22224 22535
0
1 27272
2 14036 18913
1 6930
1 29743
1 18728
1 28594
0
0
1 18027
2 12826 16547
0
0
1 14010
4 1342 3885 6901 31665
1 10761
1 29227
3 7257 13129 13289
0
0
1 15490
1 16806
1 13905
3 3651 26972 28542
1 24441
2 12350 31997
1 3115
0
1 27126
0
0
0
1 27524
1 29012
0
0
2 2877 17543
2 8036 17986
0
0
0
0
2 2252 27518
0
3 554 3132 28819
1 14983
3 7485 17711 30677
0
1 11098
0
0
0
3 5478 11927 22644
1 8419
1 3069
0
0
1 11425
2 26011 27712
0
0
0
1 8848
1 28817
0
0
1 31835
1 31310
2 5302 12795
0
1 5182
0
0
0
0
0
1 27437
2 18664 28251
5 933 10165 13572 29919 30963
1 4625
2 13603 22595
1 11306
0
0
1 13651
0
0
2 7805 17714
0
3 7986 12274 23402
0
1 27586
0
1 10930
2 15441 16037
0
0
0
1 11718
1 9074
0
1 8514
0
1 19191
0
2 9195 13344
2 4960 14124
0
2 5343 14306
0
1 21187
0
0
1 15364
0
1 22688
1 4548
1 14377
1 26760
0
0
1 1162
1 5741
1 21402
0
0
0
1 11482
0
0
1 13644
2 2662 26888
0
0
1 31776
1 29457
0
1 27723
2 8919 13762
0
2 25174 25400
1 13954
0
0
1 19523
4 20482 20842 20953 26613
1 20482
1 9952
0
0
1 32159
0
2 5551 11717
1 16558
0
0
0
2 18597 24310
0
0
1 20980
1 7455
0
0
0
2 3511 21601
1 20240
0
1 8410
2 9462 29547
4 1279 15486 19068 25097
1 9178
0
1 24142
1 24574
2 7943 30076
0
1 21843
0
1 31444
1 32209
1 29936
1 30665
1 6430
0
0
0
0
2 15864 26843
1 29115
1 30321
0
2 21443 25518
0
1 16198
1 20577
2 6214 18631
0
1 4447
1 24374
1 2136
0
1 8780
0
1 2330
1 32344
3 805 14023 19470
0
1 21210
3 16380 16812 23206
0
1 2674
2 3858 11092
1 11540
1 19907
2 23506 31841
0
0
1 5440
1 30811
2 8126 25411
0
1 6194
4 12324 19488 25587 31231
2 6038 19285
1 30453
0
0
1 5080
0
0
3 10392 29299 32266
1 18206
0
3 8607 17241 26151
2 4301 31204
1 24224
0
1 13966
0
0
0
3 20359 22209 24570
0
0
3 480 8926 28865
0
2 654 8570
2 9700 30682
1 8774
2 17961 32146
1 1672
0
4 13572 16176 29199 30322
0
0
1 16158
1 1709
3 14977 29877 31458
2 5864 18949
0
2 2388 23846
0
2 19045 22431
0
0
1 55
0
2 8923 16258
3 5250 31873 32238
1 4235
0
0
2 2956 22829
2 21332 25280
2 6829 17677
2 14375 26033
1 32516
1 7320
2 2301 12834
0
2 12503 21904
1 24707
0
1 2731
0
0
0
0
0
0
1 21796
0
0
1 14280
0
4 6458 11453 32344 32383
1 1832
3 17049 24063 28588
0
1 18062
1 10499
1 10862
1 29441
2 8204 18270
0
2 8292 26155
0
3 17994 18277 19225
1 22963
0
1 14649
2 4541 7979
1 17605
2 10149 30610
1 19995
1 21623
1 20013
1 30424
0
0
0
1 30841
0
0
0
1 11595
2 3840 25219
0
0
0
0
0
0
1 17126
1 21436
1 8121
0
1 22952
1 5053
1 6076
1 20428
2 25135 30988
1 23574
1 9613
0
0
1 2622
1 19771
2 2452 27305
3 10844 19365 29240
0
0
0
1 29521
0
0
3 9296 15649 28235
0
2 8807 26597
0
2 17482 30146
0
1 14342
2 12940 20588
0
2 8839 31461
1 32678
0
3 24943 25491 30116
0
2 14949 16515
1 11515
1 11510
0
3 6623 13336 25512
0
1 3655
1 10449
1 26242
3 13541 22973 24185
1 19591
0
2 14449 14728
1 11303
0
1 10548
3 10627 18569 20395
0
2 10819 24839
1 19139
0
0
2 9211 16681
0
1 8163
0
1 29252
1 436
1 1251
0
2 2274 14624
1 5387
1 17492
1 8176
2 517 14665
1 7271
0
0
4 2001 13014 26810 30301
0
1 12053
2 3591 29161
0
1 14671
1 10450
0
0
0
0
1 28210
0
0
1 4530
1 18204
4 1354 15193 17800 21370
1 15433
0
0
1 5147
3 5059 10618 31346
0
0
3 1641 1799 19404
2 14260 15851
1 20902
0
3 10866 20771 26268
1 11707
0
0
0
0
2 10374 22233
0
0
0
2 2338 28801
1 29522
0
2 8191 14819
3 5379 29233 30000
1 32021
0
1 5774
2 1425 3527
1 3257
2 7786 8066
0
0
1 8795
3 4391 14708 14953
0
1 23289
2 12030 16076
0
1 9528
3 12989 18323 29629
0
0
1 5027
0
2 22336 32707
1 4243
3 12075 13291 15192
0
1 15764
1 22711
0
0
1 27145
0
2 2524 31348
1 4765
0
0
0
5 823 3723 10420 12791 29017
1 13816
0
0
1 2155
2 1045 12219
1 23093
0
1 10275
1 19365
1 26671
1 32688
1 8002
0
0
1 29172
1 10023
1 15423
2 9664 11356
0
0
0
0
1 19020
1 13950
2 1381 18780
0
0
1 26178
0
3 19369 25263 26390
2 11392 26112
0
2 14400 31692
1 31259
2 14419 23539
2 2137 24436
1 16713
1 24015
0
0
2 3705 31761
3 2995 13111 16386
2 3551 27661
2 10054 32551
0
1 19029
1 31912
2 3446 10714
0
3 20400 20526 30473
3 3430 5554 28552
0
2 27528 31412
2 9480 13355
1 25363
0
0
0
2 7529 8569
0
3 16322 16355 22814
1 1262
2 1130 3737
2 709 22136
1 20567
1 5839
0
0
1 30712
2 3654 27090
1 22798
0
1 19010
0
1 27759
1 17123
2 12246 25883
1 14483
0
3 9203 11407 20084
0
0
0
0
2 4356 19682
1 30771
0
0
2 5196 25317
0
1 13324
2 15320 29852
2 10622 16115
2 18912 20634
1 8247
1 3745
1 16359
3 368 5394 23568
2 10189 19761
0
3 15556 19876 26698
0
0
1 31725
3 447 4725 13724
1 12381
0
2 7331 10386
3 2267 6679 8508
0
1 19509
1 988
1 6964
2 4649 12375
0
1 16612
0
0
1 11916
0
2 2827 22599
0
2 18226 32672
0
1 26470
1 13499
2 22981 24692
2 1137 30528
1 14252
0
1 16574
1 27641
0
0
1 28768
0
0
0
1 22697
2 12215 27744
1 26926
0
0
3 412 2297 21625
1 23471
1 22480
0
1 1580
0
0
3 17840 18693 32328
2 7104 12815
2 181 25938
2 2989 11893
1 62
1 30280
1 25839
1 7306
1 30497
1 15610
0
2 1170 29338
1 13983
0
1 23468
0
2 7080 22962
1 19420
0
1 19166
0
2 16465 31956
0
0
