470
466
465
463
462
460
459
458
457
454
452
450
438
437
436
433
432
431
428
427
421
419
418
417
416
414
413
405
404
403
402
401
399
397
396
394
390
387
380
377
375
372
369
360
357
352
350
347
343
326
324
322
316
314
312
309
308
307
306
304
303
301
299
298
296
287
285
283
282
280
279
277
271
269
268
264
259
257
253
252
251
247
246
243
242
239
238
237
236
232
231
229
228
221
220
218
216
215
214
212
211
210
208
203
202
200
199
195
194
193
191
190
189
187
186
184
182
180
179
177
175
174
171
168
167
166
164
163
161
158
156
154
141
138
136
135
131
130
128
126
125
124
123
122
121
118
117
114
111
108
107
101
98
93
89
86
71
70
67
62
60
58
57
56
55
54
53
51
50
47
46
45
44
42
41
39
36
34
32
31
29
28
25
22
21
20
19
15
10
9
7
6
3
2
1
4
5
8
11
12
13
14
16
17
18
23
24
26
33
35
37
38
40
43
48
49
52
59
61
63
64
68
69
73
74
75
76
78
81
82
84
85
87
88
90
91
92
94
95
96
97
105
109
110
112
113
115
116
119
120
127
129
132
133
134
137
139
140
143
145
146
147
148
149
150
151
152
153
162
165
169
170
172
173
176
178
181
183
185
188
192
196
197
198
201
204
205
209
213
217
219
222
223
225
227
230
233
234
235
244
245
248
249
255
256
258
260
261
262
263
265
266
267
270
272
273
274
286
288
290
291
292
294
295
300
302
305
310
311
318
319
320
328
329
330
331
332
334
335
336
337
338
339
340
341
342
344
345
346
348
349
351
353
355
356
358
359
361
362
363
367
368
370
371
373
374
376
378
379
381
382
383
384
385
386
388
389
391
392
400
406
407
408
409
410
411
412
415
420
422
423
424
429
430
434
435
439
440
441
442
443
444
445
446
449
451
453
455
456
461
464
467
468
469
471
