19004
19001
19000
18991
18989
18986
18984
18980
18969
18967
18966
18965
18961
18960
18957
18956
18948
18946
18944
18943
18942
18941
18940
18935
18933
18931
18930
18927
18926
18923
18922
18921
18918
18917
18916
18913
18911
18910
18909
18907
18905
18904
18903
18902
18898
18895
18894
18893
18891
18890
18888
18886
18885
18884
18883
18878
18877
18876
18875
18869
18867
18866
18865
18864
18863
18861
18858
18855
18854
18853
18850
18849
18846
18844
18841
18834
18832
18829
18827
18826
18825
18824
18823
18816
18814
18809
18806
18804
18803
18801
18798
18795
18793
18792
18791
18787
18786
18783
18782
18781
18780
18779
18776
18775
18774
18772
18767
18765
18763
18762
18761
18760
18757
18756
18754
18752
18751
18750
18748
18747
18746
18744
18742
18741
18740
18739
18736
18735
18734
18733
18729
18725
18724
18723
18722
18721
18720
18719
18718
18717
18715
18714
18708
18707
18706
18703
18702
18698
18695
18693
18690
18689
18687
18686
18685
18683
18682
18681
18680
18679
18678
18677
18671
18670
18667
18666
18665
18664
18644
18642
18639
18636
18633
18617
18612
18611
18609
18602
18596
18593
18589
18588
18586
18585
18584
18576
18572
18570
18569
18565
18562
18560
18559
18558
18557
18556
18555
18550
18549
18548
18547
18546
18544
18542
18541
18540
18538
18515
18512
18510
18509
18507
18506
18503
18501
18499
18498
18497
18496
18494
18487
18481
18479
18477
18476
18474
18472
18471
18470
18469
18467
18466
18464
18463
18462
18461
18456
18453
18451
18450
18449
18446
18445
18441
18438
18435
18433
18426
18425
18422
18420
18419
18416
18415
18412
18411
18410
18409
18405
18402
18398
18396
18394
18393
18391
18389
18388
18387
18383
18380
18377
18373
18372
18371
18365
18360
18357
18353
18351
18350
18347
18346
18345
18343
18342
18339
18338
18337
18334
18333
18331
18330
18317
18315
18310
18308
18306
18303
18300
18299
18296
18294
18290
18289
18287
18282
18279
18278
18277
18276
18275
18271
18269
18268
18266
18265
18258
18256
18254
18249
18248
18246
18245
18244
18243
18241
18240
18239
18235
18234
18233
18232
18231
18228
18226
18223
18219
18217
18215
18214
18211
18210
18206
18205
18201
18200
18197
18194
18193
18192
18190
18189
18187
18184
18183
18182
18175
18170
18168
18164
18160
18157
18156
18154
18152
18151
18150
18149
18148
18147
18146
18145
18144
18140
18138
18136
18135
18134
18131
18130
18129
18128
18124
18122
18119
18118
18115
18113
18112
18110
18108
18106
18105
18104
18101
18100
18099
18098
18093
18091
18090
18089
18086
18085
18081
18080
18074
18073
18066
18065
18064
18030
18021
18017
18016
18014
18013
18009
18007
18004
18001
18000
17996
17994
17993
17992
17991
17990
17984
17982
17981
17979
17974
17971
17970
17969
17964
17958
17957
17956
17954
17953
17951
17946
17944
17938
17937
17936
17935
17934
17932
17930
17929
17927
17926
17924
17923
17921
17915
17913
17910
17907
17902
17901
17900
17897
17895
17893
17892
17890
17889
17887
17877
17875
17874
17872
17869
17868
17861
17859
17856
17852
17850
17847
17846
17845
17844
17843
17842
17841
17840
17833
17832
17829
17828
17827
17823
17822
17821
17819
17814
17813
17812
17810
17808
17807
17806
17805
17803
17802
17801
17799
17798
17796
17795
17794
17792
17790
17789
17787
17786
17785
17784
17783
17781
17779
17778
17776
17775
17773
17772
17766
17765
17764
17762
17760
17759
17757
17755
17752
17749
17748
17747
17746
17743
17740
17739
17734
17731
17730
17729
17727
17725
17721
17720
17718
17717
17712
17711
17708
17707
17706
17705
17702
17701
17693
17691
17690
17688
17686
17685
17683
17681
17679
17676
17675
17674
17671
17670
17664
17663
17659
17656
17653
17651
17650
17649
17647
17643
17642
17641
17639
17637
17634
17625
17624
17623
17621
17620
17619
17618
17617
17614
17613
17609
17606
17597
17596
17595
17593
17592
17590
17588
17587
17586
17585
17584
17580
17578
17577
17576
17575
17574
17567
17566
17561
17560
17558
17555
17550
17549
17546
17544
17543
17532
17530
17529
17527
17525
17523
17521
17519
17515
17514
17512
17511
17510
17507
17506
17504
17502
17499
17498
17496
17495
17494
17492
17491
17490
17489
17488
17487
17486
17485
17484
17483
17482
17481
17480
17474
17471
17470
17467
17466
17462
17461
17456
17455
17454
17453
17452
17451
17450
17448
17446
17444
17440
17437
17436
17435
17434
17431
17429
17428
17427
17426
17425
17423
17422
17420
17419
17418
17417
17415
17411
17410
17409
17405
17404
17402
17397
17395
17391
17388
17369
17367
17364
17363
17361
17358
17356
17355
17352
17350
17348
17347
17343
17341
17339
17338
17336
17334
17332
17330
17329
17328
17325
17323
17321
17320
17316
17313
17312
17311
17308
17307
17305
17304
17303
17302
17299
17298
17295
17289
17285
17283
17282
17280
17275
17274
17271
17270
17269
17267
17264
17260
17256
17255
17254
17252
17251
17249
17243
17240
17238
17236
17235
17225
17221
17219
17215
17214
17213
17212
17209
17208
17206
17205
17203
17202
17199
17198
17196
17194
17190
17187
17186
17181
17166
17162
17160
17159
17158
17157
17155
17153
17149
17148
17147
17146
17143
17141
17140
17139
17138
17134
17132
17130
17128
17125
17124
17116
17114
17112
17111
17110
17109
17106
17102
17101
17099
17098
17097
17096
17095
17092
17043
17040
17039
17036
17034
17029
17028
17026
17025
17024
17023
17022
17019
17016
17015
17014
17013
17011
17010
17009
17006
17005
17001
16998
16996
16994
16991
16989
16988
16987
16986
16985
16983
16980
16979
16978
16976
16973
16970
16966
16964
16961
16960
16956
16954
16952
16949
16947
16944
16943
16940
16939
16935
16934
16929
16928
16926
16925
16924
16923
16922
16919
16918
16917
16915
16913
16911
16909
16908
16904
16903
16902
16901
16898
16896
16894
16893
16892
16890
16888
16887
16886
16885
16884
16883
16881
16876
16875
16874
16873
16869
16868
16865
16864
16863
16857
16854
16852
16851
16846
16843
16842
16840
16839
16838
16836
16835
16834
16831
16830
16828
16823
16822
16821
16814
16811
16810
16809
16808
16802
16799
16794
16790
16789
16785
16784
16783
16782
16781
16779
16777
16769
16766
16764
16762
16761
16758
16757
16756
16755
16753
16752
16751
16750
16749
16748
16746
16745
16733
16726
16725
16724
16721
16720
16719
16717
16710
16709
16708
16707
16702
16701
16698
16695
16693
16690
16688
16686
16684
16683
16682
16680
16679
16678
16677
16676
16673
16672
16670
16668
16664
16663
16662
16661
16659
16658
16655
16654
16653
16652
16651
16649
16648
16641
16638
16629
16625
16624
16623
16621
16618
16617
16614
16611
16608
16605
16604
16602
16600
16598
16597
16596
16594
16593
16592
16588
16586
16584
16581
16580
16578
16577
16576
16575
16573
16570
16569
16568
16563
16562
16561
16559
16557
16556
16555
16554
16552
16550
16548
16541
16540
16539
16536
16535
16534
16533
16530
16529
16527
16523
16522
16520
16519
16517
16513
16512
16511
16510
16508
16507
16506
16504
16503
16501
16500
16499
16498
16496
16495
16494
16493
16488
16486
16485
16483
16482
16478
16477
16474
16469
16468
16467
16466
16465
16463
16461
16459
16457
16455
16454
16453
16447
16446
16444
16443
16442
16440
16436
16432
16421
16419
16418
16416
16414
16413
16412
16411
16410
16404
16401
16400
16398
16397
16388
16387
16386
16383
16380
16378
16377
16376
16375
16374
16373
16364
16358
16356
16355
16348
16335
16330
16329
16327
16325
16322
16318
16317
16312
16310
16307
16304
16298
16297
16296
16292
16290
16289
16287
16285
16284
16273
16272
16271
16269
16268
16267
16266
16262
16261
16260
16259
16256
16255
16252
16251
16250
16249
16247
16244
16239
16236
16233
16229
16223
16219
16211
16210
16209
16208
16204
16203
16202
16197
16195
16194
16193
16192
16185
16184
16183
16182
16181
16180
16178
16177
16176
16175
16174
16172
16170
16168
16166
16165
16163
16161
16158
16157
16156
16155
16153
16151
16150
16148
16147
16146
16142
16136
16134
16133
16132
16131
16129
16128
16126
16124
16122
16119
16118
16116
16114
16113
16112
16107
16105
16104
16103
16101
16100
16099
16096
16094
16093
16092
16089
16086
16082
16079
16076
16075
16074
16071
16069
16060
16058
16053
16052
16050
16049
16046
16043
16042
16041
16039
16038
16037
16033
16030
16029
16028
16025
16024
16023
16014
16013
16012
16008
16007
16006
16004
16003
16001
16000
15998
15997
15988
15986
15983
15982
15979
15977
15976
15973
15971
15970
15968
15963
15962
15960
15959
15958
15957
15955
15954
15952
15950
15949
15946
15944
15942
15939
15936
15929
15926
15924
15923
15920
15918
15916
15913
15911
15910
15905
15903
15900
15899
15897
15896
15895
15894
15893
15891
15886
15884
15883
15880
15879
15869
15865
15863
15861
15859
15858
15856
15854
15853
15851
15849
15848
15847
15846
15845
15838
15837
15836
15834
15832
15831
15828
15826
15824
15823
15822
15821
15820
15818
15817
15816
15813
15812
15811
15809
15806
15804
15803
15802
15801
15796
15795
15792
15791
15790
15789
15788
15787
15785
15781
15779
15777
15774
15773
15772
15771
15770
15769
15768
15767
15765
15763
15762
15757
15756
15754
15753
15741
15740
15738
15737
15733
15731
15728
15727
15723
15720
15717
15716
15715
15713
15711
15710
15709
15705
15703
15702
15701
15700
15697
15696
15694
15692
15691
15689
15688
15686
15685
15683
15680
15678
15671
15670
15669
15661
15655
15653
15646
15645
15641
15639
15638
15637
15635
15634
15633
15630
15629
15628
15627
15625
15624
15623
15618
15617
15616
15612
15609
15608
15605
15604
15602
15601
15596
15595
15592
15590
15588
15587
15586
15580
15575
15573
15572
15571
15567
15563
15562
15560
15557
15554
15553
15550
15549
15548
15545
15542
15541
15540
15530
15529
15528
15526
15523
15518
15517
15516
15515
15514
15513
15507
15505
15504
15501
15497
15489
15485
15484
15483
15482
15481
15477
15475
15474
15473
15463
15462
15460
15450
15449
15445
15442
15441
15439
15437
15435
15432
15431
15430
15429
15428
15426
15425
15422
15421
15420
15417
15413
15412
15410
15409
15407
15403
15402
15401
15399
15396
15395
15390
15389
15387
15385
15383
15381
15380
15379
15367
15366
15364
15363
15362
15361
15360
15359
15358
15357
15351
15350
15349
15348
15344
15341
15340
15339
15338
15337
15336
15335
15334
15333
15332
15329
15328
15327
15324
15322
15321
15320
15317
15316
15315
15313
15312
15306
15305
15303
15302
15299
15295
15294
15293
15292
15291
15290
15288
15287
15283
15282
15277
15276
15275
15274
15271
15270
15267
15260
15259
15257
15254
15253
15251
15245
15244
15240
15238
15235
15233
15232
15231
15230
15224
15222
15221
15213
15212
15209
15200
15198
15197
15196
15195
15194
15186
15183
15182
15181
15180
15179
15176
15174
15163
15159
15156
15155
15151
15150
15144
15143
15140
15139
15137
15136
15135
15134
15133
15132
15130
15127
15126
15125
15124
15122
15119
15118
15116
15111
15108
15106
15104
15101
15100
15099
15098
15097
15090
15089
15074
15073
15070
15069
15066
15064
15063
15062
15061
15057
15056
15055
15054
15053
15052
15051
15049
15048
15045
15044
15042
15041
15039
15036
15034
15032
15028
15027
15025
15024
15023
15022
15018
15016
15014
15013
15010
14998
14997
14996
14995
14992
14989
14988
14981
14979
14978
14977
14976
14973
14966
14965
14963
14960
14959
14956
14954
14953
14951
14949
14948
14946
14943
14942
14934
14933
14931
14929
14925
14924
14922
14920
14919
14918
14917
14916
14913
14911
14910
14908
14907
14906
14905
14901
14898
14897
14895
14892
14891
14890
14886
14884
14883
14881
14875
14874
14873
14869
14868
14866
14862
14861
14860
14857
14856
14854
14852
14851
14850
14849
14847
14846
14845
14831
14830
14828
14827
14826
14825
14821
14817
14815
14814
14813
14810
14809
14808
14806
14804
14803
14801
14800
14799
14798
14797
14794
14792
14790
14789
14788
14786
14784
14783
14782
14779
14778
14777
14775
14774
14773
14772
14771
14768
14764
14763
14762
14760
14759
14755
14754
14753
14752
14751
14750
14746
14736
14735
14732
14728
14726
14725
14724
14720
14719
14717
14715
14713
14707
14706
14705
14702
14700
14699
14698
14697
14696
14693
14692
14691
14690
14689
14687
14681
14680
14679
14677
14676
14675
14674
14672
14670
14668
14667
14666
14664
14660
14659
14658
14657
14656
14653
14652
14650
14649
14648
14647
14646
14645
14644
14643
14642
14637
14636
14635
14634
14633
14632
14629
14627
14625
14621
14618
14616
14612
14611
14604
14599
14591
14590
14589
14588
14587
14585
14583
14581
14579
14578
14577
14567
14566
14563
14560
14559
14558
14556
14554
14553
14548
14546
14544
14541
14540
14539
14538
14536
14535
14531
14528
14525
14523
14522
14520
14518
14510
14509
14508
14505
14501
14500
14495
14493
14491
14489
14487
14483
14482
14479
14478
14477
14475
14471
14470
14469
14468
14466
14465
14464
14462
14460
14458
14456
14454
14453
14452
14449
14448
14446
14443
14440
14439
14437
14435
14433
14432
14431
14427
14425
14424
14423
14422
14413
14412
14411
14410
14409
14408
14407
14406
14403
14402
14401
14398
14397
14396
14395
14392
14390
14388
14380
14379
14378
14377
14374
14370
14367
14360
14357
14353
14352
14351
14347
14346
14344
14342
14341
14340
14337
14334
14330
14329
14326
14325
14323
14322
14320
14319
14317
14316
14315
14312
14307
14302
14300
14299
14298
14291
14289
14287
14286
14285
14284
14282
14281
14279
14277
14276
14275
14269
14268
14266
14265
14264
14262
14261
14260
14259
14257
14255
14254
14253
14248
14247
14246
14243
14242
14240
14239
14238
14237
14233
14231
14228
14227
14226
14225
14224
14223
14220
14219
14218
14216
14208
14204
14202
14201
14200
14199
14197
14195
14194
14187
14181
14180
14179
14172
14170
14169
14168
14166
14165
14163
14160
14156
14155
14153
14152
14149
14147
14144
14139
14137
14133
14132
14128
14127
14125
14124
14121
14119
14118
14117
14111
14110
14105
14104
14102
14101
14100
14092
14091
14089
14087
14086
14083
14082
14080
14079
14078
14074
14072
14071
14069
14068
14060
14057
14056
14055
14053
14052
14051
14050
14048
14047
14045
14044
14043
14042
14041
14040
14032
14031
14029
14026
14021
14020
14019
14018
14017
14015
14014
14012
14010
14008
14006
14004
14000
13997
13996
13995
13993
13992
13991
13990
13989
13983
13981
13980
13979
13978
13977
13976
13975
13973
13967
13966
13964
13963
13958
13956
13952
13951
13949
13948
13947
13943
13940
13938
13937
13933
13930
13929
13927
13925
13923
13919
13917
13913
13912
13910
13906
13905
13903
13902
13900
13899
13897
13896
13892
13888
13886
13885
13884
13881
13877
13873
13871
13869
13866
13864
13861
13860
13858
13855
13849
13845
13843
13842
13840
13831
13823
13820
13818
13817
13816
13811
13810
13808
13804
13799
13798
13796
13795
13792
13791
13789
13787
13786
13785
13781
13776
13775
13773
13771
13770
13765
13764
13763
13760
13759
13756
13755
13754
13750
13749
13748
13744
13743
13740
13739
13737
13735
13734
13733
13732
13731
13729
13728
13727
13726
13725
13723
13722
13721
13720
13719
13718
13716
13715
13713
13711
13707
13705
13704
13702
13700
13699
13698
13693
13687
13685
13684
13683
13682
13674
13672
13670
13667
13666
13659
13658
13654
13653
13646
13645
13644
13640
13638
13637
13635
13632
13630
13624
13623
13620
13619
13618
13616
13615
13613
13593
13592
13589
13588
13583
13582
13580
13579
13576
13572
13571
13570
13569
13568
13567
13566
13563
13562
13561
13559
13556
13554
13551
13550
13548
13547
13544
13543
13541
13539
13537
13535
13533
13531
13530
13526
13525
13518
13516
13515
13512
13511
13510
13509
13507
13505
13504
13503
13500
13499
13498
13497
13495
13494
13493
13490
13489
13487
13485
13482
13481
13480
13479
13478
13475
13473
13469
13467
13465
13463
13462
13461
13458
13457
13456
13454
13452
13445
13444
13443
13442
13441
13438
13437
13436
13433
13431
13429
13427
13426
13425
13424
13422
13421
13418
13417
13412
13410
13406
13405
13402
13400
13399
13397
13396
13379
13378
13377
13376
13373
13370
13368
13367
13366
13363
13362
13360
13359
13356
13355
13354
13350
13346
13345
13343
13342
13341
13337
13336
13334
13332
13329
13327
13324
13323
13320
13318
13317
13314
13312
13310
13309
13306
13305
13304
13303
13301
13300
13299
13295
13294
13292
13291
13290
13287
13283
13282
13279
13267
13261
13260
13259
13258
13256
13251
13250
13248
13245
13244
13242
13241
13238
13233
13232
13230
13227
13225
13224
13223
13219
13210
13204
13203
13202
13201
13198
13193
13190
13189
13188
13185
13181
13180
13179
13176
13172
13170
13169
13168
13167
13166
13165
13164
13163
13161
13160
13158
13156
13152
13151
13150
13148
13145
13144
13142
13141
13139
13134
13133
13132
13129
13128
13127
13124
13123
13122
13121
13120
13118
13116
13115
13113
13112
13110
13109
13108
13107
13105
13104
13100
13099
13097
13096
13094
13092
13091
13090
13089
13088
13086
13080
13076
13073
13072
13071
13070
13065
13064
13062
13061
13059
13049
13048
13046
13045
13044
13042
13041
13038
13037
13036
13035
13033
13027
13025
13024
13021
13020
13018
13016
13011
13009
13007
13005
13004
13002
12999
12995
12993
12992
12990
12989
12988
12987
12986
12983
12981
12980
12979
12978
12973
12965
12963
12962
12960
12958
12957
12956
12942
12939
12937
12934
12933
12931
12930
12921
12920
12919
12914
12910
12903
12901
12899
12898
12897
12894
12893
12890
12888
12887
12886
12882
12881
12880
12879
12876
12875
12873
12872
12870
12869
12868
12867
12865
12860
12857
12856
12855
12854
12853
12852
12850
12849
12848
12847
12843
12840
12836
12834
12833
12832
12831
12829
12828
12827
12823
12821
12820
12819
12815
12814
12813
12812
12806
12805
12804
12799
12798
12797
12796
12795
12794
12793
12789
12786
12785
12784
12782
12780
12779
12777
12771
12769
12767
12766
12765
12763
12762
12760
12757
12753
12751
12750
12749
12747
12746
12742
12741
12739
12738
12737
12736
12733
12731
12730
12726
12724
12720
12718
12716
12713
12712
12711
12706
12705
12704
12703
12702
12700
12699
12698
12697
12696
12693
12692
12687
12683
12682
12678
12675
12674
12671
12670
12669
12666
12663
12661
12660
12651
12649
12647
12646
12644
12638
12629
12628
12626
12625
12624
12622
12620
12618
12615
12610
12604
12596
12593
12592
12591
12590
12587
12586
12585
12584
12582
12581
12580
12578
12576
12574
12573
12570
12562
12560
12557
12553
12551
12550
12548
12545
12544
12540
12537
12522
12518
12516
12512
12511
12510
12509
12507
12505
12501
12496
12493
12486
12484
12482
12481
12479
12478
12474
12471
12468
12467
12466
12465
12464
12463
12461
12460
12459
12455
12452
12451
12450
12449
12447
12445
12441
12439
12438
12436
12434
12431
12430
12428
12427
12425
12424
12422
12421
12419
12412
12411
12410
12409
12408
12407
12402
12396
12394
12393
12392
12391
12390
12389
12388
12387
12386
12384
12381
12377
12376
12375
12372
12370
12369
12367
12366
12355
12352
12351
12349
12346
12345
12342
12341
12339
12336
12334
12333
12332
12329
12328
12327
12325
12321
12313
12312
12310
12309
12308
12306
12305
12303
12296
12293
12292
12291
12288
12284
12281
12279
12275
12272
12271
12270
12269
12268
12263
12262
12261
12258
12231
12230
12227
12226
12223
12222
12221
12218
12217
12214
12213
12212
12210
12209
12208
12207
12206
12203
12202
12200
12198
12194
12193
12191
12189
12188
12187
12185
12184
12180
12178
12177
12174
12172
12171
12170
12169
12167
12166
12165
12158
12157
12139
12138
12137
12133
12131
12130
12127
12125
12122
12121
12118
12114
12112
12111
12110
12109
12108
12107
12106
12105
12103
12102
12100
12097
12096
12093
12092
12087
12085
12081
12079
12076
12073
12066
12064
12063
12061
12060
12053
12052
12051
12049
12048
12046
12045
12044
12043
12042
12041
12039
12034
12032
12031
12026
12025
12023
12020
12014
12010
12008
12007
11998
11997
11996
11994
11993
11992
11989
11988
11987
11986
11985
11979
11978
11977
11976
11973
11972
11968
11967
11965
11964
11961
11960
11958
11956
11955
11951
11949
11948
11947
11946
11937
11936
11935
11933
11929
11928
11925
11924
11921
11919
11918
11914
11912
11908
11907
11906
11904
11901
11900
11899
11898
11897
11896
11892
11891
11885
11884
11882
11880
11877
11876
11871
11869
11861
11858
11857
11856
11855
11854
11853
11851
11850
11849
11848
11847
11846
11844
11843
11842
11841
11840
11838
11833
11832
11829
11828
11827
11815
11813
11812
11807
11805
11803
11801
11791
11788
11787
11786
11785
11784
11780
11777
11770
11768
11767
11765
11764
11759
11757
11756
11752
11749
11747
11745
11744
11734
11733
11729
11728
11724
11723
11721
11719
11716
11714
11712
11709
11707
11705
11701
11700
11698
11697
11692
11690
11683
11681
11679
11678
11677
11675
11674
11669
11666
11665
11662
11661
11660
11659
11658
11657
11656
11652
11651
11648
11647
11646
11642
11641
11640
11639
11638
11637
11635
11632
11629
11627
11626
11623
11621
11618
11616
11615
11614
11612
11611
11609
11608
11596
11593
11591
11590
11586
11582
11581
11577
11574
11570
11566
11565
11560
11558
11557
11554
11553
11550
11546
11543
11542
11541
11537
11535
11534
11533
11532
11530
11528
11527
11526
11525
11524
11523
11522
11521
11520
11518
11517
11516
11515
11514
11512
11507
11502
11500
11499
11498
11497
11496
11495
11494
11493
11492
11490
11489
11488
11480
11479
11477
11475
11472
11468
11466
11465
11455
11453
11451
11450
11449
11432
11431
11427
11426
11423
11422
11421
11419
11416
11415
11414
11413
11412
11410
11406
11404
11401
11400
11399
11397
11396
11394
11393
11392
11390
11385
11383
11379
11377
11376
11369
11367
11364
11360
11359
11357
11356
11351
11350
11341
11340
11339
11337
11333
11330
11329
11327
11326
11325
11320
11318
11317
11314
11313
11312
11311
11309
11308
11306
11305
11304
11302
11301
11300
11298
11297
11296
11295
11294
11290
11286
11284
11282
11280
11276
11274
11268
11267
11266
11265
11264
11263
11262
11261
11255
11253
11252
11251
11250
11248
11247
11245
11243
11232
11230
11225
11224
11220
11219
11213
11212
11211
11208
11207
11206
11205
11204
11203
11202
11201
11196
11194
11193
11192
11191
11189
11188
11185
11184
11183
11177
11176
11175
11166
11165
11162
11158
11157
11155
11153
11151
11149
11147
11146
11144
11143
11142
11141
11140
11138
11137
11135
11131
11130
11129
11128
11127
11126
11124
11122
11119
11118
11117
11116
11115
11113
11112
11111
11106
11105
11103
11101
11098
11096
11095
11092
11091
11090
11087
11085
11080
11075
11072
11071
11066
11065
11063
11062
11056
11055
11054
11051
11047
11046
11043
11042
11036
11035
11034
11030
11029
11028
11021
11020
11018
11016
11015
11010
11008
11007
11004
11002
11001
11000
10999
10998
10992
10991
10989
10985
10983
10982
10981
10977
10974
10973
10969
10968
10966
10965
10964
10955
10950
10949
10947
10946
10945
10940
10937
10927
10926
10925
10924
10922
10921
10919
10916
10911
10901
10899
10898
10896
10895
10892
10887
10886
10885
10884
10883
10882
10881
10880
10877
10875
10870
10869
10866
10865
10863
10860
10857
10855
10854
10853
10852
10847
10846
10845
10844
10842
10841
10839
10837
10835
10833
10832
10831
10829
10828
10824
10817
10816
10815
10814
10813
10812
10811
10810
10809
10804
10801
10799
10798
10797
10794
10793
10787
10786
10782
10781
10777
10774
10773
10770
10768
10767
10765
10763
10761
10760
10759
10756
10755
10752
10750
10747
10744
10743
10741
10738
10737
10736
10735
10732
10731
10730
10729
10726
10723
10722
10721
10717
10715
10713
10712
10709
10708
10705
10704
10703
10700
10699
10693
10692
10691
10690
10689
10687
10684
10681
10680
10678
10676
10674
10671
10670
10669
10665
10663
10652
10651
10650
10649
10646
10643
10642
10641
10640
10637
10636
10635
10633
10631
10630
10628
10627
10626
10623
10621
10620
10615
10614
10610
10608
10607
10606
10604
10602
10597
10594
10593
10590
10589
10585
10584
10583
10582
10581
10580
10578
10577
10573
10571
10570
10569
10566
10565
10563
10562
10560
10559
10558
10557
10556
10555
10549
10547
10546
10545
10535
10525
10524
10515
10513
10511
10507
10504
10503
10501
10497
10494
10493
10492
10487
10485
10484
10482
10480
10474
10473
10472
10470
10468
10467
10466
10463
10462
10460
10458
10457
10456
10454
10452
10447
10446
10441
10440
10439
10438
10436
10435
10433
10432
10428
10422
10421
10420
10418
10417
10415
10414
10409
10407
10403
10402
10400
10397
10394
10393
10392
10391
10390
10389
10385
10381
10380
10379
10374
10371
10370
10369
10367
10366
10365
10362
10361
10360
10355
10354
10353
10352
10351
10345
10342
10340
10338
10336
10335
10334
10332
10331
10327
10326
10325
10323
10321
10320
10317
10313
10311
10308
10303
10300
10296
10293
10292
10291
10288
10283
10281
10280
10278
10277
10271
10269
10264
10260
10257
10256
10249
10247
10246
10244
10243
10241
10238
10234
10233
10231
10230
10228
10227
10223
10216
10212
10211
10203
10202
10200
10199
10198
10197
10196
10195
10194
10189
10188
10187
10182
10181
10180
10179
10178
10177
10175
10170
10169
10168
10166
10165
10164
10161
10158
10157
10155
10151
10149
10147
10146
10145
10144
10141
10139
10138
10134
10133
10132
10131
10129
10114
10113
10109
10106
10101
10098
10097
10096
10095
10094
10093
10092
10091
10090
10087
10084
10077
10076
10073
10072
10065
10063
10062
10060
10059
10057
10056
10053
10051
10048
10047
10044
10043
10042
10041
10033
10032
10029
10028
10026
10023
10022
10021
10019
10018
10017
10015
10014
10013
10012
10011
10010
10008
10007
10005
10002
9999
9997
9996
9993
9986
9985
9983
9981
9975
9974
9973
9961
9959
9957
9956
9955
9951
9949
9948
9947
9946
9945
9942
9941
9940
9939
9936
9935
9933
9931
9930
9929
9928
9926
9924
9919
9917
9916
9915
9910
9909
9908
9907
9903
9901
9900
9899
9898
9897
9896
9895
9888
9887
9886
9885
9883
9882
9879
9878
9876
9857
9856
9855
9849
9848
9847
9845
9844
9843
9841
9838
9833
9831
9830
9828
9827
9826
9824
9813
9812
9810
9808
9807
9805
9804
9797
9795
9792
9791
9789
9788
9786
9785
9778
9777
9774
9773
9772
9771
9768
9766
9765
9764
9762
9761
9760
9757
9756
9754
9752
9750
9749
9748
9747
9746
9743
9740
9739
9737
9736
9735
9734
9733
9730
9727
9725
9722
9720
9719
9717
9716
9713
9704
9701
9697
9696
9692
9689
9683
9682
9679
9675
9674
9673
9671
9670
9668
9664
9661
9660
9659
9658
9657
9653
9651
9650
9649
9647
9640
9634
9633
9630
9629
9623
9621
9620
9618
9617
9615
9612
9604
9603
9602
9600
9599
9598
9597
9593
9592
9591
9586
9582
9581
9580
9579
9578
9577
9575
9573
9572
9571
9570
9567
9566
9565
9564
9561
9560
9559
9558
9557
9555
9554
9553
9551
9541
9540
9539
9535
9533
9532
9531
9530
9529
9526
9525
9524
9523
9520
9519
9517
9515
9514
9512
9510
9508
9507
9506
9503
9502
9498
9497
9496
9492
9486
9484
9483
9481
9480
9479
9478
9477
9476
9475
9471
9470
9468
9467
9461
9457
9451
9443
9442
9441
9439
9435
9434
9431
9426
9425
9422
9421
9420
9419
9417
9413
9408
9407
9406
9403
9402
9400
9397
9395
9390
9388
9385
9382
9379
9378
9377
9376
9375
9371
9367
9366
9365
9356
9355
9354
9353
9349
9348
9347
9345
9343
9342
9341
9339
9332
9331
9329
9327
9325
9324
9322
9321
9320
9319
9318
9316
9315
9313
9312
9310
9308
9307
9304
9303
9301
9300
9299
9298
9292
9291
9289
9282
9280
9276
9273
9272
9269
9268
9266
9265
9263
9258
9257
9255
9253
9252
9251
9249
9248
9247
9246
9244
9242
9240
9238
9232
9230
9229
9228
9226
9225
9223
9222
9218
9217
9215
9214
9213
9212
9211
9209
9207
9206
9202
9200
9199
9194
9192
9191
9189
9184
9182
9180
9179
9178
9176
9175
9174
9172
9168
9166
9164
9162
9158
9156
9154
9153
9152
9150
9149
9146
9145
9143
9142
9140
9138
9137
9136
9133
9131
9130
9128
9127
9124
9121
9120
9118
9112
9111
9109
9108
9106
9105
9102
9100
9098
9097
9095
9093
9090
9089
9087
9086
9085
9084
9083
9082
9080
9078
9075
9072
9071
9068
9066
9065
9064
9062
9061
9057
9056
9048
9047
9046
9045
9041
9040
9036
9034
9033
9028
9026
9024
9023
9022
9011
9009
9006
9005
9003
9000
8999
8998
8995
8994
8990
8988
8986
8985
8983
8979
8978
8976
8975
8974
8971
8970
8968
8961
8954
8949
8943
8942
8941
8940
8938
8937
8936
8933
8931
8930
8928
8926
8925
8924
8921
8916
8909
8908
8907
8906
8904
8899
8886
8877
8873
8871
8870
8865
8862
8860
8858
8857
8856
8853
8850
8848
8846
8845
8844
8843
8842
8841
8838
8835
8834
8832
8831
8830
8829
8828
8827
8826
8822
8821
8819
8818
8816
8815
8812
8811
8808
8806
8803
8802
8799
8798
8796
8795
8794
8793
8790
8786
8782
8777
8759
8757
8756
8752
8750
8748
8747
8744
8742
8739
8738
8737
8733
8731
8726
8724
8722
8720
8719
8714
8710
8709
8708
8707
8706
8702
8701
8700
8698
8697
8696
8694
8692
8688
8686
8684
8683
8682
8681
8680
8679
8676
8674
8672
8671
8667
8665
8664
8663
8661
8660
8658
8657
8655
8650
8647
8646
8645
8644
8641
8639
8638
8637
8635
8634
8629
8623
8622
8616
8615
8614
8613
8610
8609
8608
8607
8606
8603
8599
8597
8595
8593
8592
8591
8589
8587
8585
8584
8583
8581
8577
8576
8574
8573
8571
8569
8565
8563
8561
8559
8558
8557
8556
8555
8554
8552
8549
8544
8542
8541
8540
8538
8537
8535
8534
8533
8532
8531
8529
8528
8525
8523
8521
8519
8515
8510
8507
8503
8502
8501
8499
8496
8495
8492
8487
8485
8483
8480
8474
8471
8470
8466
8465
8464
8463
8461
8460
8453
8452
8451
8447
8445
8444
8443
8442
8441
8440
8439
8436
8435
8434
8431
8430
8429
8428
8427
8425
8422
8420
8419
8418
8417
8413
8410
8409
8408
8407
8406
8405
8404
8403
8402
8401
8398
8392
8390
8388
8386
8383
8377
8376
8373
8372
8368
8365
8363
8362
8361
8360
8357
8356
8353
8351
8350
8349
8347
8344
8341
8339
8338
8335
8334
8333
8331
8330
8328
8323
8322
8321
8316
8315
8313
8308
8307
8303
8302
8301
8298
8296
8294
8293
8291
8290
8289
8287
8286
8285
8282
8281
8279
8278
8276
8275
8272
8268
8267
8266
8264
8263
8261
8260
8253
8252
8250
8247
8246
8244
8243
8240
8239
8238
8237
8235
8231
8229
8227
8224
8223
8222
8219
8216
8213
8211
8210
8209
8208
8206
8205
8203
8200
8199
8198
8197
8194
8188
8187
8186
8184
8183
8181
8178
8174
8172
8171
8170
8168
8167
8166
8165
8163
8162
8160
8158
8157
8155
8154
8152
8151
8148
8147
8146
8144
8142
8136
8135
8128
8124
8123
8121
8119
8117
8113
8111
8109
8106
8104
8101
8100
8097
8095
8094
8092
8091
8089
8088
8086
8085
8084
8083
8082
8081
8075
8070
8068
8062
8054
8053
8050
8049
8047
8042
8037
8036
8033
8029
8024
8022
8021
8012
8009
8008
8007
8004
8003
7999
7996
7995
7994
7993
7991
7989
7988
7984
7983
7980
7979
7978
7977
7975
7973
7972
7971
7969
7967
7966
7965
7962
7956
7953
7952
7950
7946
7945
7943
7940
7939
7937
7933
7931
7929
7923
7920
7918
7917
7915
7914
7911
7908
7907
7906
7905
7902
7900
7898
7896
7895
7889
7886
7883
7882
7881
7879
7878
7876
7874
7872
7871
7862
7861
7859
7858
7857
7855
7852
7850
7849
7847
7843
7842
7841
7837
7836
7834
7833
7828
7821
7820
7807
7805
7804
7803
7802
7801
7799
7792
7791
7790
7788
7787
7783
7782
7780
7779
7775
7774
7773
7769
7768
7767
7758
7756
7755
7754
7753
7752
7751
7747
7746
7745
7744
7743
7738
7736
7735
7732
7731
7730
7728
7724
7723
7722
7721
7718
7717
7714
7712
7711
7709
7706
7704
7702
7701
7700
7697
7692
7688
7687
7685
7683
7682
7681
7680
7679
7678
7677
7676
7675
7674
7670
7666
7665
7664
7661
7660
7658
7651
7649
7647
7646
7644
7637
7635
7632
7630
7629
7624
7623
7621
7618
7614
7613
7612
7611
7610
7608
7607
7604
7603
7597
7595
7594
7593
7592
7590
7589
7587
7586
7585
7584
7582
7581
7580
7577
7575
7571
7569
7567
7565
7564
7563
7562
7560
7557
7555
7546
7545
7544
7543
7542
7541
7528
7527
7525
7524
7522
7514
7510
7509
7508
7503
7502
7501
7498
7496
7495
7494
7493
7490
7488
7484
7483
7482
7479
7478
7477
7476
7473
7472
7471
7468
7466
7465
7462
7461
7460
7459
7457
7454
7453
7448
7447
7446
7445
7444
7443
7440
7438
7437
7436
7435
7433
7420
7416
7414
7410
7408
7404
7403
7402
7401
7400
7399
7394
7393
7392
7391
7390
7387
7386
7385
7384
7380
7379
7376
7371
7368
7363
7361
7360
7359
7357
7355
7354
7352
7349
7348
7347
7346
7345
7337
7336
7334
7333
7331
7330
7326
7317
7301
7300
7299
7296
7295
7294
7293
7291
7290
7287
7285
7280
7279
7275
7274
7270
7269
7266
7264
7263
7262
7261
7260
7259
7255
7253
7250
7244
7238
7237
7235
7232
7229
7228
7227
7226
7222
7221
7218
7215
7214
7213
7212
7208
7207
7205
7204
7202
7200
7199
7198
7197
7196
7195
7194
7191
7190
7188
7187
7180
7178
7176
7175
7173
7172
7170
7169
7167
7160
7158
7156
7155
7154
7153
7150
7145
7143
7142
7137
7136
7135
7134
7133
7129
7128
7126
7123
7122
7113
7112
7107
7106
7103
7098
7096
7094
7092
7089
7088
7087
7086
7084
7081
7077
7074
7073
7072
7071
7070
7069
7068
7067
7064
7045
7044
7043
7042
7037
7032
7030
7029
7027
7024
7021
7019
7016
7014
7007
7003
7002
7001
6999
6997
6996
6995
6994
6993
6992
6991
6990
6985
6984
6983
6982
6976
6975
6974
6973
6971
6969
6968
6967
6964
6963
6962
6961
6958
6957
6956
6953
6952
6951
6950
6949
6947
6946
6944
6943
6942
6940
6939
6938
6937
6936
6933
6932
6931
6928
6923
6922
6921
6909
6908
6907
6904
6903
6902
6901
6900
6896
6895
6893
6892
6890
6886
6884
6883
6881
6876
6873
6872
6871
6870
6869
6868
6865
6863
6861
6859
6849
6848
6844
6843
6842
6839
6837
6835
6834
6833
6831
6820
6819
6817
6813
6812
6808
6806
6804
6800
6798
6795
6794
6793
6791
6789
6788
6787
6786
6785
6784
6783
6782
6780
6779
6776
6775
6773
6770
6769
6767
6765
6764
6761
6757
6754
6752
6750
6746
6744
6743
6739
6738
6737
6736
6734
6733
6732
6731
6730
6729
6725
6724
6722
6719
6718
6716
6714
6713
6711
6710
6709
6707
6705
6704
6703
6698
6695
6692
6689
6686
6685
6684
6680
6679
6675
6671
6669
6665
6664
6650
6649
6647
6644
6643
6642
6640
6637
6636
6634
6631
6630
6628
6626
6623
6621
6615
6614
6611
6609
6607
6605
6603
6602
6599
6596
6592
6591
6589
6584
6583
6582
6581
6580
6577
6576
6575
6568
6567
6565
6559
6556
6552
6551
6550
6549
6547
6545
6544
6542
6541
6539
6535
6533
6532
6530
6528
6525
6524
6519
6518
6517
6515
6513
6511
6510
6509
6508
6505
6503
6501
6500
6498
6497
6496
6494
6493
6492
6491
6489
6488
6479
6478
6475
6474
6472
6469
6467
6462
6460
6459
6457
6456
6455
6448
6446
6445
6442
6441
6440
6437
6436
6431
6428
6427
6426
6424
6419
6417
6416
6413
6412
6409
6408
6407
6404
6403
6402
6400
6399
6397
6395
6394
6392
6387
6371
6369
6368
6367
6364
6363
6362
6361
6359
6353
6343
6342
6340
6338
6336
6334
6333
6327
6326
6322
6321
6320
6319
6316
6312
6311
6308
6305
6304
6303
6302
6300
6298
6295
6294
6293
6288
6287
6286
6283
6280
6278
6271
6268
6267
6265
6264
6263
6262
6259
6255
6253
6250
6248
6247
6243
6241
6239
6238
6237
6235
6234
6233
6232
6222
6221
6220
6215
6209
6208
6203
6200
6199
6198
6197
6196
6195
6193
6189
6186
6185
6183
6182
6179
6178
6176
6174
6173
6172
6171
6170
6167
6166
6162
6151
6150
6149
6148
6147
6146
6144
6141
6139
6137
6136
6134
6132
6121
6119
6118
6117
6113
6109
6106
6105
6104
6103
6102
6101
6100
6099
6097
6096
6095
6092
6091
6086
6085
6083
6082
6081
6079
6076
6075
6073
6071
6070
6068
6063
6062
6060
6059
6058
6057
6056
6055
6054
6047
6044
6040
6038
6036
6032
6031
6029
6027
6026
6024
6021
6019
6018
6017
6015
6013
6012
6011
6010
6007
6004
6002
6001
6000
5998
5997
5996
5995
5993
5990
5988
5986
5985
5983
5981
5979
5978
5976
5975
5972
5971
5969
5968
5962
5961
5960
5957
5956
5955
5953
5951
5948
5947
5946
5945
5944
5943
5941
5940
5938
5937
5936
5935
5933
5932
5931
5929
5928
5926
5924
5922
5921
5912
5908
5906
5904
5903
5898
5896
5895
5889
5887
5886
5883
5882
5879
5878
5877
5875
5874
5869
5868
5867
5859
5857
5855
5854
5853
5847
5846
5845
5844
5843
5842
5835
5834
5833
5831
5830
5828
5824
5823
5822
5821
5820
5818
5817
5813
5812
5811
5809
5803
5801
5800
5799
5796
5794
5793
5792
5791
5790
5789
5787
5785
5784
5783
5781
5780
5777
5776
5771
5769
5765
5764
5761
5757
5756
5755
5754
5752
5751
5750
5748
5746
5745
5742
5739
5735
5734
5733
5732
5730
5728
5726
5725
5722
5721
5719
5718
5716
5708
5705
5703
5701
5700
5698
5697
5695
5693
5692
5690
5688
5687
5685
5683
5674
5673
5672
5671
5670
5665
5664
5663
5661
5658
5656
5655
5646
5644
5643
5640
5639
5637
5635
5633
5631
5630
5629
5624
5623
5621
5620
5619
5618
5609
5605
5602
5599
5597
5596
5594
5593
5592
5590
5589
5588
5586
5585
5582
5575
5574
5569
5568
5567
5566
5565
5564
5550
5549
5545
5540
5537
5534
5532
5531
5530
5529
5526
5524
5523
5522
5519
5518
5516
5515
5507
5501
5499
5498
5496
5495
5494
5488
5487
5485
5484
5483
5477
5476
5464
5463
5462
5461
5460
5459
5458
5457
5456
5454
5451
5449
5445
5442
5440
5433
5432
5430
5429
5426
5424
5423
5422
5419
5418
5412
5411
5409
5408
5407
5405
5404
5402
5400
5398
5397
5396
5393
5392
5390
5389
5388
5383
5382
5381
5380
5378
5376
5375
5370
5369
5368
5366
5365
5364
5362
5341
5339
5334
5325
5322
5320
5319
5318
5313
5310
5309
5308
5307
5306
5305
5304
5301
5300
5297
5293
5292
5291
5290
5289
5288
5287
5286
5285
5281
5280
5278
5275
5274
5273
5272
5270
5266
5255
5254
5248
5246
5244
5242
5241
5240
5234
5232
5230
5228
5227
5222
5221
5220
5218
5217
5216
5214
5212
5211
5207
5206
5205
5204
5197
5196
5193
5192
5190
5189
5187
5186
5185
5182
5180
5179
5174
5173
5169
5165
5164
5163
5162
5161
5160
5155
5149
5148
5146
5145
5143
5141
5136
5135
5134
5133
5131
5130
5128
5126
5125
5120
5119
5118
5116
5114
5113
5111
5110
5109
5108
5106
5104
5098
5096
5095
5091
5090
5089
5088
5087
5086
5083
5082
5079
5077
5075
5074
5073
5068
5067
5057
5055
5052
5051
5047
5046
5045
5044
5038
5035
5034
5033
5032
5031
5028
5027
5026
5024
5023
5022
5019
5018
5013
5011
5009
5008
5005
5004
5002
5001
4998
4995
4994
4993
4992
4988
4987
4983
4982
4981
4978
4977
4976
4972
4961
4960
4959
4958
4957
4955
4953
4952
4951
4950
4946
4945
4944
4942
4937
4935
4933
4931
4930
4929
4928
4927
4926
4925
4916
4913
4911
4904
4902
4901
4898
4893
4891
4888
4887
4886
4882
4880
4879
4877
4876
4875
4873
4871
4867
4865
4864
4859
4858
4857
4856
4855
4853
4852
4846
4831
4829
4828
4827
4826
4819
4818
4817
4813
4812
4808
4806
4802
4800
4799
4796
4795
4794
4793
4792
4791
4790
4789
4788
4787
4785
4784
4783
4782
4781
4780
4778
4774
4772
4771
4766
4765
4763
4762
4761
4760
4757
4756
4754
4750
4749
4746
4745
4741
4739
4738
4737
4735
4734
4733
4731
4729
4727
4723
4721
4714
4711
4707
4706
4705
4704
4702
4701
4696
4695
4694
4692
4691
4683
4678
4676
4675
4674
4673
4670
4669
4666
4664
4663
4657
4656
4655
4653
4652
4651
4648
4647
4646
4644
4639
4638
4637
4623
4621
4616
4610
4609
4608
4605
4602
4601
4599
4598
4595
4592
4589
4586
4585
4584
4579
4578
4577
4573
4570
4569
4566
4562
4561
4560
4556
4555
4554
4551
4550
4547
4545
4544
4543
4541
4540
4538
4537
4536
4534
4533
4532
4531
4530
4529
4527
4525
4524
4522
4517
4516
4513
4512
4509
4505
4504
4502
4501
4499
4496
4494
4492
4491
4488
4487
4485
4484
4483
4482
4480
4479
4478
4476
4475
4474
4471
4468
4466
4464
4461
4460
4458
4454
4453
4442
4441
4440
4439
4438
4437
4434
4432
4431
4428
4426
4425
4422
4420
4419
4417
4413
4412
4409
4407
4405
4403
4401
4400
4397
4394
4393
4392
4391
4390
4389
4386
4385
4379
4376
4375
4374
4373
4370
4368
4365
4362
4356
4354
4352
4351
4336
4331
4330
4327
4322
4320
4317
4316
4315
4310
4307
4306
4304
4302
4301
4300
4298
4297
4296
4294
4293
4290
4284
4266
4264
4263
4262
4261
4260
4258
4256
4255
4252
4245
4244
4241
4239
4235
4232
4231
4230
4228
4227
4226
4224
4223
4221
4219
4217
4216
4211
4210
4207
4205
4203
4202
4201
4200
4198
4197
4195
4192
4191
4189
4188
4186
4185
4182
4181
4180
4177
4172
4168
4165
4163
4162
4161
4157
4155
4154
4151
4149
4148
4146
4141
4139
4134
4133
4132
4131
4129
4128
4126
4125
4124
4122
4118
4116
4111
4109
4107
4105
4102
4100
4098
4097
4093
4092
4091
4090
4089
4087
4082
4080
4079
4078
4077
4076
4074
4069
4068
4066
4065
4024
4023
4022
4020
4019
4018
4017
4016
4015
4011
4009
4002
3994
3993
3991
3990
3986
3985
3984
3983
3980
3978
3976
3974
3972
3971
3970
3968
3965
3962
3960
3959
3958
3957
3955
3954
3952
3951
3950
3947
3946
3945
3944
3937
3934
3933
3932
3931
3930
3929
3927
3926
3925
3923
3916
3915
3914
3913
3912
3910
3907
3906
3904
3903
3899
3896
3895
3893
3891
3890
3887
3885
3884
3883
3876
3874
3872
3871
3870
3867
3865
3864
3861
3860
3858
3857
3850
3847
3844
3836
3835
3834
3831
3830
3828
3825
3824
3823
3821
3814
3813
3809
3808
3806
3805
3804
3802
3800
3796
3788
3787
3785
3784
3781
3780
3778
3768
3767
3764
3763
3762
3761
3757
3755
3753
3752
3751
3746
3740
3735
3734
3732
3731
3724
3722
3721
3719
3716
3715
3712
3711
3709
3706
3704
3703
3702
3701
3699
3695
3694
3690
3688
3686
3685
3683
3681
3680
3674
3672
3671
3670
3669
3668
3666
3664
3663
3662
3661
3658
3653
3650
3649
3648
3647
3624
3623
3622
3620
3618
3617
3614
3613
3612
3611
3609
3606
3604
3603
3602
3600
3586
3585
3584
3583
3581
3580
3575
3574
3573
3572
3571
3569
3568
3565
3564
3563
3562
3561
3559
3550
3547
3545
3544
3543
3541
3540
3537
3536
3535
3531
3528
3527
3525
3513
3512
3510
3509
3507
3506
3504
3502
3501
3500
3499
3494
3492
3491
3489
3488
3487
3486
3484
3483
3482
3479
3478
3477
3475
3474
3471
3463
3462
3460
3450
3449
3447
3445
3443
3433
3431
3428
3425
3424
3420
3419
3417
3414
3410
3408
3407
3404
3403
3401
3395
3392
3384
3383
3382
3380
3377
3376
3375
3373
3370
3369
3366
3365
3363
3361
3360
3357
3355
3353
3349
3347
3338
3335
3333
3332
3331
3329
3328
3322
3321
3320
3317
3302
3301
3300
3297
3292
3291
3290
3289
3284
3283
3282
3281
3277
3276
3274
3272
3271
3270
3267
3265
3264
3262
3260
3259
3258
3256
3255
3254
3251
3250
3248
3246
3245
3243
3237
3236
3235
3234
3232
3231
3230
3229
3227
3226
3224
3223
3222
3220
3217
3215
3212
3210
3208
3196
3193
3192
3191
3190
3189
3188
3186
3184
3183
3182
3181
3179
3173
3170
3168
3167
3165
3164
3163
3154
3150
3149
3147
3146
3145
3144
3142
3139
3138
3137
3136
3135
3133
3132
3128
3125
3123
3116
3114
3113
3112
3111
3110
3108
3098
3097
3096
3095
3094
3091
3090
3088
3084
3083
3082
3081
3080
3077
3076
3074
3072
3070
3069
3064
3061
3060
3053
3052
3051
3050
3049
3048
3047
3040
3038
3022
3019
3017
3016
3015
3010
3006
3004
3003
3002
2999
2997
2992
2991
2990
2988
2987
2985
2981
2979
2978
2976
2973
2972
2971
2965
2960
2958
2957
2956
2955
2954
2949
2947
2944
2943
2941
2938
2937
2934
2932
2925
2923
2921
2919
2918
2914
2912
2910
2909
2907
2902
2901
2897
2895
2894
2893
2892
2888
2886
2885
2883
2881
2880
2878
2876
2875
2871
2868
2866
2865
2859
2858
2854
2853
2852
2850
2848
2847
2846
2845
2843
2840
2839
2838
2836
2835
2833
2832
2827
2826
2824
2823
2822
2821
2819
2812
2811
2810
2808
2807
2799
2798
2795
2793
2791
2790
2787
2785
2784
2777
2776
2774
2772
2771
2770
2768
2766
2764
2763
2760
2758
2757
2754
2752
2749
2748
2747
2746
2744
2743
2738
2737
2735
2734
2733
2730
2729
2725
2722
2715
2714
2710
2709
2708
2701
2700
2697
2696
2693
2692
2691
2690
2689
2687
2686
2684
2683
2671
2670
2667
2666
2664
2663
2656
2653
2652
2651
2649
2644
2640
2638
2634
2631
2629
2628
2627
2626
2625
2624
2623
2622
2621
2618
2617
2615
2613
2612
2611
2608
2606
2604
2603
2602
2601
2597
2596
2593
2592
2591
2590
2588
2587
2586
2583
2582
2581
2580
2578
2575
2574
2561
2558
2557
2555
2554
2553
2551
2547
2545
2544
2540
2527
2516
2514
2513
2508
2506
2504
2503
2502
2498
2497
2488
2486
2483
2482
2478
2477
2476
2473
2472
2469
2467
2466
2464
2463
2462
2459
2458
2457
2456
2454
2452
2450
2448
2447
2441
2439
2437
2434
2432
2430
2427
2424
2423
2421
2418
2414
2413
2412
2411
2410
2409
2408
2404
2401
2398
2396
2395
2392
2391
2387
2386
2385
2384
2382
2379
2376
2373
2369
2365
2361
2360
2358
2352
2351
2349
2348
2347
2344
2343
2342
2341
2335
2334
2333
2332
2331
2330
2327
2324
2323
2322
2308
2307
2305
2303
2301
2300
2299
2298
2293
2286
2285
2284
2283
2281
2280
2279
2278
2277
2266
2261
2260
2259
2258
2255
2253
2252
2247
2243
2240
2235
2234
2233
2232
2231
2226
2224
2223
2219
2218
2217
2216
2215
2211
2210
2207
2206
2205
2203
2202
2198
2197
2196
2195
2193
2191
2190
2187
2186
2185
2180
2176
2172
2171
2170
2167
2166
2164
2163
2161
2160
2158
2157
2156
2155
2154
2152
2148
2145
2143
2136
2133
2130
2126
2122
2120
2117
2112
2109
2106
2105
2104
2102
2099
2097
2096
2094
2091
2082
2081
2080
2076
2075
2074
2073
2072
2070
2060
2058
2056
2054
2053
2050
2049
2047
2045
2044
2043
2042
2041
2040
2037
2033
2032
2031
2029
2027
2026
2023
2022
2020
2019
2016
2015
2014
2011
2010
2009
2007
2006
2005
1998
1996
1993
1992
1991
1990
1980
1979
1978
1974
1973
1972
1969
1968
1965
1962
1960
1959
1957
1956
1954
1950
1937
1933
1932
1931
1930
1929
1920
1919
1914
1910
1908
1907
1904
1903
1902
1899
1898
1897
1896
1889
1888
1883
1881
1880
1877
1874
1873
1872
1871
1869
1867
1861
1860
1859
1858
1857
1855
1851
1849
1842
1841
1839
1838
1837
1834
1833
1832
1829
1827
1825
1824
1822
1821
1819
1814
1813
1810
1808
1805
1804
1802
1797
1795
1793
1791
1790
1789
1787
1781
1778
1774
1772
1771
1770
1764
1758
1756
1752
1751
1749
1748
1747
1744
1743
1740
1739
1733
1730
1729
1728
1725
1722
1720
1718
1716
1710
1709
1706
1702
1701
1700
1699
1698
1697
1696
1695
1692
1686
1680
1679
1678
1677
1675
1674
1671
1670
1666
1665
1664
1660
1659
1658
1657
1655
1653
1650
1649
1647
1646
1645
1644
1642
1641
1638
1637
1636
1635
1634
1630
1627
1626
1624
1621
1617
1616
1614
1603
1600
1591
1589
1587
1580
1576
1573
1571
1568
1566
1564
1562
1557
1556
1553
1549
1548
1546
1545
1540
1538
1536
1534
1533
1532
1531
1527
1526
1525
1524
1522
1517
1516
1515
1514
1513
1511
1509
1507
1506
1503
1502
1500
1499
1493
1490
1489
1487
1486
1485
1484
1483
1482
1479
1475
1474
1472
1470
1468
1467
1466
1463
1462
1459
1457
1453
1452
1451
1450
1448
1447
1444
1443
1442
1441
1440
1439
1437
1436
1434
1433
1432
1431
1429
1428
1425
1423
1422
1421
1417
1415
1414
1411
1410
1406
1402
1399
1397
1395
1393
1392
1391
1390
1389
1387
1383
1382
1380
1375
1372
1369
1368
1367
1366
1364
1360
1358
1354
1349
1347
1343
1342
1340
1338
1337
1335
1334
1333
1331
1321
1320
1318
1317
1316
1311
1309
1307
1305
1304
1298
1293
1292
1291
1289
1282
1280
1279
1278
1277
1273
1272
1271
1270
1268
1264
1263
1262
1260
1258
1255
1252
1249
1247
1246
1243
1241
1240
1239
1237
1236
1235
1230
1226
1224
1223
1221
1217
1216
1215
1211
1210
1209
1205
1202
1201
1200
1198
1196
1195
1192
1189
1188
1187
1186
1184
1183
1182
1181
1176
1174
1173
1165
1164
1163
1157
1156
1155
1154
1153
1151
1150
1147
1146
1142
1138
1137
1136
1131
1130
1127
1124
1122
1120
1115
1114
1109
1108
1107
1097
1096
1094
1092
1089
1088
1087
1085
1084
1078
1076
1073
1069
1068
1067
1065
1064
1062
1061
1059
1058
1055
1054
1053
1050
1047
1037
1033
1032
1031
1024
1019
1016
1014
1012
1011
1008
1007
1006
1005
1003
1002
998
996
995
994
991
990
989
988
987
986
984
983
982
981
980
973
971
970
969
966
962
960
959
958
956
954
952
951
944
943
940
935
934
933
930
929
928
927
926
925
921
920
919
917
916
915
911
909
907
906
905
903
901
899
896
895
893
892
891
890
889
887
886
885
884
883
881
880
877
876
873
871
867
863
862
861
860
857
852
850
848
845
844
843
842
839
836
827
826
824
820
818
817
813
812
810
808
807
803
799
798
795
792
791
790
786
784
771
769
766
764
761
757
753
749
748
744
743
742
739
736
730
729
728
726
725
722
711
709
706
703
701
699
698
696
695
690
689
688
687
686
685
683
680
678
677
676
671
669
667
665
661
659
656
654
653
652
651
648
646
645
644
642
641
640
639
637
636
634
631
629
627
626
625
623
621
620
619
618
617
615
614
607
605
602
599
597
596
594
593
590
589
588
586
584
581
578
576
574
567
565
564
563
561
560
559
558
555
550
548
547
545
543
540
539
538
533
529
527
525
523
520
517
516
515
513
512
510
507
504
503
502
499
496
494
483
482
480
479
477
473
465
461
455
453
451
448
445
441
439
438
435
434
433
429
427
424
423
422
421
417
414
413
411
409
404
403
402
401
400
395
392
385
384
382
380
377
375
374
373
372
371
370
369
367
366
362
360
359
358
357
356
355
354
350
348
346
345
344
343
342
340
336
334
333
332
327
324
322
320
316
313
309
308
307
306
304
303
302
301
297
295
294
293
292
291
290
289
288
283
282
281
280
277
275
266
264
263
261
259
258
255
254
251
250
249
248
247
238
237
236
233
231
229
227
226
222
221
217
216
215
212
209
199
198
196
194
192
191
190
187
180
179
175
174
172
171
166
164
162
161
160
156
155
154
152
151
148
146
140
139
138
137
136
135
134
133
125
123
122
114
109
108
107
106
104
103
102
101
100
98
97
96
94
93
90
86
85
80
79
77
71
70
68
67
59
58
54
53
52
51
48
45
43
42
36
35
31
30
29
27
22
20
17
14
12
11
8
7
3
2
1
4
5
6
9
10
13
15
16
18
19
21
23
24
25
26
28
32
33
34
37
39
40
41
44
46
47
49
50
55
56
57
60
61
62
63
64
65
66
69
72
73
74
75
76
78
81
82
83
84
87
88
89
91
92
95
99
105
110
111
112
113
115
116
117
118
124
126
129
130
132
142
143
144
145
147
149
150
153
157
158
159
163
165
167
168
169
170
173
176
177
178
181
182
183
184
185
186
188
189
193
195
197
200
202
203
205
206
207
208
210
211
213
214
218
219
220
223
224
225
228
230
232
234
239
240
241
242
243
244
245
246
252
253
256
257
260
262
265
267
268
269
270
271
272
273
278
279
284
285
286
287
296
298
299
300
305
310
311
312
314
315
317
318
319
321
323
325
326
328
329
330
331
335
337
338
339
341
347
349
351
352
353
376
378
379
381
387
388
389
390
391
393
394
396
397
406
410
412
415
416
418
419
420
425
426
428
430
431
432
436
437
440
442
443
444
446
447
449
450
452
454
456
457
458
459
460
462
463
464
467
468
471
472
474
475
476
478
481
484
485
488
489
490
491
492
493
495
497
498
500
501
505
506
508
518
519
521
522
524
526
528
530
531
532
534
541
542
544
546
549
551
552
553
554
556
557
562
566
568
569
570
571
572
573
575
577
579
580
582
583
585
592
595
598
600
601
603
604
606
608
609
610
611
612
613
616
622
624
628
630
635
638
643
647
649
650
655
657
658
660
662
663
664
666
668
674
675
679
681
682
684
691
692
693
694
697
700
702
704
705
707
708
710
713
714
716
717
719
721
723
724
727
731
732
733
734
735
737
738
740
741
745
746
747
750
751
752
754
755
756
758
759
760
762
763
765
767
768
770
774
782
783
785
787
788
789
793
794
796
797
800
801
802
804
805
806
809
811
814
815
816
819
821
822
823
825
828
829
830
831
833
834
835
837
838
840
841
846
847
849
851
853
854
855
856
858
859
864
865
866
868
869
870
872
874
875
878
879
882
888
894
897
898
900
902
904
908
910
912
913
914
918
922
923
924
931
932
936
937
938
939
941
942
945
946
947
948
949
950
953
955
957
961
963
964
965
967
968
972
974
977
979
985
992
993
1001
1004
1009
1010
1013
1015
1017
1018
1020
1021
1022
1023
1025
1027
1028
1029
1030
1034
1035
1040
1041
1042
1048
1049
1051
1052
1056
1057
1070
1071
1072
1074
1075
1077
1079
1080
1081
1082
1083
1086
1090
1091
1093
1095
1098
1099
1100
1101
1102
1103
1104
1105
1106
1112
1113
1116
1117
1118
1119
1121
1123
1125
1126
1128
1129
1132
1133
1134
1135
1139
1140
1141
1143
1144
1145
1148
1149
1152
1160
1161
1162
1166
1167
1168
1169
1170
1171
1172
1175
1177
1178
1179
1185
1190
1191
1193
1194
1197
1199
1203
1204
1206
1207
1208
1212
1213
1214
1218
1219
1220
1222
1225
1227
1228
1233
1234
1238
1242
1244
1251
1253
1254
1256
1265
1266
1267
1269
1274
1276
1281
1285
1286
1288
1294
1295
1296
1301
1302
1303
1306
1308
1310
1312
1313
1314
1319
1324
1327
1328
1329
1330
1332
1336
1339
1341
1344
1345
1348
1350
1351
1352
1353
1355
1356
1357
1359
1361
1362
1363
1365
1370
1371
1373
1374
1376
1377
1378
1379
1381
1384
1385
1386
1388
1394
1396
1398
1400
1401
1403
1404
1405
1407
1408
1409
1412
1413
1416
1418
1419
1420
1424
1426
1427
1430
1435
1438
1445
1446
1449
1454
1455
1456
1458
1460
1461
1464
1465
1469
1473
1476
1477
1478
1480
1481
1488
1491
1492
1494
1495
1501
1504
1505
1508
1510
1518
1519
1520
1521
1523
1528
1529
1530
1535
1537
1539
1541
1543
1544
1547
1550
1551
1552
1554
1555
1558
1559
1560
1561
1563
1565
1567
1569
1570
1572
1574
1575
1577
1578
1579
1581
1582
1583
1586
1590
1592
1593
1594
1595
1596
1598
1599
1601
1602
1604
1607
1608
1609
1611
1612
1613
1615
1618
1619
1620
1622
1623
1625
1628
1648
1651
1652
1654
1668
1673
1676
1681
1682
1683
1684
1685
1688
1690
1691
1693
1694
1703
1704
1705
1707
1708
1711
1712
1713
1714
1715
1717
1719
1721
1723
1724
1726
1727
1731
1732
1734
1737
1738
1741
1742
1745
1746
1750
1753
1754
1755
1757
1759
1760
1761
1762
1763
1765
1766
1773
1775
1776
1777
1779
1780
1782
1783
1786
1788
1792
1794
1796
1798
1799
1800
1801
1803
1806
1807
1809
1811
1815
1816
1817
1818
1820
1823
1826
1828
1830
1831
1835
1836
1840
1844
1845
1847
1848
1850
1856
1862
1863
1864
1865
1866
1868
1870
1875
1876
1878
1879
1882
1884
1885
1886
1887
1890
1891
1892
1893
1894
1895
1900
1901
1905
1906
1909
1911
1912
1913
1915
1916
1917
1918
1921
1922
1923
1925
1926
1927
1928
1934
1935
1936
1938
1939
1940
1941
1948
1949
1951
1955
1961
1963
1964
1966
1967
1970
1971
1975
1976
1977
1982
1983
1984
1986
1987
1989
1994
1995
1997
1999
2000
2008
2012
2017
2018
2021
2024
2025
2028
2030
2035
2036
2038
2039
2046
2048
2051
2052
2055
2057
2062
2063
2065
2067
2068
2069
2071
2077
2078
2079
2084
2086
2087
2088
2089
2090
2092
2093
2100
2101
2103
2107
2108
2110
2111
2113
2114
2115
2116
2118
2119
2121
2123
2124
2125
2127
2128
2129
2131
2134
2135
2137
2138
2139
2140
2141
2142
2144
2147
2149
2150
2151
2153
2159
2162
2165
2168
2169
2173
2174
2175
2177
2178
2179
2181
2182
2183
2184
2188
2189
2192
2194
2199
2200
2201
2204
2208
2212
2213
2214
2220
2221
2222
2225
2227
2236
2238
2239
2241
2242
2244
2245
2246
2248
2249
2250
2251
2254
2263
2264
2265
2267
2268
2270
2271
2273
2274
2276
2282
2289
2290
2291
2292
2294
2295
2296
2297
2302
2304
2312
2313
2314
2315
2316
2317
2318
2319
2321
2325
2326
2328
2329
2338
2340
2345
2346
2350
2356
2359
2362
2363
2364
2366
2367
2368
2370
2371
2372
2374
2375
2377
2378
2380
2381
2383
2388
2389
2390
2393
2394
2397
2399
2400
2402
2403
2405
2406
2407
2415
2416
2417
2419
2420
2422
2425
2431
2438
2440
2442
2443
2444
2445
2446
2449
2451
2453
2455
2460
2461
2465
2475
2479
2480
2481
2484
2485
2487
2489
2490
2491
2492
2493
2494
2495
2496
2499
2500
2501
2505
2507
2509
2510
2511
2512
2515
2518
2519
2521
2522
2524
2525
2526
2528
2530
2532
2533
2534
2535
2536
2537
2539
2541
2542
2543
2546
2548
2549
2550
2552
2559
2560
2562
2564
2565
2567
2568
2573
2576
2577
2579
2584
2585
2589
2594
2595
2598
2599
2600
2605
2607
2610
2614
2616
2632
2633
2635
2636
2637
2639
2641
2642
2643
2645
2646
2647
2648
2650
2654
2655
2657
2658
2659
2660
2661
2662
2665
2668
2669
2672
2673
2674
2675
2676
2677
2678
2679
2680
2681
2682
2685
2688
2694
2695
2698
2699
2704
2705
2707
2711
2712
2716
2717
2718
2719
2720
2721
2723
2724
2726
2727
2728
2731
2736
2739
2740
2741
2750
2751
2753
2755
2756
2759
2761
2762
2765
2767
2769
2773
2775
2778
2779
2780
2781
2782
2783
2786
2788
2789
2792
2794
2796
2797
2800
2801
2802
2803
2804
2805
2806
2809
2814
2815
2816
2817
2825
2829
2830
2834
2837
2841
2851
2855
2856
2857
2860
2861
2862
2863
2864
2867
2869
2870
2872
2877
2879
2882
2884
2887
2890
2891
2896
2898
2899
2900
2903
2904
2905
2906
2908
2911
2913
2915
2916
2917
2920
2922
2924
2926
2927
2928
2929
2930
2931
2933
2935
2936
2939
2940
2942
2945
2946
2948
2950
2951
2952
2953
2959
2961
2962
2963
2964
2966
2967
2968
2969
2970
2974
2975
2980
2982
2984
2986
2989
2993
2994
2995
2996
2998
3000
3001
3005
3007
3008
3009
3011
3018
3020
3021
3023
3024
3025
3026
3029
3030
3031
3032
3033
3035
3036
3037
3039
3043
3045
3046
3054
3055
3059
3062
3063
3065
3066
3067
3068
3071
3073
3075
3078
3085
3086
3087
3100
3101
3102
3103
3106
3107
3109
3115
3117
3119
3120
3121
3122
3124
3126
3140
3141
3143
3148
3151
3158
3160
3161
3162
3166
3169
3171
3172
3174
3175
3176
3177
3178
3180
3185
3187
3194
3195
3198
3199
3201
3204
3205
3207
3209
3211
3213
3214
3225
3228
3233
3238
3239
3240
3241
3242
3252
3253
3257
3266
3269
3273
3275
3278
3279
3280
3285
3286
3287
3293
3296
3298
3299
3303
3304
3305
3306
3308
3314
3315
3316
3318
3319
3323
3324
3325
3326
3327
3330
3340
3341
3342
3343
3344
3345
3346
3348
3354
3356
3358
3359
3364
3367
3374
3378
3379
3381
3386
3388
3389
3390
3391
3393
3394
3396
3397
3398
3399
3400
3402
3405
3406
3409
3411
3412
3413
3415
3416
3418
3421
3426
3427
3429
3438
3439
3440
3441
3442
3444
3446
3448
3451
3452
3455
3457
3461
3464
3468
3469
3470
3472
3473
3476
3480
3485
3490
3493
3495
3496
3497
3498
3503
3505
3508
3511
3514
3515
3518
3520
3521
3522
3523
3532
3533
3534
3538
3539
3542
3546
3548
3549
3552
3553
3554
3556
3557
3558
3560
3566
3567
3570
3576
3577
3578
3579
3582
3587
3593
3595
3596
3597
3598
3601
3605
3607
3608
3619
3621
3628
3629
3630
3631
3633
3634
3638
3639
3641
3642
3643
3644
3645
3646
3651
3652
3654
3655
3656
3657
3659
3660
3665
3667
3673
3675
3676
3677
3678
3679
3682
3684
3687
3689
3691
3692
3693
3696
3697
3698
3700
3705
3707
3708
3710
3713
3714
3717
3718
3720
3723
3725
3726
3727
3729
3730
3733
3736
3738
3741
3742
3743
3744
3745
3747
3748
3749
3750
3754
3756
3758
3759
3770
3776
3777
3779
3782
3783
3786
3789
3792
3793
3794
3797
3798
3799
3801
3803
3807
3810
3811
3812
3815
3816
3817
3818
3819
3820
3822
3826
3827
3829
3832
3833
3837
3838
3839
3840
3841
3842
3843
3845
3846
3848
3856
3859
3862
3863
3866
3868
3869
3873
3875
3878
3880
3881
3886
3888
3889
3892
3894
3900
3901
3902
3908
3909
3918
3920
3921
3922
3924
3936
3938
3939
3940
3941
3942
3943
3948
3961
3963
3964
3966
3967
3969
3973
3975
3977
3979
3981
3982
3987
3988
3989
3992
3995
3996
3997
3998
3999
4000
4001
4003
4004
4005
4006
4007
4008
4010
4012
4013
4014
4021
4025
4027
4028
4029
4030
4032
4038
4039
4043
4045
4046
4047
4048
4050
4051
4052
4053
4055
4056
4060
4062
4063
4064
4067
4070
4075
4081
4083
4084
4099
4101
4103
4104
4106
4108
4110
4112
4113
4117
4119
4120
4121
4123
4130
4135
4136
4137
4138
4140
4142
4143
4144
4145
4147
4150
4152
4153
4156
4158
4159
4160
4164
4166
4167
4169
4170
4173
4174
4175
4176
4178
4179
4187
4190
4193
4194
4196
4199
4204
4206
4208
4209
4212
4213
4214
4215
4218
4220
4222
4225
4229
4233
4236
4242
4243
4246
4247
4248
4249
4250
4251
4253
4254
4257
4259
4265
4267
4268
4269
4270
4271
4272
4273
4274
4275
4276
4277
4281
4282
4283
4285
4286
4287
4288
4289
4291
4292
4295
4299
4303
4305
4318
4319
4321
4323
4324
4325
4326
4328
4329
4334
4335
4337
4338
4341
4342
4343
4344
4345
4347
4348
4349
4350
4353
4355
4357
4358
4359
4360
4361
4363
4364
4366
4367
4371
4372
4377
4378
4380
4381
4382
4383
4384
4387
4388
4395
4396
4398
4399
4402
4404
4406
4408
4410
4411
4414
4418
4421
4423
4424
4427
4429
4430
4433
4435
4436
4444
4445
4446
4448
4449
4450
4452
4455
4456
4457
4459
4462
4463
4465
4467
4469
4477
4481
4486
4489
4490
4493
4495
4506
4507
4508
4510
4511
4514
4515
4518
4519
4520
4521
4526
4528
4546
4548
4549
4552
4553
4557
4558
4559
4563
4564
4565
4568
4571
4572
4574
4575
4576
4580
4581
4582
4583
4587
4588
4590
4591
4593
4594
4596
4597
4600
4603
4604
4606
4607
4612
4613
4614
4617
4618
4619
4620
4622
4629
4630
4631
4633
4635
4636
4640
4643
4645
4650
4654
4658
4659
4660
4661
4662
4665
4667
4668
4671
4672
4677
4679
4680
4681
4682
4684
4685
4686
4689
4693
4699
4700
4703
4708
4709
4710
4712
4713
4715
4716
4717
4718
4719
4720
4722
4724
4725
4726
4728
4742
4743
4744
4747
4748
4751
4752
4753
4755
4758
4759
4764
4767
4769
4773
4775
4776
4786
4797
4798
4801
4807
4809
4810
4811
4814
4815
4816
4820
4821
4822
4823
4824
4825
4830
4832
4834
4835
4838
4839
4841
4842
4847
4848
4849
4850
4851
4854
4860
4861
4862
4863
4866
4868
4869
4870
4872
4874
4878
4881
4883
4884
4885
4889
4890
4892
4894
4895
4896
4897
4899
4900
4903
4907
4908
4910
4912
4914
4915
4917
4918
4919
4920
4921
4932
4934
4936
4947
4948
4949
4954
4956
4962
4963
4966
4967
4968
4969
4971
4973
4974
4975
4979
4980
4984
4985
4986
4989
4990
4991
4996
4997
4999
5000
5003
5006
5007
5010
5012
5014
5015
5016
5017
5020
5021
5025
5036
5037
5039
5040
5041
5042
5043
5048
5049
5050
5053
5064
5065
5066
5072
5076
5078
5080
5081
5084
5085
5092
5093
5094
5097
5099
5100
5101
5102
5103
5105
5107
5112
5127
5132
5137
5138
5139
5140
5142
5144
5147
5151
5152
5154
5156
5157
5158
5159
5166
5167
5168
5171
5172
5175
5176
5177
5178
5181
5183
5184
5188
5191
5202
5209
5210
5213
5215
5219
5223
5224
5225
5226
5229
5237
5239
5243
5245
5247
5249
5250
5251
5252
5253
5256
5259
5260
5261
5262
5263
5264
5265
5267
5268
5269
5271
5276
5277
5279
5282
5283
5284
5294
5295
5296
5298
5299
5302
5303
5311
5312
5314
5315
5316
5317
5321
5323
5324
5326
5327
5328
5337
5338
5340
5342
5343
5344
5345
5346
5347
5348
5349
5350
5352
5353
5354
5363
5367
5371
5372
5373
5377
5379
5387
5395
5403
5406
5410
5413
5414
5421
5425
5427
5428
5431
5436
5437
5438
5439
5441
5443
5444
5446
5447
5448
5450
5452
5453
5455
5465
5466
5467
5468
5469
5470
5472
5475
5478
5479
5480
5481
5482
5486
5489
5490
5491
5492
5493
5497
5500
5502
5503
5504
5505
5506
5508
5509
5510
5511
5512
5513
5520
5521
5525
5527
5528
5533
5535
5536
5538
5541
5542
5543
5544
5546
5547
5548
5551
5552
5553
5555
5557
5558
5559
5560
5561
5562
5563
5570
5571
5572
5573
5576
5578
5579
5580
5581
5583
5584
5587
5591
5595
5598
5600
5601
5603
5604
5606
5607
5608
5612
5613
5615
5625
5626
5627
5628
5632
5641
5642
5645
5647
5648
5649
5650
5651
5652
5653
5654
5657
5659
5660
5662
5668
5669
5677
5678
5680
5681
5682
5684
5689
5691
5694
5696
5699
5702
5704
5706
5707
5709
5710
5711
5712
5713
5714
5715
5717
5720
5723
5724
5727
5729
5731
5736
5737
5738
5740
5741
5743
5744
5758
5759
5760
5762
5763
5766
5767
5768
5770
5772
5773
5774
5775
5778
5779
5782
5788
5795
5798
5802
5804
5805
5806
5808
5810
5814
5815
5816
5819
5825
5826
5827
5829
5832
5836
5837
5838
5839
5840
5841
5848
5849
5850
5851
5852
5856
5858
5862
5863
5864
5865
5866
5870
5871
5872
5873
5876
5880
5881
5884
5885
5888
5890
5891
5892
5893
5894
5899
5900
5901
5902
5905
5907
5909
5910
5911
5913
5914
5915
5916
5917
5918
5919
5920
5923
5925
5927
5930
5934
5939
5942
5952
5954
5958
5959
5963
5967
5970
5980
5982
5984
5987
5991
5992
5994
5999
6003
6005
6006
6008
6009
6014
6028
6030
6034
6035
6037
6039
6043
6045
6046
6048
6049
6050
6061
6064
6065
6066
6067
6069
6072
6078
6080
6084
6087
6088
6089
6090
6093
6094
6098
6112
6114
6115
6116
6120
6124
6125
6126
6127
6128
6129
6130
6131
6138
6140
6142
6152
6153
6156
6157
6158
6159
6161
6163
6169
6175
6177
6180
6181
6184
6187
6188
6190
6191
6192
6194
6204
6205
6206
6207
6210
6211
6212
6213
6214
6216
6217
6218
6219
6223
6224
6225
6226
6227
6228
6229
6230
6231
6242
6244
6245
6246
6249
6251
6252
6254
6256
6257
6258
6260
6261
6266
6269
6270
6272
6273
6274
6275
6276
6277
6279
6281
6289
6290
6291
6292
6296
6297
6299
6301
6306
6307
6309
6313
6314
6317
6318
6323
6324
6325
6328
6329
6331
6332
6335
6337
6339
6341
6344
6345
6351
6352
6354
6355
6356
6357
6358
6360
6365
6366
6374
6375
6376
6378
6379
6381
6382
6383
6386
6388
6389
6390
6391
6393
6396
6398
6401
6405
6406
6410
6411
6418
6420
6425
6429
6430
6432
6433
6434
6435
6438
6439
6443
6444
6447
6450
6451
6452
6454
6458
6464
6465
6466
6468
6470
6471
6473
6476
6477
6480
6481
6482
6484
6485
6486
6487
6490
6495
6499
6502
6504
6506
6507
6512
6514
6516
6520
6521
6522
6523
6526
6531
6534
6536
6537
6538
6540
6543
6546
6548
6553
6554
6555
6557
6558
6561
6562
6563
6564
6566
6569
6570
6571
6572
6573
6574
6578
6579
6585
6586
6587
6588
6590
6593
6595
6597
6598
6600
6601
6604
6606
6608
6610
6612
6613
6616
6617
6618
6619
6620
6622
6624
6625
6627
6629
6632
6633
6635
6638
6645
6646
6648
6654
6655
6656
6658
6661
6666
6670
6672
6673
6674
6676
6677
6681
6682
6683
6687
6688
6690
6691
6693
6694
6696
6697
6699
6702
6706
6708
6712
6715
6717
6720
6721
6723
6726
6727
6728
6735
6740
6741
6742
6745
6747
6748
6749
6751
6753
6755
6756
6758
6759
6762
6763
6766
6768
6771
6772
6774
6777
6778
6781
6790
6792
6796
6797
6799
6801
6802
6803
6805
6807
6810
6811
6814
6815
6816
6818
6821
6825
6826
6828
6832
6836
6838
6840
6841
6845
6846
6847
6850
6851
6852
6853
6854
6855
6856
6857
6858
6860
6864
6866
6867
6874
6875
6877
6878
6879
6880
6882
6885
6887
6888
6889
6891
6894
6897
6898
6899
6906
6910
6913
6915
6916
6917
6918
6919
6920
6924
6925
6926
6927
6929
6930
6934
6935
6948
6954
6955
6959
6960
6965
6966
6970
6977
6978
6979
6980
6981
6987
6988
7004
7005
7006
7008
7009
7010
7011
7012
7013
7020
7025
7026
7028
7031
7033
7034
7035
7036
7038
7039
7040
7041
7046
7047
7049
7050
7055
7056
7057
7058
7059
7060
7061
7062
7063
7075
7076
7078
7079
7080
7082
7083
7085
7090
7093
7095
7097
7099
7100
7101
7102
7104
7105
7108
7109
7110
7111
7115
7117
7119
7121
7124
7125
7127
7130
7131
7132
7140
7141
7144
7147
7148
7149
7151
7152
7157
7159
7164
7165
7166
7168
7171
7174
7177
7179
7182
7183
7184
7185
7186
7189
7203
7206
7209
7210
7211
7216
7217
7219
7220
7224
7225
7230
7231
7242
7243
7245
7247
7248
7249
7251
7252
7254
7256
7257
7258
7276
7277
7278
7281
7282
7283
7284
7286
7288
7289
7297
7298
7304
7305
7306
7307
7308
7309
7311
7312
7313
7314
7315
7316
7318
7319
7320
7321
7322
7340
7341
7342
7343
7344
7350
7358
7362
7364
7369
7370
7372
7373
7374
7377
7378
7381
7382
7383
7388
7395
7405
7406
7407
7409
7411
7412
7413
7415
7417
7418
7419
7421
7422
7429
7430
7431
7432
7434
7439
7441
7442
7449
7450
7455
7456
7458
7463
7464
7467
7469
7470
7474
7475
7480
7481
7485
7486
7487
7489
7497
7499
7500
7504
7505
7506
7507
7513
7515
7516
7520
7521
7523
7526
7529
7531
7533
7534
7535
7536
7548
7549
7550
7553
7554
7556
7558
7559
7561
7566
7568
7570
7572
7573
7574
7576
7578
7579
7583
7588
7591
7596
7598
7599
7600
7601
7602
7605
7606
7609
7615
7616
7617
7620
7622
7625
7626
7627
7628
7631
7633
7634
7636
7638
7640
7641
7643
7645
7648
7650
7653
7654
7655
7656
7657
7659
7662
7663
7667
7668
7669
7684
7686
7689
7690
7691
7693
7694
7695
7696
7698
7707
7708
7710
7713
7715
7716
7719
7720
7725
7726
7727
7729
7733
7734
7737
7748
7749
7750
7757
7759
7760
7761
7762
7763
7764
7771
7772
7776
7777
7778
7781
7784
7785
7786
7789
7793
7794
7808
7810
7813
7814
7815
7816
7817
7818
7819
7822
7823
7824
7825
7826
7829
7830
7831
7832
7835
7838
7839
7840
7844
7845
7846
7848
7851
7853
7854
7856
7860
7863
7864
7865
7866
7870
7873
7875
7877
7880
7884
7885
7887
7888
7890
7891
7892
7893
7894
7897
7899
7901
7909
7910
7912
7913
7916
7919
7921
7922
7924
7925
7926
7927
7928
7930
7932
7934
7935
7936
7938
7941
7942
7944
7947
7948
7949
7951
7957
7959
7960
7963
7964
7968
7970
7974
7976
7981
7982
7985
7986
7987
7990
7992
7997
7998
8000
8001
8002
8005
8006
8010
8011
8013
8014
8015
8017
8019
8023
8025
8026
8027
8028
8031
8032
8034
8035
8038
8039
8041
8045
8046
8048
8051
8052
8057
8058
8059
8060
8061
8064
8065
8066
8067
8069
8071
8072
8073
8074
8076
8077
8078
8079
8080
8087
8090
8093
8096
8098
8099
8102
8103
8105
8107
8108
8110
8112
8114
8115
8120
8122
8125
8126
8127
8129
8130
8132
8134
8137
8138
8139
8140
8141
8143
8145
8149
8150
8153
8159
8164
8169
8173
8175
8176
8177
8179
8180
8182
8185
8189
8190
8191
8192
8193
8195
8196
8201
8212
8214
8215
8217
8218
8220
8221
8230
8232
8233
8234
8236
8245
8254
8255
8256
8257
8258
8259
8262
8265
8269
8270
8271
8273
8274
8277
8280
8283
8284
8288
8304
8305
8306
8309
8310
8311
8314
8317
8318
8319
8320
8324
8327
8329
8332
8336
8337
8340
8342
8343
8345
8346
8348
8352
8354
8355
8358
8359
8364
8366
8367
8369
8371
8374
8375
8378
8379
8380
8381
8382
8384
8385
8389
8391
8393
8394
8395
8396
8397
8399
8400
8411
8412
8414
8415
8416
8421
8423
8424
8426
8432
8433
8437
8438
8446
8448
8450
8454
8455
8456
8457
8458
8459
8462
8467
8468
8469
8472
8473
8475
8476
8477
8478
8481
8488
8489
8490
8491
8493
8494
8497
8498
8500
8506
8508
8509
8511
8512
8513
8514
8520
8522
8530
8536
8539
8543
8545
8546
8547
8548
8550
8551
8553
8560
8562
8564
8566
8567
8568
8570
8572
8575
8578
8579
8580
8582
8586
8588
8590
8594
8596
8598
8600
8601
8602
8604
8605
8612
8617
8618
8619
8620
8621
8624
8625
8626
8627
8628
8632
8633
8636
8640
8642
8643
8648
8649
8651
8652
8653
8654
8656
8659
8662
8666
8668
8669
8670
8673
8675
8677
8678
8685
8687
8689
8690
8691
8693
8695
8699
8703
8704
8705
8711
8712
8713
8715
8716
8717
8718
8721
8723
8725
8727
8728
8729
8730
8732
8734
8735
8736
8740
8741
8743
8745
8746
8749
8751
8753
8754
8755
8758
8760
8762
8763
8764
8765
8766
8767
8772
8773
8774
8776
8778
8779
8780
8781
8783
8784
8785
8787
8788
8789
8791
8797
8800
8801
8804
8805
8807
8809
8810
8813
8814
8817
8820
8823
8824
8825
8833
8836
8837
8839
8840
8847
8849
8851
8852
8854
8855
8861
8866
8867
8868
8875
8876
8878
8880
8882
8883
8884
8885
8887
8890
8891
8897
8900
8901
8902
8903
8905
8910
8911
8912
8913
8914
8915
8917
8918
8919
8920
8922
8923
8927
8932
8939
8944
8945
8946
8948
8950
8951
8952
8953
8956
8957
8958
8959
8960
8963
8966
8967
8972
8973
8977
8980
8981
8982
8984
8987
8989
8991
8992
8993
8997
9001
9002
9004
9007
9008
9010
9012
9013
9014
9015
9016
9017
9018
9019
9032
9035
9037
9038
9039
9042
9043
9044
9049
9050
9052
9053
9058
9059
9060
9063
9067
9069
9070
9073
9074
9076
9077
9079
9081
9088
9091
9092
9094
9096
9099
9101
9103
9104
9107
9110
9114
9116
9117
9129
9132
9134
9135
9139
9141
9144
9147
9148
9151
9155
9157
9159
9160
9161
9163
9165
9167
9169
9170
9171
9173
9177
9181
9183
9185
9186
9187
9188
9190
9193
9195
9196
9197
9198
9201
9203
9204
9205
9208
9210
9216
9219
9220
9221
9224
9227
9231
9233
9234
9235
9236
9237
9239
9241
9243
9245
9250
9254
9256
9259
9260
9261
9262
9264
9267
9270
9271
9274
9275
9277
9278
9279
9281
9283
9286
9287
9288
9290
9293
9294
9295
9296
9297
9302
9305
9306
9309
9311
9314
9317
9323
9326
9328
9330
9333
9334
9335
9336
9337
9338
9340
9344
9346
9350
9351
9352
9358
9359
9360
9361
9362
9363
9368
9369
9370
9372
9373
9374
9380
9381
9383
9384
9386
9387
9389
9391
9392
9393
9394
9396
9398
9399
9401
9404
9405
9409
9410
9411
9412
9414
9415
9416
9418
9423
9424
9427
9428
9429
9430
9432
9433
9436
9437
9444
9445
9446
9447
9448
9449
9450
9452
9453
9454
9455
9456
9458
9459
9460
9462
9463
9464
9465
9466
9469
9472
9473
9474
9482
9485
9488
9489
9490
9491
9493
9495
9499
9500
9501
9509
9511
9513
9516
9518
9521
9534
9536
9545
9546
9547
9548
9550
9552
9556
9563
9568
9569
9574
9576
9583
9584
9585
9589
9590
9594
9595
9596
9601
9605
9606
9607
9608
9609
9610
9611
9613
9614
9622
9624
9626
9627
9632
9637
9638
9639
9642
9644
9645
9648
9652
9654
9662
9663
9665
9666
9667
9669
9672
9676
9677
9678
9680
9681
9684
9685
9686
9687
9688
9694
9695
9698
9699
9700
9702
9703
9705
9706
9707
9710
9712
9714
9715
9718
9721
9723
9724
9726
9728
9729
9731
9732
9738
9741
9742
9744
9755
9758
9759
9763
9767
9769
9770
9775
9776
9779
9780
9781
9782
9783
9784
9793
9794
9796
9798
9799
9800
9801
9802
9803
9806
9809
9811
9816
9818
9819
9821
9823
9825
9829
9832
9834
9835
9836
9837
9839
9840
9842
9846
9850
9853
9854
9858
9859
9861
9862
9863
9865
9866
9867
9869
9870
9871
9872
9874
9875
9877
9880
9881
9884
9889
9892
9893
9894
9902
9904
9905
9906
9911
9912
9913
9914
9918
9920
9921
9922
9923
9925
9927
9932
9934
9937
9938
9943
9950
9952
9953
9954
9958
9960
9962
9963
9966
9967
9969
9970
9971
9972
9976
9977
9978
9982
9984
9987
9988
9989
9990
9991
9992
9994
9995
9998
10000
10001
10003
10009
10016
10020
10024
10025
10027
10030
10031
10034
10035
10036
10037
10038
10039
10040
10045
10046
10049
10050
10054
10055
10058
10061
10064
10067
10068
10069
10070
10071
10074
10075
10079
10080
10081
10082
10083
10085
10086
10099
10100
10102
10103
10104
10105
10107
10116
10118
10123
10125
10126
10127
10128
10130
10135
10136
10137
10140
10142
10143
10148
10150
10152
10153
10159
10160
10162
10163
10167
10171
10172
10173
10174
10176
10183
10184
10186
10190
10191
10192
10193
10201
10208
10209
10213
10214
10215
10217
10219
10220
10221
10222
10224
10225
10226
10229
10232
10235
10236
10237
10239
10240
10245
10248
10250
10254
10255
10258
10259
10261
10262
10265
10266
10270
10272
10273
10274
10275
10276
10279
10282
10284
10285
10286
10287
10289
10290
10294
10295
10297
10298
10299
10301
10302
10305
10307
10309
10310
10312
10314
10318
10319
10322
10324
10328
10329
10330
10333
10337
10339
10341
10343
10344
10346
10347
10348
10357
10358
10359
10363
10364
10368
10372
10373
10375
10376
10377
10378
10382
10395
10396
10398
10399
10401
10404
10405
10406
10408
10410
10411
10412
10413
10416
10419
10423
10424
10425
10426
10427
10431
10434
10437
10442
10443
10444
10445
10450
10453
10465
10469
10481
10483
10486
10488
10489
10490
10491
10495
10496
10498
10499
10500
10502
10505
10506
10508
10509
10510
10512
10514
10516
10517
10518
10519
10520
10521
10522
10523
10526
10528
10530
10531
10532
10533
10534
10536
10537
10539
10540
10541
10542
10543
10544
10548
10550
10551
10552
10553
10554
10561
10564
10567
10568
10572
10574
10575
10576
10579
10586
10587
10588
10591
10592
10595
10596
10598
10599
10600
10601
10603
10605
10609
10611
10612
10613
10616
10617
10618
10619
10622
10624
10625
10629
10632
10634
10638
10639
10644
10653
10654
10659
10660
10661
10662
10664
10666
10667
10668
10672
10673
10675
10677
10679
10682
10683
10685
10686
10688
10696
10697
10698
10701
10702
10706
10707
10710
10711
10714
10716
10718
10719
10720
10724
10725
10727
10728
10733
10734
10739
10740
10742
10748
10749
10751
10753
10754
10758
10762
10764
10766
10769
10771
10772
10775
10776
10778
10779
10783
10784
10785
10788
10789
10790
10791
10792
10795
10796
10800
10802
10803
10805
10806
10807
10818
10819
10820
10821
10822
10825
10826
10827
10830
10834
10843
10848
10849
10850
10851
10856
10858
10859
10861
10862
10867
10868
10871
10872
10873
10876
10878
10879
10888
10889
10890
10891
10893
10894
10902
10903
10904
10905
10910
10912
10913
10914
10915
10917
10918
10920
10928
10929
10930
10933
10934
10935
10936
10938
10939
10941
10942
10943
10944
10948
10951
10952
10953
10954
10956
10959
10961
10962
10963
10967
10970
10971
10972
10975
10976
10978
10979
10980
10984
10986
10988
10990
11005
11006
11009
11014
11017
11019
11022
11023
11024
11025
11026
11027
11031
11032
11033
11037
11038
11039
11040
11044
11048
11049
11050
11052
11053
11057
11058
11059
11060
11061
11064
11067
11068
11069
11077
11079
11081
11086
11088
11089
11093
11094
11097
11099
11100
11102
11104
11114
11125
11132
11133
11136
11139
11145
11148
11150
11152
11154
11156
11159
11160
11161
11163
11164
11167
11168
11169
11170
11171
11174
11178
11179
11182
11186
11187
11190
11195
11197
11198
11199
11200
11209
11210
11214
11215
11216
11217
11218
11221
11222
11223
11226
11229
11231
11233
11236
11237
11238
11239
11240
11241
11242
11244
11246
11249
11254
11257
11258
11273
11275
11277
11278
11279
11281
11283
11285
11287
11288
11289
11291
11292
11293
11299
11303
11307
11310
11315
11316
11319
11321
11322
11323
11324
11328
11331
11332
11334
11335
11336
11338
11342
11345
11346
11352
11354
11355
11358
11361
11362
11363
11365
11366
11368
11370
11371
11372
11373
11374
11380
11381
11382
11384
11386
11387
11388
11389
11391
11395
11398
11402
11403
11405
11407
11408
11409
11411
11417
11418
11420
11424
11425
11428
11429
11430
11433
11434
11440
11441
11442
11444
11446
11454
11457
11459
11460
11461
11462
11463
11464
11467
11469
11470
11471
11473
11474
11476
11478
11482
11483
11484
11485
11486
11491
11501
11503
11504
11505
11506
11508
11509
11511
11519
11529
11531
11536
11538
11539
11540
11545
11547
11548
11549
11551
11552
11555
11556
11559
11561
11562
11563
11567
11568
11569
11575
11576
11578
11579
11580
11583
11584
11585
11587
11588
11589
11592
11594
11595
11597
11599
11600
11601
11602
11603
11605
11606
11610
11613
11617
11619
11620
11622
11624
11625
11628
11630
11631
11633
11634
11636
11643
11644
11645
11649
11654
11655
11663
11664
11667
11668
11670
11671
11682
11684
11685
11686
11687
11688
11689
11691
11693
11694
11695
11696
11699
11702
11703
11704
11706
11708
11710
11711
11713
11715
11717
11718
11720
11722
11725
11726
11727
11730
11731
11732
11735
11736
11738
11739
11741
11746
11748
11750
11751
11753
11754
11755
11758
11771
11772
11773
11774
11775
11776
11778
11779
11781
11782
11783
11789
11790
11793
11794
11796
11797
11799
11802
11804
11806
11808
11809
11810
11811
11818
11822
11823
11825
11826
11830
11831
11834
11835
11836
11837
11839
11845
11852
11859
11860
11862
11863
11864
11865
11868
11870
11872
11873
11874
11875
11878
11879
11881
11883
11887
11890
11893
11894
11895
11902
11903
11905
11909
11910
11911
11913
11915
11916
11917
11920
11922
11926
11930
11931
11932
11934
11938
11940
11941
11942
11943
11944
11950
11952
11953
11954
11957
11959
11962
11963
11966
11969
11970
11971
11974
11980
11981
11982
11983
11984
11990
11991
11995
11999
12000
12002
12003
12004
12005
12009
12011
12012
12013
12016
12019
12027
12037
12038
12040
12047
12050
12054
12055
12056
12057
12058
12065
12067
12068
12069
12070
12071
12072
12074
12075
12077
12078
12080
12082
12083
12084
12088
12089
12090
12091
12094
12095
12098
12099
12101
12104
12113
12115
12116
12117
12119
12120
12123
12124
12126
12128
12129
12132
12134
12135
12136
12141
12142
12143
12144
12146
12147
12148
12155
12156
12159
12160
12161
12162
12173
12175
12176
12179
12181
12182
12183
12186
12190
12192
12195
12196
12197
12199
12201
12204
12205
12211
12215
12216
12219
12220
12224
12225
12228
12229
12232
12233
12234
12235
12236
12237
12239
12241
12242
12243
12244
12246
12247
12250
12253
12256
12264
12265
12266
12267
12273
12274
12276
12277
12278
12280
12282
12283
12285
12286
12287
12289
12290
12294
12295
12297
12298
12301
12302
12304
12307
12311
12317
12318
12319
12320
12322
12323
12324
12326
12330
12331
12335
12340
12343
12344
12347
12348
12350
12353
12354
12356
12357
12358
12359
12365
12368
12373
12374
12378
12379
12380
12382
12383
12385
12397
12399
12400
12401
12403
12404
12405
12406
12413
12414
12415
12416
12417
12418
12420
12426
12429
12432
12433
12435
12437
12440
12442
12443
12444
12446
12448
12453
12454
12456
12457
12458
12462
12469
12470
12472
12473
12475
12480
12483
12485
12487
12488
12490
12491
12492
12494
12495
12497
12498
12499
12500
12502
12503
12513
12514
12515
12517
12519
12520
12521
12523
12524
12526
12530
12531
12532
12533
12534
12535
12536
12538
12539
12543
12546
12547
12549
12552
12554
12555
12556
12558
12559
12561
12564
12566
12567
12568
12569
12571
12572
12575
12577
12579
12583
12588
12589
12594
12595
12597
12598
12599
12600
12601
12602
12603
12607
12608
12609
12612
12614
12616
12617
12619
12621
12623
12627
12630
12631
12634
12635
12636
12637
12639
12640
12641
12642
12643
12645
12648
12650
12652
12653
12654
12657
12658
12662
12664
12665
12667
12672
12673
12676
12677
12679
12680
12684
12685
12686
12688
12689
12690
12691
12694
12695
12701
12707
12708
12709
12710
12714
12715
12717
12719
12721
12722
12723
12725
12727
12732
12734
12743
12744
12745
12748
12752
12754
12824
12825
12826
12830
12835
12837
12838
12839
12841
12842
12844
12845
12846
12851
12858
12859
12861
12862
12863
12864
12866
12871
12874
12877
12878
12883
12884
12885
12889
12891
12892
12895
12896
12900
12902
12904
12905
12906
12908
12909
12911
12912
12913
12915
12916
12917
12918
12922
12923
12924
12928
12929
12932
12935
12936
12938
12940
12941
12943
12945
12947
12948
12949
12950
12951
12953
12961
12964
12966
12967
12968
12969
12970
12971
12972
12974
12975
12976
12977
12982
12984
12985
12991
12994
12996
12997
12998
13000
13001
13003
13006
13008
13010
13012
13013
13014
13022
13023
13026
13028
13029
13030
13031
13032
13034
13039
13040
13043
13047
13050
13051
13052
13056
13057
13058
13060
13063
13066
13067
13068
13069
13074
13075
13077
13078
13079
13081
13082
13083
13084
13085
13087
13093
13095
13098
13101
13102
13103
13106
13111
13114
13117
13125
13126
13130
13131
13135
13136
13137
13138
13140
13143
13146
13147
13149
13153
13154
13155
13157
13159
13162
13171
13173
13174
13175
13177
13178
13182
13186
13187
13191
13192
13194
13195
13196
13197
13199
13200
13205
13206
13207
13208
13211
13214
13215
13216
13217
13218
13220
13221
13222
13226
13228
13229
13231
13234
13235
13236
13237
13239
13240
13243
13246
13247
13249
13252
13253
13254
13255
13257
13262
13263
13264
13265
13266
13268
13271
13272
13273
13274
13277
13280
13281
13284
13285
13286
13288
13289
13293
13296
13297
13298
13302
13307
13308
13325
13326
13328
13330
13331
13333
13335
13338
13339
13340
13344
13347
13348
13349
13351
13352
13353
13364
13365
13369
13371
13372
13374
13375
13380
13382
13383
13384
13386
13387
13389
13391
13393
13395
13398
13401
13403
13404
13409
13411
13413
13414
13415
13416
13419
13420
13423
13428
13430
13435
13440
13446
13447
13448
13449
13450
13451
13453
13455
13459
13460
13464
13466
13468
13470
13471
13472
13474
13476
13477
13483
13484
13486
13488
13491
13496
13501
13502
13506
13508
13513
13514
13517
13519
13520
13521
13522
13523
13524
13527
13528
13529
13532
13534
13536
13538
13540
13542
13545
13546
13549
13555
13557
13558
13560
13564
13565
13573
13574
13577
13578
13581
13584
13585
13586
13587
13590
13591
13595
13596
13597
13599
13602
13603
13604
13607
13608
13609
13610
13611
13612
13614
13617
13621
13622
13625
13629
13631
13633
13641
13642
13643
13647
13650
13651
13652
13655
13656
13657
13661
13662
13663
13664
13665
13668
13669
13671
13673
13676
13677
13680
13681
13686
13688
13689
13690
13691
13692
13694
13695
13696
13697
13701
13703
13706
13708
13709
13710
13712
13714
13717
13724
13730
13736
13738
13741
13742
13745
13746
13747
13751
13752
13753
13757
13758
13761
13762
13766
13767
13768
13769
13772
13774
13777
13778
13779
13780
13782
13783
13784
13788
13790
13793
13794
13797
13800
13801
13802
13803
13805
13806
13807
13809
13815
13825
13826
13827
13828
13829
13832
13833
13835
13837
13839
13841
13844
13846
13847
13848
13850
13851
13852
13853
13854
13856
13857
13859
13862
13863
13865
13867
13868
13870
13872
13874
13875
13876
13878
13879
13880
13882
13883
13887
13889
13890
13891
13893
13894
13895
13898
13901
13904
13907
13908
13909
13911
13914
13915
13916
13918
13921
13922
13924
13926
13928
13931
13932
13934
13935
13936
13939
13941
13942
13944
13945
13946
13950
13953
13954
13955
13957
13959
13961
13962
13965
13968
13969
13970
13971
13972
13974
13982
13984
13985
13986
13987
13988
13994
13998
13999
14001
14002
14003
14005
14007
14009
14011
14013
14016
14022
14023
14024
14030
14033
14034
14036
14038
14039
14046
14049
14054
14062
14070
14073
14075
14076
14077
14081
14084
14085
14088
14090
14098
14103
14106
14107
14108
14109
14112
14113
14114
14115
14116
14120
14122
14123
14126
14129
14130
14131
14134
14135
14136
14145
14146
14148
14154
14157
14158
14159
14161
14162
14164
14167
14171
14173
14174
14175
14176
14177
14178
14182
14183
14184
14189
14192
14193
14196
14203
14205
14206
14207
14210
14211
14212
14213
14217
14221
14222
14229
14230
14232
14234
14249
14250
14251
14252
14256
14258
14263
14267
14270
14271
14274
14278
14280
14283
14288
14290
14292
14293
14294
14295
14296
14297
14301
14303
14304
14305
14306
14308
14309
14310
14311
14313
14332
14333
14335
14336
14338
14339
14343
14345
14348
14349
14350
14364
14365
14368
14369
14371
14375
14376
14381
14382
14383
14384
14385
14386
14387
14389
14391
14393
14394
14399
14400
14414
14415
14417
14418
14419
14420
14421
14426
14428
14429
14430
14434
14441
14442
14444
14445
14447
14450
14451
14455
14457
14461
14463
14473
14474
14476
14480
14481
14484
14485
14486
14488
14490
14492
14496
14497
14498
14499
14502
14506
14507
14511
14512
14513
14515
14519
14521
14524
14526
14527
14529
14530
14532
14542
14543
14545
14547
14549
14550
14551
14552
14555
14557
14561
14562
14564
14565
14568
14569
14570
14571
14574
14575
14576
14580
14582
14584
14586
14592
14593
14594
14595
14596
14605
14609
14610
14613
14614
14617
14619
14620
14622
14623
14624
14626
14628
14639
14640
14641
14654
14655
14661
14662
14663
14665
14669
14671
14673
14678
14682
14683
14684
14685
14686
14688
14694
14695
14701
14703
14704
14708
14709
14711
14712
14714
14716
14718
14721
14722
14723
14727
14729
14730
14731
14733
14734
14737
14738
14739
14740
14741
14742
14743
14745
14748
14749
14756
14757
14758
14761
14765
14766
14767
14769
14770
14776
14780
14781
14785
14787
14791
14793
14795
14796
14805
14807
14811
14812
14816
14818
14819
14820
14822
14823
14837
14838
14839
14840
14841
14842
14843
14848
14853
14855
14858
14859
14865
14867
14870
14871
14872
14877
14878
14880
14882
14885
14887
14888
14889
14893
14900
14902
14903
14904
14909
14912
14914
14915
14926
14927
14928
14930
14932
14935
14936
14937
14938
14939
14940
14941
14944
14945
14947
14950
14952
14955
14957
14958
14961
14962
14964
14967
14968
14969
14970
14971
14972
14974
14975
14980
14982
14983
14984
14990
14991
14993
14994
14999
15001
15002
15003
15005
15006
15007
15008
15009
15011
15012
15015
15017
15019
15020
15021
15026
15029
15030
15031
15033
15035
15037
15038
15040
15043
15046
15047
15050
15058
15059
15060
15065
15067
15068
15071
15072
15083
15084
15085
15086
15087
15088
15091
15093
15094
15095
15096
15102
15103
15105
15107
15109
15110
15112
15113
15114
15115
15117
15120
15121
15123
15128
15145
15146
15147
15148
15149
15152
15153
15154
15157
15158
15160
15161
15162
15164
15165
15166
15167
15168
15171
15172
15175
15177
15178
15184
15185
15187
15188
15189
15190
15191
15192
15202
15203
15206
15207
15208
15210
15211
15214
15215
15216
15217
15218
15219
15220
15223
15225
15226
15227
15228
15229
15252
15255
15256
15258
15261
15263
15264
15265
15266
15268
15269
15272
15273
15278
15279
15280
15281
15284
15285
15286
15289
15298
15300
15301
15304
15307
15308
15309
15310
15311
15314
15318
15319
15323
15325
15326
15330
15331
15342
15343
15345
15346
15353
15355
15365
15368
15369
15370
15371
15373
15375
15377
15378
15382
15384
15386
15388
15394
15397
15398
15400
15404
15405
15406
15408
15411
15414
15415
15416
15418
15419
15423
15424
15427
15433
15434
15436
15438
15440
15443
15444
15446
15447
15448
15451
15452
15464
15465
15466
15467
15468
15469
15476
15478
15479
15480
15486
15487
15488
15490
15491
15492
15493
15494
15495
15496
15498
15499
15500
15502
15503
15509
15510
15511
15512
15519
15520
15521
15522
15524
15525
15527
15531
15532
15533
15534
15535
15536
15538
15543
15544
15546
15547
15551
15552
15555
15556
15558
15559
15561
15564
15565
15566
15568
15569
15570
15574
15576
15577
15578
15581
15582
15583
15584
15585
15589
15591
15593
15594
15597
15598
15599
15600
15603
15606
15607
15610
15611
15613
15614
15615
15619
15620
15631
15632
15640
15642
15643
15644
15647
15649
15650
15654
15656
15660
15662
15663
15664
15665
15666
15667
15672
15673
15674
15675
15676
15677
15679
15681
15682
15684
15687
15690
15698
15699
15704
15706
15707
15708
15712
15714
15718
15719
15722
15724
15725
15732
15734
15735
15736
15739
15742
15744
15745
15747
15748
15750
15751
15752
15755
15758
15759
15760
15761
15764
15766
15775
15776
15778
15780
15782
15783
15784
15786
15793
15794
15798
15799
15800
15805
15807
15808
15810
15815
15819
15825
15827
15829
15830
15833
15835
15839
15841
15843
15844
15850
15852
15855
15857
15860
15862
15864
15866
15867
15868
15870
15872
15873
15875
15876
15877
15878
15881
15882
15885
15887
15888
15889
15890
15898
15901
15902
15904
15906
15912
15914
15915
15917
15919
15925
15927
15928
15930
15934
15935
15937
15938
15943
15945
15947
15948
15951
15953
15956
15961
15964
15965
15966
15967
15969
15972
15974
15975
15978
15980
15981
15984
15987
15992
15993
15994
15995
15996
16002
16005
16009
16010
16011
16015
16016
16017
16018
16019
16020
16021
16022
16026
16027
16031
16032
16034
16035
16036
16040
16044
16045
16047
16048
16051
16054
16055
16056
16057
16059
16061
16062
16063
16067
16068
16073
16077
16078
16080
16081
16083
16084
16085
16087
16088
16090
16091
16095
16097
16098
16102
16106
16111
16115
16117
16120
16121
16135
16137
16138
16139
16140
16141
16144
16145
16149
16154
16159
16160
16162
16164
16167
16169
16171
16173
16179
16186
16187
16190
16191
16196
16198
16199
16200
16201
16205
16206
16207
16213
16214
16220
16221
16222
16227
16228
16230
16231
16234
16240
16241
16242
16243
16245
16246
16248
16253
16254
16257
16258
16263
16264
16270
16275
16276
16277
16279
16280
16281
16282
16291
16293
16294
16295
16299
16300
16301
16302
16303
16305
16306
16308
16309
16311
16313
16314
16315
16316
16319
16320
16321
16323
16324
16326
16328
16331
16333
16334
16337
16338
16340
16341
16342
16344
16346
16347
16349
16350
16351
16352
16353
16354
16357
16359
16360
16361
16362
16363
16365
16366
16367
16368
16369
16370
16371
16372
16379
16381
16382
16384
16385
16393
16395
16396
16403
16405
16406
16407
16408
16415
16417
16420
16422
16425
16426
16428
16429
16431
16433
16434
16460
16462
16464
16470
16471
16472
16473
16475
16476
16479
16480
16481
16484
16487
16489
16492
16497
16502
16505
16509
16514
16515
16516
16518
16521
16524
16525
16526
16528
16531
16532
16537
16538
16542
16543
16544
16545
16546
16547
16549
16551
16553
16558
16560
16564
16565
16566
16567
16571
16572
16574
16579
16582
16583
16585
16587
16589
16595
16599
16601
16603
16606
16607
16609
16610
16612
16613
16615
16616
16619
16620
16622
16626
16627
16628
16630
16634
16635
16636
16639
16640
16643
16645
16656
16657
16660
16665
16667
16669
16671
16674
16675
16681
16685
16687
16689
16694
16696
16697
16699
16700
16703
16705
16706
16711
16713
16714
16716
16718
16722
16723
16727
16728
16729
16730
16731
16732
16735
16736
16737
16740
16741
16742
16743
16747
16754
16759
16760
16763
16765
16767
16768
16770
16771
16772
16773
16774
16775
16776
16778
16780
16786
16787
16788
16791
16792
16793
16795
16796
16797
16798
16800
16801
16803
16805
16806
16807
16812
16813
16817
16818
16820
16824
16825
16826
16827
16829
16837
16841
16844
16845
16850
16853
16855
16856
16858
16859
16860
16861
16862
16866
16867
16870
16877
16878
16879
16880
16882
16889
16891
16895
16897
16899
16900
16905
16906
16907
16910
16912
16914
16916
16920
16921
16927
16930
16931
16932
16933
16936
16937
16938
16941
16942
16945
16946
16948
16950
16951
16953
16955
16957
16958
16959
16962
16963
16965
16968
16969
16971
16972
16974
16975
16977
16981
16982
16984
16990
16992
16993
16997
16999
17000
17002
17003
17004
17007
17012
17017
17018
17020
17030
17031
17032
17033
17035
17037
17038
17041
17042
17044
17045
17047
17049
17050
17051
17052
17053
17054
17055
17057
17058
17064
17065
17068
17069
17071
17073
17074
17075
17076
17077
17078
17079
17080
17081
17082
17083
17087
17088
17089
17090
17091
17093
17094
17107
17108
17113
17115
17117
17120
17122
17123
17126
17129
17131
17133
17135
17136
17137
17142
17144
17145
17150
17151
17152
17154
17156
17161
17163
17164
17165
17169
17170
17171
17173
17174
17175
17176
17177
17178
17179
17180
17182
17183
17184
17188
17189
17191
17192
17193
17195
17197
17200
17201
17204
17207
17217
17218
17220
17222
17223
17224
17227
17228
17229
17231
17233
17234
17241
17242
17244
17245
17246
17247
17248
17250
17253
17257
17258
17259
17261
17265
17266
17268
17272
17273
17276
17277
17278
17279
17281
17284
17286
17287
17288
17294
17296
17297
17300
17301
17306
17309
17310
17314
17315
17317
17318
17319
17322
17324
17326
17327
17331
17333
17335
17337
17340
17342
17344
17345
17346
17349
17351
17353
17354
17357
17359
17360
17362
17365
17366
17368
17370
17371
17373
17374
17377
17379
17384
17387
17389
17390
17392
17393
17394
17396
17398
17399
17400
17401
17403
17406
17407
17408
17412
17413
17414
17416
17430
17432
17433
17439
17441
17445
17447
17449
17457
17458
17459
17460
17463
17464
17465
17468
17469
17472
17473
17476
17477
17479
17493
17497
17500
17501
17503
17505
17508
17509
17513
17516
17517
17518
17520
17522
17524
17526
17528
17531
17538
17542
17545
17547
17548
17551
17552
17553
17554
17556
17557
17562
17563
17564
17565
17568
17569
17570
17571
17572
17573
17579
17581
17582
17583
17589
17591
17594
17598
17600
17601
17603
17604
17605
17607
17608
17610
17611
17612
17615
17616
17622
17627
17628
17630
17632
17633
17635
17636
17638
17640
17644
17645
17654
17655
17660
17661
17662
17665
17666
17667
17668
17669
17672
17677
17678
17680
17682
17692
17695
17698
17699
17700
17703
17704
17709
17713
17714
17715
17716
17719
17722
17723
17724
17726
17728
17741
17742
17744
17745
17753
17754
17756
17758
17767
17768
17769
17770
17771
17774
17777
17780
17782
17788
17791
17793
17797
17800
17804
17809
17811
17815
17816
17830
17831
17836
17848
17849
17851
17853
17854
17855
17857
17858
17860
17862
17864
17866
17873
17876
17880
17882
17883
17884
17885
17886
17888
17891
17894
17896
17898
17899
17903
17904
17905
17911
17912
17916
17917
17918
17919
17920
17931
17933
17939
17940
17941
17942
17943
17945
17947
17948
17949
17950
17952
17955
17959
17961
17972
17973
17975
17976
17977
17978
17980
17983
17985
17986
17987
17988
17989
17995
17997
17998
17999
18002
18003
18005
18006
18008
18010
18011
18012
18015
18018
18019
18020
18024
18025
18026
18027
18028
18029
18031
18033
18034
18035
18036
18037
18038
18041
18042
18044
18045
18050
18051
18052
18054
18055
18056
18057
18058
18062
18063
18067
18068
18069
18070
18071
18072
18075
18076
18077
18078
18079
18082
18087
18088
18092
18094
18095
18096
18097
18103
18107
18109
18111
18114
18116
18117
18120
18121
18123
18125
18126
18127
18132
18133
18137
18139
18141
18142
18143
18153
18155
18158
18159
18165
18166
18167
18169
18172
18173
18174
18176
18179
18180
18181
18185
18186
18188
18191
18195
18196
18198
18202
18203
18204
18207
18208
18209
18212
18213
18216
18218
18220
18221
18222
18224
18225
18227
18229
18230
18242
18247
18250
18251
18252
18253
18255
18257
18259
18260
18261
18262
18263
18264
18267
18270
18272
18273
18274
18280
18281
18283
18284
18285
18286
18288
18291
18292
18293
18295
18297
18298
18301
18302
18304
18305
18307
18309
18311
18312
18313
18314
18316
18318
18319
18320
18321
18323
18327
18328
18329
18332
18335
18336
18340
18341
18344
18348
18352
18354
18355
18356
18358
18359
18361
18362
18367
18368
18369
18370
18374
18375
18376
18378
18379
18381
18382
18384
18385
18390
18392
18395
18397
18399
18400
18401
18403
18404
18408
18417
18418
18421
18423
18424
18427
18428
18429
18430
18431
18432
18434
18436
18437
18442
18443
18444
18447
18454
18455
18457
18458
18459
18460
18465
18468
18483
18484
18485
18486
18489
18490
18492
18493
18495
18500
18502
18504
18505
18508
18511
18513
18514
18516
18518
18519
18520
18521
18522
18523
18526
18527
18528
18531
18536
18537
18539
18543
18545
18551
18552
18553
18554
18561
18563
18564
18567
18571
18573
18574
18580
18581
18582
18583
18587
18590
18591
18592
18594
18595
18597
18598
18599
18600
18601
18608
18610
18613
18614
18615
18616
18618
18619
18620
18621
18622
18627
18628
18629
18630
18631
18632
18634
18635
18637
18638
18640
18641
18643
18647
18650
18651
18652
18654
18655
18657
18658
18660
18661
18662
18663
18674
18676
18684
18688
18691
18692
18694
18696
18697
18699
18704
18705
18709
18711
18713
18716
18726
18727
18728
18730
18731
18732
18737
18738
18743
18755
18758
18759
18764
18766
18768
18769
18770
18771
18773
18777
18778
18784
18785
18788
18789
18790
18794
18796
18805
18807
18808
18810
18811
18812
18813
18815
18817
18818
18819
18820
18821
18822
18828
18830
18831
18833
18835
18836
18837
18838
18839
18840
18842
18843
18845
18847
18848
18851
18852
18856
18857
18859
18860
18862
18868
18873
18874
18879
18880
18881
18882
18887
18889
18896
18897
18899
18900
18901
18906
18908
18912
18914
18915
18919
18920
18924
18925
18928
18929
18932
18934
18936
18937
18938
18939
18945
18947
18949
18950
18951
18952
18954
18955
18958
18959
18962
18963
18964
18968
18970
18971
18972
18973
18974
18976
18977
18981
18982
18983
18985
18987
18988
18990
18993
18995
18996
18997
18998
19002
19003
