1889
1886
1885
1884
1883
1882
1881
1880
1879
1878
1877
1876
1874
1873
1872
1862
1861
1859
1858
1854
1852
1850
1843
1842
1841
1840
1839
1838
1834
1832
1831
1829
1828
1826
1825
1824
1823
1814
1813
1812
1809
1808
1807
1806
1804
1797
1795
1794
1793
1792
1789
1787
1786
1785
1783
1782
1777
1774
1773
1772
1770
1766
1765
1764
1762
1761
1760
1759
1757
1753
1748
1747
1743
1742
1741
1740
1738
1735
1733
1732
1731
1726
1725
1722
1721
1720
1718
1716
1712
1711
1710
1707
1706
1702
1701
1700
1699
1696
1695
1692
1689
1687
1686
1684
1683
1681
1679
1678
1674
1673
1672
1670
1665
1660
1657
1656
1653
1651
1650
1649
1648
1646
1644
1639
1638
1636
1635
1633
1632
1631
1628
1627
1623
1621
1620
1618
1616
1615
1612
1611
1607
1605
1604
1603
1602
1601
1598
1597
1596
1595
1593
1589
1587
1585
1583
1581
1580
1577
1573
1572
1569
1568
1564
1563
1560
1559
1558
1557
1556
1555
1554
1553
1552
1549
1547
1545
1544
1542
1540
1532
1527
1524
1523
1522
1521
1516
1515
1513
1511
1510
1508
1506
1501
1500
1495
1494
1491
1490
1488
1484
1479
1475
1474
1470
1469
1467
1462
1461
1460
1458
1456
1455
1453
1451
1450
1448
1447
1446
1439
1437
1428
1426
1424
1422
1421
1420
1419
1415
1413
1412
1411
1409
1407
1406
1404
1403
1393
1392
1391
1389
1388
1387
1385
1383
1382
1378
1375
1374
1373
1372
1371
1369
1367
1364
1363
1362
1361
1349
1348
1347
1344
1342
1337
1336
1335
1334
1333
1329
1328
1327
1326
1325
1324
1322
1321
1320
1316
1314
1308
1307
1306
1305
1295
1294
1288
1287
1286
1283
1280
1277
1276
1275
1274
1273
1272
1271
1270
1264
1260
1254
1253
1252
1250
1249
1247
1245
1244
1243
1242
1240
1239
1238
1237
1234
1233
1229
1227
1226
1224
1223
1219
1218
1217
1215
1214
1213
1212
1208
1207
1203
1202
1201
1197
1193
1191
1190
1189
1188
1186
1184
1183
1182
1181
1180
1179
1176
1175
1174
1172
1171
1170
1166
1164
1163
1161
1160
1159
1157
1156
1154
1152
1151
1149
1148
1142
1141
1139
1135
1134
1133
1130
1128
1120
1117
1116
1115
1114
1113
1102
1098
1097
1093
1092
1090
1089
1087
1083
1082
1081
1079
1078
1077
1076
1075
1072
1071
1070
1067
1065
1063
1061
1060
1059
1058
1052
1051
1050
1048
1042
1041
1040
1039
1036
1035
1034
1032
1026
1023
1022
1019
1013
1008
1002
1000
999
996
993
992
990
988
985
982
981
980
979
978
976
975
973
972
970
963
958
956
949
945
942
941
939
936
935
932
931
927
925
924
921
920
918
915
910
908
907
905
902
899
898
896
895
889
885
883
877
870
866
862
860
859
858
854
853
851
848
847
845
841
840
837
836
834
833
832
830
829
828
827
826
822
821
820
819
815
814
813
812
810
804
802
801
800
799
798
797
795
789
788
786
782
781
780
779
777
773
772
765
762
761
759
758
757
756
755
754
750
749
747
746
744
742
741
739
737
734
733
730
727
726
722
715
714
713
711
710
709
708
705
703
701
700
698
697
696
695
693
692
688
684
683
681
680
677
675
674
671
667
666
663
661
660
657
652
645
644
640
638
636
634
631
627
624
622
619
618
617
615
613
611
601
599
595
594
591
590
589
588
585
575
573
572
569
568
562
559
558
556
555
554
553
552
551
550
549
548
545
542
535
534
533
532
531
528
524
523
521
515
514
509
507
506
505
504
502
501
499
497
496
495
493
491
490
487
486
484
481
479
477
475
472
471
459
458
457
456
455
454
453
451
448
445
444
442
439
424
423
411
410
408
407
406
403
400
393
391
387
383
382
381
378
375
374
373
370
368
365
364
361
360
358
357
356
354
353
352
351
346
345
344
342
341
338
331
329
328
325
321
319
317
316
312
309
308
307
306
303
302
300
299
298
294
292
290
289
280
278
273
272
269
268
266
263
262
261
260
259
257
256
255
254
250
249
248
247
246
245
244
242
241
240
235
234
231
229
228
227
226
225
222
216
215
214
212
210
209
206
201
200
198
195
192
168
166
163
162
161
160
159
154
148
145
144
143
142
140
139
133
132
131
130
127
126
124
107
105
102
101
100
99
95
94
93
91
89
88
84
83
80
79
78
77
76
74
73
72
71
70
68
66
64
63
61
60
59
57
55
54
53
51
47
45
43
41
39
38
37
36
34
33
31
30
29
28
27
25
24
22
20
19
18
15
14
13
12
9
7
6
5
4
1
2
3
8
10
11
16
17
21
23
26
32
35
40
42
44
46
48
49
50
52
56
58
62
65
67
69
75
82
85
90
96
97
98
103
104
106
108
109
112
113
114
117
118
121
122
123
125
128
129
134
135
136
137
138
141
146
147
149
150
151
152
153
156
157
158
164
165
167
169
172
173
174
175
176
177
178
179
181
182
183
184
186
187
188
189
191
193
194
196
197
202
205
207
208
211
213
218
219
223
224
230
232
236
237
238
239
243
251
252
253
258
264
265
267
270
271
274
275
276
279
283
285
286
287
288
291
293
295
296
297
301
304
305
310
311
313
314
315
318
320
322
323
324
326
335
336
337
339
348
349
350
355
359
362
363
366
367
369
371
372
376
379
380
384
385
386
388
389
390
392
394
395
396
397
398
399
401
402
404
405
409
412
413
414
415
416
417
418
419
420
421
422
425
427
429
430
431
432
433
434
435
441
443
446
447
449
450
452
460
462
463
465
466
467
469
470
473
478
480
482
483
485
488
489
492
494
498
500
503
508
510
511
512
513
516
517
518
519
520
522
525
526
527
529
530
536
537
538
539
541
543
544
546
547
557
560
561
563
564
565
566
567
570
574
576
577
578
579
581
584
586
587
592
593
596
597
598
600
602
603
604
605
607
608
609
610
612
614
616
620
625
626
628
629
635
637
639
641
642
646
647
648
649
650
651
656
658
659
662
664
665
668
669
670
672
673
676
678
679
682
685
690
691
702
704
706
707
712
717
718
719
720
723
724
725
728
729
731
732
735
736
738
743
745
748
751
752
753
760
766
770
771
774
775
776
778
783
784
785
787
790
791
803
806
807
808
809
811
816
817
818
823
824
825
831
835
838
839
842
843
844
846
849
850
852
855
856
857
861
863
864
865
868
869
871
872
873
874
875
876
878
879
880
881
882
884
886
887
888
890
891
892
893
894
897
900
901
903
909
911
912
913
914
922
923
926
928
929
930
933
934
940
943
944
947
948
950
951
952
953
954
955
959
960
961
962
965
966
967
968
969
971
974
977
983
984
986
987
989
991
994
995
997
998
1003
1005
1007
1009
1010
1011
1012
1015
1017
1018
1020
1021
1024
1025
1027
1028
1029
1030
1031
1033
1038
1043
1044
1045
1046
1047
1049
1055
1056
1057
1062
1064
1066
1068
1069
1073
1080
1084
1085
1086
1088
1091
1094
1095
1096
1099
1100
1101
1103
1104
1108
1109
1110
1111
1112
1118
1119
1121
1122
1125
1126
1127
1129
1132
1136
1137
1138
1140
1143
1144
1150
1153
1158
1162
1165
1167
1168
1169
1173
1177
1178
1185
1187
1192
1194
1195
1196
1198
1199
1200
1204
1205
1206
1209
1210
1211
1216
1220
1221
1222
1225
1228
1230
1231
1232
1235
1236
1241
1246
1248
1251
1255
1256
1257
1258
1259
1261
1262
1267
1279
1281
1282
1284
1285
1289
1290
1291
1292
1293
1297
1299
1300
1301
1302
1303
1304
1312
1313
1315
1317
1318
1319
1341
1343
1345
1346
1351
1354
1356
1357
1358
1359
1360
1365
1366
1368
1370
1376
1377
1379
1380
1381
1386
1390
1395
1397
1398
1400
1401
1402
1405
1408
1410
1414
1416
1452
1454
1457
1459
1463
1464
1465
1466
1468
1471
1472
1473
1476
1480
1481
1482
1483
1485
1486
1487
1489
1492
1493
1496
1497
1498
1499
1502
1503
1504
1505
1507
1509
1512
1514
1517
1518
1519
1520
1525
1526
1528
1529
1530
1531
1533
1534
1535
1536
1541
1543
1546
1548
1550
1551
1570
1571
1574
1575
1576
1578
1579
1582
1584
1586
1588
1591
1592
1594
1599
1606
1608
1609
1610
1613
1614
1626
1629
1637
1640
1641
1642
1643
1645
1647
1652
1654
1655
1658
1659
1661
1662
1663
1664
1666
1667
1668
1671
1675
1676
1677
1680
1682
1685
1688
1690
1691
1693
1694
1697
1698
1703
1704
1705
1708
1719
1723
1724
1727
1728
1729
1730
1734
1736
1737
1739
1744
1745
1746
1752
1754
1755
1756
1758
1768
1771
1776
1778
1779
1780
1781
1784
1788
1790
1791
1796
1798
1799
1800
1801
1802
1803
1805
1810
1811
1815
1817
1820
1821
1830
1833
1835
1836
1837
1844
1845
1846
1847
1848
1849
1851
1853
1855
1856
1857
1860
1863
1864
1865
1866
1867
1868
1869
1870
1887
1888
1890
1891
1892
