9502
9501
9500
9497
9495
9491
9490
9488
9485
9482
9480
9476
9475
9474
9472
9471
9470
9466
9464
9463
9459
9457
9453
9451
9449
9448
9447
9446
9445
9442
9441
9440
9438
9437
9436
9433
9432
9431
9428
9427
9426
9423
9422
9421
9419
9416
9413
9412
9410
9409
9408
9407
9406
9404
9403
9402
9400
9398
9397
9396
9395
9394
9392
9390
9387
9384
9383
9382
9380
9374
9372
9370
9368
9356
9354
9353
9352
9351
9349
9340
9338
9337
9336
9335
9333
9332
9331
9327
9322
9319
9318
9317
9315
9314
9313
9312
9311
9310
9308
9306
9303
9302
9300
9296
9292
9290
9289
9288
9287
9286
9285
9282
9281
9279
9278
9276
9275
9274
9269
9268
9267
9266
9265
9264
9256
9255
9254
9253
9252
9247
9246
9245
9244
9243
9242
9241
9240
9239
9238
9235
9233
9231
9230
9228
9227
9223
9220
9219
9217
9215
9214
9213
9212
9210
9207
9206
9204
9202
9200
9198
9197
9196
9194
9192
9191
9188
9186
9185
9183
9182
9181
9178
9175
9174
9173
9172
9171
9170
9169
9167
9165
9164
9159
9158
9154
9152
9151
9145
9135
9133
9129
9118
9117
9116
9113
9112
9111
9109
9107
9106
9101
9100
9097
9095
9091
9090
9087
9086
9085
9084
9083
9082
9080
9079
9077
9076
9072
9070
9067
9058
9054
9052
9051
9043
9035
9034
9033
9032
9031
9027
9025
9024
9021
9015
9011
9007
9006
9005
8998
8995
8992
8991
8988
8985
8977
8976
8975
8974
8973
8971
8968
8967
8962
8961
8958
8956
8952
8946
8944
8943
8941
8938
8937
8935
8933
8930
8928
8925
8924
8923
8922
8920
8918
8916
8910
8909
8908
8905
8901
8900
8898
8896
8895
8894
8892
8890
8889
8886
8884
8883
8879
8877
8876
8875
8874
8864
8862
8861
8858
8856
8854
8852
8850
8848
8846
8845
8842
8840
8838
8837
8835
8833
8831
8829
8825
8824
8823
8822
8820
8818
8817
8816
8815
8814
8811
8809
8808
8807
8806
8805
8804
8802
8800
8795
8794
8793
8791
8789
8785
8784
8782
8781
8779
8776
8773
8772
8770
8769
8767
8766
8765
8764
8754
8753
8747
8746
8745
8743
8742
8734
8726
8721
8719
8718
8717
8716
8715
8711
8709
8707
8706
8704
8703
8701
8694
8693
8689
8687
8685
8684
8659
8656
8654
8653
8652
8645
8642
8641
8639
8637
8635
8634
8632
8631
8630
8627
8625
8624
8622
8621
8618
8616
8615
8613
8609
8608
8607
8603
8602
8600
8599
8597
8595
8589
8586
8585
8584
8578
8577
8576
8574
8571
8567
8566
8563
8554
8553
8552
8545
8544
8543
8541
8539
8538
8533
8531
8530
8529
8521
8520
8519
8517
8515
8514
8513
8512
8510
8508
8507
8504
8503
8502
8501
8498
8497
8496
8495
8488
8487
8486
8485
8482
8481
8479
8478
8477
8474
8472
8471
8469
8468
8467
8466
8465
8459
8454
8452
8447
8444
8433
8429
8428
8424
8420
8418
8417
8416
8414
8413
8412
8411
8407
8405
8403
8402
8401
8400
8398
8397
8395
8393
8392
8390
8388
8387
8386
8385
8384
8383
8382
8380
8379
8378
8376
8374
8373
8371
8369
8365
8362
8358
8354
8350
8347
8346
8342
8339
8338
8336
8335
8333
8332
8327
8326
8325
8324
8321
8320
8316
8307
8306
8303
8295
8291
8287
8286
8280
8277
8276
8274
8273
8272
8271
8269
8268
8267
8266
8264
8263
8261
8257
8256
8255
8254
8252
8249
8246
8244
8242
8239
8235
8234
8231
8230
8227
8225
8224
8223
8219
8216
8212
8210
8206
8204
8202
8194
8192
8191
8189
8187
8185
8182
8177
8176
8175
8174
8173
8172
8170
8168
8167
8161
8156
8155
8154
8152
8145
8144
8142
8140
8137
8135
8131
8130
8127
8126
8120
8119
8118
8117
8114
8111
8108
8106
8105
8103
8101
8100
8098
8097
8096
8095
8094
8091
8088
8086
8082
8078
8077
8076
8075
8074
8073
8068
8058
8057
8053
8047
8046
8037
8030
8028
8024
8023
8020
8017
8014
8013
8012
8011
8010
8009
8002
8001
7999
7995
7994
7989
7987
7985
7984
7983
7982
7979
7977
7976
7974
7972
7970
7968
7967
7964
7963
7958
7957
7955
7953
7951
7949
7946
7945
7944
7943
7942
7940
7935
7932
7931
7930
7928
7927
7926
7925
7924
7922
7920
7919
7918
7916
7914
7912
7910
7903
7898
7895
7894
7892
7891
7890
7888
7887
7886
7884
7882
7879
7878
7874
7873
7871
7868
7864
7863
7858
7857
7855
7853
7852
7851
7849
7848
7845
7844
7843
7841
7840
7839
7832
7831
7830
7827
7826
7823
7822
7821
7820
7819
7815
7812
7808
7804
7803
7801
7799
7798
7795
7793
7792
7788
7787
7781
7775
7771
7770
7769
7768
7766
7765
7761
7760
7759
7757
7753
7750
7748
7747
7746
7745
7744
7740
7738
7736
7734
7727
7726
7725
7723
7722
7720
7719
7718
7717
7716
7715
7714
7713
7712
7710
7706
7705
7704
7703
7699
7677
7676
7674
7672
7670
7669
7665
7661
7659
7658
7656
7654
7652
7648
7647
7644
7641
7639
7631
7622
7621
7618
7616
7613
7612
7611
7609
7607
7605
7604
7603
7598
7597
7594
7593
7588
7587
7585
7582
7580
7579
7578
7577
7574
7573
7572
7569
7567
7566
7565
7563
7562
7560
7559
7555
7552
7546
7544
7542
7541
7538
7526
7525
7522
7521
7520
7519
7517
7516
7515
7512
7511
7507
7504
7502
7500
7498
7492
7491
7490
7488
7486
7485
7484
7482
7479
7478
7476
7468
7467
7465
7461
7460
7457
7456
7453
7452
7451
7450
7449
7446
7445
7444
7443
7442
7440
7435
7431
7418
7417
7416
7415
7414
7413
7411
7409
7408
7407
7405
7402
7401
7397
7394
7392
7389
7386
7385
7383
7381
7380
7379
7378
7376
7373
7369
7368
7367
7365
7362
7361
7359
7358
7357
7354
7353
7349
7346
7341
7340
7339
7338
7337
7336
7335
7331
7328
7327
7325
7323
7322
7321
7319
7318
7317
7315
7313
7312
7311
7310
7309
7308
7304
7300
7298
7296
7295
7294
7293
7291
7289
7283
7282
7281
7280
7276
7274
7273
7272
7271
7270
7266
7265
7264
7262
7260
7259
7258
7257
7256
7255
7249
7246
7243
7242
7241
7238
7223
7220
7219
7216
7214
7212
7209
7208
7207
7206
7204
7203
7201
7198
7194
7193
7191
7189
7186
7184
7181
7180
7179
7177
7175
7174
7173
7172
7169
7168
7167
7166
7165
7162
7161
7158
7155
7152
7150
7148
7147
7146
7143
7138
7133
7132
7131
7129
7125
7124
7121
7120
7118
7116
7115
7114
7113
7112
7110
7109
7108
7107
7106
7105
7103
7100
7096
7094
7093
7092
7091
7089
7088
7086
7082
7081
7080
7076
7074
7070
7068
7066
7065
7062
7056
7054
7053
7042
7041
7037
7036
7034
7026
7024
7022
7021
7020
7019
7015
7014
7009
7008
7004
7002
7001
7000
6997
6995
6994
6992
6991
6989
6988
6986
6985
6977
6973
6972
6971
6969
6965
6961
6958
6957
6956
6953
6951
6950
6949
6947
6935
6933
6930
6928
6927
6924
6923
6922
6920
6918
6917
6913
6912
6911
6909
6905
6904
6902
6900
6899
6898
6895
6888
6887
6886
6878
6877
6873
6869
6867
6866
6863
6862
6859
6855
6854
6850
6849
6848
6846
6845
6842
6841
6838
6836
6834
6825
6823
6820
6810
6808
6803
6802
6800
6798
6796
6794
6788
6787
6786
6783
6782
6778
6776
6775
6773
6772
6771
6770
6769
6768
6765
6764
6763
6760
6758
6757
6751
6750
6748
6745
6743
6741
6740
6739
6738
6736
6735
6734
6730
6725
6723
6722
6719
6716
6714
6711
6709
6708
6705
6703
6702
6701
6698
6697
6695
6693
6691
6690
6689
6688
6687
6686
6684
6683
6682
6679
6668
6666
6665
6663
6662
6661
6660
6657
6656
6655
6654
6650
6647
6646
6637
6636
6633
6627
6626
6625
6623
6620
6619
6615
6614
6613
6611
6609
6606
6605
6602
6594
6593
6592
6591
6590
6589
6588
6587
6585
6582
6580
6577
6575
6574
6573
6568
6567
6566
6565
6563
6562
6561
6558
6556
6552
6551
6550
6549
6548
6547
6545
6544
6543
6535
6533
6530
6528
6526
6525
6523
6519
6510
6509
6508
6507
6504
6499
6497
6496
6494
6484
6482
6479
6478
6476
6474
6472
6470
6469
6467
6463
6462
6460
6458
6457
6453
6451
6450
6446
6444
6436
6430
6428
6427
6426
6421
6417
6416
6415
6411
6409
6405
6403
6395
6394
6393
6392
6391
6385
6384
6380
6378
6377
6376
6374
6372
6371
6368
6367
6364
6363
6362
6361
6359
6358
6357
6356
6355
6354
6353
6352
6344
6343
6339
6337
6336
6333
6332
6330
6325
6323
6322
6319
6318
6314
6311
6309
6308
6305
6303
6300
6299
6298
6290
6289
6287
6283
6281
6279
6275
6274
6271
6270
6269
6268
6267
6265
6264
6253
6252
6251
6250
6249
6248
6245
6240
6237
6234
6233
6231
6230
6229
6226
6225
6224
6222
6217
6213
6211
6209
6203
6192
6191
6187
6186
6185
6183
6181
6180
6178
6177
6176
6175
6172
6171
6166
6164
6163
6161
6160
6159
6158
6157
6154
6153
6151
6149
6148
6146
6138
6134
6133
6132
6130
6128
6127
6122
6120
6119
6117
6115
6114
6113
6110
6108
6107
6105
6104
6103
6102
6101
6100
6098
6097
6096
6094
6092
6090
6088
6087
6086
6085
6084
6083
6082
6081
6076
6075
6073
6072
6070
6069
6068
6066
6059
6058
6057
6056
6055
6053
6050
6049
6048
6047
6045
6041
6040
6033
6031
6030
6029
6026
6025
6023
6022
6019
6018
6017
6015
6010
6008
6006
6004
6001
5997
5995
5987
5985
5981
5980
5975
5968
5965
5964
5962
5961
5960
5959
5958
5957
5955
5953
5952
5947
5945
5943
5942
5931
5930
5929
5927
5926
5925
5924
5922
5920
5917
5916
5915
5913
5912
5911
5907
5902
5900
5899
5897
5895
5893
5892
5891
5889
5888
5886
5885
5884
5882
5881
5879
5877
5876
5875
5874
5873
5870
5868
5866
5865
5864
5860
5859
5855
5854
5850
5849
5848
5843
5839
5838
5837
5836
5833
5831
5821
5819
5817
5816
5814
5813
5812
5811
5808
5807
5806
5805
5804
5801
5800
5797
5796
5793
5789
5788
5786
5784
5780
5778
5773
5771
5769
5766
5765
5763
5761
5760
5738
5735
5734
5727
5726
5722
5721
5720
5718
5714
5713
5711
5710
5704
5703
5699
5698
5696
5694
5692
5691
5689
5688
5685
5681
5679
5674
5673
5672
5670
5669
5667
5659
5658
5656
5643
5641
5640
5636
5628
5624
5623
5620
5619
5617
5610
5609
5606
5605
5603
5599
5598
5596
5592
5591
5589
5587
5586
5584
5582
5579
5578
5575
5574
5571
5570
5569
5565
5564
5560
5559
5556
5554
5553
5551
5549
5547
5546
5545
5544
5543
5542
5541
5539
5538
5537
5535
5534
5533
5532
5531
5530
5529
5528
5526
5522
5521
5519
5517
5514
5513
5512
5505
5504
5502
5500
5499
5498
5497
5493
5491
5490
5489
5488
5483
5477
5476
5475
5473
5471
5466
5463
5462
5460
5459
5458
5457
5451
5448
5447
5441
5436
5435
5432
5429
5426
5423
5422
5414
5413
5410
5405
5401
5397
5396
5395
5391
5389
5388
5386
5383
5382
5375
5374
5372
5371
5370
5369
5368
5367
5364
5363
5359
5357
5355
5354
5352
5351
5347
5346
5344
5341
5338
5337
5336
5334
5331
5326
5325
5324
5321
5319
5315
5314
5313
5312
5309
5308
5301
5298
5297
5292
5290
5288
5286
5284
5283
5282
5281
5280
5279
5277
5274
5273
5272
5271
5269
5268
5267
5265
5264
5263
5262
5261
5259
5256
5254
5253
5251
5250
5247
5246
5245
5243
5240
5239
5236
5233
5232
5231
5230
5227
5219
5217
5216
5215
5214
5213
5211
5208
5206
5204
5203
5200
5199
5197
5196
5194
5193
5191
5190
5189
5187
5184
5181
5180
5178
5176
5174
5165
5157
5156
5155
5153
5136
5135
5134
5129
5127
5125
5124
5123
5121
5119
5118
5116
5111
5108
5106
5104
5102
5101
5098
5097
5096
5095
5094
5093
5091
5088
5087
5086
5085
5084
5083
5082
5079
5078
5077
5076
5075
5074
5072
5071
5070
5069
5066
5064
5062
5060
5059
5058
5056
5055
5053
5052
5050
5049
5048
5047
5045
5042
5040
5039
5036
5035
5032
5030
5029
5028
5027
5016
5012
5007
5005
5002
5001
4994
4992
4989
4987
4986
4985
4983
4979
4975
4974
4971
4969
4968
4957
4956
4953
4951
4948
4947
4946
4945
4943
4941
4939
4934
4933
4932
4931
4927
4923
4921
4920
4919
4918
4917
4916
4915
4914
4911
4910
4909
4908
4906
4905
4902
4901
4900
4899
4896
4895
4893
4892
4891
4890
4888
4885
4884
4883
4882
4881
4878
4877
4876
4875
4874
4872
4869
4868
4867
4866
4863
4859
4857
4855
4853
4851
4850
4847
4844
4836
4834
4821
4820
4818
4815
4814
4813
4812
4807
4806
4804
4799
4798
4797
4796
4793
4792
4789
4785
4783
4774
4773
4772
4769
4767
4760
4759
4758
4757
4756
4755
4752
4748
4746
4745
4744
4742
4738
4736
4735
4734
4731
4730
4727
4726
4725
4722
4718
4717
4716
4715
4712
4710
4709
4708
4707
4706
4704
4702
4701
4700
4697
4696
4695
4691
4688
4686
4681
4677
4676
4675
4669
4668
4660
4659
4657
4655
4650
4648
4646
4645
4644
4643
4642
4641
4640
4635
4631
4628
4625
4624
4621
4620
4617
4616
4614
4610
4607
4606
4604
4602
4601
4600
4599
4598
4597
4596
4595
4594
4593
4590
4585
4583
4580
4573
4572
4571
4569
4568
4564
4555
4546
4544
4542
4541
4539
4537
4535
4532
4530
4528
4527
4525
4524
4523
4522
4521
4520
4519
4518
4517
4516
4513
4510
4506
4503
4502
4501
4499
4497
4487
4486
4485
4484
4483
4481
4480
4479
4476
4474
4471
4469
4468
4467
4466
4464
4463
4461
4458
4457
4455
4454
4452
4450
4446
4443
4442
4437
4434
4433
4429
4428
4424
4419
4417
4414
4412
4408
4407
4405
4404
4403
4401
4396
4395
4394
4391
4390
4389
4382
4378
4377
4374
4370
4368
4365
4362
4361
4360
4358
4357
4346
4343
4342
4340
4335
4334
4331
4330
4329
4327
4323
4319
4318
4317
4315
4314
4312
4309
4307
4305
4304
4300
4299
4298
4297
4296
4293
4291
4288
4284
4282
4279
4277
4276
4275
4274
4271
4269
4268
4263
4258
4257
4256
4254
4253
4250
4247
4241
4238
4237
4234
4233
4232
4229
4228
4227
4218
4217
4215
4213
4212
4211
4210
4208
4206
4205
4203
4202
4194
4192
4191
4189
4188
4186
4183
4179
4178
4177
4171
4166
4165
4164
4159
4156
4155
4154
4153
4152
4151
4150
4149
4146
4145
4144
4143
4140
4139
4138
4136
4134
4129
4128
4126
4124
4122
4108
4107
4106
4105
4104
4101
4100
4098
4097
4096
4094
4093
4091
4090
4089
4080
4075
4073
4071
4069
4067
4062
4059
4058
4056
4055
4047
4046
4045
4044
4043
4041
4040
4039
4035
4034
4030
4029
4024
4019
4016
4014
4011
4010
4009
4008
4007
4006
4004
4003
4001
3999
3997
3996
3993
3991
3988
3987
3986
3985
3982
3981
3977
3957
3956
3953
3950
3949
3948
3946
3944
3938
3936
3930
3929
3926
3921
3920
3919
3916
3914
3913
3912
3862
3861
3860
3858
3856
3851
3850
3849
3826
3825
3823
3822
3821
3817
3816
3803
3793
3788
3785
3784
3780
3779
3777
3769
3768
3767
3766
3762
3759
3758
3757
3756
3753
3752
3751
3750
3746
3745
3744
3743
3742
3740
3739
3738
3735
3734
3731
3729
3727
3726
3725
3724
3723
3722
3721
3720
3716
3715
3714
3711
3710
3709
3706
3700
3699
3697
3692
3690
3689
3680
3679
3678
3676
3673
3671
3670
3667
3665
3662
3659
3658
3654
3653
3652
3638
3637
3636
3631
3618
3615
3614
3612
3608
3606
3605
3604
3596
3595
3594
3592
3591
3589
3588
3587
3586
3585
3584
3579
3575
3574
3573
3572
3571
3570
3568
3566
3565
3563
3559
3556
3549
3548
3547
3545
3544
3543
3540
3539
3536
3535
3530
3526
3525
3518
3514
3513
3511
3508
3507
3505
3503
3502
3501
3498
3497
3495
3494
3493
3486
3481
3480
3478
3477
3474
3472
3470
3469
3467
3465
3462
3461
3459
3457
3456
3443
3442
3440
3432
3431
3430
3429
3426
3425
3423
3421
3418
3416
3415
3414
3408
3405
3403
3402
3400
3399
3396
3394
3393
3383
3380
3370
3368
3367
3364
3363
3359
3358
3355
3353
3352
3351
3349
3346
3344
3343
3342
3340
3338
3337
3336
3335
3333
3330
3328
3325
3322
3320
3319
3318
3317
3316
3314
3312
3310
3308
3307
3306
3302
3300
3297
3295
3294
3293
3289
3288
3287
3285
3283
3281
3280
3278
3276
3275
3274
3271
3268
3267
3265
3262
3261
3260
3259
3258
3255
3253
3249
3245
3243
3242
3241
3239
3238
3237
3236
3235
3234
3231
3230
3229
3228
3222
3214
3211
3209
3208
3207
3205
3202
3200
3198
3197
3194
3193
3191
3190
3186
3184
3182
3181
3179
3177
3172
3167
3166
3164
3163
3161
3160
3158
3155
3153
3151
3147
3143
3141
3140
3133
3132
3130
3127
3126
3123
3119
3118
3115
3114
3112
3111
3110
3109
3108
3107
3100
3099
3098
3096
3093
3090
3088
3086
3084
3078
3077
3076
3075
3074
3073
3072
3071
3070
3069
3066
3063
3062
3061
3060
3059
3051
3050
3045
3044
3043
3040
3039
3038
3034
3030
3025
3023
3022
3017
3014
3012
3010
3009
3008
3007
3001
3000
2996
2995
2989
2988
2987
2985
2982
2972
2971
2970
2966
2963
2961
2960
2959
2953
2952
2950
2948
2947
2944
2941
2938
2937
2935
2933
2932
2931
2930
2928
2919
2918
2917
2916
2915
2913
2912
2911
2909
2907
2902
2899
2898
2896
2895
2894
2892
2889
2886
2884
2883
2881
2879
2870
2869
2868
2867
2862
2861
2860
2857
2854
2853
2848
2847
2846
2845
2844
2843
2842
2841
2839
2838
2836
2835
2830
2828
2827
2825
2824
2823
2821
2817
2815
2811
2810
2809
2808
2807
2805
2804
2802
2797
2794
2793
2791
2788
2787
2786
2785
2783
2781
2778
2776
2770
2766
2764
2763
2761
2760
2759
2758
2755
2754
2753
2748
2747
2745
2744
2742
2741
2738
2737
2736
2735
2734
2732
2730
2727
2725
2722
2720
2718
2703
2698
2697
2696
2695
2692
2691
2690
2689
2688
2685
2682
2676
2671
2670
2668
2667
2666
2663
2662
2661
2660
2659
2658
2657
2651
2648
2646
2645
2643
2642
2641
2637
2633
2580
2578
2577
2576
2573
2571
2570
2563
2562
2561
2560
2558
2557
2553
2552
2551
2550
2544
2541
2539
2538
2534
2533
2531
2530
2526
2523
2522
2518
2516
2515
2512
2510
2508
2507
2505
2504
2503
2502
2500
2495
2488
2486
2483
2481
2480
2478
2468
2463
2458
2455
2453
2451
2450
2447
2446
2445
2442
2441
2439
2437
2435
2427
2426
2423
2421
2420
2417
2415
2414
2413
2412
2411
2410
2409
2406
2405
2404
2403
2400
2399
2398
2396
2394
2393
2392
2388
2387
2382
2379
2378
2377
2375
2374
2371
2369
2368
2366
2365
2364
2363
2360
2353
2350
2347
2344
2342
2341
2338
2336
2334
2333
2325
2318
2317
2316
2314
2313
2312
2311
2309
2308
2307
2305
2304
2302
2301
2297
2294
2292
2291
2289
2288
2280
2279
2277
2274
2273
2269
2268
2267
2265
2264
2261
2260
2257
2256
2253
2248
2247
2244
2243
2239
2237
2229
2228
2226
2222
2220
2219
2218
2216
2215
2213
2211
2209
2208
2206
2205
2203
2202
2192
2183
2180
2179
2176
2171
2170
2168
2167
2166
2161
2160
2156
2154
2153
2144
2140
2134
2131
2129
2128
2127
2124
2123
2122
2119
2117
2108
2107
2104
2102
2099
2097
2092
2089
2088
2087
2080
2079
2077
2075
2073
2067
2065
2064
2063
2062
2059
2058
2056
2054
2053
2051
2050
2047
2046
2044
2043
2042
2040
2036
2035
2032
2031
2030
2028
2026
2025
2023
2022
2020
2019
2018
2017
2016
2014
2013
2010
2009
2008
2007
2005
1984
1983
1973
1972
1971
1970
1967
1961
1959
1957
1956
1955
1954
1953
1952
1950
1948
1946
1944
1943
1938
1937
1934
1930
1929
1928
1923
1921
1919
1918
1917
1916
1915
1912
1911
1910
1909
1907
1904
1902
1901
1900
1898
1897
1893
1892
1891
1889
1888
1887
1885
1884
1877
1876
1874
1871
1868
1858
1857
1856
1853
1852
1849
1847
1842
1841
1838
1837
1836
1835
1834
1832
1823
1820
1819
1807
1806
1804
1800
1793
1790
1788
1784
1777
1770
1765
1764
1762
1760
1759
1758
1756
1755
1753
1750
1745
1744
1742
1741
1736
1735
1734
1728
1727
1726
1725
1722
1721
1719
1717
1716
1711
1709
1707
1706
1705
1703
1701
1700
1699
1696
1690
1689
1687
1686
1685
1682
1680
1678
1671
1669
1667
1666
1664
1663
1661
1660
1659
1656
1655
1654
1653
1649
1647
1646
1644
1640
1636
1635
1634
1633
1629
1626
1624
1623
1621
1620
1619
1615
1614
1606
1604
1602
1601
1600
1599
1598
1597
1596
1595
1593
1592
1591
1589
1588
1586
1585
1576
1572
1571
1567
1566
1565
1564
1563
1562
1553
1552
1551
1549
1548
1546
1545
1544
1538
1537
1536
1531
1530
1529
1522
1521
1519
1515
1512
1510
1509
1508
1504
1502
1500
1498
1492
1486
1485
1475
1474
1473
1470
1469
1468
1462
1460
1456
1455
1453
1449
1448
1447
1444
1442
1441
1439
1438
1437
1434
1432
1429
1424
1421
1420
1419
1417
1412
1410
1389
1386
1385
1384
1383
1382
1381
1380
1378
1377
1375
1372
1371
1368
1367
1366
1362
1359
1356
1353
1351
1349
1347
1346
1343
1341
1339
1338
1337
1336
1333
1325
1324
1323
1322
1321
1320
1319
1316
1300
1299
1298
1295
1293
1292
1289
1287
1279
1278
1276
1275
1274
1272
1270
1267
1265
1264
1251
1250
1249
1248
1247
1246
1241
1227
1226
1224
1222
1221
1216
1215
1209
1205
1203
1199
1196
1195
1191
1190
1185
1184
1179
1177
1172
1171
1170
1167
1166
1165
1163
1161
1160
1159
1158
1156
1153
1149
1148
1147
1144
1143
1141
1139
1138
1136
1134
1133
1132
1131
1129
1124
1123
1121
1120
1117
1115
1114
1112
1111
1110
1107
1104
1103
1101
1096
1092
1091
1090
1087
1083
1082
1081
1077
1076
1075
1073
1071
1070
1069
1068
1066
1061
1059
1058
1057
1054
1053
1052
1051
1047
1046
1045
1043
1042
1041
1040
1037
1035
1034
1033
1032
1031
1030
1029
1028
1026
1023
1022
1020
1019
1017
1015
1013
1011
1009
1008
1004
1002
999
996
995
993
991
988
984
982
978
977
976
974
973
970
968
967
964
962
959
957
956
955
954
953
939
936
934
933
932
931
930
929
926
925
921
918
914
913
912
911
910
909
908
904
902
901
899
898
897
894
892
890
889
888
887
886
884
879
878
871
867
865
862
861
860
853
850
849
847
844
836
824
822
819
818
815
813
811
808
802
801
798
794
790
789
786
778
776
774
771
770
769
765
764
762
757
755
754
751
749
746
745
743
742
741
740
739
737
736
734
731
728
727
724
723
722
715
714
713
710
706
704
700
699
698
697
696
694
692
691
689
688
686
684
683
676
667
664
663
662
660
659
656
655
652
651
650
647
646
645
644
642
641
639
637
635
633
625
622
621
620
617
615
614
608
602
599
597
594
593
592
591
588
582
579
576
573
572
570
569
568
562
559
556
552
549
547
546
544
541
540
539
538
537
535
534
530
528
526
525
524
521
520
515
509
508
505
504
502
500
498
497
495
494
491
490
487
485
474
470
464
459
455
454
453
452
451
446
445
444
443
441
439
438
436
433
432
427
426
424
420
419
417
412
410
409
408
407
405
403
401
400
397
394
392
387
386
384
383
381
380
378
377
375
367
366
364
363
359
358
351
350
349
346
345
338
333
332
330
328
327
322
320
319
317
315
312
310
308
307
306
305
302
301
292
289
288
286
285
284
283
280
276
274
272
270
267
266
263
259
258
254
252
251
250
249
248
247
246
245
244
240
215
214
212
211
209
207
206
205
204
203
201
200
199
197
196
195
192
189
187
186
176
175
173
172
170
164
163
162
161
159
158
153
152
151
147
145
143
141
138
136
134
132
131
130
129
127
126
124
123
122
120
119
118
114
112
108
107
106
103
102
94
93
92
88
86
85
82
81
76
75
73
67
66
63
60
58
57
56
54
53
51
49
48
46
45
44
42
40
37
35
34
33
32
31
28
26
24
20
16
15
13
12
11
10
6
2
1
3
4
5
14
17
18
19
21
22
23
25
27
29
30
36
38
39
41
43
55
59
61
62
68
69
70
71
72
74
77
78
79
87
89
90
95
96
97
98
99
100
101
104
105
109
110
111
113
115
116
117
121
125
137
139
140
142
144
146
148
149
150
154
155
156
157
160
165
166
167
168
169
171
174
177
178
180
181
183
185
188
190
191
193
194
198
202
208
210
213
216
226
227
228
229
232
233
238
239
242
243
253
255
256
257
260
262
264
265
268
269
271
273
275
277
278
279
281
282
287
290
291
293
294
299
300
303
304
309
311
313
314
316
318
321
323
325
326
329
331
334
335
336
337
339
340
341
342
343
344
347
348
352
353
354
355
356
357
360
361
362
365
368
369
370
371
372
373
374
376
379
382
385
388
389
390
391
398
399
411
413
414
415
418
421
422
423
425
428
429
430
431
434
435
437
440
442
447
448
450
456
457
458
460
461
462
463
465
466
471
472
473
475
476
479
480
481
482
483
484
486
488
489
492
493
496
499
501
503
506
507
514
516
517
518
519
522
523
527
529
531
542
543
545
548
550
553
554
555
557
558
560
561
564
567
571
574
575
577
578
580
581
583
584
585
586
587
589
590
595
600
601
603
604
605
606
607
609
612
613
616
618
619
623
624
626
627
628
629
630
631
632
634
636
638
640
643
648
649
653
654
657
658
661
666
668
669
670
673
674
675
677
678
679
680
685
687
690
693
703
705
707
708
709
711
712
716
717
718
719
720
725
726
729
730
732
733
735
738
744
747
748
750
752
753
756
758
759
760
761
763
766
767
768
772
773
775
777
779
784
785
787
791
792
793
796
799
800
803
804
805
806
807
809
812
814
816
817
820
821
823
826
828
829
830
832
833
834
835
837
838
841
842
845
846
848
851
852
854
855
856
857
858
859
863
864
866
868
869
870
872
873
874
875
876
877
893
895
896
900
903
905
906
907
915
916
917
919
920
922
935
937
938
940
941
942
943
944
946
949
950
952
958
960
961
963
965
966
969
971
972
975
979
980
981
983
985
986
987
989
990
992
994
997
998
1000
1001
1003
1005
1006
1007
1010
1012
1018
1021
1024
1025
1038
1044
1048
1049
1050
1055
1056
1060
1062
1063
1064
1074
1078
1079
1080
1084
1085
1086
1088
1089
1093
1094
1095
1098
1099
1100
1105
1106
1108
1109
1113
1116
1118
1119
1122
1126
1127
1128
1130
1135
1137
1140
1142
1145
1146
1150
1151
1152
1154
1155
1157
1162
1164
1173
1174
1175
1176
1178
1181
1182
1183
1186
1187
1188
1189
1192
1193
1194
1197
1198
1200
1201
1202
1204
1206
1207
1208
1210
1211
1212
1213
1214
1217
1218
1219
1220
1223
1225
1228
1230
1231
1233
1234
1235
1236
1237
1238
1239
1240
1242
1245
1252
1253
1254
1255
1256
1257
1258
1259
1262
1263
1266
1268
1269
1271
1273
1280
1281
1282
1283
1284
1285
1286
1288
1290
1291
1294
1296
1302
1303
1304
1306
1309
1310
1312
1313
1314
1315
1317
1318
1326
1327
1328
1329
1330
1331
1332
1334
1335
1340
1342
1344
1345
1348
1350
1352
1354
1355
1357
1358
1360
1361
1363
1364
1365
1369
1370
1373
1374
1376
1379
1387
1388
1391
1392
1395
1396
1397
1399
1400
1403
1404
1405
1406
1407
1408
1409
1411
1415
1416
1418
1422
1423
1425
1426
1427
1428
1430
1431
1433
1435
1436
1440
1443
1445
1454
1457
1458
1459
1461
1463
1464
1465
1466
1467
1471
1472
1476
1477
1478
1480
1481
1490
1491
1493
1494
1495
1496
1497
1499
1501
1503
1505
1506
1513
1514
1516
1517
1518
1520
1523
1525
1526
1527
1528
1532
1533
1534
1535
1539
1540
1541
1542
1543
1547
1550
1554
1558
1559
1560
1561
1568
1569
1570
1573
1574
1575
1581
1582
1583
1584
1587
1590
1594
1603
1605
1607
1616
1617
1618
1622
1625
1627
1628
1630
1631
1632
1637
1638
1639
1641
1642
1643
1645
1648
1651
1652
1657
1658
1662
1665
1668
1670
1673
1674
1679
1683
1684
1688
1691
1692
1693
1694
1708
1710
1712
1713
1714
1715
1718
1720
1723
1724
1729
1730
1731
1732
1733
1737
1738
1739
1740
1743
1746
1747
1748
1751
1752
1754
1757
1761
1763
1766
1767
1768
1769
1771
1772
1773
1774
1775
1776
1780
1781
1782
1785
1786
1787
1789
1791
1792
1794
1795
1796
1797
1798
1799
1801
1802
1803
1805
1808
1809
1811
1812
1814
1815
1816
1817
1818
1821
1822
1833
1839
1840
1843
1844
1845
1846
1848
1850
1851
1854
1855
1860
1863
1865
1869
1872
1873
1875
1878
1879
1880
1881
1882
1883
1890
1894
1895
1896
1899
1903
1905
1906
1908
1913
1914
1920
1922
1924
1925
1926
1927
1931
1932
1933
1935
1936
1939
1940
1941
1942
1945
1947
1949
1951
1958
1960
1963
1964
1965
1966
1975
1976
1977
1978
1979
1980
1981
1982
1985
1987
1989
1990
1991
1992
1993
1994
1996
1997
1998
2001
2002
2003
2004
2006
2011
2012
2015
2021
2024
2027
2029
2033
2034
2037
2038
2039
2041
2048
2049
2052
2055
2057
2060
2061
2066
2068
2069
2070
2071
2072
2074
2076
2078
2081
2082
2084
2085
2086
2090
2091
2096
2098
2100
2101
2103
2105
2106
2111
2112
2113
2116
2118
2120
2121
2125
2126
2130
2132
2133
2135
2136
2137
2138
2139
2141
2142
2143
2149
2150
2151
2158
2159
2162
2163
2164
2165
2169
2172
2173
2174
2175
2177
2178
2181
2182
2184
2185
2186
2187
2189
2190
2191
2194
2196
2198
2204
2207
2210
2212
2217
2221
2223
2224
2225
2227
2230
2231
2232
2233
2234
2235
2236
2238
2240
2241
2242
2245
2246
2249
2250
2251
2252
2254
2255
2262
2263
2266
2270
2271
2272
2283
2284
2285
2287
2290
2293
2303
2306
2310
2320
2321
2322
2323
2324
2328
2329
2330
2331
2332
2335
2337
2339
2340
2343
2345
2346
2348
2349
2351
2352
2354
2355
2356
2357
2358
2359
2361
2362
2367
2370
2372
2373
2376
2380
2381
2383
2386
2389
2390
2391
2395
2397
2401
2402
2407
2408
2416
2418
2419
2422
2424
2425
2428
2429
2431
2434
2436
2438
2440
2443
2444
2448
2452
2454
2456
2457
2459
2461
2462
2464
2465
2466
2467
2469
2470
2471
2472
2473
2474
2477
2479
2484
2491
2492
2494
2496
2497
2498
2499
2501
2506
2509
2511
2513
2514
2517
2519
2520
2521
2525
2528
2529
2532
2535
2536
2537
2540
2542
2543
2545
2546
2547
2548
2549
2554
2555
2556
2559
2564
2566
2567
2569
2572
2574
2575
2579
2581
2588
2589
2590
2591
2592
2593
2599
2600
2601
2602
2605
2606
2607
2609
2611
2612
2613
2616
2617
2618
2620
2621
2622
2623
2624
2625
2626
2627
2628
2629
2630
2631
2632
2634
2635
2640
2644
2647
2649
2650
2652
2653
2654
2655
2656
2664
2665
2669
2672
2673
2674
2675
2677
2678
2679
2680
2681
2762
2765
2767
2768
2769
2771
2772
2773
2774
2777
2779
2780
2782
2784
2789
2790
2792
2795
2796
2798
2799
2800
2801
2816
2818
2829
2831
2832
2833
2834
2837
2840
2849
2850
2851
2852
2855
2856
2858
2859
2864
2865
2866
2871
2872
2873
2874
2875
2876
2877
2878
2880
2882
2887
2888
2890
2891
2893
2897
2900
2901
2903
2904
2905
2906
2908
2910
2914
2920
2921
2922
2923
2934
2936
2939
2940
2942
2943
2945
2949
2951
2957
2958
2962
2964
2965
2967
2968
2969
2973
2977
2978
2980
2981
2983
2984
2986
2990
2991
2992
2997
2998
2999
3002
3003
3004
3005
3006
3011
3013
3015
3016
3019
3020
3021
3024
3027
3029
3031
3041
3042
3046
3052
3064
3065
3067
3068
3079
3080
3081
3082
3083
3085
3087
3089
3091
3092
3094
3095
3097
3101
3102
3103
3104
3105
3106
3113
3116
3117
3120
3121
3122
3124
3125
3128
3129
3131
3134
3137
3139
3142
3144
3145
3146
3148
3149
3150
3152
3154
3156
3157
3159
3162
3165
3168
3169
3171
3173
3174
3175
3176
3178
3180
3183
3185
3187
3188
3189
3192
3195
3196
3199
3201
3203
3204
3206
3210
3212
3213
3216
3217
3218
3223
3224
3225
3226
3227
3232
3233
3240
3244
3246
3247
3248
3250
3252
3256
3257
3263
3264
3266
3269
3270
3272
3273
3277
3279
3282
3284
3286
3290
3291
3292
3296
3298
3299
3301
3303
3304
3305
3309
3311
3313
3321
3323
3329
3331
3332
3334
3339
3341
3345
3347
3356
3357
3360
3361
3362
3365
3366
3369
3371
3374
3375
3377
3378
3379
3381
3382
3386
3387
3389
3390
3391
3392
3395
3397
3398
3401
3404
3406
3407
3409
3410
3411
3412
3413
3417
3419
3420
3422
3424
3427
3428
3433
3434
3438
3439
3441
3444
3445
3446
3448
3450
3451
3452
3453
3454
3455
3458
3460
3463
3464
3466
3468
3471
3473
3475
3476
3479
3482
3483
3484
3485
3489
3490
3492
3496
3499
3500
3504
3506
3509
3510
3512
3515
3516
3517
3520
3522
3523
3524
3527
3528
3529
3533
3534
3537
3538
3541
3542
3546
3554
3555
3557
3558
3561
3562
3564
3567
3569
3576
3577
3578
3580
3581
3582
3607
3609
3610
3611
3613
3616
3617
3619
3620
3621
3623
3624
3625
3626
3627
3628
3629
3632
3633
3634
3639
3641
3642
3643
3644
3645
3646
3647
3651
3655
3656
3657
3660
3661
3663
3664
3666
3668
3669
3672
3674
3675
3677
3681
3682
3683
3686
3688
3691
3693
3694
3695
3696
3698
3702
3703
3704
3705
3707
3708
3717
3718
3719
3728
3730
3732
3733
3737
3741
3747
3748
3749
3754
3755
3760
3761
3764
3765
3770
3771
3772
3773
3774
3775
3776
3778
3781
3782
3783
3786
3787
3789
3790
3792
3794
3795
3797
3798
3799
3800
3801
3802
3805
3806
3807
3808
3810
3812
3813
3818
3819
3820
3824
3827
3829
3830
3833
3834
3836
3838
3842
3844
3845
3852
3853
3854
3855
3857
3859
3863
3864
3866
3867
3871
3872
3875
3876
3877
3878
3880
3882
3883
3889
3891
3894
3896
3900
3901
3902
3904
3907
3909
3910
3911
3915
3917
3918
3922
3923
3924
3925
3927
3928
3931
3932
3933
3934
3935
3937
3942
3945
3951
3952
3954
3955
3958
3959
3960
3963
3965
3967
3968
3969
3970
3972
3973
3974
3975
3978
3979
3980
3983
3984
3989
3990
3992
3994
3995
3998
4000
4002
4005
4012
4013
4015
4017
4018
4020
4021
4022
4023
4025
4026
4027
4028
4031
4037
4038
4042
4048
4049
4050
4051
4052
4053
4054
4057
4060
4061
4063
4064
4065
4066
4068
4070
4072
4074
4076
4079
4081
4083
4092
4095
4099
4102
4103
4109
4111
4113
4114
4115
4116
4121
4123
4125
4127
4130
4131
4135
4147
4157
4158
4160
4161
4162
4163
4167
4168
4169
4170
4172
4173
4174
4175
4176
4180
4181
4182
4184
4185
4187
4190
4193
4195
4196
4197
4198
4199
4200
4201
4204
4207
4209
4214
4216
4220
4222
4225
4226
4230
4231
4235
4239
4240
4242
4243
4244
4245
4246
4248
4249
4251
4252
4255
4259
4260
4261
4262
4264
4265
4266
4267
4270
4272
4273
4278
4280
4281
4283
4285
4286
4287
4289
4290
4292
4295
4301
4302
4303
4306
4308
4310
4311
4313
4316
4320
4321
4322
4324
4325
4332
4333
4336
4337
4338
4344
4345
4347
4350
4351
4352
4353
4355
4359
4363
4364
4366
4367
4369
4371
4372
4373
4375
4376
4379
4380
4381
4383
4384
4385
4386
4387
4388
4392
4393
4409
4410
4411
4413
4415
4416
4418
4420
4421
4422
4425
4426
4427
4430
4431
4432
4435
4436
4438
4439
4440
4441
4444
4445
4447
4448
4451
4453
4456
4459
4460
4462
4465
4470
4472
4473
4477
4488
4489
4490
4491
4492
4493
4494
4495
4496
4498
4500
4504
4505
4507
4508
4509
4511
4512
4514
4529
4531
4533
4534
4536
4540
4543
4545
4547
4550
4552
4553
4554
4556
4557
4558
4560
4561
4562
4565
4566
4567
4570
4574
4575
4576
4577
4578
4579
4581
4582
4586
4587
4588
4589
4591
4592
4603
4605
4608
4609
4615
4618
4622
4623
4626
4627
4630
4632
4633
4634
4636
4638
4639
4647
4649
4651
4652
4653
4656
4658
4661
4663
4664
4666
4667
4670
4671
4672
4673
4674
4678
4687
4689
4690
4692
4693
4694
4699
4703
4705
4711
4713
4721
4723
4724
4728
4729
4737
4739
4740
4741
4743
4747
4749
4750
4751
4753
4754
4761
4762
4763
4764
4765
4766
4768
4770
4771
4777
4779
4780
4781
4782
4784
4786
4787
4788
4790
4791
4794
4795
4800
4801
4802
4803
4805
4808
4809
4810
4811
4816
4817
4819
4822
4823
4824
4826
4827
4828
4831
4832
4833
4835
4839
4840
4841
4842
4843
4845
4846
4848
4849
4852
4854
4856
4858
4860
4870
4871
4873
4879
4886
4887
4889
4894
4897
4898
4903
4904
4907
4912
4913
4922
4924
4925
4926
4928
4929
4930
4935
4940
4942
4944
4949
4952
4954
4955
4958
4961
4962
4963
4964
4970
4972
4973
4976
4977
4978
4980
4982
4984
4988
4990
4996
5003
5004
5006
5008
5009
5010
5011
5013
5014
5015
5018
5019
5020
5021
5022
5023
5024
5025
5026
5031
5033
5034
5037
5038
5041
5043
5044
5046
5051
5054
5057
5061
5063
5065
5067
5068
5073
5080
5081
5089
5090
5092
5099
5100
5103
5107
5109
5112
5113
5114
5115
5117
5120
5122
5126
5128
5131
5132
5133
5140
5141
5142
5143
5144
5146
5147
5149
5150
5151
5152
5154
5158
5159
5160
5161
5166
5167
5168
5169
5170
5171
5172
5173
5175
5179
5182
5183
5185
5186
5188
5192
5195
5198
5201
5202
5205
5207
5209
5210
5212
5218
5223
5224
5225
5226
5228
5229
5234
5235
5238
5241
5242
5252
5255
5257
5258
5260
5266
5270
5276
5278
5285
5287
5289
5291
5293
5294
5300
5302
5307
5310
5311
5316
5317
5318
5320
5322
5323
5327
5328
5329
5330
5332
5333
5335
5339
5340
5342
5343
5345
5348
5353
5356
5358
5360
5361
5362
5365
5373
5376
5377
5378
5379
5380
5381
5384
5390
5392
5393
5394
5398
5399
5400
5402
5403
5404
5406
5408
5409
5411
5412
5415
5416
5417
5418
5424
5425
5427
5428
5430
5431
5433
5434
5440
5443
5444
5445
5446
5449
5450
5452
5455
5456
5461
5464
5465
5467
5468
5469
5470
5472
5474
5479
5480
5481
5482
5484
5485
5486
5487
5492
5494
5495
5496
5501
5503
5506
5507
5508
5509
5510
5511
5515
5516
5523
5524
5525
5527
5536
5540
5548
5550
5552
5555
5557
5558
5561
5563
5566
5567
5568
5572
5573
5580
5581
5590
5593
5594
5595
5597
5600
5601
5602
5611
5612
5613
5614
5615
5616
5618
5621
5626
5627
5629
5631
5633
5634
5637
5638
5639
5642
5644
5645
5647
5648
5649
5650
5654
5655
5657
5660
5661
5662
5663
5664
5665
5666
5668
5671
5675
5676
5677
5678
5680
5682
5683
5693
5697
5700
5701
5702
5705
5706
5707
5708
5709
5712
5715
5716
5717
5719
5723
5724
5725
5728
5729
5730
5731
5732
5733
5736
5737
5739
5740
5741
5743
5744
5745
5746
5747
5749
5751
5752
5753
5754
5755
5756
5757
5758
5759
5762
5764
5767
5768
5770
5772
5774
5775
5776
5777
5779
5782
5783
5785
5787
5802
5803
5809
5810
5815
5818
5822
5823
5825
5826
5827
5828
5829
5832
5834
5835
5840
5841
5846
5847
5851
5852
5853
5856
5857
5858
5861
5869
5871
5878
5880
5883
5887
5890
5901
5903
5904
5905
5906
5908
5909
5910
5914
5933
5934
5935
5936
5937
5938
5939
5940
5941
5944
5946
5948
5949
5950
5963
5966
5967
5969
5970
5971
5972
5973
5974
5976
5977
5978
5979
5982
5983
5984
5986
5988
5990
5991
5992
5996
5998
5999
6000
6002
6003
6005
6007
6009
6011
6012
6013
6014
6016
6020
6021
6024
6028
6032
6034
6035
6036
6037
6038
6039
6042
6043
6044
6046
6051
6052
6054
6060
6061
6062
6063
6064
6065
6067
6078
6079
6080
6089
6091
6093
6095
6099
6106
6109
6111
6112
6116
6118
6121
6123
6124
6125
6126
6129
6131
6135
6136
6137
6139
6140
6142
6143
6144
6147
6150
6152
6155
6156
6162
6165
6167
6168
6169
6170
6173
6174
6179
6182
6184
6188
6189
6190
6193
6194
6195
6196
6197
6198
6199
6200
6202
6204
6205
6206
6207
6208
6210
6212
6214
6215
6216
6218
6219
6227
6232
6235
6236
6238
6239
6241
6242
6243
6254
6255
6256
6259
6260
6262
6263
6266
6272
6273
6276
6277
6278
6280
6282
6284
6285
6286
6288
6291
6292
6293
6294
6295
6296
6297
6301
6302
6304
6306
6307
6315
6316
6317
6320
6324
6326
6327
6328
6329
6331
6334
6338
6340
6341
6342
6345
6346
6347
6350
6369
6370
6373
6375
6379
6381
6382
6383
6386
6389
6390
6397
6398
6399
6402
6404
6406
6407
6408
6410
6412
6413
6414
6418
6419
6420
6422
6423
6424
6425
6429
6431
6432
6433
6434
6435
6437
6438
6439
6441
6442
6443
6447
6448
6449
6452
6454
6455
6456
6459
6461
6464
6465
6466
6468
6471
6473
6475
6477
6480
6481
6483
6488
6489
6490
6491
6492
6493
6495
6498
6500
6501
6502
6503
6505
6506
6511
6512
6513
6514
6515
6516
6517
6518
6522
6524
6527
6529
6531
6532
6534
6539
6540
6541
6546
6553
6554
6555
6557
6559
6560
6564
6569
6570
6571
6572
6576
6578
6579
6581
6583
6584
6586
6596
6597
6598
6600
6603
6604
6607
6608
6610
6612
6616
6617
6618
6621
6622
6624
6630
6632
6634
6635
6638
6640
6641
6642
6643
6644
6645
6648
6649
6651
6652
6659
6664
6667
6672
6673
6675
6677
6678
6680
6681
6685
6692
6694
6696
6699
6700
6704
6706
6710
6712
6713
6715
6720
6721
6724
6726
6727
6728
6729
6731
6732
6733
6737
6742
6744
6746
6747
6749
6752
6753
6754
6755
6756
6759
6761
6762
6766
6767
6774
6777
6779
6780
6781
6789
6790
6791
6792
6793
6795
6797
6799
6801
6806
6807
6809
6811
6812
6813
6815
6816
6819
6821
6822
6829
6830
6831
6832
6833
6835
6837
6839
6840
6843
6844
6847
6851
6852
6853
6856
6857
6858
6860
6861
6864
6865
6868
6870
6871
6872
6879
6880
6881
6882
6883
6884
6885
6889
6891
6893
6894
6896
6897
6901
6903
6906
6907
6910
6914
6915
6916
6919
6921
6925
6926
6929
6931
6932
6934
6937
6940
6942
6944
6945
6946
6948
6952
6954
6955
6959
6960
6962
6963
6964
6966
6967
6968
6970
6974
6975
6982
6984
6987
6990
6993
6996
6998
6999
7003
7005
7006
7007
7010
7011
7012
7016
7025
7027
7028
7032
7033
7035
7038
7039
7040
7043
7044
7046
7047
7049
7052
7055
7057
7058
7059
7060
7061
7063
7064
7067
7069
7071
7072
7073
7075
7077
7078
7079
7083
7084
7085
7087
7090
7095
7097
7098
7099
7101
7102
7104
7111
7117
7119
7122
7123
7126
7127
7128
7137
7139
7140
7144
7145
7149
7151
7153
7154
7156
7157
7159
7160
7163
7164
7170
7171
7176
7178
7182
7183
7185
7187
7188
7190
7192
7195
7196
7197
7199
7200
7202
7205
7210
7211
7213
7215
7217
7218
7221
7222
7225
7226
7227
7228
7230
7231
7233
7234
7235
7236
7237
7239
7240
7244
7245
7247
7248
7250
7251
7252
7254
7261
7263
7267
7268
7269
7275
7285
7286
7287
7288
7290
7292
7297
7299
7301
7302
7303
7305
7306
7314
7316
7320
7324
7326
7329
7330
7332
7333
7334
7342
7343
7344
7345
7347
7348
7350
7351
7352
7355
7356
7360
7363
7364
7366
7370
7371
7372
7374
7375
7377
7382
7384
7387
7390
7391
7393
7395
7396
7400
7403
7404
7406
7410
7412
7420
7421
7422
7423
7424
7425
7428
7430
7432
7433
7434
7436
7441
7447
7448
7454
7455
7458
7459
7462
7464
7466
7470
7471
7473
7474
7475
7477
7480
7481
7483
7487
7489
7493
7494
7495
7496
7497
7499
7501
7503
7505
7506
7513
7514
7518
7523
7524
7527
7528
7530
7531
7532
7534
7535
7536
7537
7539
7540
7543
7545
7547
7551
7553
7554
7556
7557
7558
7561
7564
7568
7570
7571
7575
7576
7581
7583
7584
7586
7589
7590
7591
7592
7595
7596
7599
7600
7601
7602
7606
7608
7610
7614
7615
7617
7619
7624
7625
7626
7627
7628
7632
7633
7634
7635
7636
7638
7640
7642
7643
7645
7646
7649
7650
7651
7653
7655
7657
7660
7662
7663
7664
7671
7673
7675
7680
7681
7682
7683
7687
7689
7690
7691
7692
7693
7694
7696
7698
7700
7701
7702
7707
7708
7709
7711
7721
7724
7728
7729
7732
7733
7735
7737
7739
7741
7742
7743
7749
7751
7752
7754
7755
7756
7758
7762
7764
7767
7772
7773
7774
7777
7779
7780
7782
7783
7784
7785
7789
7790
7791
7794
7796
7797
7800
7802
7809
7810
7811
7813
7814
7816
7817
7818
7824
7825
7828
7829
7833
7837
7838
7842
7846
7847
7850
7854
7856
7859
7860
7861
7862
7865
7875
7876
7877
7880
7881
7883
7885
7889
7893
7896
7897
7899
7902
7904
7905
7906
7907
7908
7909
7911
7913
7915
7917
7921
7923
7929
7933
7934
7937
7938
7941
7948
7950
7952
7954
7956
7959
7960
7961
7962
7965
7966
7969
7971
7973
7975
7978
7980
7981
7986
7988
7990
7991
7992
7993
7996
7997
7998
8003
8006
8008
8015
8016
8018
8019
8021
8022
8025
8026
8027
8029
8031
8032
8033
8034
8035
8036
8039
8040
8041
8044
8045
8048
8049
8050
8055
8056
8059
8060
8061
8062
8063
8064
8065
8066
8067
8069
8070
8071
8072
8079
8080
8081
8083
8084
8085
8087
8089
8090
8092
8093
8099
8102
8104
8107
8109
8110
8112
8113
8115
8116
8122
8123
8129
8132
8133
8134
8136
8138
8139
8141
8143
8146
8147
8148
8149
8151
8153
8157
8158
8159
8160
8162
8165
8169
8178
8179
8180
8181
8183
8184
8186
8188
8190
8195
8196
8205
8207
8208
8217
8218
8220
8221
8222
8226
8228
8229
8232
8233
8236
8237
8238
8240
8241
8243
8245
8247
8248
8258
8259
8260
8262
8265
8270
8275
8278
8281
8282
8283
8284
8285
8289
8290
8292
8293
8294
8296
8299
8300
8301
8302
8304
8305
8309
8310
8311
8312
8313
8314
8315
8317
8318
8319
8322
8323
8329
8330
8331
8334
8337
8343
8344
8345
8348
8349
8351
8352
8353
8355
8356
8357
8359
8360
8361
8363
8364
8366
8367
8368
8370
8372
8375
8377
8381
8389
8399
8404
8406
8408
8409
8410
8415
8419
8421
8422
8423
8425
8426
8427
8430
8431
8432
8434
8435
8436
8437
8440
8441
8442
8443
8445
8446
8448
8449
8450
8451
8453
8455
8456
8457
8458
8460
8461
8462
8463
8464
8470
8483
8484
8490
8492
8494
8499
8509
8511
8516
8518
8522
8524
8525
8527
8532
8534
8535
8536
8537
8540
8542
8546
8548
8549
8550
8551
8555
8556
8557
8558
8559
8560
8561
8562
8564
8565
8568
8569
8570
8572
8573
8579
8580
8581
8587
8588
8590
8592
8593
8594
8596
8598
8601
8604
8605
8606
8610
8611
8612
8614
8617
8619
8620
8623
8626
8628
8629
8633
8636
8638
8640
8643
8644
8649
8655
8657
8658
8660
8662
8663
8665
8666
8667
8668
8670
8671
8672
8673
8675
8678
8679
8681
8682
8683
8686
8688
8690
8691
8692
8695
8696
8697
8698
8700
8702
8705
8708
8712
8713
8714
8720
8722
8723
8724
8725
8729
8730
8732
8733
8735
8736
8738
8741
8744
8748
8749
8750
8751
8756
8757
8758
8759
8762
8763
8768
8771
8774
8775
8777
8778
8780
8783
8786
8787
8788
8790
8792
8796
8797
8798
8799
8801
8803
8810
8812
8813
8819
8821
8826
8830
8832
8834
8836
8839
8841
8843
8844
8847
8849
8851
8853
8855
8857
8859
8860
8863
8865
8866
8870
8871
8872
8873
8878
8880
8881
8882
8885
8887
8888
8891
8893
8897
8902
8903
8904
8906
8907
8911
8912
8913
8914
8915
8917
8919
8921
8926
8927
8929
8931
8932
8934
8936
8939
8940
8942
8948
8950
8953
8954
8955
8957
8959
8960
8963
8964
8965
8966
8969
8970
8972
8978
8979
8980
8981
8984
8986
8987
8989
8990
8993
8994
8996
8997
9001
9002
9003
9004
9008
9009
9010
9012
9013
9014
9016
9017
9018
9019
9020
9022
9023
9026
9028
9029
9030
9036
9037
9038
9039
9040
9041
9042
9044
9045
9046
9048
9049
9053
9055
9056
9057
9059
9061
9062
9064
9066
9068
9069
9071
9073
9074
9075
9078
9081
9088
9089
9092
9093
9094
9096
9098
9099
9102
9103
9104
9105
9108
9110
9114
9115
9120
9121
9122
9123
9125
9126
9127
9128
9130
9131
9132
9134
9138
9139
9140
9141
9143
9144
9146
9147
9148
9149
9150
9153
9155
9156
9157
9160
9161
9162
9163
9166
9168
9176
9177
9179
9180
9184
9187
9189
9190
9193
9195
9199
9201
9203
9205
9208
9209
9211
9216
9222
9224
9232
9234
9236
9237
9248
9249
9250
9251
9257
9258
9259
9260
9261
9262
9263
9270
9271
9272
9273
9277
9280
9283
9284
9291
9293
9294
9295
9297
9298
9299
9301
9304
9305
9307
9309
9316
9320
9321
9323
9324
9325
9326
9328
9329
9330
9334
9339
9342
9343
9344
9346
9347
9348
9350
9355
9357
9359
9360
9361
9362
9363
9364
9365
9366
9367
9369
9371
9373
9375
9376
9377
9378
9379
9381
9385
9386
9388
9389
9391
9393
9399
9401
9405
9411
9414
9415
9417
9418
9420
9424
9425
9429
9430
9434
9435
9439
9443
9444
9450
9452
9454
9455
9456
9458
9460
9461
9462
9465
9467
9468
9469
9473
9477
9478
9479
9481
9483
9484
9486
9487
9489
9492
9493
9494
9496
9498
9499
