-22341 1
33346 1
-13450 -1
33571 1
5250 -1
19891 1
1459 -1
29213 -1
-16360 -1
-15149 1
26063 -1
-26595 0
-13982 1
-8022 -1
-12783 1
-5797 -1
-9660 -1
-29114 1
-28052 -1
-2893 1
-18433 1
5151 -1
16470 0
13608 1
-3747 1
28485 -1
-27574 -1
-11723 1
24194 1
514 -1
-26341 -1
-29249 -1
-9913 0
-9493 -1
-13305 1
26306 1
925 1
5785 1
-4639 1
-25397 -1
14499 -1
3262 -1
6721 -1
-11182 1
-11324 -1
-27580 1
-31021 1
-32744 -1
-13056 1
23789 0
18860 -1
-11094 1
20275 -1
24604 -1
-16629 1
-23373 1
-17043 1
4659 -1
13375 0
-30197 -1
-378 1
-19035 1
11919 0
19070 -1
-30635 -1
17220 -1
-3013 -1
30597 1
9478 1
-28952 -1
-27287 1
11919 0
12 1
-17147 -1
20089 1
16699 -1
11316 -1
23411 -1
22386 -1
12850 1
-27592 -1
-6770 1
25356 -1
8394 0
24926 -1
28029 -1
29746 0
-19321 -1
1133 1
19720 -1
17287 0
-3453 1
20878 -1
22109 -1
-19383 1
2351 -1
14258 1
27643 -1
14016 -1
24578 1
-12728 -1
-19611 1
32140 1
13849 -1
-3445 -1
-33618 -1
8253 -1
23092 0
-25660 -1
-7417 -1
19799 0
19576 0
12110 -1
-14430 1
-22336 -1
1237 0
1665 -1
-1768 1
-19288 -1
13060 1
31610 -1
-31044 -1
-5766 -1
-21393 -1
-4013 0
-27825 1
-385 0
-21229 1
14239 1
10285 1
29646 1
9004 1
-458 1
-19296 1
15700 1
-30242 1
-15036 -1
-22556 -1
-28020 1
-248 1
10505 1
-3547 -1
-23925 -1
31500 1
16444 1
-14879 1
1522 -1
-17602 1
27034 1
10221 -1
15188 1
21951 -1
14009 -1
26757 0
-28413 -1
-30864 -1
8445 -1
-1425 1
5852 1
24305 1
-11511 1
29996 0
-17705 -1
5843 1
5021 -1
-17477 0
9021 -1
-31104 1
18326 -1
-22005 1
22962 -1
3765 1
-28842 0
17192 1
4591 1
218 -1
18432 1
5583 -1
-5020 1
-8080 -1
-23232 0
896 1
15649 -1
-2774 -1
-9281 1
-23584 -1
-21167 -1
-737 1
3541 -1
20603 1
21899 -1
31540 0
-12620 1
-16881 1
28884 0
-26322 -1
-2487 1
-16759 -1
-10562 -1
25250 1
21758 0
30304 1
-20170 -1
-13268 -1
22049 -1
-1032 1
30321 1
-13163 1
-20738 -1
-13683 0
26958 -1
11125 1
20064 -1
31603 1
20109 1
-15692 -1
-6919 -1
-3411 1
-2727 1
19537 -1
1013 1
12133 -1
-2815 1
-1649 1
17145 1
-29521 1
988 0
-4253 1
-10719 -1
861 -1
-20174 -1
26327 -1
-27184 1
-10940 -1
30333 -1
-29710 1
6326 -1
19693 1
-6790 1
-31751 1
-19105 -1
-30479 1
-13307 1
-20446 -1
-23665 -1
-11097 1
28907 1
27762 -1
-20889 -1
9656 -1
-9623 1
354 -1
-21423 -1
-13809 -1
2908 0
30010 0
16984 -1
-25073 1
-19099 1
-26485 1
-23709 0
-31435 -1
5926 1
-20015 1
-28842 0
-22488 -1
-16732 -1
-9913 0
6957 -1
19764 1
-4839 -1
-23178 1
-2213 -1
-11598 0
-25560 0
19000 0
16834 -1
-23934 -1
10641 1
11175 1
-25755 1
-18207 -1
-30047 1
-9233 1
-29171 1
12517 1
-10807 -1
-20344 -1
29941 1
-23029 -1
-22782 -1
-4423 1
-12855 -1
-20772 1
2552 0
-30263 1
14389 1
-22458 -1
-25264 -1
-30696 -1
-25752 0
-26896 -1
30631 1
-24496 -1
-17105 1
-8008 -1
-11856 -1
10914 -1
-23406 -1
-5588 -1
-270 -1
8460 -1
21838 1
363 -1
3809 1
-2855 1
30943 -1
-6935 1
17227 -1
12739 1
-1134 1
6989 -1
-1386 1
2409 1
-23313 -1
-24361 1
-12527 1
-20428 1
29460 1
30660 -1
21137 0
-26365 -1
-8146 1
14233 1
-25875 1
-12808 -1
4948 1
1505 -1
-3038 -1
21953 -1
12602 -1
1603 -1
-1078 1
1955 1
-1782 -1
24155 1
-19497 -1
24304 1
-9089 -1
10331 1
13517 1
-19097 -1
33380 1
-23278 1
-27544 1
7629 -1
-11612 0
-13498 1
7480 1
-24583 1
14015 1
-30971 -1
19624 0
-18337 -1
7021 1
1396 1
31522 1
-2927 -1
-31559 1
4141 0
-14473 1
-1068 -1
-26626 1
-6331 1
17820 1
12457 -1
-17433 1
22601 -1
19157 1
7547 1
-21912 -1
-16073 -1
24727 -1
24499 -1
-21896 1
16799 -1
-26726 1
-29017 1
-9076 0
-5214 -1
24750 -1
-16476 1
-33011 0
4261 -1
20559 -1
-16394 1
-19330 1
-21104 0
-24101 -1
15024 1
23934 -1
24692 -1
-13925 1
17200 -1
19627 -1
-27514 -1
22911 -1
31611 -1
14013 1
-24629 0
-27847 1
-6198 1
4390 0
-30539 1
11876 1
18653 -1
23779 1
27057 1
7963 -1
31540 0
-23452 1
29863 1
-5084 1
-7624 1
10489 -1
26691 -1
8654 1
-19966 0
-18064 1
20896 1
-14041 -1
8470 1
302 -1
3504 1
18687 1
-29214 1
-20439 -1
-19672 1
22924 -1
25197 -1
28812 1
22350 -1
22270 1
-29951 1
-320 1
-8236 0
1385 0
-29063 1
20225 0
-26033 -1
30529 -1
-1321 -1
-5989 1
211 1
-20600 -1
-14543 -1
-30722 -1
7458 1
-18562 0
-16208 -1
17874 -1
-27694 1
-12572 1
13456 0
4546 0
8588 1
31052 1
-18298 -1
1255 1
17178 1
-25359 0
28573 -1
26272 -1
5696 -1
29907 -1
11687 1
-28957 1
15096 0
-22035 -1
23231 0
19081 -1
14512 1
-6961 1
-11756 1
-15435 -1
6092 1
13863 1
-26739 0
4661 1
-16566 -1
-4088 1
14669 -1
-11042 1
-15503 1
-32476 -1
-25 1
8079 0
6674 1
-5286 1
-18714 -1
-9102 1
1713 1
-5892 -1
17120 0
-28824 0
26650 -1
-29248 1
-3607 -1
-21408 -1
-32208 -1
-4669 -1
6191 0
-20190 -1
-23367 0
31049 -1
-26956 1
-21808 -1
-19520 -1
-26987 1
-4911 1
863 -1
22523 -1
2121 1
12907 -1
-30505 1
4886 -1
-20329 -1
-8470 0
-7387 -1
-27292 1
10966 -1
-21923 1
2591 1
1363 -1
6664 -1
3488 -1
19256 0
3139 1
-17008 1
14798 -1
-15343 1
20820 1
12482 1
-20958 -1
17171 -1
-14820 -1
-17729 1
-31527 -1
3879 -1
25554 1
-3892 0
-14098 -1
14270 1
23789 0
-1260 -1
-30283 0
21125 0
-29775 1
-24454 0
-18974 -1
24884 -1
-30714 1
4309 1
7436 -1
-13553 -1
24189 1
5609 1
6112 0
-5773 1
-13571 0
-6708 0
-9517 1
-25657 0
-21893 1
10646 -1
-17367 -1
-28608 -1
-13843 1
-29669 -1
276 -1
-15520 1
23537 1
21718 1
26138 -1
-698 0
15409 -1
7749 -1
-9159 0
-1702 -1
-6001 1
-27255 -1
16604 1
-10714 0
7729 1
-24492 1
9149 1
-19008 1
-26826 -1
14472 -1
-15437 -1
-22317 0
2947 1
-29437 1
6987 -1
10569 1
-23119 1
32270 1
15773 1
702 1
8749 -1
16933 -1
-26674 1
-21479 1
-24998 -1
26647 -1
17580 1
-7149 -1
-22433 -1
12285 -1
12709 -1
-1044 -1
-26852 1
-11925 -1
-24436 1
-5138 -1
-11011 1
-29715 0
-17342 0
-4475 1
-11045 -1
-12741 -1
-27505 1
-30290 -1
10573 -1
3113 -1
-14377 0
-2909 1
26341 0
-11475 1
9238 1
3436 1
-18421 -1
11632 1
-29252 1
28047 -1
22529 0
-31897 0
3146 0
7038 -1
-1132 0
-22374 1
25281 1
23795 -1
1706 1
-29376 -1
-5216 1
9157 0
24567 1
-28389 1
9897 1
30314 1
-25340 1
-14229 -1
-9639 1
-16184 -1
7904 -1
-25934 1
28252 -1
-12316 0
-13416 1
-16113 1
28479 1
1256 -1
25035 1
30799 1
-14211 1
18832 1
-22139 1
19133 1
-2178 0
497 -1
-3065 -1
-31449 1
-22170 1
-18519 -1
18187 1
-32865 -1
24776 0
-16820 -1
29816 -1
-13340 1
-20615 -1
2464 1
454 0
1064 1
1237 0
-25418 1
-28592 -1
-17884 -1
-909 0
24694 0
-12400 -1
15854 1
-11285 -1
17269 1
9017 1
10722 -1
-8707 -1
18624 1
-9990 -1
-2974 1
7268 1
-12528 1
-11250 1
-16887 1
-31417 1
8494 1
12534 0
-7293 0
-23578 -1
-14332 -1
4609 -1
-27998 -1
-5059 1
-32768 -1
11415 1
21137 0
-12960 -1
30463 1
4587 -1
13719 -1
-4287 1
-2388 -1
-32771 -1
14301 1
-30887 -1
-1499 0
-11615 -1
3440 0
28584 1
-28922 -1
18712 0
21 1
15368 -1
-28515 0
-5304 0
-6019 -1
-5151 -1
26059 1
33315 1
-7731 1
12460 1
14200 1
22513 -1
-1590 -1
6441 1
11507 0
15106 0
-26023 0
-28338 -1
-29217 1
-29287 0
1151 0
909 -1
-15255 -1
29203 1
15971 -1
-2637 -1
28040 -1
6924 1
-12376 -1
13461 -1
27824 1
-28594 1
27248 -1
-28845 1
-26448 -1
27608 1
-11230 -1
-14480 -1
15025 1
8803 1
22383 -1
-6605 0
-21031 1
22505 0
12641 0
-23935 1
4326 0
14982 1
410 -1
3064 1
-12769 -1
-28686 1
-17073 -1
7507 -1
11430 1
5638 1
26833 -1
-10623 1
-317 1
-30530 1
-26463 -1
-22026 1
2656 1
-268 -1
4779 -1
22356 1
9752 1
-19458 -1
29112 -1
21918 1
25844 -1
-16059 1
-8484 1
27721 0
33719 1
-6226 -1
-24719 1
13008 1
-19254 1
-27707 -1
28757 -1
-28813 1
30311 1
23869 1
18052 -1
-29815 1
13382 -1
10360 -1
20597 -1
-12452 -1
10273 -1
-17096 -1
18222 1
-3748 0
-14659 -1
6174 1
17474 1
8668 -1
-8415 -1
16663 1
8708 -1
-10732 -1
-20967 1
11317 0
22195 1
-3456 -1
7307 1
-5118 1
-20245 1
-15132 1
7849 -1
-17646 -1
-33511 -1
6308 1
25434 -1
513 1
10677 0
-29165 -1
20612 -1
7010 0
-5148 -1
-4607 0
12911 1
-28984 1
-11117 -1
28020 1
-4973 -1
-979 1
19772 1
-5195 -1
11317 0
19639 1
-14143 1
18531 -1
3650 1
30143 1
-22710 1
30629 1
26454 -1
-14348 1
-30966 -1
28862 1
29754 0
-27877 -1
-33296 -1
4895 1
-835 0
6718 1
18928 1
21536 1
-8702 -1
-5249 1
21904 -1
20568 1
-20278 -1
-27812 -1
-12931 1
21889 1
-20469 0
18335 -1
-303 1
1971 1
654 -1
-25657 0
29443 -1
-6569 -1
-20012 -1
23462 -1
-2829 0
-14283 1
1132 1
26771 -1
7808 -1
-8298 -1
-22254 -1
16830 1
-17919 -1
-923 -1
-16592 1
-21657 -1
18590 1
11311 -1
-28209 -1
-27973 1
-15053 1
1136 0
-5501 -1
3958 -1
16174 -1
-31705 -1
19833 1
6492 -1
-14121 1
-27359 1
-17250 1
29073 1
-22213 0
-22807 1
26656 -1
21129 1
22172 -1
29152 -1
-31037 1
-31237 -1
17568 1
-27127 1
30674 -1
21329 0
-11069 1
8379 -1
27798 0
-21590 -1
-3059 1
-24111 1
-7470 -1
-13155 1
28373 -1
22633 -1
32669 1
11060 -1
31011 1
-28016 -1
3603 -1
-25721 -1
19408 1
15407 0
28483 0
-21013 -1
-11271 1
5624 -1
-22334 1
263 1
9869 -1
23051 -1
13292 0
-14393 1
-13368 -1
-16768 0
10789 1
26428 -1
-3372 1
-13571 0
15356 -1
12660 -1
-15685 1
-9827 -1
15371 0
10430 0
8280 -1
4083 1
-26083 1
916 -1
-18899 -1
1639 -1
-14212 1
18431 -1
7219 1
-4850 1
28396 1
-22018 1
32451 1
-13419 1
15111 0
17286 1
-27909 -1
-15368 1
-505 0
-24901 1
-31079 -1
-28833 0
-26136 1
30320 1
19841 1
-8273 -1
-18306 1
-30199 0
19215 -1
-4407 1
31987 1
17454 1
-33634 -1
-31658 -1
3888 -1
20704 1
-24641 1
-31279 -1
5102 -1
5600 -1
3446 -1
5969 1
-3194 -1
-17468 -1
6853 1
27420 -1
-21907 -1
-10748 1
7054 -1
-29983 -1
-6140 -1
9885 -1
-26233 1
4932 -1
18256 -1
-11595 -1
20635 0
21844 1
-2390 1
8859 1
-26102 1
-33630 -1
13103 -1
12108 1
-17629 1
-1552 -1
8038 1
-16428 1
12413 1
20615 1
-4741 1
22008 1
-1323 1
1677 1
30017 0
21593 1
6256 1
18229 -1
3575 1
-30589 -1
11538 1
30525 -1
-3346 0
-12157 -1
-3587 0
6940 1
3567 1
-28056 -1
151 0
-23292 -1
25676 -1
10825 -1
1134 -1
-10217 -1
-22685 -1
17823 -1
10116 0
10772 1
8204 -1
29025 0
28185 0
-25314 1
17207 0
-17129 0
-28732 -1
-12803 1
-15401 -1
-13509 -1
19911 0
-9816 -1
-28699 1
9376 0
-7049 -1
18643 -1
-23583 1
5804 0
19039 -1
-19482 1
-7675 -1
-19061 -1
18863 -1
19783 -1
7489 0
-29682 0
-24301 -1
-5078 1
-2614 1
-7245 0
-27217 -1
30687 1
-32780 -1
31021 -1
5861 -1
24541 -1
-23707 -1
-19273 -1
15397 -1
33179 1
-22526 1
1744 0
-22057 0
-15738 -1
10652 1
23943 -1
-26766 -1
-963 -1
26013 -1
26948 1
-14015 1
-15886 1
-33664 -1
3641 -1
7650 -1
22959 1
-23271 1
-23403 1
-29976 1
-8276 1
-2290 -1
-30489 1
-19294 -1
-5102 -1
-2861 0
24295 -1
-26880 -1
-19052 -1
-14549 0
-4498 0
23903 -1
25693 -1
-8810 -1
24547 0
-4578 -1
4992 1
3708 -1
376 -1
5954 1
-22148 -1
27768 1
10832 -1
-13777 -1
24144 -1
-24127 -1
-13602 -1
-29097 1
-17980 1
11007 1
-12249 -1
1897 -1
-33289 -1
14796 -1
-20734 1
4559 -1
13717 1
32682 1
-8328 -1
25876 0
30959 1
-22216 1
-28017 -1
-19187 0
-29312 1
-23367 0
-18760 1
9244 0
-1235 1
5388 1
9244 0
-12431 1
-652 0
6243 -1
-20429 -1
27223 0
28008 1
2985 -1
-28789 0
-16177 1
-26212 -1
32094 1
13671 1
7161 1
-13893 -1
9464 1
22220 0
2523 1
-10754 -1
27998 0
11583 0
-21704 0
-5698 0
-22298 1
26837 -1
33620 1
-18744 1
9185 1
16258 1
-30126 1
16602 1
-22780 1
-3624 -1
-16780 1
24218 0
-29770 1
17483 1
16010 1
135 1
-30976 -1
-9109 1
876 -1
9859 -1
-9508 1
8731 1
31973 1
7998 -1
31024 1
-27594 -1
-33275 -1
-20528 1
-22902 0
-26994 0
-16637 1
-8377 1
113 -1
17263 -1
31340 -1
7362 1
-906 0
-13669 1
12651 1
19108 1
-6318 1
-14854 1
22596 -1
21743 -1
-28808 1
26027 1
-24124 0
33454 1
-16316 -1
27125 -1
-15986 1
1912 1
23985 1
-8611 1
13939 -1
26489 0
1481 1
-8968 -1
17689 1
7425 -1
-8719 1
-11534 -1
30925 1
27202 1
-15378 1
28438 1
-16263 -1
14028 1
25419 1
-3814 -1
-18125 1
-31029 1
-14109 -1
-22894 -1
3112 -1
25081 1
-24454 0
1893 -1
-15031 1
-9814 1
7194 0
3712 1
30465 -1
6791 -1
16969 -1
21476 1
-7234 -1
-4275 1
-16366 -1
-19007 1
-12970 1
-6175 -1
-3498 -1
-18005 -1
3855 1
6953 1
6336 1
-5271 -1
-21965 -1
29877 1
4896 1
-9771 1
-27013 -1
31105 -1
-15274 -1
20095 1
-29059 1
6765 1
-31035 -1
-28422 -1
2334 1
1766 -1
27998 0
4605 0
-13712 -1
-1889 -1
-21150 -1
-19464 -1
-16978 1
28500 -1
16872 1
23559 -1
8463 0
24085 1
17638 1
29425 1
22970 -1
-11502 -1
18474 1
-3196 -1
-18497 1
18270 -1
17671 -1
-18637 1
-4476 1
-19229 0
-20827 1
-12929 1
9957 0
8851 1
22839 0
22199 1
16547 -1
-1305 1
14484 -1
-10957 -1
-1830 1
-2285 1
29581 -1
-4301 -1
984 1
12384 -1
-18217 -1
3209 -1
28183 -1
-7938 -1
-22009 1
-26949 1
30077 1
-28243 1
-8309 -1
-26461 1
9553 -1
13219 1
4079 -1
14074 -1
31373 1
16478 -1
-18201 1
-20512 -1
-19875 1
13452 1
-33609 -1
-28102 1
-7929 1
22957 1
-9124 -1
16329 1
-32693 -1
-28358 0
-28108 -1
-7646 -1
-32305 -1
19736 1
-12298 1
16190 1
32489 1
-7725 1
12823 -1
-20609 -1
16024 1
342 -1
6898 1
-26309 1
-494 0
-21329 0
27833 1
9873 -1
9400 -1
419 1
3667 1
-10097 -1
1780 1
-8068 -1
20040 -1
-21811 1
-9170 0
4449 1
-32335 -1
28334 0
-11642 1
-6857 0
-28080 0
25208 -1
4378 0
-6391 1
1141 -1
-4197 -1
13294 0
13423 -1
11941 1
-18052 1
22947 -1
23931 1
22058 -1
464 -1
29812 1
-21104 0
-15191 -1
16993 -1
-21594 -1
2918 -1
16337 -1
27829 -1
32272 0
-17590 1
3685 0
-9076 0
-5746 0
3385 1
-13197 1
2493 -1
-12454 -1
-1325 1
-867 1
-17344 0
-25881 1
-14886 1
-27365 0
19542 -1
31823 1
-19931 0
-1039 0
-22773 -1
-11509 -1
-19841 -1
-5239 0
25440 1
-6027 0
-29269 -1
15896 1
9431 -1
-3897 1
11062 -1
-5716 -1
1937 1
23381 -1
-6509 1
27146 -1
25649 1
32250 1
149 1
23101 -1
-4975 1
-9159 0
-14477 1
-9040 0
5549 -1
-25221 0
10902 1
-12322 1
29963 -1
-17865 1
27091 -1
-20936 -1
3848 -1
25073 -1
28222 1
15123 1
27534 -1
3073 1
2398 -1
6885 1
-25191 1
8845 1
-1446 -1
28580 0
5031 1
21294 1
10668 1
29036 -1
-5624 0
-9402 1
-29908 1
11107 1
-18043 -1
-10598 -1
-21744 0
9958 1
9690 1
-14020 -1
-13883 1
18268 1
16716 1
-63 1
7473 1
6121 -1
-24364 1
-27114 -1
-13500 1
21454 0
-11313 1
-29287 0
33429 1
23643 -1
32940 1
7489 0
-4877 0
20665 1
24957 -1
5957 -1
4626 -1
-6139 -1
10428 -1
8160 1
-18165 -1
-77 -1
-3418 -1
-25786 1
3186 1
-19253 1
-13331 -1
21852 -1
33721 1
-17429 -1
-6384 0
9139 0
-4033 -1
-15407 1
-14002 0
29899 1
-26192 0
-3390 1
27477 0
29819 1
20807 1
29025 0
29241 1
-21500 1
7689 -1
-24356 1
29828 -1
24706 1
-1499 0
13587 0
1248 1
-16729 -1
9577 -1
23046 -1
-2857 1
-33748 -1
9492 -1
11967 1
29226 -1
29153 1
31975 1
-23987 -1
-7268 0
10834 1
-32698 -1
2239 -1
-30257 -1
-31285 1
-7480 -1
-14513 0
9415 -1
-15456 -1
4374 0
11421 -1
11336 1
-23717 1
18175 -1
26071 -1
-1052 0
27495 0
-19027 -1
-1001 1
-1033 1
-8728 0
6136 1
-23857 -1
5077 -1
10100 -1
32190 1
-21970 0
-2015 1
-1722 1
30233 -1
29968 -1
-7189 1
4423 -1
14181 1
-10845 1
28787 -1
-13867 1
-18546 0
-19931 0
-2004 -1
-31052 1
-25410 1
-17262 1
3322 -1
5403 -1
-231 -1
21727 1
32176 0
30862 -1
14784 0
-9137 0
29912 -1
-8249 -1
-30012 -1
20941 1
12788 -1
-3796 1
-252 -1
-10936 1
-4399 1
-21205 1
-2532 1
-2061 1
-7560 -1
-23573 1
8323 1
-12891 1
-28672 1
-9725 0
-10989 1
25556 1
30322 1
-24263 -1
-370 -1
20630 -1
-27253 1
-7293 0
-4925 1
-15673 1
-32782 -1
19162 1
17002 -1
-6560 1
-6353 -1
23166 1
-27285 1
-8772 -1
7976 1
-27025 1
-13382 -1
-30847 -1
-7325 -1
21979 -1
10739 1
-15540 -1
-23304 1
-4218 -1
12646 1
-5869 -1
-11927 1
-3345 -1
23012 -1
-15231 1
-1931 1
-9121 -1
14429 -1
-21394 1
-3228 1
-21954 -1
6635 0
-22464 -1
23417 -1
11121 1
-26120 -1
-19392 1
-10121 -1
14255 1
30570 0
-24687 -1
-20126 -1
28537 -1
12117 1
28705 1
11927 -1
-22222 -1
-7108 -1
23389 1
17158 -1
14368 -1
29939 -1
-12380 0
-24432 0
-28990 -1
-16932 0
-13620 1
-1567 -1
-1045 1
26867 -1
-11607 0
13014 1
-27007 -1
1215 -1
-33068 -1
7660 0
25894 1
15073 1
-1200 1
-19141 -1
-24117 1
29050 1
16104 0
-25621 1
-24768 -1
6843 1
-9902 1
-15512 -1
24350 -1
-30748 -1
21071 -1
-30317 -1
24932 -1
-3301 -1
15800 1
-9246 -1
-7885 1
8509 -1
22231 -1
28920 -1
15927 0
-2127 -1
-9725 0
-3290 1
-16879 0
-5900 1
12729 0
-103 1
19208 1
-27511 1
30180 1
8393 -1
-15615 0
323 -1
-5898 -1
-14513 0
32241 1
-14275 1
5000 -1
13278 1
-15596 1
11920 -1
12712 -1
19333 0
8110 1
-11468 1
-24397 -1
6120 0
8951 -1
2368 1
19294 1
-31498 1
5462 -1
-8281 -1
-26564 0
-16599 1
4242 1
26671 -1
-4545 -1
29355 -1
-11878 0
13427 -1
-12643 -1
-15181 -1
1126 1
9045 -1
-25355 -1
-23117 -1
-2374 -1
22720 -1
-5288 -1
29474 -1
329 0
-32683 -1
-11550 -1
-19489 1
1913 1
-7370 1
6906 1
-17663 -1
20653 1
-24740 -1
24444 -1
-2955 1
-20919 1
19763 1
33437 1
-26675 0
18492 0
-25551 -1
-26717 0
6290 -1
27039 -1
-27157 -1
12416 1
8745 -1
9881 -1
9975 1
-17551 -1
2175 1
-20371 -1
25996 1
-26909 -1
19785 0
551 -1
32693 1
8269 -1
-13753 -1
13369 0
-14413 -1
-23074 1
-11169 -1
-16193 1
-25359 0
-1559 0
15520 1
15630 1
-16346 0
24669 -1
3910 1
-8416 -1
19116 1
7784 1
19193 0
-22386 -1
28687 0
19388 1
20023 1
-24510 0
13222 1
-32651 -1
14491 -1
7254 1
-22674 -1
-13580 1
-2489 1
22773 -1
5932 -1
1585 1
31323 0
-17431 -1
-28876 1
-27365 0
-16687 0
18821 1
7839 -1
-21753 -1
-23893 1
-10113 1
15924 1
24999 1
14447 1
5603 1
-11823 1
17458 0
-5190 -1
22574 -1
-17260 0
17534 1
-11933 0
11046 1
16104 0
-30712 -1
4741 1
16866 1
16610 1
-496 1
25601 1
25613 -1
1928 -1
-127 -1
-16543 -1
22481 0
18749 -1
32207 1
27935 1
-3464 -1
30145 1
-1485 1
28956 1
25534 0
-8439 1
-15878 1
-22660 1
-26665 0
30773 0
3181 1
13598 1
20997 1
28381 1
-15861 1
-9792 1
18576 -1
6028 1
-16124 1
-29992 1
-5064 1
-16750 1
15424 1
3275 1
17720 -1
24793 0
-21509 1
-24918 -1
-6004 -1
22963 1
9926 -1
-3300 1
-28344 1
-8071 -1
30419 0
12008 1
19126 1
21880 0
-4838 -1
22662 -1
6459 1
25103 -1
-19877 1
8550 1
-10997 -1
-6026 -1
-16237 1
-2628 0
-15903 -1
23766 1
-588 1
-28597 -1
27693 1
4417 -1
-13440 1
9448 -1
24987 0
-2251 1
-27086 1
-27534 -1
11499 0
20274 1
-25378 1
28521 1
4704 -1
-9503 1
10817 -1
-33379 -1
-13573 -1
-23570 1
-25332 1
-6020 0
-29299 -1
32858 1
-642 -1
-177 -1
-20327 -1
-29090 0
13603 1
9540 1
-21568 -1
-935 1
-5909 1
-18349 -1
10313 1
-31710 1
7806 -1
-18119 1
-25400 1
-14397 0
19972 -1
7886 1
17641 -1
26944 1
3601 -1
23260 -1
25791 -1
-26595 0
17649 -1
1000 1
954 1
19198 1
5248 1
-25989 -1
-33652 -1
11818 1
-19334 -1
12166 1
-12312 0
18499 -1
-28141 -1
-13957 -1
-5896 1
-21859 1
-29541 1
-29914 0
-10831 1
24728 1
4747 -1
31107 -1
-14193 -1
-32733 -1
13177 1
-29456 1
-5104 1
-31561 -1
-27024 -1
-1607 1
5109 -1
-5953 0
-4787 -1
3562 0
-6341 -1
-19005 -1
29583 -1
-1769 -1
-4032 0
-10444 -1
27133 1
15250 1
-16830 -1
30964 0
-7312 1
-28591 -1
-22358 1
-28024 0
-13532 -1
9421 -1
-21932 -1
-12913 -1
3808 -1
-16444 0
4266 1
-14764 -1
27964 -1
-4561 -1
-20069 0
-28426 -1
-6597 -1
-7766 1
4909 1
15257 -1
-33658 -1
9335 -1
23724 1
5961 -1
-11365 1
14085 1
-14002 0
-31553 -1
17897 -1
27382 1
-31665 -1
-30199 0
-22902 0
30396 0
-10938 1
-15553 1
-6791 1
14747 1
5068 1
-30591 -1
29113 1
-3237 1
-25484 -1
9078 1
-30234 -1
22538 1
12300 1
16014 1
-10812 1
-17290 -1
-6342 1
-11998 -1
7873 -1
-909 0
14947 0
974 1
-21255 1
-8683 1
-19721 1
1431 -1
27118 -1
-13685 1
23273 -1
-17854 -1
-8247 -1
26158 -1
26847 0
2042 -1
2264 1
18032 1
-21551 1
19538 1
-285 -1
-18241 1
27282 -1
-17152 -1
-27047 0
-22774 1
-29771 1
31648 -1
1679 1
2465 -1
-8094 -1
-8440 -1
-9679 1
-6263 -1
-8240 -1
-29600 -1
-23652 1
27038 1
-27950 -1
31130 -1
-1197 0
17838 1
24340 -1
172 1
20285 1
-19779 1
12328 1
26793 1
-1803 -1
-5305 1
1278 -1
-24092 -1
-25707 -1
18695 1
9142 1
30283 1
-2178 0
22744 1
-24686 1
-18944 -1
408 1
31012 -1
25993 -1
-4914 -1
-28499 -1
-1731 -1
443 1
24856 -1
-9295 -1
8955 1
30428 -1
-24684 -1
-27275 1
31904 1
3370 0
22232 1
-11144 -1
11621 -1
-23928 -1
19012 -1
-16932 0
8514 1
-7536 1
-29203 1
-10506 -1
-25427 -1
-20603 -1
-28460 1
14601 1
21369 -1
14748 1
24751 1
-20606 1
-3728 -1
-28364 0
-23568 1
-30663 -1
-9555 1
-22177 0
22608 -1
-27235 -1
-22347 -1
3877 -1
-5476 -1
-4116 -1
27839 1
27573 1
2751 1
23263 -1
-31759 -1
6739 0
27949 -1
2630 1
7327 -1
5499 -1
24106 1
16013 -1
-22891 0
-30252 -1
-13134 1
945 1
-29796 -1
18878 1
-3416 -1
-3111 1
15179 1
151 0
9802 -1
25145 -1
33616 1
6709 -1
-31696 1
19932 1
-1057 1
-7334 -1
-18315 1
4552 -1
24404 1
2337 1
28473 -1
-27318 1
9635 0
-19702 -1
-26497 -1
20773 1
27574 -1
-27648 -1
3553 -1
31313 1
-25034 -1
-23978 -1
7017 -1
-5433 -1
-8049 1
-24432 0
12264 1
13003 -1
-24929 0
-9801 1
-29026 0
30059 -1
21213 1
19266 1
-33662 -1
22304 -1
-7006 0
19355 -1
-31065 1
12278 0
-20426 -1
-29560 -1
-29181 -1
-18515 1
-2035 0
-8615 0
-8205 -1
12772 -1
-10288 1
-8327 1
33707 1
5119 1
-10376 -1
6006 -1
-22149 1
15869 1
26827 0
19661 1
14893 -1
9342 1
-23335 1
-11893 0
4059 0
-6543 -1
4795 -1
-27905 1
-11472 -1
28844 0
329 0
2976 -1
1285 -1
-18911 1
-28070 0
-16618 1
-4022 1
-18606 1
-29866 0
2886 1
-21651 -1
-26048 -1
-7688 1
-14451 -1
-18358 -1
10643 1
19635 0
29488 -1
25836 -1
29760 1
-7086 -1
-26656 1
-13932 1
10397 -1
-29742 1
-11526 -1
9749 -1
23955 -1
-26438 -1
-1597 0
24658 -1
-27035 -1
-4089 0
-4004 -1
-5395 -1
27030 1
7230 0
2072 0
-23084 -1
-8741 0
12903 -1
15235 1
-5405 0
-19969 1
-20141 -1
15959 -1
-2861 0
-14611 -1
24806 1
1637 -1
7546 1
20481 -1
13522 -1
2908 0
16577 1
-26684 -1
27846 0
30461 1
-12660 -1
29663 -1
-10551 1
9060 1
3176 1
-29227 -1
-5344 0
-20646 -1
10071 1
14599 0
-29898 1
-26314 0
-30628 1
29077 0
-31428 0
11749 1
-18131 -1
-28381 1
28127 0
15948 -1
-1873 -1
10638 -1
28074 1
-11195 -1
-10541 -1
-3813 -1
-26431 1
5013 0
2031 1
28338 -1
-31110 -1
-10194 -1
-33598 -1
-12464 -1
-26871 -1
-21233 -1
13377 0
-8825 1
20593 1
-2381 1
-4843 1
1858 -1
-16878 -1
31556 -1
8942 -1
-13788 1
32748 0
7419 -1
-8433 -1
28376 1
-26192 0
-18992 -1
-2607 -1
16900 1
28141 1
90 1
-1227 -1
-4508 -1
6012 1
26001 -1
-21015 -1
-12380 0
-17260 0
-7800 -1
12968 -1
4141 0
-26723 -1
-10087 1
29366 1
30119 1
30946 -1
-14771 1
31996 1
18357 0
1155 1
-27646 0
10498 -1
-21063 0
23610 1
-2736 1
-12634 -1
7230 0
-21289 -1
30301 1
-30483 1
-11714 1
20733 -1
-26239 1
-900 1
23780 1
24649 -1
26214 -1
30001 -1
-361 -1
-25863 0
-32136 -1
16837 1
12281 0
7772 1
14706 -1
29673 0
-18617 -1
-14017 1
-9867 -1
-24748 -1
-4206 -1
-28526 1
-24309 1
27748 1
3514 1
11886 -1
-15290 -1
22588 -1
25837 1
-1363 0
-23598 1
-17837 -1
-13 -1
31242 1
-705 -1
-18841 -1
-6666 -1
4060 0
33708 1
-24071 1
6910 -1
-28724 1
11027 -1
30299 1
-20310 0
13905 0
9097 1
30998 0
24099 -1
10356 1
-22134 -1
-3920 1
7409 1
27254 1
-482 1
25398 -1
5096 1
-31535 1
14575 1
-19391 1
-24089 1
786 -1
6698 1
-33245 -1
11271 -1
-16586 1
16515 -1
20755 -1
-5644 1
-9859 1
-8319 -1
-3575 1
-6946 1
26699 -1
-21103 1
28588 1
22275 1
3915 -1
1228 1
22345 -1
-23822 1
-24215 -1
5287 1
11273 1
-19533 -1
4749 -1
-1170 1
-6203 -1
30205 1
17555 1
-20085 1
4434 -1
-16272 -1
1061 1
20430 0
-17631 -1
2370 0
-28764 -1
19557 -1
26571 -1
16840 -1
23356 1
-14761 0
6035 -1
-698 0
18038 1
24981 -1
-8660 1
20634 0
-15152 -1
156 0
30878 1
-20662 -1
24291 0
-29238 1
11679 1
-8428 1
-14091 -1
-7125 1
-10475 1
-9505 1
31387 -1
3401 -1
2057 -1
-25887 1
29946 -1
-8918 -1
-18461 0
-21795 -1
18357 0
6182 -1
12301 -1
-12531 1
-6183 -1
17365 1
-8880 1
14351 0
-30378 1
-3221 1
20883 1
-27158 -1
470 -1
15887 -1
-22683 1
-9520 -1
-8762 -1
17016 1
24365 1
17056 1
23426 1
33124 1
18249 1
31318 1
1273 -1
-18929 -1
-24515 1
19960 0
30570 0
-15853 -1
-20762 -1
12516 1
31259 -1
22934 -1
7344 -1
-7996 -1
31289 1
14075 1
-28126 -1
-940 0
22658 0
18791 -1
-6738 0
29754 0
23930 -1
-26923 1
-2347 -1
12423 1
5839 0
-7267 1
25049 1
31545 1
14465 -1
27047 1
14628 0
-12368 1
15654 -1
-7530 -1
-7496 1
8074 1
-24545 0
-19593 -1
15096 0
7833 -1
12519 1
2956 0
31142 -1
26408 -1
21660 1
4632 0
-18120 -1
4984 -1
17092 -1
21188 0
27132 -1
-26204 1
-32268 -1
-11996 -1
-12026 -1
9338 1
7447 -1
23527 -1
-10668 -1
15198 -1
14519 -1
-7612 -1
-22833 0
-26573 -1
-29090 0
25523 -1
6221 1
-8349 1
-14095 -1
37 -1
29715 0
2386 -1
-1005 1
-27129 -1
25588 -1
-2729 1
-11114 1
-22463 1
4351 0
31100 -1
-31428 0
-10073 -1
-942 -1
-22846 -1
17331 1
17715 -1
1202 1
-8177 1
-2661 -1
8632 0
31733 1
5041 1
-31824 -1
-23961 -1
5398 -1
-8565 -1
25875 -1
16071 -1
33056 1
15705 -1
-14869 -1
3734 -1
-33691 -1
15299 -1
1415 1
-30469 -1
19990 1
-11906 1
14616 -1
-3536 1
18137 -1
10993 0
-16159 -1
-2560 -1
33052 0
-3030 -1
-18449 1
-25212 1
21868 1
-7954 -1
10346 1
20570 1
-30338 -1
15827 0
-22529 -1
-29682 0
28427 1
-18391 1
19950 1
4771 0
-20431 1
1605 1
22994 0
-12345 1
-30134 1
26550 -1
14288 -1
30966 0
-31884 -1
7418 -1
27583 -1
15964 1
29566 0
14 -1
-16135 1
343 1
17334 1
-24510 0
-21678 0
-16693 -1
-639 0
1205 1
13575 1
-4173 -1
-1807 1
4730 1
-21329 0
-11115 -1
-32861 -1
-9065 -1
22048 1
2227 -1
24718 -1
12196 1
15247 0
-8947 1
-1 -1
-8434 -1
-4642 -1
-31036 1
-2327 1
16808 0
25921 -1
30814 1
13861 -1
-14215 -1
-8059 1
22528 0
4722 1
23288 -1
26774 -1
-8409 1
-510 1
5946 -1
-24658 -1
19699 -1
29481 -1
-4779 0
-10477 1
-21520 1
27260 -1
26377 1
-7256 1
-3168 0
-23216 1
-3914 1
14139 1
-10410 1
24209 0
24533 -1
-83 -1
17904 -1
-24946 -1
11545 -1
-31637 1
19689 1
-17649 -1
29530 1
30633 1
7468 0
33099 1
9985 0
-13975 -1
17577 1
23708 1
-371 1
-20731 1
13757 1
-20633 0
24344 1
-18939 1
16970 0
-29729 1
-9004 1
12955 1
-20255 -1
-14577 1
-8910 -1
22852 1
-1334 -1
-25718 -1
290 0
-24789 1
28678 -1
-18389 1
-5344 0
-14414 -1
-21254 -1
-26054 -1
-14033 -1
-21784 1
-8836 1
-27961 -1
4893 -1
-9641 -1
-29727 1
-12019 1
-21058 1
7955 1
16016 1
3103 -1
16593 -1
22931 -1
-20069 0
27679 -1
21009 1
7920 -1
17792 -1
-20037 1
3068 1
-25643 1
-559 -1
30882 1
-17900 -1
-2090 -1
-20125 -1
20445 1
21029 1
-22996 -1
9186 1
-30166 -1
-28228 -1
-14133 1
154 1
-6288 -1
-4297 1
20717 1
-31219 1
11182 -1
31339 1
22566 1
-8268 -1
-25611 1
-8508 -1
-12338 1
21728 1
-14397 0
19664 0
-23605 1
-10432 1
-15601 0
-2789 -1
-19452 -1
27966 -1
-5624 0
20584 1
15517 -1
-31064 -1
25811 0
-24932 1
-20760 1
24380 -1
25686 -1
25642 -1
-5098 1
-4213 1
4294 0
13515 1
-1692 -1
-9820 0
5429 -1
-21198 1
33554 1
21759 1
27967 1
-4158 -1
-22975 1
-13677 1
21466 -1
21449 1
22689 -1
29961 -1
-33060 -1
-2613 -1
-14415 -1
6112 0
19301 -1
11168 0
-14825 1
-20469 0
-17706 -1
-25705 1
17504 0
9763 -1
14268 -1
-19777 1
20865 -1
28870 0
14231 1
-14733 0
19129 1
19459 1
-18360 1
-5109 0
1967 1
-7462 1
-3971 -1
-16449 -1
-5553 1
-21689 0
-19514 -1
-2620 1
-30581 -1
27305 -1
24592 1
5378 0
2044 1
21997 -1
-15371 1
-17065 -1
-12306 1
-29295 0
33742 1
-8133 1
3458 0
-8289 1
1454 0
-15316 1
-19955 -1
1489 -1
17278 1
33280 1
21111 -1
16908 1
11835 1
-23664 -1
-23491 1
31728 1
-1353 -1
2308 -1
-22313 1
6834 -1
-17158 -1
-30727 -1
3548 1
-4028 0
-340 1
-23419 -1
19304 -1
466 -1
8190 1
26121 1
-16826 -1
-18474 1
-31797 -1
-31691 -1
14874 1
30238 -1
31439 -1
11228 -1
-22612 -1
-29914 0
16072 1
1151 0
-2366 -1
-25326 1
-18770 1
-12226 1
-22707 1
14945 1
-24207 1
25549 1
-18357 -1
29717 -1
28258 -1
2214 1
26118 -1
-11294 -1
22301 1
-12745 -1
-18188 -1
30889 -1
-16702 -1
-19302 1
1631 0
31075 1
-29626 1
1667 1
-3126 0
22143 -1
-22522 -1
-30892 -1
13836 1
-10494 1
-2385 1
28816 0
3812 -1
-3806 -1
12424 -1
-29888 -1
20310 0
-25255 -1
-33698 -1
29252 0
-16723 1
20562 -1
-6591 1
-2804 -1
16039 1
-19530 1
10995 -1
4062 -1
29312 -1
-6857 0
33395 1
2517 1
-2283 -1
-29936 -1
29748 1
28687 0
-31084 1
-29621 0
-28833 0
25828 1
-8053 -1
-20781 1
-21780 -1
-3714 1
13541 1
-10559 1
2760 -1
29765 -1
-1523 -1
-17880 -1
8102 1
-30043 -1
21767 1
9189 -1
-8694 0
-13161 -1
19286 1
-16651 1
-6058 1
4299 0
-31718 -1
-20157 -1
-19761 0
7666 -1
18763 1
-27676 -1
-23946 -1
3707 1
11531 1
-1053 0
-11531 -1
5799 1
16200 -1
-24517 -1
-10224 -1
-19326 1
799 -1
6273 -1
-5506 -1
-23866 1
-13662 1
-30191 1
18799 1
-21667 1
17982 -1
26548 1
31097 1
-6171 0
-12213 -1
-8074 -1
-3962 -1
30098 -1
-17882 1
-31799 -1
12812 1
-26984 -1
15111 0
21503 1
26664 -1
-22890 1
-539 -1
16996 -1
2427 1
5674 -1
-14279 1
3180 -1
-23764 1
-14461 0
-13206 -1
18509 1
8795 1
17262 -1
2889 1
-19525 1
-23859 1
-6782 -1
-3349 -1
-5953 0
9730 -1
-13802 1
-2295 1
16279 -1
22004 -1
-8574 -1
-24882 -1
-4634 -1
18527 -1
-11888 0
17537 0
26424 1
-7047 1
-28339 1
3453 1
-27621 0
-5557 1
-20979 -1
7401 -1
20558 -1
-8909 -1
3489 -1
-13739 1
-10203 1
5728 -1
7028 0
9903 1
-25424 -1
-3944 0
30401 1
-21902 1
-13043 -1
-17188 1
27397 1
-25485 1
16135 1
1198 0
7450 -1
6704 -1
-176 -1
-16452 1
6191 0
-16796 -1
-8859 0
21893 1
-3706 -1
4688 -1
-16962 1
-30145 1
-6739 0
-30288 -1
-27611 1
-32133 -1
9006 0
-11315 -1
-10894 -1
-27537 -1
16857 -1
8525 -1
7217 -1
26178 -1
15278 -1
33227 1
-16000 1
-31897 0
-31701 1
-17173 -1
-32941 0
-1686 -1
5013 0
-27717 -1
15511 -1
23578 -1
-12619 1
481 -1
-18832 1
-18496 1
-7907 -1
3356 1
3456 -1
24961 1
9465 -1
-16481 -1
24481 1
-16537 -1
-30562 1
-28168 1
-18339 -1
11507 0
29301 -1
243 1
-6573 0
15867 0
24776 0
-7460 -1
-17342 0
-5780 0
4133 0
7345 0
8732 1
-7736 -1
-22123 -1
-2037 0
16520 -1
29745 -1
-27606 -1
18600 -1
-24599 -1
-30925 -1
9991 -1
-10633 1
5670 -1
-9726 -1
3319 1
27669 0
-29812 -1
6310 -1
11499 0
1390 -1
-30986 -1
31993 1
-20980 -1
-17615 -1
17415 0
-18141 1
317 -1
30812 1
-19597 1
-26152 1
-12897 -1
-23328 -1
-4817 -1
24287 -1
-22483 1
-21341 -1
-2131 1
29111 -1
6613 -1
19799 0
-12364 -1
-16743 -1
-22184 -1
19057 0
-11280 -1
9013 -1
-19949 -1
-23809 0
13364 -1
1195 -1
2212 0
12819 1
-16191 -1
4124 -1
25890 1
23585 1
-18140 1
567 1
-23348 -1
3174 -1
27223 0
-21823 1
-21169 1
-23774 1
-32173 -1
-12680 1
-12402 -1
25959 -1
5660 -1
-21886 -1
-30179 -1
15051 -1
-18677 0
-20200 -1
32080 1
1280 -1
8234 1
-19573 -1
-18897 -1
-27919 -1
27956 0
-21933 0
30076 1
26038 1
7579 -1
-12133 1
-6256 1
12274 -1
4225 -1
-19001 -1
21132 0
2072 0
12904 -1
-25166 1
-17460 1
-29949 1
21043 -1
21345 1
7442 -1
3388 -1
28294 -1
-12480 -1
-7085 -1
-12316 0
-31174 1
9113 -1
3748 1
9141 1
18634 1
-10772 1
17988 -1
26235 1
-13185 -1
13140 -1
231 1
-18690 1
-6939 -1
-14615 1
-14488 1
5266 1
22095 1
18680 1
-28080 0
-20785 1
-15014 -1
-8077 -1
-15781 0
-26929 -1
17939 1
-21541 1
-31716 1
18974 -1
7032 1
-11440 -1
3007 1
-16854 -1
23078 -1
5148 1
9406 -1
-9186 -1
164 0
-22541 1
27790 -1
2923 -1
-23546 -1
-6109 -1
23849 -1
-13536 1
17088 -1
-7672 1
-31049 1
-23441 0
-4024 1
-33007 0
-22237 1
32948 1
8647 -1
-12995 1
23517 -1
29468 -1
21125 0
6187 -1
21254 -1
-20769 -1
10699 1
-779 -1
-10804 1
30397 -1
-17484 -1
-19507 -1
32702 1
-14452 1
-9672 1
1774 1
-19204 -1
3624 -1
-649 1
-21157 1
24616 -1
-14498 1
-8931 -1
-25199 -1
-28823 1
17599 1
-30778 1
15999 -1
-24025 1
23306 1
1602 1
-22057 0
-7717 0
16910 -1
13131 -1
-22771 0
-18699 -1
3056 1
10909 1
944 1
16278 -1
-18843 -1
21419 -1
-18277 1
30978 1
-18291 -1
6802 -1
-31307 -1
20961 0
-6326 -1
1578 -1
-1132 0
1059 1
-6280 -1
-20821 1
-8084 1
-6195 -1
-1497 1
-4011 -1
-12390 1
-30460 1
26729 -1
3265 -1
-22536 -1
-26595 0
-30571 1
-27092 1
8931 1
10677 0
5455 1
13066 1
4264 1
31042 0
-10897 -1
-27621 0
22196 -1
7176 -1
26617 1
17596 1
3021 1
22241 -1
-18405 1
2117 -1
-9645 0
26024 1
19011 1
25133 -1
-546 1
20310 0
-18413 -1
-6508 1
20536 -1
-13995 1
-22771 0
23899 -1
-6760 1
33520 1
10982 1
-14624 -1
-22041 -1
-26098 -1
16721 0
23557 0
8712 -1
26366 -1
31770 1
12769 1
-8608 1
-4028 0
-27300 -1
4022 1
-9236 1
-5257 -1
10754 1
-28853 1
157 1
18587 -1
30859 -1
29584 -1
-19756 1
-22715 1
9938 -1
7548 -1
27832 -1
-22937 1
-5551 -1
9327 -1
-4935 -1
4378 0
25887 1
11654 1
-10133 1
4307 -1
-4520 -1
-17514 -1
17029 1
32476 1
5804 0
-3721 0
8545 0
-8512 -1
-20388 -1
-26676 1
-18392 -1
9803 1
-17797 -1
-27236 0
13109 -1
4553 0
469 1
-8718 0
-21369 -1
-23086 -1
14127 -1
26625 -1
10892 -1
-15901 -1
-14496 -1
4723 -1
19635 0
-11451 1
-9852 1
-4013 0
8263 1
25191 1
16779 -1
-2784 -1
-4418 1
-5306 1
17589 1
-12588 1
8881 1
16888 -1
-19959 1
-16561 -1
1784 1
4205 -1
4275 1
25065 1
12570 -1
19503 1
-31169 0
4674 0
-33136 -1
-24086 1
31570 -1
-1974 0
60 1
-26539 -1
-5239 0
23463 1
25585 1
-17915 -1
-24585 -1
29429 1
-7176 1
14370 1
-15252 -1
22163 -1
-16709 1
26985 1
17930 1
-2839 -1
18377 -1
-1231 0
20054 1
4113 1
3177 1
-13847 1
31063 1
3410 1
15976 1
-9144 -1
9951 1
-27697 1
-19805 1
-21603 -1
-28363 -1
20760 -1
-14694 -1
-31569 -1
-10901 1
-14286 1
-3429 1
12989 -1
-30786 -1
-11041 -1
19306 -1
-4196 1
-8750 1
20490 0
-6517 1
-7273 1
-19973 -1
-21104 0
1569 0
-9478 1
28565 -1
20490 0
-4722 -1
24866 1
24470 -1
-24704 1
30915 -1
27924 1
1377 1
22644 -1
20048 1
-3425 -1
-32102 -1
-23386 1
-30498 1
-18342 -1
13241 -1
-25525 1
-3385 -1
-12036 0
-18889 1
-20632 -1
13179 -1
-3940 1
19193 0
9334 1
-30155 -1
12811 1
-907 -1
-33430 -1
9810 -1
33610 1
1145 -1
33584 1
-27268 1
-16346 0
-6027 0
-6029 1
19786 -1
7340 1
-16804 1
-2382 1
10374 1
16780 1
2188 1
-766 0
11279 1
-14217 1
-7181 -1
7974 -1
15848 1
-23564 -1
8867 -1
16590 -1
-11450 -1
-32341 -1
15473 1
1543 -1
17508 -1
4531 1
527 -1
20645 -1
18558 1
4969 1
4133 0
-8176 -1
30514 -1
-25393 1
27093 1
12729 0
33144 1
-19585 -1
16470 0
12572 1
5138 1
-2311 -1
-26287 1
26379 1
7845 1
24790 -1
596 1
12061 -1
-3469 -1
-15182 -1
17618 1
7088 1
25407 1
-18149 -1
13633 -1
10076 -1
2192 -1
2631 -1
22783 -1
18468 -1
23506 -1
1942 0
19989 -1
-14168 0
12873 -1
-16671 -1
-4813 0
28391 -1
9071 1
-14813 1
-5987 -1
1232 1
-24369 -1
25567 -1
24532 -1
27375 -1
27604 -1
-31156 -1
-15153 1
22770 1
-33007 0
-13695 -1
-26698 1
18238 -1
-22805 -1
31184 1
-9492 1
-17946 1
-22970 -1
-18774 -1
-3204 -1
-11143 -1
-9973 -1
9212 1
-11394 1
20764 0
9755 -1
-12777 -1
-16860 -1
22812 -1
9673 -1
-18713 1
-4583 1
16970 0
-27216 -1
13710 -1
12958 -1
14266 1
936 -1
-23776 1
-20216 1
-27981 1
9797 1
-5510 -1
13604 -1
27230 -1
-24885 1
-19685 -1
-12824 1
6777 -1
-25265 1
25783 -1
4738 1
1093 1
17321 1
22009 -1
19577 -1
31320 -1
29972 1
29754 0
7345 0
-14734 -1
-18127 1
32671 1
12246 -1
-10017 -1
10560 -1
17087 1
4003 1
14286 -1
-10230 1
2754 1
30936 1
14568 -1
-12302 -1
2825 0
19293 1
-29573 1
9403 -1
5550 1
-13363 -1
-26968 -1
25158 -1
-22021 -1
22469 -1
8080 0
-7903 1
12103 -1
-967 1
17920 -1
20785 -1
-10496 1
15111 0
-8226 1
-5485 1
-550 -1
-8470 0
-30638 -1
-9857 -1
13838 -1
-7238 1
6934 0
29221 -1
-8841 1
-10381 -1
4402 0
22754 1
-10235 -1
-15417 1
-4844 -1
-8473 1
21047 1
-14303 -1
30121 -1
-11523 -1
30818 -1
15039 -1
-4023 1
-31193 1
-25117 1
23781 1
-18999 1
965 -1
21960 -1
10298 1
23917 -1
31204 -1
9570 1
-20310 0
31458 1
-33291 -1
-7970 1
29062 1
-22000 0
-19627 1
28439 -1
-520 0
20178 1
-29611 -1
-26276 1
-3892 0
15495 1
9528 0
-8438 -1
33536 1
2693 -1
10107 -1
3171 1
3786 1
11030 0
27495 0
19051 1
5332 0
8342 -1
26599 1
25520 -1
-26363 1
-2413 -1
12382 1
-22858 1
21693 -1
-31587 1
25483 1
28305 1
7610 -1
-8125 1
30562 0
-23135 1
-23858 1
-19966 0
26053 1
8325 1
-15823 -1
-10825 -1
-22411 0
18067 1
33035 1
-29379 1
20411 1
13813 -1
-6964 1
2729 1
23676 1
-25409 -1
-7899 1
26504 -1
28186 -1
-8545 1
27031 1
33528 1
-17561 1
13071 -1
-33362 -1
18848 1
-6739 0
-32189 -1
8635 1
29692 1
-1548 0
29400 -1
18078 1
28056 -1
-10805 -1
5372 0
-13950 1
22326 1
12383 1
11055 -1
23965 -1
-524 -1
-13114 -1
33341 1
7010 0
3001 -1
-2769 1
20154 1
7921 -1
16914 -1
6922 1
16028 1
6382 -1
-23704 -1
-6740 -1
-27945 -1
21168 0
-14158 -1
31363 1
1045 1
29413 1
-4775 1
24630 -1
27239 0
-31916 -1
4906 -1
19898 0
-26998 0
23478 -1
-1482 0
-31088 -1
-22951 0
-31314 1
3307 0
29801 -1
-21258 -1
16128 1
20468 -1
-2013 0
-21078 1
28598 -1
-21831 1
1626 -1
21183 1
-21050 -1
1295 1
26834 -1
25608 0
1457 1
-7484 1
-29343 -1
8535 1
-31138 1
33413 1
-16756 -1
-6796 1
-29840 -1
-9970 -1
29577 1
-8801 1
-1053 0
-14626 1
-22267 -1
877 1
-26260 1
-27665 0
-19329 1
517 -1
10675 -1
-15929 -1
-14517 1
21842 1
8339 -1
19442 -1
23424 -1
-21964 -1
-25610 1
7909 -1
14959 1
-7373 -1
-623 1
-21758 1
988 0
22478 -1
5309 1
364 0
14664 -1
-31707 1
21870 -1
-5399 1
-20736 1
12072 1
-31097 1
-15338 -1
-15384 -1
31533 -1
25629 -1
-31733 -1
842 -1
-16845 1
29210 1
-33754 -1
-22673 -1
25830 -1
-28839 -1
21624 -1
-23513 -1
9482 -1
-5304 0
5246 -1
-28005 1
15152 1
26905 1
-15984 1
-16872 1
-3694 1
5400 0
-9469 0
11179 1
-11982 1
-31395 1
-19614 -1
12621 1
23187 1
-31388 0
-6456 1
-28994 -1
-14645 -1
-28527 1
8274 -1
-31234 -1
-10852 1
-8924 1
515 -1
29598 -1
13292 0
22343 0
-8357 1
-23228 1
1131 1
-6925 1
5518 1
13323 1
-2256 -1
2963 -1
-15663 -1
22265 1
-3968 -1
16415 -1
-14873 1
-20301 -1
30387 1
-30093 0
-17129 0
28675 1
-23518 -1
14820 -1
-8747 1
4943 1
23231 0
13040 0
15263 1
-9213 -1
-14110 1
-15760 1
-30485 -1
-27617 1
-5591 -1
33240 1
-26342 1
16488 1
-5657 1
9157 0
5071 -1
-5599 1
-29987 -1
28545 -1
-14366 1
91 1
-2318 1
-20159 -1
-21704 0
-12398 1
14554 1
-2116 1
-28651 -1
-572 1
-18768 1
-23748 -1
-27772 1
4849 1
7837 1
4105 -1
-14460 -1
2328 1
-19009 -1
-13285 1
21682 -1
30200 -1
868 0
17330 -1
-24872 -1
2275 1
-25883 -1
-20559 1
18297 0
27706 -1
-4451 -1
-21268 1
-6909 1
-3653 -1
3640 1
28165 -1
-19393 1
12329 1
290 0
11358 -1
20300 1
-28060 -1
-7639 -1
33435 1
-20214 -1
-13579 1
-26919 -1
7033 1
1217 -1
-16879 0
9813 -1
-28133 1
-21499 -1
-7493 -1
-6601 1
14534 1
-20145 1
-17531 -1
24271 0
-13208 1
-10625 -1
-26493 -1
4816 -1
-8616 1
21584 1
26247 -1
5214 -1
16516 1
15045 1
32946 1
-32977 -1
-3033 -1
25077 -1
-19023 1
14712 -1
11934 1
26609 -1
-4481 1
-16720 -1
-7999 1
4130 -1
-33433 -1
-30303 1
17721 1
-29268 -1
15856 1
6824 1
-8890 1
-28809 -1
-5746 0
21827 0
-22137 -1
30988 1
2012 1
21849 -1
-131 -1
-22317 0
431 1
30637 1
23070 1
445 -1
-9454 0
-1013 -1
-2034 -1
11589 -1
18441 1
-24453 -1
27669 0
-5972 -1
5239 -1
-21585 0
5656 0
-20693 -1
1135 0
17530 0
-3026 1
29498 1
-2628 0
-27383 1
-32631 -1
3426 1
14325 1
-31888 -1
-13683 0
-14519 0
9682 -1
21789 1
-17756 1
6994 -1
-28086 -1
30004 1
17730 1
-17775 -1
-145 1
2128 1
-13335 1
14014 -1
10075 1
14217 -1
-12126 1
472 -1
130 1
28932 1
13035 1
-16181 -1
9783 -1
-391 -1
943 0
23085 -1
-2003 -1
-4676 -1
30100 -1
28321 1
-29747 1
-28659 1
16598 0
12667 0
27647 1
13449 -1
31272 1
-7244 1
-19021 -1
-12098 1
-33481 -1
27413 -1
16003 1
-9893 1
-22477 1
3243 1
16846 1
-19735 -1
25391 1
-4351 1
26682 1
-3257 -1
22674 -1
22788 1
-21358 1
-801 0
25357 -1
29507 1
-4141 -1
-16109 1
-27864 1
-25683 1
11427 -1
11152 1
23605 1
-27317 1
22510 1
14949 -1
24549 -1
-22562 1
19911 0
11977 -1
30971 -1
-8497 1
-25628 1
-7684 1
28383 1
-15862 -1
32253 1
-3723 1
26009 1
-28824 0
13581 1
15998 -1
-8730 -1
8375 1
-1971 1
-282 1
-22473 -1
19052 1
-20702 -1
16911 0
-30854 0
16170 -1
-21510 1
4306 0
24868 -1
-13411 -1
-15576 1
20204 1
26661 -1
21329 0
16582 -1
-23107 -1
6128 -1
21986 -1
18471 1
-20878 -1
10993 0
-24501 1
22940 -1
-20794 -1
2255 1
4504 1
-8905 -1
17140 -1
-23339 -1
6443 -1
-22542 0
5972 -1
33631 1
-12608 -1
19284 -1
3903 -1
25389 1
22040 0
29371 1
-26175 1
7035 0
8684 -1
-16716 -1
-520 0
-14639 -1
5022 1
-2 1
886 -1
13630 1
15745 0
5693 1
18332 1
-28027 1
2773 -1
27071 -1
19334 -1
4647 0
10602 1
17440 -1
31036 -1
-1127 -1
-19857 -1
27341 0
18266 -1
-28226 -1
-16107 -1
21798 1
-16522 1
-11217 -1
-766 0
-9291 0
-21580 1
-19445 1
2495 -1
24348 -1
-1189 -1
-12107 1
9662 -1
-32425 -1
23254 -1
-7881 0
20256 0
19998 -1
11161 -1
20117 -1
-22778 -1
21165 -1
6295 -1
-15742 -1
12409 1
-31512 1
25918 -1
21375 1
-18797 -1
31683 1
-29896 1
-10910 -1
19556 -1
-6103 -1
4674 0
484 -1
-9082 -1
6888 -1
26798 1
9488 -1
1560 1
26119 -1
11783 0
-22833 0
6328 1
-15684 -1
-30736 -1
5251 1
-18394 1
17338 -1
-19544 -1
7028 0
-27977 -1
20124 1
-14424 1
-14367 0
24946 1
571 0
-12312 0
-12130 1
7988 1
22839 0
-26849 1
-12283 1
-30471 1
-4499 1
26294 1
-19868 -1
7035 0
-6324 1
-5484 0
-21102 -1
30142 1
-30731 1
-30119 1
-30868 1
33451 1
-22909 -1
-21921 -1
-20019 -1
-9425 -1
7675 1
7329 1
-21404 1
27082 1
11461 1
-3866 1
-9469 0
16471 -1
25750 1
-9452 -1
-14195 -1
-25480 1
26474 1
20041 -1
28314 1
8475 -1
4865 -1
16895 1
-9825 1
20449 -1
30396 0
-11896 -1
-28024 0
-31618 1
-3053 1
-31414 1
1260 -1
-28795 1
-32987 -1
20710 0
-29407 -1
11548 1
-22755 -1
13276 0
10730 -1
30757 1
19835 1
25206 -1
-6843 1
-4032 0
1212 -1
-13378 -1
-15086 1
12550 -1
7188 1
14372 0
-18906 1
-28647 -1
-17287 1
19482 -1
-23563 1
11155 1
-8294 -1
28481 1
1857 -1
-33274 -1
27650 -1
118 1
10555 0
-1901 1
-28191 1
-11607 0
-8561 -1
25829 1
-17497 1
-19738 -1
-1707 -1
-17477 0
-10170 -1
24620 -1
8968 -1
22705 -1
5322 -1
28954 1
16240 -1
-8679 1
820 -1
-6369 1
-6114 -1
-19872 -1
6753 1
21306 -1
28458 1
-7158 1
-5690 1
-29937 -1
-9274 1
10804 1
-14025 1
27328 1
17406 0
-25555 0
-31672 1
4383 -1
27174 1
-6929 -1
-576 -1
18000 1
-1648 1
-32247 -1
-18103 -1
-5630 -1
-15321 1
-27053 -1
-8085 1
5053 -1
-32529 -1
-23056 1
15194 1
-19028 1
-9312 -1
-26469 -1
26268 1
18435 1
-5944 1
-4985 1
27549 1
-16321 1
15904 1
-27616 -1
24565 1
17686 -1
-26728 1
-10584 -1
4697 -1
1756 -1
-21370 1
-23809 0
-3215 1
9111 1
30870 1
-22696 -1
-18019 1
-30570 -1
22548 1
20604 1
-69 -1
-31031 -1
24894 -1
32885 1
30608 -1
2000 0
-12171 -1
12261 -1
18761 -1
16116 1
15399 -1
2190 0
19000 0
13829 1
16201 -1
30140 1
11577 -1
15693 -1
23567 1
-32751 -1
12180 -1
32169 1
-21925 1
100 -1
11896 1
-2829 0
-24629 0
3676 -1
22658 0
23600 -1
24263 -1
-25511 1
26588 -1
8384 -1
3413 1
-13978 -1
-33465 -1
-29298 -1
27779 -1
23133 0
14495 -1
29276 -1
-31971 -1
-30158 1
-27851 1
-8478 1
2513 -1
16377 -1
14485 1
9323 -1
7172 -1
3565 1
24854 1
-17986 -1
-23977 -1
6967 -1
1385 0
18647 -1
-30308 -1
22987 -1
18066 1
-254 -1
-10641 -1
15261 0
23259 1
11858 -1
-21686 -1
12792 1
-11612 0
-3785 0
-502 1
-25530 1
32569 1
15865 -1
-11103 1
22553 0
-8877 1
12082 1
-28778 0
-1173 1
28976 -1
28981 1
-21935 1
1942 0
20243 -1
-5975 1
20189 -1
-2588 1
-1697 1
19233 1
-9664 -1
-31999 -1
-26716 -1
-881 -1
1624 1
13628 -1
-12898 -1
26784 1
-16696 -1
-8103 1
-29061 1
-17838 1
-2976 1
-2102 1
13756 1
9041 1
19599 -1
-13317 -1
21152 1
28334 0
15266 1
-17231 -1
6728 -1
-15689 1
27595 0
8026 -1
-12813 1
3344 -1
-32475 -1
27775 0
-31205 1
-9152 1
4015 -1
-14814 0
11170 -1
-26717 0
-14267 1
28777 -1
-6783 -1
-15654 1
-3876 -1
-13852 1
20036 1
-24942 -1
-6325 -1
18883 -1
21250 1
18166 -1
-6854 -1
-3476 -1
29449 1
22738 1
-10546 -1
-15601 0
-18855 1
18253 1
-30287 -1
3042 -1
-22156 1
9264 1
12949 -1
9716 1
-31398 0
3247 1
1631 0
-23284 1
-4873 1
-5682 -1
-29932 1
21343 1
4970 -1
-15334 1
12443 1
12109 1
23289 0
5281 -1
11626 -1
-28204 1
-6863 1
-29087 1
-1039 0
28549 1
4046 -1
17903 1
-26769 0
-31169 0
27155 -1
-28731 -1
-15998 -1
1838 1
7686 1
-16605 -1
11137 1
24317 -1
-30848 1
23998 1
4650 1
11087 1
-13533 1
-22692 -1
-26581 1
1350 1
29570 1
6280 -1
18446 1
17784 1
-17094 -1
29690 1
-16114 0
33079 1
9815 1
4402 0
-10869 1
27003 -1
18682 -1
-29301 1
7496 0
-17640 1
-14814 0
-15915 1
17576 1
-21129 -1
-32408 -1
-10267 1
6509 -1
808 -1
14004 -1
-6068 -1
28518 -1
31255 1
15193 1
24483 1
11768 1
29659 1
24752 1
-11070 1
12620 1
15646 -1
17481 -1
-30349 1
15131 -1
-18716 -1
-25870 1
13905 0
25226 -1
3155 0
21403 1
292 -1
-24773 1
11061 -1
-19820 1
-23369 -1
-14914 -1
-12008 -1
-32684 -1
1293 -1
-8734 -1
-16685 -1
19742 0
-23726 0
3721 -1
-7515 -1
-25457 0
-15999 1
-22951 0
-20176 1
22949 1
-28468 1
30250 1
22954 1
13023 -1
-31005 1
33574 1
24349 1
-5726 1
-5679 1
14445 -1
-28152 0
30414 -1
-30383 -1
16229 0
-129 -1
2190 0
-5727 -1
-2037 0
26128 1
15400 -1
26082 1
24431 -1
-3353 1
9753 -1
-29921 -1
-4552 -1
-27771 -1
225 1
-27982 -1
29409 -1
3155 0
12138 1
-1161 -1
-22947 1
25876 0
-30117 -1
-15580 1
-24620 -1
5968 -1
20599 1
-2132 1
26594 -1
-10453 -1
3974 -1
-15443 1
14699 0
23279 1
9944 -1
24632 1
18259 1
16913 1
-27273 -1
-15711 -1
24015 1
8022 1
1071 1
18886 1
21039 -1
17272 -1
-30884 -1
17840 -1
29264 -1
-25407 -1
1009 -1
-12281 1
-20493 1
-11464 -1
1896 -1
-26168 -1
-9206 1
2902 -1
32645 1
-2912 1
25326 1
23438 -1
3373 -1
-8316 -1
17120 0
-5780 0
-14388 1
20221 -1
-18329 -1
4355 -1
19517 -1
24987 0
7975 -1
-29359 1
30655 1
-27579 0
23132 -1
-692 -1
17643 -1
2370 0
18276 -1
21053 1
20841 -1
-22910 1
-455 1
288 -1
-30610 -1
-31725 1
-2021 1
5806 1
-23122 1
16351 -1
-20786 -1
10430 0
29716 -1
-21495 1
-17486 -1
20635 0
-7808 1
7526 0
2863 1
-10152 1
-15166 -1
3563 1
6272 1
18450 -1
-27290 1
3134 -1
27524 1
-3810 -1
29846 0
-23019 0
-21517 1
-6304 1
25653 -1
-3168 0
19628 -1
-14196 1
27051 1
27874 -1
14744 1
23949 1
-30998 1
-27382 -1
-2702 -1
-13857 1
23545 0
-27680 -1
6404 1
-27965 -1
4051 -1
-10501 -1
18464 -1
-23644 -1
9474 -1
24464 -1
-13157 -1
-8718 0
5787 1
631 -1
31022 -1
20391 1
-10469 1
-16276 1
28091 -1
-15323 1
24094 -1
-30963 1
16502 1
10704 0
-5184 1
-2171 0
-23651 1
17592 1
16103 1
29797 1
-7621 -1
11901 1
29211 1
25051 -1
-4957 0
-4493 1
-5761 -1
-29500 -1
-27615 1
3003 0
-2811 -1
22854 -1
19664 0
18733 1
-3269 -1
19160 -1
10953 -1
12813 1
6180 -1
9689 1
24693 1
-1125 -1
-12895 -1
-29305 0
-8728 0
-13496 1
17004 1
868 0
-2241 1
30393 -1
-26292 -1
-27342 1
19624 0
15867 0
-30058 -1
-5424 1
-30278 -1
-10568 -1
4470 -1
-8827 1
4647 0
-4815 1
364 0
25120 -1
13846 -1
18585 1
-12190 1
783 1
-23485 -1
9345 1
3250 -1
23815 1
27098 -1
33474 1
-10733 1
29300 -1
27473 1
14704 1
-21337 1
29989 0
18732 1
-24511 1
31668 1
32654 1
-3183 1
-6367 0
-14755 -1
-17694 -1
-31192 1
-25324 -1
13372 -1
392 -1
4292 1
21983 1
-12628 1
-17811 1
13674 0
28658 -1
14498 -1
-28244 -1
-7511 -1
7526 0
-25555 0
-5965 -1
-15332 -1
-31805 -1
-24763 1
-5039 -1
-18581 -1
-7543 -1
14773 -1
-23316 1
-7549 -1
13040 0
24897 1
-639 0
-1945 -1
-30100 1
10473 1
5878 1
19479 1
-12487 1
1198 0
32353 1
27723 -1
-15542 1
22549 -1
12281 0
-801 0
21514 1
12730 -1
-29544 -1
-12749 1
4981 -1
4331 -1
-27855 -1
32651 1
-4498 0
-18646 -1
-5694 1
-6726 0
18805 1
32504 1
5513 -1
-30810 -1
-25889 1
19817 -1
29565 1
7191 -1
-3304 -1
15720 1
5543 1
-2890 1
-19191 1
23693 -1
-10161 0
-24845 -1
-12681 1
-18424 -1
-13187 1
19825 0
19318 -1
-31089 1
7720 1
4560 1
-1039 0
6385 1
-22548 1
-18572 1
-5861 -1
9428 -1
24039 0
-30090 1
11189 1
-14428 1
26988 1
16928 -1
12543 -1
18442 1
-27646 0
-23344 -1
-7640 -1
-2013 0
-11783 1
-19905 0
10936 1
27554 0
14149 1
-23751 1
9317 1
-25457 0
-18546 0
-13511 -1
29205 -1
-18128 1
-7380 1
27085 1
-28364 0
5821 1
14806 -1
-11149 1
10161 1
-4013 0
-29483 -1
8983 1
13341 -1
7016 -1
-32912 -1
21758 0
4562 -1
12421 1
11699 1
-2816 1
-27399 -1
-11389 1
-12804 1
-6708 0
-3824 1
13450 -1
1454 0
-918 1
2096 -1
9600 -1
-18608 1
-20253 1
-10107 1
7529 1
17066 -1
-6249 1
-22289 -1
-14281 1
-21772 -1
10196 -1
-10332 -1
29781 1
548 -1
-8211 1
-22704 1
26804 1
24867 0
190 -1
-19705 1
-13839 1
-7358 -1
-9632 -1
14692 -1
25204 1
22077 -1
27957 -1
-31416 1
3469 1
4299 0
-11121 1
21646 1
6975 -1
29270 -1
9503 1
-4159 1
23445 -1
-1514 0
12951 -1
-18203 -1
-16141 1
20646 1
13956 1
14999 1
4931 -1
23059 -1
-7426 1
-4813 0
-30467 0
753 1
-2320 1
-25993 -1
24637 1
-17261 1
22565 1
21633 0
-30604 1
13552 -1
-14351 -1
-13679 1
-8386 -1
-31386 0
24215 1
-906 0
-25983 1
26756 -1
-13797 1
4817 -1
-12387 1
725 1
-33240 -1
-18589 1
-385 0
-14500 -1
16150 -1
-18410 -1
-551 1
28507 -1
-33024 -1
-24151 0
-12592 1
14046 -1
-9454 0
-9526 0
-2091 -1
-19905 0
-1524 -1
-2375 1
19241 1
-19274 1
24285 0
18538 -1
27853 -1
-2463 -1
23881 1
5378 0
-14367 0
-12406 0
28779 -1
-23617 0
8080 0
30483 -1
-31204 -1
27956 0
-27358 -1
-32445 -1
-8600 1
31838 1
-10653 -1
23161 -1
24131 -1
-16078 1
6120 0
13881 1
139 1
7063 1
-23368 1
3337 1
-17349 1
11157 1
-20624 -1
-31189 0
14716 1
-891 1
-18012 1
9930 1
6500 -1
-3231 -1
-23973 -1
13877 1
15280 1
-23441 0
-33647 -1
18055 -1
-21650 -1
18858 -1
-30449 -1
-28860 1
-12036 0
18960 1
-17776 -1
-22206 1
2288 -1
-14226 1
15425 1
7552 1
-14699 0
6438 1
23407 -1
30232 1
-23224 0
4103 -1
4218 0
1926 -1
5049 0
-30862 1
-20594 -1
-25013 1
-14733 0
28980 1
13282 0
18361 1
28738 -1
17587 1
-32214 -1
-30592 1
28667 1
30091 0
-14536 1
19291 0
12374 1
25582 -1
-26071 0
-17568 1
33223 1
21196 0
18224 -1
-28077 -1
25786 -1
13276 0
24135 1
-8700 -1
18925 -1
-4526 -1
-9909 1
7512 1
-12093 -1
-33191 -1
1981 1
-27552 1
-6738 0
-20054 -1
10771 1
5796 -1
23552 1
3933 1
-5993 0
-13804 1
-26425 -1
3287 -1
-22513 0
9957 0
-23410 -1
17652 -1
-28777 -1
-9840 -1
-29875 1
7478 -1
29229 -1
2616 1
2552 0
-17802 1
-3368 -1
19937 -1
17098 1
-3721 0
17511 1
-18652 1
16544 -1
-12483 -1
15221 -1
6340 1
-18612 1
12956 1
17877 -1
14971 1
-16376 1
30403 -1
-8686 -1
20342 -1
-901 1
12448 -1
-3274 -1
-1465 -1
25134 1
10128 -1
-7466 1
9661 -1
21465 -1
-10261 1
3458 0
-14999 1
8766 -1
27208 -1
-26071 0
23104 -1
11091 -1
26926 1
-11333 1
31336 1
28191 -1
-28195 -1
-3309 -1
-26010 -1
-1974 0
12786 1
8504 -1
-11461 1
-20953 -1
31460 -1
-17695 -1
-14352 1
-18112 -1
-782 0
-9681 1
-18761 0
26305 1
4002 1
-30918 -1
3878 1
14613 1
-2246 -1
31540 0
-11740 -1
-7933 1
-1653 -1
14655 -1
-19833 1
-7311 1
1848 1
14144 1
2389 1
22028 1
22427 1
-29434 1
-28356 -1
20188 1
-25083 1
26623 -1
-19746 -1
-14714 -1
24591 1
31357 -1
-1683 -1
24992 1
-11885 1
-1377 -1
14628 0
33005 1
-15919 1
25529 -1
20671 1
29996 0
-22634 -1
13187 1
-29533 1
25058 -1
-15942 -1
11912 -1
19960 0
25811 0
21399 1
20699 -1
11843 -1
1953 1
21932 0
-14461 0
30285 -1
18740 -1
-24543 1
23467 -1
-23588 1
-5865 1
11728 1
-5171 -1
30187 1
16339 -1
24271 0
8672 0
300 -1
-13194 1
-15848 -1
-5123 -1
-8 1
-3346 0
13414 -1
16606 1
-33520 -1
-17659 -1
31666 -1
15502 -1
11131 1
1812 1
-15165 -1
-31117 1
1379 1
-2058 1
-4738 -1
-31853 -1
-25238 -1
21816 1
19067 -1
21075 1
734 -1
30966 0
-11817 1
13354 1
-25845 1
31474 1
17404 -1
1200 -1
-12407 -1
1224 0
23271 -1
4142 1
-21585 0
14661 1
15791 -1
17015 -1
10891 1
-4221 -1
27780 0
13279 1
21739 0
14317 -1
-12815 1
17860 -1
4471 -1
20140 1
31902 1
12679 -1
-15617 1
-1228 1
-17495 1
13284 -1
18803 1
-26267 -1
29586 1
21132 0
-22093 -1
25378 -1
4429 1
19463 -1
-15230 1
25534 0
-9866 1
13798 -1
-10534 1
-26462 1
-6542 1
27318 1
-12416 -1
1397 1
744 1
-13449 -1
24477 -1
-24829 -1
11758 -1
23875 -1
-14377 0
18683 -1
-18254 -1
-7262 -1
13438 1
8394 0
-29746 -1
32734 1
8163 1
-22411 0
-20447 1
-14899 -1
28962 -1
32585 1
-245 -1
-10840 -1
30953 -1
14548 -1
-30029 1
-13752 -1
33419 1
-13989 1
-28968 -1
617 -1
13195 1
-22204 1
29601 1
13375 0
1446 1
-8459 1
-10011 -1
-31574 0
17218 1
22102 1
-26660 1
22766 -1
6743 -1
8739 1
1700 1
-16726 1
22379 1
-14932 -1
23307 -1
-3199 1
-289 -1
-44 1
-19802 1
25743 -1
-9078 1
23554 -1
24366 -1
-5139 1
31207 1
32740 1
-29218 1
-25364 1
13903 1
11406 1
14536 1
-31937 -1
-8781 0
-18791 -1
7748 -1
-29062 -1
-24181 1
-19417 1
6739 0
-22213 0
25561 1
-14411 1
10899 -1
-8859 0
-10173 -1
-28925 -1
-29011 -1
15247 0
-29715 0
22343 0
14121 -1
22258 1
-23708 0
-7527 -1
16994 -1
10606 -1
-25024 -1
17583 1
19898 0
-31877 -1
-8725 1
8429 0
-4145 -1
11364 -1
14518 -1
-24545 0
-5273 1
-8903 1
-7570 -1
28844 0
23848 1
22295 -1
-11536 1
18254 1
-4790 1
23772 -1
11030 0
20331 1
-12958 1
3918 1
23982 -1
-8958 1
830 1
-28258 0
-9820 0
15874 -1
15843 1
8844 0
8927 1
18493 1
-14327 1
21023 -1
17374 1
17299 1
-31549 -1
13110 -1
27572 -1
-7886 -1
-4067 1
2212 0
-29671 1
811 -1
29515 1
-28949 1
12862 1
-25592 1
30293 -1
15215 -1
-24124 0
8267 -1
-394 0
-8868 -1
-29997 -1
14408 -1
30948 0
11498 0
-26883 1
29981 1
14256 1
33735 1
19576 0
-31039 -1
-27665 0
31116 1
19273 -1
-6187 -1
16598 0
22481 0
-1476 1
29571 -1
6962 -1
11837 -1
-15402 1
12799 1
25116 -1
-3943 -1
21887 -1
-23223 1
-4309 -1
-8130 1
-9758 -1
7994 1
1839 1
26387 -1
5167 -1
7485 -1
-25952 -1
10052 1
-28295 1
27721 0
22450 1
5652 -1
4721 1
-32223 -1
-9388 1
-8148 -1
-19686 1
5684 1
-27030 1
13285 1
29535 1
-33615 -1
17548 -1
12892 1
13248 -1
8611 1
30409 1
28563 -1
-7490 1
10669 -1
8600 -1
-33109 0
-18470 1
33365 1
-11759 -1
-7880 1
15268 1
-3665 0
-6071 1
-2752 -1
26511 0
-17123 1
3082 1
-3613 -1
19958 -1
-11318 -1
9516 -1
-567 1
16808 0
-10484 -1
17131 1
-13461 0
-17709 1
6576 1
7588 1
19207 0
-31552 1
-27416 1
-15874 1
-9752 1
-13125 -1
-932 -1
27362 1
25011 0
-28280 -1
-25609 -1
-9907 -1
-24751 1
3474 -1
31572 1
25800 1
4826 -1
-26645 -1
2784 1
-735 1
-25560 0
31230 1
-4941 1
-13003 1
30134 -1
-1151 -1
-11986 1
24291 0
-7159 1
-12060 -1
-19278 1
-15660 -1
16122 1
6589 -1
6629 1
2956 0
6224 -1
-25906 -1
-20490 -1
13729 -1
-26314 0
9953 -1
26809 -1
-25758 1
-6702 -1
20541 -1
2306 -1
9477 -1
-4926 -1
-26169 1
-18766 1
13167 1
-26945 1
14047 -1
29566 0
-5545 -1
-24488 -1
-22564 -1
-32183 -1
-5205 1
33271 1
-3386 -1
-20978 -1
-15714 1
27566 -1
30460 1
12339 -1
29937 -1
210 1
9451 -1
10500 -1
19428 -1
-15615 0
-26293 1
-6429 -1
8007 -1
-2362 1
-28552 -1
3499 -1
13626 -1
28706 -1
15827 0
-31161 1
-21877 1
-16608 -1
-18562 0
16800 1
6825 1
15389 -1
-24527 1
22728 1
-31489 1
18292 -1
-23031 -1
8131 1
15429 -1
16736 -1
24867 0
7949 1
-21975 -1
-28326 1
2740 -1
-23905 1
32120 1
11144 0
279 1
-30637 1
-21215 -1
-17120 -1
31156 1
-5692 -1
29754 0
-9569 -1
12326 -1
2950 -1
25725 1
-25827 -1
-5816 1
9467 1
5044 -1
6669 -1
9221 1
-33571 -1
-29295 0
-13151 -1
14055 -1
-23144 -1
23566 1
16962 1
2829 -1
-21022 -1
-19796 -1
-17478 1
19681 -1
28909 1
7153 1
-2389 1
-12882 -1
31078 -1
15901 -1
-11587 0
-8767 -1
24965 -1
18064 1
-16607 1
-23709 0
-24102 1
-9040 0
8543 -1
11762 -1
-32515 -1
22227 1
-7268 0
4508 -1
-8021 1
-7151 0
-21503 1
26933 -1
23545 0
17291 -1
1869 -1
1828 1
9139 0
15508 1
-14067 -1
-19398 -1
6693 1
162 1
17697 1
-6189 -1
-1936 1
-26151 -1
-1248 0
16673 1
25670 -1
-5407 -1
25410 -1
-20201 -1
19291 0
-5800 1
-5815 1
-15558 1
-23009 -1
15391 -1
31225 -1
-30995 -1
-23233 -1
-23451 1
3792 -1
22876 1
-12952 1
7164 0
-15633 1
-20830 -1
-26023 0
19543 -1
-21558 0
-2113 1
-17272 1
1559 1
-24581 -1
-13798 1
33623 1
-4462 1
22837 1
-20192 1
-18343 -1
-19306 -1
-17698 1
28712 -1
-6846 1
1384 1
14784 0
6281 -1
33537 1
8548 1
33247 1
-3660 -1
19265 1
23893 1
-7579 -1
-5595 1
8108 -1
5032 1
-8987 0
17949 -1
-23232 0
25891 -1
30667 1
-10667 -1
3028 1
2932 -1
28156 1
28870 0
12999 -1
19555 1
3677 1
27704 -1
25525 -1
-22950 -1
-11608 1
4390 0
3208 1
32397 1
21321 -1
14630 -1
-26420 -1
-26482 -1
-2243 -1
27166 1
-31202 1
-3505 -1
3562 0
-19883 1
-6317 -1
-23949 0
-3785 0
9946 -1
15474 -1
14351 0
-21958 -1
30905 -1
17670 1
29478 -1
-6403 1
-5387 1
26023 -1
26215 1
-23230 1
-23482 -1
19531 -1
13456 0
32214 1
-25818 -1
20804 -1
20070 -1
-33351 -1
14964 -1
15660 0
-29361 -1
3162 0
2416 -1
26689 0
-7910 -1
16873 -1
-22097 -1
-18542 1
-12222 -1
26303 -1
-6834 -1
14044 -1
13824 1
29818 1
25325 -1
30869 -1
9390 0
-7733 -1
20144 1
-21361 0
29661 -1
19207 0
1213 -1
17111 -1
-21675 1
9259 -1
-395 -1
-4340 1
-3811 -1
-11903 1
23382 1
25318 1
-11846 1
-3785 0
19425 -1
2000 0
1576 -1
27981 -1
10611 1
-3020 1
-17697 1
9929 1
-10519 1
27135 1
5743 -1
12070 0
31931 1
-24151 0
3363 1
19945 -1
-12979 1
9942 -1
19332 -1
-15767 1
-28953 -1
-16198 -1
13587 0
-10887 -1
-25840 1
-25873 -1
-5737 -1
9794 -1
-375 1
28124 -1
-1616 1
11675 1
-30281 1
16858 -1
32450 1
7202 0
25335 -1
-30053 -1
-22930 -1
-24824 1
16432 -1
-27428 0
-21589 1
12870 1
31047 -1
-26727 -1
6470 -1
-3600 1
-13848 -1
-1067 1
2506 -1
26478 -1
20745 1
28303 0
-22177 0
-10399 1
27720 1
23492 1
393 -1
33485 1
13333 1
-9742 1
-27761 0
5312 1
12695 -1
-28509 1
-494 0
11028 -1
17772 1
19144 -1
-12511 -1
14314 1
-12547 1
-16664 -1
-11549 -1
-528 -1
-13373 -1
-13890 -1
15792 -1
-22271 1
-13236 1
-33271 -1
-3467 1
-20234 -1
30435 -1
12598 -1
15825 -1
19919 1
-23619 1
-30817 -1
-12625 -1
-9247 1
7860 1
2247 1
21801 -1
-2658 1
-2184 0
24762 1
-22151 -1
-19176 -1
-13569 1
1378 1
4456 -1
25332 -1
12937 1
26919 1
9377 1
30114 1
11090 1
-8427 -1
-28936 -1
13964 -1
-27156 1
8523 1
31595 1
-20733 -1
22883 -1
6141 -1
29311 -1
23309 -1
23657 -1
12589 1
19225 -1
-22589 1
-4569 -1
17909 -1
14919 1
-25595 1
28023 0
22977 -1
-126 1
457 -1
-14730 -1
-21403 -1
17680 1
-12334 -1
-23574 1
-21417 1
-469 1
-13917 1
-33506 -1
12982 -1
12288 1
19831 1
31410 0
26489 0
-15069 1
7041 -1
-5325 -1
-28098 1
215 1
9959 1
-30704 1
-28303 1
-13882 1
12035 -1
-336 -1
17287 0
-6213 1
3460 -1
13543 -1
4594 -1
-18677 0
-10727 -1
-505 0
5839 0
6782 0
33305 1
11673 -1
25577 -1
-20207 1
-17395 0
-30595 -1
10704 0
30363 -1
-20690 -1
-28194 1
17369 1
30856 1
13282 0
-26269 1
-11378 -1
-31002 -1
7415 1
-7762 -1
4294 0
8350 -1
-3841 1
-1215 -1
-6527 -1
29059 -1
1243 -1
5649 -1
-13399 1
-15768 1
-28673 1
-23949 0
25851 1
25305 1
-17050 1
1483 1
29913 1
23133 0
28375 -1
32833 1
31158 1
-19138 -1
-2331 1
11575 1
-7014 1
-8663 -1
28654 1
-12724 1
-1197 0
-28721 1
14599 0
-8781 0
27061 -1
31228 1
14271 1
22631 -1
-5589 1
-19119 -1
24042 -1
-11776 1
-24466 -1
-12538 -1
21932 0
17207 0
-2276 1
30157 1
971 -1
-11303 -1
20479 -1
14285 -1
24685 1
-8159 1
-18854 1
-13115 -1
-21702 -1
1607 1
18303 0
27707 1
32294 1
-32904 -1
23212 -1
-31914 -1
3636 -1
15642 -1
-16262 -1
30852 1
-14338 1
-23779 -1
-14178 -1
11583 0
16356 -1
-32654 -1
-10161 0
14541 -1
12751 1
-18940 -1
33558 1
-11398 0
-23972 -1
-18761 0
-14057 -1
15505 1
4528 -1
-3944 0
-29547 1
-14787 0
-8987 0
-11424 1
5400 0
20213 1
22848 1
-30395 1
-18133 -1
-15524 -1
17074 0
2266 -1
19788 1
4771 0
30154 1
5497 -1
13644 -1
9433 1
-26060 1
26861 -1
-5140 -1
-11644 -1
-11267 1
12381 -1
-31207 1
-26014 -1
739 -1
27239 0
24146 1
1224 0
-21020 -1
-8748 1
-1708 -1
-28778 0
-31568 -1
13927 1
-18219 -1
1654 1
22804 -1
-27191 -1
-4755 1
-20254 1
4117 -1
-1183 1
-16421 1
1922 -1
-10405 1
-10893 1
-30472 1
-17935 1
-7659 1
14388 1
-8099 -1
12152 -1
-17196 -1
21760 1
24503 1
749 -1
-13565 -1
-545 -1
28090 1
28127 0
17172 1
-21482 1
-18202 1
-26666 -1
30132 1
7794 -1
-4226 1
4379 0
9262 -1
19166 1
16197 -1
22572 1
17590 1
-5578 1
-15083 -1
22183 1
23947 1
26414 -1
-6548 -1
8763 -1
-19629 -1
-6149 -1
14814 1
-7361 1
18522 -1
-16106 1
18829 -1
-27439 1
19753 1
-26065 1
614 0
-7225 1
23408 1
-16374 -1
10299 -1
14372 0
15934 -1
-17089 -1
-7245 0
13238 1
-13838 0
12534 0
-366 1
454 0
17213 1
339 -1
-21744 0
-17742 -1
-30014 1
-15304 -1
-28258 0
-21789 1
-26751 -1
-6373 1
-18191 -1
7514 -1
24890 -1
5807 1
1494 1
1925 1
14050 1
-19909 1
11314 -1
-29866 0
-26467 1
10874 -1
22553 0
32004 1
-5993 0
25954 -1
-1727 -1
-30092 1
23908 -1
-21933 0
16390 1
-30337 -1
-276 1
29846 0
5921 -1
-23224 0
-9006 1
15531 1
31074 1
31436 1
-31574 0
12472 0
7202 0
-6901 1
2130 -1
10607 -1
-5632 -1
-18461 0
-29355 1
-22427 -1
-28358 0
9006 0
-793 -1
-30677 -1
13674 0
21686 1
-21942 -1
11992 1
25151 -1
-8694 0
-16067 1
6582 1
5877 1
-26323 1
-2099 0
-32905 -1
-178 1
25796 -1
29252 0
8685 -1
-29731 -1
13675 -1
-9879 1
13514 -1
1758 -1
-17140 -1
2792 -1
-26636 -1
12408 -1
-7520 1
5342 1
-1514 0
-17236 -1
-5658 -1
-8823 1
-13165 1
-20916 -1
25166 1
-25146 -1
-9810 -1
-13435 1
18787 1
-20913 0
33481 1
-22118 1
-1661 -1
30562 0
-4644 1
-825 -1
-29956 1
15565 1
18194 -1
19396 1
-10714 0
7164 0
-25545 -1
-18070 -1
-1657 1
-2174 -1
26230 -1
-15615 0
33068 1
17729 1
15660 0
5439 1
33695 1
-3330 -1
2735 -1
29730 1
20133 -1
-14698 -1
-15579 -1
-30063 1
-16179 0
24765 -1
-11598 0
400 -1
3911 -1
29 1
1903 1
-1482 0
-24143 1
13462 -1
-11292 1
8206 1
152 1
8922 -1
-23980 1
-3107 0
-7307 1
31043 1
24219 1
23561 -1
-25958 1
-16454 -1
-18408 -1
-18265 -1
-22377 1
-23370 1
-20056 0
6000 -1
-17534 -1
-28281 0
17492 -1
-4842 -1
6978 -1
3440 0
28370 -1
20725 1
15348 -1
-26994 0
-6585 -1
-25257 -1
15216 -1
24039 0
-29917 1
-18168 -1
-26628 1
5561 1
10091 -1
-327 1
-32656 -1
-9595 1
-11618 -1
24275 -1
20434 1
-21950 1
20974 -1
-10971 1
-22457 1
-32574 -1
-30206 1
-27542 -1
-28951 -1
9201 1
29426 1
-28318 -1
14672 -1
-18798 1
13275 1
12552 1
-19896 -1
-2923 -1
-26897 1
26511 0
26446 -1
4400 1
-27134 -1
-18445 -1
4091 -1
-25861 1
10773 1
-16524 -1
26689 0
11307 -1
21685 1
-19155 -1
-16697 1
-27072 -1
28023 0
2532 1
-33605 -1
-13745 -1
6866 1
20815 -1
-2516 -1
5207 1
25178 1
23886 -1
-14418 -1
-23790 -1
-3458 1
-16158 -1
-1938 0
22084 1
-30518 -1
-22371 0
-855 -1
31566 0
-30342 1
-24737 1
12168 -1
-4779 0
12534 0
-22891 0
23935 1
31997 1
30595 1
22805 1
-15962 1
29670 -1
4342 1
8248 1
-4456 -1
-6726 0
31535 1
-24909 1
-17914 -1
-3363 -1
-4957 0
-10483 1
-32565 -1
25600 -1
-13337 1
-20913 0
-13148 -1
-19331 1
-11560 -1
-26895 -1
29764 -1
-7504 -1
-11086 1
615 -1
-32323 -1
13768 -1
-27607 1
-20219 1
-8984 -1
24058 1
-24529 1
31053 -1
21168 0
164 0
5222 1
7740 1
-5069 -1
-5654 0
30998 0
-26190 -1
-23983 1
-28305 1
26097 -1
-3665 0
-11997 1
20065 1
-394 0
-28515 0
7010 0
156 0
-22125 -1
-17864 1
25135 -1
-19063 1
-15142 1
20857 1
-14420 -1
31227 0
-28637 1
6344 -1
17524 0
27083 -1
-31390 1
19507 1
-2989 -1
12641 0
-13986 1
10131 -1
-20899 1
26400 1
-6726 0
23971 1
5149 -1
11847 -1
8741 1
16172 -1
-14719 1
24378 1
30295 -1
-21597 1
4439 -1
8309 1
8634 1
3088 -1
15238 -1
11451 1
33644 1
9809 1
-8744 -1
-7834 0
-13838 0
8844 0
3359 1
-3399 1
-22877 -1
-10002 -1
31674 -1
14211 -1
6215 -1
-22383 -1
22767 -1
8458 1
2153 -1
-31653 1
11144 0
21454 0
-29026 0
24782 1
-19832 0
12015 -1
-13282 1
28541 -1
-27120 1
-26740 -1
-8755 -1
-19993 1
-11987 1
-16187 1
29665 1
4059 0
33669 1
30151 1
6766 -1
19194 1
-3919 1
-2578 0
12510 -1
-5456 1
-14561 -1
23843 1
-16061 -1
-14034 1
33052 0
-10629 1
-4607 0
-9954 -1
-27047 0
-32800 -1
-25381 -1
-3321 1
23557 0
9740 -1
-409 -1
26362 -1
-31457 -1
10954 1
-20761 1
-4922 -1
-13144 -1
21639 -1
-14029 -1
-19531 1
-6439 -1
26479 1
23956 1
25753 -1
8567 -1
30207 -1
-22542 0
-21315 1
-24006 -1
32847 1
-5127 1
18479 1
-22183 1
-15107 -1
10388 -1
31241 -1
6652 -1
23941 -1
26993 1
-20520 1
8106 1
2029 1
19380 -1
-4284 1
-8859 0
-19946 1
2002 -1
-21798 1
33400 1
-3899 -1
3845 1
-20847 -1
-15600 1
-28252 0
9218 1
-14528 1
23593 -1
15015 1
-20158 -1
-21332 1
2466 1
2686 -1
-25851 1
33316 1
15748 0
25886 1
-25329 -1
-17521 -1
-3208 1
-14134 1
-23146 1
-11310 1
-4647 1
26343 1
7922 1
-30854 0
-16768 0
-19402 1
1873 -1
-492 -1
4156 -1
26930 1
24962 -1
-18537 1
-15171 -1
6503 -1
30379 1
591 -1
7850 -1
-5484 0
13377 0
15209 1
23509 1
1323 -1
-25371 1
-17278 1
20826 1
2867 -1
31195 1
1863 1
5079 -1
25661 -1
-28901 -1
5553 1
29806 1
10705 1
12495 -1
-24313 -1
-14775 1
12945 -1
-29216 -1
32176 0
-10052 1
-11873 1
-15478 -1
3544 1
27183 -1
-3107 0
-16682 -1
28445 1
2635 1
-5991 -1
19963 1
25685 -1
32285 1
1939 1
-9207 -1
29064 1
-29952 1
-24660 1
-19590 1
31468 1
2292 -1
-21277 -1
-19389 0
30564 1
-18829 -1
3377 -1
-21901 -1
-14252 1
30163 1
-9033 1
-20633 0
-7098 1
18705 -1
-58 -1
20076 1
-12944 1
-8800 1
32642 1
21486 -1
9286 -1
-764 1
9882 -1
1440 -1
24165 1
5707 1
-15844 -1
8806 0
23177 -1
-20220 -1
-29263 -1
23386 -1
-2578 0
-17684 1
496 1
-27753 -1
11867 0
-22902 0
-8131 -1
-2408 -1
-11052 1
-24707 -1
22127 0
3423 1
-10286 1
15921 -1
-21165 -1
27780 0
-31522 -1
-16853 1
-14309 -1
-25537 -1
-14346 1
-13463 0
32738 1
-26411 1
-27197 1
22129 -1
-26630 -1
-14663 -1
-17201 -1
19121 1
-8028 1
-20029 -1
21386 -1
9900 1
-2099 0
-14619 0
2680 -1
12480 -1
-18021 -1
-27780 -1
4910 1
27190 0
5039 -1
30734 -1
-24959 1
4870 1
-28185 1
-3633 0
24874 -1
10456 -1
7109 1
-2457 1
13922 1
3161 1
10488 -1
-8894 -1
31742 1
-28551 1
-22743 -1
-11465 1
25012 1
5417 1
-6241 -1
27959 1
10617 -1
-5128 -1
3664 1
33303 1
20881 1
7377 1
-13929 1
16372 0
571 0
-2035 0
-14992 1
-17616 1
-31139 1
6444 1
28303 0
20183 -1
-4494 -1
15600 1
-7106 -1
-16772 1
-7740 1
-14916 1
2825 0
-4118 -1
16369 -1
-5993 0
31114 -1
8358 -1
-25970 1
-8888 0
25991 -1
9998 1
4831 1
29144 1
-20764 -1
-27077 1
15922 -1
13142 0
-32625 -1
27554 0
15037 -1
12728 0
-15623 0
-2405 1
6048 -1
25608 0
18140 1
-28633 1
-27743 1
-26647 -1
-15828 1
-27651 -1
-25333 1
14115 0
22298 -1
9601 -1
-4831 -1
-2184 0
18113 -1
7795 -1
27595 0
-10985 1
-24850 -1
4054 1
-19509 0
11420 -1
-8649 -1
-3150 -1
-32107 -1
19423 -1
31421 1
31365 1
-13414 -1
-25090 -1
8463 0
-17395 0
21744 1
-20081 -1
-14592 1
-21457 1
-1568 -1
5477 -1
7765 0
-19798 1
-27749 -1
-14787 0
6605 1
402 1
1659 1
-363 -1
-20361 1
-5155 1
3000 1
-9575 0
14719 -1
-23019 0
-16842 -1
-12885 1
25984 -1
24014 1
-11955 -1
-323 1
24980 1
-7218 0
-7095 -1
6934 0
33738 1
20797 -1
16368 1
29485 -1
-24562 1
-666 -1
10370 -1
-14371 -1
-27685 1
3509 -1
5180 1
-16942 1
12278 0
25587 -1
24717 1
-17517 -1
14441 -1
21191 1
19256 0
21462 1
-28948 -1
-24825 1
-6171 0
-30547 1
-5654 0
14553 1
-27350 -1
-13329 -1
-14681 1
-8619 1
20307 -1
-24705 -1
2161 1
-30372 1
23339 1
13108 1
9760 1
-10687 -1
-20708 -1
17687 1
-27146 1
-14761 0
-11412 1
4294 0
18629 1
-13234 1
7080 -1
5692 -1
14646 -1
-4224 1
9967 -1
-14071 1
-24212 1
9066 1
-9561 -1
-29239 -1
-16139 -1
-23323 1
-14142 1
1909 -1
24218 0
-940 0
-25863 0
15106 0
-31885 -1
23109 1
-7595 1
-13256 0
-20056 0
6060 -1
-11870 1
13735 -1
28248 -1
-17343 1
-30403 -1
11178 1
27775 0
-30564 1
-26003 -1
17190 -1
-7794 1
26035 1
-4541 1
5913 -1
-11587 0
-16927 1
30066 1
7895 1
774 -1
-26678 -1
5054 1
-25438 -1
-65 -1
23764 0
8969 -1
-13686 -1
-13005 1
-2309 1
28708 -1
-23767 -1
27309 -1
-16687 0
-10069 -1
1630 -1
26162 1
-32163 -1
-10904 -1
23422 -1
-29728 0
23866 -1
7917 -1
6179 1
18413 1
-20800 1
-28136 -1
32748 0
-23250 -1
-1016 -1
17765 -1
31667 1
5533 -1
25697 1
-29104 -1
29746 0
-8546 -1
27501 -1
1513 -1
24825 1
-5350 1
-28961 1
13091 -1
23696 -1
26062 -1
15775 1
21556 1
14503 1
20202 0
-8291 0
-29462 1
12479 1
-3357 1
-13827 -1
24209 0
26526 -1
-10725 -1
-13201 1
4800 -1
-14745 -1
15014 1
-21247 -1
2670 -1
-3253 1
16907 -1
-15623 0
-13806 -1
-10329 1
-6756 -1
-5043 1
15573 1
21089 1
-8365 -1
-26483 1
14142 1
8908 -1
31566 0
-18842 1
326 -1
20961 0
-15569 -1
-18762 1
28691 -1
-31030 1
14584 -1
-30368 1
28211 1
2011 1
19499 -1
21115 -1
-20295 -1
-24191 1
29258 -1
-15263 -1
-26868 -1
-22684 -1
-25269 1
-16114 0
-14527 -1
-13407 -1
-5753 0
23289 0
11560 1
8434 -1
-26811 -1
8621 1
17224 1
-25531 -1
15407 0
17584 1
12523 1
-23282 1
-22052 -1
30871 1
13686 -1
-19968 1
19814 -1
-14265 1
-19557 1
-21487 1
-19229 0
22246 1
-25069 1
-17156 1
-32191 -1
-29089 1
-15457 -1
27211 -1
-27533 1
-7428 0
18825 -1
4064 1
-5528 1
27990 1
27749 -1
26827 0
-4670 1
15357 -1
-4534 -1
-6367 0
-3325 -1
13119 -1
-5498 1
-24972 1
-22055 1
-4719 1
-18805 1
1829 -1
-29507 1
14209 1
-10630 1
-10336 1
22092 -1
-20334 1
-33716 -1
-222 1
-10713 1
-19114 -1
-5405 0
-21149 -1
-24123 1
-27992 1
-10271 -1
30294 -1
-27366 -1
6649 1
18566 -1
19200 -1
-22592 1
-13903 -1
-20740 -1
33378 1
9615 -1
-15559 1
6496 0
30418 -1
-3108 -1
24376 -1
9996 1
-17192 1
-10682 -1
21880 0
-27748 -1
26794 1
-13039 -1
11526 1
20669 -1
-30430 -1
6724 -1
16384 1
-13355 1
-8723 -1
-22371 0
10846 1
2866 -1
26514 -1
-15725 -1
21295 -1
16561 1
-27467 1
-2269 1
-29606 -1
9043 1
5656 0
4964 1
-11597 -1
22784 1
12434 1
-23252 1
3222 1
16441 1
25171 -1
16627 1
-5939 -1
11986 1
-31261 1
14345 -1
17524 0
29176 -1
-18526 -1
17699 -1
-28769 -1
4399 1
29309 -1
-521 1
13029 1
6505 1
-10075 0
-2599 -1
-12066 1
-2074 -1
-28904 -1
1572 1
15313 1
-7920 -1
9132 1
14210 1
30003 1
9737 -1
9528 0
-14699 0
10555 0
-30137 -1
-3212 1
24230 1
9485 -1
-15639 -1
18495 -1
21059 -1
20340 -1
-29305 0
23359 1
-30328 -1
-7366 1
22311 -1
23927 1
-8283 1
18706 1
-29338 1
-15758 1
-8291 0
27408 -1
-1888 -1
2768 -1
17657 1
14969 1
-20051 1
-12069 1
17591 1
-10234 -1
-1317 1
-30231 1
-13344 1
11018 1
-8075 1
-10856 -1
-32417 -1
19936 -1
-7161 -1
-16445 1
-339 1
27729 1
22528 0
-23425 -1
19287 -1
-11277 1
25698 -1
-736 -1
-1576 -1
-5146 -1
-10172 -1
30162 1
8936 -1
-25752 0
-23050 -1
25916 1
20810 1
-32846 -1
12402 -1
1916 -1
-18002 -1
32927 1
12127 1
-16769 -1
-26856 -1
-27056 -1
-2217 1
-27017 -1
27114 1
-260 -1
-33056 -1
-21689 0
22862 -1
7213 -1
-6741 1
14222 1
-13920 1
-10075 0
-19846 1
1592 0
-7615 -1
-7608 1
-15781 0
24544 -1
2639 0
-7834 0
-20565 1
14396 1
-18503 -1
-31398 0
13676 -1
-15227 1
-5533 1
-21334 1
3919 -1
11880 1
-2565 1
8625 1
-28980 1
15190 1
-18144 -1
21397 -1
20608 -1
31557 1
943 0
-17613 1
-9499 -1
-8463 -1
-33113 -1
-15757 1
22136 1
3552 1
25317 -1
-21670 1
11942 1
-20298 1
-8389 1
16288 -1
-28070 0
-14720 -1
-23374 1
2102 -1
17917 -1
8429 0
25719 -1
9806 -1
-18498 1
25425 -1
24640 -1
-29546 -1
3270 -1
21933 1
1921 1
33197 1
12251 -1
-11966 1
-14785 -1
11924 1
-23055 -1
4063 1
-16157 1
-16444 0
31724 1
-17987 -1
26819 1
-2786 -1
26032 -1
-23421 1
-1712 -1
4973 1
26974 -1
-10006 -1
21040 -1
-24975 1
-15261 -1
20263 -1
14699 0
7577 -1
11938 -1
4326 0
17876 1
-25638 -1
397 -1
-13137 -1
-30625 1
-24315 -1
27514 1
28058 1
-20169 -1
-1687 0
3268 1
15818 -1
-26090 1
-9469 0
-27886 1
-23579 -1
21149 -1
30662 1
-18323 1
24798 1
12626 1
2542 -1
-12238 -1
16379 1
1398 -1
-9838 1
-25945 -1
-9193 -1
-27524 -1
33628 1
18898 1
-26308 -1
10852 -1
-23435 -1
-27684 1
-4285 -1
13448 -1
30325 1
3307 0
-14682 -1
-9170 0
-24647 1
-1248 0
10837 -1
-13595 1
1744 0
2946 1
1539 1
-23045 1
-13668 1
9639 1
-33290 -1
25652 -1
13231 1
24983 -1
-18664 0
-25514 -1
-23103 -1
-1038 -1
-16686 1
-9698 -1
-14295 -1
22535 -1
-6427 0
-4190 1
-9903 -1
-23168 1
28498 -1
-11959 -1
26928 1
19470 -1
-6427 0
13344 1
-12194 1
83 1
6083 0
17504 0
-8774 1
-28219 -1
-30869 -1
-19588 1
16948 -1
-19832 0
-6506 1
-16167 -1
18712 0
-21087 1
2469 0
28380 1
-25690 -1
20202 0
-2308 1
27477 0
-22418 1
-19085 -1
25209 -1
-3819 1
-30192 1
20710 0
-5919 -1
11865 -1
-136 -1
-5913 -1
5690 -1
2459 1
-20437 1
11946 1
3302 1
-32406 -1
23224 1
-24642 1
28683 1
2875 1
6 1
-30990 -1
-22438 -1
-12053 -1
9422 -1
-2108 -1
-20124 1
-15928 1
-4289 0
-28880 -1
9619 1
-4089 0
4558 1
-17901 -1
173 1
20953 1
23810 -1
-18299 1
4060 0
18692 1
-10521 -1
4076 -1
-16179 0
17530 0
31730 1
-13152 -1
21672 -1
8005 1
-13694 -1
24864 1
-11355 1
2530 -1
13925 1
-23345 1
-9665 1
-31077 -1
-18301 1
16811 1
-26675 0
31277 -1
3570 1
-1813 1
1136 0
15289 -1
-16164 1
-8441 1
-13252 1
5984 -1
-21872 -1
-9932 1
-9969 -1
-28540 -1
-29701 -1
-3112 1
9711 -1
6401 -1
-22306 1
9965 1
32272 0
15413 1
23551 -1
-8911 1
-28589 -1
-21248 -1
4026 1
6497 -1
13198 1
-13506 1
20634 0
-27669 1
10813 -1
25001 -1
-28767 1
9376 0
-21596 1
27632 -1
-23322 -1
-27554 -1
16744 1
-13181 -1
15000 1
-20813 1
28443 -1
-25070 -1
5709 1
5594 1
-24981 -1
20476 -1
26188 -1
-6131 1
-22980 -1
-15157 1
7496 0
-3439 1
-322 1
806 -1
-6410 -1
-19598 1
29782 -1
19602 1
2708 -1
-11353 -1
27848 -1
-18384 -1
-11805 1
20535 -1
-2763 1
28806 -1
1571 -1
25439 -1
29077 0
3236 0
19853 -1
-6245 1
15975 -1
14012 -1
-27066 1
27367 -1
-2944 1
17607 -1
4731 -1
-1100 -1
274 -1
-22258 0
-27395 -1
15056 1
-11398 0
-19353 1
18133 1
-440 1
-8236 0
-153 -1
-23838 -1
-23173 -1
3483 -1
-4127 -1
9304 1
899 -1
24833 1
28266 0
-812 1
197 1
-5013 -1
-7601 1
13063 -1
17561 1
11922 -1
22220 0
27013 1
-32562 -1
17072 -1
26734 1
10924 -1
-24962 1
-19924 1
7640 1
-23035 -1
-31011 -1
-16610 1
-28908 1
-28245 1
-15057 -1
12919 -1
-25640 1
-23139 1
625 -1
27304 1
14001 1
4522 1
11488 1
-21531 1
24260 1
-15068 -1
27159 -1
-30488 -1
30255 0
-29349 1
-4272 1
6920 -1
-135 1
14342 -1
29492 -1
10069 1
15784 -1
24145 1
-6020 0
24060 -1
29256 -1
-9506 1
19688 -1
4379 0
19838 1
18998 1
-28152 0
-27515 1
-24465 -1
-13244 -1
-25473 1
27170 0
-18737 0
-6663 -1
-11751 -1
-8849 -1
3470 1
14862 -1
-32246 -1
-29154 1
-14501 1
-31189 0
-11207 -1
10024 -1
-17642 1
6579 -1
-9333 -1
25192 -1
23905 -1
17538 1
792 -1
5412 1
-2745 1
11168 0
27465 1
29996 0
-19838 -1
30906 -1
602 1
19872 1
-11682 0
16372 0
-29202 -1
-29467 1
26936 1
-17604 -1
24285 0
21574 -1
6868 1
-11934 1
19148 -1
-23869 -1
7660 0
6352 1
-14519 0
15002 -1
2360 0
30579 -1
8700 1
7474 1
-29551 1
-21957 1
29666 1
-6754 -1
29349 1
27865 1
-16482 -1
-18441 1
29019 -1
32084 1
22221 -1
-8669 1
24289 -1
31293 -1
21975 -1
29347 -1
-19928 1
31617 0
2360 0
12375 -1
-31679 -1
-28489 -1
5839 0
-5916 -1
-28512 1
1135 0
-20747 1
31617 0
1859 1
-23999 1
-11125 -1
1324 1
-16499 -1
28483 0
12055 -1
-22349 1
-1891 -1
4351 0
27190 0
-26703 1
20289 1
-15546 -1
-15513 -1
-29646 -1
-22096 1
614 0
-27371 1
-22411 0
-16295 1
4306 0
27170 0
16937 -1
-31053 -1
29010 -1
-23355 -1
33397 1
3241 1
-21414 1
32873 1
-23088 -1
19825 0
-33683 -1
14063 -1
-19789 1
6165 1
21662 1
27335 1
-31468 1
-31803 0
24746 1
15490 1
-14497 1
-4252 -1
813 1
30929 -1
-4946 -1
19348 1
-6759 -1
-16279 1
6051 1
7818 -1
-13861 -1
-13790 -1
23495 1
12455 1
-21184 1
17586 1
31542 -1
-26774 1
-1006 1
16204 -1
1840 -1
15411 1
-12174 -1
28297 1
-11046 -1
25011 0
-10372 1
-22159 -1
-30967 1
-22586 -1
-19246 -1
15748 0
8932 -1
28876 1
-32743 -1
17571 -1
-5000 0
18942 1
-10646 1
-6573 0
-10832 -1
23316 -1
-916 1
4409 1
4670 -1
4065 1
-20981 1
13294 0
29950 1
2761 -1
-30286 1
2407 -1
-30827 1
2821 1
26813 1
12708 1
-22771 0
-7001 -1
30203 -1
4374 0
1691 -1
-30072 -1
24694 0
-10227 -1
4088 1
-17162 -1
16434 -1
-19952 -1
-19547 -1
-12557 1
-14827 1
28580 0
3086 1
-31803 0
-29863 -1
-6055 1
-15975 1
-23854 -1
21444 -1
15745 0
22665 1
3370 0
28097 -1
17000 1
26539 1
16506 -1
17921 -1
-3729 1
-5608 -1
-21362 -1
10861 1
12207 -1
8185 -1
-486 1
-22641 1
-27579 0
-28598 1
-27400 -1
16433 1
-13680 1
-22852 1
-13733 -1
32069 1
-28475 -1
-15288 -1
-7252 -1
26768 -1
-22239 1
-31714 -1
-12796 1
24522 1
-11000 1
6432 -1
-8223 -1
-5351 1
-18056 -1
21166 -1
15434 1
2639 0
-20132 1
-8821 -1
11989 1
-5863 -1
14404 1
-558 1
-341 -1
-3147 1
-10664 1
-13590 -1
24881 -1
22529 0
-4317 -1
6771 -1
24017 -1
17174 -1
-30275 1
16263 1
-26889 -1
-8760 1
-20957 0
11614 -1
31104 1
8868 -1
30733 -1
-10868 1
-1548 0
30215 -1
25304 1
-31428 0
12518 1
6233 1
-27176 -1
18303 0
-25613 1
28762 -1
10657 1
12834 1
-18893 -1
-31101 1
-14667 1
-22513 0
13516 1
18252 -1
-27081 -1
13224 1
-1559 0
1150 -1
-6330 -1
-8066 1
9109 -1
19254 -1
32749 1
-29905 1
30010 0
-27624 1
22074 1
-1371 -1
5757 1
-691 1
-23956 -1
-26345 1
8463 0
-31386 0
3685 0
19742 0
-16784 -1
-21069 -1
-29446 -1
-29753 -1
1468 1
17230 -1
9909 1
-21361 0
-1363 0
-11893 0
15438 1
-3122 1
23951 1
23326 -1
8180 1
26194 1
9030 1
-27861 1
-18124 -1
15451 -1
-14515 -1
12203 1
11005 1
10116 0
15442 -1
-3986 1
28032 -1
-24374 -1
-26769 0
24121 -1
-7744 -1
418 1
9636 -1
-14186 -1
-31055 -1
21762 1
-13256 0
12111 1
12667 0
-9526 0
-2111 1
5706 -1
-31514 -1
20440 1
26757 0
-1841 -1
1616 1
-9480 -1
20879 -1
-30467 0
-2171 0
12779 1
12039 1
1207 1
-3514 -1
-5109 0
-30470 -1
-21678 0
15755 1
-29236 1
-13257 1
-5117 -1
-11979 -1
14393 -1
-1558 -1
967 1
-5472 1
8721 1
9769 -1
-9497 1
18672 -1
21348 1
1773 1
-26745 -1
-2942 1
28266 0
-32544 -1
27411 -1
31761 -1
-28861 -1
11701 1
-15688 -1
-6044 -1
-17424 -1
-4321 -1
-10344 -1
-19658 1
19785 0
-22770 1
28148 -1
-27907 -1
29189 1
1404 1
-4138 1
3030 1
18068 1
27043 1
-31388 0
-4516 -1
28210 -1
1309 1
13850 1
-5811 -1
25105 -1
24072 -1
-29132 1
-18218 0
-7278 1
18644 1
-3639 1
-26119 -1
-24727 -1
18383 1
30754 -1
14926 -1
-10226 1
-29014 1
-31272 0
-26668 -1
-23820 -1
-2396 1
-23756 1
3715 1
29600 -1
-12930 1
-27795 -1
-12172 -1
-1688 -1
-27906 1
-18383 1
12472 0
-4428 1
-18800 -1
4705 1
-29828 1
24346 1
33456 1
26449 -1
31042 0
-20597 -1
-18978 -1
-6900 1
23043 -1
-4440 1
18282 -1
16911 0
10649 -1
-22365 1
-13663 1
-33111 -1
5049 0
-21159 1
-17600 -1
1592 0
10879 -1
-20701 -1
-25752 0
-26001 1
20303 -1
-22390 1
16148 -1
30280 -1
-9137 0
-9183 1
-17071 1
-4362 1
-29027 -1
-22599 1
28278 -1
-23888 1
-25946 -1
-18173 1
21701 -1
24655 -1
9635 0
-8741 0
26107 -1
-6712 1
5226 -1
-3705 1
-5232 -1
23891 -1
-14931 -1
-15509 1
22329 -1
-12422 1
15261 0
9908 -1
-6416 1
-23511 -1
-20375 1
6782 0
-9633 1
-30977 1
5885 -1
1910 1
4658 1
11038 -1
-20775 1
24839 -1
18103 1
-20585 1
16229 0
-32877 -1
4095 1
-20977 1
-18694 -1
14579 1
29266 -1
-25806 1
7765 0
19940 1
-7004 -1
24991 1
-30867 1
-12641 1
9765 -1
-2680 -1
-12654 1
-22885 1
8806 0
-21926 -1
-18910 -1
-13935 1
-30752 1
-9372 1
9310 -1
23747 -1
-12356 -1
33030 1
2469 0
-4378 1
13176 -1
7468 0
12868 -1
-15221 -1
30724 1
-1427 1
30255 0
32034 1
-19970 1
26847 0
23451 -1
23145 1
11044 -1
32091 1
-7717 0
-19187 0
10555 0
-8888 0
28497 -1
-3126 0
9412 -1
31354 1
3236 0
5372 0
8900 -1
-13388 -1
-23741 1
-2797 1
26353 1
-19873 -1
17659 -1
755 -1
30277 1
-1687 0
22903 1
-1597 0
23508 1
-14107 1
-5712 1
-6635 1
-28469 -1
21054 -1
-22590 1
-15612 -1
30617 -1
-16788 -1
12584 -1
-9318 1
-27137 1
-28643 -1
19848 -1
10679 1
-7151 0
6282 1
6306 1
-9338 1
-9320 -1
-17457 1
17625 -1
15532 -1
21633 0
32774 1
25436 1
-21970 0
25522 1
-13333 1
-18504 0
10821 1
-24565 1
-18076 -1
-17676 -1
16773 0
-24477 -1
-12131 -1
4546 0
17013 1
2741 -1
-26855 -1
-26757 -1
-24974 -1
-1853 1
-18504 0
5544 -1
24459 -1
21221 -1
-8299 1
-9363 -1
-22566 1
-5051 -1
-21749 -1
-21744 0
-24858 1
-27556 1
6663 -1
-30702 -1
11825 1
26242 -1
12197 1
618 1
-13945 -1
-31444 1
-13264 1
20771 1
-9656 1
15882 -1
-30264 1
-31396 -1
-31272 0
16011 1
-19886 -1
-12834 1
-9717 1
-13696 -1
26920 -1
2171 -1
8123 -1
-27991 -1
9726 -1
6927 -1
9390 0
5667 -1
19844 -1
-30872 -1
11010 -1
29228 -1
-20417 0
18523 1
-12406 0
31227 0
26039 -1
473 1
33615 1
31060 -1
-10369 -1
-16368 -1
281 -1
15406 1
31551 -1
-31076 1
15148 1
-18264 1
-28783 1
12399 1
-7006 0
-14957 -1
29543 -1
-22632 -1
8014 -1
-24354 1
25535 1
-6315 -1
-1399 -1
26990 -1
-30408 -1
-4350 -1
-4085 1
-936 -1
-28836 1
20430 0
3003 0
-12241 -1
-11309 -1
13397 1
-7302 1
31226 1
-28406 -1
-18723 -1
3815 -1
-8324 1
-31605 1
26785 -1
7048 1
-9674 -1
29966 -1
-13571 0
-28380 -1
-29408 -1
-27391 -1
11769 1
22547 -1
-29443 -1
-13980 1
-28700 -1
30864 1
-23708 0
32985 1
29219 1
-19509 0
3872 1
-29431 -1
-15661 -1
27503 -1
-11682 0
14115 0
-31278 1
26972 -1
-28884 -1
-30149 -1
-22403 -1
-3748 0
17537 0
-5901 1
-5684 -1
-31198 -1
13692 1
-8986 1
-19325 1
-20796 -1
19742 0
-14255 1
8839 -1
2373 -1
18127 -1
-7900 1
9628 1
-33266 -1
-21812 1
30091 0
-25574 -1
23818 1
-22000 0
28884 0
29682 1
1484 -1
-11391 0
-8655 -1
10848 -1
1569 0
-9469 0
20354 1
3162 0
17853 -1
5701 1
-20438 -1
17415 0
-30457 -1
8672 0
26765 1
-11972 -1
-30750 -1
19320 -1
-10169 -1
18203 1
-12940 1
-19324 -1
-16707 1
-30093 0
-8330 1
-18857 1
20933 1
-9003 -1
1615 1
28422 -1
-10355 1
-2425 1
4150 1
30908 -1
27237 1
-3177 -1
21909 1
13142 0
-13476 -1
14787 1
-31627 1
-6290 -1
-3546 -1
10591 1
-30324 1
27394 1
21188 0
21034 -1
7462 1
-1367 1
27190 0
-7742 1
6779 1
18012 -1
-26465 1
-19412 1
26200 -1
18251 -1
27777 -1
-24862 1
-20043 -1
17962 -1
-31424 -1
-19018 -1
18108 1
29673 0
29817 -1
-24129 1
-227 1
2772 1
-33127 -1
26865 1
32582 1
24835 -1
-7471 1
28515 1
-8519 1
26312 1
5935 1
22505 0
-31938 -1
-9844 -1
-5324 1
8219 -1
-19317 1
20867 1
-32369 -1
-19115 1
-24333 -1
27911 -1
-929 -1
-16672 -1
-33550 -1
-6286 1
28316 1
13346 1
-26791 -1
-4818 1
1281 -1
-21202 1
29240 1
27914 -1
11867 0
21873 -1
6727 1
-6729 -1
11442 -1
-13949 1
25595 1
-15560 0
3459 1
6754 1
22575 1
28000 1
7817 -1
-14007 1
4451 1
-23208 1
-5493 -1
18492 0
7452 1
28651 1
14482 1
23250 1
-10518 1
31050 1
12070 0
-31190 0
-14272 -1
24193 -1
18297 0
3370 0
22974 -1
29843 -1
-25460 1
-28383 -1
-9880 1
333 -1
-20424 -1
3980 -1
28820 1
27101 -1
12733 1
9610 1
-30326 -1
-11662 1
-25805 1
-17219 1
17 1
9028 -1
25289 1
20007 -1
-13913 0
6248 -1
-4099 1
-15296 -1
7505 1
-20208 -1
1710 1
-835 0
32537 1
29943 -1
18818 1
-10051 -1
11498 0
-2904 1
26674 -1
-22771 0
-31478 1
-27051 -1
-32855 -1
-243 -1
-15023 1
-16032 1
8926 1
-15071 1
-7789 -1
19987 1
-10078 -1
5936 1
-27761 0
-16496 1
16721 0
6859 -1
-17904 -1
16904 -1
-29728 0
-25560 0
-29481 -1
-21656 1
-27386 -1
27163 1
-852 -1
-1581 -1
-32886 -1
-11933 0
-8405 -1
29162 -1
-9645 0
-27713 -1
-29621 0
14318 -1
4828 1
-1141 -1
31580 -1
24508 1
9629 -1
-20417 0
7723 -1
19005 1
-2939 1
-31407 -1
-28567 1
-7322 -1
10957 -1
8093 1
26544 1
23421 -1
-12924 -1
-18453 -1
1540 1
5975 1
-28547 1
-32750 -1
6418 1
22495 1
15309 -1
-9575 0
12985 1
-14918 -1
11321 -1
13215 1
-28903 1
-26456 -1
-20175 1
-2543 -1
-12006 1
-18108 1
9010 -1
-2881 1
18241 -1
-12143 1
-6526 1
10681 1
-26665 0
-29914 0
-16795 1
-432 -1
16477 1
27455 1
-31614 1
20256 0
-29367 -1
-31487 1
-20355 1
16860 1
-4737 1
-17303 -1
15632 1
-198 1
-8597 1
20017 1
11783 0
28424 1
-22152 1
1258 -1
-21564 1
29493 -1
-5926 -1
15713 1
9481 -1
19497 -1
-28252 0
9112 -1
15763 -1
-21284 -1
-30406 -1
-23192 1
19276 1
-7288 1
29989 0
-2107 -1
-26313 -1
-22269 -1
-7721 1
13969 -1
26815 1
27298 1
-18086 1
13533 1
8330 -1
10129 1
29101 1
26730 1
-293 -1
4959 -1
3387 1
-13281 -1
10824 1
5496 -1
14214 1
-26447 1
23969 1
-8604 1
27798 0
-23399 -1
-18544 -1
6450 1
-463 -1
13322 1
-12040 -1
-31745 -1
12541 -1
-24149 -1
27386 -1
12398 -1
11913 1
21450 -1
15514 -1
-26214 -1
3869 -1
-11711 1
26520 -1
-31504 -1
27225 1
6045 1
-8615 0
18452 -1
-220 1
-10767 1
15534 1
-15560 0
22591 1
14164 1
8134 1
-20957 0
8329 1
9081 1
28084 -1
5228 -1
13200 -1
14954 1
31899 1
25449 1
8270 1
-11886 -1
-26739 0
7413 -1
3264 -1
-12545 1
29248 -1
20739 1
-19760 1
17458 0
31108 -1
-19081 1
-6158 1
16420 1
-11879 -1
-26858 -1
8559 -1
12683 1
23433 -1
-9782 -1
2220 1
30402 -1
25200 1
21739 0
-27095 -1
-23025 -1
18318 -1
-20714 -1
30964 0
31388 1
-25221 0
-18737 0
-30424 1
19592 -1
-7658 -1
22300 1
26954 -1
458 -1
-21242 1
33518 1
25147 -1
-8197 1
-8521 -1
-23245 1
-18957 -1
-6489 -1
27246 -1
-1070 1
-25395 1
-9942 1
-14810 -1
1245 1
5875 -1
-16909 -1
17406 0
-22368 -1
-11641 -1
-29138 1
20642 -1
-19569 -1
-954 -1
22429 1
13880 -1
-21887 1
-27369 -1
8171 1
-13089 -1
-2866 1
13972 1
-19561 -1
-19523 -1
30467 1
-14264 1
-32936 -1
3299 -1
26164 -1
-5070 -1
-11967 -1
15643 -1
-24622 1
-16163 1
-32997 -1
-28708 -1
-33011 0
6347 -1
-2496 1
501 1
-14952 0
22147 -1
29621 1
27204 1
31323 0
19057 0
-1642 -1
-28999 -1
26219 1
-13690 -1
-9291 0
-12124 1
22771 -1
-11137 -1
-27409 -1
-28789 0
-29539 -1
-14144 1
12728 0
19971 1
-6566 -1
-19761 0
24772 -1
12610 1
29628 -1
12711 -1
15740 -1
-30617 1
11972 1
-26564 0
4717 -1
-416 -1
-5198 -1
-20744 1
-30900 1
22780 1
-17348 -1
1403 -1
4218 0
12678 1
-3680 1
5572 1
-27747 -1
-615 -1
21965 1
-16898 1
-3057 1
-30130 1
-25421 1
20708 -1
-7428 0
-23617 0
-5881 -1
-4507 -1
25097 -1
-29620 -1
-27247 1
14576 1
32793 1
12816 -1
8632 0
-7693 -1
30017 0
19299 1
11301 1
-3633 0
-12482 -1
-18098 1
-388 -1
-13196 1
21383 1
-13588 1
-5011 1
-20077 -1
6395 1
32012 1
2333 1
14749 -1
13057 1
13732 -1
-27236 0
-30515 1
-14888 1
-4593 -1
29340 -1
16859 -1
-15063 -1
-23099 -1
-8960 1
-23300 -1
28016 1
-24842 1
-23306 1
7862 1
-7665 -1
2648 -1
-32941 0
-876 1
24480 1
15371 0
-1271 0
-5680 1
163 1
25312 1
-28421 -1
9263 -1
-25668 1
-21373 -1
-28415 0
-5377 -1
-13758 1
-11878 0
-23781 -1
8645 1
6135 -1
11715 1
-13923 -1
-33725 -1
-18293 1
23134 1
13396 1
8233 -1
20225 0
11788 1
-20904 1
-3568 -1
-19940 -1
-3478 1
-15653 -1
10690 -1
23365 1
11557 1
4371 -1
-12937 1
7718 -1
17573 -1
20062 -1
25187 1
-6605 0
8289 -1
30773 0
6635 0
16057 -1
723 1
18641 1
-19389 0
21886 1
20591 1
24547 0
13583 1
-13464 -1
-4090 -1
-25524 -1
-5018 -1
-30889 1
-8681 1
-28407 1
21569 1
-6264 -1
-19295 1
-19861 1
-33010 -1
-4072 -1
27690 1
23639 -1
-21347 -1
-1271 0
1566 1
-5441 1
22366 -1
6593 -1
24643 1
-2261 1
-21605 -1
19935 -1
30507 1
27341 0
-29549 -1
-10311 -1
-516 -1
-24629 0
-3161 -1
-2117 1
-14549 0
-11693 1
17883 -1
-21576 1
-11849 1
4392 1
7687 -1
-26665 0
-22932 -1
18167 -1
-782 0
-31585 1
13084 -1
-4930 1
-1231 0
25429 -1
-30647 1
-22258 0
21827 0
-22431 -1
30152 1
-31134 -1
-4607 0
-13418 1
-30425 -1
14208 1
7614 1
-22985 1
-11547 1
-7434 -1
30138 1
6645 1
-14591 -1
-17160 -1
-19470 -1
-24234 -1
-9733 -1
3105 1
-23613 -1
30544 1
30094 -1
30442 -1
-15531 1
-12864 1
7523 1
21540 1
-6798 1
-15019 -1
-4052 -1
-24395 1
12777 1
23573 -1
9567 -1
-5947 1
26197 1
-6384 0
3868 1
-21558 0
20663 1
-18327 -1
8121 -1
-28436 -1
-9227 -1
-5326 1
6057 -1
-1516 -1
15558 1
-11328 1
16706 1
-9055 1
-17628 -1
-22549 -1
33224 1
24172 1
13369 0
22994 0
-11391 0
-13019 1
10537 1
-24770 -1
26341 0
11216 -1
-18218 0
-17474 -1
6606 1
8545 0
9970 -1
30503 -1
29167 -1
-7218 0
6213 1
-24739 1
3169 1
-9050 1
-4419 -1
30769 1
33201 1
-3955 -1
13763 1
-24929 0
6540 -1
5128 -1
-19986 -1
28263 -1
30931 1
-12988 -1
30487 -1
12345 -1
17437 1
-13938 1
-2627 -1
33364 1
-14568 -1
27846 0
-29356 1
15765 1
-24317 -1
-19552 -1
28816 0
7398 1
-30122 0
-7650 1
864 1
11459 -1
2312 1
32559 1
-30402 -1
-6050 -1
-15604 1
-11048 -1
22127 0
-14483 1
12490 1
-3063 1
-13913 0
-29580 -1
-3134 1
23418 -1
-5836 -1
-7 -1
-11459 -1
-23180 1
-23550 1
4632 0
-26998 0
2794 -1
6370 1
-3648 -1
26493 -1
-16485 1
-8402 1
-11380 1
4935 1
-7558 1
9249 1
17179 1
-4299 -1
12525 -1
-21864 1
7004 1
18093 -1
-22552 -1
-17344 0
257 1
-26657 -1
-11399 -1
32965 1
29715 0
-1160 -1
30457 -1
9985 0
12428 1
-4967 1
3743 -1
-56 1
27881 -1
-31190 0
-7411 1
-7916 -1
-3519 1
2033 -1
-6808 -1
-22946 -1
-7438 1
27199 1
4258 1
-5111 1
20880 1
441 -1
26028 1
-28746 1
-33109 0
12833 -1
19333 0
-9162 1
6930 1
-1991 1
-3162 1
27131 1
-20354 1
-21212 1
21817 -1
-17520 1
13702 -1
-1943 1
-13729 1
7152 -1
13555 1
-5698 0
29317 -1
28185 0
10118 -1
31410 0
-27428 0
726 1
14551 -1
-15339 -1
8893 -1
-27759 -1
6496 0
-7974 -1
15351 1
20190 -1
-4474 1
-14619 0
27575 1
9649 1
32862 1
-15386 -1
13790 -1
-652 0
-15046 1
2438 -1
-31288 0
2106 1
7323 -1
-33153 -1
-9930 -1
-6470 -1
-25350 1
-2415 1
3417 1
-30283 0
-23919 -1
23793 -1
13668 -1
17990 -1
7822 1
28099 1
12888 -1
-19768 -1
28358 -1
3672 -1
-17472 -1
15944 1
30336 1
15687 -1
22039 1
-30834 1
13164 1
-5240 1
-10098 1
5304 1
16260 1
24767 1
8491 -1
5655 -1
1040 -1
20764 0
12069 -1
-9773 0
-17908 -1
-18123 1
8901 -1
-10265 -1
-17085 1
12429 -1
-29295 0
-5000 0
16773 0
2909 -1
-21128 -1
-22809 1
-15504 -1
23068 -1
606 -1
-19894 -1
9620 -1
16191 1
22816 -1
20414 -1
-22887 -1
-854 -1
-21507 1
-12630 1
14756 -1
13779 1
13430 1
-4824 -1
7732 1
-14952 0
-2708 1
-13409 1
-32080 -1
-24525 -1
-7491 -1
-31321 -1
33226 1
-22744 -1
-3828 -1
-7349 -1
26249 1
-16266 1
18800 -1
-14282 -1
-32876 -1
29212 -1
28968 -1
20351 -1
27468 1
-26619 1
31254 -1
-25666 1
-8709 -1
24708 1
-8380 1
11719 -1
-22892 1
-1938 0
-22106 1
9854 1
-13153 -1
23764 0
28433 1
-30991 1
-20 -1
-4283 -1
-6586 -1
-26854 1
19927 -1
8659 1
27250 1
22553 0
10691 1
24336 1
4760 1
5332 0
-17911 1
9898 1
32863 1
-23788 1
26238 1
33726 1
-28678 1
-29229 1
21498 -1
26757 0
-26875 1
-8369 -1
-9038 1
-31252 -1
23292 1
-208 1
-7614 -1
15214 -1
-1052 0
-28281 0
-6102 -1
-13461 0
-27558 1
-28415 0
-211 -1
-14208 1
23092 0
528 -1
31073 -1
24327 -1
-23809 0
8030 -1
14036 1
-12377 -1
2575 1
-21003 -1
2897 1
30695 1
9650 1
14915 -1
-18664 0
-14535 1
31135 1
-26765 -1
29003 -1
22040 0
19501 1
20493 -1
-19748 1
15927 0
-25573 -1
20992 -1
-25148 -1
-19852 1
-5846 -1
-4289 0
-31288 0
-11400 1
-9773 0
-6153 -1
6177 1
-22958 1
3146 0
-2470 -1
3210 1
10355 1
-27118 0
19737 -1
8079 0
-25205 -1
-15608 1
-33452 -1
-28310 -1
-22308 1
-5935 1
-9298 1
28234 -1
-1658 -1
25864 1
19391 -1
17328 1
13074 -1
-7881 0
9418 -1
-20623 -1
-33343 -1
-22039 1
-21513 1
-13463 0
-30122 0
-2701 1
-23726 0
7194 0
-3170 -1
-13505 -1
3187 1
4605 0
-3587 0
-26576 -1
12878 1
-16493 1
30310 1
2282 -1
2941 -1
18299 1
-10684 -1
-30359 -1
-15239 1
-7277 1
-7247 1
-6252 -1
-11157 -1
6387 -1
18766 1
14026 1
-11790 1
10105 -1
4980 -1
6083 0
17074 0
14951 -1
-27714 -1
-14168 0
-22421 1
28662 1
-22929 -1
-8872 -1
24793 0
-10865 1
-17217 -1
-16294 -1
10642 1
-23828 -1
3852 -1
4270 1
-10386 -1
-27118 0
31577 -1
-16965 1
-21785 -1
-20183 1
-19060 -1
-2571 -1
-11583 -1
-30910 -1
-5753 0
-9079 -1
30419 0
933 -1
-30641 1
-31901 -1
-27595 -1
11248 -1
19918 -1
-21063 0
21196 0
-21378 1
18233 -1
22006 -1
-18557 -1
18697 1
-3565 -1
-9249 1
7824 1
14947 0
-11015 -1
-4308 1
-10445 -1
33383 1
32408 1
6357 -1
23928 1
-11888 0
27028 1
-4877 0
-4810 -1
8565 -1
4553 0
21058 -1
-19682 -1
20186 1
-15432 1
23396 1
24612 1
15489 -1
-15256 1
29038 -1
23857 -1
-22407 -1
33251 1
-61 1
-1142 -1
30821 -1
-6498 1
15248 1
16854 1
-28157 -1
-27984 -1
30948 0
24498 1
-18121 -1
