166
387
771
208
652
610
991
210
495
704
882
946
864
933
2
564
395
107
660
288
76
710
767
577
863
656
251
244
938
996
911
327
674
981
335
614
866
470
418
224
578
668
128
447
113
813
799
554
58
541
118
899
948
777
182
382
524
236
780
703
442
654
83
139
840
631
648
663
463
979
142
120
578
397
304
93
620
324
950
693
881
512
774
527
432
614
199
610
623
461
298
99
365
631
76
560
527
351
170
148
96
399
111
782
658
437
643
118
883
381
582
941
735
902
686
151
79
337
247
342
448
412
858
666
202
133
997
906
826
543
118
32
691
894
204
771
925
224
975
183
539
965
262
777
76
872
138
89
344
827
771
733
101
166
116
600
355
503
827
422
663
315
939
666
219
434
972
618
955
55
958
214
712
638
107
871
267
559
665
700
609
118
689
525
531
285
69
232
197
158
388
224
921
144
211
736
493
10
974
609
110
662
444
447
448
854
715
224
155
761
319
451
638
408
219
305
82
390
738
16
59
871
179
337
28
25
897
457
468
96
552
829
829
85
383
688
277
554
547
436
715
290
191
148
62
274
653
166
498
432
742
183
384
456
41
910
296
655
667
710
509
755
289
637
378
947
894
120
413
982
746
989
808
331
793
614
941
678
466
987
582
604
936
804
80
848
704
816
738
575
877
866
673
597
129
312
875
379
981
843
642
414
917
48
287
811
502
175
68
556
56
843
362
734
804
717
407
740
337
218
996
982
628
880
219
549
767
61
704
459
856
575
938
153
882
372
81
897
531
380
986
745
917
401
508
277
596
350
629
752
43
154
232
268
149
830
191
371
715
361
39
816
698
386
482
372
482
227
118
86
915
975
321
332
177
157
624
989
884
87
510
263
244
559
862
603
60
915
253
389
440
526
711
783
723
302
950
451
748
972
583
712
912
427
503
809
694
817
915
961
931
264
433
695
317
439
199
631
976
458
433
950
691
609
100
546
158
983
717
348
136
976
732
115
5
693
769
187
444
27
672
465
570
58
322
380
338
35
690
225
687
771
583
858
353
457
990
663
151
439
697
168
198
507
770
906
791
744
151
478
736
833
47
758
829
148
619
699
760
837
347
386
249
63
531
280
69
304
73
490
151
144
739
240
767
656
267
50
640
721
799
202
964
940
196
795
73
872
546
576
376
782
657
729
457
562
721
930
570
338
128
560
650
158
561
643
491
95
859
620
486
42
648
333
692
945
879
4
653
56
565
385
613
323
344
338
271
140
19
401
322
720
935
368
367
357
218
267
127
319
769
358
183
514
265
861
564
310
416
700
616
34
301
613
601
152
821
618
806
380
836
191
523
831
281
382
722
380
417
549
846
34
759
699
763
484
172
262
271
25
568
686
148
893
307
792
531
447
825
673
116
448
200
73
214
924
84
283
482
462
586
176
604
552
762
359
115
624
491
709
397
955
788
520
892
107
217
770
547
667
787
949
111
471
157
436
233
641
819
338
244
896
838
289
609
894
567
977
301
770
836
232
798
414
71
167
890
607
346
473
212
325
256
717
705
670
400
645
865
725
770
144
245
207
404
804
525
146
657
382
942
945
997
688
383
371
333
0
513
808
283
901
636
863
648
672
488
921
757
2
700
786
542
185
916
502
547
6
795
649
736
389
957
44
230
571
3
343
563
253
133
555
607
477
13
392
989
347
411
614
473
351
255
987
940
94
504
172
890
660
461
541
925
349
206
73
680
3
847
896
328
646
867
865
206
184
477
4
462
714
356
414
976
274
793
550
175
370
104
949
618
526
49
446
758
568
956
113
915
433
330
746
903
316
712
612
349
608
660
25
730
310
904
333
951
470
220
962
686
424
600
274
637
209
830
763
955
640
466
702
345
580
461
615
886
421
65
183
545
647
932
458
620
26
183
116
266
364
535
313
688
832
790
843
804
185
180
987
945
128
532
655
877
455
739
97
9
506
846
649
104
784
444
299
273
199
180
218
717
884
301
814
896
607
613
626
409
769
421
516
968
690
318
622
32
440
433
689
922
590
518
207
252
642
222
208
648
276
773
389
951
850
577
15
541
522
910
685
874
950
532
9
296
977
113
529
466
28
118
67
688
152
440
21
83
217
750
993
695
390
812
32
980
487
864
886
539
22
731
572
914
368
575
874
513
498
674
271
941
677
674
658
977
981
455
957
229
925
968
95
934
527
736
586
957
750
551
486
625
379
665
64
262
688
866
813
685
386
411
938
292
593
399
97
610
508
710
180
725
632
509
508
212
138
599
123
406
108
583
609
251
801
798
983
629
48
901
174
851
274
224
459
627
687
753
827
931
748
513
934
932
987
163
390
384
987
482
484
776
177
885
786
112
455
63
86
38
760
728
639
116
541
587
383
908
251
75
590
508
311
871
829
742
25
66
856
354
609
602
180
428
645
759
939
815
309
839
957
74
161
716
549
304
839
921
569
162
493
198
907
866
650
618
851
158
612
229
394
118
93
826
899
107
683
484
906
380
156
210
614
805
385
659
802
569
719
745
39
407
839
335
759
975
36
821
964
909
656
936
208
57
751
78
111
976
166
559
303
711
198
667
828
72
689
102
760
289
273
775
268
912
740
955
674
936
785
367
489
304
768
51
367
249
540
77
874
340
576
268
21
501
274
511
911
566
739
740
480
199
981
894
685
399
500
663
331
198
240
186
182
770
725
18
533
843
36
659
947
750
966
958
392
670
939
827
956
842
768
271
336
542
48
436
734
688
832
56
119
746
944
430
556
262
590
921
275
797
822
893
664
673
865
463
227
665
232
656
548
56
898
506
806
590
346
783
388
990
898
924
783
939
474
389
625
502
295
466
312
692
43
914
190
759
316
442
39
528
34
127
764
650
857
642
912
979
957
614
599
881
736
425
938
452
590
343
881
725
862
188
394
603
74
365
531
244
79
844
682
197
538
297
691
716
416
805
543
128
983
724
397
779
31
308
32
920
776
531
45
881
908
620
778
200
22
588
283
988
351
906
454
42
644
232
865
820
474
565
261
947
135
140
77
618
640
350
379
968
378
357
580
32
253
609
722
979
360
538
450
825
305
811
320
346
198
95
373
42
730
829
96
743
578
980
690
651
287
179
882
709
988
450
83
312
21
340
518
878
426
863
648
477
415
499
628
70
93
616
271
804
91
265
395
297
532
319
884
947
884
3
378
521
730
813
99
271
325
500
687
793
711
488
80
591
802
169
993
419
525
72
943
77
957
861
205
920
756
575
155
675
492
286
585
293
412
932
573
43
650
361
878
384
474
133
394
205
661
492
314
720
994
699
673
710
774
933
798
227
477
828
553
951
505
844
630
109
694
987
424
143
981
559
6
631
818
175
601
84
549
362
0
756
463
72
980
562
773
815
521
287
813
424
69
20
135
429
482
769
42
442
697
767
603
219
600
3
9
533
74
261
464
994
497
261
954
652
464
686
376
346
87
590
793
350
56
217
623
772
551
480
325
545
199
907
544
416
288
203
302
680
468
864
495
965
401
59
913
403
267
201
743
807
935
630
534
48
303
70
915
473
16
283
191
88
67
260
274
886
126
280
346
817
39
157
868
797
482
573
924
137
548
134
464
138
529
317
385
293
942
78
626
430
817
632
437
544
142
305
690
248
562
173
509
794
689
503
842
191
243
450
32
319
84
956
711
830
181
767
77
485
684
563
602
740
864
977
425
229
873
303
392
59
410
273
30
860
74
602
620
55
221
497
637
600
985
243
335
18
980
705
190
124
848
854
935
146
721
287
556
583
576
104
535
636
170
937
391
604
666
13
87
622
283
852
23
58
786
479
865
692
365
997
300
260
927
35
793
171
658
210
203
946
351
663
597
436
430
695
755
646
972
782
14
920
804
839
450
418
56
881
486
206
706
375
272
894
322
563
313
377
964
951
764
183
38
120
411
226
599
740
919
113
805
269
9
468
386
531
545
708
902
14
206
60
814
496
412
698
789
397
612
587
806
554
964
775
983
359
408
491
852
518
291
27
953
328
118
245
328
152
612
370
298
527
16
126
62
509
470
644
865
967
121
192
855
668
610
544
295
852
980
577
2
982
539
693
441
285
745
949
270
879
21
582
324
764
839
333
493
104
79
464
484
582
23
597
323
774
382
625
501
756
406
993
748
498
759
969
989
415
927
67
63
874
734
268
710
497
690
497
798
7
531
345
68
260
722
697
680
648
804
822
513
916
259
141
397
566
205
403
385
89
519
520
701
32
295
508
941
411
632
574
353
289
394
402
242
305
887
803
209
122
676
971
713
288
661
199
137
670
922
86
484
774
899
871
947
6
736
92
106
543
527
458
993
882
933
6
349
483
272
841
153
220
62
372
471
501
323
997
945
410
266
119
739
457
883
352
810
388
178
944
689
944
472
276
448
663
187
163
405
631
982
242
440
76
910
829
850
793
974
664
482
867
604
268
443
311
829
89
436
613
160
932
200
828
916
126
924
827
101
888
962
481
432
689
116
612
414
40
741
27
791
941
13
435
352
114
754
123
400
525
7
609
266
959
504
769
630
439
558
381
649
106
704
168
630
557
196
829
350
514
423
21
429
907
769
591
808
423
155
675
330
151
505
815
769
183
288
486
306
932
399
261
72
770
62
866
451
0
912
633
228
751
215
672
534
581
565
726
819
64
315
945
316
869
332
813
703
20
377
732
756
153
779
478
7
823
999
388
434
260
397
979
683
619
639
426
904
257
734
524
939
688
305
450
173
311
432
779
667
321
750
814
753
517
53
638
160
304
58
984
562
209
317
939
545
761
999
420
331
867
598
724
61
658
20
332
68
168
151
680
385
726
162
779
28
873
222
507
913
283
321
916
574
193
688
671
125
50
790
349
92
561
736
316
748
89
198
536
335
884
764
170
195
136
217
788
385
540
736
101
691
179
428
144
956
621
784
82
439
681
640
840
643
856
84
266
840
295
367
59
878
663
680
553
669
564
723
878
814
426
301
345
451
431
374
497
133
813
216
167
265
381
346
703
918
877
274
187
585
240
479
82
723
260
510
262
959
609
81
294
256
61
675
222
979
912
479
243
178
549
238
551
875
805
718
400
921
910
239
7
971
151
731
751
522
487
229
16
53
804
19
760
51
848
175
97
627
551
541
696
319
632
503
720
959
426
268
981
190
736
389
559
624
622
785
400
369
223
601
197
336
776
214
49
531
960
760
649
675
21
611
180
340
336
547
402
145
868
221
564
114
948
785
74
214
525
500
878
479
878
994
609
219
50
929
35
286
502
563
897
469
938
887
32
338
866
791
241
349
450
417
539
194
893
436
537
404
531
82
578
328
980
818
565
618
14
689
232
896
219
187
421
120
625
302
638
642
962
565
173
547
95
432
588
779
741
177
638
286
151
250
455
924
857
746
47
674
299
369
438
424
53
288
117
697
303
453
262
953
66
709
189
75
364
492
294
561
752
25
521
805
463
715
477
869
294
381
151
786
531
748
868
375
181
557
346
273
697
254
758
95
817
609
44
295
52
131
808
501
532
743
641
301
613
91
183
311
409
303
322
52
119
788
953
345
305
224
894
941
35
629
162
87
307
556
229
976
875
322
357
9
904
3
316
271
660
110
622
849
171
718
15
694
786
530
648
764
781
389
824
394
51
903
679
200
402
984
432
541
878
731
46
195
584
381
297
176
686
555
728
484
847
491
603
11
800
394
481
105
549
17
93
987
9
326
616
648
513
113
631
313
213
532
545
834
940
510
118
562
6
719
882
371
309
536
343
986
843
400
682
503
425
579
800
281
554
475
712
762
878
630
123
122
406
845
330
803
933
677
351
31
892
574
198
35
37
753
675
738
152
57
367
941
125
152
820
518
704
877
285
329
100
60
747
45
531
294
51
897
249
868
203
26
728
895
587
618
74
502
130
878
993
346
497
872
668
787
479
617
317
645
585
653
10
415
345
590
870
738
46
834
155
317
671
561
432
968
886
221
160
828
811
377
568
411
682
414
551
871
730
549
877
358
343
5
11
638
933
69
588
831
397
860
390
690
169
442
585
298
483
62
731
50
425
691
433
386
690
935
892
728
636
933
768
198
252
570
237
715
604
833
24
179
999
782
402
967
420
419
30
642
669
650
313
70
137
145
32
939
818
628
345
513
420
695
917
631
32
780
745
301
137
12
167
550
184
727
845
476
57
559
462
735
587
202
390
545
861
171
584
285
532
794
122
448
437
391
892
729
986
688
14
643
164
303
688
825
136
944
85
836
35
74
338
83
568
602
483
173
131
214
721
55
858
208
929
964
660
35
464
716
217
887
728
873
620
376
10
809
473
996
168
251
923
81
97
318
450
192
522
30
91
340
479
435
190
301
460
760
1
719
262
881
807
964
234
650
210
796
296
239
584
314
551
159
85
772
833
575
820
442
755
98
97
452
54
673
928
392
168
611
146
798
440
455
659
360
379
833
552
702
236
625
803
94
650
872
461
527
227
59
343
644
892
462
682
338
845
501
721
30
569
556
15
26
82
412
442
468
21
378
424
913
481
837
205
565
283
790
507
380
316
566
907
432
502
196
193
273
120
414
209
117
705
696
846
374
159
939
461
298
88
882
357
817
584
695
121
462
751
660
433
521
708
582
113
598
486
469
820
669
27
474
814
467
801
161
521
405
509
789
438
35
66
308
616
6
61
707
541
144
494
61
723
686
812
650
420
63
813
668
484
129
735
395
177
638
418
658
274
933
724
325
621
131
12
251
167
658
901
356
949
131
574
460
319
477
813
596
464
884
815
772
271
930
744
575
327
503
548
620
575
651
350
663
546
513
292
55
603
879
271
120
35
471
743
594
828
721
202
355
20
915
695
309
195
826
547
664
818
397
429
542
395
907
266
120
81
283
359
169
723
831
397
441
319
905
195
728
538
766
343
155
228
176
833
46
16
932
358
257
494
609
982
289
715
142
772
730
922
167
405
458
719
500
978
549
396
882
856
835
581
101
847
667
591
87
370
134
990
744
247
44
289
640
231
330
83
964
63
923
648
784
690
200
615
390
173
977
56
538
996
533
427
581
394
741
829
837
717
597
487
298
250
636
25
885
698
374
474
568
879
715
604
788
375
484
143
521
218
263
619
998
814
816
127
509
414
526
201
603
674
774
224
856
762
798
975
750
275
125
408
663
317
704
666
439
154
734
889
238
992
52
950
311
28
574
617
525
18
241
854
22
97
385
950
633
828
604
575
817
71
715
333
151
922
31
211
550
624
107
580
579
216
574
842
294
611
671
549
775
596
590
202
49
708
324
488
62
937
743
643
259
709
872
116
883
463
992
291
843
180
976
89
975
107
890
435
469
977
105
980
411
212
911
287
585
202
491
783
902
15
522
734
18
387
313
862
376
881
868
928
330
491
852
97
973
722
542
874
927
969
956
924
620
651
594
697
562
17
985
833
127
63
946
283
955
875
927
458
732
256
407
365
115
830
579
36
253
120
823
300
910
183
553
41
383
663
912
676
992
629
662
665
951
832
751
89
438
659
681
414
744
562
372
531
904
460
745
736
161
994
417
250
806
218
707
758
569
118
780
343
4
977
201
179
829
666
356
721
914
252
590
839
652
317
252
660
593
849
841
925
694
673
762
411
354
873
151
482
329
993
93
971
35
327
122
119
565
587
793
244
245
242
663
407
141
607
420
333
239
898
569
542
174
595
688
941
737
59
101
276
4
374
299
937
633
120
456
946
530
649
77
187
277
592
988
664
755
959
682
462
108
532
785
584
381
529
272
398
930
943
540
194
58
993
87
251
266
43
297
269
7
539
856
652
580
342
708
621
986
387
818
431
86
643
342
29
36
187
217
399
769
537
489
168
612
995
294
351
235
658
932
756
127
414
919
45
195
989
314
381
285
79
996
825
144
63
180
252
362
562
418
502
914
187
403
875
120
545
33
513
691
287
935
775
481
70
342
443
704
126
821
52
482
251
966
292
82
794
143
311
785
372
595
750
597
449
384
77
606
728
385
262
54
56
971
872
571
798
640
284
294
136
850
203
223
360
971
177
538
208
112
312
694
266
5
77
806
406
240
47
686
914
100
982
925
235
374
837
915
660
894
703
265
399
606
185
776
658
57
319
624
231
888
169
142
374
14
57
744
514
50
311
295
884
438
663
486
909
709
400
97
107
652
387
467
734
301
570
433
680
808
135
929
881
131
846
923
896
864
248
944
72
974
69
572
271
710
546
991
389
127
520
937
143
296
332
460
672
335
806
471
75
798
4
910
601
42
672
316
945
650
281
753
517
47
11
755
241
410
793
997
479
347
714
354
561
116
99
677
832
498
748
858
590
857
209
317
587
514
908
35
354
337
319
245
716
345
265
358
346
204
38
483
480
833
322
938
866
107
559
997
632
767
755
639
173
328
885
143
333
462
54
335
930
972
603
383
298
780
438
361
463
877
773
453
956
937
266
928
558
996
65
317
513
340
131
313
848
175
167
431
405
118
324
159
143
921
187
24
261
443
614
515
291
691
344
444
792
869
612
292
679
704
545
103
5
289
737
483
162
864
745
535
446
14
278
365
662
66
101
559
974
827
940
592
888
600
803
428
753
611
890
98
434
982
252
251
514
363
33
633
896
828
942
818
821
870
580
98
889
263
783
100
262
576
484
968
476
330
290
811
892
484
578
497
981
22
74
131
103
172
237
0
349
330
270
495
955
737
881
49
520
860
186
424
476
303
219
643
316
234
533
271
517
885
919
263
360
588
616
637
295
871
514
856
595
142
50
364
756
998
71
327
951
900
418
782
272
216
29
195
262
566
653
630
408
635
612
998
168
596
375
950
819
58
205
993
961
858
871
402
151
117
101
416
870
543
310
931
777
894
822
920
623
993
806
962
800
649
105
242
261
180
174
513
549
898
571
440
202
15
587
479
421
346
4
385
1
905
678
514
217
999
632
839
149
321
128
794
469
210
792
742
178
82
117
9
842
538
840
236
915
771
701
428
607
570
56
873
750
947
812
732
553
359
183
208
620
472
822
891
162
185
573
485
348
589
782
208
739
461
811
511
523
621
687
554
999
29
572
976
960
42
599
481
986
279
540
916
61
386
320
61
117
104
187
771
117
411
644
599
459
762
535
808
522
162
233
351
487
705
134
376
648
623
441
554
506
576
598
788
303
549
619
747
441
70
549
709
55
807
943
37
849
905
23
131
249
244
458
465
820
168
900
550
8
194
965
701
821
200
146
546
721
854
997
44
298
241
891
639
706
162
527
731
87
648
820
741
197
218
396
655
442
45
594
89
948
651
554
326
210
909
951
709
802
964
503
505
968
127
445
273
296
3
228
816
249
660
346
764
987
504
189
133
345
595
984
913
491
119
74
504
606
83
971
643
345
701
241
66
449
512
260
987
805
584
257
144
785
678
266
319
789
502
511
662
31
114
873
233
314
941
919
693
332
864
941
554
799
307
143
380
42
258
968
737
76
385
200
183
590
60
712
209
307
268
334
131
664
437
850
224
503
642
952
295
126
572
773
706
473
745
674
966
686
27
134
774
672
327
389
417
758
803
669
152
375
651
922
251
461
903
880
330
616
323
645
5
343
182
977
968
42
760
328
649
463
136
437
614
402
643
130
649
700
306
106
909
245
31
526
145
629
974
127
716
403
620
40
295
160
399
598
127
974
873
505
751
664
894
338
838
901
805
409
907
168
651
576
478
963
246
243
858
228
163
312
493
308
603
691
769
852
565
836
29
828
319
315
697
430
387
814
60
540
816
178
773
738
907
787
31
555
430
839
383
532
702
19
648
845
569
556
229
405
551
287
264
602
135
947
717
583
896
597
888
358
947
40
616
941
217
831
132
488
666
874
995
5
456
278
714
363
378
580
666
620
423
607
858
530
569
760
768
361
520
702
546
493
435
365
288
616
388
210
505
828
446
134
317
706
375
632
856
157
134
462
317
649
550
163
117
384
489
585
760
83
649
580
153
839
996
757
784
764
653
330
790
416
577
756
5
117
283
505
209
201
941
296
369
314
833
729
464
898
764
515
472
552
931
504
115
620
280
113
347
465
915
104
344
847
609
75
605
852
394
484
665
182
677
974
787
161
960
793
186
774
220
897
56
378
481
648
929
663
360
351
776
96
75
768
495
968
860
247
415
657
126
722
166
359
502
115
942
494
350
514
843
641
801
964
176
383
160
696
395
518
421
534
410
430
789
921
95
40
923
933
665
645
789
374
410
682
781
887
90
583
269
986
292
426
432
475
674
748
687
52
843
27
657
533
990
6
762
752
578
560
70
620
381
806
496
4
873
966
416
528
303
44
772
409
657
277
701
296
877
104
560
513
954
294
160
287
958
833
212
84
285
831
489
520
257
351
816
714
577
354
129
154
864
498
973
699
317
298
171
643
68
423
106
833
772
84
38
680
979
650
95
547
669
314
408
303
822
584
139
459
565
67
930
442
471
584
430
366
310
379
505
330
173
98
529
902
104
267
195
186
385
287
62
74
797
626
557
148
212
721
876
202
800
423
474
553
321
17
971
247
482
779
936
984
81
616
910
924
920
878
162
455
122
813
324
627
949
860
609
320
378
364
360
18
585
242
295
327
8
496
977
372
4
991
348
828
513
558
672
742
98
275
511
398
768
195
624
967
737
545
426
250
675
466
771
455
513
491
319
250
147
790
264
603
980
120
107
112
841
224
820
32
44
18
989
523
216
644
844
718
723
232
751
956
692
54
247
970
193
391
938
433
734
380
251
775
226
210
94
200
725
257
566
674
974
770
914
947
27
530
818
668
166
924
803
174
646
948
77
333
670
216
360
152
274
153
45
186
539
504
811
627
174
535
120
995
897
753
319
620
281
25
272
300
876
113
609
780
206
968
782
481
716
520
668
697
128
570
119
204
376
560
873
362
112
885
717
514
387
108
402
267
897
952
330
64
362
609
82
487
980
562
410
130
787
283
145
271
514
3
514
663
585
803
793
881
766
495
970
152
13
950
964
960
155
931
82
609
705
405
773
245
662
114
20
654
471
17
351
202
412
800
393
322
995
13
809
392
606
843
463
990
116
692
566
942
576
906
938
127
636
277
717
846
84
287
670
550
37
681
989
649
191
6
330
124
158
172
885
679
897
16
441
0
535
213
621
984
346
645
761
465
905
457
938
749
580
942
639
613
54
382
497
389
713
968
907
861
364
904
430
800
375
253
62
294
331
645
902
935
275
304
722
64
980
876
450
455
457
922
609
794
741
900
182
98
885
476
142
925
289
583
58
705
77
837
335
889
956
700
389
378
530
165
567
227
274
311
67
357
474
747
445
15
779
748
705
771
44
675
254
374
394
931
4
102
553
527
137
742
431
330
705
715
268
398
140
702
795
592
144
38
865
234
452
946
804
29
385
323
802
539
964
391
984
932
813
921
876
312
431
945
653
109
7
325
814
599
726
465
258
5
433
313
71
953
309
378
224
40
632
464
280
144
237
566
803
924
980
259
442
929
680
207
675
248
860
620
736
687
839
581
575
425
546
959
830
786
559
843
796
329
238
318
741
450
759
295
151
607
55
147
103
806
880
755
53
208
10
269
854
63
988
224
621
812
408
884
226
957
734
854
632
168
620
965
584
183
565
322
623
504
440
314
493
313
860
592
186
717
323
454
484
364
643
98
719
838
464
613
225
751
771
462
438
311
267
484
653
389
409
486
909
932
323
192
841
820
537
996
676
877
184
859
826
571
833
222
907
177
420
316
600
252
293
346
475
36
269
206
957
835
737
86
117
568
701
577
321
326
949
813
667
871
279
290
484
521
857
317
494
476
631
907
793
131
395
924
539
745
641
94
141
569
864
552
171
470
127
93
440
534
328
645
63
340
438
986
906
209
164
341
820
701
466
365
798
858
681
166
409
910
821
129
307
239
921
440
540
239
257
706
799
855
193
402
303
104
458
333
510
7
855
459
461
667
159
75
663
263
65
708
916
914
452
530
58
344
322
364
63
994
983
335
263
278
258
472
325
882
149
394
357
620
215
126
746
265
328
381
982
561
743
303
415
177
759
931
951
8
297
324
920
688
733
786
572
559
514
16
178
973
158
881
765
365
369
859
970
374
728
692
221
717
142
315
214
862
213
414
319
182
739
290
963
2
441
361
687
928
3
390
403
554
491
408
312
364
951
309
478
128
624
136
918
703
279
399
799
331
365
298
704
783
675
727
350
490
130
251
871
570
674
897
939
128
550
636
387
301
753
114
620
990
617
311
461
459
41
973
383
250
71
22
240
892
558
194
813
439
924
163
602
545
469
440
779
455
414
915
912
411
37
547
251
459
323
949
403
748
934
335
705
61
962
172
308
832
148
864
512
440
492
445
492
741
827
301
183
568
603
331
210
483
869
431
264
137
92
102
334
458
51
203
219
429
552
772
656
274
145
314
675
168
679
143
5
448
547
810
651
975
951
754
370
295
216
474
58
892
181
612
933
952
260
606
438
477
631
546
82
122
765
128
942
190
51
787
311
78
794
399
227
754
14
856
244
525
734
485
156
455
386
599
241
908
381
753
329
421
689
691
658
77
304
946
673
886
635
254
792
512
794
226
833
743
58
36
61
860
704
861
214
535
637
147
456
997
716
689
760
16
668
369
261
415
750
75
0
167
537
754
709
143
811
295
902
581
542
277
779
877
561
715
116
982
827
701
285
183
252
954
204
192
932
450
463
38
454
172
104
471
585
434
506
894
771
886
149
947
596
390
785
377
953
863
398
965
729
4
711
305
63
639
160
892
54
788
483
481
19
11
710
480
459
295
586
437
57
9
667
267
413
667
479
954
885
276
386
930
20
701
723
949
72
243
268
492
838
489
953
277
875
42
824
584
45
295
978
473
849
936
536
38
22
586
822
708
988
758
772
526
527
105
697
613
422
348
50
173
822
22
90
65
712
977
100
970
368
589
420
958
317
457
468
274
642
846
897
716
229
54
793
714
41
118
522
968
256
293
44
594
741
322
483
537
461
5
888
974
737
981
526
157
440
566
641
267
527
702
78
736
829
666
430
286
565
666
623
211
196
415
36
886
33
189
923
100
305
84
238
912
755
566
194
58
421
642
859
119
709
197
769
324
473
293
694
662
30
861
703
969
792
400
975
414
957
372
712
20
413
558
292
52
785
846
43
168
332
859
34
104
705
928
863
774
872
37
409
188
957
29
581
979
628
6
557
822
370
720
889
865
695
460
6
936
345
704
607
804
692
316
822
674
399
949
807
803
727
224
99
196
823
275
789
877
983
473
177
637
798
531
779
455
950
125
368
488
344
971
93
629
606
95
662
878
654
901
299
481
245
219
308
440
582
385
901
856
713
962
997
286
652
866
728
818
477
606
738
613
82
345
944
696
216
740
59
584
447
759
457
4
651
857
9
925
488
832
1
317
837
816
837
438
46
619
607
385
550
519
985
852
639
442
272
888
557
639
795
815
93
985
659
241
376
723
829
892
572
487
43
111
611
58
673
995
717
79
132
760
405
220
621
519
971
410
38
283
760
638
194
487
620
22
205
219
633
627
642
306
61
63
785
650
562
879
776
350
278
941
476
851
291
347
726
338
73
915
489
87
222
343
291
97
18
920
737
657
84
557
120
941
815
16
706
340
0
156
92
911
314
710
941
322
991
54
544
656
645
926
964
118
448
642
468
309
613
923
647
339
80
247
905
419
61
824
729
32
589
976
108
786
94
625
951
328
669
112
984
539
80
123
462
576
841
707
873
361
610
898
903
531
685
902
128
395
598
542
434
498
823
775
565
118
104
215
629
817
66
122
501
206
245
135
459
213
430
152
463
766
898
522
151
922
598
281
386
432
851
283
109
463
704
176
368
115
502
622
96
692
653
493
281
417
298
219
915
531
483
657
249
938
953
194
882
283
375
711
70
463
403
513
98
433
618
462
838
562
66
508
133
309
516
815
87
866
95
220
724
498
470
582
878
462
256
418
164
952
890
344
263
102
264
907
326
930
247
741
23
28
811
257
971
859
497
204
631
887
266
478
512
859
292
200
61
597
270
738
473
696
328
633
436
630
375
925
579
532
239
646
403
861
429
14
511
419
923
768
312
885
868
79
238
102
500
630
831
983
221
68
670
434
113
853
66
874
462
2
564
583
652
860
853
573
125
738
556
471
297
673
718
341
274
725
73
51
403
572
492
495
387
701
836
247
545
706
683
388
554
874
899
840
962
194
53
266
512
481
336
172
439
144
914
706
927
165
35
638
96
225
365
179
671
692
300
241
49
667
645
616
290
202
686
83
930
213
419
751
549
976
277
658
818
771
969
867
199
125
141
429
909
381
353
308
195
906
864
528
76
375
792
741
243
704
952
338
604
389
265
910
145
349
430
375
198
113
271
506
686
819
302
800
795
25
312
437
82
279
633
11
722
768
112
47
808
205
430
840
3
669
494
92
573
193
855
493
302
603
237
10
371
166
790
128
318
559
245
212
426
160
431
861
236
835
706
953
259
304
220
577
174
598
488
29
632
328
251
444
827
979
766
151
131
746
550
194
397
756
359
610
77
996
341
756
340
209
44
815
920
32
364
624
878
540
486
89
12
19
493
303
589
149
377
340
171
472
637
690
881
711
542
892
987
638
82
121
403
594
816
983
349
922
606
742
738
158
588
536
144
896
475
571
89
128
877
492
860
538
268
7
676
535
375
61
600
717
912
766
771
474
569
795
77
400
774
215
665
917
38
614
629
582
949
65
972
997
375
744
532
500
549
834
366
231
898
722
2
37
594
870
53
910
403
831
648
599
746
408
18
171
201
863
991
815
306
759
897
134
866
245
874
921
364
365
524
110
482
527
998
276
486
284
831
558
127
467
235
769
552
883
265
613
1
319
967
374
167
169
932
144
740
755
61
383
789
472
583
489
571
622
123
605
265
288
322
817
147
298
252
329
138
741
289
518
578
802
386
664
296
668
133
21
301
229
121
75
210
957
136
276
512
524
976
440
232
326
138
359
911
365
32
132
359
144
184
771
776
859
723
938
971
804
727
621
702
32
980
782
344
674
349
757
929
462
431
934
280
292
229
641
912
133
126
280
307
842
182
356
472
622
927
265
413
546
892
672
290
344
672
907
526
5
108
364
415
382
438
303
288
448
82
727
725
779
320
996
220
717
343
21
878
17
156
342
258
299
242
25
786
295
940
660
82
91
888
933
814
976
358
490
511
473
229
394
923
385
849
602
806
851
187
134
484
63
281
337
398
555
101
930
921
720
48
458
433
270
634
356
135
716
651
898
906
591
148
329
376
681
540
13
875
122
785
3
554
674
469
416
574
27
803
944
143
947
447
399
966
587
21
87
177
962
755
667
663
499
613
251
61
929
462
246
531
168
286
526
368
758
443
532
842
965
269
122
322
603
744
986
643
706
838
841
874
646
424
852
458
794
410
947
6
886
363
309
961
211
175
503
642
189
176
897
784
493
57
933
976
544
862
322
433
493
968
494
215
873
543
607
398
428
374
675
42
734
222
949
559
313
701
54
660
950
47
385
362
752
635
385
648
135
56
375
941
978
831
88
121
398
721
206
324
875
407
133
532
423
745
640
918
981
322
914
124
35
822
89
437
917
133
577
101
943
452
346
496
186
3
276
296
814
918
979
697
542
10
873
9
561
558
485
258
556
340
182
86
466
324
656
228
180
181
850
138
975
571
134
804
741
894
550
923
367
635
205
616
263
368
279
536
379
954
687
621
656
43
631
901
570
500
47
128
395
713
41
585
771
480
741
43
409
38
335
179
265
676
650
613
473
842
474
840
319
326
867
407
203
186
852
295
324
159
100
49
635
281
255
726
845
279
345
722
912
391
727
824
112
652
811
415
945
422
950
748
789
11
591
564
764
903
426
887
313
532
300
418
481
797
601
44
556
390
461
916
394
879
709
83
945
53
303
848
239
420
917
4
268
634
342
495
995
167
424
270
273
273
845
827
392
646
650
848
314
247
576
247
385
707
99
554
878
79
13
811
545
738
788
358
690
203
170
404
839
852
711
775
351
770
554
897
195
364
832
605
711
866
60
464
413
52
555
244
121
18
323
455
400
152
280
25
602
892
396
535
298
613
832
984
554
27
78
578
248
734
243
0
574
630
234
94
825
271
277
41
22
185
716
419
370
415
263
95
198
169
766
849
815
615
637
24
788
954
158
846
18
950
978
509
824
341
804
301
867
462
274
950
959
522
441
774
276
912
237
551
654
143
811
576
408
851
663
575
817
152
454
24
313
118
723
932
927
483
268
175
257
393
323
642
172
955
984
682
334
244
35
510
442
692
946
748
485
81
772
977
760
841
833
151
999
896
135
901
844
897
748
340
260
969
123
401
810
36
762
180
243
416
653
679
628
352
71
366
169
183
672
874
978
980
91
613
247
951
120
59
50
817
796
652
746
795
613
869
444
97
379
164
122
733
945
677
32
421
90
609
2
138
413
9
210
802
882
775
822
486
429
576
520
874
112
123
535
835
625
169
464
341
926
642
103
508
100
926
55
91
771
917
879
522
501
409
362
281
344
402
869
99
387
378
722
912
451
264
675
642
185
567
146
756
234
462
224
947
63
187
978
340
361
91
621
554
24
390
374
849
731
700
511
977
535
421
946
511
364
466
372
623
157
317
902
899
884
510
329
971
364
923
692
180
405
320
824
616
674
427
87
136
874
428
889
937
143
595
872
608
14
462
47
358
162
891
98
54
751
160
257
874
666
231
814
137
904
139
820
558
995
997
872
650
351
410
451
81
200
559
946
131
234
46
70
696
935
413
103
445
966
488
507
611
227
157
772
798
907
377
260
366
62
728
28
324
885
714
235
370
719
563
548
275
937
954
230
341
837
924
205
949
220
487
884
232
103
917
594
687
218
770
831
793
674
782
667
744
681
98
148
166
818
399
342
560
565
568
159
472
644
185
690
312
683
828
977
38
266
745
688
55
927
782
471
852
759
385
715
452
411
665
577
687
761
605
715
238
338
559
896
614
402
539
603
379
40
139
268
250
943
87
597
0
145
869
913
591
933
932
523
510
405
268
419
915
513
215
446
41
963
23
741
218
463
440
618
480
317
288
657
382
81
306
707
441
442
5
397
994
459
756
293
454
134
727
811
850
538
514
507
530
10
573
903
168
601
287
712
470
525
541
482
122
693
726
550
289
250
968
333
341
90
519
401
251
410
981
352
414
782
112
352
441
374
211
215
344
83
986
612
362
333
488
317
631
285
774
525
677
151
94
976
941
553
522
526
341
856
506
356
469
227
716
101
172
525
733
360
94
234
460
862
822
583
413
240
828
863
715
287
814
75
126
756
830
261
298
893
749
701
755
663
19
671
999
929
420
672
978
761
395
164
950
523
603
396
952
487
686
998
848
94
208
204
490
319
975
926
171
993
956
357
8
736
616
485
882
400
175
578
533
876
873
428
526
471
787
816
983
911
534
500
370
727
582
43
383
898
325
557
460
853
341
170
549
584
860
340
366
559
165
256
116
687
766
336
215
404
242
297
656
753
89
611
230
424
620
462
168
689
261
891
543
170
527
754
248
66
327
31
242
929
181
182
408
286
29
92
235
476
292
455
276
837
938
302
904
265
268
441
631
526
106
587
350
508
35
23
572
362
600
25
745
334
266
946
935
693
968
448
783
915
950
562
674
237
898
507
665
829
233
875
361
988
221
697
369
546
348
178
660
268
52
438
985
542
697
810
394
330
888
226
777
684
61
143
976
499
689
473
446
432
30
92
179
404
680
732
440
512
259
349
951
48
554
841
39
543
241
664
930
377
878
822
685
819
344
226
701
884
575
372
41
491
718
478
388
342
788
164
635
468
148
171
955
528
963
562
642
500
555
910
976
669
785
823
325
981
743
696
811
859
946
12
560
89
116
644
74
228
663
82
652
417
17
111
830
333
173
641
424
760
873
121
571
136
331
171
430
888
25
949
439
458
375
49
894
589
446
411
85
134
793
199
863
856
880
74
129
901
724
614
778
968
674
673
345
723
87
604
854
854
538
432
684
113
784
563
433
544
926
243
329
48
156
591
603
952
151
698
118
626
508
238
503
734
407
715
374
77
409
941
258
187
301
330
389
781
822
375
860
943
496
944
259
329
748
683
659
25
376
160
91
299
410
732
925
876
351
562
82
297
158
396
880
338
735
929
346
635
583
57
809
157
400
171
744
594
555
396
481
275
66
758
774
114
821
702
549
951
17
44
132
188
637
798
948
225
354
442
756
426
862
945
855
730
717
112
191
52
981
313
719
951
798
429
698
258
975
189
694
243
691
385
481
705
251
102
837
769
587
349
572
50
9
125
267
701
501
260
224
77
626
469
672
497
326
344
640
771
467
552
564
375
135
736
986
180
744
625
549
641
266
357
829
621
127
15
852
32
453
145
93
367
274
953
638
727
877
112
249
147
0
827
854
926
969
400
417
773
433
370
927
373
323
921
787
137
38
257
53
325
776
230
807
232
832
690
402
673
894
607
689
151
430
343
378
371
693
136
305
478
775
185
153
76
561
767
269
705
776
52
399
35
106
704
388
562
864
495
53
297
92
348
963
624
112
768
15
53
910
200
365
417
515
502
224
628
193
437
901
231
122
789
908
442
498
347
305
430
281
16
493
495
390
626
41
92
930
829
501
8
622
642
654
246
313
419
523
958
357
533
858
27
883
674
163
484
933
138
163
272
387
546
554
392
525
642
507
708
4
338
55
897
856
103
952
212
109
117
397
885
334
557
401
618
753
923
683
704
312
45
161
696
260
780
412
558
30
435
906
564
722
385
148
882
358
194
81
45
534
2
478
33
444
804
172
34
212
93
58
83
822
31
142
143
877
825
305
159
390
416
476
956
944
960
205
624
106
414
996
323
48
755
683
218
594
134
38
295
293
808
485
401
793
144
36
348
227
888
514
368
199
309
403
736
917
132
179
686
739
744
748
455
76
569
949
762
246
298
731
897
479
906
301
68
915
800
409
682
355
372
616
187
102
276
251
897
246
279
453
635
90
675
506
594
361
62
856
760
229
568
323
843
512
888
922
167
619
779
476
839
327
131
205
889
919
319
86
452
471
582
988
358
257
588
353
144
556
212
497
550
5
303
645
795
873
755
491
63
421
895
286
270
279
798
420
879
200
766
726
697
462
248
583
815
898
23
669
661
715
143
711
4
801
932
998
602
685
84
15
202
401
200
577
660
973
152
755
959
18
660
917
127
446
693
348
722
680
346
933
539
979
876
709
271
79
51
574
436
869
243
342
266
58
753
676
188
900
859
118
470
500
526
923
599
660
639
331
128
234
141
664
825
414
129
191
130
139
488
216
592
270
63
475
679
230
303
463
538
783
581
280
413
972
820
600
860
356
808
174
616
585
235
305
145
302
1
806
299
857
959
882
589
639
593
271
918
464
665
217
352
36
131
84
752
156
829
366
804
817
946
268
247
292
126
228
421
538
773
370
602
727
429
121
136
641
767
365
681
166
965
183
49
782
376
265
893
29
344
304
492
251
922
8
505
226
171
56
815
932
790
982
505
465
827
589
804
666
546
201
701
75
529
538
486
145
308
168
886
380
431
80
453
491
451
342
930
47
627
202
999
574
422
311
831
565
466
187
873
202
261
540
502
927
79
132
400
384
208
656
261
265
82
828
432
130
848
39
346
374
737
119
18
290
284
57
592
645
940
419
284
328
187
379
148
95
418
812
639
45
61
733
436
699
970
899
938
684
865
30
446
725
687
58
357
728
463
56
830
888
797
39
77
703
92
935
982
905
787
936
900
674
442
374
790
873
921
369
814
746
105
286
136
712
614
771
359
409
11
241
14
231
61
71
139
836
282
995
331
13
795
182
309
672
189
874
103
604
684
297
484
328
975
90
715
704
162
393
348
763
830
138
932
942
297
553
62
780
408
443
575
753
487
657
406
549
581
675
559
718
397
518
13
208
112
61
71
742
47
213
588
764
708
995
223
149
567
203
760
762
557
48
56
0
804
847
793
421
193
664
805
789
464
603
23
868
632
143
289
644
787
514
119
412
552
867
575
568
774
119
431
825
134
72
290
312
915
359
158
418
35
587
980
476
346
548
292
364
802
343
202
649
542
307
368
856
87
340
264
81
990
336
914
775
670
752
56
561
921
399
235
403
280
499
787
361
398
497
95
87
859
840
175
917
946
670
492
531
881
831
897
720
799
197
882
778
798
917
759
286
94
19
595
112
550
130
321
721
965
465
994
333
753
211
466
969
802
143
281
255
764
336
11
414
909
867
17
790
238
859
289
343
214
783
405
735
478
875
490
711
337
746
302
306
872
140
230
474
74
239
748
559
285
418
771
778
943
758
615
52
705
418
671
488
641
325
876
2
374
305
716
42
864
956
349
381
944
134
106
974
544
413
780
380
549
968
512
925
394
306
66
162
423
648
348
656
600
900
416
101
838
634
930
631
301
30
815
856
601
143
751
956
250
72
33
986
841
660
803
817
942
153
401
342
719
166
479
431
400
569
401
777
150
470
960
352
909
827
299
256
569
938
200
759
650
746
315
740
151
859
165
413
925
633
859
73
663
981
188
194
175
210
216
122
820
994
212
563
589
63
28
160
920
595
161
977
969
437
899
508
580
396
42
56
643
170
772
548
939
21
439
944
511
928
447
265
630
196
397
680
442
124
1
585
771
388
303
457
32
218
624
803
891
438
302
616
35
181
472
224
531
843
796
386
554
907
725
966
76
110
703
64
19
447
322
109
893
988
662
286
439
730
79
980
764
993
473
988
261
745
260
373
924
437
508
379
47
910
206
559
805
65
98
241
202
41
397
536
699
140
450
625
489
374
309
977
19
242
783
560
997
554
421
554
746
959
977
679
429
897
533
694
50
783
690
583
490
147
121
572
859
125
708
609
778
191
998
871
313
138
347
668
637
360
755
830
503
698
466
597
584
923
368
663
771
170
704
853
831
251
147
313
21
41
982
440
871
65
842
292
388
562
242
118
20
164
435
565
237
527
195
879
280
774
688
90
847
718
56
365
313
826
950
935
443
239
419
310
672
814
961
295
241
383
950
804
814
86
905
53
89
730
541
92
830
701
232
729
79
604
464
36
641
774
562
273
375
565
805
832
89
403
82
753
62
875
129
961
742
121
478
980
582
835
598
738
676
152
389
572
593
438
719
426
250
208
652
290
396
857
975
933
270
8
645
751
249
846
44
681
41
769
498
121
710
656
883
94
170
943
915
262
412
220
148
652
790
972
339
944
526
809
432
451
71
781
692
695
140
618
112
500
801
964
998
456
944
274
19
487
328
748
388
674
913
940
950
483
460
85
817
718
968
977
695
999
29
493
132
577
922
698
140
459
775
529
934
83
80
961
586
486
394
846
885
257
513
852
997
770
850
968
105
996
934
881
695
50
465
953
591
465
691
474
866
543
673
309
287
957
96
436
896
607
422
727
204
773
213
848
241
337
383
631
926
777
297
241
284
193
515
138
391
702
357
323
28
559
778
751
434
696
343
611
520
756
60
897
807
614
183
210
947
743
701
260
987
313
552
933
256
633
692
409
793
29
430
632
344
473
289
298
267
489
873
639
783
13
507
932
133
159
405
14
823
158
368
324
496
303
337
898
343
234
731
174
96
611
107
137
603
387
264
274
906
167
958
120
739
737
998
412
503
18
338
542
835
633
233
245
378
687
297
488
129
752
157
387
583
505
34
414
605
799
66
856
517
673
977
500
187
493
20
143
890
807
195
647
687
691
267
666
739
549
357
760
35
795
6
585
319
753
144
325
239
715
73
519
425
646
409
630
846
721
468
16
854
507
840
258
907
898
343
989
789
965
609
265
116
831
789
152
499
827
772
293
971
213
138
291
447
375
993
752
262
668
368
361
215
52
301
871
793
944
142
233
349
97
728
923
482
664
794
128
112
418
828
613
351
73
28
160
649
428
247
317
853
200
266
375
346
774
900
272
228
343
422
273
69
273
134
138
426
104
563
550
854
603
327
305
103
854
125
173
94
29
662
28
30
138
484
418
163
92
836
537
423
371
117
655
298
459
935
852
63
182
175
324
806
281
990
742
810
554
166
718
41
209
264
55
134
206
334
225
853
897
1
368
619
950
193
234
288
101
473
494
831
831
164
218
120
422
485
146
756
352
869
610
527
358
200
964
817
562
156
705
644
17
165
377
909
889
46
313
862
643
557
6
203
949
324
675
320
222
680
355
606
78
30
314
215
368
949
353
426
997
915
880
202
365
641
998
984
237
114
993
904
829
484
409
74
522
756
416
85
181
920
404
511
18
792
790
825
901
511
843
504
19
12
248
957
661
989
898
927
500
832
182
833
948
670
532
962
804
924
132
840
552
719
384
206
888
438
991
508
277
372
642
919
332
933
162
248
789
856
549
73
672
737
415
533
740
213
142
404
204
209
734
960
892
725
696
600
339
886
905
117
839
19
630
266
432
22
917
361
649
546
434
547
706
320
253
385
673
341
667
89
891
203
244
860
468
921
417
23
480
265
722
265
930
155
217
785
475
730
609
520
638
654
901
581
22
339
142
241
446
684
153
171
444
975
277
533
928
92
963
147
214
258
769
466
916
332
497
613
905
400
18
489
684
254
201
243
399
452
245
37
828
94
294
986
292
971
664
136
138
851
917
377
291
787
279
883
718
788
718
904
802
984
864
591
61
12
19
63
940
527
711
414
76
686
527
425
494
863
302
31
252
137
637
736
841
742
694
106
468
981
160
696
22
928
166
242
290
229
311
308
728
810
133
105
491
755
901
907
880
960
792
757
472
877
112
187
812
790
247
565
891
225
98
374
211
799
253
903
257
228
550
968
42
293
957
772
896
497
430
549
521
751
330
729
991
295
987
380
688
329
792
151
831
944
934
368
920
51
130
541
35
652
23
644
220
670
237
432
945
92
348
202
121
627
883
10
320
566
50
748
859
751
624
424
330
933
77
958
201
306
508
892
353
577
852
129
993
135
680
857
75
802
931
993
35
14
361
709
225
118
198
382
260
947
409
78
351
160
795
483
462
611
618
897
236
319
835
342
881
58
996
112
958
739
644
348
495
873
497
751
494
921
381
571
917
700
306
638
59
490
595
925
980
336
765
639
947
586
317
494
980
706
989
62
912
875
142
184
966
386
373
538
216
529
49
771
202
629
197
800
66
683
216
604
981
98
739
554
349
254
183
780
161
350
734
220
754
705
27
431
982
694
866
773
120
61
367
487
855
271
273
939
323
675
383
263
542
553
932
871
403
386
324
813
387
910
595
137
73
760
31
146
23
713
251
454
800
811
599
971
27
859
116
395
950
143
868
728
881
187
540
837
362
392
631
660
693
569
563
916
705
46
806
81
628
531
329
64
620
388
400
211
156
425
245
289
706
148
254
64
120
115
173
718
393
613
801
777
121
694
285
384
32
125
159
707
406
676
971
334
793
971
482
167
458
669
682
10
674
430
336
514
932
66
239
931
416
243
131
725
98
527
974
987
558
66
543
951
525
168
267
920
421
437
154
522
737
976
201
589
265
325
687
957
766
560
650
653
262
155
496
795
303
893
659
998
378
310
189
541
567
303
261
133
59
238
717
727
994
834
484
121
668
599
827
757
223
534
95
422
484
793
102
319
713
841
951
147
325
460
865
75
177
421
705
241
573
523
19
14
816
307
354
213
446
409
562
804
716
465
359
285
709
92
815
763
650
606
460
551
680
158
230
754
596
802
282
878
201
967
5
484
517
235
288
808
292
745
650
690
19
371
422
849
507
468
90
62
553
461
141
560
565
282
123
364
987
588
189
163
64
213
464
29
769
99
346
756
876
945
496
489
612
374
780
896
502
47
508
323
561
464
97
572
546
619
396
288
740
316
105
382
415
154
379
220
552
750
237
339
232
804
219
659
506
167
855
30
488
939
724
37
915
558
782
647
123
814
71
493
404
668
682
99
789
704
236
846
481
50
192
560
924
475
964
851
170
228
116
211
552
374
869
288
444
37
97
473
536
783
871
573
937
583
968
732
685
782
989
614
189
872
328
13
752
217
505
59
274
166
681
419
885
575
22
763
469
778
987
468
646
839
534
352
701
459
687
863
882
812
323
388
940
280
810
576
890
752
656
968
294
980
842
537
258
687
745
142
730
313
871
562
72
759
409
925
996
350
461
852
833
236
309
948
595
698
802
873
492
83
835
684
710
110
610
121
551
206
786
784
20
367
721
159
218
31
687
483
215
307
432
730
695
13
648
701
98
623
709
248
803
768
925
472
531
288
408
137
514
375
242
145
711
458
25
483
519
490
542
492
445
836
584
388
993
360
427
165
873
237
505
516
677
799
683
394
387
970
951
629
974
284
403
584
64
11
755
407
15
97
156
374
863
246
104
911
877
305
754
326
598
482
451
85
836
917
909
980
604
745
757
62
826
614
320
932
152
124
806
338
65
310
778
609
645
466
251
744
584
107
978
581
111
714
806
590
99
796
55
822
486
231
571
557
496
390
183
134
232
544
498
301
538
756
391
550
166
294
563
847
954
811
907
378
492
346
763
639
400
202
904
825
852
496
99
641
510
421
774
603
725
357
591
350
113
862
296
806
368
327
623
442
319
488
288
534
865
232
805
135
702
404
491
202
247
451
402
198
106
40
296
424
562
290
984
49
934
272
175
861
500
484
808
399
238
735
101
77
868
431
929
247
917
816
985
554
498
598
482
611
206
544
981
314
794
699
198
71
344
411
604
83
801
61
29
617
996
15
723
353
788
594
869
560
813
122
101
721
301
472
687
495
128
756
961
136
224
532
737
403
947
723
805
378
909
252
704
635
636
875
180
968
229
987
459
38
525
331
402
213
384
994
693
295
256
216
627
277
763
866
874
901
923
848
53
452
624
882
177
435
802
217
925
45
559
577
86
340
675
458
888
186
946
478
614
959
790
811
114
890
309
720
515
498
772
981
595
930
774
778
248
42
381
407
153
588
192
507
457
797
601
623
28
843
910
322
553
980
873
192
605
306
586
135
574
671
138
193
836
964
747
55
237
401
385
359
65
72
890
487
8
54
829
27
9
45
81
161
313
646
631
177
450
473
67
491
168
563
719
563
152
597
148
245
292
301
589
794
766
493
285
741
959
522
505
418
268
24
334
954
76
773
71
199
815
323
624
292
333
925
569
50
34
893
730
540
666
519
353
863
932
472
394
932
225
27
147
672
335
635
172
762
222
410
424
719
805
261
833
680
848
537
881
250
888
831
944
890
673
177
382
301
462
727
282
403
25
466
844
206
674
484
415
170
387
690
431
469
579
350
158
816
120
391
191
809
194
642
704
627
334
580
552
771
762
454
877
98
520
452
709
220
889
940
339
853
536
851
495
654
493
268
930
636
915
599
465
859
173
296
520
185
678
432
955
199
577
837
380
491
511
472
585
672
875
761
323
306
547
630
557
742
970
369
604
44
163
285
739
959
44
664
926
650
312
267
736
84
246
804
175
745
83
760
461
302
465
617
510
122
198
507
423
682
576
236
996
873
560
869
706
897
23
315
883
46
458
119
319
747
10
959
422
172
390
471
880
942
83
468
613
374
616
660
382
630
343
369
285
603
339
518
879
70
563
884
292
949
549
739
697
971
883
78
978
876
806
364
191
715
402
926
475
910
993
107
706
537
590
627
822
9
899
7
747
152
281
372
130
615
400
878
151
856
261
386
880
391
805
434
248
405
989
677
152
311
658
541
589
981
343
333
15
475
634
651
217
228
950
5
137
220
982
567
504
986
842
463
803
668
756
276
788
136
815
235
938
199
584
620
248
928
158
107
50
805
719
364
162
604
609
398
957
695
180
608
318
938
162
342
757
368
578
698
750
501
607
18
196
191
340
821
448
409
116
154
394
344
195
478
876
514
494
873
166
120
340
211
604
134
598
368
68
73
331
981
206
643
563
331
550
116
905
508
370
165
237
928
785
604
598
362
989
112
49
998
364
188
85
652
163
195
284
345
591
784
262
191
188
628
821
268
692
5
459
260
576
621
264
895
809
726
895
520
377
108
870
693
245
782
240
584
266
664
628
774
796
674
945
520
550
782
550
668
672
110
547
886
811
99
178
222
820
915
3
335
516
218
656
879
320
563
478
820
168
897
623
63
235
222
462
586
847
180
342
41
326
501
660
478
113
105
192
216
759
155
839
659
473
97
381
946
672
208
482
306
183
803
897
882
376
565
262
270
302
261
838
225
738
444
424
924
774
397
723
437
593
140
890
461
298
912
296
858
767
666
714
95
305
848
363
1
307
968
877
158
8
971
479
943
312
385
792
382
208
953
115
795
632
804
479
831
912
372
413
730
97
676
426
421
857
587
903
55
364
127
387
732
811
119
440
667
168
758
723
778
525
35
664
357
317
409
629
448
162
395
208
820
448
51
498
585
335
580
777
788
9
252
946
378
138
105
520
262
434
196
625
629
979
913
489
961
5
20
488
716
397
309
644
607
986
470
641
518
166
117
547
782
515
377
533
832
985
177
909
614
281
927
623
842
649
918
218
7
998
353
212
496
170
836
816
743
443
819
715
745
810
70
777
374
501
957
752
719
72
655
711
367
692
98
313
485
970
17
633
975
489
913
821
250
991
92
841
262
468
97
1
284
244
131
897
90
721
633
113
222
473
570
722
493
764
803
598
297
727
802
264
498
193
151
58
7
986
389
832
307
950
974
483
21
432
898
330
68
333
978
265
317
419
461
972
366
777
224
41
218
261
82
643
180
721
133
832
334
12
514
559
726
680
366
151
635
278
773
947
937
403
709
653
938
961
938
302
941
361
690
113
748
351
29
652
392
454
837
461
37
783
600
117
296
287
574
599
748
868
774
553
361
948
924
837
577
9
634
738
851
285
859
230
644
744
359
102
461
313
394
298
385
394
109
966
865
45
937
979
16
782
127
749
374
430
220
258
71
922
860
87
557
449
267
634
176
240
142
857
535
691
933
994
231
978
374
74
456
252
724
794
158
889
723
510
478
687
208
52
218
814
529
949
115
24
599
844
225
745
661
589
999
386
192
309
154
198
35
199
543
509
581
70
30
822
976
498
595
212
761
321
716
377
299
993
112
379
307
111
525
769
996
217
55
112
230
686
75
99
552
244
615
919
735
929
853
237
279
494
814
950
52
152
740
823
649
445
35
157
478
13
659
289
525
643
198
930
763
339
569
177
786
659
241
861
72
504
691
345
823
985
505
946
349
182
833
854
986
147
866
136
244
8
377
785
697
516
894
452
522
708
504
513
494
993
787
996
72
744
792
372
350
320
122
156
698
30
24
32
636
336
707
996
829
21
241
127
948
120
660
846
926
415
987
60
336
675
357
938
73
865
335
788
700
569
709
910
898
713
471
2
195
563
565
756
369
440
502
409
642
872
773
326
366
873
169
570
672
890
203
834
995
161
891
408
414
837
160
922
410
131
132
981
508
525
507
994
916
357
677
988
76
916
261
545
398
82
509
893
540
157
592
239
840
133
368
327
854
644
985
166
727
201
503
247
156
147
465
880
188
966
393
292
565
187
700
679
368
794
418
424
245
441
124
680
588
6
979
83
659
929
104
374
843
884
568
322
248
701
488
344
386
513
756
746
314
82
245
548
951
729
478
400
567
285
971
650
66
924
180
338
127
732
534
662
568
967
147
719
145
653
438
224
989
431
979
884
761
916
980
348
286
969
430
424
460
914
240
677
625
93
360
916
410
515
935
102
191
407
228
431
574
565
732
529
158
873
217
952
303
997
73
405
721
77
79
375
575
456
44
916
59
524
820
307
125
414
776
525
351
15
735
974
635
328
999
109
803
380
166
829
357
78
875
263
222
464
580
308
409
742
969
719
333
85
143
709
987
93
693
395
179
454
549
726
196
195
209
201
299
435
114
529
676
334
888
777
674
297
106
963
645
424
297
861
655
893
972
620
401
155
40
150
288
208
572
520
786
364
335
557
535
55
18
616
659
550
688
924
129
51
332
325
981
239
166
720
121
601
247
862
439
180
173
840
687
946
805
874
207
238
565
252
354
154
60
719
116
404
165
335
188
472
369
67
507
600
452
414
396
4
33
90
446
688
152
204
469
583
265
692
11
358
725
722
256
737
380
984
597
585
240
420
338
337
794
414
199
688
970
342
1
203
170
945
928
244
856
296
963
974
143
585
126
748
507
480
582
908
852
794
855
337
632
300
10
43
451
4
134
755
651
636
452
834
391
414
187
143
581
529
503
494
812
815
735
690
978
251
653
981
416
395
233
878
179
166
990
32
671
568
166
346
417
76
549
175
969
168
722
192
803
606
760
132
175
328
30
834
143
32
292
753
504
385
790
429
853
384
163
86
380
245
766
15
233
19
350
258
762
286
522
663
880
687
939
845
262
490
786
250
720
167
826
582
32
574
566
40
750
147
619
892
164
666
8
120
858
784
225
817
490
794
323
765
317
301
238
648
400
267
977
333
485
232
446
813
400
157
946
5
538
897
949
966
683
412
359
160
152
947
430
77
105
84
856
634
380
348
989
973
779
314
361
295
448
760
957
725
581
822
60
398
500
630
950
126
151
154
436
901
180
661
429
176
849
799
323
354
854
541
520
657
874
625
342
14
952
153
411
104
629
227
127
712
130
954
949
227
725
315
494
244
497
94
688
564
678
760
552
466
555
904
354
122
889
537
48
704
297
386
835
505
923
570
803
771
939
681
330
250
621
188
357
313
250
200
195
969
586
238
704
310
158
198
447
767
310
845
402
753
315
814
141
439
556
36
229
81
562
52
161
590
92
463
28
700
116
989
764
452
654
953
386
873
396
791
981
977
854
472
36
683
574
409
256
202
285
730
430
585
335
728
729
639
864
625
768
84
17
363
638
568
264
180
728
603
364
73
881
637
372
193
107
271
111
545
590
499
501
980
686
646
38
853
34
569
492
721
821
149
703
234
995
833
414
538
923
61
533
9
518
330
159
106
386
799
954
47
313
331
286
189
402
466
668
992
767
356
22
244
152
397
933
240
80
375
14
79
116
712
927
753
278
941
509
422
856
425
48
777
677
941
415
976
548
843
890
319
34
502
687
764
308
970
249
343
482
950
839
52
645
356
554
604
328
343
476
298
848
527
550
803
609
203
910
695
267
398
234
186
89
879
145
9
875
993
692
727
673
932
231
283
158
247
256
101
868
483
910
679
998
418
715
559
837
56
546
138
115
684
344
816
303
559
979
951
635
848
209
896
207
526
427
484
854
734
580
151
660
777
690
70
788
443
644
726
651
193
505
463
429
616
894
359
611
511
466
623
819
435
940
988
711
39
790
72
641
998
469
124
843
265
312
499
639
541
654
440
869
569
156
579
156
126
200
433
721
451
228
888
770
559
854
736
202
913
634
898
612
151
272
489
896
645
297
248
298
663
672
697
131
331
753
351
199
31
587
61
368
942
165
729
839
445
458
192
962
391
86
227
937
999
321
482
539
135
710
972
140
323
391
259
915
44
316
967
432
625
841
929
442
25
442
890
853
382
873
735
848
612
622
146
663
896
615
365
836
650
305
380
644
255
737
341
488
114
979
919
776
473
719
736
204
434
170
809
167
318
538
248
593
542
333
445
566
317
114
443
806
396
897
613
163
29
776
638
649
930
265
333
204
903
818
286
902
827
253
747
439
680
830
236
775
874
436
10
845
465
908
270
76
607
846
618
481
243
67
254
544
198
338
766
915
387
786
609
758
22
768
750
703
438
669
349
16
105
442
677
829
249
43
229
919
910
105
484
912
106
613
613
178
513
718
705
850
224
114
379
905
354
93
642
767
855
362
915
481
811
427
830
53
825
453
52
987
985
403
896
948
169
52
410
180
324
48
651
881
235
664
271
265
440
782
580
247
446
142
439
128
273
44
533
366
157
747
321
692
974
571
215
36
928
332
559
843
572
183
200
558
145
873
161
391
241
119
729
195
42
454
432
821
399
2
864
681
484
704
374
199
473
897
513
258
651
44
463
756
956
385
797
983
430
844
184
288
981
218
194
419
966
12
230
392
194
169
307
90
283
336
272
615
326
234
712
152
169
169
782
452
111
965
430
422
677
447
13
819
795
38
133
70
559
418
323
475
376
483
100
334
881
177
923
19
280
906
852
275
944
511
434
725
695
943
28
249
897
493
411
943
837
75
481
584
462
206
538
331
984
71
716
627
676
897
608
557
231
950
807
791
265
837
848
367
410
945
471
608
235
721
854
11
533
531
732
956
479
773
738
262
26
63
209
19
299
484
852
257
482
803
724
361
933
771
156
12
325
451
691
766
941
777
479
426
127
346
309
859
977
636
352
325
643
225
126
643
940
635
62
498
996
151
238
341
201
852
590
232
18
890
508
941
264
181
489
57
317
646
32
360
351
889
48
914
291
600
27
945
215
709
78
645
133
213
263
415
999
233
414
222
722
96
769
672
954
721
252
576
274
838
245
556
23
870
954
38
439
224
160
966
7
21
897
435
483
793
767
881
280
473
329
243
785
748
759
611
943
946
439
486
785
887
585
169
566
158
549
426
232
110
238
224
96
68
242
478
219
361
75
569
157
603
520
524
203
666
136
568
592
614
351
94
889
678
949
74
439
341
13
390
6
615
43
136
197
13
464
458
943
693
57
974
518
439
479
573
821
820
957
553
515
204
942
889
859
669
91
843
361
238
266
456
848
946
448
300
493
349
473
514
758
667
445
613
196
765
957
90
105
838
996
717
550
198
913
764
872
732
224
979
941
488
11
996
379
263
853
531
101
509
973
568
471
510
411
262
119
848
123
396
609
851
77
845
82
633
879
890
540
743
497
888
66
764
209
295
550
791
265
958
414
298
661
829
921
150
943
320
155
127
658
748
380
505
987
38
351
195
523
241
179
760
145
982
690
962
401
849
440
279
653
485
822
884
195
167
142
502
111
126
799
924
491
4
874
354
841
134
738
554
260
315
909
782
642
841
569
35
41
52
139
900
209
968
613
947
1
148
123
543
485
945
835
923
267
527
694
39
294
575
690
414
945
536
358
910
371
323
837
968
165
642
885
995
540
687
377
62
590
569
706
683
468
951
201
371
398
768
404
892
174
985
361
472
32
337
818
155
944
97
673
86
124
960
291
957
63
725
800
612
644
96
446
550
288
257
693
748
900
494
602
670
155
932
550
637
158
361
698
964
937
836
344
954
79
16
681
671
57
51
108
768
675
896
657
776
878
492
569
635
359
65
136
629
551
778
379
52
473
68
167
432
776
216
417
757
351
675
481
659
378
127
488
581
324
957
257
772
561
221
876
613
535
36
296
492
364
822
913
184
788
910
185
433
279
27
904
281
107
363
913
813
481
994
558
21
836
128
731
227
113
558
703
782
658
498
935
153
977
523
506
609
334
182
757
877
206
389
620
687
597
456
626
821
284
999
577
248
779
382
581
687
105
863
306
526
651
556
559
522
768
220
477
562
57
142
979
7
212
528
981
117
171
752
784
152
414
871
727
892
646
518
136
811
915
519
39
918
516
798
204
66
3
581
117
826
424
286
438
114
831
556
767
375
776
479
463
547
109
827
238
711
536
119
623
265
712
939
33
485
309
881
625
327
382
248
294
457
923
494
329
679
429
279
759
816
177
175
893
411
389
61
849
974
142
72
281
730
844
973
901
884
211
122
86
642
692
472
186
989
896
788
9
838
238
212
533
658
658
718
991
475
766
453
460
118
812
845
910
959
409
796
393
601
988
307
590
978
755
57
670
488
821
286
27
491
756
849
982
572
81
179
718
586
409
837
307
388
607
232
646
68
916
43
295
388
587
839
417
928
466
702
713
849
19
926
841
583
79
504
804
172
897
249
890
800
330
613
605
307
914
647
310
872
183
654
776
572
510
888
468
975
393
42
254
789
790
628
929
916
392
972
942
992
97
589
797
779
336
801
628
691
519
718
107
697
500
30
739
493
788
94
110
139
385
461
2
759
497
96
409
700
815
344
292
17
455
426
309
601
566
222
716
975
7
960
368
193
302
508
602
833
175
873
990
548
480
568
676
959
773
621
163
605
163
926
283
755
180
570
835
30
78
195
550
994
817
110
323
180
41
873
294
284
23
266
892
512
90
729
182
450
409
228
323
882
625
372
889
425
950
486
446
138
581
548
259
202
709
505
311
201
790
767
941
86
275
168
238
659
94
107
507
633
825
117
251
674
866
396
551
502
960
353
306
804
133
757
111
241
180
360
461
639
437
658
279
411
676
30
900
241
718
721
575
747
446
909
364
579
541
61
320
19
21
217
340
907
211
683
639
141
981
992
419
952
82
673
639
91
669
151
508
869
335
957
665
486
242
167
254
709
339
882
726
450
268
448
742
613
644
724
524
55
926
426
803
72
746
676
342
168
409
632
956
331
341
757
831
642
834
521
443
260
781
971
499
874
656
371
920
819
947
378
534
465
516
721
611
300
395
515
474
592
894
678
679
229
375
747
313
683
167
970
528
750
333
774
156
601
980
46
999
46
420
387
909
562
585
670
21
215
56
389
655
35
236
358
172
811
362
337
544
135
558
748
860
456
863
144
439
317
818
401
119
187
719
400
421
201
301
393
497
215
741
520
728
357
465
382
524
366
403
564
844
897
597
349
774
129
413
549
578
620
974
917
450
954
877
430
682
442
709
477
591
107
785
191
688
982
179
436
536
315
508
581
365
312
843
635
916
594
489
592
417
924
9
192
985
39
688
901
538
11
808
417
766
392
481
243
720
48
889
886
39
209
37
475
20
604
278
109
583
72
517
491
697
917
309
608
149
421
156
728
660
587
119
714
247
97
35
670
362
170
710
114
579
169
167
974
925
513
112
197
232
350
891
485
344
511
849
264
505
672
495
263
652
310
144
841
860
156
715
995
292
493
245
182
896
520
627
184
331
777
15
753
206
471
696
848
564
36
6
554
701
578
514
539
896
264
407
173
37
455
525
346
109
18
186
507
754
495
241
508
863
556
529
952
760
152
639
650
335
566
977
170
321
107
794
917
799
251
66
676
92
418
779
769
603
20
395
947
790
927
322
322
31
858
830
550
338
287
160
86
434
147
458
616
843
329
610
430
720
169
51
322
58
557
184
387
462
231
220
866
891
834
892
455
131
165
646
711
724
662
597
674
712
551
496
117
971
677
52
33
844
429
876
328
172
112
663
634
611
348
105
849
624
491
159
650
198
465
322
442
64
322
113
548
447
191
301
167
785
461
440
144
771
656
911
883
424
878
562
608
512
878
429
941
647
59
116
62
219
783
988
377
353
275
681
824
964
767
250
696
581
678
558
597
683
818
265
308
269
947
475
322
224
273
226
216
817
16
563
200
551
541
389
903
418
484
382
683
514
660
951
353
43
299
178
621
258
85
238
595
455
952
22
738
752
364
190
547
866
459
223
956
462
680
2
881
192
911
886
33
878
279
390
561
213
414
405
380
85
613
789
465
915
320
894
291
344
667
155
302
161
153
562
80
365
881
923
139
876
554
397
774
793
696
106
669
937
382
932
436
477
324
296
874
597
319
175
800
433
464
992
158
875
462
863
182
688
425
488
356
431
606
912
265
37
366
139
184
978
761
947
442
888
689
199
613
842
760
560
976
22
976
817
821
513
828
621
475
350
928
194
471
80
892
594
635
638
4
652
5
483
0
393
99
180
181
784
726
646
957
113
845
393
464
636
274
554
385
19
510
433
431
878
834
649
854
374
194
470
548
870
58
618
22
861
230
587
470
882
538
129
38
572
503
416
646
927
871
916
380
954
850
425
292
693
683
588
344
969
390
633
422
737
936
675
199
676
166
68
663
629
276
832
552
140
861
966
688
903
296
426
633
82
330
171
271
548
665
247
169
920
28
571
556
157
119
45
768
485
299
228
36
118
703
575
86
5
375
280
7
476
524
721
32
680
301
906
858
681
637
849
477
856
453
380
744
160
965
5
408
775
604
431
559
610
983
826
187
237
760
63
920
823
399
865
377
365
265
457
473
373
201
935
152
105
500
462
762
97
151
334
901
212
230
855
213
53
707
870
793
566
636
531
761
60
693
281
494
200
660
489
859
776
36
52
656
858
806
391
338
364
441
274
242
143
695
441
502
473
599
227
840
231
136
534
739
363
111
0
807
286
613
4
224
309
634
43
329
15
46
177
626
487
535
133
816
297
475
436
466
180
909
700
338
359
288
223
560
645
300
351
110
177
575
127
283
701
679
810
824
997
974
267
195
855
426
199
616
980
977
847
481
827
18
179
137
673
673
578
378
411
367
500
786
877
610
321
904
20
477
306
943
631
343
503
909
829
381
203
495
200
980
607
916
343
813
208
119
498
473
984
635
893
949
946
878
59
498
939
603
232
593
419
13
83
856
461
925
57
754
361
310
541
957
908
5
930
594
663
717
351
102
691
754
762
96
922
5
850
245
551
134
678
269
361
540
334
873
554
244
41
662
669
468
140
529
299
627
283
640
4
138
382
432
313
203
20
913
867
747
502
78
830
734
429
722
511
249
854
829
364
829
9
550
754
92
559
927
902
738
35
365
175
874
897
314
477
488
238
94
520
550
724
967
612
209
152
949
924
47
607
409
897
964
6
854
220
71
173
305
955
983
166
688
845
584
566
445
634
448
734
220
852
967
39
482
643
809
53
63
245
672
38
622
298
906
205
753
511
541
643
854
211
158
186
266
228
972
129
762
346
643
305
469
722
107
248
803
555
461
966
697
912
136
834
786
655
727
927
783
973
550
352
252
721
538
232
752
872
841
365
710
87
895
968
828
266
357
823
774
283
575
671
968
667
494
365
714
758
311
314
990
993
949
414
117
656
163
394
191
472
39
788
783
385
344
498
31
854
485
284
616
354
817
378
288
623
668
157
293
676
888
423
828
199
684
279
153
837
376
554
519
622
66
100
543
46
764
86
877
725
815
394
523
53
719
792
495
470
933
792
830
637
734
780
486
927
536
498
877
42
890
638
24
799
97
386
372
120
219
234
877
95
489
190
556
839
695
432
727
369
115
582
745
596
141
672
31
713
898
488
545
981
75
440
512
818
230
171
669
735
230
688
275
639
917
788
829
595
598
628
368
492
840
329
981
938
232
656
783
306
134
27
408
256
616
888
778
593
779
351
793
916
774
468
855
800
596
638
284
373
550
637
551
734
268
136
287
379
900
5
120
679
692
443
484
366
783
761
781
99
649
693
363
433
178
551
170
440
569
7
902
400
915
382
580
525
471
412
390
540
85
947
556
163
231
882
32
518
516
970
947
672
411
577
663
925
167
822
885
92
400
327
781
429
350
211
155
305
337
642
981
880
838
101
988
753
525
513
930
152
345
733
368
784
670
114
444
888
531
451
295
164
921
690
740
693
428
304
885
249
633
507
193
462
881
525
230
340
948
880
535
114
912
295
808
859
931
792
523
116
402
320
758
124
451
462
409
30
532
128
40
430
532
178
566
852
882
114
984
420
456
323
665
760
117
850
660
165
89
237
565
313
829
50
596
614
782
466
859
940
335
560
962
911
842
579
756
428
160
989
327
875
371
513
49
558
673
607
365
107
774
618
88
277
614
902
881
27
181
957
56
863
665
714
832
183
7
831
422
218
689
359
944
382
561
430
254
921
593
325
854
531
289
161
310
542
454
804
637
811
78
662
667
297
212
622
929
600
395
376
89
144
133
41
313
508
817
719
771
78
822
776
897
178
99
677
468
200
650
346
197
483
244
348
641
740
908
982
157
64
578
641
847
185
307
916
965
253
712
173
774
944
153
928
341
802
966
482
15
606
450
477
450
638
91
670
620
104
528
891
300
309
331
968
613
222
707
390
597
545
639
311
554
598
200
890
978
114
140
875
670
389
222
304
899
666
190
743
805
589
778
750
905
806
257
254
583
39
26
280
669
147
906
66
697
943
101
341
290
892
684
614
606
324
944
570
613
702
495
799
682
319
996
80
325
926
738
371
558
405
993
422
569
126
429
463
840
276
174
686
986
92
450
3
493
418
669
640
960
174
893
121
442
228
737
819
550
760
554
557
135
351
708
965
402
385
762
804
857
373
48
704
137
38
79
238
7
84
309
831
811
185
323
777
797
245
687
382
567
809
810
355
966
301
276
302
820
30
914
387
333
710
424
674
436
746
662
195
290
760
241
813
655
491
394
194
802
865
382
279
399
152
798
859
514
439
70
164
723
554
653
802
478
732
486
341
320
507
445
764
695
992
311
19
470
750
233
265
153
105
913
628
924
563
851
883
414
5
828
482
346
502
90
690
906
995
939
18
213
387
469
669
30
179
727
19
60
76
886
365
756
741
200
251
957
7
127
241
620
362
476
837
614
543
994
145
965
365
280
217
289
406
538
408
162
852
567
790
903
621
513
581
519
44
520
38
200
230
473
61
953
982
458
660
525
676
77
54
470
555
561
444
994
386
389
670
998
614
612
613
544
858
949
798
771
338
301
812
287
152
773
670
167
690
681
437
279
122
567
39
525
658
920
207
407
301
571
920
336
351
779
542
709
131
41
264
256
650
967
434
570
266
444
226
341
764
698
974
271
21
822
519
817
839
407
472
253
376
696
78
15
850
664
107
126
902
949
914
209
569
461
581
924
774
548
842
479
778
735
368
768
642
85
790
138
481
700
972
540
805
184
238
112
924
118
909
252
839
878
58
767
118
375
684
407
573
267
363
731
653
950
901
69
206
616
322
190
547
330
913
692
794
21
472
980
879
621
515
654
663
599
356
417
319
629
636
743
923
103
916
723
245
132
400
327
350
839
382
816
526
90
219
893
752
554
561
16
3
661
996
614
926
745
615
768
209
456
82
946
268
173
881
520
718
99
113
48
967
492
342
784
389
697
46
76
274
198
545
593
603
295
946
68
519
964
614
591
590
907
754
27
695
484
102
799
449
924
88
652
56
480
776
800
83
886
848
436
343
573
169
182
597
853
814
616
294
847
234
70
327
219
983
683
217
794
157
161
387
605
240
105
296
271
532
243
566
598
558
654
806
912
901
581
522
854
216
981
561
462
992
774
207
931
686
51
5
253
355
288
234
961
934
93
889
579
605
970
472
616
831
762
323
853
61
415
814
98
331
506
446
643
805
919
699
377
404
202
186
987
204
251
320
11
218
762
21
217
771
977
555
197
860
976
198
239
253
982
425
496
459
569
245
788
934
756
814
914
280
995
365
978
168
511
965
638
589
817
595
728
880
215
664
83
833
966
658
709
306
121
775
846
331
491
412
235
827
431
149
913
566
483
478
347
527
940
818
975
364
111
65
635
316
16
82
129
153
224
729
305
194
994
444
824
988
359
105
607
75
512
200
50
748
729
429
217
804
980
219
607
998
284
706
508
978
892
724
383
841
501
737
566
361
430
886
532
463
408
521
309
207
234
505
753
581
836
407
502
939
749
841
962
183
603
283
342
786
114
893
611
438
266
932
315
117
209
188
582
466
379
915
650
568
228
56
947
629
349
349
971
514
456
563
704
550
612
274
195
95
245
494
533
637
432
669
912
753
229
59
531
829
676
557
177
158
959
323
334
704
63
101
61
104
785
40
468
123
353
22
537
994
950
311
713
287
471
59
311
395
884
285
751
606
371
669
6
977
980
203
215
688
132
107
569
790
553
182
881
255
372
304
87
887
532
863
933
24
459
733
737
967
765
770
705
400
577
251
583
117
406
65
325
245
609
710
471
848
881
217
716
326
988
317
744
501
716
943
716
208
791
106
255
915
266
810
675
810
412
245
28
766
767
527
225
38
973
981
882
330
366
396
503
829
377
742
828
777
155
908
642
874
261
188
261
588
436
611
546
742
37
386
174
593
917
401
620
437
823
66
925
934
822
397
382
385
300
466
444
59
8
134
562
458
420
287
555
88
190
685
924
816
251
571
541
171
524
270
981
818
446
203
625
471
219
642
55
547
90
667
937
545
303
633
678
713
518
631
107
825
195
468
660
71
947
265
844
411
986
635
29
337
414
879
910
840
618
309
351
399
359
537
719
55
531
778
715
572
756
132
948
819
598
423
381
314
816
732
233
876
574
355
316
667
627
68
975
559
662
162
221
122
465
249
822
314
382
291
377
933
118
29
549
877
317
811
597
923
58
589
953
389
312
244
6
362
162
426
538
634
550
59
882
287
56
348
594
881
347
292
710
493
950
809
792
907
251
581
308
427
362
983
460
316
642
234
102
28
358
168
642
245
13
182
736
545
564
605
95
993
654
334
401
289
128
374
813
548
539
42
436
609
953
249
725
156
808
816
496
437
677
897
878
695
890
400
383
226
448
816
696
342
81
285
142
16
373
641
218
10
628
778
88
354
624
119
806
163
25
980
812
702
824
891
227
319
716
205
360
624
542
453
237
736
147
965
324
180
537
827
653
836
282
392
782
519
273
111
717
896
961
805
688
623
477
923
127
627
581
527
932
431
761
457
899
721
843
234
309
453
300
9
745
650
612
577
714
325
811
730
424
362
314
478
442
9
268
544
966
859
550
957
178
631
740
945
800
29
950
181
645
444
481
694
436
188
649
723
545
471
907
804
745
739
727
881
249
114
511
667
725
215
681
614
164
208
496
522
994
677
341
668
364
757
4
170
87
779
719
34
388
251
636
410
485
516
449
596
744
811
82
546
473
887
502
279
731
804
383
632
528
618
825
237
33
514
432
424
852
884
563
953
775
879
693
195
717
275
627
687
659
581
362
231
623
855
894
340
682
801
617
636
689
264
417
308
689
166
562
789
5
290
574
493
21
124
223
880
815
900
484
589
404
957
698
744
612
856
504
968
620
321
10
778
20
986
857
413
151
961
870
6
256
364
767
32
582
44
378
611
989
245
522
92
30
961
892
315
123
50
473
184
17
472
743
280
248
545
398
408
854
158
130
680
816
50
921
408
331
45
16
499
569
508
511
547
243
484
974
967
963
56
282
704
514
591
946
936
665
621
169
876
11
148
452
101
709
471
116
556
714
359
57
14
303
99
508
168
416
58
666
692
820
400
669
549
890
130
996
891
864
512
0
828
512
151
114
614
132
261
77
992
814
369
687
844
460
440
120
381
798
762
597
888
136
57
87
767
570
285
451
915
180
994
826
609
6
100
573
220
276
998
898
526
83
313
178
550
623
486
701
326
651
578
783
25
81
431
304
175
613
531
422
25
980
631
365
822
476
896
845
172
981
551
129
927
3
398
689
50
793
281
571
691
599
392
788
808
241
556
385
367
133
801
159
766
172
381
492
192
395
494
12
369
805
854
879
929
945
956
374
925
224
550
852
238
862
680
242
72
420
818
290
436
236
317
331
456
636
417
988
302
767
970
773
699
440
476
153
324
226
919
600
675
797
14
755
153
91
634
87
885
351
873
509
538
72
812
841
361
951
635
672
588
323
697
672
164
376
833
97
562
361
714
315
995
816
196
187
44
829
385
971
456
457
510
50
367
42
786
471
565
299
362
954
806
88
446
91
652
718
391
418
503
992
919
324
792
946
163
474
300
178
831
75
698
787
90
203
877
475
10
663
313
320
529
66
337
404
173
371
127
262
373
441
526
959
903
785
853
40
34
960
208
788
760
693
418
697
182
692
254
174
478
839
133
373
828
844
8
956
840
219
755
306
990
543
612
514
426
426
70
427
861
130
193
719
296
89
652
217
880
860
966
637
802
20
2
474
865
618
314
372
867
957
108
474
83
915
831
799
669
261
868
549
836
36
663
470
636
405
44
787
110
757
317
332
159
605
514
539
43
873
679
855
957
384
391
574
500
358
371
609
737
706
252
547
774
287
431
958
307
750
814
429
717
683
399
575
637
431
236
955
122
314
325
836
48
14
368
58
531
573
540
817
62
67
644
860
386
432
61
70
286
243
756
749
29
672
856
793
18
521
970
817
169
169
925
660
661
144
151
572
177
686
400
751
633
699
705
201
879
261
531
56
304
932
818
257
305
305
11
588
21
658
562
591
105
486
344
153
315
6
744
567
749
864
139
792
78
642
241
503
916
139
505
158
337
50
151
570
584
193
138
592
136
235
156
391
793
117
307
692
481
713
437
157
128
110
244
126
259
611
405
625
912
134
394
778
695
538
396
638
264
215
262
618
299
160
51
685
293
420
712
994
216
438
837
33
405
242
527
327
385
852
421
768
74
982
692
238
418
860
707
922
222
390
588
90
731
488
233
512
676
235
381
716
211
863
41
265
506
545
465
659
384
170
675
367
131
884
972
234
165
814
631
348
470
595
694
643
786
286
55
317
926
648
445
916
419
288
695
174
600
311
512
848
167
980
970
917
397
871
639
833
945
17
416
982
832
414
554
735
920
898
879
336
633
602
538
180
304
578
579
937
314
503
242
660
772
594
978
955
683
965
498
358
261
764
595
87
34
532
556
75
129
973
784
479
906
887
612
793
474
492
268
744
408
841
302
755
493
67
970
871
352
988
932
567
302
290
295
371
249
2
23
485
298
730
172
812
199
682
954
393
306
649
349
600
556
584
544
824
97
540
443
693
33
161
790
568
816
748
286
745
311
51
336
622
134
324
797
994
912
762
489
35
621
147
476
728
484
758
379
300
989
217
495
583
716
563
351
391
480
748
974
217
609
198
323
850
224
96
288
921
693
642
336
461
161
917
953
429
694
318
544
325
406
314
158
488
970
644
52
751
547
228
586
618
17
423
460
958
854
417
462
299
899
111
13
716
187
657
954
939
910
120
833
525
481
58
162
269
282
674
717
87
980
382
809
726
972
400
578
844
447
787
686
676
606
360
889
531
262
734
440
828
958
772
247
688
529
284
304
776
44
672
9
495
674
324
513
162
82
707
457
838
877
902
425
557
545
98
829
944
966
59
512
973
100
51
448
722
734
309
339
698
364
415
499
633
584
180
864
63
978
143
471
131
330
520
667
169
890
78
971
735
342
461
151
33
485
683
159
429
854
835
115
579
895
239
351
245
957
493
882
691
374
557
484
455
710
880
927
498
723
574
927
778
673
532
458
875
746
761
817
292
775
534
417
857
820
977
995
807
980
439
895
219
603
155
189
833
725
720
538
481
986
178
980
929
137
117
839
292
430
116
240
769
335
38
259
746
815
678
128
428
782
846
633
596
950
57
926
337
251
774
247
947
680
31
364
125
670
82
613
602
226
122
761
646
774
407
281
243
77
627
309
489
79
299
643
67
647
727
361
978
125
97
752
211
158
337
385
760
486
655
973
130
912
415
732
137
764
630
997
282
20
74
949
779
512
18
473
297
303
234
993
276
574
998
212
971
598
400
257
401
721
543
326
680
348
165
625
766
901
918
757
674
593
124
438
563
813
630
267
396
724
164
744
856
165
152
537
976
541
392
590
727
974
977
331
998
157
747
808
31
110
94
346
275
694
506
692
166
660
283
732
535
417
603
109
373
686
376
362
709
591
237
314
466
503
136
746
379
557
422
714
94
843
196
292
79
82
825
618
975
573
795
725
265
780
93
161
761
599
683
355
902
499
696
156
257
917
730
793
73
417
889
393
859
206
679
561
822
835
111
357
172
428
456
121
39
472
829
399
207
249
298
516
265
660
549
727
25
935
482
648
18
19
495
52
425
899
419
821
639
568
970
848
507
819
715
853
646
396
351
143
271
737
863
53
173
854
812
656
278
181
920
856
405
614
430
393
117
31
550
194
394
683
255
717
382
764
563
294
688
750
542
273
631
133
266
40
405
165
445
163
567
77
989
715
710
833
416
31
786
165
614
378
159
639
148
265
886
961
542
635
348
33
592
966
659
244
250
918
446
98
351
38
346
206
674
635
670
237
977
262
968
83
851
476
198
255
516
372
490
735
135
890
884
945
220
986
971
139
928
415
423
287
336
20
189
736
240
282
243
349
820
329
786
27
634
858
943
708
381
135
357
249
388
910
73
553
383
890
387
405
189
337
952
766
834
569
328
794
189
520
20
81
382
945
541
687
630
106
127
727
719
897
79
717
848
2
776
437
863
840
323
189
486
723
364
735
99
44
813
417
762
126
111
183
576
192
944
929
908
342
788
752
421
36
706
981
589
409
560
991
373
550
109
67
6
88
848
44
886
338
855
647
293
723
127
680
999
149
301
360
615
385
72
406
980
194
271
376
840
757
746
356
461
701
953
293
200
762
82
740
465
645
94
209
931
255
612
117
349
817
890
632
477
879
730
312
543
494
890
870
995
181
533
11
387
645
90
98
365
646
755
523
428
519
689
992
526
97
957
466
908
35
897
619
90
353
581
660
233
725
627
883
441
859
255
567
286
328
92
163
320
764
858
457
481
683
139
938
419
162
85
902
238
597
631
604
828
177
631
502
391
783
110
718
627
782
764
874
159
453
88
674
439
742
419
879
520
748
716
783
577
366
836
418
232
840
223
587
970
878
699
446
585
500
309
662
361
401
174
563
386
246
401
35
864
370
3
21
617
701
322
932
520
148
74
953
760
130
211
333
740
852
491
863
216
449
205
897
405
497
724
873
694
817
606
454
747
796
985
177
954
637
856
765
264
949
289
987
947
586
369
849
606
998
366
551
639
913
466
628
871
153
125
828
51
498
291
572
129
58
550
31
33
85
327
437
884
60
176
588
655
950
634
524
597
25
514
385
692
370
354
197
628
422
600
14
810
397
324
509
553
160
22
657
503
683
239
794
929
902
333
339
724
969
798
989
313
47
326
486
345
75
289
932
762
434
549
55
453
974
255
101
482
832
450
330
82
478
509
981
774
645
276
414
526
424
59
83
158
619
540
397
281
568
426
405
179
41
298
452
693
926
828
469
327
876
609
53
581
333
663
776
152
254
917
401
718
511
503
793
825
82
432
324
821
931
142
278
97
907
359
42
933
245
535
916
390
363
484
55
121
704
450
249
550
982
775
401
370
287
662
846
104
362
906
407
239
922
462
460
816
659
484
332
328
686
913
482
720
374
704
449
125
478
477
817
22
103
377
573
405
541
27
442
206
545
402
513
229
465
675
688
683
102
249
95
999
950
565
238
779
793
437
451
314
974
727
556
490
488
429
852
564
376
217
867
639
974
225
953
40
581
402
266
193
396
681
324
763
118
110
620
797
340
334
75
42
468
249
717
927
229
892
693
605
230
6
972
913
692
334
627
893
737
894
603
873
321
151
906
79
885
633
374
198
482
977
945
367
301
344
328
638
724
220
860
656
519
632
162
822
568
662
598
58
873
116
10
978
720
151
788
836
644
430
589
557
122
258
303
913
497
364
516
294
995
806
224
581
91
916
569
553
373
789
803
436
987
465
499
735
177
733
958
317
270
820
668
783
487
461
576
631
958
108
74
816
70
696
676
77
706
17
603
773
359
131
867
565
306
261
369
926
71
256
304
637
151
70
453
760
947
391
194
43
261
870
822
996
307
315
595
975
359
117
932
664
703
724
82
42
453
845
154
885
203
263
47
502
491
696
347
738
995
723
608
711
97
107
682
417
430
831
641
602
579
357
965
762
702
8
355
231
326
812
881
838
993
451
20
858
434
414
753
629
228
679
580
465
976
654
124
777
937
473
860
94
97
817
197
869
809
375
832
724
244
829
632
957
714
382
734
838
729
634
698
20
637
304
227
104
314
241
773
329
10
529
839
517
963
817
89
755
399
249
6
365
569
946
293
983
786
350
551
929
402
953
472
997
989
481
994
133
540
965
84
500
897
669
569
204
763
510
442
830
23
288
843
180
923
993
687
939
535
703
316
405
686
966
842
66
649
784
38
978
565
786
560
89
700
234
481
386
973
440
245
672
843
970
260
887
403
274
215
874
748
647
495
28
36
96
116
60
594
898
185
997
728
817
797
719
858
933
964
240
665
444
195
721
381
310
894
558
831
860
378
581
673
862
927
533
816
766
26
616
796
0
277
492
814
120
670
946
760
251
196
160
682
878
77
53
497
351
153
318
642
213
947
731
694
730
498
514
583
199
83
772
484
421
300
471
429
982
260
386
728
897
400
386
127
925
952
252
326
715
971
390
15
161
315
378
946
784
711
158
610
650
691
779
239
599
14
161
224
108
900
351
875
561
552
920
790
60
717
221
692
414
927
117
885
335
846
468
12
719
857
280
86
71
302
535
766
408
202
998
950
997
710
780
539
869
106
431
932
400
653
69
882
270
111
50
402
616
552
258
970
853
739
813
976
494
270
519
557
93
833
879
739
917
688
296
161
910
152
304
383
526
298
344
996
436
418
429
379
959
98
598
656
106
960
206
476
208
440
795
901
815
984
541
446
855
305
520
850
868
673
550
492
416
577
886
817
639
888
99
609
58
107
73
928
143
280
438
111
385
623
323
807
43
988
531
633
4
804
262
326
323
289
704
496
171
731
646
16
89
556
67
299
482
144
452
118
115
274
710
334
917
761
630
124
172
834
582
97
988
188
999
488
726
779
947
857
238
20
432
263
717
590
565
14
148
672
455
606
604
174
327
675
765
565
696
10
684
531
206
42
346
118
890
663
283
470
118
434
532
296
738
792
673
946
651
392
190
611
938
613
362
516
878
400
868
488
746
355
543
415
304
444
602
731
615
1
543
303
792
224
51
811
611
998
976
254
512
573
93
784
650
118
15
654
333
673
943
963
171
30
338
860
616
158
888
54
801
230
437
15
393
897
743
583
541
481
712
905
122
342
410
224
425
676
83
695
539
497
136
575
420
954
375
856
618
978
570
224
91
991
999
764
890
893
721
307
719
669
312
709
821
664
96
629
627
151
303
522
211
485
748
665
327
468
59
989
837
39
568
238
752
27
17
748
919
415
916
641
85
31
319
991
282
308
751
642
392
670
483
50
797
874
100
801
397
645
298
793
418
648
30
193
293
783
157
33
14
151
330
878
949
206
330
744
975
585
269
448
117
444
930
836
50
341
653
788
929
603
669
854
642
743
52
144
366
945
43
331
923
301
543
822
585
155
231
10
920
945
946
472
728
261
633
140
769
822
493
760
468
158
115
402
807
703
863
464
834
843
60
326
13
746
316
793
725
973
240
804
401
768
183
375
555
650
752
818
362
788
999
441
170
505
901
508
512
704
197
360
118
559
891
902
957
950
414
418
585
725
637
230
982
643
195
879
536
561
161
326
458
520
830
883
99
638
406
653
617
934
361
655
949
370
595
579
830
602
89
112
424
806
27
939
804
853
558
820
543
419
839
21
365
152
967
272
851
800
684
648
222
285
952
35
348
901
92
349
293
970
279
212
357
957
939
705
237
831
312
487
675
92
260
421
538
741
804
224
557
763
128
307
592
897
119
639
804
26
111
576
32
181
824
557
955
586
14
514
420
307
292
120
166
571
929
624
