180
599
730
430
60
460
59
729
866
888
816
4
667
879
572
618
705
449
883
766
847
3
939
372
344
164
500
452
36
875
233
147
989
421
632
294
822
166
861
504
641
379
567
242
427
779
476
146
250
559
122
77
515
799
120
847
204
105
978
666
391
45
993
822
575
12
258
949
71
455
506
499
478
11
265
989
519
639
609
957
267
710
627
958
238
731
757
117
313
612
458
127
884
20
932
428
379
49
695
620
7
695
524
358
689
445
719
269
487
927
241
835
720
121
422
725
466
541
906
62
601
233
592
78
202
606
965
925
67
884
910
240
22
984
231
426
94
747
583
749
722
334
68
566
698
305
537
105
510
702
781
100
522
409
165
472
585
263
415
72
335
305
705
290
972
885
118
750
587
225
573
415
941
665
318
340
316
876
496
996
537
8
191
911
199
588
479
53
561
745
269
470
901
908
541
836
812
641
963
804
938
632
908
120
970
77
2
311
301
702
935
14
986
871
112
209
785
890
700
300
146
262
802
324
551
178
974
255
183
281
647
353
529
324
402
35
492
322
116
727
621
985
343
989
171
536
786
313
865
761
428
729
489
738
395
895
417
668
969
462
842
566
951
846
464
870
426
640
355
816
209
348
460
316
658
383
735
511
255
290
436
612
976
276
277
383
926
876
755
16
593
534
36
896
743
724
643
296
831
376
594
654
497
339
241
613
639
903
840
832
80
331
464
207
275
589
660
947
939
331
149
402
874
11
274
877
889
255
209
869
777
398
785
495
226
213
709
728
572
730
682
183
562
198
317
336
690
660
831
606
123
807
690
672
606
760
485
534
743
152
77
389
621
736
263
849
686
927
803
814
354
31
379
905
468
506
989
538
144
772
992
493
139
778
526
656
935
253
368
569
248
572
470
382
401
217
722
874
99
540
918
44
797
675
216
124
129
400
965
819
20
958
640
847
928
842
498
154
840
835
680
849
151
529
478
728
794
232
674
270
3
828
163
997
250
475
945
653
770
31
500
698
719
288
602
33
646
347
301
828
679
807
651
203
875
759
637
120
878
991
560
59
31
118
313
331
562
621
522
927
426
963
558
719
581
660
743
32
87
48
993
340
206
845
932
685
679
552
626
536
161
615
759
822
344
316
284
556
382
541
795
456
782
122
942
815
998
184
66
62
319
332
452
93
894
150
849
575
939
946
877
602
463
642
521
619
684
966
123
881
429
739
459
724
150
429
782
801
939
434
994
528
325
768
968
47
695
100
273
348
450
835
822
989
341
561
695
71
391
742
25
421
357
252
678
642
222
452
730
715
545
880
442
591
590
477
549
404
852
243
169
879
834
297
232
850
902
951
171
519
467
440
45
384
699
244
904
769
280
769
947
709
596
976
817
112
660
492
95
787
99
370
413
923
314
216
918
719
563
592
535
541
177
277
35
289
513
971
424
969
564
296
258
476
669
984
504
127
851
181
276
992
703
295
763
524
698
449
132
545
716
490
682
965
719
879
921
880
72
243
437
185
835
599
607
414
312
928
74
339
379
527
159
620
546
258
569
107
493
557
267
598
46
756
76
810
713
398
679
354
166
692
170
668
609
386
977
79
357
660
187
134
85
416
153
526
503
864
402
375
631
314
730
489
708
735
920
417
514
897
576
399
236
220
720
750
86
642
592
91
785
186
254
378
551
843
606
599
780
72
165
986
624
742
290
41
566
56
33
658
554
162
209
130
601
373
163
682
527
599
28
507
984
733
159
861
113
413
474
960
730
256
908
975
757
535
699
924
106
708
746
626
455
872
799
237
539
378
512
260
913
105
806
87
161
164
568
689
264
886
40
539
686
600
937
737
460
460
19
58
236
558
617
911
728
413
341
562
864
399
977
525
372
839
726
466
636
780
662
986
862
973
319
413
587
361
585
929
314
679
525
903
384
620
592
887
600
77
231
491
381
71
205
392
176
842
897
636
980
782
985
849
482
174
490
578
477
646
632
787
489
224
21
922
227
756
885
821
857
318
69
341
90
198
899
720
691
156
939
139
41
921
773
909
736
774
338
771
859
790
11
640
294
390
481
730
100
459
753
196
528
607
55
55
460
699
670
21
319
701
391
890
36
532
566
396
717
565
835
291
574
383
760
743
7
110
336
830
523
180
572
780
847
881
866
943
977
668
790
434
315
922
822
80
660
396
335
318
728
844
17
4
651
274
977
899
627
132
970
240
373
735
358
934
215
817
538
135
971
417
941
758
901
981
788
60
944
680
82
3
317
722
794
273
211
139
713
288
600
481
594
597
260
50
377
989
239
237
422
371
739
575
525
965
140
647
677
43
79
760
817
21
146
494
128
766
861
203
948
707
460
745
522
824
902
130
377
735
399
825
282
68
891
684
126
665
774
186
814
416
503
828
211
654
874
368
370
859
918
39
364
173
18
530
789
251
103
326
758
201
425
424
883
524
399
892
668
43
182
379
283
714
818
461
841
411
997
39
354
522
400
370
950
824
649
830
436
188
739
599
536
607
298
683
731
481
378
124
583
460
402
171
95
974
161
584
542
372
349
572
650
287
884
908
810
993
935
692
968
188
287
288
591
148
437
285
366
814
222
333
809
842
633
220
145
538
226
986
587
897
838
811
236
766
456
16
855
272
365
450
643
636
553
678
535
48
445
367
517
651
651
214
666
371
543
283
460
339
747
692
358
506
124
588
313
113
289
851
640
303
790
391
338
197
952
64
820
269
912
330
479
368
519
707
518
622
765
621
131
675
630
916
814
908
457
357
939
460
70
813
494
960
227
665
227
647
370
780
226
290
410
713
382
216
769
504
758
904
705
386
331
101
25
121
639
831
668
739
708
141
769
42
959
723
46
364
845
587
791
740
686
166
35
429
540
452
530
961
984
915
143
998
50
603
106
696
531
854
925
807
183
621
913
751
164
298
500
90
379
1
558
103
211
86
841
258
890
345
267
12
166
0
932
834
678
855
538
212
519
780
249
128
832
679
893
69
493
592
720
907
429
220
729
715
368
547
858
737
621
62
727
35
736
118
369
126
488
590
662
853
678
538
572
545
410
206
861
184
433
851
461
428
416
418
801
147
668
149
330
504
231
123
799
611
817
162
479
643
948
862
387
206
349
291
549
772
334
637
838
88
581
626
567
732
531
589
346
835
165
658
92
282
833
55
861
989
603
645
30
271
50
5
448
763
882
205
821
370
836
648
759
685
601
129
945
755
791
503
372
319
574
531
441
505
776
113
705
552
467
986
53
415
151
780
662
825
221
686
729
54
887
105
642
985
586
566
537
120
236
475
462
845
890
863
822
407
390
993
684
271
832
60
58
162
989
20
659
136
100
782
43
655
239
81
879
979
279
541
833
548
210
412
172
417
388
278
99
590
143
488
639
682
947
834
530
771
787
658
127
911
697
667
269
640
344
518
564
846
149
729
1
597
120
989
941
273
493
651
390
540
777
176
375
789
346
421
656
750
209
285
762
89
300
377
84
383
504
316
259
307
478
104
289
359
433
415
577
563
969
511
404
686
455
313
224
124
404
156
715
438
469
532
730
958
226
301
932
206
390
137
794
314
895
300
921
111
403
631
443
712
443
873
895
51
902
73
649
411
896
851
474
458
80
441
25
792
954
693
998
341
677
259
138
815
726
910
384
515
958
897
758
143
939
636
605
132
231
464
645
586
565
204
980
180
233
915
393
366
71
125
488
580
981
88
5
334
714
400
777
763
686
384
158
715
916
224
659
985
602
41
82
388
204
38
989
111
29
702
679
619
935
981
148
302
730
536
634
667
67
924
939
619
112
85
353
259
921
974
86
197
285
386
678
192
961
339
942
250
527
991
914
736
441
31
82
830
449
847
249
549
651
404
149
251
143
456
210
685
373
286
475
718
274
644
561
549
376
613
643
192
276
935
555
992
857
372
731
497
700
36
113
375
403
941
835
827
399
622
289
433
231
916
872
735
573
904
674
132
476
287
408
816
800
703
997
122
984
613
453
169
669
274
652
5
314
554
95
722
492
901
471
969
825
335
29
409
44
8
531
914
823
814
48
946
336
350
824
272
728
395
507
233
12
572
35
219
905
794
173
0
728
12
256
643
561
1
610
744
221
213
198
844
796
660
294
83
984
662
348
315
270
773
245
822
453
789
655
431
136
662
912
340
710
272
514
786
632
647
256
175
16
553
641
365
109
509
846
363
823
541
395
125
19
368
103
565
112
849
880
14
220
205
267
716
975
476
184
29
189
408
501
873
774
147
739
71
878
506
736
565
257
173
79
389
299
675
105
808
145
717
45
169
843
654
937
651
885
345
414
288
882
253
405
177
102
678
464
949
889
6
47
684
142
973
586
854
331
891
259
659
375
825
983
555
740
422
816
217
970
707
820
907
480
542
924
500
735
13
512
905
474
524
891
520
442
924
441
854
400
44
423
640
774
600
492
858
79
399
433
374
813
548
200
929
42
520
325
845
943
243
911
119
715
437
31
727
975
612
968
383
879
114
313
692
577
292
443
223
166
382
102
882
802
269
440
514
127
997
551
341
473
94
911
290
962
366
758
253
508
215
630
367
196
568
337
111
378
81
572
395
486
997
110
898
294
488
235
766
149
761
835
843
235
613
523
516
759
457
256
115
3
865
6
785
4
730
620
501
439
303
88
924
640
72
140
891
736
304
601
463
469
998
379
621
251
304
138
605
85
879
899
370
577
516
142
177
803
370
589
965
283
146
321
751
233
773
94
378
171
793
24
955
858
831
607
590
743
961
516
902
643
112
931
591
454
229
638
619
76
295
412
785
627
544
617
669
617
959
225
208
656
490
19
94
939
593
909
948
750
935
461
951
253
599
694
563
440
61
388
28
108
94
810
930
41
866
972
909
164
931
780
939
27
675
722
765
55
330
568
402
256
277
855
268
379
72
391
537
133
817
910
765
187
245
405
877
285
341
217
43
638
74
520
202
515
851
525
425
510
924
906
766
266
438
614
626
165
181
118
909
429
947
583
411
313
503
351
79
17
694
910
726
188
349
502
215
918
565
992
196
594
405
328
533
215
376
385
880
282
794
656
994
713
279
20
892
622
389
105
720
724
187
613
292
844
960
25
217
907
729
355
982
487
639
194
769
422
780
844
379
8
102
631
741
380
570
527
439
802
584
968
484
147
691
669
815
953
706
546
836
60
508
949
514
429
441
419
509
683
833
884
860
556
750
113
406
323
185
453
756
150
409
0
280
103
105
73
907
344
341
266
2
180
782
183
50
460
509
543
877
176
546
428
130
57
265
568
375
24
907
582
752
999
759
410
205
470
505
486
429
263
36
248
211
247
900
50
231
677
631
39
177
126
728
297
189
282
198
217
301
988
385
874
875
825
892
981
418
713
540
556
483
815
401
661
606
835
372
801
151
880
269
62
203
911
884
105
750
238
143
113
590
694
558
361
655
71
470
70
975
1
394
974
832
290
70
440
71
473
131
704
961
876
818
543
878
478
214
706
292
757
183
964
612
222
294
225
422
94
540
408
402
543
155
151
348
303
343
864
285
581
624
33
413
993
113
236
75
678
490
916
511
512
968
533
48
579
482
928
243
248
853
146
966
256
597
45
183
817
499
715
501
739
907
116
633
912
874
846
714
534
102
210
134
645
213
837
777
981
334
244
578
951
541
126
912
221
883
172
558
863
195
432
650
565
504
790
430
176
182
807
817
759
381
115
514
28
168
706
902
556
302
479
555
318
835
903
220
431
977
282
226
231
684
155
610
902
798
759
853
25
336
665
583
720
163
103
138
423
771
959
912
942
564
903
405
728
831
567
231
646
20
92
918
557
436
510
218
119
161
154
687
883
139
6
507
67
444
911
939
451
47
18
776
987
138
985
169
941
116
246
461
417
873
148
567
732
388
193
233
483
637
602
226
112
204
671
358
118
288
490
218
763
638
380
258
937
997
896
846
177
463
533
404
869
470
834
820
822
959
157
447
338
370
673
133
92
997
858
886
782
418
206
429
35
132
34
60
207
942
264
313
955
980
398
406
741
532
351
923
408
923
478
290
390
300
765
123
606
962
601
971
889
677
439
420
462
738
348
514
324
82
45
550
669
271
809
676
311
958
356
366
987
473
997
829
574
573
241
459
92
752
521
727
670
258
272
709
95
352
432
111
668
554
594
212
138
758
51
247
816
562
766
322
45
6
396
154
11
511
409
344
628
292
864
409
854
422
56
224
196
436
981
291
267
400
399
958
508
337
257
371
700
207
475
113
873
754
868
391
360
70
811
697
255
950
398
249
86
50
76
429
341
619
919
352
550
966
738
516
756
734
881
305
70
217
990
425
653
37
602
533
18
874
353
425
875
461
341
694
336
840
510
108
207
752
513
723
849
329
311
673
457
11
410
12
454
496
849
44
920
572
471
507
693
988
810
232
245
753
899
147
608
884
619
374
150
732
782
258
233
628
549
770
546
463
904
437
963
943
728
395
276
53
910
64
116
271
589
36
657
166
793
494
940
749
907
996
864
989
941
863
371
122
6
616
487
202
729
241
907
715
595
563
646
138
574
632
995
247
399
540
20
787
170
596
631
135
538
677
220
824
570
361
613
614
179
916
779
910
362
214
831
552
546
147
948
853
90
472
887
730
38
792
186
28
163
897
228
642
145
316
493
492
140
445
274
700
790
751
34
868
256
472
384
651
918
929
802
766
477
758
250
251
746
165
898
52
606
529
715
73
490
202
294
767
779
812
933
631
757
514
552
627
237
96
408
956
306
166
357
927
33
197
341
212
933
7
790
640
904
538
157
101
934
411
909
37
525
469
418
479
917
653
822
663
240
272
108
619
657
870
506
231
778
957
416
267
972
509
205
462
420
605
948
929
869
765
428
142
289
526
159
983
232
238
300
419
879
418
872
40
71
775
103
402
558
779
262
466
2
868
649
491
599
103
308
372
569
612
912
258
660
324
314
314
833
316
931
255
741
141
969
946
49
392
782
337
144
371
995
512
330
759
430
498
11
153
477
619
569
481
885
68
329
261
961
328
991
699
751
81
782
693
325
97
776
965
49
639
4
236
385
632
45
507
703
341
634
548
340
740
174
202
897
816
670
627
754
688
115
980
108
722
279
73
816
782
480
270
758
149
236
522
111
330
970
344
115
198
172
687
496
552
22
782
299
673
126
261
25
420
123
54
889
560
637
241
942
707
316
664
367
166
792
857
121
421
106
832
593
212
417
88
831
917
19
159
988
735
604
186
808
606
378
774
905
482
424
15
340
319
67
31
752
413
795
351
586
528
298
839
756
570
367
226
919
853
627
884
526
50
251
601
368
765
801
463
653
700
387
682
291
29
537
673
298
996
403
66
322
151
384
599
454
473
576
453
906
914
848
657
810
193
413
462
855
133
732
264
530
102
656
147
921
875
993
404
8
789
542
338
185
835
287
726
784
537
575
639
363
807
591
146
679
812
907
836
183
201
957
645
505
890
476
453
169
279
372
754
318
149
554
877
439
836
698
51
251
102
887
802
54
53
357
135
544
954
877
206
260
637
276
470
553
241
503
116
704
292
529
641
334
341
414
331
932
134
165
627
188
382
858
778
156
862
431
467
535
756
132
952
67
314
973
456
766
537
971
258
887
289
163
144
719
361
639
737
395
854
755
42
57
902
898
729
463
494
807
691
792
715
448
736
766
280
231
620
533
826
808
559
850
339
433
432
877
286
627
813
861
650
156
664
574
735
430
610
571
728
683
421
292
767
653
871
891
34
998
687
896
343
56
586
130
736
19
424
65
480
163
98
584
533
615
773
623
277
159
226
787
452
310
999
27
257
243
470
239
122
411
434
819
38
460
948
988
591
766
906
918
633
649
533
529
699
12
135
466
911
2
183
366
2
113
677
765
938
48
494
98
648
328
875
953
281
106
587
410
728
943
559
16
545
473
474
693
188
408
912
689
632
324
973
26
606
55
368
19
134
468
723
410
773
512
31
241
933
519
559
511
402
119
319
606
141
88
573
384
598
625
654
810
531
865
879
156
942
523
134
983
479
113
726
171
337
990
501
161
9
101
739
665
836
255
26
363
581
697
599
308
250
796
741
34
433
838
153
501
999
130
376
539
285
963
312
317
946
335
68
151
871
505
206
349
988
459
217
364
674
908
673
789
429
362
50
643
895
125
137
384
115
222
461
573
914
674
720
127
48
171
904
60
752
994
290
942
217
656
932
864
487
226
4
906
328
892
462
881
15
22
472
813
20
319
595
630
97
246
670
59
498
83
138
782
293
993
71
772
358
932
527
832
686
171
535
265
110
283
292
137
564
921
601
61
511
618
132
958
201
710
436
863
275
331
555
470
605
107
251
166
307
107
869
153
610
739
567
298
739
330
469
996
89
607
1
937
719
74
466
586
539
436
198
962
382
608
743
976
26
516
651
395
149
603
42
436
341
552
527
60
878
832
238
648
401
274
390
639
595
580
613
190
509
759
464
358
597
664
706
540
854
971
183
82
233
986
835
136
580
826
30
822
39
33
993
203
315
709
879
708
37
918
945
572
301
407
831
20
76
968
0
316
423
962
335
191
188
251
443
684
13
880
470
897
170
168
16
987
589
666
347
493
506
884
925
589
484
273
918
390
227
298
342
466
838
92
303
252
865
424
888
72
749
870
404
501
958
974
761
831
375
706
505
398
245
654
422
911
765
308
469
663
329
366
574
230
303
606
508
858
218
797
966
668
78
624
287
496
856
480
617
925
799
942
912
797
889
474
780
739
292
17
997
445
74
159
28
990
640
755
121
49
954
21
341
532
267
751
180
541
632
284
158
539
877
578
959
401
787
893
72
921
172
200
296
956
437
387
420
243
543
860
901
876
43
566
647
237
297
697
719
614
680
147
638
658
436
127
534
900
860
741
731
508
661
296
169
786
701
847
132
219
68
329
991
954
559
934
932
339
179
836
501
636
988
268
589
968
803
373
33
100
985
89
376
943
292
600
642
345
394
149
151
936
858
789
653
355
60
906
184
364
83
478
955
949
449
961
418
425
303
54
758
495
140
928
464
134
754
372
597
24
609
258
944
118
846
619
762
472
705
413
633
706
841
127
570
782
205
930
744
126
45
691
205
797
791
876
882
724
549
396
16
449
819
811
931
568
847
542
634
46
819
127
841
972
114
236
928
849
613
740
448
484
215
924
750
415
928
896
17
0
299
156
130
226
988
677
776
925
206
638
728
124
871
176
322
761
402
440
13
384
655
779
664
305
825
880
790
774
385
997
824
686
211
478
688
739
194
400
323
742
155
122
46
343
320
925
903
370
418
619
766
930
422
568
57
6
94
979
566
89
710
109
850
906
857
107
477
985
864
666
717
673
108
768
829
9
637
779
201
937
391
823
150
554
56
335
900
584
166
565
633
860
881
6
570
227
112
146
788
492
368
58
968
822
271
331
203
717
882
499
121
240
865
891
124
272
258
772
785
932
644
733
741
707
195
630
337
695
279
263
698
343
535
960
349
660
41
550
12
139
144
250
822
262
934
845
864
911
266
749
932
646
509
890
498
60
101
194
756
565
581
523
747
343
706
463
480
250
995
264
195
167
295
817
573
920
648
224
835
262
490
427
704
623
975
294
990
11
504
217
301
829
324
418
741
96
910
142
442
548
818
318
138
634
28
238
222
119
977
598
752
203
523
594
556
992
759
679
855
890
752
537
554
472
357
236
193
420
193
921
690
663
219
304
24
499
301
717
123
169
203
32
371
610
181
740
241
480
146
739
756
183
58
659
432
758
796
436
641
69
8
629
692
968
968
206
238
313
67
94
144
587
644
293
224
682
471
582
312
990
455
408
537
998
873
481
254
868
385
96
271
275
35
315
232
930
805
295
197
872
657
679
811
718
98
241
783
602
210
594
888
701
190
927
812
393
820
503
462
475
368
502
617
830
264
267
724
801
470
290
572
758
392
74
41
272
149
633
539
677
865
814
114
91
390
226
463
251
39
490
801
865
671
693
282
917
847
714
23
787
710
203
469
134
676
251
404
697
773
270
41
838
115
915
453
273
418
645
280
539
371
837
546
454
714
867
470
277
578
201
124
697
693
780
62
236
50
534
733
623
332
82
165
537
282
711
639
640
818
6
821
92
4
329
371
948
70
939
743
170
501
135
541
234
177
53
528
93
430
471
492
795
532
701
347
970
849
775
484
449
977
266
410
230
301
923
851
779
537
760
775
182
222
169
977
855
420
489
68
608
431
484
110
808
227
810
722
333
617
56
606
982
627
831
288
47
952
931
44
466
309
937
766
112
112
443
782
285
965
810
629
156
903
301
804
162
556
965
822
159
199
341
760
831
434
473
617
66
524
271
458
794
128
291
530
603
591
281
966
759
608
237
20
746
20
402
992
993
425
235
247
171
607
558
521
17
88
118
485
530
802
377
915
758
42
771
214
520
513
889
966
421
8
334
209
832
130
538
580
981
577
955
223
307
285
545
138
668
562
1
926
569
782
257
792
841
743
306
553
101
160
302
253
838
438
575
199
810
653
114
580
154
711
20
111
106
248
903
588
444
138
56
921
72
448
275
769
786
311
880
244
857
573
372
860
451
294
960
58
657
646
512
326
282
78
760
919
463
174
537
693
303
884
433
45
237
109
497
327
953
367
758
348
125
689
667
913
806
428
916
13
148
404
543
376
174
506
413
864
301
881
369
158
884
527
821
787
432
756
373
917
800
643
180
320
854
714
640
201
706
331
516
809
35
217
38
634
847
207
261
923
906
437
154
722
730
641
292
792
354
243
472
537
135
330
781
0
962
959
252
86
676
730
770
841
45
300
527
421
466
554
55
410
777
814
765
558
724
652
605
23
872
129
353
532
346
135
75
530
349
116
933
326
504
85
262
581
987
956
950
368
563
895
208
791
123
604
990
480
255
644
500
828
579
208
571
193
854
348
678
70
9
654
185
814
539
774
107
653
470
424
17
288
196
756
287
355
23
65
630
888
963
869
173
242
731
139
93
331
321
871
755
156
891
29
571
259
365
469
174
558
993
101
527
856
236
828
464
211
591
93
392
998
741
501
529
117
60
23
940
281
522
658
757
828
528
857
384
571
231
431
339
678
301
250
735
58
843
60
693
30
787
227
28
177
997
127
413
187
844
150
69
73
865
329
558
850
610
370
659
787
869
386
171
837
345
657
445
796
427
782
260
532
936
858
344
7
998
749
514
466
630
927
921
0
406
881
320
111
745
916
949
913
637
302
629
59
91
620
38
441
663
959
616
791
236
269
468
151
325
537
560
60
654
402
7
997
442
883
774
232
230
652
533
961
581
135
970
721
347
609
79
342
503
529
342
642
83
35
191
928
356
318
717
645
441
641
495
502
948
529
717
567
128
620
487
652
141
977
985
45
271
744
411
146
318
525
922
300
120
985
75
69
94
134
804
258
574
123
26
583
263
262
895
668
173
975
926
625
777
882
172
65
703
360
787
523
250
947
585
523
415
411
588
709
617
175
304
35
589
122
62
959
76
937
155
870
685
405
238
915
404
517
875
317
566
792
27
629
426
955
657
884
841
595
828
860
271
462
525
380
797
566
803
58
576
916
68
501
734
695
581
450
562
153
298
669
787
385
435
808
222
224
954
170
335
199
560
692
973
221
883
637
78
571
631
492
769
642
311
912
891
308
182
804
667
403
953
235
148
577
367
566
729
832
731
291
214
94
926
858
231
713
139
907
920
834
145
374
242
894
826
220
795
739
151
740
427
559
616
31
277
772
659
989
235
916
674
275
252
918
402
35
645
434
913
401
629
461
756
117
847
836
472
556
713
178
586
425
985
627
658
178
504
169
973
700
434
375
459
836
774
145
651
26
417
278
123
524
734
271
784
571
753
692
48
308
307
858
33
538
553
558
412
85
412
20
238
286
600
322
109
664
572
960
954
889
625
20
887
391
875
496
792
18
436
340
697
155
347
568
406
43
50
642
994
666
28
815
744
3
162
146
611
740
700
780
179
531
386
875
631
254
279
381
949
192
290
960
911
367
918
135
963
207
246
319
41
997
149
300
610
631
890
533
380
861
652
968
46
218
430
728
319
362
464
986
619
464
874
91
714
375
779
547
125
861
169
461
102
421
627
890
586
632
337
846
533
506
583
408
939
7
9
112
554
103
908
14
616
313
48
551
612
685
433
627
281
540
816
610
794
7
515
369
917
893
147
848
723
270
15
8
75
380
265
67
702
152
676
107
362
412
109
693
857
412
112
76
944
928
699
168
626
13
922
955
849
127
841
908
939
881
393
779
249
500
757
826
449
558
23
417
313
355
594
196
926
361
718
608
843
296
704
566
996
33
900
234
445
188
964
574
418
671
456
584
481
408
383
928
215
699
17
178
603
786
695
65
220
93
627
490
136
542
202
263
341
364
269
158
141
307
118
307
434
856
569
468
341
571
947
825
623
530
725
413
582
646
178
154
520
51
581
643
310
829
950
871
837
509
331
449
248
184
638
797
989
896
334
777
742
421
330
486
341
773
790
100
483
782
200
927
109
106
115
723
163
668
436
384
784
681
882
582
375
659
499
912
896
652
421
676
447
910
946
575
845
712
336
900
127
715
806
926
209
775
108
311
972
382
387
144
437
228
804
28
475
277
204
585
335
47
154
565
946
938
885
5
762
118
194
57
795
892
730
878
904
807
211
735
541
128
470
343
147
649
720
414
954
366
428
261
627
951
823
524
232
776
899
968
754
630
864
928
893
640
550
317
629
9
719
533
779
194
554
437
993
662
62
850
3
198
159
372
456
38
973
667
293
990
877
129
538
885
313
215
191
125
36
586
819
87
226
655
626
392
576
504
492
271
519
882
217
730
309
990
369
565
299
77
9
23
259
691
345
112
833
470
37
785
557
442
858
443
815
797
906
327
382
698
749
541
442
648
80
842
80
891
837
826
922
674
434
298
364
353
695
998
202
487
296
697
295
367
491
665
739
390
706
919
741
395
604
597
424
269
541
22
532
541
143
835
71
328
931
652
730
936
25
670
547
673
38
799
472
843
405
977
62
304
519
636
238
364
223
935
249
547
409
883
892
825
640
32
760
544
966
369
216
989
662
413
545
212
491
833
998
822
736
111
417
613
498
834
925
793
828
793
899
286
787
970
921
656
50
849
18
871
849
508
429
119
5
992
410
474
979
529
523
828
849
322
157
260
293
399
512
39
774
455
545
460
136
262
62
515
933
296
308
661
369
98
223
817
40
490
403
445
785
880
83
412
153
631
933
659
244
622
905
816
849
891
583
335
408
17
179
895
842
550
149
899
504
791
580
915
103
920
487
68
76
407
9
154
103
6
695
223
729
525
362
943
596
149
404
228
145
919
461
298
50
300
418
343
9
165
529
910
213
570
154
58
29
284
989
36
121
857
333
311
464
769
165
29
780
931
689
34
692
50
389
179
511
679
351
196
993
78
874
83
15
929
770
941
704
371
294
585
561
408
448
447
440
702
942
848
268
349
551
684
140
257
147
611
146
867
99
433
173
646
101
269
741
612
389
307
367
989
145
649
920
880
857
861
670
776
306
120
598
730
945
255
94
395
546
671
884
582
185
590
665
257
902
890
320
693
210
556
890
663
555
952
828
400
104
811
5
500
862
929
716
630
670
33
707
111
855
258
697
876
471
525
652
430
180
217
730
731
769
657
910
538
136
100
535
998
723
37
920
931
228
143
968
669
348
119
294
557
630
24
656
714
738
692
327
528
927
198
784
671
687
470
478
957
710
393
687
293
697
636
328
912
419
641
72
70
603
437
712
579
191
881
804
294
831
123
143
947
475
29
4
94
770
619
918
920
128
958
470
267
566
855
317
719
335
855
815
375
482
465
166
150
312
432
621
312
352
251
194
918
263
418
585
458
321
202
574
52
336
630
699
980
308
570
846
620
691
858
353
355
563
356
719
472
873
823
561
405
639
979
884
404
812
421
633
764
683
281
817
204
34
521
648
532
133
93
643
881
471
310
179
335
220
238
955
235
476
738
246
39
176
219
691
10
847
102
460
775
736
92
459
960
750
582
789
580
748
407
103
55
848
542
695
593
627
310
39
997
572
809
631
140
615
442
395
877
577
892
318
365
473
150
305
846
22
871
422
257
736
486
522
754
40
927
661
925
24
575
90
819
967
502
752
460
209
398
689
402
418
207
529
560
440
906
173
446
926
116
540
143
491
54
802
763
346
855
93
378
93
640
83
293
172
964
431
138
123
874
235
922
92
565
484
183
145
451
588
189
923
767
186
550
534
36
492
670
245
866
49
977
73
990
601
663
981
180
892
590
253
51
301
610
533
545
267
449
473
718
942
737
513
783
942
882
313
599
881
950
430
462
202
904
356
127
974
221
802
638
311
130
433
177
318
99
822
241
67
647
886
17
489
664
835
198
917
368
867
758
224
420
874
723
548
170
202
475
835
271
123
185
472
707
225
259
23
673
552
727
873
611
525
817
902
23
332
213
609
276
313
734
935
864
235
58
251
652
632
17
102
860
539
322
211
626
593
448
961
22
130
824
569
150
60
716
661
646
301
144
381
671
415
186
89
135
361
933
996
198
253
120
559
490
855
514
613
127
163
213
687
418
862
952
320
529
434
566
485
152
7
171
48
658
918
835
769
944
897
793
437
992
884
867
768
894
840
996
990
566
870
251
602
919
944
141
170
738
776
632
463
85
260
541
682
132
277
735
797
373
127
854
830
724
755
591
400
825
175
61
914
457
700
795
539
168
376
730
238
661
221
601
43
866
669
189
132
409
405
726
582
144
394
789
348
451
173
412
165
197
151
45
101
672
868
886
389
162
841
729
47
589
912
640
737
412
660
733
934
177
953
716
667
240
968
967
397
836
233
912
393
955
501
523
709
17
82
162
422
36
822
134
790
640
266
893
989
849
543
8
134
330
418
323
261
556
566
948
394
521
780
839
591
56
41
94
239
791
268
161
433
352
709
617
339
649
483
169
319
976
529
793
287
765
539
166
145
587
702
20
83
66
376
989
832
390
590
816
609
487
918
188
625
135
902
773
919
931
249
697
686
960
283
648
120
330
881
916
120
789
539
927
199
3
653
238
320
653
307
435
566
743
522
909
35
116
266
204
646
838
94
537
393
391
326
251
12
620
61
687
251
942
943
135
347
529
861
526
992
866
836
482
8
417
766
887
181
463
824
560
502
654
37
67
27
995
887
149
846
999
57
821
209
976
301
790
539
84
645
933
634
178
273
314
766
351
82
786
857
649
304
572
994
742
917
264
654
183
312
341
408
431
25
251
125
594
901
951
749
408
810
297
996
318
232
172
721
259
818
474
309
541
772
810
559
49
708
859
753
883
154
75
51
815
598
638
329
911
691
472
206
508
504
414
514
684
818
825
144
982
414
686
139
456
323
810
316
198
761
34
944
525
46
466
744
709
746
563
654
92
656
895
614
302
531
368
76
158
819
37
355
869
141
333
37
716
224
256
527
468
586
335
729
733
866
295
409
52
72
295
276
599
264
157
848
441
465
840
18
857
879
809
121
97
359
421
85
86
459
708
373
785
143
233
620
115
126
600
72
596
184
993
804
194
715
581
470
121
830
94
996
907
507
539
40
216
781
379
926
89
790
111
997
637
269
144
797
291
505
294
93
810
345
624
950
976
495
448
136
62
79
228
131
697
19
647
683
755
322
565
573
787
315
416
314
250
301
144
387
671
336
563
480
871
303
505
62
799
213
423
175
774
484
543
602
829
221
313
128
720
321
102
760
613
261
329
58
264
266
584
904
16
218
733
462
882
390
260
371
857
987
700
122
421
172
849
708
677
253
259
143
550
72
757
292
935
994
864
110
352
722
664
773
294
171
392
282
89
639
657
577
727
987
697
425
739
917
443
433
431
498
768
860
89
27
46
636
921
193
143
902
798
24
259
343
790
995
95
118
838
404
819
505
851
47
834
843
93
913
767
611
300
458
569
574
660
448
769
661
535
948
487
98
285
315
436
930
971
641
540
724
814
955
420
845
385
837
50
959
92
66
599
565
893
728
595
515
122
244
486
408
258
728
837
744
790
899
913
349
920
926
632
146
257
984
102
448
612
776
274
890
246
967
425
585
487
16
316
571
424
427
590
947
138
88
220
522
276
646
341
446
52
461
508
638
35
578
477
114
404
83
240
134
735
860
972
902
994
84
621
88
949
271
495
113
293
655
260
508
607
969
434
136
790
248
638
267
882
147
648
455
948
669
953
806
87
429
871
965
121
447
547
894
324
551
358
210
917
978
385
640
118
738
761
603
992
843
137
67
23
431
810
226
307
801
422
108
961
219
633
934
873
976
501
934
95
494
927
761
911
585
466
266
152
204
126
653
829
939
45
846
275
337
504
108
888
25
988
844
857
194
353
791
661
769
732
430
12
625
771
89
811
253
180
910
779
235
239
57
834
452
88
22
656
205
31
574
137
201
530
160
798
795
488
609
675
399
799
983
421
190
737
491
917
799
403
646
11
596
161
919
370
424
272
610
314
571
55
314
684
854
443
429
735
267
930
221
671
251
928
810
797
163
719
105
57
795
726
949
301
311
494
228
345
319
709
795
634
214
850
772
366
392
297
816
35
550
695
744
584
384
427
314
186
183
217
943
571
904
740
92
656
79
515
295
125
228
150
981
490
781
659
225
517
124
169
35
844
111
574
89
540
123
463
328
833
920
769
175
579
900
82
980
90
903
357
369
29
225
253
42
336
130
448
973
80
320
321
427
545
561
798
621
251
48
868
151
162
914
280
323
818
606
115
644
45
263
559
84
455
34
821
677
914
173
316
233
529
607
53
411
430
509
334
894
105
842
367
483
935
784
245
357
374
767
757
335
286
196
299
719
808
567
352
170
113
900
265
863
328
355
284
416
992
622
177
915
519
287
863
135
424
475
461
914
150
940
896
623
968
363
5
845
102
135
122
702
671
568
586
70
78
135
65
826
695
919
939
563
13
990
266
727
998
265
313
509
263
0
403
738
331
915
27
279
874
567
646
942
333
613
276
149
538
44
143
995
615
895
206
699
955
667
388
837
370
881
198
244
276
196
829
319
874
849
4
29
37
588
756
848
990
589
238
783
992
212
993
410
435
107
210
955
889
934
694
327
397
672
395
335
327
213
243
786
461
881
858
841
493
233
832
368
118
684
112
108
570
643
31
711
996
143
304
250
467
33
95
833
938
818
89
763
693
249
777
334
714
849
962
624
561
979
847
963
318
540
854
404
875
763
24
764
222
116
145
252
184
785
418
334
874
861
812
740
408
95
551
465
358
714
311
89
315
439
183
412
156
956
601
572
793
662
48
390
20
784
364
421
29
857
997
106
639
749
296
539
540
569
828
832
685
667
963
98
107
202
830
801
358
155
857
928
101
236
180
905
862
401
293
287
218
392
459
693
834
541
906
132
157
528
494
477
676
130
408
284
697
750
768
404
39
120
23
19
823
891
767
371
809
252
116
541
959
399
750
551
357
418
203
102
183
427
153
71
219
271
869
243
379
727
251
231
492
389
745
34
190
322
277
311
424
762
479
252
289
204
556
112
679
727
651
581
548
908
154
117
713
934
822
472
492
103
436
242
200
571
185
215
108
481
905
41
792
391
196
423
460
642
972
333
398
545
252
958
546
37
936
548
370
512
899
371
678
581
50
50
697
411
101
431
311
893
287
434
190
572
180
501
633
800
397
513
410
744
995
123
701
851
892
505
155
334
848
700
767
71
228
339
899
441
681
462
533
855
197
140
49
299
7
558
288
661
476
888
855
277
428
329
936
915
399
958
124
908
903
693
107
937
924
231
158
638
422
408
380
893
541
541
373
614
938
291
727
48
501
633
149
805
726
284
380
928
696
649
18
868
947
983
140
872
58
421
113
279
237
612
222
759
489
736
586
733
881
45
77
119
881
608
517
921
177
740
679
608
996
928
704
159
102
91
823
19
409
216
654
725
226
275
137
102
679
669
285
903
333
111
831
52
685
935
154
223
399
422
661
870
163
808
707
829
280
853
956
607
476
917
992
534
890
563
810
949
339
301
829
326
689
591
758
218
980
365
699
748
823
976
305
191
994
812
288
971
959
910
307
779
511
43
977
433
315
999
896
20
661
161
86
807
354
198
20
241
751
217
94
914
923
214
283
337
284
200
503
970
567
556
729
756
341
82
763
449
85
62
457
63
796
399
765
793
410
419
665
711
903
696
119
816
794
667
29
161
459
779
73
897
685
769
896
114
686
627
62
841
269
566
912
631
184
659
139
704
357
559
788
728
449
248
737
407
676
667
469
773
521
454
430
945
754
243
939
860
436
400
230
263
72
943
503
449
607
622
937
560
699
291
846
170
925
425
48
996
737
700
247
651
35
265
206
53
346
31
500
11
59
641
549
941
442
19
567
403
396
918
232
22
319
465
832
788
890
234
653
252
57
598
40
77
124
660
925
890
130
400
147
831
972
755
881
3
615
583
287
724
988
477
317
297
666
612
690
20
343
34
997
328
660
274
205
101
908
994
223
597
208
122
863
148
836
122
915
771
718
640
456
861
303
682
111
241
196
780
85
386
317
79
491
692
657
388
774
21
680
923
647
540
754
180
719
70
143
942
286
528
290
566
273
253
626
448
233
898
627
672
832
982
587
903
294
955
257
784
332
297
60
810
419
32
102
443
667
62
724
449
993
522
758
170
783
793
723
976
946
192
591
992
673
328
586
918
128
48
112
999
757
736
929
486
851
988
637
101
703
71
818
295
120
322
259
69
968
906
866
184
607
159
441
840
88
264
977
558
907
126
860
537
61
366
8
874
869
19
247
301
357
959
559
559
258
230
274
651
144
761
682
239
650
387
559
935
861
127
698
313
1
553
790
216
60
573
337
516
554
23
114
842
352
251
408
196
549
44
423
442
637
312
906
976
197
425
50
982
166
727
731
435
357
38
515
408
40
75
361
849
608
589
573
318
710
795
928
563
402
353
298
87
62
4
896
576
450
959
791
367
875
152
702
258
495
739
401
915
218
105
22
350
912
259
604
507
509
126
648
540
726
213
228
380
281
941
742
275
905
502
297
326
56
314
489
852
602
370
176
759
418
926
578
988
285
451
844
544
373
69
95
170
822
296
910
27
211
511
4
147
890
432
872
547
969
567
0
798
735
868
238
919
57
546
665
668
779
569
359
139
438
572
786
165
754
179
985
264
125
330
940
213
742
308
458
624
879
595
939
836
136
792
467
625
35
683
996
637
399
797
599
811
40
591
794
579
791
561
116
2
268
899
747
573
569
890
266
424
332
384
108
253
965
693
665
152
118
939
898
861
469
473
704
410
627
488
945
307
890
464
113
107
557
907
687
823
868
369
667
525
588
995
513
392
661
348
679
307
948
493
531
62
696
187
370
390
323
709
649
846
613
698
977
81
732
496
292
755
316
155
576
512
554
192
900
764
223
20
919
814
190
257
11
859
598
427
297
105
767
996
599
34
862
23
564
189
362
788
823
938
671
438
171
72
542
951
794
256
148
237
439
931
725
163
698
288
843
634
194
207
597
297
341
239
936
557
941
474
406
456
1
560
989
487
602
759
9
484
413
781
421
770
369
409
605
801
830
915
93
625
237
563
454
325
180
273
894
645
222
49
147
409
884
710
247
820
488
247
269
694
822
218
687
231
298
913
215
45
663
528
171
687
936
379
652
556
459
856
150
45
895
923
434
973
87
3
290
93
748
37
755
443
200
187
591
407
805
915
186
389
318
276
288
684
911
504
749
279
478
907
190
148
374
674
735
752
420
61
525
520
227
333
305
657
768
959
657
673
810
599
819
16
449
880
874
316
781
87
789
305
954
149
801
723
458
579
170
965
783
874
217
528
291
329
905
507
874
489
176
252
754
949
288
122
444
453
620
233
953
750
816
14
286
248
884
410
305
427
972
770
569
698
503
294
875
504
263
532
308
918
200
963
746
271
135
536
631
163
521
617
587
234
269
782
152
831
832
314
164
843
448
48
524
780
430
604
352
28
958
100
11
151
493
450
967
743
358
922
816
20
960
805
868
525
200
916
588
970
64
722
664
687
369
216
8
628
892
472
552
144
586
936
925
182
285
314
902
604
259
351
799
457
892
34
464
624
269
328
898
974
214
192
332
849
513
991
505
322
539
553
873
822
605
211
810
746
531
384
67
726
8
503
149
629
508
603
249
261
733
23
728
871
361
835
637
902
736
390
551
16
593
689
375
861
734
154
902
981
239
578
736
689
551
126
112
204
566
226
51
974
310
410
78
795
830
479
403
34
834
13
180
666
694
11
34
923
632
320
388
563
784
395
941
166
170
415
810
945
453
822
304
333
553
848
541
139
461
94
479
594
433
539
222
746
451
843
670
252
34
908
418
56
400
981
700
404
858
977
212
745
549
884
967
594
814
574
960
963
458
919
410
233
401
903
271
890
918
963
670
728
915
701
961
572
425
864
660
165
879
948
779
814
642
898
922
669
417
419
319
387
554
902
293
570
202
661
978
6
862
204
946
842
186
142
59
508
890
791
955
40
379
673
420
942
861
87
721
269
397
984
71
801
393
873
628
548
912
58
77
235
727
329
53
872
644
76
228
459
871
564
569
732
346
992
835
285
811
879
209
430
578
716
682
482
149
49
946
286
993
324
695
617
581
939
695
233
423
21
555
321
887
836
768
119
123
493
64
138
336
562
255
859
265
883
484
298
469
335
670
377
26
751
702
93
231
94
294
911
268
944
171
965
581
186
558
960
335
981
460
875
814
204
348
382
691
983
200
81
543
878
503
634
717
341
958
877
341
814
57
552
416
790
788
651
555
936
660
590
204
281
539
589
693
633
620
782
531
780
133
118
295
15
36
873
389
943
119
522
160
982
664
77
770
85
151
761
807
777
123
365
490
76
281
147
16
536
473
320
918
876
969
867
345
586
27
452
712
89
557
798
52
188
320
962
403
444
226
126
353
349
599
236
998
230
70
437
271
533
602
314
842
148
60
440
294
540
297
904
896
959
806
263
665
849
561
936
546
976
257
958
889
509
53
479
486
266
7
770
641
753
291
92
986
518
904
520
984
940
660
307
622
562
142
387
443
513
877
604
139
46
985
684
401
704
307
148
148
412
50
788
959
376
518
315
756
3
557
508
85
60
965
748
413
729
37
843
500
5
475
83
626
165
352
998
741
775
719
358
271
556
184
41
958
637
840
948
555
53
426
92
881
203
438
436
219
926
841
822
897
244
759
80
883
798
33
963
285
425
643
657
816
276
961
31
201
896
426
431
432
803
542
270
164
483
816
86
338
110
572
714
750
110
81
44
318
548
780
430
807
392
684
151
516
866
537
172
142
756
567
658
927
26
628
708
824
498
434
633
379
511
376
664
981
143
236
664
731
153
469
602
387
952
361
410
350
586
9
322
620
588
221
513
35
945
95
369
95
304
980
921
376
697
32
735
172
128
63
897
578
790
818
67
206
741
843
705
549
77
570
649
556
319
512
868
292
65
848
701
952
352
116
382
898
846
440
975
508
838
5
80
845
268
914
69
918
281
946
652
443
737
977
824
519
286
626
82
799
220
588
756
384
947
762
38
761
534
511
23
978
585
860
132
34
619
97
670
275
413
692
794
771
412
252
835
558
947
981
999
871
487
755
17
335
257
392
237
486
622
82
783
448
847
400
32
895
969
899
589
487
5
747
836
768
216
205
836
319
300
176
163
534
75
972
12
196
686
13
127
216
333
965
968
149
856
568
143
515
760
252
108
584
885
628
671
798
415
252
132
90
773
509
807
304
35
309
631
266
179
117
340
473
496
169
522
719
52
940
33
74
48
45
141
609
792
505
476
16
700
846
226
495
808
171
20
657
574
861
651
119
148
599
700
677
321
572
617
142
575
515
775
255
881
923
4
955
286
452
774
175
83
623
278
930
386
669
455
443
639
163
358
599
109
78
212
165
66
347
563
514
850
758
475
217
256
409
49
823
650
921
794
534
47
85
542
929
450
978
983
478
943
179
135
564
411
768
923
459
771
486
164
399
705
608
370
443
614
776
391
598
950
67
840
746
700
177
329
319
505
823
321
219
903
48
679
707
576
917
149
322
631
341
754
151
706
236
190
31
891
268
675
572
206
629
760
431
324
334
721
501
536
704
196
404
615
827
382
478
980
180
631
100
492
964
659
860
187
493
360
217
76
574
495
814
715
341
730
548
788
816
711
293
71
393
319
314
926
568
982
685
756
829
81
753
562
215
908
399
394
698
877
274
518
127
343
221
667
32
404
366
150
871
353
965
459
242
180
658
215
290
425
519
396
814
381
461
318
141
138
942
711
88
393
789
636
847
949
78
286
235
89
85
364
155
174
956
571
482
259
421
42
503
807
236
98
586
152
417
156
553
314
795
242
773
753
48
758
395
143
247
132
943
40
122
889
248
91
482
899
716
205
767
567
351
602
566
638
947
325
706
484
305
991
362
909
190
433
422
143
728
983
144
58
700
972
993
384
860
902
750
601
496
511
679
755
788
29
654
549
407
479
600
127
545
743
556
789
596
129
319
427
331
834
774
277
490
867
220
990
219
857
494
284
173
676
619
695
762
839
739
236
176
269
749
89
462
479
811
939
925
995
584
583
987
93
796
601
583
646
174
653
389
350
994
182
484
916
892
757
24
613
638
539
249
976
919
473
25
904
606
222
56
89
33
778
897
989
773
250
598
431
227
894
132
960
822
46
681
390
983
108
735
47
599
818
132
169
512
920
912
45
554
814
784
381
499
670
600
404
661
4
949
451
696
558
915
861
131
952
959
484
759
724
957
518
896
93
70
927
502
33
539
842
144
723
429
849
855
222
485
514
681
664
759
606
173
100
759
542
256
503
572
157
155
334
468
498
555
366
473
330
161
395
542
541
41
487
824
450
150
460
569
370
220
271
768
326
414
789
975
249
880
796
161
500
260
977
300
720
867
62
548
802
810
14
137
703
531
89
532
878
10
908
900
892
94
584
999
101
578
971
465
413
12
728
180
409
572
842
785
969
749
321
601
569
651
88
323
913
261
918
376
179
682
422
173
728
103
258
305
681
288
690
376
509
210
462
89
878
62
454
626
833
610
967
370
804
394
845
591
600
156
205
873
539
250
260
72
161
52
556
631
151
507
578
529
138
384
158
296
414
225
921
942
503
457
879
231
165
677
978
925
14
887
566
693
347
220
310
182
797
326
62
541
953
151
803
254
78
422
819
216
865
197
360
819
65
810
318
111
207
700
612
716
499
812
469
453
209
448
720
57
783
67
316
505
814
481
807
632
509
222
11
535
831
719
737
471
543
706
939
263
553
473
927
906
324
936
776
196
216
485
670
17
319
263
740
949
736
987
893
22
469
44
623
569
546
314
14
383
353
714
555
117
366
877
101
495
756
307
539
124
302
89
563
909
166
550
747
95
292
41
329
431
546
423
972
226
947
237
568
406
757
513
955
20
623
236
51
658
591
379
422
320
986
698
727
215
319
793
794
281
4
623
418
87
557
197
445
378
675
881
390
39
395
782
559
319
458
596
391
17
921
934
863
540
566
637
968
856
912
961
52
947
346
419
29
966
188
289
725
44
434
45
790
749
182
939
277
678
834
56
934
736
630
527
116
568
202
838
839
717
879
643
149
931
338
554
215
805
729
264
688
180
845
661
539
75
871
659
241
583
21
880
687
101
963
325
901
505
901
886
459
878
523
569
330
135
505
339
417
152
915
182
884
236
884
233
556
632
149
513
384
333
797
259
391
288
393
556
268
948
280
75
803
225
890
839
55
600
70
90
207
349
891
121
4
379
101
733
602
947
248
158
202
700
922
507
662
190
391
615
123
981
319
607
178
223
288
310
327
472
951
641
585
507
294
179
467
409
90
288
686
608
221
648
934
11
567
725
490
919
908
572
497
448
955
776
971
996
369
698
638
933
35
571
917
107
148
303
312
326
154
90
659
641
828
181
163
453
962
189
479
244
354
691
392
950
949
952
358
183
929
79
690
852
251
977
836
423
840
659
774
733
828
556
724
886
210
75
67
990
782
107
271
491
566
154
21
116
511
893
849
717
444
388
966
243
184
542
38
4
700
554
886
240
604
77
356
963
248
287
938
644
545
89
312
862
558
335
525
319
989
982
256
758
265
999
836
336
923
950
284
932
82
585
85
409
347
930
516
923
35
440
518
823
920
679
666
246
625
231
292
415
975
275
971
515
211
425
307
984
989
790
836
794
163
147
152
774
785
20
990
660
409
165
50
537
171
162
300
831
548
349
11
25
137
506
532
899
626
670
957
822
659
368
204
734
3
234
664
379
766
656
317
466
448
606
481
526
541
996
491
170
594
339
926
58
478
463
760
202
539
912
985
970
55
258
567
347
942
61
891
148
586
917
638
35
902
778
479
650
649
408
598
368
514
939
574
891
153
652
846
472
212
993
987
805
170
435
462
981
304
655
525
758
519
106
194
462
928
933
453
935
946
10
747
522
500
237
500
574
827
332
400
232
349
785
131
911
716
445
418
284
840
93
618
176
572
221
122
877
85
345
374
722
108
459
29
240
947
443
83
77
89
563
992
964
496
360
874
997
694
775
772
671
28
81
234
90
526
409
589
984
233
292
324
230
31
43
79
877
350
803
197
244
845
691
663
765
80
505
370
715
176
185
943
816
560
125
461
96
911
446
37
588
339
976
136
589
719
983
183
180
396
610
659
363
607
137
25
8
104
890
745
941
689
36
11
163
813
752
944
24
840
881
589
937
45
300
314
828
827
947
967
937
925
140
236
935
978
33
209
32
666
109
168
67
784
478
310
176
942
455
529
436
351
829
487
811
4
758
728
200
967
27
530
413
453
297
541
480
80
783
631
535
835
610
596
656
347
550
282
701
216
549
258
788
675
937
997
498
821
112
573
232
566
32
61
120
345
769
613
929
988
613
772
650
458
12
319
275
637
486
203
888
629
689
444
125
141
947
901
773
738
464
9
392
653
379
628
974
170
571
690
577
493
224
147
959
634
527
525
749
298
288
242
216
874
566
677
683
483
720
156
773
956
803
379
924
12
657
893
64
612
113
747
977
725
807
498
817
196
881
921
24
612
238
399
217
453
678
417
424
102
177
344
790
46
952
593
224
801
786
687
144
247
926
191
723
900
613
30
393
958
153
36
982
929
437
596
281
149
527
135
887
380
494
441
385
589
875
970
372
420
861
467
378
835
91
111
669
824
735
714
629
112
48
534
949
800
605
183
234
485
617
582
185
533
605
463
305
51
524
545
983
686
666
283
718
877
501
750
3
936
15
191
161
865
64
312
153
103
667
759
133
182
658
20
847
931
79
100
501
786
38
376
23
190
464
655
654
343
814
620
266
843
132
824
53
126
487
320
555
52
516
134
105
594
224
416
188
878
893
582
766
762
118
864
336
732
212
925
830
18
222
929
72
691
204
280
833
886
492
101
408
597
501
191
207
147
807
403
185
566
35
303
462
877
948
570
429
109
929
234
720
944
646
239
64
790
874
686
435
865
533
618
530
30
669
102
288
500
779
391
947
182
850
529
991
648
468
976
826
586
491
135
785
90
527
934
38
455
41
443
598
295
892
118
30
286
618
452
736
25
349
193
403
174
578
704
960
51
38
746
140
629
212
549
677
448
458
95
121
188
338
7
603
761
671
611
586
329
694
159
774
477
736
901
626
41
462
723
992
843
83
586
297
114
833
874
556
908
199
69
579
311
793
627
351
722
463
884
622
319
21
107
430
722
667
298
389
802
664
65
895
341
939
268
831
881
200
470
917
581
894
894
722
995
825
654
610
558
929
80
526
101
348
61
2
909
494
394
860
732
138
802
264
630
417
462
879
889
522
594
531
119
920
691
277
31
564
45
795
559
399
668
993
590
340
266
470
140
586
279
818
795
789
280
631
13
998
39
267
887
525
86
137
377
652
22
433
460
220
195
844
459
34
595
453
737
525
374
263
346
916
733
308
111
340
117
417
648
147
502
733
616
472
335
60
118
894
768
511
520
596
598
22
100
962
430
988
222
670
948
737
917
769
590
621
199
494
854
743
750
803
747
169
692
621
163
309
393
278
631
510
810
558
538
171
47
223
454
335
219
737
630
855
575
736
348
988
970
61
807
465
610
589
31
753
277
133
791
36
29
926
842
721
135
118
149
618
826
222
979
620
593
289
714
73
977
691
677
745
543
134
259
876
354
757
75
151
611
15
794
473
369
844
346
925
346
705
178
732
574
533
251
792
446
266
136
828
951
225
523
802
608
533
992
502
230
416
182
518
557
198
740
347
173
51
47
714
396
544
324
605
186
678
401
318
346
998
737
947
206
396
259
86
278
318
167
883
36
21
332
387
346
744
238
934
648
919
231
893
363
351
789
810
323
263
762
492
923
644
748
525
205
991
425
995
749
667
243
642
544
734
103
726
319
717
437
417
47
174
883
673
285
697
787
962
53
236
591
351
516
57
959
766
746
549
805
425
0
806
701
919
952
783
120
839
761
25
223
253
754
297
490
843
127
90
603
803
898
412
542
274
474
741
296
361
585
585
288
410
86
289
837
490
396
592
77
337
109
161
695
939
844
633
810
996
11
821
619
319
79
389
607
641
742
547
1
366
695
822
405
80
902
323
156
82
483
640
407
202
847
146
46
886
729
77
413
89
960
838
577
87
987
686
450
771
129
516
754
144
923
902
257
937
408
611
576
566
367
430
254
198
885
597
898
802
90
752
507
156
508
232
583
900
300
477
375
126
185
589
606
859
782
638
858
939
618
176
538
822
843
481
46
305
466
94
541
656
150
542
247
91
393
360
949
871
481
532
304
219
207
624
8
823
188
102
310
646
277
186
257
334
318
648
236
988
860
168
96
178
752
554
29
57
336
716
841
294
583
460
196
878
314
728
309
636
103
815
890
148
515
497
166
744
328
662
649
611
837
22
624
141
916
67
472
241
145
972
475
6
78
583
747
516
345
801
504
992
81
586
95
255
45
913
97
651
796
282
960
861
823
678
659
896
462
407
481
245
857
156
884
824
964
42
635
479
263
756
956
695
551
955
961
233
65
344
640
486
417
144
903
157
318
642
668
728
141
152
125
848
574
599
645
923
108
596
515
153
569
273
617
637
377
26
63
177
216
148
244
301
809
760
170
709
62
595
265
548
881
258
222
455
716
319
844
909
862
495
117
852
286
204
774
310
682
566
773
639
761
138
126
424
408
96
569
924
304
545
143
344
227
945
970
326
100
188
50
358
165
820
76
737
960
68
730
800
128
163
917
643
687
866
916
532
629
158
527
796
220
687
786
373
91
620
914
149
291
486
93
562
680
430
849
645
151
629
658
261
504
491
956
789
915
51
625
698
839
815
658
64
425
251
570
713
596
618
448
398
887
563
691
378
144
156
830
952
197
980
299
303
884
396
839
997
748
311
484
165
604
895
302
314
243
780
209
881
226
540
753
307
183
631
961
664
625
268
271
37
986
818
23
485
741
494
533
122
335
342
710
821
380
510
627
49
444
313
505
533
486
144
669
616
200
13
226
841
506
756
857
617
503
125
490
560
73
40
670
865
191
509
692
969
716
450
341
809
987
458
241
808
549
930
246
144
570
581
669
123
742
530
955
584
185
822
431
142
283
12
763
189
765
854
151
868
138
33
112
790
265
14
816
316
450
981
534
445
505
861
85
418
778
667
439
211
906
479
469
502
668
136
289
138
210
194
112
467
628
659
303
157
593
62
172
884
786
330
319
797
94
339
255
594
668
931
587
766
330
525
160
253
202
724
637
264
919
672
404
1
647
963
245
408
846
225
558
133
629
972
109
939
852
398
132
226
291
177
505
936
120
148
346
346
246
618
596
150
735
12
917
798
988
760
769
340
327
872
158
419
233
930
869
493
583
923
860
671
195
389
36
946
975
527
131
962
920
702
918
378
955
245
579
620
752
748
487
355
745
109
113
963
855
630
184
575
463
637
650
330
948
268
911
181
109
911
91
658
749
904
367
701
408
794
918
126
436
939
688
129
827
486
367
815
703
366
52
436
977
929
366
626
659
283
369
466
548
833
141
664
261
133
485
607
576
20
681
912
690
436
572
888
357
865
75
339
414
818
896
296
519
878
523
471
276
764
242
138
135
749
982
775
673
582
638
139
79
617
549
267
352
137
123
260
588
995
215
622
593
711
778
582
61
897
654
255
506
149
915
266
340
918
282
628
669
860
548
982
586
337
184
163
71
398
175
20
664
722
294
68
408
236
107
807
974
822
160
906
884
769
748
536
990
783
986
192
317
463
646
957
870
429
172
927
935
118
879
606
968
695
897
438
905
211
746
841
530
911
719
511
679
404
330
221
752
763
337
765
428
549
542
977
239
271
151
229
10
62
345
148
267
20
993
762
668
741
444
491
971
873
180
152
233
549
657
173
418
16
503
641
326
705
228
601
305
946
150
220
913
562
722
733
466
231
539
578
960
518
865
82
918
286
839
961
745
132
85
419
952
53
726
68
466
438
981
891
563
599
630
93
278
330
686
954
462
666
72
782
148
808
691
890
42
174
303
161
43
692
863
216
939
972
30
906
993
968
774
722
120
701
689
523
313
549
985
626
545
730
782
461
862
318
156
307
521
27
177
57
504
598
621
435
860
483
451
974
405
437
630
981
864
250
433
429
741
892
647
696
503
722
825
111
665
165
179
436
938
812
165
377
506
767
599
904
670
834
199
232
909
625
925
662
473
521
604
623
594
548
525
816
424
350
160
253
810
715
573
586
929
721
806
627
216
866
572
570
484
313
694
96
860
786
629
813
289
403
384
960
256
847
796
305
835
571
598
436
871
341
774
352
787
224
392
433
75
496
166
847
354
533
350
560
187
358
163
874
597
257
421
999
988
259
92
412
632
638
945
722
105
474
270
310
696
526
994
684
317
583
266
268
283
564
602
187
450
330
796
45
401
802
750
155
370
471
741
259
142
41
418
409
648
492
478
441
197
591
940
134
605
562
854
536
849
785
73
332
308
55
141
435
88
225
420
581
255
538
342
394
311
835
537
777
314
541
561
729
30
196
603
505
314
846
39
981
619
957
338
845
187
291
249
41
676
2
377
909
616
372
451
52
169
305
695
503
36
599
381
681
959
464
215
249
143
940
13
572
677
962
440
821
75
602
233
574
535
729
535
364
508
981
898
147
194
546
152
392
832
448
461
21
135
762
213
165
542
853
954
973
434
958
926
38
687
983
980
411
749
330
56
38
141
749
587
90
107
246
325
581
915
408
271
681
9
898
127
326
392
249
109
278
621
824
122
391
628
547
453
835
338
38
598
591
912
25
240
320
82
319
177
261
12
364
631
950
408
221
697
67
721
547
280
752
74
605
890
659
637
700
449
688
198
96
755
90
999
417
668
247
737
679
327
606
46
650
117
425
444
164
929
910
591
230
616
470
664
335
110
452
135
2
7
709
702
604
348
470
136
31
968
56
509
779
609
725
985
824
232
645
102
907
17
361
405
966
846
74
53
436
347
721
674
810
907
640
955
151
634
466
286
880
464
671
369
186
480
478
412
250
257
506
404
858
939
40
846
836
784
823
702
512
74
539
379
160
530
987
326
343
825
558
518
495
368
778
781
669
543
734
277
146
626
254
834
251
757
857
993
111
327
526
588
893
760
543
813
231
422
418
611
270
891
690
754
308
835
875
498
591
71
296
717
374
827
824
132
236
37
233
761
74
315
456
478
122
788
219
561
382
991
738
292
48
727
88
962
258
898
231
433
904
889
17
448
322
814
818
190
562
349
371
588
653
583
258
296
812
246
725
378
825
941
716
290
931
137
593
317
282
788
845
131
542
891
501
292
723
81
461
997
196
946
645
583
146
591
347
737
151
439
881
612
652
27
317
303
619
591
993
547
653
718
146
118
460
228
834
540
925
224
71
226
486
399
202
827
427
82
761
202
603
839
433
176
810
122
298
773
113
992
361
314
38
442
261
658
333
781
219
874
692
820
796
513
844
573
613
64
664
204
171
722
47
847
513
782
313
432
350
753
197
721
336
706
848
550
537
522
525
880
25
849
363
914
20
92
475
818
710
842
92
310
570
510
818
264
811
555
396
0
200
390
339
333
602
225
340
916
572
843
843
589
160
781
466
985
668
277
90
449
181
844
136
760
363
329
828
541
853
841
794
750
190
498
294
532
720
428
525
143
283
793
343
945
51
692
374
659
706
652
9
902
822
375
353
71
50
329
351
727
872
896
11
270
422
718
633
60
93
448
911
759
385
184
148
700
369
209
330
24
574
358
908
228
697
488
155
46
591
934
172
785
670
421
599
824
588
340
352
136
120
234
436
505
796
320
89
803
511
554
9
541
176
430
218
104
497
963
519
627
286
502
874
292
667
170
773
889
197
499
509
792
281
300
750
103
230
681
761
149
855
877
185
729
652
502
625
833
216
718
918
404
778
336
321
971
183
499
792
679
888
78
538
500
100
300
637
514
449
379
590
227
572
237
787
981
498
15
873
435
584
349
540
743
592
736
38
217
923
236
330
546
752
480
751
333
940
286
860
550
519
240
590
789
771
248
661
383
367
596
735
981
335
271
566
949
315
540
583
160
276
300
329
668
683
538
794
266
793
601
430
293
221
404
513
723
948
647
189
863
805
963
360
183
394
454
143
771
586
187
197
432
595
747
303
631
82
349
68
520
832
22
50
422
722
242
579
243
200
432
769
122
329
998
353
547
719
859
105
737
921
792
638
153
651
489
416
916
200
183
756
881
821
579
897
523
32
32
182
984
654
796
476
827
389
758
5
916
549
369
795
544
574
456
252
671
729
259
384
29
619
62
262
195
631
704
736
846
561
830
281
976
917
259
844
651
678
542
68
369
426
526
944
577
38
885
138
648
498
844
341
810
534
423
50
286
398
494
851
386
518
726
33
77
708
560
339
513
684
390
961
555
592
177
247
429
511
46
310
225
669
96
140
704
779
604
981
98
522
438
736
773
991
177
532
641
5
82
319
524
539
771
8
121
419
376
142
433
601
524
94
344
553
157
995
671
499
112
445
710
661
479
511
33
506
772
19
869
783
395
833
236
997
652
548
878
847
201
516
615
19
73
708
821
519
497
82
416
980
986
814
751
882
645
645
410
93
178
431
769
700
806
520
752
848
837
620
65
927
68
697
572
510
902
762
473
905
485
635
88
550
830
316
538
748
247
691
583
788
151
913
725
212
540
107
388
590
145
823
863
122
537
942
520
492
212
660
54
373
224
134
965
725
736
458
671
404
572
126
304
469
595
4
548
180
622
538
757
139
78
647
101
595
421
229
856
972
901
309
60
429
921
44
785
82
235
447
716
248
456
9
83
225
257
100
303
188
766
616
517
172
107
405
959
96
764
586
709
261
882
804
497
379
5
861
955
593
24
143
319
534
271
535
533
335
872
670
792
237
227
311
17
831
147
592
438
234
287
212
184
900
93
63
142
220
256
705
6
744
841
823
452
521
105
838
782
480
182
83
32
388
633
80
525
207
656
836
220
51
937
720
408
280
794
95
12
793
632
276
976
916
972
956
672
586
800
650
987
393
812
895
692
948
525
766
348
929
868
227
682
133
912
791
682
718
980
185
457
376
505
372
319
45
629
226
542
558
498
631
164
151
186
533
947
55
92
393
956
478
603
630
589
982
580
910
122
62
330
215
454
200
553
277
445
116
605
628
71
787
272
153
1
40
366
861
121
46
626
2
590
988
184
322
318
314
772
697
972
482
951
383
911
270
847
727
686
974
358
659
259
17
27
153
804
923
521
138
955
187
783
295
480
223
609
841
699
250
902
206
868
234
566
428
429
776
44
732
298
579
330
627
848
132
202
686
604
185
373
339
105
337
134
971
40
155
235
288
273
88
308
787
658
271
641
115
992
566
235
122
865
137
466
90
136
358
893
856
695
510
618
761
156
310
339
376
682
407
693
265
81
840
925
637
986
926
926
8
741
453
263
709
304
8
322
541
725
124
330
221
514
743
214
284
468
328
945
823
421
995
763
5
341
33
549
831
477
17
721
492
812
259
454
54
241
746
302
376
345
997
749
286
785
307
991
949
746
25
28
150
736
866
298
518
830
842
331
411
24
29
377
789
698
861
839
89
949
224
118
13
785
465
493
207
109
674
866
844
153
978
941
379
379
614
152
443
814
948
890
566
220
410
595
82
610
613
515
102
569
753
932
954
497
158
354
101
736
6
465
126
806
157
502
921
121
829
980
654
337
694
970
140
266
743
747
708
770
293
67
370
794
818
671
403
271
400
923
758
200
575
517
996
945
610
990
235
777
386
278
728
529
73
499
259
606
651
830
835
65
519
484
752
922
744
498
124
722
597
197
776
386
83
94
333
978
378
127
804
470
305
593
450
546
975
60
480
846
336
110
704
841
463
832
816
141
735
965
883
799
191
572
806
708
381
370
41
988
779
779
539
29
327
672
752
62
919
375
227
98
199
794
140
580
371
289
69
940
848
34
585
185
456
590
444
246
54
199
817
626
49
390
180
351
82
849
210
29
285
832
777
523
330
761
818
926
928
93
989
627
343
770
784
238
838
591
216
825
479
81
150
964
456
718
634
40
450
411
613
858
492
466
680
341
368
967
783
692
992
337
770
760
936
831
626
421
285
475
439
859
813
526
585
20
410
96
38
679
24
718
241
707
768
272
589
918
623
935
972
184
839
87
397
446
556
525
995
621
652
499
657
680
764
624
143
315
725
978
109
69
307
935
438
598
693
134
331
122
218
993
448
375
36
123
41
541
251
249
832
107
639
75
629
670
497
312
246
639
109
428
844
591
679
155
364
840
716
224
379
541
144
716
246
472
71
975
788
751
832
284
871
538
221
473
681
440
818
726
877
4
370
433
927
64
884
527
312
919
610
65
987
501
181
989
794
421
389
494
63
707
170
552
602
373
638
494
440
461
899
992
888
409
791
626
163
965
810
382
586
679
787
310
852
101
589
938
271
324
166
134
708
123
251
761
384
449
964
973
926
538
920
80
750
977
65
193
99
769
114
831
442
604
696
279
829
546
584
489
786
85
756
659
450
343
641
656
26
265
253
659
250
23
385
434
23
536
622
954
345
272
524
505
433
582
563
255
962
185
935
54
217
526
885
879
712
732
816
725
143
186
114
763
120
180
271
34
633
276
636
939
460
188
760
923
250
673
259
175
73
659
39
964
327
772
652
881
646
346
638
835
285
436
404
811
443
297
589
721
792
673
119
140
346
106
870
445
382
231
620
599
689
953
836
92
607
992
880
743
707
172
697
67
533
132
677
132
235
964
260
133
344
589
575
174
283
490
921
337
373
698
438
125
99
310
678
966
433
989
537
221
145
283
724
772
914
894
898
821
955
910
111
419
93
508
374
939
703
591
874
658
19
452
171
929
135
864
82
866
880
123
24
639
638
526
123
537
300
418
415
508
407
856
614
992
590
297
768
581
426
191
77
283
78
877
480
259
293
32
284
758
502
179
327
465
36
801
203
543
598
274
59
182
179
50
186
176
412
739
465
71
929
347
525
80
734
496
835
379
457
903
369
971
259
137
118
461
148
765
315
252
814
791
585
159
749
432
967
53
882
969
5
691
258
652
664
306
461
62
587
719
765
953
155
376
577
969
446
944
47
924
778
212
270
761
245
509
815
568
20
588
897
618
88
974
871
230
484
590
313
947
217
646
38
331
594
18
571
461
420
812
351
122
768
473
702
82
93
948
100
50
35
692
112
848
112
21
475
899
858
631
750
605
861
835
443
756
146
797
31
350
614
928
251
418
387
244
87
602
483
640
880
953
759
694
501
632
657
980
598
499
750
944
876
851
517
222
471
934
508
558
275
639
740
69
842
904
758
948
579
224
36
211
125
874
320
836
0
222
25
184
575
732
637
467
859
567
194
271
151
175
282
344
694
931
411
594
321
153
144
797
786
807
1
843
918
20
525
684
670
740
707
254
673
260
681
719
497
73
728
636
488
269
814
122
533
166
513
605
896
747
776
123
414
392
893
212
869
961
904
321
242
69
202
11
862
558
979
125
19
510
404
559
653
689
180
947
261
61
538
475
21
196
649
860
938
46
472
810
701
403
214
555
812
173
703
627
243
807
384
588
429
738
855
171
328
274
616
23
516
847
107
426
189
657
56
334
356
645
935
978
435
855
724
925
667
865
434
521
248
552
64
534
839
962
870
116
873
959
41
512
399
393
533
331
518
275
98
293
135
286
757
592
824
247
616
67
686
223
987
939
818
347
428
86
704
848
639
963
252
105
102
621
719
307
97
119
744
463
28
826
568
650
320
34
691
318
434
763
708
304
722
852
858
265
616
266
60
433
489
613
273
442
443
356
517
871
321
599
421
699
357
199
152
896
166
926
440
470
199
263
516
403
705
634
71
983
283
636
754
48
102
595
292
418
23
481
671
551
71
993
466
582
744
471
423
314
289
42
686
0
982
444
970
683
97
459
856
410
811
831
715
499
439
830
256
889
328
321
784
573
858
803
70
621
535
963
526
165
161
318
778
479
768
945
791
752
681
268
459
894
789
613
820
741
298
181
467
319
132
172
171
414
558
173
202
269
323
480
242
683
669
55
685
990
400
807
145
17
791
970
572
209
867
639
875
64
272
57
804
955
248
579
662
384
500
925
252
612
830
933
318
867
829
485
678
292
647
681
82
298
289
169
919
174
829
603
666
216
430
920
925
552
489
296
35
459
106
161
302
736
120
414
984
232
322
200
344
962
623
187
430
724
489
65
14
291
700
471
376
939
746
419
340
890
987
255
123
69
94
664
937
602
318
863
909
678
59
792
263
637
992
804
467
500
749
326
474
750
988
164
668
841
768
780
739
235
435
597
876
668
12
318
810
640
86
102
910
569
950
754
782
631
445
433
543
106
730
601
215
145
301
830
307
430
833
826
562
111
125
296
127
933
231
769
409
747
974
447
816
249
818
769
868
346
498
703
828
919
819
460
561
841
830
316
907
180
939
373
303
729
570
99
51
818
708
780
669
324
462
382
157
884
322
535
961
838
403
471
119
843
75
670
414
814
293
674
660
583
875
500
321
808
960
429
787
38
324
988
359
673
934
262
789
728
225
218
556
313
33
965
911
234
15
319
208
413
423
573
205
376
364
116
59
861
149
445
134
787
731
697
633
139
301
451
194
113
108
998
766
69
631
129
209
547
334
186
540
650
517
62
387
687
228
639
180
438
86
784
166
830
110
45
639
128
483
827
132
884
682
248
420
669
696
955
614
454
12
462
534
616
985
40
969
180
736
972
544
653
23
524
22
246
908
911
700
241
468
516
545
99
938
91
566
57
929
811
626
241
627
992
283
215
71
499
28
122
863
896
42
663
939
335
738
648
109
520
376
983
602
398
719
861
286
111
33
839
75
625
791
135
805
692
690
953
564
157
85
143
489
909
213
715
975
296
152
98
561
373
803
840
754
304
421
319
383
163
192
285
635
799
421
649
122
120
420
42
494
488
231
294
893
298
477
191
421
723
668
847
632
789
142
329
891
433
824
23
23
379
768
492
109
772
438
701
956
984
641
143
462
155
394
624
217
57
449
985
452
190
764
88
448
835
546
746
863
584
946
912
943
229
421
539
604
512
516
340
203
700
778
345
401
644
230
134
165
864
623
242
742
735
995
690
7
243
515
169
434
217
305
388
660
460
769
796
428
532
572
714
892
284
715
182
881
566
741
933
629
515
931
949
566
755
509
887
957
91
602
156
902
532
12
570
244
362
152
475
53
921
764
324
126
49
175
156
271
336
220
51
268
762
970
53
731
426
957
569
782
83
38
830
954
452
497
734
436
870
893
697
284
370
943
455
287
817
972
28
782
811
564
929
750
50
336
31
548
888
251
937
532
740
844
891
373
454
478
411
365
304
576
887
749
675
680
684
916
788
542
45
56
361
228
732
750
278
444
128
192
470
765
489
697
996
304
380
425
303
766
141
873
691
759
106
153
400
742
716
264
723
54
571
136
646
561
917
418
15
904
987
722
474
749
741
43
933
613
392
143
296
512
383
435
605
610
244
16
321
485
984
497
836
164
780
66
147
347
818
434
164
22
453
758
495
52
433
527
344
798
997
312
374
133
483
122
655
758
632
13
898
379
745
919
626
216
209
188
178
553
403
849
318
706
770
304
101
552
298
841
95
541
42
160
929
212
506
486
396
211
340
549
896
980
674
380
18
578
682
108
955
409
566
51
344
961
880
420
570
608
23
513
783
235
235
393
602
152
492
235
538
885
330
270
908
542
141
794
42
828
804
237
633
363
980
573
913
698
864
422
624
918
633
77
858
442
60
37
941
966
416
658
846
551
270
712
671
41
762
252
962
474
871
864
571
34
334
692
553
26
917
310
54
985
637
678
438
972
626
791
548
901
328
253
546
40
401
302
939
49
315
612
298
666
223
464
101
71
500
430
659
38
759
402
950
602
684
555
553
287
989
1
376
212
483
463
398
509
411
402
399
62
902
625
359
223
613
523
526
814
609
363
723
575
145
987
695
140
89
937
46
874
857
701
442
179
196
915
630
269
395
753
529
340
313
657
804
646
480
880
430
669
55
943
592
625
9
89
957
771
120
214
641
414
411
84
98
403
932
454
810
217
402
261
785
282
691
966
134
903
677
763
861
749
40
72
781
430
891
994
350
674
908
759
777
329
78
363
789
674
788
852
973
372
347
875
60
288
759
866
614
91
858
69
640
264
362
728
136
275
33
978
650
962
996
515
681
700
765
615
631
741
426
77
301
754
119
869
11
824
196
488
949
71
392
605
22
17
283
763
673
339
955
924
174
584
282
749
397
349
600
141
789
74
417
604
792
590
742
648
561
758
899
673
67
987
671
505
215
529
532
508
191
221
774
38
617
848
990
559
89
423
25
389
310
602
587
939
452
361
863
96
79
381
983
60
642
270
111
26
632
538
877
80
587
579
514
24
119
645
978
858
801
466
72
383
879
400
41
937
608
667
38
71
404
868
910
298
443
322
485
604
662
939
627
691
878
805
155
547
390
431
413
972
270
46
229
836
430
265
937
836
58
479
111
858
934
282
145
166
95
913
639
68
75
96
96
415
704
515
169
807
803
658
923
785
20
296
245
51
876
288
900
139
781
870
524
852
8
517
772
700
856
63
714
334
647
320
962
766
27
749
37
988
594
396
569
436
361
697
958
573
714
211
369
996
298
338
454
833
645
671
649
475
846
163
266
721
297
280
742
670
315
228
412
709
673
654
879
246
367
36
319
848
33
212
888
761
869
81
314
261
82
278
812
866
839
212
463
645
983
59
366
993
585
314
690
628
35
807
700
73
13
331
44
546
64
268
11
886
159
68
367
505
731
324
513
234
139
500
660
687
872
329
411
993
958
693
670
638
473
838
313
542
325
318
281
498
243
789
742
332
208
51
520
715
224
223
632
261
691
541
914
945
975
626
982
31
988
636
937
947
748
793
404
323
20
532
693
695
894
373
730
377
724
16
163
294
739
374
24
245
809
121
620
43
508
99
476
689
261
408
30
79
418
449
808
57
76
975
619
467
910
348
571
460
547
176
190
130
779
147
381
871
949
46
766
575
801
364
972
412
511
889
487
834
605
412
652
877
732
574
151
296
998
87
421
297
909
156
665
700
432
488
978
374
689
62
554
249
441
448
331
91
734
964
66
230
157
428
311
410
637
180
289
27
113
447
510
987
590
958
432
601
904
668
250
438
704
677
453
758
761
268
721
69
486
340
20
733
147
990
459
386
217
658
308
366
245
111
265
490
353
443
29
535
53
765
105
285
218
648
66
939
355
498
169
162
856
24
33
460
125
110
904
135
154
960
32
253
421
626
968
830
773
443
112
340
330
803
939
756
880
342
371
424
810
473
825
590
244
484
833
554
926
384
998
600
146
660
624
503
548
139
33
247
216
873
723
665
847
799
328
746
927
442
176
694
270
498
400
449
444
118
602
980
134
43
784
294
144
514
621
270
711
927
242
803
307
238
710
799
253
332
979
427
670
540
722
318
603
700
364
570
73
205
950
764
885
989
480
403
559
17
221
772
708
912
910
926
126
188
921
653
596
345
396
372
997
223
927
588
885
160
26
955
142
979
792
317
85
114
93
627
216
925
964
999
190
357
794
100
805
485
860
541
448
504
150
603
572
613
730
318
462
42
673
129
759
664
942
962
341
840
599
157
652
633
465
52
624
727
762
959
370
628
114
488
183
253
765
28
755
871
418
222
905
445
147
19
54
728
95
686
426
754
13
101
960
920
117
122
406
895
770
634
610
853
472
676
674
366
448
206
937
367
522
59
929
477
939
591
790
325
125
79
134
744
611
657
518
734
6
29
519
217
618
757
39
890
504
753
735
194
718
825
939
658
703
370
712
438
176
76
243
989
280
151
54
22
42
316
843
83
410
144
618
393
671
279
560
515
841
452
205
703
126
606
292
13
196
866
503
488
93
262
793
498
713
186
959
682
722
541
158
243
690
657
463
590
174
941
368
27
700
191
539
686
675
263
689
352
881
9
578
37
358
479
289
497
452
708
845
906
493
558
122
481
402
813
84
816
30
528
860
372
390
994
195
257
278
235
756
713
741
85
696
221
307
959
317
799
671
79
327
198
523
719
632
969
580
863
897
532
877
599
817
204
753
881
869
801
319
507
605
751
42
602
776
451
231
906
256
777
933
422
832
444
59
310
324
553
574
729
541
204
981
408
346
869
773
619
796
266
583
537
849
553
829
733
779
669
408
751
595
540
243
551
671
39
163
132
851
198
963
67
508
621
665
106
19
641
750
533
655
625
521
285
723
59
191
428
814
75
992
634
525
126
38
767
133
297
396
906
132
529
450
708
546
327
363
421
152
161
752
170
262
225
246
93
24
786
804
986
399
714
555
147
288
719
329
817
976
24
635
429
778
73
754
755
478
344
700
236
652
883
463
791
947
392
638
182
970
202
741
986
956
576
455
404
401
940
793
629
633
271
677
700
727
463
305
459
721
304
526
127
170
654
355
247
286
939
364
691
212
270
197
743
782
143
345
444
494
759
263
429
10
622
26
645
921
322
919
181
541
451
345
809
145
358
103
95
612
994
691
96
307
58
125
230
791
161
448
652
151
730
279
18
73
825
558
186
458
316
658
805
400
698
615
717
28
585
456
470
716
987
848
399
609
215
381
587
965
958
665
513
368
998
365
481
92
757
243
503
970
229
226
429
173
280
753
288
152
226
685
868
299
400
173
925
654
506
126
442
325
893
298
600
114
286
246
421
457
46
724
451
135
453
666
315
911
607
357
767
293
174
607
432
898
918
567
301
805
437
493
757
741
575
472
341
161
379
844
773
218
763
831
72
64
824
510
934
659
158
86
136
556
549
607
665
24
408
331
809
259
117
904
263
327
82
26
168
654
750
631
716
714
579
648
462
239
265
566
801
489
773
438
363
78
422
184
986
485
664
857
230
346
275
578
212
931
737
108
155
492
2
812
224
515
525
741
458
703
822
431
421
333
169
701
791
150
772
990
165
996
142
221
729
822
806
747
516
472
410
527
838
941
455
542
486
325
206
56
119
170
530
629
754
421
962
537
337
820
792
461
824
646
429
655
994
772
908
841
911
51
85
682
621
610
478
602
275
160
959
956
219
17
344
411
349
155
657
664
180
363
441
111
710
849
487
991
568
26
691
346
779
423
670
671
912
741
262
357
96
481
33
944
929
71
111
972
300
288
3
532
25
110
750
760
425
825
642
886
943
79
493
329
368
279
534
268
872
698
957
280
473
752
428
737
733
913
793
238
815
600
383
167
844
887
762
207
792
149
910
409
921
421
853
730
555
437
756
516
65
529
345
996
693
321
604
931
494
28
187
590
518
908
962
474
412
533
756
373
672
370
623
284
167
997
983
56
97
869
200
120
287
284
802
885
912
33
113
524
686
638
166
478
755
802
652
896
241
201
892
953
108
349
249
752
184
656
301
519
47
32
411
610
188
652
269
830
455
907
694
503
132
132
969
458
818
331
74
382
741
118
303
307
649
37
55
810
185
283
244
511
539
445
558
250
440
776
436
446
772
700
902
219
430
26
936
747
998
83
516
276
619
759
134
975
977
759
21
429
802
129
230
349
117
902
191
996
460
763
785
429
829
470
999
726
222
369
856
733
11
501
737
217
370
148
510
332
241
341
348
605
781
439
374
969
19
676
516
672
984
39
558
531
572
308
485
195
62
181
880
522
104
849
906
827
936
183
562
586
512
436
258
408
170
675
786
449
33
806
476
883
564
471
911
44
996
268
593
810
706
760
556
754
700
512
806
618
510
458
243
18
697
421
112
66
579
550
98
282
73
715
404
593
574
634
438
313
799
417
613
163
194
436
464
195
792
728
217
367
756
236
642
65
523
197
832
51
893
826
416
821
223
723
83
543
119
186
317
280
579
422
352
751
345
39
727
318
614
875
78
810
261
861
337
946
528
756
576
646
719
560
859
704
298
95
285
511
287
378
326
291
685
471
947
88
807
623
549
212
216
110
988
107
37
812
828
340
265
795
47
591
451
808
846
194
697
738
116
832
236
880
925
470
909
532
519
913
379
810
509
799
277
835
231
454
132
631
65
447
575
419
129
92
550
44
895
683
835
90
115
331
433
576
945
261
737
393
377
55
9
170
810
12
486
366
286
398
94
112
408
95
103
107
846
233
736
378
6
602
716
836
174
393
787
407
559
882
300
980
266
897
511
12
349
82
313
236
115
141
139
735
928
344
767
480
102
658
788
251
75
968
709
612
632
990
824
923
645
203
817
275
677
137
210
55
384
675
758
591
6
487
182
952
833
198
555
182
17
496
16
713
817
392
547
240
758
881
74
645
517
244
368
634
106
383
504
853
387
43
625
334
401
211
829
773
868
719
143
638
506
845
758
922
512
603
801
108
311
989
993
446
496
720
891
920
55
882
794
524
473
977
187
681
330
118
800
909
348
833
562
728
197
924
881
728
849
835
289
937
662
67
321
291
285
282
21
660
62
475
759
47
929
520
595
950
265
322
943
209
675
392
921
312
32
730
127
19
125
922
967
705
501
121
417
303
136
424
238
508
825
814
997
416
595
330
216
216
549
589
288
853
153
636
480
697
874
908
500
508
162
796
881
267
721
215
125
568
51
828
571
617
389
834
491
832
269
505
873
159
35
961
908
952
814
828
10
449
703
708
921
184
831
931
734
749
339
459
5
723
843
202
612
478
235
671
432
200
868
648
907
261
424
375
223
681
809
73
544
454
935
533
464
902
249
55
374
865
794
58
628
958
277
337
364
715
534
402
533
954
116
937
505
735
603
362
488
453
446
481
1
581
556
535
523
784
604
248
702
814
897
758
363
240
916
283
344
239
337
927
144
739
697
787
886
368
862
44
602
392
218
386
93
996
298
724
506
860
790
316
488
730
498
55
363
198
87
733
914
679
971
725
346
317
449
315
672
279
557
985
623
20
70
182
86
964
405
917
837
902
328
268
264
725
317
605
265
692
171
818
963
478
209
520
213
729
869
955
327
618
880
378
877
277
354
39
243
883
744
325
817
188
874
319
729
484
309
758
997
646
150
668
15
293
790
550
782
269
772
621
477
725
42
547
198
923
144
104
921
470
787
252
479
653
890
36
131
148
685
564
809
13
894
365
571
359
122
803
610
140
185
340
501
564
292
487
737
597
146
561
60
501
479
435
787
232
644
612
756
467
242
217
531
773
926
154
147
184
747
482
747
36
699
108
939
931
217
890
26
524
322
714
710
929
580
828
182
802
769
240
558
570
672
210
0
966
769
94
418
549
2
568
903
891
573
315
672
922
566
267
451
173
701
362
118
695
294
794
643
101
920
491
528
233
195
475
414
383
792
161
60
784
632
408
122
300
506
565
653
863
68
990
739
12
487
726
380
428
387
86
389
686
31
598
83
356
202
576
444
734
89
484
301
470
714
955
646
295
458
920
394
413
768
347
512
443
265
133
661
680
638
560
716
996
614
673
813
224
451
377
490
941
865
143
421
546
569
121
543
288
653
713
602
41
341
682
756
376
129
486
172
862
308
603
770
772
190
797
407
30
51
250
395
224
801
484
390
479
354
143
629
232
817
772
209
998
317
651
675
390
772
984
226
508
566
958
643
539
684
704
528
598
900
320
471
758
474
558
272
607
472
739
287
525
402
844
260
526
274
448
482
665
22
835
342
78
414
294
41
93
316
710
809
488
395
582
321
392
741
929
472
565
461
965
906
755
514
25
866
496
684
145
879
16
371
159
466
431
348
629
615
675
889
327
938
212
599
243
547
900
102
568
537
826
216
430
460
677
185
902
740
770
254
655
716
396
766
254
968
55
657
780
963
838
956
104
564
209
306
141
507
122
294
488
665
481
41
854
942
765
909
502
106
432
320
589
52
804
309
288
23
698
772
410
112
401
841
597
149
314
787
698
958
585
79
619
209
211
226
75
796
24
361
95
169
629
393
234
756
666
956
176
331
116
310
466
959
608
576
263
723
670
23
683
545
925
581
109
896
899
75
246
318
435
754
900
329
853
556
700
270
760
710
815
792
230
380
681
937
722
467
647
694
241
864
963
992
840
304
508
722
809
538
120
817
736
339
827
330
947
7
893
817
774
261
143
332
923
749
478
915
870
459
901
828
583
841
459
429
342
388
655
901
790
468
988
775
923
932
21
848
652
678
682
329
111
632
120
818
757
462
558
853
681
165
628
828
177
841
859
147
117
884
184
573
339
938
967
294
974
920
720
154
540
334
48
824
115
585
273
712
964
85
382
414
943
297
577
406
772
238
386
297
298
757
910
62
294
576
296
95
652
23
45
726
402
812
441
573
590
45
437
987
982
540
745
171
616
735
632
136
518
897
863
941
463
638
98
672
79
746
599
990
880
95
111
875
813
650
161
260
324
111
700
817
16
939
873
314
413
670
994
553
968
36
440
857
519
461
665
71
826
663
783
990
551
19
268
631
582
820
514
221
285
923
11
471
169
649
745
655
563
960
226
65
118
406
322
451
395
199
881
905
307
887
452
376
865
118
0
67
247
20
26
12
794
415
183
446
58
437
902
257
144
892
143
330
598
738
588
598
949
429
62
186
142
624
579
864
819
756
261
409
811
627
162
573
713
690
448
7
120
623
12
127
909
328
153
986
137
574
628
404
923
769
403
285
860
771
966
821
66
821
204
981
532
934
552
513
865
78
583
930
448
202
541
980
197
718
21
551
442
430
349
279
0
306
673
895
835
30
743
553
134
555
704
445
112
48
93
883
14
639
959
572
88
304
125
448
299
670
179
108
262
794
892
835
528
561
581
447
626
774
836
609
470
138
732
439
25
613
459
379
186
805
562
177
527
520
446
531
205
641
909
889
903
517
961
847
61
542
567
652
382
691
964
186
122
548
698
831
6
534
139
354
725
910
443
689
756
280
370
353
854
549
266
817
619
655
75
698
758
662
762
882
756
402
557
686
974
641
281
489
125
248
914
560
767
178
386
34
501
589
276
704
199
542
162
899
17
482
112
699
477
537
440
863
533
220
829
638
844
712
708
249
588
780
834
195
897
492
436
35
492
25
12
363
874
451
73
769
921
628
124
871
147
292
325
271
569
547
67
678
295
7
263
935
761
840
460
573
850
546
893
463
71
161
187
21
738
617
455
389
22
433
385
425
916
804
477
965
587
551
57
5
859
275
56
601
594
286
45
43
132
799
620
626
437
530
639
516
184
960
685
87
513
977
183
466
389
775
110
856
161
616
421
925
804
976
921
377
162
851
761
428
104
560
640
927
826
968
840
605
361
146
743
606
900
600
595
104
461
888
451
315
899
48
521
407
530
242
298
736
823
869
558
201
287
589
368
661
42
208
486
817
983
881
142
868
493
822
910
89
161
766
921
353
473
917
373
945
685
902
315
657
664
880
896
80
867
215
379
287
850
198
39
468
624
2
22
450
261
403
267
770
154
627
923
912
972
947
205
69
432
302
545
70
29
478
383
738
121
264
327
93
546
989
441
357
897
6
560
681
117
813
846
718
111
28
461
370
245
87
861
679
524
225
4
946
346
299
466
443
487
34
70
109
990
436
198
834
353
558
697
470
744
855
902
784
420
154
200
310
417
419
500
302
153
975
110
763
947
20
408
73
408
900
717
615
245
554
318
150
721
757
586
208
740
466
532
711
246
997
421
568
532
259
916
463
671
31
656
624
541
116
336
858
250
581
24
464
225
277
559
876
278
328
26
773
848
510
935
708
330
456
425
688
853
72
259
898
219
571
753
721
360
42
9
138
251
345
533
62
491
122
251
659
20
542
666
469
149
13
319
643
459
177
261
907
503
781
433
425
486
818
695
968
406
132
603
649
59
324
773
437
794
368
408
924
524
720
583
559
167
128
705
714
568
112
112
754
817
741
684
807
214
327
704
102
313
376
43
78
722
984
689
395
942
741
764
182
240
289
618
389
333
264
922
1
962
413
58
798
245
551
990
433
479
161
118
148
461
212
114
487
377
809
726
177
543
561
276
465
782
929
779
121
803
50
266
609
197
828
919
555
78
782
32
159
120
134
862
833
438
573
28
605
582
103
518
201
561
248
253
269
915
23
602
840
742
417
805
882
645
125
148
884
750
969
509
37
90
357
355
261
722
358
622
184
169
713
429
455
589
335
557
173
785
438
430
384
821
677
466
294
483
594
296
297
65
16
492
148
519
253
638
548
616
974
440
771
806
892
124
149
108
409
42
533
62
520
2
941
718
303
967
172
356
869
77
790
652
591
914
304
379
960
43
77
988
231
297
59
708
914
676
587
146
45
117
478
686
586
618
73
399
328
460
625
80
13
679
330
749
788
468
953
400
164
589
261
518
472
261
551
13
661
161
597
504
437
906
125
517
871
746
847
577
93
88
573
115
433
417
111
458
364
50
285
634
469
806
312
80
764
316
528
847
620
866
773
160
122
679
961
158
490
548
217
222
720
816
282
166
89
157
304
400
978
356
346
349
293
195
743
961
25
792
238
131
42
204
641
494
274
195
590
640
53
851
491
368
866
389
75
986
908
552
67
444
412
255
445
447
58
384
691
93
965
52
76
304
392
466
844
531
677
301
426
688
282
472
641
62
602
548
375
187
953
66
203
446
870
654
889
405
385
57
784
518
607
678
16
90
720
777
648
727
380
540
259
756
828
230
528
590
970
923
767
469
322
50
841
782
9
334
477
351
346
315
572
46
229
950
508
481
358
840
916
333
565
638
686
805
439
