243
187
524
465
30
335
418
29
519
554
405
864
876
514
749
512
3
98
799
542
386
323
272
615
867
995
272
428
533
347
456
671
755
90
945
617
841
82
110
401
800
348
194
501
609
53
116
146
250
532
712
519
331
640
780
831
814
720
483
90
476
593
431
928
996
6
793
330
657
664
265
601
952
7
27
788
166
425
723
817
219
517
722
417
351
366
931
739
258
863
259
243
755
802
336
551
59
484
19
649
241
19
535
304
165
759
636
553
960
24
263
85
561
538
307
620
830
420
14
626
222
913
856
507
30
454
364
420
318
243
747
917
108
49
677
532
797
821
606
717
842
27
547
916
888
699
121
883
173
821
87
178
291
962
115
640
362
221
222
808
51
202
729
17
810
600
11
959
493
213
57
525
240
480
836
541
437
760
132
739
669
893
868
715
260
266
561
969
366
96
727
91
925
38
49
533
149
900
946
99
60
447
147
488
364
156
637
684
128
303
56
572
625
335
1
630
338
189
302
456
143
199
530
99
943
360
263
988
878
12
677
673
624
885
70
624
706
170
584
290
21
973
148
257
59
123
599
900
696
41
605
622
356
739
421
750
910
440
691
17
893
336
832
877
600
287
369
330
940
137
732
142
876
342
883
98
165
124
442
899
528
183
997
300
561
870
226
775
538
250
783
905
299
141
963
688
589
956
168
652
183
173
230
384
120
757
73
867
652
223
53
656
73
396
142
583
961
983
206
29
563
479
878
381
975
361
243
549
835
259
492
313
769
11
898
379
138
790
537
600
984
70
995
124
555
125
506
128
397
724
351
746
853
748
784
418
978
9
269
271
249
762
594
7
151
659
984
841
39
607
380
849
517
800
935
640
44
348
358
953
655
988
951
38
504
192
787
254
247
458
265
811
931
746
53
269
181
191
402
689
747
925
254
678
950
353
381
926
995
932
4
797
974
918
253
543
920
743
431
770
466
374
648
440
625
427
514
198
329
534
335
891
137
411
904
164
952
696
997
146
217
405
138
973
756
611
705
350
708
498
739
964
100
611
434
825
330
583
317
536
15
587
992
308
910
675
92
543
886
78
999
315
716
699
696
868
545
880
157
38
179
436
174
702
559
102
271
127
645
339
85
889
320
595
905
155
687
780
472
230
760
621
211
495
660
570
793
971
846
663
106
590
646
664
37
353
910
419
134
144
395
277
101
655
631
172
707
485
201
528
546
737
260
57
240
770
594
364
388
49
880
146
624
955
883
496
999
100
456
443
823
61
938
810
615
384
660
615
727
28
992
724
80
950
429
647
176
327
121
503
383
203
241
222
321
810
945
740
659
744
184
686
139
255
348
825
635
268
204
113
217
852
850
885
283
793
53
358
79
385
810
303
647
480
29
856
619
65
737
395
164
863
616
140
544
937
662
941
178
631
187
734
268
340
728
365
615
192
504
144
871
328
73
508
210
144
61
385
334
950
619
438
295
980
574
730
431
119
339
967
876
535
334
585
932
952
903
127
198
388
394
199
470
459
333
510
184
925
177
529
164
862
187
237
648
60
257
345
314
920
612
825
52
562
185
177
472
345
910
919
198
931
858
883
11
211
267
502
904
188
872
85
227
737
88
816
918
881
256
345
698
557
55
321
472
898
85
862
551
213
25
146
736
262
291
170
189
709
352
500
629
976
769
684
800
86
816
280
609
74
871
326
578
199
492
985
547
669
413
594
742
826
103
889
672
550
266
967
604
951
261
106
3
731
148
506
990
132
90
978
663
556
232
755
103
203
490
100
439
53
500
721
952
752
880
298
56
687
461
106
891
733
488
520
616
977
620
598
9
852
74
433
669
298
43
933
553
676
269
48
337
629
659
375
986
816
459
886
787
182
376
963
660
157
540
456
219
360
156
533
695
786
799
955
236
228
27
856
68
809
784
302
529
825
883
575
585
120
533
772
871
208
507
508
522
187
831
297
578
327
261
366
659
27
9
521
182
556
729
641
695
694
136
581
397
2
134
828
967
81
70
317
103
774
907
942
311
871
85
682
466
230
754
718
837
806
897
991
472
53
314
166
428
381
247
125
698
605
444
69
81
420
10
757
890
943
420
281
86
466
662
825
954
213
185
210
641
404
738
681
84
722
190
146
529
410
836
80
410
185
174
951
895
798
439
484
926
416
442
150
97
840
305
36
62
212
848
135
368
223
952
75
91
67
702
596
264
488
644
473
672
476
481
110
954
283
680
579
441
886
101
630
117
761
713
667
463
828
23
813
944
265
904
335
79
880
733
255
617
65
426
891
787
230
165
60
700
523
818
806
861
894
581
784
960
782
940
487
727
275
193
494
975
969
325
820
645
755
638
65
286
116
733
902
971
116
170
113
391
760
30
807
918
599
917
573
680
39
787
399
566
179
705
272
321
662
374
766
312
111
952
234
132
822
630
48
383
922
13
905
600
272
822
605
508
538
22
450
953
289
961
422
828
428
224
18
101
909
448
659
510
193
163
263
702
210
121
347
848
952
654
498
282
835
163
164
285
530
87
83
756
123
796
527
894
994
898
931
269
349
701
201
66
620
119
817
46
173
113
291
865
340
126
101
234
55
281
462
165
869
675
873
270
174
180
637
452
342
583
178
916
918
47
737
249
341
83
170
852
167
42
352
194
740
410
903
740
955
308
243
706
829
751
114
875
549
962
685
752
993
804
634
774
210
767
62
518
883
17
154
76
249
700
757
226
673
68
262
63
267
669
490
605
613
850
487
37
593
530
41
550
615
2
195
769
826
130
341
978
881
873
331
443
596
379
863
311
648
235
658
912
529
242
975
402
935
640
225
542
436
642
678
597
563
697
572
710
466
669
496
80
77
705
634
286
47
735
44
759
163
257
401
988
104
707
676
281
994
252
192
75
972
685
716
387
707
418
102
377
578
670
311
320
656
190
593
678
306
464
344
718
266
248
348
636
828
719
243
235
708
786
363
450
45
916
689
603
723
657
881
101
100
184
57
970
973
501
573
302
684
101
154
356
458
626
695
675
646
693
278
175
217
35
177
686
681
513
9
64
621
152
919
745
348
596
865
219
268
709
939
199
234
299
946
325
248
72
836
197
950
114
167
225
315
497
210
391
791
773
199
878
267
807
932
624
387
113
993
397
118
836
269
278
931
599
673
86
168
786
590
828
165
171
952
674
179
672
566
850
841
478
401
586
630
6
239
515
901
852
908
443
87
919
482
388
827
953
732
806
953
225
932
33
825
326
635
726
659
927
269
517
217
107
408
926
392
663
507
824
445
886
428
311
433
368
287
721
191
23
627
859
162
753
486
870
581
47
389
889
64
422
656
272
413
346
57
458
480
126
688
250
904
352
464
567
177
590
334
761
879
732
876
463
856
787
403
821
751
80
634
654
52
930
69
323
239
975
440
101
408
881
608
559
799
205
672
476
734
873
796
798
95
262
719
894
883
276
924
755
465
330
217
933
80
142
274
8
379
198
886
850
232
753
273
306
234
825
968
11
384
789
846
600
876
473
500
785
747
555
209
394
306
770
191
333
33
185
59
796
432
103
145
890
528
926
342
504
493
188
692
874
990
113
342
551
480
641
194
164
230
894
586
795
507
87
880
107
953
423
856
466
690
101
346
258
798
77
963
418
40
816
756
137
86
314
258
879
869
220
843
260
764
357
769
537
444
395
954
341
500
867
842
98
927
393
194
485
995
417
169
93
103
499
421
584
122
188
527
63
443
782
642
91
291
829
65
191
317
961
979
772
435
347
43
327
617
572
473
843
754
956
935
215
303
323
968
368
644
661
352
952
415
614
426
526
341
409
48
575
250
62
71
14
678
555
610
512
777
840
561
899
305
41
598
184
914
447
612
168
301
335
113
743
406
48
600
95
482
986
622
362
123
570
61
453
815
205
565
73
608
987
655
939
371
571
674
424
98
849
527
249
360
92
75
202
965
107
778
751
946
937
696
794
113
650
551
606
252
298
998
252
799
917
32
606
203
948
688
124
873
517
243
804
144
253
819
206
462
914
226
972
481
991
255
358
74
785
45
104
951
238
0
49
70
803
275
564
766
113
154
72
664
778
832
200
425
73
593
67
780
851
732
630
471
335
330
800
413
119
383
365
343
910
149
462
995
339
543
433
872
517
383
631
248
880
594
205
976
466
874
154
377
89
645
822
546
936
281
198
298
367
718
578
525
210
645
747
272
934
289
564
6
51
772
881
90
367
408
514
337
262
862
497
440
775
32
415
352
856
248
974
445
444
95
777
513
108
95
728
687
662
203
532
748
956
707
354
4
132
196
703
195
864
137
438
910
675
755
188
4
849
10
741
234
214
163
144
339
682
753
38
788
755
855
855
494
672
457
514
61
100
639
142
119
327
387
766
527
86
578
569
28
449
577
927
776
959
463
290
477
28
636
65
886
535
498
24
518
201
893
348
392
252
703
47
656
479
147
210
17
752
19
305
829
724
672
815
489
685
182
560
289
461
982
18
275
910
243
67
340
994
547
503
179
51
947
336
658
660
72
895
683
675
895
41
714
857
60
353
893
40
434
458
96
265
714
420
119
244
38
338
983
111
565
932
821
961
283
11
843
1
327
564
923
33
895
155
807
611
498
863
736
618
874
450
942
944
417
408
766
865
110
126
211
331
244
122
485
242
523
241
457
618
197
820
995
63
634
559
477
714
349
244
892
360
835
779
222
741
6
495
135
194
816
479
943
956
33
897
698
981
630
325
766
479
0
227
460
915
769
318
59
922
475
159
914
75
266
732
771
756
60
959
517
727
620
578
904
435
31
750
124
849
115
268
538
322
265
27
381
932
331
487
779
71
176
120
889
605
272
735
340
173
73
574
989
518
90
786
164
63
739
995
157
63
266
572
790
830
689
997
744
883
16
205
301
405
261
456
362
415
68
517
695
842
499
932
742
50
49
53
753
204
364
431
662
726
809
466
267
346
519
436
281
746
614
412
583
108
809
239
841
70
34
960
264
176
745
287
998
71
445
309
473
513
337
578
676
438
924
11
172
688
111
805
969
559
975
784
91
952
754
946
671
949
842
898
695
753
951
779
913
71
790
707
20
58
636
502
466
571
556
234
366
98
286
638
14
10
974
860
889
312
493
584
876
275
917
438
194
164
207
562
634
259
671
124
332
666
676
159
232
560
676
152
266
346
72
286
459
799
208
317
750
913
682
900
90
145
455
730
228
481
465
839
503
350
330
807
324
133
843
375
874
76
152
205
905
193
681
53
33
401
104
185
604
814
177
858
912
975
157
649
536
923
6
389
431
931
597
539
460
289
114
660
549
91
603
12
876
585
871
219
808
551
566
365
641
627
657
759
599
529
346
158
710
457
661
315
22
791
284
348
240
269
848
388
925
61
17
342
142
769
771
514
877
219
995
383
61
598
876
316
850
746
754
194
695
130
262
246
803
555
764
491
693
255
765
379
880
394
532
858
817
606
538
511
849
820
565
701
851
908
17
295
827
985
695
747
984
517
956
294
487
939
763
686
892
137
743
909
70
871
907
232
523
843
520
713
563
989
354
146
283
938
795
33
934
903
766
455
884
65
946
559
409
990
258
983
956
662
8
675
819
380
255
542
99
59
316
437
371
945
875
146
737
124
970
230
662
946
759
859
43
438
886
885
366
216
737
261
951
466
426
433
951
594
765
856
479
187
681
235
315
173
613
778
727
766
82
471
397
966
905
374
544
574
501
645
109
739
229
287
206
184
123
272
352
8
397
484
369
363
391
947
740
519
740
504
284
959
993
200
424
728
456
591
786
156
681
80
700
151
691
499
272
666
155
767
635
466
609
276
200
482
756
490
601
462
450
768
891
807
11
909
755
150
37
81
773
445
862
456
200
379
962
669
134
431
593
377
362
261
166
294
617
591
499
810
717
925
842
407
66
568
673
723
757
986
749
265
985
335
16
787
860
370
512
905
773
323
657
304
215
273
912
647
232
524
151
920
855
450
574
103
758
299
740
345
456
267
60
540
32
928
43
804
630
210
807
121
69
540
768
393
72
743
369
446
429
338
868
473
533
342
465
956
748
276
888
246
828
375
713
416
859
55
834
79
219
540
514
166
25
126
272
938
685
102
617
936
990
92
270
133
115
731
411
251
898
155
834
550
33
435
177
687
272
639
25
82
686
172
245
784
769
137
480
17
634
618
94
271
630
960
228
721
217
479
635
950
362
33
350
410
847
676
996
529
266
78
868
215
562
82
704
113
471
94
428
499
26
326
852
815
317
789
912
945
814
993
340
948
837
315
260
756
499
21
875
96
775
323
700
429
452
732
196
653
793
114
519
805
518
671
40
935
984
973
244
784
13
623
177
183
324
172
237
287
189
767
345
344
670
198
325
110
881
835
191
366
298
309
479
568
547
295
642
278
439
942
463
981
15
774
178
930
760
897
423
751
994
840
604
584
910
897
119
492
674
564
29
554
65
293
968
113
610
382
11
433
331
892
594
926
900
631
465
89
123
100
793
755
667
157
385
599
293
879
765
114
486
21
428
926
796
140
70
457
558
636
575
424
836
36
267
108
331
475
293
527
382
262
342
456
473
973
579
304
139
131
932
520
628
74
260
363
967
473
741
3
922
649
988
603
403
872
449
844
407
512
245
714
743
428
99
119
319
977
93
568
443
234
191
904
727
17
330
954
734
529
355
237
494
292
800
289
154
73
698
924
741
175
673
733
894
978
989
318
168
605
921
901
551
24
430
386
323
817
723
102
795
152
787
779
321
522
867
939
547
933
387
479
658
515
230
81
984
784
592
195
890
862
358
278
453
403
564
605
432
828
102
73
781
400
615
348
124
929
126
626
884
536
14
519
97
939
338
970
299
203
478
625
924
635
419
528
543
475
528
122
306
917
54
341
897
248
48
630
200
734
671
586
74
322
316
358
973
924
204
808
66
715
921
34
974
447
747
972
859
175
391
438
156
992
801
989
933
611
447
431
828
434
281
862
511
479
605
658
324
496
175
452
498
525
165
932
953
63
41
630
346
524
1
46
674
290
620
630
872
269
692
908
382
333
223
84
999
994
432
8
462
158
923
350
685
11
702
45
411
244
286
85
93
647
348
810
609
287
182
314
7
851
355
189
999
798
402
348
528
681
201
112
413
912
621
574
335
216
206
951
449
43
168
705
593
233
851
273
879
629
693
193
391
560
692
855
739
623
968
993
678
935
517
638
739
17
106
899
537
310
324
436
13
926
501
481
394
640
678
305
416
119
381
327
11
100
615
888
161
144
910
781
415
13
818
202
562
465
137
300
53
554
855
439
945
95
209
751
293
234
876
511
381
334
574
640
24
113
571
736
871
832
11
664
853
729
677
743
557
275
261
138
309
781
71
858
717
455
456
417
834
347
674
352
432
498
246
332
174
602
190
276
287
311
893
656
470
372
200
44
78
491
338
290
272
420
623
893
757
913
950
752
427
132
335
836
145
481
21
807
43
6
375
94
810
179
984
72
94
957
456
532
577
100
164
89
240
931
812
647
799
139
778
605
392
877
35
111
946
329
400
184
671
420
879
505
539
96
874
984
526
832
216
13
166
379
718
97
99
883
884
489
938
116
158
205
582
187
721
293
595
136
168
813
306
203
92
12
347
901
241
334
572
539
909
944
660
129
709
141
969
58
354
436
256
748
564
289
503
837
256
230
87
610
618
241
242
82
19
638
707
459
565
937
356
446
54
227
931
804
765
6
679
340
549
5
641
434
311
509
311
29
191
828
787
60
396
261
813
864
456
721
346
414
0
112
354
749
667
231
464
724
51
971
453
349
861
826
133
919
810
886
665
488
223
645
706
139
268
840
519
208
338
327
487
69
347
284
4
385
848
431
905
39
792
844
784
807
733
306
877
409
835
26
25
580
0
591
242
39
262
411
67
189
261
617
515
510
541
593
412
246
565
91
984
294
754
449
962
424
711
420
577
518
140
541
981
314
478
687
54
303
989
848
114
405
919
998
211
569
624
394
145
821
856
92
961
8
93
380
606
492
710
605
695
338
821
607
473
70
324
271
418
47
248
15
477
170
922
651
969
642
499
478
792
884
590
741
953
258
895
380
287
264
113
353
372
44
114
409
434
939
527
478
497
17
824
10
630
927
570
680
881
912
457
228
545
697
518
39
886
590
986
993
78
400
599
170
233
293
841
323
18
38
567
886
373
726
497
16
719
534
276
995
490
48
926
599
134
96
646
459
147
669
877
197
279
290
868
453
415
634
824
318
152
852
150
654
873
298
9
313
735
759
363
297
612
756
716
683
833
496
859
40
35
867
878
118
697
48
838
954
17
718
864
112
955
528
302
292
112
66
683
842
989
396
474
377
393
539
753
717
676
194
307
945
712
778
265
31
159
96
784
61
509
333
292
396
567
369
182
319
759
443
53
717
634
7
383
686
235
550
611
674
563
324
914
718
481
47
153
892
52
265
726
682
47
781
706
32
245
899
220
737
91
788
813
646
720
79
745
423
243
745
66
571
998
135
646
696
187
253
225
83
394
391
894
372
312
540
92
72
646
122
451
617
609
574
125
235
41
611
381
715
456
235
748
681
611
918
693
18
784
243
639
371
178
265
962
48
740
265
526
989
518
239
407
644
611
690
53
876
619
619
681
942
692
696
738
723
392
123
708
91
731
326
598
838
255
383
616
329
960
747
313
431
139
869
70
756
31
138
833
559
493
635
387
364
407
498
403
927
915
718
436
519
368
791
378
894
307
764
602
504
923
992
5
892
169
8
526
912
155
960
258
893
470
236
27
975
553
122
418
603
240
693
350
86
155
348
435
56
717
176
148
528
48
552
971
144
27
638
933
962
41
386
373
149
74
986
935
480
358
814
673
588
770
280
660
69
359
511
660
419
648
353
443
691
874
547
520
452
420
672
297
396
95
294
339
536
109
928
116
107
746
468
926
302
955
654
161
909
752
916
661
523
226
394
658
510
341
833
479
917
56
196
924
31
933
151
108
22
248
79
727
20
398
855
678
28
551
894
469
916
109
408
409
581
831
618
190
434
998
625
192
590
173
282
833
60
553
268
516
127
895
392
105
914
349
275
188
78
290
140
347
909
31
309
819
48
373
142
185
271
784
978
822
690
137
101
808
385
695
921
790
425
389
784
890
378
419
771
900
177
878
77
804
938
85
449
164
901
933
759
541
179
178
744
616
319
411
483
612
762
365
795
260
985
323
439
204
524
302
242
432
537
364
488
314
987
13
776
56
342
729
938
598
327
215
38
74
817
555
327
93
480
139
875
450
814
750
90
543
893
435
703
534
450
922
588
85
695
448
334
305
372
807
389
896
4
130
648
671
408
477
529
68
849
562
320
583
50
570
795
835
766
310
984
628
269
204
895
335
877
566
689
254
900
276
635
336
596
713
358
238
862
120
671
749
362
875
949
293
546
805
291
206
865
644
971
384
608
284
295
386
341
166
681
503
828
488
502
520
668
425
964
843
970
132
765
721
751
103
623
218
14
447
291
258
89
533
819
994
72
637
540
730
159
718
802
403
200
958
433
35
444
792
916
242
237
37
24
714
302
847
875
881
269
974
644
689
494
924
599
468
169
44
212
418
529
594
394
283
891
124
579
652
443
355
182
704
201
289
754
941
727
845
1
805
908
56
542
945
828
884
233
907
909
14
24
171
898
921
800
51
679
469
317
443
90
805
990
939
750
845
535
597
157
827
633
135
824
214
482
953
907
124
787
880
238
451
163
517
626
406
645
194
563
823
196
660
967
331
126
415
542
963
176
88
669
228
221
510
395
835
302
534
801
577
955
62
13
235
437
838
691
36
428
364
60
372
279
832
609
546
277
453
630
926
782
623
432
972
698
42
612
275
284
305
875
838
994
284
432
902
509
858
746
675
236
936
891
702
957
364
380
54
667
403
556
730
523
960
849
605
909
311
348
257
812
865
420
236
911
13
805
748
716
859
860
895
200
186
420
953
989
305
786
793
578
884
545
259
595
624
734
360
659
811
846
45
915
385
259
105
833
998
803
201
670
526
491
69
228
806
543
405
491
998
695
462
734
261
4
924
546
938
220
721
296
881
655
349
746
978
121
32
817
283
0
334
886
838
868
775
347
276
583
809
375
356
24
300
360
483
616
114
337
321
139
911
402
760
246
658
981
0
277
622
125
461
311
791
455
606
562
423
661
91
748
883
502
279
914
540
871
661
609
854
263
567
663
591
818
344
358
961
142
267
128
150
262
364
994
345
528
240
825
361
741
384
519
17
826
443
865
91
842
917
903
673
872
268
429
528
799
268
471
561
75
115
231
13
635
554
638
528
943
65
163
263
657
802
784
290
799
828
372
714
11
520
366
509
402
312
574
66
438
362
64
458
522
490
355
738
15
752
606
74
323
409
248
380
49
801
285
482
205
868
823
584
157
231
918
336
373
342
153
1
987
950
529
447
163
274
307
721
255
464
287
679
277
487
993
122
776
366
735
422
817
236
72
64
231
169
285
336
358
528
825
241
158
704
84
384
564
199
476
11
943
748
841
729
482
650
930
164
577
503
544
161
584
476
968
924
548
121
11
878
476
934
719
43
78
129
270
995
802
795
538
68
204
672
850
891
30
546
668
699
47
858
125
347
864
997
851
417
270
417
330
746
339
774
188
874
564
357
590
997
322
229
365
317
436
542
187
835
601
544
825
859
261
800
223
322
73
68
601
515
181
910
425
515
994
231
458
312
878
472
116
52
814
730
647
278
209
287
22
976
85
383
895
252
106
479
277
648
826
784
774
501
505
98
281
578
687
925
295
500
330
399
878
384
635
948
576
643
507
282
193
193
408
6
318
322
204
124
853
223
976
518
336
4
567
233
540
522
49
477
668
366
244
394
605
552
831
451
143
124
601
195
980
896
931
22
945
914
950
583
75
793
464
193
194
826
943
630
623
978
930
573
526
7
436
25
962
785
868
881
359
669
117
14
712
111
218
874
379
271
347
358
261
520
464
41
148
826
798
859
915
446
34
232
857
126
758
267
364
892
53
93
428
386
287
703
525
491
515
109
568
943
353
102
822
931
910
793
895
226
1
879
594
24
487
969
160
295
380
511
135
521
752
30
940
390
447
478
255
306
393
477
516
187
612
245
381
72
595
955
49
445
736
314
154
524
470
40
35
622
945
721
495
605
437
979
502
208
270
272
709
658
721
288
355
810
518
908
544
291
338
945
405
219
360
624
592
356
57
711
726
293
956
693
71
400
27
940
538
226
476
240
677
770
587
340
697
998
794
389
890
963
441
913
280
876
18
428
931
140
149
428
213
4
976
837
268
560
635
753
824
854
816
864
33
18
216
271
45
498
68
294
698
766
81
189
753
147
9
321
245
590
321
613
876
244
749
187
340
949
102
7
380
492
421
678
237
515
860
911
577
116
901
932
25
609
47
212
858
477
724
687
599
441
418
703
433
977
464
946
753
530
621
298
940
277
946
132
444
6
850
103
90
335
632
906
169
158
815
207
825
367
801
764
251
165
274
344
698
340
347
84
677
485
542
361
106
920
984
512
352
41
306
824
890
724
657
264
639
438
649
388
400
780
737
707
750
152
282
735
31
962
630
831
67
777
799
527
337
616
165
188
366
832
485
89
183
233
201
30
565
364
165
825
73
658
38
310
570
371
668
328
805
159
343
745
848
302
445
574
855
259
24
150
554
196
694
429
921
998
725
341
562
135
662
503
560
119
17
461
924
979
931
53
209
963
751
623
909
850
463
428
322
289
700
955
909
761
92
591
273
896
539
91
159
451
955
871
960
849
705
101
861
609
451
930
570
653
900
333
958
924
687
925
256
925
945
761
758
845
165
580
181
653
998
295
103
361
985
166
276
394
793
541
612
900
625
845
606
85
6
272
885
78
581
238
72
427
305
387
836
587
973
341
171
265
103
877
470
305
282
622
387
625
590
146
512
496
182
611
623
572
9
850
53
832
145
897
443
625
605
157
657
438
697
27
429
300
21
43
726
858
384
540
648
594
711
473
664
311
716
825
170
433
882
888
396
395
745
652
879
774
148
825
201
271
355
694
830
431
183
356
43
125
826
884
168
563
959
133
669
781
476
457
199
614
195
726
350
140
610
418
245
470
912
548
474
895
211
396
909
321
978
126
943
13
886
392
166
104
758
367
203
898
821
564
617
971
729
450
395
964
426
351
118
384
149
665
145
347
972
491
672
444
22
173
286
305
351
606
394
318
64
244
785
306
905
116
394
841
947
504
427
909
872
492
626
56
242
557
210
862
366
770
414
400
197
508
734
347
199
242
60
836
99
999
171
826
947
271
215
173
553
345
772
145
986
617
887
247
860
512
186
423
828
700
421
392
133
152
827
519
860
675
877
333
625
295
152
189
304
731
444
950
476
681
197
356
562
986
206
347
230
146
771
879
658
336
681
222
636
950
902
55
250
149
685
857
85
3
559
627
847
46
576
878
844
779
243
129
117
115
871
864
983
27
529
366
166
935
27
737
455
740
678
760
900
75
939
543
443
732
697
446
228
482
683
347
334
872
646
511
780
861
807
868
451
413
235
429
118
478
384
258
583
810
505
562
5
883
91
18
971
646
686
974
695
100
487
680
936
930
855
976
26
970
903
61
828
451
413
823
194
695
167
384
560
119
917
736
908
201
518
864
116
118
189
344
150
14
706
438
17
564
14
23
43
466
176
638
972
388
60
881
546
39
535
917
913
703
671
736
414
353
212
253
737
903
555
742
515
913
595
478
859
352
659
993
729
302
447
388
861
637
363
813
143
725
113
681
775
353
551
223
286
268
709
384
896
453
564
483
855
134
619
878
694
43
820
765
294
800
853
203
39
867
681
973
910
116
100
884
618
785
137
627
385
305
110
389
728
659
402
899
877
656
99
263
704
440
828
558
453
77
574
896
820
215
31
354
896
707
451
3
802
591
768
115
394
948
235
526
28
475
703
537
517
278
355
700
894
652
27
195
121
194
171
490
610
700
212
235
608
385
200
536
682
961
645
116
730
267
437
608
662
885
655
583
594
494
535
934
507
758
978
364
266
310
483
426
37
627
653
480
23
228
187
597
419
734
479
822
62
312
231
247
749
871
194
711
365
676
9
630
615
809
755
254
37
491
410
65
90
5
559
262
71
952
787
946
835
906
436
979
227
303
298
763
390
835
871
333
957
377
818
461
721
51
61
263
527
630
927
2
938
617
789
628
598
717
506
638
38
842
660
686
275
133
124
223
77
941
210
538
362
244
39
153
437
698
795
139
733
857
100
389
585
645
423
729
774
983
921
873
96
713
825
206
371
840
309
252
610
261
795
384
235
949
507
324
28
741
461
681
299
249
451
795
718
983
948
191
336
749
169
503
0
185
989
344
943
644
633
868
478
676
634
146
538
778
938
358
176
33
627
231
45
187
37
18
702
713
758
772
225
713
310
973
98
505
298
491
526
898
405
438
722
248
797
534
916
421
171
247
383
14
669
754
921
749
281
351
984
408
383
587
45
905
188
962
448
605
45
333
842
621
579
974
344
577
675
150
17
103
448
76
460
855
703
878
654
758
85
285
187
795
785
317
708
595
841
677
182
388
651
939
276
82
146
461
347
583
921
592
364
218
621
931
120
617
263
501
58
160
626
563
634
166
243
18
158
505
545
720
800
889
608
609
733
456
411
302
283
333
858
726
240
195
700
848
938
316
759
519
695
234
452
779
376
345
313
407
182
228
943
114
363
235
884
830
955
854
421
305
878
896
685
924
679
287
63
518
101
489
909
453
68
996
532
509
677
597
892
110
564
2
774
118
196
917
428
625
133
331
278
411
185
493
349
766
962
282
248
576
481
26
251
710
262
5
516
111
514
941
125
556
244
513
362
263
681
437
233
963
688
2
780
459
386
23
348
668
649
495
571
94
300
256
954
944
250
682
993
458
472
445
700
700
207
390
331
180
728
342
616
698
658
88
757
446
585
515
299
698
801
40
788
897
170
825
746
188
131
66
115
699
538
394
667
220
535
439
482
864
815
694
833
439
666
53
744
67
110
658
351
216
222
61
195
970
853
410
430
441
910
898
845
203
835
682
554
754
171
964
423
563
962
996
808
145
541
35
96
167
311
51
520
758
333
247
333
844
265
383
599
769
232
504
311
546
411
26
973
55
540
839
453
947
641
166
964
304
687
99
501
681
703
802
445
648
606
689
225
181
810
394
273
201
672
743
759
72
266
309
28
354
205
558
644
646
843
837
813
18
417
546
828
330
90
584
434
985
482
9
59
56
473
612
162
666
459
883
128
194
809
682
815
264
709
77
355
246
464
898
355
794
427
440
355
121
495
111
89
23
774
394
202
291
181
355
228
366
739
566
326
767
805
431
541
847
248
155
727
479
611
695
739
28
337
758
103
469
354
636
29
407
714
67
570
436
879
125
87
955
721
975
95
926
714
421
508
581
38
403
329
771
453
402
955
903
155
600
356
23
231
299
809
216
46
330
357
19
845
56
144
553
535
179
915
6
247
268
405
744
818
118
561
348
413
734
14
260
764
696
172
593
533
898
767
73
272
928
254
834
554
803
173
4
247
516
391
949
33
879
628
570
117
645
633
885
54
298
583
826
0
673
205
479
583
72
451
99
599
301
489
452
853
321
113
881
310
576
909
162
136
710
804
169
470
110
370
842
373
501
684
286
803
816
610
756
356
395
629
723
757
800
206
299
42
599
519
506
173
23
171
74
84
0
212
71
528
845
820
490
336
125
400
507
353
973
694
371
978
97
881
824
787
435
313
994
331
313
337
82
473
914
16
737
780
989
234
61
763
351
55
796
120
66
128
633
32
5
739
371
447
888
344
675
82
90
501
807
747
930
850
346
910
322
113
356
900
709
963
498
316
146
222
802
513
111
201
215
669
650
247
242
708
24
486
108
934
790
888
519
735
443
464
393
228
993
631
225
299
218
550
804
118
597
58
611
876
579
672
499
158
214
944
754
897
813
759
175
669
442
365
302
888
609
611
695
91
952
622
936
167
972
611
568
994
51
627
615
783
997
569
63
717
90
245
311
289
551
916
365
124
390
978
444
364
754
431
396
41
939
48
459
181
825
849
6
224
16
870
203
449
511
388
560
543
730
242
933
632
157
70
577
646
503
151
387
414
69
444
915
157
993
733
640
858
801
547
936
768
456
959
129
838
795
49
90
916
983
411
111
384
22
999
948
221
427
512
334
149
350
516
79
15
649
49
519
550
199
441
226
53
885
322
995
219
20
95
503
688
753
61
222
160
84
756
282
481
100
814
678
636
583
224
319
378
120
560
136
30
64
466
391
213
874
294
31
71
305
543
523
176
788
152
332
377
684
732
465
989
767
894
886
709
580
728
845
210
901
22
246
286
908
318
614
618
257
123
78
137
852
423
832
428
33
519
133
593
465
397
508
104
189
160
82
30
742
146
782
514
820
494
217
522
371
505
943
733
165
122
912
296
275
494
723
672
210
434
747
412
609
619
460
543
830
215
650
181
232
760
373
422
365
377
808
333
581
61
523
810
498
288
977
231
828
590
107
973
99
166
359
176
211
101
292
417
282
620
496
412
983
453
834
932
955
333
895
241
588
524
577
526
455
458
340
187
300
693
655
769
703
602
415
4
647
349
907
609
141
909
602
729
85
198
653
643
436
845
556
185
444
837
278
229
9
997
897
203
559
743
231
300
832
217
320
85
351
427
1
165
118
767
116
904
124
209
41
756
947
100
144
892
587
754
964
109
798
321
675
962
791
148
311
208
505
950
771
72
287
899
973
181
979
382
872
387
925
206
968
470
80
276
567
317
459
994
516
235
557
477
559
721
874
255
171
80
84
267
181
828
249
281
538
676
513
437
896
421
760
437
990
705
590
822
746
130
536
64
293
22
679
682
526
425
362
319
309
940
412
911
763
771
489
133
103
689
545
129
913
445
973
67
541
667
588
594
110
268
739
418
416
731
17
235
596
32
830
109
648
954
271
844
875
80
438
532
920
171
802
565
605
234
333
110
126
453
942
711
68
995
190
81
61
910
559
995
686
841
394
685
764
739
175
66
463
342
523
262
598
488
215
23
86
238
705
804
345
926
975
95
24
177
170
995
345
638
882
541
862
814
835
951
112
339
415
255
663
437
209
556
222
574
502
745
439
170
901
822
139
773
522
690
68
557
23
598
766
253
694
215
678
173
459
419
528
665
431
290
106
445
506
618
259
2
39
141
784
262
640
259
953
964
203
833
570
950
309
535
846
73
33
541
116
796
799
37
11
542
441
437
321
303
48
500
511
186
984
509
276
267
570
775
168
602
797
8
494
270
6
642
289
721
755
505
747
362
266
144
460
127
497
806
491
253
186
715
218
91
845
505
982
543
470
276
626
193
547
436
577
112
411
974
39
731
650
477
499
856
89
559
121
113
254
349
653
820
266
492
967
810
624
862
882
914
651
681
551
142
275
491
281
0
621
311
873
996
683
411
122
82
426
429
97
108
733
783
262
748
796
249
950
848
981
73
372
656
599
513
924
135
841
698
634
915
438
916
852
376
405
333
572
13
578
831
492
539
279
514
32
417
98
634
782
205
632
816
626
490
302
817
365
881
127
487
964
182
861
39
627
317
678
144
192
155
844
789
931
645
922
823
952
747
780
831
751
212
145
814
966
794
65
913
373
155
68
845
15
371
403
606
525
950
373
421
854
896
235
313
152
972
275
677
428
65
601
784
538
0
902
66
222
858
578
281
179
411
68
695
636
608
16
70
396
595
593
221
849
759
13
904
660
1
433
58
966
230
356
34
571
294
890
163
783
212
605
328
518
68
158
781
249
512
769
291
315
524
241
261
919
961
325
648
55
217
219
349
81
645
319
749
934
89
890
691
745
890
340
762
153
149
586
173
342
719
820
737
303
118
826
318
607
327
56
438
232
328
317
778
438
119
956
461
324
629
600
601
886
180
159
474
835
412
126
510
877
447
245
333
77
525
764
480
595
469
646
205
234
136
806
783
637
11
543
170
504
70
833
740
210
628
265
303
881
307
203
97
715
151
29
229
810
18
178
426
260
102
965
318
454
633
777
298
973
973
602
220
867
978
28
328
435
988
903
862
62
925
563
272
792
301
188
352
121
657
331
908
668
610
244
378
922
251
68
119
873
129
794
804
777
300
444
361
668
933
441
563
444
484
336
256
428
398
899
618
634
922
82
896
434
4
795
428
81
392
788
136
857
186
507
458
45
409
582
539
10
45
38
459
454
221
955
972
159
821
700
602
81
902
724
38
856
613
427
513
243
730
781
537
670
7
366
681
810
81
524
111
952
838
515
784
250
701
401
108
123
190
469
996
617
849
546
751
16
385
193
188
286
970
402
450
324
862
412
777
267
537
636
772
673
797
392
258
257
225
390
305
954
886
451
303
5
438
790
355
454
517
62
295
47
185
30
238
891
622
331
862
700
699
852
857
660
781
314
405
966
568
185
922
768
450
398
637
751
406
452
54
428
644
259
145
444
59
27
146
472
901
236
513
470
688
250
228
859
773
669
805
109
55
594
394
458
164
652
174
51
343
574
361
870
988
459
485
179
383
257
407
501
569
700
214
752
813
268
137
561
449
842
309
990
777
233
606
796
35
121
513
594
417
518
699
551
873
654
52
89
530
978
266
878
654
151
217
901
132
346
745
763
497
225
199
973
839
198
486
470
359
498
371
414
248
379
97
163
564
94
150
799
644
186
816
362
801
543
908
676
552
113
907
23
724
3
241
954
599
149
887
422
345
810
918
368
435
153
904
609
705
739
188
367
89
100
193
388
104
962
774
154
934
720
311
525
528
806
799
263
345
359
442
668
664
838
56
477
203
545
993
445
236
244
351
153
634
477
391
310
344
157
550
242
799
640
886
824
910
169
465
512
362
922
663
558
640
630
910
467
5
58
290
247
510
710
726
212
575
178
467
188
313
374
291
354
274
697
395
628
87
381
607
295
432
139
585
650
202
600
475
894
934
221
636
26
711
95
939
66
601
390
451
585
630
528
30
622
750
971
726
487
824
21
726
993
731
430
437
698
755
171
899
192
931
551
735
187
859
170
898
495
796
473
201
939
590
633
655
340
119
906
123
40
877
120
972
551
866
180
118
305
552
343
115
796
568
553
969
795
383
34
443
788
509
260
428
190
0
874
0
576
834
952
217
241
194
851
898
222
623
553
455
906
540
228
440
396
385
346
809
791
640
622
778
266
450
48
912
507
698
815
705
388
37
333
863
155
269
853
754
472
19
964
391
835
529
674
371
572
377
14
972
441
12
885
105
261
856
770
187
372
578
74
840
265
857
393
476
331
96
998
887
881
959
6
278
251
447
348
169
968
52
83
191
38
71
809
998
9
395
218
86
78
519
322
61
821
148
201
239
303
27
88
522
2
34
634
285
400
916
589
609
387
585
177
554
670
64
654
321
26
554
436
895
594
739
405
340
298
920
697
950
334
33
858
540
11
268
892
71
412
872
532
409
828
281
840
725
268
65
710
17
981
709
235
174
639
904
707
188
358
69
875
259
33
975
169
609
976
677
17
946
955
180
674
137
986
885
86
170
610
329
2
983
391
526
507
666
666
208
910
610
334
379
661
167
944
142
822
733
778
95
19
525
556
806
523
963
895
664
640
788
898
341
130
1
170
797
618
888
512
754
772
48
845
703
981
465
628
477
979
660
217
235
366
761
241
385
930
17
612
465
998
73
510
649
409
246
87
765
666
823
872
418
293
0
535
903
539
241
370
726
4
410
935
182
666
345
602
45
226
929
464
217
502
665
605
628
583
770
952
570
125
903
482
373
748
585
545
442
450
640
731
547
946
633
276
860
2
144
287
312
901
11
773
225
659
697
914
79
559
483
473
896
452
29
77
609
56
355
531
155
150
294
491
609
332
459
687
14
577
73
591
278
204
476
288
755
264
235
751
202
931
199
212
256
743
930
590
397
23
852
597
412
331
23
608
792
834
46
229
267
447
499
596
998
607
677
396
43
754
852
270
686
885
684
0
822
6
205
383
651
495
392
370
954
113
874
474
300
938
389
379
645
578
600
329
90
680
866
233
87
357
352
560
165
487
900
914
537
135
858
175
207
552
261
216
163
203
992
611
35
767
317
598
511
57
847
68
484
478
764
466
681
344
202
492
233
340
698
319
373
345
348
995
577
602
854
969
204
12
170
906
194
428
228
622
295
766
752
410
205
28
323
353
911
810
710
102
617
522
415
220
504
215
954
727
984
957
287
656
39
460
16
344
202
221
601
221
465
851
764
542
884
47
700
377
444
690
68
121
92
499
790
837
350
589
261
345
684
912
50
9
202
537
775
576
911
715
574
176
10
947
410
564
830
311
528
408
436
744
355
226
685
661
520
82
750
252
16
936
473
594
933
566
473
740
828
2
372
695
795
820
347
588
412
191
538
284
428
606
730
103
254
715
622
714
177
264
552
629
664
989
694
60
631
808
568
246
678
881
121
28
814
20
957
675
527
971
811
698
346
35
930
763
238
954
980
836
804
818
716
544
790
319
11
971
82
975
384
351
124
170
153
213
906
622
771
694
509
615
240
613
202
540
340
921
510
930
427
864
143
552
803
537
659
262
713
892
589
867
873
694
456
862
306
819
416
662
956
608
808
146
111
621
576
639
952
480
628
364
136
157
354
698
120
354
291
517
937
437
724
282
142
520
548
607
981
554
567
229
565
388
561
476
820
210
954
422
107
49
693
221
526
387
669
250
187
164
535
166
549
698
834
240
476
417
9
962
934
78
375
224
391
623
366
818
983
970
689
753
284
988
577
338
612
616
960
944
772
89
88
986
347
381
547
564
513
578
481
938
35
318
722
74
949
513
694
7
416
499
641
135
899
535
302
974
944
645
132
784
781
156
362
366
3
917
349
856
543
66
94
819
166
494
288
204
961
559
415
205
548
761
215
368
477
541
723
945
918
152
3
694
362
433
65
889
967
779
505
485
66
660
242
393
858
417
45
617
321
249
348
179
576
129
222
804
572
85
763
297
813
69
774
559
60
648
407
916
629
423
792
494
222
102
541
278
876
422
71
822
409
898
546
523
915
684
366
80
889
692
182
654
101
181
433
628
802
778
634
187
983
195
807
294
830
543
660
103
85
470
592
528
501
129
402
541
723
816
712
415
47
652
258
200
784
874
965
770
470
807
526
575
986
127
159
442
238
217
623
625
456
600
977
352
455
681
997
629
195
166
36
754
224
415
56
351
934
789
180
279
540
19
327
893
71
888
670
833
969
779
340
370
608
980
123
563
266
29
125
597
415
660
490
954
999
535
600
817
97
157
627
445
142
846
815
930
453
735
306
514
570
192
663
6
775
125
465
656
623
685
12
243
116
669
559
751
334
397
354
515
963
834
553
240
994
135
819
320
382
356
517
224
539
774
570
211
123
543
550
400
292
108
847
132
624
156
989
343
998
506
359
957
330
499
611
204
737
386
195
976
927
541
240
553
440
9
174
507
191
990
293
768
232
561
568
908
768
258
452
499
430
984
444
568
455
18
954
967
701
322
909
321
424
923
288
837
864
634
705
484
500
352
116
170
667
466
40
150
346
537
926
724
624
358
841
27
374
338
291
290
437
40
238
584
441
166
286
740
149
822
802
248
794
277
259
578
947
611
833
845
984
441
525
361
38
570
723
587
400
174
703
58
898
11
63
63
355
872
475
880
651
156
758
800
290
563
469
715
162
3
231
966
944
715
713
262
916
492
950
123
94
96
78
356
605
580
285
290
213
291
269
566
278
627
237
381
334
859
771
153
182
697
140
362
5
5
830
364
228
524
963
283
600
670
496
501
330
164
546
430
971
480
861
498
201
380
272
886
13
513
644
115
942
77
534
299
980
550
612
104
916
995
329
315
444
990
185
551
565
654
433
341
223
690
855
546
670
921
897
271
416
934
429
397
780
648
681
382
327
343
123
202
899
140
206
292
666
537
433
340
774
634
579
268
380
10
186
756
442
353
251
663
711
970
562
598
800
703
133
284
409
527
568
111
903
760
131
531
788
351
771
452
489
998
368
871
110
45
848
19
245
264
744
737
489
559
764
496
459
743
267
982
68
943
848
5
753
902
840
35
984
791
782
677
642
572
507
518
101
691
144
627
545
628
571
99
741
479
989
32
919
398
121
494
683
928
316
150
309
390
29
500
782
158
732
217
860
730
498
577
38
214
586
968
673
222
922
726
124
668
628
514
953
656
974
398
213
660
74
468
159
654
497
322
466
468
650
39
209
759
219
325
413
241
809
584
626
910
927
892
715
307
45
97
1
41
97
494
742
664
608
150
322
646
215
666
646
40
433
246
931
458
478
964
958
375
628
646
1
541
596
350
3
371
551
289
215
28
350
990
529
188
951
754
685
580
766
206
327
473
174
598
122
235
253
980
122
942
180
922
810
707
698
852
617
549
678
846
330
997
536
502
99
725
216
969
61
792
304
620
75
594
62
248
881
350
198
46
680
60
877
270
314
472
693
235
77
449
705
802
951
108
368
647
547
780
952
634
576
193
746
930
553
730
639
496
125
386
761
509
100
245
103
810
615
787
244
653
836
655
411
262
737
612
194
598
946
0
236
23
254
272
899
623
136
191
20
684
320
595
282
18
450
784
266
2
126
819
809
216
527
984
261
553
512
294
102
730
61
86
563
710
393
202
221
851
694
346
736
931
438
151
796
387
884
997
532
120
614
44
165
900
294
961
523
611
234
803
684
311
892
569
420
829
585
542
915
562
6
282
273
860
955
50
450
301
178
450
716
213
749
541
765
990
343
915
631
316
727
995
713
292
965
743
731
647
137
78
617
679
945
548
650
545
401
998
323
733
542
824
311
787
784
819
48
716
935
537
191
555
986
119
914
122
405
247
119
325
777
832
379
6
289
920
747
924
839
757
523
516
183
653
757
648
333
983
990
466
845
388
780
781
682
778
600
439
960
987
474
214
403
360
973
669
946
405
480
846
760
485
584
646
926
958
20
197
781
581
14
925
560
82
394
26
937
7
722
882
960
349
140
879
322
905
172
761
385
104
885
869
280
745
135
774
142
672
970
961
327
436
327
518
848
96
390
511
575
979
5
536
902
209
836
470
447
599
308
718
251
242
997
10
956
983
727
39
347
433
631
491
889
606
750
387
414
513
318
155
663
751
995
309
569
861
151
880
347
243
695
362
548
369
18
376
646
924
748
730
504
266
202
871
669
546
485
41
268
265
184
863
657
107
470
883
440
910
38
567
585
502
698
160
29
179
851
69
953
123
452
861
48
792
162
502
971
51
31
334
723
344
366
266
433
195
135
861
867
188
2
836
932
971
512
655
87
575
450
688
103
951
70
53
935
641
272
476
398
846
817
554
976
494
398
83
919
986
184
227
47
956
103
194
451
186
943
470
305
268
259
670
383
568
945
545
56
266
705
734
689
368
336
394
423
677
383
352
390
433
758
996
492
478
18
191
817
707
618
443
202
228
735
847
853
456
924
661
758
297
318
977
945
436
480
290
611
466
277
862
685
302
552
307
876
209
778
747
67
830
943
129
180
466
298
251
940
860
984
914
316
281
766
452
315
462
253
307
133
451
855
154
352
874
502
443
647
856
878
469
784
999
679
61
32
761
971
513
878
460
726
479
163
399
676
745
129
556
743
105
889
22
642
792
644
828
816
114
909
117
106
456
871
15
400
73
423
114
79
391
636
291
151
612
770
145
245
639
241
325
286
427
579
127
108
913
116
466
601
800
274
445
101
257
290
136
511
191
219
917
947
906
49
368
501
800
571
305
793
28
292
131
605
405
599
996
600
788
10
494
986
698
112
647
968
392
385
720
232
802
983
8
462
376
466
158
556
97
631
747
522
356
890
722
397
145
477
983
501
680
470
560
254
749
622
388
669
242
343
124
770
231
508
896
300
395
428
526
563
208
241
228
186
873
786
64
598
347
685
606
507
889
412
727
190
268
267
0
996
464
473
892
221
807
455
824
92
77
503
371
101
272
330
821
215
696
560
630
488
20
278
304
598
712
449
585
36
638
274
371
319
262
385
606
228
524
101
873
884
102
109
670
589
93
118
463
886
319
380
298
252
70
111
833
322
590
174
52
231
415
668
795
212
234
298
721
936
246
402
344
905
572
92
50
817
917
336
985
556
153
522
624
324
518
464
44
64
34
463
868
399
763
366
526
781
989
648
931
762
222
443
845
965
572
152
971
210
661
826
415
708
465
777
597
553
504
553
747
817
850
981
995
527
337
938
563
294
270
211
722
475
306
662
727
489
795
920
447
411
738
980
684
186
286
352
281
650
308
225
295
855
299
647
864
745
511
856
559
54
651
610
537
722
922
253
891
660
192
626
181
391
726
884
127
160
184
525
896
436
76
152
658
241
909
169
639
876
943
72
603
93
958
589
811
395
876
750
503
822
593
275
515
259
612
248
42
56
449
505
885
113
377
88
415
273
758
587
658
494
290
305
598
513
383
695
651
978
396
955
498
24
888
773
334
587
451
75
747
273
526
946
969
364
850
110
443
441
698
151
256
371
339
229
463
921
776
886
751
334
636
7
930
192
735
665
405
272
13
950
680
731
724
889
832
973
804
987
237
67
658
797
248
729
849
721
165
433
995
136
487
227
949
725
377
596
306
339
945
132
74
380
217
623
161
387
435
713
284
121
511
892
444
916
215
815
488
262
140
779
414
746
759
357
546
436
572
400
565
354
688
960
701
723
800
84
16
322
944
145
237
703
896
479
369
223
46
482
869
138
51
661
223
982
749
761
729
902
424
884
441
264
331
620
309
682
531
590
312
861
107
753
648
465
910
231
585
555
867
305
273
45
444
286
598
14
269
41
501
804
889
322
254
712
228
938
954
458
385
715
276
433
5
650
238
444
533
51
905
466
396
708
504
890
924
795
851
954
70
290
270
579
876
866
542
825
61
252
397
562
8
626
85
217
26
254
946
587
828
727
309
436
558
311
901
507
893
667
648
365
108
141
192
477
410
394
359
655
259
463
898
312
128
268
756
262
960
964
78
527
33
278
262
850
159
903
887
305
55
795
324
945
892
850
967
167
59
321
337
696
379
201
903
8
395
243
848
546
792
9
489
699
780
477
409
233
644
929
484
892
186
988
946
741
998
242
79
449
884
863
446
406
493
185
699
659
626
579
698
357
625
403
897
279
439
151
749
202
384
129
485
84
858
602
511
19
779
527
424
451
661
435
85
305
201
376
183
667
586
655
182
951
370
892
762
891
79
872
796
951
143
184
138
634
6
895
683
893
758
198
749
282
185
683
533
487
801
802
423
562
117
929
313
632
194
744
201
527
282
178
150
587
499
833
817
508
564
188
526
371
899
592
468
68
445
644
247
964
577
441
511
479
225
682
346
877
888
450
466
931
335
810
595
261
963
865
349
123
288
61
169
717
131
420
223
504
219
207
247
90
161
921
514
834
445
192
507
876
681
854
511
846
387
696
348
175
464
948
173
657
452
669
22
643
228
29
554
600
817
624
155
204
438
419
426
71
510
241
51
421
665
920
972
341
172
325
710
631
433
213
648
7
824
572
697
255
682
800
54
899
1
782
860
872
751
217
609
69
753
80
694
312
387
595
20
362
640
51
331
265
943
270
814
523
127
336
454
239
810
924
438
87
608
483
471
306
998
764
0
876
414
40
833
779
330
646
631
479
107
123
198
280
67
569
911
731
647
205
576
616
666
626
589
903
654
161
353
933
154
533
355
72
883
778
941
435
102
36
219
106
307
986
843
777
423
539
431
243
439
453
675
655
742
190
483
181
817
343
351
621
502
923
548
916
703
584
257
758
217
61
439
435
260
524
269
5
19
260
602
862
762
142
871
436
619
376
686
28
155
406
231
281
655
328
37
896
182
641
751
114
682
846
354
532
511
411
876
626
468
401
931
28
186
383
135
23
261
259
111
177
833
125
592
31
211
347
653
888
959
960
742
831
280
547
411
620
425
166
575
851
267
541
204
560
208
201
168
135
850
376
283
62
525
202
826
859
527
478
38
174
661
961
169
878
747
991
223
605
563
634
799
40
748
846
325
855
246
647
529
817
539
971
135
770
800
4
196
675
159
47
505
1
560
393
578
638
394
744
213
850
783
702
6
597
835
679
13
551
420
535
898
674
449
170
998
410
779
608
578
21
733
51
998
31
499
251
857
637
112
489
302
74
689
758
607
260
202
155
100
935
172
627
998
999
17
127
720
798
897
242
506
154
909
254
520
55
428
868
836
705
53
89
421
219
89
825
365
520
604
785
167
5
938
247
167
100
791
379
756
161
140
946
342
900
839
447
789
416
678
900
502
385
5
676
326
91
0
239
337
397
501
996
912
774
499
536
811
527
52
813
120
750
579
320
730
511
959
892
128
93
6
573
173
876
202
242
157
554
355
370
101
409
783
235
437
271
477
243
93
399
480
819
331
903
976
386
523
219
681
52
744
877
546
128
435
578
355
707
879
413
570
269
681
678
290
331
238
942
934
288
113
569
749
525
248
77
211
429
988
841
225
496
178
565
428
11
227
332
35
739
741
661
925
835
251
583
320
504
967
427
440
556
953
303
721
92
623
671
391
3
482
452
509
836
792
322
519
57
799
207
471
376
69
385
447
429
552
541
505
519
558
237
568
364
757
110
125
799
511
634
168
394
559
671
211
799
689
795
356
469
4
725
957
70
441
253
722
337
694
994
767
690
894
399
9
244
182
336
371
452
294
894
928
727
582
801
375
753
620
593
925
27
862
41
219
821
765
388
937
499
726
594
89
810
497
126
898
28
481
810
899
500
790
271
842
711
625
223
482
886
706
607
435
113
644
888
289
44
226
705
563
529
630
989
441
469
54
747
647
103
119
684
585
160
682
949
384
958
748
698
714
263
906
80
596
129
648
312
6
649
692
424
230
967
523
478
672
319
917
690
7
247
985
354
437
16
524
757
935
972
330
722
367
560
681
920
497
302
118
194
933
664
939
878
957
102
628
570
545
480
291
436
379
619
755
250
20
90
853
386
537
59
799
344
930
721
874
346
40
127
426
544
754
367
694
458
271
48
286
486
302
1
580
523
428
271
745
393
645
680
553
919
212
137
549
561
760
951
330
466
137
943
400
153
769
708
417
333
594
193
383
490
163
155
487
69
495
285
434
999
865
602
652
751
103
985
18
627
286
432
945
978
803
786
324
539
747
560
446
53
472
847
925
893
928
358
170
21
656
705
972
725
774
656
677
988
563
797
686
541
329
759
375
861
587
485
280
979
573
770
68
205
777
943
667
225
550
355
757
205
432
467
645
100
980
835
855
919
89
860
282
311
912
648
162
473
656
534
210
494
356
869
593
34
692
741
840
963
237
792
501
16
546
949
903
298
34
73
825
207
807
410
476
48
152
188
504
133
392
373
397
884
377
850
548
347
340
499
858
203
94
594
277
616
658
293
593
537
710
527
11
127
901
71
745
182
955
79
431
335
348
500
984
645
502
22
159
879
527
858
362
124
128
261
747
559
619
524
89
3
365
10
628
770
972
267
326
326
11
787
766
210
714
292
917
617
469
212
810
445
216
369
382
427
361
84
165
688
290
287
402
751
831
369
691
244
305
379
103
662
75
68
382
695
18
406
804
298
440
89
526
275
577
402
771
47
531
65
242
123
173
545
349
334
406
648
397
225
543
244
751
622
69
8
685
229
324
589
818
335
497
472
260
206
308
898
442
616
727
706
725
931
347
298
672
126
746
266
296
747
125
679
914
293
717
641
469
537
558
445
470
512
976
760
885
867
324
842
102
267
318
639
33
18
57
374
84
851
508
566
723
987
422
989
718
287
442
696
388
442
374
755
697
477
55
680
403
460
507
433
986
9
156
848
513
175
140
193
897
908
366
363
930
352
674
559
884
131
541
647
366
352
548
541
550
303
323
99
668
99
444
225
495
311
698
900
581
567
306
779
154
630
478
814
783
638
870
920
595
52
595
622
298
279
946
493
712
510
941
337
302
997
747
245
630
161
250
167
502
67
520
823
723
447
638
537
185
462
440
661
825
865
407
92
459
783
324
383
536
97
445
773
685
670
369
888
500
187
389
930
753
29
846
4
153
261
888
122
137
155
336
405
735
442
146
948
18
38
383
315
492
674
685
344
123
466
96
809
529
166
148
866
501
903
431
434
410
172
78
872
844
89
924
995
872
667
64
539
920
371
94
375
486
931
42
47
455
790
417
163
522
181
78
286
915
573
609
316
516
243
500
589
986
225
596
119
428
354
323
136
681
68
57
365
74
599
296
252
980
14
912
627
112
170
927
879
922
803
524
259
578
202
480
819
301
942
159
433
222
368
546
663
540
970
822
220
297
661
301
323
404
631
192
942
44
562
65
767
238
773
109
726
766
479
124
81
303
617
539
243
45
715
511
157
536
98
634
842
648
704
665
478
851
768
298
604
78
54
794
306
512
83
384
834
800
522
316
918
449
290
65
984
507
673
97
587
672
12
648
864
727
626
477
500
489
500
682
187
342
189
562
469
93
501
953
153
349
60
178
605
327
872
508
834
364
784
128
638
375
778
943
429
65
578
863
655
86
713
166
229
774
565
717
688
638
301
842
375
195
430
459
818
810
964
365
864
762
115
79
859
520
262
431
572
402
203
134
92
668
525
597
321
669
103
726
795
514
207
642
342
934
541
286
114
868
749
700
639
921
916
123
463
85
462
750
274
132
797
872
816
79
605
667
337
437
81
650
661
643
521
55
674
917
87
730
299
885
860
708
466
506
168
763
112
268
684
470
805
835
752
765
466
69
609
535
306
656
111
170
963
720
225
274
382
53
864
95
724
24
479
312
820
14
386
211
842
124
61
620
385
986
460
631
281
953
674
935
669
306
378
704
259
108
479
561
746
444
775
778
848
137
546
195
547
478
314
715
733
936
420
489
600
437
933
464
159
950
457
906
452
432
249
747
791
761
151
336
963
862
627
752
677
325
91
405
332
934
760
327
916
596
376
703
409
383
101
418
281
211
872
349
200
487
953
294
154
616
971
997
931
43
884
276
155
356
394
701
820
507
648
134
131
644
930
391
312
32
836
523
406
472
84
487
758
599
728
938
357
494
158
62
733
676
408
157
358
443
345
998
567
801
203
642
921
938
326
259
601
523
324
393
561
119
191
52
74
709
829
480
212
69
699
431
923
664
577
462
215
601
880
470
699
139
747
724
137
98
420
212
533
707
653
648
155
299
373
974
266
174
370
887
394
142
304
171
159
951
709
207
603
702
642
747
316
70
447
795
209
726
4
754
146
748
902
223
554
610
361
292
968
783
634
870
789
79
276
396
959
553
613
92
707
451
235
943
846
662
172
366
465
458
198
451
35
857
646
156
335
506
385
524
563
876
311
336
730
885
283
689
849
112
418
87
141
925
631
843
704
253
920
385
208
184
740
914
759
393
443
541
873
576
794
912
546
885
784
187
789
644
37
760
27
677
702
564
596
77
607
620
427
281
591
17
993
843
59
681
81
831
179
524
688
813
102
159
224
816
737
701
446
257
244
669
929
394
409
243
728
124
202
784
418
341
536
132
901
240
237
742
144
8
858
998
883
649
286
969
750
43
216
900
255
831
610
278
253
254
155
100
775
641
149
588
702
45
576
348
593
659
278
21
646
377
778
524
469
321
290
414
193
282
106
585
380
854
473
185
630
346
61
470
858
321
139
643
14
729
496
338
212
523
696
737
50
265
677
804
787
367
911
460
529
338
823
930
172
335
672
6
616
455
663
415
596
66
603
183
562
717
29
942
677
129
139
926
859
966
135
853
423
549
691
106
721
816
93
988
892
96
87
584
412
476
663
85
872
230
13
700
196
201
871
417
410
862
130
289
417
629
850
881
825
417
524
385
300
15
323
950
243
482
797
978
714
573
744
754
921
70
87
215
826
106
922
57
384
234
58
952
766
165
496
620
858
627
959
605
205
937
971
563
259
266
644
203
259
721
94
270
234
515
614
294
680
314
302
93
651
843
139
748
775
390
152
718
898
938
190
577
701
18
669
826
204
993
667
354
415
871
390
305
654
464
44
44
944
533
671
484
431
194
480
796
106
924
394
163
744
389
984
155
110
235
779
398
721
543
345
638
503
434
433
271
556
34
144
563
468
345
668
472
734
194
715
72
411
104
441
280
190
933
578
423
266
745
171
726
50
122
524
952
838
154
257
952
589
877
750
213
937
844
955
191
724
385
753
898
117
285
198
373
269
164
396
592
182
742
397
632
311
13
836
253
642
938
448
259
892
67
577
985
814
17
248
981
244
629
988
799
289
192
419
972
854
709
126
52
348
98
522
657
181
800
211
2
206
669
830
992
74
654
959
916
603
976
883
168
750
910
895
397
388
956
443
645
698
260
380
215
394
304
449
35
94
779
480
783
697
181
577
883
453
397
651
455
353
118
258
594
603
589
765
425
400
540
64
62
702
444
379
677
991
337
895
242
951
616
343
156
937
516
853
560
829
118
243
39
821
347
803
940
295
349
390
354
317
523
449
519
446
836
930
512
784
438
644
729
212
450
631
705
7
193
598
396
672
904
166
463
648
884
657
680
400
686
647
606
132
177
425
284
415
164
834
215
52
679
23
64
365
425
100
817
229
737
70
496
792
38
631
852
882
158
519
49
251
83
778
460
820
627
487
144
263
823
100
10
826
561
758
899
318
98
641
579
174
973
140
740
776
548
657
899
308
40
870
327
671
556
10
800
692
103
445
274
897
979
282
757
269
61
168
767
155
956
120
515
877
731
735
681
618
193
272
954
95
992
97
436
790
784
56
786
234
792
137
217
696
858
240
642
977
737
9
293
785
458
502
465
580
731
988
677
226
327
104
451
545
701
301
818
88
520
929
837
885
572
3
821
53
31
685
318
170
136
172
935
345
102
751
259
588
630
152
638
383
788
344
299
601
541
242
333
78
160
657
613
296
333
332
290
550
151
610
922
335
409
176
409
1
37
10
996
528
732
580
960
661
997
972
425
926
48
628
554
236
438
819
914
306
478
287
865
675
534
816
998
989
996
852
687
42
299
578
321
780
14
731
768
810
413
599
330
306
383
266
618
664
267
383
81
323
545
24
627
337
855
53
1
504
622
539
661
729
286
979
536
21
401
809
713
10
35
561
421
538
136
507
733
950
219
242
146
897
354
184
976
24
891
750
436
345
209
227
923
930
183
529
563
711
595
600
20
921
209
759
180
197
255
758
668
728
495
466
506
686
87
921
788
549
909
409
99
641
649
761
759
304
81
342
125
884
509
48
580
851
926
884
770
460
550
689
672
940
29
437
763
650
188
795
484
209
211
54
302
406
693
715
527
966
102
178
875
616
774
117
356
532
470
195
380
278
386
779
7
352
614
141
216
378
823
122
931
600
214
895
268
604
525
829
387
468
858
959
760
394
524
864
191
179
666
690
289
338
836
856
886
268
650
695
586
835
963
764
953
0
429
724
697
209
700
945
423
306
67
636
432
985
482
309
677
649
247
721
700
222
490
535
117
638
277
872
153
119
778
188
283
481
232
969
882
128
127
737
872
252
68
306
872
103
457
833
174
544
375
557
672
201
355
220
555
643
160
119
969
686
280
764
818
50
556
849
100
752
803
820
864
52
930
363
640
330
430
216
697
235
142
421
877
624
961
833
487
311
624
488
172
977
815
793
747
373
770
758
113
820
904
827
964
703
468
733
298
925
755
388
594
258
791
459
32
648
333
686
235
132
260
389
41
684
286
35
870
683
690
652
326
924
5
834
807
250
299
637
585
870
896
68
523
266
103
713
747
709
223
676
324
714
919
494
946
651
897
632
352
754
989
63
483
881
747
441
27
417
623
955
80
361
19
553
458
37
276
165
613
53
891
579
167
772
857
364
458
282
746
978
442
563
592
557
453
304
879
189
775
548
741
785
968
522
914
939
861
12
526
596
323
757
982
681
627
298
252
452
434
706
286
266
355
309
394
282
907
856
813
99
489
51
790
647
705
373
307
621
140
444
989
979
403
435
345
856
513
726
68
24
94
88
287
615
938
189
682
397
786
818
113
64
82
495
625
837
183
626
380
592
629
987
850
511
779
256
956
52
329
601
593
225
441
597
196
451
137
48
932
677
50
463
732
146
683
538
991
245
164
412
846
268
349
201
503
755
970
304
422
9
69
840
192
94
40
685
51
295
367
651
222
481
650
999
516
207
648
141
333
957
358
928
594
812
616
550
800
18
241
892
808
880
873
125
732
535
301
896
560
830
577
572
898
735
258
438
790
545
191
553
969
157
841
461
48
583
310
989
57
815
687
895
823
771
187
385
766
732
172
884
753
16
61
485
217
484
317
821
919
770
596
217
665
261
339
668
556
532
111
152
156
807
781
609
791
337
198
661
561
447
356
321
384
993
898
64
185
407
121
64
672
510
503
365
228
822
715
732
202
449
646
47
405
356
410
777
636
900
108
110
462
230
622
951
763
520
796
81
125
153
268
120
552
710
775
0
598
241
874
946
26
41
799
11
266
875
568
524
248
857
127
887
437
886
129
479
351
103
662
156
201
605
387
382
517
357
507
584
928
644
490
773
306
572
559
362
771
35
877
503
840
543
32
129
753
568
830
46
509
136
625
468
694
791
77
346
354
86
993
89
723
187
744
890
877
85
884
512
979
106
431
604
338
520
235
19
810
37
480
321
989
386
609
828
554
741
338
427
227
909
513
570
542
750
560
495
855
15
207
849
746
552
886
593
915
730
463
835
784
909
865
105
563
700
87
493
44
645
271
604
682
473
644
746
739
511
909
229
956
593
472
344
817
904
10
707
884
857
516
615
717
760
250
945
257
690
463
710
831
198
297
496
756
342
553
775
607
433
611
151
931
381
596
151
931
771
454
526
225
170
778
152
383
952
730
795
447
659
249
253
13
966
948
704
495
195
443
772
91
54
101
475
201
54
510
598
823
268
900
130
603
19
288
565
27
303
857
202
443
978
988
751
466
269
652
513
34
599
915
304
65
222
3
700
101
680
35
73
573
429
426
633
250
267
338
803
27
746
914
944
667
519
542
813
648
321
282
591
402
986
185
413
466
389
173
540
783
200
635
312
194
438
43
749
133
532
532
258
429
268
751
39
596
167
919
459
101
811
551
459
628
311
473
238
481
540
947
210
866
545
98
171
684
831
990
598
189
516
425
43
997
835
207
668
215
918
540
354
290
376
592
748
828
725
480
279
602
567
311
915
553
565
432
116
481
505
551
46
705
902
216
533
633
340
627
232
840
998
973
625
697
938
596
509
834
320
788
455
559
461
930
566
219
101
831
643
338
7
625
694
45
547
385
760
19
122
32
290
133
774
431
931
806
867
944
818
247
806
9
184
651
722
760
394
815
147
56
52
222
390
33
5
732
848
263
170
932
743
585
970
832
147
405
947
878
605
305
655
137
765
130
551
155
993
347
660
550
77
71
277
225
771
93
241
853
676
825
810
781
321
271
427
622
235
5
790
271
770
46
946
476
700
889
679
731
30
951
753
672
282
364
52
598
429
559
23
69
964
768
694
694
597
755
751
380
62
589
143
271
412
686
514
505
787
578
691
804
812
910
635
389
482
709
492
340
741
172
480
701
231
689
79
688
893
497
234
451
596
106
493
436
384
882
189
816
541
483
85
596
880
205
687
247
199
216
4
99
711
919
469
711
417
258
816
660
481
304
108
703
367
833
18
227
710
685
490
89
256
867
947
713
969
512
665
566
627
969
693
705
507
274
946
622
236
111
68
311
802
550
539
835
689
186
256
921
333
57
871
895
912
800
981
271
724
825
843
683
834
260
533
843
623
259
513
392
106
101
512
56
751
509
416
115
970
30
499
10
925
118
800
624
194
122
306
516
693
732
60
750
590
438
718
757
24
802
810
72
53
513
357
134
714
175
951
625
510
254
986
265
992
348
426
627
174
142
563
636
179
313
401
760
578
156
845
480
952
824
463
448
16
707
324
641
647
291
71
206
109
413
682
305
652
201
499
65
841
28
356
995
916
234
996
969
635
81
324
893
937
288
999
136
578
417
328
287
479
68
102
685
212
988
632
327
469
184
2
83
554
428
637
425
566
563
343
759
817
900
355
244
952
919
858
928
551
984
411
594
178
610
755
900
101
838
631
208
623
44
921
316
887
7
109
695
975
706
556
605
796
102
269
66
979
563
238
770
140
201
100
703
954
177
355
180
942
118
696
364
340
893
442
73
807
380
669
159
33
96
984
909
148
396
72
513
766
852
894
274
302
950
112
639
285
652
443
507
636
52
979
784
194
255
321
232
41
224
751
669
811
566
785
627
28
76
817
521
539
691
497
663
101
760
362
363
414
945
877
964
49
317
61
548
228
651
29
810
909
111
559
254
672
364
197
537
9
596
888
348
500
726
772
86
903
584
635
271
716
161
343
142
270
160
789
449
112
924
616
568
407
726
189
472
897
719
262
652
35
316
396
576
427
466
55
905
51
865
181
39
510
890
2
584
230
456
42
451
438
377
423
15
431
843
759
85
680
827
559
171
943
138
124
76
268
678
399
855
783
427
247
260
574
330
24
817
810
482
608
752
622
721
691
231
696
169
562
321
297
195
640
151
270
553
446
99
352
246
369
968
131
271
571
371
548
816
820
742
787
94
797
29
975
509
689
167
259
307
555
349
990
72
216
575
744
135
746
642
80
821
709
310
102
479
286
119
236
702
7
115
660
737
412
557
69
24
445
908
206
928
236
221
233
312
726
574
795
616
42
697
253
843
86
394
151
38
169
894
920
87
225
766
844
558
504
617
668
495
188
155
229
539
483
417
313
676
735
440
810
143
298
293
529
371
832
804
987
738
390
381
697
742
520
7
332
550
677
908
891
674
100
606
462
254
220
270
874
174
393
705
107
882
172
265
195
877
429
583
513
505
461
308
211
598
677
773
337
211
79
606
457
655
385
51
618
265
290
656
249
916
242
427
29
606
917
249
367
333
681
921
117
987
151
900
393
304
112
493
917
389
774
812
598
736
256
563
338
37
846
947
368
673
713
141
927
24
893
583
778
766
54
470
800
526
799
644
140
995
645
598
976
526
458
379
734
488
361
80
555
215
745
881
476
819
380
80
729
226
761
803
861
313
519
121
154
371
846
449
905
785
100
689
180
908
821
959
774
26
726
559
926
627
193
705
27
851
545
417
416
325
536
516
85
50
373
35
19
821
421
858
150
518
269
423
221
935
56
820
204
988
617
3
818
376
534
195
385
235
801
620
81
73
903
688
571
499
106
13
249
57
345
32
180
825
859
266
290
864
795
320
302
934
436
480
185
211
37
530
298
753
995
940
628
823
744
803
978
355
999
23
491
813
327
87
688
427
283
867
480
583
791
897
136
411
695
738
826
169
123
710
811
356
503
551
558
924
873
137
386
302
362
325
234
287
853
732
349
772
934
789
339
556
214
94
409
722
114
393
227
984
30
869
405
585
671
117
835
771
442
721
904
924
561
244
615
380
516
21
642
466
704
176
523
520
527
102
608
53
810
560
283
901
29
449
980
522
506
570
788
325
747
91
697
840
135
107
527
95
767
275
319
309
486
485
524
896
654
356
849
97
181
778
242
140
207
600
809
967
698
440
149
507
287
6
287
952
702
584
141
394
353
300
20
16
649
129
85
544
874
714
431
316
271
719
790
570
808
668
537
652
575
336
10
4
95
820
363
987
725
352
501
964
85
266
898
921
733
399
266
825
480
156
632
56
630
910
909
937
885
93
414
158
942
283
70
464
570
319
930
382
975
342
138
276
157
979
750
690
947
967
914
591
564
489
595
750
283
278
96
171
428
764
766
906
774
402
995
939
607
634
775
517
327
99
489
922
802
660
424
77
391
694
658
312
545
479
162
198
445
599
736
11
77
78
944
892
390
267
323
753
806
600
977
714
621
281
543
833
301
343
276
590
642
615
323
415
410
339
50
450
770
216
351
192
261
932
268
303
348
490
593
59
262
431
1
420
606
679
149
543
955
688
898
10
294
712
259
618
563
17
953
327
827
283
96
851
578
429
142
687
929
270
971
853
81
746
638
365
784
671
954
968
601
487
165
328
630
217
720
894
56
228
200
388
459
953
331
286
450
664
491
527
855
910
269
771
686
3
963
424
497
338
149
855
676
996
830
272
717
671
568
909
86
430
339
336
503
44
917
662
66
663
470
441
3
130
779
246
428
965
384
78
777
99
452
848
0
357
269
1
465
707
880
49
617
141
595
438
613
356
647
834
245
315
74
433
530
234
897
415
279
894
144
676
618
550
409
879
119
652
61
729
612
72
159
922
669
874
451
413
855
389
443
559
152
285
394
89
845
715
124
366
489
180
21
273
822
309
0
698
685
669
637
879
304
428
845
897
823
905
9
554
271
740
302
524
219
238
306
503
819
441
682
72
357
268
519
443
195
616
880
844
665
466
194
495
491
150
316
355
905
83
351
908
562
194
650
352
597
925
407
854
144
674
530
223
835
615
832
641
597
601
399
103
436
629
223
574
282
736
112
415
785
267
594
440
264
451
513
946
418
913
898
136
868
828
559
253
318
856
475
816
417
292
437
91
331
559
824
769
677
52
377
550
197
563
765
137
554
636
182
919
989
182
845
446
508
631
345
872
192
896
102
947
919
795
962
663
950
930
152
262
7
936
145
929
802
246
387
352
883
921
656
901
819
610
555
360
689
895
177
91
414
954
715
524
222
232
271
461
965
297
277
616
55
953
841
671
340
734
228
47
813
619
634
836
360
563
790
734
415
7
458
981
464
116
559
224
669
456
126
357
801
703
694
397
562
394
153
356
216
263
193
81
938
316
703
830
238
203
189
883
708
242
827
845
438
325
250
942
328
317
672
722
132
539
646
941
911
770
216
58
335
84
872
601
394
499
566
165
440
19
579
577
983
976
410
22
608
315
334
675
463
598
202
219
151
386
189
342
140
386
179
690
913
683
985
465
153
468
10
511
751
199
341
885
698
283
18
114
816
225
41
457
968
849
720
322
102
638
574
385
494
778
321
919
944
129
477
136
940
86
432
968
971
63
630
548
23
698
739
854
679
604
691
154
579
425
495
259
699
41
631
125
635
744
438
48
681
241
499
221
170
533
47
795
384
958
802
507
914
958
719
801
342
837
507
705
503
296
31
316
974
798
681
678
394
538
174
577
747
164
167
373
297
146
697
470
233
32
545
339
90
296
415
961
844
614
452
432
510
804
676
549
202
529
219
206
394
206
598
382
473
533
850
280
196
248
155
871
722
972
539
355
523
685
362
520
884
555
386
936
939
405
774
957
995
165
60
764
888
726
137
166
612
97
734
703
814
244
242
735
924
53
305
267
867
327
191
168
294
771
940
77
770
532
697
505
971
479
302
109
813
211
55
446
106
489
134
247
420
209
16
102
925
578
222
719
450
577
100
762
849
330
355
565
324
712
796
357
590
784
195
106
958
45
986
16
690
920
345
39
61
810
429
861
400
537
545
47
609
195
307
816
836
181
681
108
656
424
838
904
122
114
126
553
191
643
280
103
920
386
199
142
192
351
542
617
332
59
538
897
446
591
247
73
394
20
203
240
704
60
125
710
589
62
845
674
902
288
225
157
748
805
975
907
878
984
772
409
844
739
945
226
143
926
14
141
292
353
935
346
610
62
409
563
641
242
943
690
294
620
123
448
582
531
13
617
248
188
997
771
908
741
991
615
616
269
600
153
674
62
356
96
563
873
618
150
753
91
820
53
445
758
101
636
171
437
493
231
560
21
792
311
856
102
439
440
900
897
663
371
267
451
539
855
809
796
833
791
120
459
569
438
296
86
347
789
833
507
814
611
94
684
102
416
102
927
771
412
968
163
594
472
360
22
455
227
881
366
796
792
672
147
324
950
72
716
330
942
270
799
900
570
764
846
11
286
448
855
199
828
294
785
752
163
333
379
915
10
750
280
734
314
221
335
748
140
418
824
314
713
217
660
917
601
219
129
808
116
634
746
461
61
393
683
47
398
661
311
145
70
794
599
238
550
435
602
81
830
415
78
502
804
612
409
91
817
653
215
451
719
500
535
597
568
204
600
661
625
262
563
189
722
38
405
354
447
257
36
956
241
978
158
279
400
141
381
633
85
644
33
635
434
925
527
445
84
666
420
270
165
6
159
826
636
969
411
631
807
344
50
79
119
359
598
438
721
182
351
777
943
44
38
28
818
195
658
920
397
840
96
166
529
549
353
322
77
88
507
26
978
779
45
90
47
286
226
875
36
870
796
884
245
910
813
636
995
277
246
853
655
179
289
807
649
427
967
153
891
125
244
658
830
363
666
594
744
574
781
145
697
739
984
2
290
627
995
345
307
783
87
193
733
611
247
414
549
170
410
441
455
726
553
895
958
543
977
44
36
385
32
50
308
170
952
609
6
311
838
646
391
674
309
495
656
30
555
414
516
540
194
309
448
41
457
383
143
590
27
241
772
118
683
479
853
919
838
878
670
270
56
229
598
94
5
570
342
516
200
320
597
896
944
306
170
746
892
811
12
111
419
638
176
5
552
781
583
941
982
202
441
559
810
96
292
737
690
601
411
728
554
298
452
931
248
85
356
261
687
912
577
265
667
147
779
544
902
716
890
409
577
954
407
321
371
203
883
992
34
284
356
141
33
767
266
122
263
355
760
505
42
999
683
59
304
443
632
570
348
616
247
420
171
322
293
600
177
343
900
738
436
167
98
802
546
198
444
64
978
774
706
618
685
915
948
461
587
651
249
760
408
628
800
356
282
68
683
789
991
0
225
735
972
950
319
368
147
73
396
937
535
77
479
372
92
815
259
950
561
111
233
611
65
672
223
910
77
106
868
726
904
535
157
465
214
114
620
800
637
508
669
745
409
366
43
79
97
347
845
697
19
410
466
445
235
684
787
428
120
874
413
560
650
157
512
973
328
959
767
524
788
40
316
363
756
630
468
28
369
849
63
940
747
712
692
750
900
383
414
447
44
814
234
328
594
264
725
228
871
167
400
922
64
884
877
962
334
779
410
76
185
409
525
913
708
477
145
180
103
174
648
99
736
575
343
756
597
158
616
949
482
766
66
189
236
124
119
525
915
223
544
645
102
681
249
288
657
688
780
787
630
264
847
743
234
302
699
774
24
73
183
389
871
458
418
674
31
343
847
914
726
705
763
570
874
674
568
562
730
748
676
749
916
70
506
808
56
504
97
526
747
405
644
345
935
552
14
217
265
735
309
367
470
676
950
60
877
593
499
513
840
265
508
678
177
242
928
911
147
651
110
386
702
347
649
322
303
717
808
94
588
563
458
749
601
693
71
259
367
338
261
452
26
380
807
435
466
467
447
345
372
317
822
965
549
344
906
88
702
822
950
425
357
393
507
57
555
269
538
548
631
807
125
391
975
94
746
222
909
623
997
656
364
968
835
484
346
437
822
27
889
289
628
362
328
535
94
762
702
494
322
666
253
955
489
365
417
85
999
305
484
661
415
410
597
12
501
261
681
916
695
273
194
216
938
696
944
153
539
878
3
749
340
507
878
40
181
197
200
344
648
711
278
545
79
668
122
246
707
5
126
763
527
540
413
417
462
484
416
135
996
971
281
408
825
978
773
687
460
585
973
262
588
661
998
204
625
778
520
800
241
341
484
641
844
835
774
712
279
502
789
593
373
118
694
520
173
728
827
953
25
651
193
418
698
850
255
43
154
38
454
41
245
726
647
218
853
669
518
886
875
268
782
928
473
240
222
921
394
632
944
45
865
78
532
234
258
394
585
153
848
298
979
520
681
915
415
166
380
648
162
200
23
378
194
245
127
390
93
761
441
93
255
59
596
524
205
501
518
68
358
262
332
322
108
739
40
581
727
154
885
724
617
948
545
849
47
401
609
613
292
971
89
4
132
600
343
898
470
648
968
90
843
731
216
469
873
368
950
993
646
557
129
180
200
570
697
865
595
163
409
103
271
839
765
835
974
351
950
22
68
577
885
784
346
776
825
373
701
147
771
179
944
351
143
495
6
545
951
352
113
749
178
703
813
509
511
179
555
121
18
170
256
655
876
3
874
72
639
667
960
163
70
842
717
709
6
152
165
447
736
436
745
240
706
0
836
153
757
777
427
306
120
301
150
6
61
904
859
28
517
328
280
6
915
247
337
183
754
785
549
118
352
483
44
600
719
601
999
953
677
284
424
269
164
123
868
802
700
159
184
645
140
3
808
241
817
67
752
606
856
693
107
846
877
975
682
407
250
56
363
845
826
316
473
848
807
428
465
627
149
866
784
297
594
154
409
568
900
513
410
548
469
70
161
2
732
622
787
468
411
88
964
836
194
40
202
640
352
131
251
32
713
85
139
743
653
639
502
559
273
355
817
470
665
394
228
42
241
355
406
721
85
862
587
399
555
474
990
500
855
741
739
822
284
561
446
28
986
719
23
621
802
987
722
538
224
482
915
572
906
850
520
894
387
590
580
761
604
926
515
367
726
914
679
904
545
10
94
984
963
228
293
123
907
464
436
328
897
202
808
428
617
622
257
172
716
632
57
396
478
91
55
158
756
469
264
681
989
193
481
858
307
566
428
133
303
141
360
756
222
217
812
228
689
291
726
282
774
140
374
345
600
272
299
411
679
137
470
5
582
211
210
534
315
656
667
679
896
754
739
33
494
689
411
8
347
605
329
959
196
662
574
537
289
747
648
296
213
425
188
490
549
396
891
443
627
891
797
952
293
828
564
835
57
884
571
641
187
270
841
819
492
555
979
605
87
952
539
540
368
526
469
23
830
68
670
591
242
785
568
366
718
353
420
113
526
844
782
429
295
411
502
556
482
241
846
698
370
523
177
267
352
240
141
111
248
76
403
611
684
516
405
90
238
495
504
937
66
482
726
160
511
689
530
559
583
36
585
494
818
905
210
555
592
878
161
687
394
5
650
394
21
449
269
382
970
394
662
437
841
728
372
568
12
494
188
564
11
671
29
962
765
320
750
465
920
609
230
437
489
950
519
120
564
221
966
736
222
213
215
446
530
117
620
880
123
480
896
265
438
502
982
156
549
112
203
1
952
580
40
203
225
538
450
400
719
922
363
938
777
250
417
952
951
352
764
706
620
171
108
171
642
554
523
426
183
279
51
437
567
209
591
212
511
304
627
975
111
978
295
360
395
473
895
466
865
646
199
148
433
15
926
198
450
271
811
781
10
466
213
709
415
520
756
191
422
504
736
70
315
408
5
470
304
193
276
899
446
22
740
215
742
816
190
627
76
805
107
391
431
32
59
331
314
64
88
611
264
749
483
282
977
728
249
87
971
280
27
235
611
628
314
855
998
987
532
962
707
956
428
688
718
975
745
919
554
410
365
521
337
807
807
242
606
132
361
36
683
548
579
199
595
461
317
502
143
654
953
67
714
901
634
427
642
784
961
149
858
790
243
262
68
108
247
514
797
264
722
595
553
86
705
290
543
184
286
835
6
169
826
977
297
706
558
544
788
907
877
557
931
547
203
440
466
807
221
609
623
340
798
724
484
940
540
647
593
886
556
998
983
660
518
339
104
948
271
698
86
519
528
322
598
577
795
465
132
266
919
408
357
955
411
423
499
383
594
872
19
320
2
566
456
420
151
22
411
184
687
505
791
79
665
885
468
303
924
969
500
438
298
259
556
944
311
826
835
1
91
886
159
319
456
446
903
342
214
306
539
266
943
151
695
31
717
839
296
103
677
780
68
843
470
699
561
663
954
41
562
627
102
449
207
82
631
437
972
552
252
13
42
457
76
282
848
932
479
317
968
672
793
539
733
871
345
189
68
13
761
646
180
879
68
342
276
1
422
768
796
217
945
153
836
395
111
316
73
320
148
607
467
630
722
267
320
912
361
681
583
372
660
442
703
27
503
584
637
795
539
102
769
494
247
708
626
60
780
527
264
785
432
564
549
563
767
494
811
780
322
277
69
201
316
868
965
823
518
913
596
683
129
87
36
77
786
656
126
476
37
170
39
178
210
834
864
527
629
978
590
952
965
198
519
139
413
907
40
652
483
873
634
78
463
304
822
894
726
137
952
94
271
119
643
204
235
693
616
231
450
385
112
737
28
29
491
738
120
655
942
770
2
138
917
970
711
604
18
518
925
395
427
248
929
879
256
65
886
690
489
395
623
366
473
390
871
497
965
319
239
49
206
384
472
147
92
441
755
0
630
261
387
419
832
965
125
872
487
513
44
124
983
93
103
387
316
88
970
609
827
155
845
782
6
189
170
249
848
771
100
954
125
684
77
97
917
189
64
543
249
75
226
274
382
726
169
528
224
269
882
863
192
768
741
404
301
799
747
290
448
356
492
168
559
299
802
946
275
864
918
939
767
694
261
926
259
131
199
113
907
2
10
230
13
139
482
239
747
687
283
680
768
79
401
223
303
190
905
556
879
971
703
113
747
849
199
679
483
384
269
460
438
903
17
249
861
845
719
129
296
201
170
319
431
117
552
243
223
806
181
344
588
922
647
564
544
362
251
520
56
737
178
867
147
926
303
72
789
971
960
375
912
826
98
336
749
679
221
466
952
950
356
982
465
313
642
932
15
756
41
52
967
51
537
64
92
587
254
343
928
372
479
5
765
691
486
78
851
355
799
583
40
758
446
182
265
292
281
691
784
377
248
859
931
13
401
819
241
611
314
611
236
244
78
745
311
314
201
65
880
646
603
944
400
401
142
167
138
581
800
968
379
40
894
401
339
817
69
208
925
788
417
409
464
785
668
94
452
68
0
676
496
322
742
234
222
992
716
791
220
509
35
837
809
903
373
651
62
865
143
885
305
406
86
296
197
483
74
168
795
598
963
409
978
956
879
332
709
784
524
355
156
464
307
333
248
650
606
631
459
280
232
782
336
862
333
807
383
979
231
746
65
38
200
90
475
460
413
96
47
853
12
738
53
695
87
253
229
589
650
380
850
137
603
121
154
701
415
952
90
188
711
521
259
605
417
119
697
668
961
805
109
718
88
320
892
485
100
274
279
0
747
665
691
688
143
730
449
102
260
437
652
551
630
277
227
922
736
851
998
338
188
212
210
334
136
203
748
928
246
39
858
17
648
386
991
833
13
14
784
236
115
415
471
986
989
729
925
570
93
528
688
663
514
394
832
831
516
414
863
922
584
221
600
317
347
220
715
320
894
993
750
732
136
431
114
609
394
998
772
428
793
796
148
432
541
212
49
391
341
234
47
190
971
565
151
906
274
185
324
471
89
875
187
133
676
985
565
237
887
407
778
856
53
660
799
847
742
792
529
468
562
376
175
813
867
266
330
273
165
841
544
701
843
995
76
316
931
718
527
418
154
211
1
511
768
589
164
115
625
967
401
358
188
597
28
979
259
309
149
247
497
5
53
932
549
371
163
221
488
102
986
535
921
226
647
633
170
68
701
388
216
643
672
54
555
985
383
135
323
322
384
671
203
397
305
92
420
391
706
269
825
830
619
644
225
265
181
308
802
540
69
854
562
891
654
787
45
476
437
46
210
567
28
452
536
520
790
422
475
933
933
494
409
229
787
155
706
907
942
606
879
724
766
489
267
826
364
221
544
954
617
145
915
953
951
528
677
306
354
690
636
87
111
983
236
393
278
99
61
811
663
546
395
390
5
866
420
751
892
630
936
774
270
638
65
503
304
439
120
998
887
496
890
414
677
823
101
696
617
531
835
923
505
646
666
267
948
157
311
737
293
442
555
668
758
453
479
491
814
509
706
723
123
45
401
855
17
148
341
121
231
116
999
333
544
473
940
244
97
295
176
35
827
153
158
540
216
622
89
366
337
770
338
992
198
258
477
168
534
550
382
232
552
659
383
67
125
119
499
317
656
431
338
766
758
159
632
212
760
834
625
436
241
350
462
141
653
30
0
983
455
57
704
529
551
711
44
660
327
622
874
823
488
28
865
633
525
118
59
268
426
681
302
345
145
320
202
467
511
360
127
748
50
880
120
121
658
181
613
414
793
854
176
460
984
61
273
158
951
325
859
700
771
511
759
327
109
295
173
305
262
106
400
961
303
606
336
262
278
961
926
965
899
223
222
326
877
244
508
954
761
790
572
898
26
726
869
153
933
78
658
43
900
401
963
686
533
286
369
831
483
316
897
295
26
369
254
742
274
514
119
600
861
472
773
22
239
320
312
578
123
979
506
411
455
305
850
11
550
799
863
869
103
916
891
818
102
240
577
689
669
874
644
242
487
111
40
802
946
45
105
680
763
501
942
195
450
88
224
873
819
605
616
773
807
483
807
185
702
766
115
429
672
294
647
787
795
997
50
843
573
405
259
680
276
934
278
705
539
458
347
775
227
466
751
753
626
625
316
92
759
282
840
773
479
440
616
257
59
229
713
603
148
388
376
797
45
402
118
127
267
601
624
188
674
268
818
615
826
299
815
339
545
578
53
344
902
767
831
365
801
984
695
438
333
868
343
990
240
392
498
261
102
569
502
973
177
861
466
601
380
927
246
576
827
40
198
766
287
832
610
43
78
637
756
541
101
55
890
435
270
935
426
546
913
317
802
392
616
784
275
175
796
266
835
79
516
91
275
693
767
186
138
333
501
353
149
970
689
602
386
57
979
663
46
688
11
836
265
825
503
169
384
592
543
595
576
889
508
101
653
912
656
9
897
858
112
428
200
859
730
159
623
927
630
262
808
826
865
495
561
724
767
388
241
79
156
829
882
863
311
794
403
328
968
165
274
310
448
96
942
927
333
94
661
136
326
469
100
170
909
217
836
142
696
611
490
760
471
925
727
129
850
699
643
979
482
217
719
818
101
711
974
840
271
514
20
839
659
482
5
110
516
390
790
220
792
167
663
783
906
17
920
737
415
212
693
615
347
491
784
19
330
137
557
998
792
971
452
875
661
824
698
767
971
555
441
321
950
887
825
997
65
116
319
92
70
645
752
748
512
732
561
588
717
509
865
409
647
884
875
449
514
380
437
674
411
631
215
70
138
180
562
155
670
802
810
978
450
568
16
882
372
540
224
427
901
729
826
594
350
431
636
863
9
600
620
605
396
361
581
286
827
703
995
978
840
940
60
708
704
162
270
522
740
25
584
316
410
717
6
445
983
490
743
809
620
924
870
37
507
116
266
47
640
539
113
904
897
41
747
840
545
727
299
959
66
589
329
925
810
198
210
10
67
47
429
785
217
69
573
630
742
658
119
482
828
466
322
758
117
242
265
158
640
972
350
186
520
326
41
491
572
191
576
961
251
537
322
284
878
159
209
262
423
248
197
492
401
87
822
396
703
757
479
763
39
830
828
286
786
83
248
175
589
702
22
578
224
426
336
208
113
196
674
830
529
305
708
447
564
376
585
509
316
930
846
262
401
215
93
138
580
137
595
314
436
424
700
774
939
900
489
816
17
900
364
837
278
279
172
763
865
212
988
805
970
98
305
973
658
85
78
676
586
985
779
335
818
104
588
905
570
387
945
269
530
483
999
407
86
759
475
218
35
348
945
262
298
12
925
534
675
718
120
215
969
473
280
572
894
144
272
635
657
494
671
780
793
380
306
80
195
224
680
143
170
851
524
758
549
575
147
914
11
503
840
663
35
765
78
580
697
137
0
583
252
806
796
433
197
605
178
72
72
970
537
862
30
443
433
41
145
610
498
650
931
262
943
137
102
586
199
43
383
21
953
766
130
470
278
209
703
916
858
762
169
13
484
92
553
986
659
704
985
765
723
522
864
726
620
621
959
514
971
416
301
282
694
656
585
455
656
514
983
887
258
85
33
304
634
213
359
364
503
855
668
186
566
424
223
944
639
519
402
707
169
502
164
115
302
89
416
47
988
989
254
741
519
219
555
597
848
539
78
541
757
54
894
824
918
43
659
388
841
66
983
389
823
394
427
902
962
896
164
278
558
919
740
311
556
748
855
555
68
276
229
475
419
482
662
75
998
75
405
644
52
751
14
660
874
900
785
892
299
295
687
925
229
778
732
515
541
327
918
929
560
951
318
981
627
542
756
81
942
976
570
423
153
91
862
652
215
7
836
829
917
791
264
915
641
361
798
450
202
608
69
862
199
707
950
816
433
480
924
627
202
655
506
960
666
133
299
362
995
875
413
360
445
396
170
130
453
909
940
309
381
654
246
565
554
0
875
840
676
698
906
882
295
60
110
916
537
267
773
444
766
814
111
324
708
707
391
122
406
270
976
385
242
579
950
72
777
548
494
658
559
676
928
493
671
179
983
12
376
674
434
8
370
