547
343
921
76
417
495
451
349
423
335
808
892
775
766
925
905
241
21
540
197
97
757
272
705
234
637
386
496
155
990
748
524
536
207
333
955
895
751
308
19
657
539
342
654
481
861
131
619
529
805
674
307
841
130
794
712
972
374
927
85
896
496
130
695
354
318
248
980
562
797
405
431
532
132
949
385
30
110
791
910
931
634
636
731
270
855
843
697
730
414
147
193
52
952
505
859
256
56
6
789
435
980
773
352
501
35
959
25
901
80
998
444
982
391
646
421
890
976
737
133
269
47
34
72
471
266
830
501
483
928
368
445
469
560
642
83
701
365
769
537
158
232
97
6
763
353
906
227
935
945
829
592
986
847
556
127
620
579
742
814
977
924
854
194
985
501
63
887
947
74
687
587
260
707
544
886
446
882
913
833
996
612
191
135
543
799
72
140
939
715
271
927
304
752
324
75
100
794
759
222
938
588
117
761
308
884
1
392
488
988
959
140
204
185
282
194
245
133
843
871
745
549
533
740
24
829
213
975
196
528
294
7
668
238
985
174
363
72
960
778
842
938
752
356
227
340
271
220
64
705
959
316
152
95
999
630
555
764
452
121
684
903
392
632
282
605
725
689
71
447
957
88
136
888
918
5
901
394
612
484
930
563
872
778
173
242
966
659
267
172
757
323
840
377
971
559
972
615
539
662
262
194
719
665
324
653
246
986
218
260
850
561
656
827
867
961
632
381
826
388
563
168
268
56
432
425
704
73
891
270
353
28
743
318
120
755
938
123
87
216
467
407
965
665
943
605
374
658
592
841
843
177
259
373
520
22
61
115
668
731
562
889
188
298
976
982
34
778
781
155
999
846
319
611
82
321
167
954
964
386
886
425
451
573
61
907
129
97
607
427
964
225
921
566
759
779
715
758
913
631
668
815
863
131
659
295
893
894
398
311
409
116
594
171
854
138
918
187
878
995
556
438
714
465
839
999
7
823
302
71
5
886
502
194
165
686
146
42
941
283
440
73
122
389
276
70
975
248
457
992
27
116
661
693
365
500
569
815
546
836
896
825
93
115
998
594
222
435
241
412
370
505
278
395
554
712
882
198
859
318
363
46
225
995
56
219
799
770
631
977
281
737
802
717
132
664
226
797
683
306
797
551
522
905
186
100
67
513
455
579
235
303
516
532
327
483
758
573
711
112
872
347
14
0
153
245
290
347
412
850
786
540
601
325
64
197
885
858
55
480
539
112
492
103
733
897
209
992
813
16
660
567
1
705
903
300
891
438
446
997
859
856
238
230
665
236
564
258
859
233
518
394
190
679
475
490
61
120
211
331
839
625
514
118
993
108
763
267
990
880
725
71
239
735
577
520
520
154
829
317
304
768
995
280
408
402
589
928
407
306
98
177
344
198
756
883
477
197
887
631
542
225
827
954
509
981
477
563
529
966
651
799
321
82
131
756
8
907
663
541
555
639
768
295
690
802
705
26
18
328
336
392
830
54
83
394
893
306
32
298
164
838
927
399
325
486
152
461
666
786
240
319
296
79
982
390
951
659
131
460
424
259
71
380
728
363
758
530
22
758
791
810
486
307
159
576
325
569
629
860
789
592
243
324
662
464
118
986
920
856
762
704
36
652
127
951
766
806
290
98
607
52
765
635
458
792
281
973
595
516
631
403
183
209
318
904
846
995
289
973
668
27
9
145
277
122
86
163
248
296
868
21
283
244
825
51
795
58
94
692
619
188
445
626
563
757
405
73
853
715
603
106
684
696
25
862
651
47
877
105
161
688
757
236
425
82
641
32
620
809
55
804
484
278
286
428
307
809
231
258
16
818
301
987
475
469
540
385
37
587
703
334
448
167
679
877
630
385
754
727
960
908
526
419
967
267
198
66
264
595
831
478
337
831
461
48
82
868
815
503
770
719
617
672
118
182
377
967
788
389
550
924
603
57
791
751
314
707
116
684
779
270
57
43
750
813
887
478
417
863
322
204
846
669
597
587
474
979
988
778
486
630
301
416
42
505
687
276
447
158
674
985
140
52
302
837
158
361
939
109
806
151
673
816
652
175
468
217
390
160
460
255
42
437
586
612
282
922
419
946
914
833
872
341
562
207
31
248
576
749
440
32
999
984
202
498
598
122
555
731
968
239
254
354
230
779
449
783
174
210
122
321
273
288
865
296
549
951
446
678
53
200
790
943
209
368
146
559
670
150
296
35
837
973
674
196
919
959
183
276
412
99
534
564
406
305
98
459
425
376
227
588
5
801
668
111
821
173
465
495
535
891
809
416
705
283
876
290
408
668
469
590
996
540
468
256
627
871
155
35
711
302
93
595
539
782
140
523
417
508
319
946
477
23
659
145
157
369
489
97
890
722
930
281
19
50
910
194
852
768
979
335
676
620
393
441
738
4
106
85
469
122
391
425
798
976
715
201
284
921
355
313
116
212
256
855
697
895
607
286
862
71
112
827
403
439
849
970
118
508
221
892
903
792
286
413
795
573
355
163
114
651
608
804
317
121
194
419
549
751
624
121
419
854
316
667
716
242
700
686
591
271
53
173
331
735
119
26
376
761
151
777
552
323
851
940
363
687
299
765
459
402
864
706
811
46
38
304
704
674
366
882
302
667
255
795
84
771
777
495
971
971
437
459
109
173
875
176
427
649
119
197
296
684
230
857
71
909
82
288
32
133
104
278
98
138
53
34
209
514
429
454
854
958
726
365
977
84
870
987
642
780
956
193
134
312
60
894
230
961
316
152
144
343
247
326
40
840
334
104
503
714
54
170
17
449
299
727
472
844
53
672
216
954
478
105
964
634
320
326
931
453
473
871
628
116
952
516
673
378
49
336
115
308
362
512
463
325
284
461
78
740
645
13
392
182
321
960
799
436
972
910
496
492
842
373
809
411
923
202
321
723
226
506
560
402
737
472
199
282
804
374
253
935
636
934
635
436
359
836
783
62
710
923
390
486
354
566
360
871
145
449
950
125
672
195
338
49
158
807
210
263
457
218
460
287
569
643
211
166
963
784
920
871
885
129
76
158
118
341
559
168
870
231
664
662
768
744
917
675
646
324
734
211
415
76
295
514
117
318
413
405
266
731
177
820
242
281
256
554
774
729
424
933
271
673
97
665
698
647
791
966
606
675
402
864
568
973
181
882
752
476
966
33
206
480
899
444
57
716
149
600
319
933
422
806
767
49
829
186
670
498
422
619
941
688
658
780
935
264
493
744
416
149
63
16
32
976
388
441
418
101
651
389
48
470
668
267
699
120
185
423
619
378
469
356
759
478
816
849
171
729
298
827
830
1
294
968
603
678
427
201
24
171
415
825
390
472
404
38
546
491
824
7
785
204
461
815
472
731
915
462
150
228
497
434
471
618
117
816
462
701
825
651
960
431
850
153
460
291
210
603
444
246
389
729
407
114
350
4
291
246
474
968
602
343
552
122
60
207
327
389
13
395
746
172
725
115
47
966
82
331
285
478
899
684
759
779
236
424
599
922
544
108
273
602
579
356
339
530
409
745
115
66
958
51
284
625
140
518
247
702
12
186
409
207
804
351
858
606
510
539
353
973
926
959
252
223
193
630
674
390
246
262
517
471
543
118
674
182
871
590
316
616
659
516
196
316
234
75
662
287
502
293
829
836
89
767
50
610
259
876
640
901
82
802
523
673
173
589
575
192
582
993
957
103
894
989
23
546
730
954
237
962
161
573
786
582
761
857
659
760
273
712
298
445
831
195
775
30
126
906
297
441
147
852
128
963
329
844
850
72
8
71
402
867
936
71
159
136
545
498
206
783
64
961
658
765
491
415
957
220
395
312
236
721
851
578
21
812
651
837
70
541
238
240
736
883
278
131
135
198
963
938
481
408
998
808
323
94
913
886
189
956
465
976
765
115
347
661
0
923
342
953
234
320
836
852
527
276
552
390
720
202
358
906
322
929
496
248
713
938
882
376
565
870
604
324
739
464
797
882
82
188
919
763
130
225
920
66
471
227
905
700
305
773
372
481
704
975
276
472
213
451
711
178
746
724
1
300
284
438
47
494
699
272
846
490
972
48
492
871
110
380
45
448
935
223
531
624
173
674
846
36
983
611
964
639
159
139
982
372
10
486
546
808
56
978
33
737
755
692
25
172
752
35
840
208
947
212
736
405
428
301
415
257
149
866
751
838
741
682
592
826
266
987
346
135
111
28
496
965
874
24
552
85
305
325
985
723
568
289
809
604
264
732
477
533
139
568
93
892
29
429
229
430
810
88
47
553
357
383
399
509
940
609
481
154
395
354
894
561
265
774
508
357
918
469
939
7
861
123
453
473
377
818
119
521
33
760
324
774
848
893
161
769
373
243
920
625
730
125
698
980
49
348
759
852
259
277
736
639
514
191
232
488
424
284
208
803
3
555
268
491
309
792
554
258
538
733
484
491
984
973
716
463
307
82
507
70
348
673
799
697
662
667
306
705
173
550
765
547
208
553
176
36
416
460
940
124
803
653
376
458
634
618
767
640
483
443
514
362
215
995
922
252
170
439
948
705
339
584
344
196
246
207
394
305
317
920
986
534
159
711
900
155
30
821
927
46
774
319
145
929
44
482
707
389
834
476
274
581
93
722
868
724
307
888
546
630
801
554
697
21
851
233
610
618
166
604
676
310
21
966
975
505
517
673
287
472
775
134
71
726
241
738
710
912
442
738
533
797
287
738
603
513
393
985
272
806
781
617
867
204
311
455
759
611
472
387
92
507
982
897
142
110
484
124
934
763
344
757
978
313
621
469
218
505
134
234
174
718
33
579
648
136
632
263
637
120
661
54
586
953
625
485
990
763
317
942
907
495
183
921
512
876
767
773
931
200
244
65
624
593
157
484
778
250
427
238
284
180
637
964
31
699
510
593
45
576
60
346
156
922
769
882
279
834
458
402
734
836
46
793
257
912
504
861
733
411
334
774
987
659
796
497
34
979
886
81
792
177
741
118
743
481
391
723
561
936
891
196
447
496
62
149
819
782
976
79
470
993
589
370
602
720
571
190
322
990
881
505
942
620
579
240
321
423
0
14
380
589
369
717
886
571
812
665
976
40
801
606
43
234
287
542
450
598
328
652
789
607
188
579
54
241
551
539
64
668
935
341
545
902
527
862
29
495
979
53
248
762
543
399
899
518
943
731
558
469
31
638
651
694
697
786
586
600
977
351
803
814
908
61
345
101
932
760
837
759
362
632
325
682
298
394
25
489
394
118
596
551
537
610
280
552
283
621
218
145
732
628
60
58
445
717
939
910
356
997
185
720
596
846
445
220
814
787
130
749
680
109
852
354
513
169
749
528
322
298
760
629
358
609
243
726
475
539
514
358
750
330
529
731
660
473
447
419
72
339
676
417
749
367
517
514
651
980
914
586
995
652
578
733
731
502
867
172
320
797
52
740
238
339
737
571
947
784
843
241
30
274
975
453
319
990
962
506
111
692
221
68
439
383
377
48
556
16
649
49
435
276
74
171
105
941
631
580
905
468
312
587
651
71
328
390
330
166
243
247
436
0
491
81
313
363
661
94
307
672
43
149
459
327
975
843
371
731
667
644
4
113
898
425
285
276
345
192
39
714
819
820
338
326
152
289
927
939
119
429
661
707
859
176
283
300
448
958
833
484
619
435
324
17
153
269
760
11
60
133
740
280
717
924
167
734
966
389
824
133
899
961
782
773
851
157
100
142
959
675
184
636
206
947
526
896
246
218
496
151
634
194
245
667
852
512
697
196
269
140
882
567
146
141
986
664
353
143
867
34
757
70
232
861
266
978
426
276
227
581
987
144
654
976
311
363
68
121
941
656
661
444
907
436
183
758
946
889
778
808
833
280
939
74
851
13
764
780
254
976
474
108
453
594
526
404
716
414
482
598
96
93
957
794
963
807
653
183
9
841
717
586
756
904
806
214
478
304
983
355
834
867
15
802
817
666
443
75
822
910
783
946
172
768
27
192
675
870
566
45
628
808
634
902
82
224
786
320
925
913
960
323
943
431
723
614
334
475
675
587
392
920
287
634
19
705
820
586
1
660
301
985
962
144
727
405
192
262
419
583
559
941
104
452
46
323
373
680
877
163
415
223
606
64
53
338
92
831
584
383
617
822
321
195
857
660
70
440
77
584
226
224
474
930
386
209
661
452
268
812
798
399
14
102
60
54
88
340
78
134
282
422
335
631
284
584
96
233
424
54
700
720
305
330
601
211
118
789
654
138
895
773
32
518
702
153
142
322
46
653
364
891
460
962
940
197
787
117
845
878
339
514
552
553
622
70
208
57
748
123
602
56
29
844
468
243
291
655
513
537
160
574
269
512
567
35
951
331
391
821
140
475
773
558
299
814
203
585
831
653
47
677
116
863
221
461
685
495
551
690
934
573
432
577
926
753
558
930
751
532
211
582
719
71
852
451
12
342
833
230
379
817
509
145
1
606
926
230
598
679
968
616
155
70
87
463
848
565
419
480
502
97
354
986
635
676
993
328
951
582
243
571
161
615
20
659
998
951
680
796
216
165
73
85
144
18
959
389
685
185
614
907
997
186
623
954
51
127
780
933
943
948
789
522
145
523
485
703
306
465
983
465
793
667
695
303
444
472
202
623
656
898
437
75
526
319
667
731
774
597
466
368
905
750
775
578
830
465
522
822
791
468
421
836
68
520
973
942
768
515
922
212
22
673
429
982
521
472
641
496
413
807
159
247
198
909
448
767
461
298
68
975
518
501
78
942
513
103
1
425
232
494
169
602
759
150
82
855
574
887
897
350
307
994
961
333
624
41
290
261
453
892
534
0
559
294
204
638
773
944
270
12
118
354
855
367
206
367
106
525
280
630
622
962
494
448
248
420
28
988
462
919
346
347
384
968
569
917
868
971
414
679
342
76
32
952
937
726
491
187
530
23
225
537
354
141
552
393
640
450
552
611
25
827
835
749
326
70
984
821
411
791
349
346
126
173
456
786
167
254
812
677
554
73
142
302
481
877
871
792
152
868
685
401
498
187
350
421
831
414
444
130
345
870
64
218
959
587
299
550
636
228
703
465
609
959
320
80
739
230
720
236
387
125
418
640
760
696
784
33
40
249
705
384
705
278
510
503
605
887
7
365
756
794
996
974
782
428
160
411
42
8
230
842
286
145
403
778
726
154
552
402
811
852
75
773
339
459
313
548
475
795
824
882
310
130
983
941
995
516
310
839
223
76
386
232
767
203
695
325
895
75
899
691
149
972
92
210
836
771
683
506
284
502
198
94
195
854
40
682
484
126
607
613
542
934
474
239
584
124
181
12
210
321
717
261
944
17
853
444
882
558
321
484
83
715
598
763
240
834
341
514
644
482
149
710
913
882
552
721
957
461
138
45
169
809
355
411
823
51
190
942
748
558
103
420
446
647
187
614
250
544
46
920
131
898
935
662
558
543
199
906
369
654
300
576
985
332
61
815
494
120
349
982
350
88
125
575
40
443
822
737
681
740
447
53
333
808
64
564
241
983
588
699
224
325
373
297
711
220
61
760
290
185
121
951
213
301
408
536
715
529
20
274
362
158
494
323
714
885
736
502
81
51
683
262
241
883
379
203
304
825
971
664
211
373
658
9
879
75
621
31
305
337
726
297
456
224
472
280
211
763
802
802
968
968
760
997
94
859
280
919
587
650
750
942
577
730
242
458
311
103
82
828
56
574
332
38
200
931
76
232
401
39
770
498
115
378
752
75
762
722
248
841
988
188
982
989
536
67
90
586
221
126
852
420
832
362
27
686
160
600
362
885
190
622
190
986
518
276
53
782
260
589
440
512
860
97
89
675
744
427
72
202
960
757
554
799
181
968
431
577
167
358
665
661
370
711
571
452
721
471
171
776
693
538
32
272
355
626
604
921
697
715
8
173
987
966
258
566
743
705
691
702
279
105
776
82
547
786
263
644
537
787
367
466
45
758
79
620
704
879
73
305
321
996
134
816
59
582
887
387
412
382
127
337
632
18
927
96
907
471
507
355
863
198
468
768
798
612
481
529
242
461
586
485
502
629
491
569
263
118
773
958
292
278
109
689
399
618
702
537
681
1
278
341
11
692
815
811
568
429
324
17
73
727
974
163
970
367
129
941
371
85
771
805
627
642
166
387
602
68
105
790
424
735
876
722
779
30
239
50
593
112
15
197
462
885
591
935
117
848
471
669
213
405
183
626
178
859
303
831
100
252
156
927
217
198
110
935
929
70
333
101
495
335
8
205
348
639
419
300
669
231
181
30
819
460
975
953
655
504
518
328
742
861
438
735
490
884
907
670
383
456
110
982
869
132
622
232
90
300
432
652
441
646
470
142
271
901
281
818
240
133
971
332
137
69
941
669
590
252
569
582
200
536
797
657
715
144
706
543
568
525
22
8
424
615
590
188
479
484
396
288
496
803
780
267
427
27
180
580
220
15
681
23
846
854
280
582
52
472
558
469
30
263
308
973
25
63
725
792
811
595
605
168
647
20
281
41
753
494
564
333
41
447
967
459
561
781
741
323
878
758
270
104
453
608
769
422
361
300
617
323
233
501
553
797
471
301
714
222
806
845
604
410
62
556
821
3
215
127
421
141
960
525
918
562
389
18
463
482
590
912
555
111
661
312
758
872
801
899
925
643
47
661
633
437
158
439
980
661
557
300
223
598
595
127
809
179
379
429
936
736
958
545
168
878
230
553
851
936
575
662
191
443
648
8
814
587
42
839
271
916
608
121
49
345
488
861
411
342
137
158
939
874
929
604
870
910
463
199
963
610
18
872
778
988
942
376
610
250
196
529
434
895
152
317
528
51
579
384
52
261
651
760
961
71
522
977
837
17
294
779
293
536
354
110
334
286
715
884
748
956
232
700
947
571
573
107
31
423
889
7
469
331
619
860
986
811
384
999
310
118
173
516
183
406
239
568
501
500
354
471
871
602
571
744
96
45
373
627
68
596
863
25
116
343
893
836
628
879
599
815
227
880
830
884
589
951
178
301
905
307
449
640
536
652
350
318
533
369
992
409
435
697
127
725
174
415
331
771
320
528
921
424
800
584
536
628
845
441
668
418
84
836
638
113
911
283
419
552
759
285
215
629
53
195
893
498
401
355
838
180
841
212
312
24
32
421
218
768
259
730
391
264
548
201
831
929
955
534
866
894
128
345
705
372
122
593
470
554
838
759
765
989
172
835
270
385
461
908
916
309
812
193
30
252
212
959
38
250
157
732
247
335
193
888
884
385
439
811
746
773
144
349
786
158
76
314
646
983
637
344
517
917
667
283
279
481
118
414
554
250
491
554
155
763
727
868
124
932
721
470
968
486
196
193
143
570
935
73
693
780
993
544
222
525
231
502
804
443
339
509
461
318
635
482
527
197
213
61
384
498
179
637
544
954
385
487
533
774
999
236
826
613
440
144
539
843
175
624
932
612
712
773
146
51
765
507
533
431
921
617
159
283
18
201
242
62
813
792
963
540
500
611
984
535
645
345
32
3
573
672
654
40
990
495
247
321
848
913
333
27
46
668
860
939
92
329
385
155
485
595
584
114
51
877
601
559
131
832
817
196
774
414
932
327
374
38
82
248
812
287
906
284
15
288
784
738
528
759
264
696
376
398
719
406
265
263
122
267
440
394
677
98
586
421
649
393
831
988
60
92
725
153
704
43
643
22
627
551
831
277
576
968
311
35
480
807
107
637
891
269
951
826
19
160
236
852
841
274
946
383
704
153
318
177
213
890
814
237
25
831
860
463
623
302
941
642
529
17
339
95
442
861
70
292
246
906
831
668
542
962
753
656
569
863
871
845
369
485
477
975
0
46
871
691
652
379
986
974
540
877
223
313
384
500
74
355
598
808
643
276
678
427
858
69
160
760
565
982
401
749
982
932
168
181
417
837
536
406
302
61
269
788
982
333
937
313
719
374
898
182
665
993
766
542
760
374
341
819
492
779
325
984
284
49
334
518
931
980
263
239
57
953
646
306
755
53
484
28
543
363
504
525
286
98
468
974
445
910
51
767
925
676
448
435
164
944
83
748
777
850
16
746
473
529
4
972
284
891
322
499
548
396
622
215
329
350
784
693
842
14
508
816
927
93
82
883
514
453
388
859
820
39
260
574
423
172
432
308
631
696
276
304
925
7
636
79
562
938
361
792
388
921
662
859
751
184
571
95
720
701
467
619
769
769
715
230
781
517
415
892
376
512
75
57
778
379
328
427
606
250
466
932
835
749
934
718
665
133
79
615
58
816
92
682
499
788
841
414
434
301
73
271
765
446
966
728
619
89
823
110
786
532
459
24
247
544
253
87
107
422
738
719
137
956
522
680
634
807
482
576
781
452
804
6
617
670
20
111
255
462
903
748
423
234
821
25
591
431
260
182
758
18
38
208
288
282
754
461
544
607
372
682
753
324
48
102
23
296
67
67
518
388
602
401
316
207
449
609
903
596
657
460
322
490
74
751
256
209
135
471
490
538
326
568
0
217
296
842
763
357
739
615
592
806
167
332
972
10
971
761
452
220
850
810
896
342
227
174
903
721
817
269
707
883
775
924
778
207
537
762
355
229
934
53
424
805
678
376
485
475
862
328
320
199
166
630
768
356
415
67
23
163
366
457
383
246
217
37
835
115
361
315
751
798
456
783
309
937
766
58
51
268
20
35
351
485
690
131
996
624
7
198
242
771
700
711
29
761
791
819
502
131
911
382
77
788
478
460
997
237
731
538
120
265
677
488
525
705
83
26
140
154
688
233
227
207
83
201
784
682
563
764
443
439
385
414
234
918
758
834
824
298
637
715
783
840
353
803
928
128
620
852
826
806
733
549
925
538
785
711
620
794
658
180
588
88
166
961
5
13
98
159
314
353
351
851
749
583
222
132
737
119
321
259
831
819
460
525
167
553
797
107
348
111
517
714
806
260
949
512
678
761
83
792
208
220
631
227
547
726
821
748
969
366
136
558
526
807
666
596
908
888
766
990
696
837
248
147
637
971
989
182
767
670
267
181
304
558
613
822
181
112
521
615
125
917
495
334
676
241
957
665
999
431
382
375
882
465
652
41
736
126
721
616
316
847
360
276
55
689
973
742
320
553
530
313
89
509
370
165
988
489
38
714
645
516
661
526
526
155
226
474
64
384
173
12
647
213
356
47
389
2
659
349
669
129
515
0
534
636
553
658
453
616
844
841
987
770
673
906
968
637
146
776
913
273
172
830
402
336
253
241
769
280
733
354
970
482
572
761
777
709
470
400
429
322
772
548
733
298
170
619
508
570
675
146
966
440
668
677
310
261
156
60
154
682
631
346
907
283
509
352
123
935
736
243
109
915
690
423
150
405
172
468
226
932
760
975
321
281
973
363
980
693
458
673
75
486
17
547
286
125
187
146
794
166
414
368
349
526
301
167
247
475
683
410
777
783
197
499
464
259
244
327
867
283
763
487
794
899
111
78
71
75
210
40
976
17
349
418
968
609
327
548
854
426
766
61
388
679
197
384
403
266
670
196
448
936
138
563
182
131
74
165
639
733
159
789
212
92
252
614
721
801
356
874
413
6
659
637
482
43
994
882
427
864
38
646
937
848
552
319
715
971
743
739
36
74
366
674
538
863
542
335
261
396
181
279
295
929
197
261
564
942
433
804
183
957
980
98
731
462
1
17
771
647
373
124
677
543
927
152
61
79
750
324
35
926
961
170
847
78
293
655
561
481
516
119
527
819
321
537
894
969
929
763
574
426
795
390
677
899
809
769
102
857
948
395
415
564
933
69
969
849
559
72
959
753
217
325
437
175
808
239
425
276
815
956
457
509
344
569
966
281
358
864
771
825
318
685
495
768
586
46
395
393
862
780
349
497
325
98
61
996
584
213
134
234
65
73
58
974
561
103
132
118
392
488
417
176
815
245
503
961
32
93
397
868
203
936
30
807
831
56
776
950
962
49
971
371
142
449
994
786
601
644
382
810
846
133
381
805
771
739
738
703
190
733
263
87
399
113
15
833
854
863
308
71
971
532
118
215
325
648
901
847
927
496
653
641
43
740
821
280
972
661
22
168
799
181
66
389
351
391
4
344
787
946
927
367
351
616
601
872
681
933
886
920
960
626
966
229
59
130
917
888
977
872
244
760
855
329
359
619
316
859
216
927
517
578
647
779
586
808
65
962
469
317
457
595
877
695
492
379
576
962
749
383
138
860
279
112
210
373
743
957
961
429
423
519
519
586
254
480
204
210
738
248
396
220
96
216
938
684
147
118
645
346
11
465
33
843
646
8
400
521
267
996
401
113
356
925
333
505
431
271
62
615
405
559
146
540
678
620
350
190
458
527
928
369
354
233
76
233
868
199
567
763
269
804
477
138
769
439
166
725
81
193
241
807
283
142
871
317
299
346
655
235
446
392
814
381
723
606
462
934
620
764
407
354
342
460
925
517
674
126
695
260
776
508
229
50
817
267
217
50
610
421
630
545
50
309
159
152
878
117
755
714
843
151
398
227
428
282
145
203
917
789
50
555
877
783
853
447
960
653
580
884
629
392
21
923
967
677
502
682
532
883
227
289
947
299
881
252
430
562
690
891
781
496
176
968
462
439
899
526
24
218
715
83
250
6
223
886
688
823
975
465
961
145
541
464
864
818
722
514
609
10
469
748
726
900
745
976
415
429
823
396
220
124
770
571
713
310
791
196
635
940
375
551
673
795
555
622
195
839
627
667
469
158
696
659
777
317
56
730
413
145
107
578
713
456
41
800
319
241
967
640
823
324
813
40
190
939
148
237
23
657
62
699
85
517
663
893
92
767
162
664
538
269
722
517
215
937
957
322
841
347
510
939
188
971
137
529
648
574
753
390
143
667
652
293
440
795
952
705
739
307
388
474
152
632
789
934
170
852
556
808
867
147
92
502
244
58
315
222
98
266
921
716
993
664
233
744
12
735
970
792
262
493
868
6
503
34
564
709
674
532
968
131
100
280
431
996
735
275
415
707
110
323
492
118
1
230
290
553
902
324
561
916
822
9
34
89
842
526
11
132
384
658
456
204
110
61
299
430
948
187
136
958
579
924
227
418
65
913
601
49
7
468
984
854
476
118
881
258
592
518
185
234
13
313
456
789
921
447
909
936
828
213
37
425
266
619
941
876
561
368
482
307
391
690
453
772
406
410
132
405
620
843
814
575
664
806
979
773
484
272
461
769
325
388
379
411
747
138
106
891
241
419
988
767
971
909
952
305
877
31
611
378
698
649
238
772
667
935
828
959
815
939
926
204
733
941
614
319
331
153
616
488
277
526
122
543
755
240
284
903
752
800
610
32
923
179
90
51
261
246
551
296
364
754
866
465
169
469
597
327
407
406
498
815
840
280
873
636
854
469
930
848
427
414
848
134
763
573
92
675
928
800
487
241
741
358
889
722
122
167
825
263
705
312
12
440
16
728
206
407
680
375
799
207
77
251
8
182
141
994
904
892
358
666
876
599
901
430
241
982
295
283
606
655
449
997
266
303
338
99
542
952
84
178
397
752
165
61
52
71
251
306
703
914
354
378
0
856
856
354
719
175
306
463
894
755
402
656
750
25
222
280
127
786
175
143
866
57
844
338
916
715
828
841
451
159
926
163
224
506
20
277
804
881
107
977
714
705
2
560
89
665
890
114
532
605
708
392
595
44
29
460
996
409
780
254
791
987
522
627
518
689
654
284
213
89
838
134
673
140
176
151
386
842
123
311
802
956
110
341
285
46
116
729
503
920
550
108
668
224
812
627
841
664
733
412
283
874
32
62
527
327
986
244
706
174
322
87
392
584
939
82
650
307
654
386
545
261
269
431
32
356
799
999
738
180
88
336
368
372
542
304
552
626
15
768
116
262
234
684
3
216
984
516
506
114
496
496
447
70
440
135
80
170
781
579
814
893
141
467
72
298
979
682
734
559
132
824
856
184
424
545
462
165
612
295
199
972
966
385
767
978
144
781
657
271
196
726
122
622
452
805
463
343
493
628
414
588
966
936
645
317
378
455
753
406
563
196
888
860
919
160
452
377
332
72
430
541
612
123
530
450
517
869
676
985
640
170
907
764
782
102
163
856
425
938
310
927
341
282
750
491
329
613
152
254
239
946
487
554
485
712
121
420
987
282
963
402
749
868
196
151
544
782
39
583
20
117
649
977
966
912
51
368
893
132
529
709
145
74
978
304
187
94
388
411
872
518
884
514
74
545
346
200
647
315
705
487
129
792
640
822
427
156
233
678
766
403
503
423
658
290
274
221
587
995
558
515
372
485
119
714
264
219
854
89
458
571
242
907
653
577
722
121
997
958
328
81
400
818
131
369
475
831
873
752
475
755
887
329
577
949
180
417
458
392
92
705
649
104
357
311
514
570
331
297
407
185
147
219
173
145
770
822
60
282
298
815
415
984
523
48
707
97
456
349
906
227
418
849
893
160
593
711
707
405
785
478
437
384
223
804
611
378
827
323
949
924
576
936
57
791
148
613
293
535
627
384
873
306
840
703
565
304
964
943
282
464
867
634
728
694
383
5
889
955
413
902
785
160
213
311
562
7
325
222
752
521
615
768
255
463
236
166
241
741
623
285
628
133
383
812
589
323
480
261
635
340
257
132
651
694
460
393
89
349
148
825
7
831
162
868
171
406
988
53
589
533
658
941
403
712
659
551
791
550
857
278
197
316
886
550
830
608
654
236
782
739
509
714
72
442
709
297
575
301
733
8
34
552
777
202
874
976
147
782
700
966
442
23
972
841
683
445
289
311
151
869
871
203
525
930
588
529
516
120
227
628
736
646
300
778
521
385
54
621
871
797
588
735
745
117
481
127
62
568
944
197
850
668
599
403
230
795
800
700
667
944
194
965
651
73
461
223
375
659
762
52
324
551
573
684
405
518
389
336
493
743
521
198
973
225
354
774
901
7
341
550
418
257
44
858
47
327
488
174
624
286
58
67
765
336
541
254
255
251
575
193
775
269
554
684
647
521
516
697
553
909
740
804
299
108
826
918
57
52
327
374
556
228
967
903
913
957
967
565
372
885
980
59
846
563
598
545
256
975
748
469
262
669
901
510
579
846
775
628
601
798
443
464
930
909
995
848
902
401
136
703
631
107
257
227
980
459
780
405
638
319
18
502
526
252
48
360
413
166
431
604
140
433
200
798
47
338
608
918
613
266
291
723
148
768
363
575
546
826
413
785
98
854
40
240
54
864
781
913
137
68
733
190
512
292
924
646
957
193
272
462
896
498
447
394
258
752
899
398
324
755
936
195
501
581
917
840
595
230
846
779
47
56
858
678
520
927
491
125
969
738
218
289
52
999
504
872
225
623
632
795
89
12
998
123
46
484
112
516
649
256
317
552
276
110
734
332
358
439
137
558
121
258
448
780
595
916
236
684
821
616
844
89
122
366
996
517
835
486
834
527
16
38
933
334
151
905
58
767
840
81
559
348
455
563
778
85
701
860
42
307
344
441
951
614
162
442
410
878
575
617
464
650
633
448
475
546
840
750
366
502
68
912
558
727
354
546
94
147
969
290
695
716
651
166
391
99
177
945
448
640
251
437
514
5
615
312
888
979
508
686
405
530
422
459
108
545
491
472
565
8
200
345
390
882
902
18
646
465
63
210
760
552
633
578
523
668
559
855
85
847
679
484
281
398
673
765
575
696
276
581
726
316
224
673
640
0
54
993
42
863
31
675
711
771
768
202
83
185
985
834
134
133
160
23
142
598
179
985
598
372
71
679
232
655
876
470
555
750
174
525
649
939
348
120
916
658
509
350
881
657
897
974
606
126
279
59
501
802
317
532
931
993
110
311
166
631
570
17
540
854
378
3
676
341
443
853
160
115
298
683
100
994
410
886
528
496
161
922
584
682
720
344
707
246
112
585
630
617
769
593
984
69
988
9
120
642
54
477
57
202
589
791
146
913
995
266
655
124
346
82
438
742
168
256
386
875
157
692
236
814
857
15
597
542
290
263
9
333
145
788
781
97
200
350
525
353
724
70
834
292
887
262
311
371
375
310
401
618
928
723
424
56
950
453
85
879
172
312
522
59
811
508
975
761
834
928
368
795
61
892
897
518
308
101
23
485
938
451
176
838
213
971
207
760
612
267
61
117
369
284
88
46
362
772
222
952
190
251
683
438
239
749
409
778
176
391
116
731
695
396
808
606
896
605
18
278
632
887
607
328
490
501
488
907
452
652
599
71
634
601
399
74
63
870
414
480
772
555
546
843
649
960
10
505
349
422
449
653
783
765
83
562
331
82
385
392
910
391
151
336
632
433
106
258
308
394
862
135
831
763
871
590
904
846
308
786
135
721
317
142
937
933
288
749
363
659
472
25
351
746
529
901
547
386
236
593
863
118
392
518
981
826
88
694
969
45
811
800
552
825
811
770
794
594
967
736
849
242
552
41
926
895
480
887
752
40
384
457
529
507
390
399
286
357
846
303
619
359
904
870
783
982
325
741
196
946
554
958
668
145
773
241
423
461
555
71
49
643
784
346
42
151
501
813
779
810
410
922
635
474
196
981
170
568
654
765
554
487
393
712
987
502
542
178
56
54
139
442
831
44
633
63
546
517
66
871
835
441
596
770
750
758
247
392
316
325
987
384
386
615
85
768
571
57
375
922
559
233
548
521
589
795
720
812
660
272
152
954
15
866
714
360
404
610
298
743
387
923
428
951
110
267
0
254
247
968
403
609
161
443
954
712
229
145
841
552
797
173
35
540
456
977
337
583
921
999
546
578
696
88
577
600
662
795
990
25
167
698
65
538
228
112
32
522
55
644
377
966
876
650
774
173
793
293
833
252
222
512
967
988
931
748
136
161
756
78
130
690
363
890
290
640
776
641
624
331
552
611
5
600
233
296
617
217
413
574
250
579
17
881
896
24
899
534
138
265
436
521
821
939
34
657
618
56
354
25
235
279
87
656
33
471
599
783
408
782
701
810
77
651
379
996
577
690
332
325
863
453
841
306
304
230
579
921
998
861
887
74
938
794
818
164
211
732
792
117
439
924
325
320
842
716
303
418
83
770
404
792
278
207
271
669
444
176
577
321
795
616
140
695
932
339
970
61
271
194
888
763
789
570
450
414
463
553
685
304
386
420
235
302
157
242
97
145
183
32
309
473
207
586
926
7
84
102
637
500
133
692
658
669
510
30
794
86
72
973
442
400
68
695
237
656
548
292
61
699
702
615
782
733
682
526
951
793
190
897
938
267
240
852
149
94
584
206
151
592
741
649
557
724
885
709
124
985
0
100
1
936
888
289
961
734
269
425
811
896
403
351
797
399
896
803
452
842
775
795
975
347
687
801
1
640
688
772
503
286
636
202
687
89
695
755
179
263
619
889
979
834
429
624
684
802
830
770
669
43
895
322
178
547
962
993
847
602
117
70
969
783
417
742
895
960
292
950
971
282
851
728
550
300
409
451
778
246
72
448
778
771
846
678
964
636
782
774
918
829
488
15
610
61
877
825
929
238
154
380
140
764
822
173
599
583
463
190
610
739
194
668
830
118
602
553
110
697
662
37
477
896
534
79
384
98
781
355
798
343
623
917
170
765
669
438
344
798
685
759
887
16
989
451
765
203
310
793
882
47
935
842
34
937
952
203
219
374
770
525
431
304
261
196
862
300
425
408
771
809
87
906
350
493
419
887
212
193
600
30
545
518
483
496
546
145
450
80
725
801
891
881
741
902
162
658
962
954
983
674
35
178
708
802
836
927
837
646
461
830
632
921
384
232
825
693
112
962
200
657
38
804
640
523
791
587
19
364
402
906
790
696
178
98
624
473
830
790
307
653
650
645
912
961
441
414
112
233
313
586
247
861
714
548
563
782
196
459
483
926
847
302
399
559
82
810
502
814
464
629
611
131
661
170
620
703
607
481
954
574
127
60
802
405
879
884
126
774
117
46
821
18
766
536
347
133
814
860
975
808
392
410
249
348
620
888
164
630
506
327
402
994
788
729
525
716
220
347
92
987
674
11
697
734
588
220
909
939
537
135
953
18
280
826
346
368
279
572
671
808
820
318
690
24
668
877
970
320
971
56
606
459
190
224
871
81
486
840
675
481
380
720
344
449
852
572
788
319
792
968
274
328
236
284
531
490
971
207
892
312
549
225
906
812
901
521
118
621
271
57
829
225
130
321
197
588
515
518
108
890
760
797
590
79
895
574
600
575
572
699
466
597
411
528
753
830
446
861
161
299
278
718
997
997
570
204
902
495
905
882
297
143
446
871
226
90
938
814
675
131
174
150
81
720
90
750
232
986
291
11
536
503
910
852
206
356
440
521
575
836
306
687
399
886
933
440
788
338
805
849
45
502
807
756
539
340
675
808
929
118
333
325
482
798
555
167
24
550
478
965
507
767
842
771
683
510
886
246
625
899
763
989
274
973
201
96
851
932
127
317
243
266
160
515
182
424
381
338
552
887
618
196
612
767
86
962
760
288
504
573
339
302
704
327
253
66
78
892
379
7
936
63
895
233
131
919
558
904
373
847
745
856
573
361
444
308
864
471
520
728
12
395
455
562
112
659
690
972
565
919
362
714
546
482
374
124
615
508
133
852
826
933
555
58
296
182
319
130
948
388
742
168
308
486
306
552
128
7
904
18
459
170
89
976
162
391
282
946
811
843
233
432
833
533
78
53
296
656
644
23
982
524
208
373
150
118
414
522
233
255
430
552
384
196
761
488
201
970
775
216
750
100
64
925
239
325
71
347
678
976
514
113
746
546
48
130
831
510
53
23
700
724
788
663
18
423
438
249
704
902
949
641
620
389
384
913
966
734
627
812
412
663
454
757
493
817
309
323
581
80
284
145
649
317
814
972
538
970
721
159
842
932
740
535
433
785
288
389
943
689
458
55
114
203
973
916
247
424
412
348
819
649
559
502
929
9
181
410
585
869
566
932
810
667
474
253
669
919
847
779
628
779
282
186
189
295
347
21
100
643
255
560
224
277
64
92
957
903
462
354
468
75
544
942
133
945
104
259
643
495
886
288
449
110
420
130
789
926
525
976
492
528
395
447
311
517
405
318
194
377
469
860
909
376
765
319
858
475
616
64
351
449
871
584
729
913
243
642
698
534
694
655
368
324
858
123
863
376
306
416
661
364
366
763
121
714
380
773
786
769
100
468
724
534
915
638
407
170
269
775
322
609
799
328
662
695
290
606
50
225
504
838
543
938
878
788
423
448
695
573
785
45
56
224
97
74
564
946
549
158
765
540
86
113
293
415
527
117
707
758
268
279
194
63
907
857
273
125
111
32
284
495
950
277
830
545
6
973
776
523
723
831
588
936
542
505
839
330
105
73
319
725
398
357
996
468
741
881
734
904
181
658
404
385
457
142
813
588
356
349
477
795
194
682
519
995
435
942
589
209
0
742
561
657
553
488
610
786
0
386
661
690
205
975
719
154
647
891
438
579
888
364
908
841
820
163
910
343
142
333
335
60
294
64
256
811
431
359
856
924
272
737
961
931
435
503
122
781
786
697
789
96
645
57
768
799
532
554
58
668
766
550
328
752
810
134
820
970
511
970
456
798
157
855
40
221
66
748
387
795
868
248
140
181
543
841
339
337
260
462
627
577
369
322
287
89
10
879
110
354
762
32
553
10
552
88
772
575
950
429
829
75
464
57
247
696
551
22
198
286
57
942
592
390
951
857
324
47
10
47
538
51
403
183
415
893
966
32
753
833
57
672
8
595
706
541
682
677
467
224
728
863
656
707
710
994
298
809
814
992
435
432
338
306
201
838
934
132
316
147
593
402
632
838
233
60
247
632
237
80
630
395
822
855
766
170
567
936
465
309
74
418
29
808
756
445
54
160
58
245
644
811
810
345
535
354
979
918
906
868
53
590
384
456
553
841
431
13
800
504
673
762
107
226
710
306
154
140
949
886
719
927
728
463
510
96
177
446
961
900
6
354
697
132
446
100
713
9
649
211
836
275
720
549
110
573
817
533
971
289
554
643
819
942
587
125
156
936
424
428
128
877
43
895
703
149
794
400
557
834
120
826
704
689
395
508
774
207
802
984
113
737
650
394
259
850
803
83
725
408
363
112
351
545
714
130
831
369
283
1
47
953
276
619
430
448
257
872
674
237
325
806
754
619
76
752
858
960
977
82
278
845
456
575
986
56
307
40
897
977
390
16
424
284
490
922
785
220
541
755
717
424
237
42
376
41
401
999
293
966
59
867
819
994
63
304
388
812
786
361
513
894
799
226
532
810
71
225
668
160
126
968
387
430
802
989
902
946
781
935
222
184
882
285
513
94
777
338
847
686
327
580
102
504
801
322
982
795
120
405
926
918
698
548
509
153
550
177
290
187
174
225
705
167
493
21
456
273
491
392
721
620
269
753
920
399
176
508
805
251
591
336
798
550
274
992
259
859
482
519
676
763
772
637
591
932
194
49
180
466
864
207
92
960
281
149
672
212
484
729
135
130
56
558
440
882
962
890
484
133
944
962
279
496
255
225
812
157
542
553
164
605
563
825
407
196
715
82
957
987
71
369
427
482
764
289
852
563
974
816
983
82
300
614
92
359
760
288
112
765
362
768
269
229
919
299
578
809
958
886
464
443
609
254
692
552
831
449
200
605
52
110
230
878
724
281
405
235
601
485
776
924
243
60
874
442
243
453
584
227
274
478
605
615
276
707
709
149
962
0
901
342
609
199
516
347
882
885
321
81
861
319
604
370
260
284
641
230
666
903
317
554
959
798
233
614
510
841
896
619
84
491
515
125
784
337
67
126
952
357
272
653
974
191
959
589
404
520
49
668
233
53
261
725
222
507
338
664
799
795
213
638
659
57
395
543
306
271
776
271
792
697
488
465
82
102
496
665
731
936
746
406
914
395
403
170
985
492
415
672
252
805
232
986
309
589
261
536
575
443
829
64
330
114
475
758
559
577
909
25
913
974
952
496
860
973
472
273
205
373
176
35
213
735
529
408
38
236
391
289
957
781
4
480
116
363
254
617
26
957
682
130
633
87
651
213
65
985
127
927
131
253
893
70
492
183
885
273
458
723
421
8
205
193
532
851
751
428
619
866
6
715
435
83
620
208
778
394
266
552
705
794
418
215
274
25
180
575
683
835
496
745
366
598
818
571
381
90
768
784
233
729
724
521
668
17
950
214
719
982
62
313
488
8
643
968
923
952
882
880
498
418
83
467
37
189
949
962
61
130
385
664
818
271
801
915
197
197
637
314
23
160
879
965
710
228
832
291
696
714
812
521
110
901
574
251
245
127
445
429
912
669
551
692
925
393
848
793
598
250
396
463
948
628
62
88
357
673
861
806
403
791
113
198
924
960
433
532
793
559
670
157
102
620
546
53
125
187
962
515
488
526
761
389
767
588
692
72
722
665
476
29
12
959
22
477
649
422
620
648
822
528
659
76
200
599
410
40
824
578
871
263
58
976
23
440
723
191
520
751
499
771
242
812
136
318
875
888
961
79
554
918
714
501
364
300
990
445
382
418
890
620
327
410
992
752
713
337
80
989
232
132
891
560
717
157
827
55
9
576
676
82
345
610
101
802
672
892
874
726
728
97
849
561
464
917
231
17
326
662
173
408
797
697
595
269
402
459
571
768
991
578
158
46
850
774
92
196
332
61
493
213
313
582
799
725
882
241
802
755
743
962
520
393
776
90
664
42
392
969
168
950
361
898
652
78
56
191
756
180
671
470
255
606
394
560
738
826
741
860
222
997
798
865
637
761
284
773
873
770
569
538
357
107
707
484
890
584
736
692
980
923
682
751
72
725
157
908
291
559
889
254
652
255
487
136
709
920
356
505
164
18
899
965
981
656
272
1
438
475
673
615
905
781
912
533
647
810
947
709
69
374
163
628
136
626
205
135
991
33
457
199
271
257
311
541
109
329
310
60
933
901
565
641
88
269
147
264
739
872
304
237
653
507
54
500
958
435
603
268
665
185
153
817
298
613
264
462
577
317
715
670
586
259
745
855
784
384
908
854
646
977
315
359
617
811
605
758
110
975
118
424
429
720
71
984
529
306
108
817
758
98
124
864
517
922
971
358
377
253
240
511
282
622
176
548
99
79
540
973
135
947
881
509
552
671
773
546
176
92
406
646
462
147
306
168
135
371
620
25
290
360
922
934
540
984
959
817
78
522
46
213
185
890
691
836
983
370
938
680
225
119
396
949
13
25
317
546
40
945
357
283
8
224
287
707
362
477
839
259
777
508
785
400
547
642
887
263
103
611
26
283
220
735
927
162
150
479
450
652
729
710
857
204
652
645
29
420
746
54
166
697
213
197
686
960
456
211
760
732
801
778
341
482
163
17
69
735
728
800
327
369
982
666
163
368
279
531
634
831
573
143
17
839
380
533
234
420
654
422
317
839
471
459
446
895
802
764
714
197
584
959
114
322
787
600
465
73
233
174
478
547
187
559
314
14
699
508
913
320
282
113
689
714
622
485
44
806
564
948
971
368
430
707
964
618
431
240
206
258
758
277
82
245
903
906
606
663
824
5
261
294
174
791
37
585
652
518
736
543
336
751
220
874
84
770
755
233
731
962
205
807
39
756
501
349
276
902
524
138
73
623
295
342
900
279
291
436
280
851
882
359
201
240
607
2
768
246
624
789
429
304
803
584
32
93
147
908
883
312
649
552
213
124
373
756
168
310
297
858
878
605
752
521
430
442
590
329
348
896
414
436
632
693
211
858
973
111
818
315
695
877
211
183
768
407
619
171
795
211
980
335
143
569
256
856
562
988
637
470
40
936
328
300
648
518
295
293
571
358
684
887
968
34
266
862
401
648
866
618
450
198
771
294
859
475
909
110
1
688
401
609
823
831
971
103
623
75
478
279
528
200
438
829
854
924
513
491
868
176
825
615
971
60
852
667
206
440
872
797
419
221
324
606
798
791
659
162
762
232
443
592
112
68
131
592
890
958
442
613
717
484
293
228
425
785
568
57
771
453
965
398
347
372
517
814
178
251
643
30
173
681
991
455
13
133
721
672
270
8
939
304
812
268
793
159
612
677
316
427
794
283
52
655
176
53
869
529
933
890
170
283
45
372
709
646
989
486
34
858
438
829
223
735
119
294
246
392
508
516
544
854
7
256
795
487
166
902
795
142
75
925
133
334
546
14
566
658
783
786
752
282
894
849
326
469
768
242
47
536
944
887
838
500
559
549
140
538
730
472
872
418
974
210
222
24
863
559
309
609
396
209
944
886
735
656
135
13
558
697
475
34
458
9
403
759
740
197
661
112
582
907
569
791
993
759
865
212
924
995
622
887
461
192
425
456
111
652
255
113
782
338
114
121
486
207
25
351
132
338
75
88
305
412
82
684
613
816
611
374
172
283
493
675
737
814
123
758
508
367
726
163
237
660
967
139
966
892
776
679
546
294
493
640
693
34
943
507
852
82
895
356
158
173
551
901
883
437
848
974
261
528
753
583
486
891
82
165
658
59
230
975
333
222
267
704
704
330
773
765
950
48
713
578
729
817
740
862
208
192
656
741
16
239
503
137
309
810
784
583
158
342
10
595
197
828
984
230
623
700
357
92
296
817
148
313
436
969
142
362
715
306
204
187
149
354
947
772
349
557
368
886
845
795
550
349
943
904
970
939
170
612
252
999
703
342
25
929
278
168
70
818
854
242
869
188
170
656
21
130
552
727
769
641
674
211
575
261
709
445
182
406
50
439
475
550
943
890
377
226
918
235
396
982
797
752
78
587
233
546
590
311
861
594
611
74
64
975
651
319
68
600
8
386
880
122
349
625
940
977
259
484
43
57
521
21
981
391
367
757
197
959
462
195
62
99
353
817
65
282
850
589
450
606
176
936
284
799
882
392
611
49
324
519
469
589
459
441
902
845
639
888
567
7
368
701
736
806
595
843
254
479
539
64
315
51
116
596
890
613
79
811
113
283
584
476
908
227
176
12
908
796
80
220
283
513
67
529
8
286
244
54
672
388
654
649
641
801
453
486
671
971
819
283
442
871
16
236
473
982
332
395
93
234
67
927
211
442
962
917
62
575
264
497
697
113
626
734
197
203
139
845
854
938
907
727
770
427
43
123
418
787
968
267
929
93
595
331
955
583
412
862
414
828
911
974
788
680
645
75
205
547
25
484
392
503
664
692
529
393
132
401
925
558
759
315
341
813
436
71
187
622
850
317
243
654
228
322
280
544
940
939
246
980
223
391
386
778
893
176
222
845
362
81
306
11
981
796
217
432
881
148
848
662
752
86
760
235
344
889
261
304
679
351
836
14
554
822
922
776
328
894
278
350
236
454
893
47
736
617
493
452
724
109
346
803
643
514
230
23
774
937
290
378
593
933
734
357
225
941
834
671
508
472
634
804
650
184
923
69
168
776
586
750
83
688
168
465
466
113
161
856
899
496
78
44
298
356
723
106
383
715
720
50
208
509
712
293
672
593
555
150
424
353
553
305
888
247
348
378
87
695
291
661
748
317
991
646
998
324
893
558
419
837
143
29
591
674
226
714
656
107
118
399
393
389
726
821
503
908
101
163
939
918
534
804
659
32
753
337
389
86
324
328
524
375
767
72
335
802
640
243
700
597
919
468
946
108
640
739
478
829
822
623
742
782
214
177
598
394
440
259
994
224
995
332
933
490
116
590
364
93
987
380
555
779
774
568
8
765
738
134
613
29
910
245
798
682
424
323
702
760
575
359
238
842
386
115
990
912
422
151
937
872
529
162
939
408
118
401
651
261
45
440
136
930
584
79
362
106
101
972
812
448
473
121
691
81
468
45
415
820
106
209
103
500
260
111
446
246
65
628
894
588
763
975
842
278
150
621
795
940
637
897
585
634
673
91
108
495
396
803
872
196
960
956
330
803
133
49
201
786
976
164
344
704
246
446
466
156
659
290
711
989
450
108
369
828
153
659
621
94
628
184
610
177
995
644
939
839
898
6
418
688
798
138
769
728
439
65
152
779
317
248
660
846
803
963
888
549
110
610
383
851
676
673
320
929
768
361
32
629
249
120
123
413
249
591
911
208
796
171
11
485
165
314
892
687
165
658
126
127
505
166
961
596
819
104
889
639
756
146
997
220
886
555
500
767
127
915
851
111
149
310
767
314
101
206
83
142
624
328
942
33
934
857
391
603
124
429
806
657
86
422
945
460
209
171
818
377
710
267
307
961
426
436
76
648
81
193
387
613
985
917
139
469
274
769
818
548
491
512
579
677
901
818
899
849
561
267
496
351
335
780
668
290
734
319
908
780
750
973
673
948
595
389
686
903
799
894
535
673
687
362
633
599
568
389
595
344
954
64
553
530
586
359
517
419
25
821
430
881
730
677
75
907
471
487
609
715
523
559
931
38
228
584
856
337
456
172
273
934
89
108
795
320
469
341
82
797
238
927
598
678
489
757
225
425
454
916
342
746
334
546
515
243
968
150
447
315
908
774
386
667
244
120
48
973
396
786
381
807
312
797
895
890
63
900
728
982
140
404
766
775
552
637
867
744
492
404
733
399
893
619
779
270
678
559
419
56
742
180
558
621
504
631
954
588
175
312
273
431
425
974
150
529
871
148
192
645
73
964
311
284
559
382
545
462
812
673
568
823
51
419
484
580
921
405
958
181
877
744
127
721
79
200
705
727
753
693
565
910
509
872
552
846
387
306
5
137
179
669
794
810
122
937
649
807
456
166
320
480
737
820
738
777
444
250
155
481
286
975
41
52
163
1
980
551
600
771
746
316
29
642
864
594
937
802
856
332
758
521
211
930
872
92
662
402
161
86
609
174
484
145
535
644
59
96
718
582
333
510
688
574
99
797
237
599
778
929
915
493
29
551
468
304
637
971
282
437
774
733
61
112
415
639
216
132
23
402
332
569
223
538
726
369
744
941
783
631
761
194
7
237
363
663
423
540
568
548
478
81
285
814
759
878
264
652
116
550
213
202
525
853
163
781
953
306
730
629
326
661
801
821
583
100
190
680
143
556
418
451
245
737
602
102
885
323
271
37
79
180
132
267
272
664
333
479
15
185
983
870
791
386
165
904
78
659
738
500
239
611
574
681
6
763
915
237
161
859
545
630
66
379
945
368
140
510
811
276
640
16
0
312
104
475
443
452
173
324
108
763
183
292
823
684
973
872
764
10
368
297
453
945
757
819
662
572
736
123
214
890
422
155
999
978
909
1
299
874
449
619
823
147
656
529
356
469
398
854
843
431
75
861
549
507
311
506
778
998
694
185
829
391
894
3
526
835
246
620
57
315
144
304
556
763
589
942
58
971
928
18
110
96
725
905
32
663
417
102
995
187
342
298
151
549
766
285
276
261
925
813
345
868
540
680
628
160
108
132
22
767
959
85
443
940
510
413
335
731
704
869
539
470
155
176
373
758
12
610
494
52
803
62
486
72
986
35
745
408
690
531
548
543
1
603
974
165
771
436
551
257
249
115
414
88
170
152
176
132
323
71
330
682
3
661
219
832
434
526
618
602
173
653
788
34
536
730
260
266
993
983
821
292
950
629
798
681
547
249
976
862
390
877
748
791
749
469
991
465
179
871
670
792
703
496
755
183
669
845
972
894
219
429
830
738
596
670
30
839
454
818
734
311
229
49
919
961
562
376
597
714
328
157
17
721
923
753
874
614
731
900
879
558
541
255
229
219
476
591
279
353
213
952
293
566
285
678
52
358
714
477
911
109
922
149
313
923
922
900
517
824
546
61
832
969
355
76
454
71
874
236
564
87
979
379
896
999
486
376
77
111
719
565
281
784
229
335
896
331
711
279
588
698
726
368
910
657
343
397
808
849
935
632
178
685
584
628
657
26
222
206
649
261
144
556
134
415
323
710
396
493
64
427
287
893
467
855
900
952
336
571
554
624
646
901
401
362
818
262
107
968
178
298
851
278
854
110
757
586
434
939
529
469
680
287
898
330
444
966
622
38
67
242
921
820
812
397
933
758
690
941
602
124
720
282
64
434
272
224
744
281
460
972
839
151
996
588
306
220
976
894
421
811
823
765
152
910
722
165
836
379
927
426
979
973
153
823
565
370
492
362
805
720
520
973
818
862
741
730
720
996
72
714
791
377
586
995
870
916
553
528
9
555
273
539
925
694
789
648
669
306
493
897
597
661
547
995
177
538
133
969
368
497
709
554
696
427
278
391
564
438
711
368
972
392
679
962
724
231
75
787
19
592
372
636
898
501
431
796
49
183
535
270
650
769
669
89
463
241
727
309
671
408
412
384
893
185
928
61
544
759
70
363
889
965
92
560
846
258
951
714
204
379
272
810
113
907
426
43
221
814
484
580
284
829
422
141
979
987
560
878
560
262
116
499
930
872
984
176
894
831
111
34
310
398
103
784
484
825
805
130
203
29
126
317
770
378
393
154
900
410
173
844
577
397
493
930
458
704
134
456
431
976
915
864
90
199
909
977
739
53
643
713
108
986
791
925
484
156
466
670
709
971
802
559
96
602
906
157
16
924
690
993
850
546
932
450
196
563
520
268
121
820
935
609
94
819
921
431
649
552
562
82
245
445
260
879
190
133
439
899
373
211
532
961
463
615
862
111
227
180
799
595
356
601
439
199
471
822
864
907
415
766
594
592
439
848
429
19
462
267
601
665
467
556
782
20
5
528
801
274
399
69
977
768
406
939
352
959
183
512
92
261
61
714
438
127
208
987
913
156
293
264
834
342
106
816
157
135
643
252
80
153
475
727
937
259
170
196
111
410
526
369
492
271
724
626
461
935
525
503
647
98
918
860
892
523
546
84
116
365
122
803
763
637
659
793
150
421
743
131
91
610
902
22
355
261
728
538
258
276
697
701
259
953
786
706
334
45
461
207
272
653
751
156
945
692
441
786
704
44
950
531
998
743
371
377
756
474
204
740
711
319
566
378
277
817
469
940
595
593
5
105
922
800
518
728
917
133
946
84
850
961
456
397
348
406
970
465
305
68
281
612
603
765
43
924
604
944
895
523
149
272
303
203
207
736
657
998
12
267
284
167
301
492
128
779
338
118
985
898
21
798
579
636
216
53
171
972
225
597
729
361
498
782
933
756
70
271
110
450
977
400
143
884
965
542
994
833
675
914
167
889
78
456
835
252
119
642
269
568
592
252
5
700
64
174
118
415
830
550
609
498
444
66
440
316
930
428
548
738
443
202
305
363
72
40
96
846
581
953
671
918
0
725
491
129
892
939
420
818
941
821
52
996
53
285
14
813
203
440
878
992
911
660
462
4
32
120
914
801
634
102
370
798
510
274
415
706
117
437
596
872
748
572
98
658
346
506
343
656
218
987
226
734
904
239
424
898
379
694
927
89
893
83
463
425
466
558
849
975
715
485
17
609
96
680
929
330
166
361
767
179
410
841
198
241
286
506
909
263
88
607
260
712
942
247
847
714
90
63
944
780
960
846
399
339
287
312
489
822
756
187
849
239
280
95
967
787
462
421
6
6
997
487
181
135
992
785
374
475
885
998
762
63
834
657
903
362
795
474
994
840
619
47
935
541
559
716
936
251
769
962
105
852
376
841
121
27
85
64
610
185
789
504
243
802
284
640
621
528
705
466
801
4
808
957
713
811
153
749
684
0
460
611
713
518
982
786
48
323
217
822
887
709
681
179
893
200
634
901
164
996
317
832
826
769
170
694
213
586
110
90
74
471
105
922
163
266
783
566
415
389
914
675
424
956
970
104
943
568
942
379
43
740
453
362
860
258
943
294
68
152
303
692
130
529
796
17
870
795
980
379
693
170
719
262
873
496
918
940
424
111
662
528
159
140
840
34
88
234
533
514
949
18
554
567
294
367
286
184
347
399
553
509
379
310
166
961
456
763
93
430
172
935
285
226
770
608
463
105
108
17
482
715
284
659
808
540
496
779
473
271
126
126
789
496
79
588
71
653
133
823
951
89
260
873
78
405
467
656
123
390
643
611
748
249
413
970
486
156
300
960
836
678
672
126
575
41
553
130
825
223
49
580
495
52
669
515
463
571
313
758
379
720
878
762
801
471
946
219
414
782
531
246
477
401
329
404
565
652
194
685
562
501
406
379
744
373
442
211
816
677
649
83
914
357
133
300
571
271
754
558
530
746
393
300
749
252
495
722
368
970
658
274
725
305
71
499
210
818
78
8
896
480
223
277
649
688
515
919
28
185
901
589
487
39
332
165
730
663
693
655
916
920
270
231
333
975
592
628
841
651
300
767
501
981
486
306
723
672
945
811
751
435
0
518
765
801
461
243
670
802
916
980
606
125
763
418
459
469
818
955
407
787
703
333
949
14
474
391
734
499
154
738
861
609
701
468
734
474
4
530
911
77
665
20
333
322
685
303
480
412
327
223
194
958
922
336
193
984
392
628
651
901
444
474
719
77
270
142
52
811
105
844
918
182
620
261
754
605
796
590
97
502
152
984
347
250
641
525
838
971
470
372
423
353
564
835
225
768
238
562
578
98
416
269
216
360
391
845
220
382
829
318
110
316
904
512
640
892
788
412
796
298
186
968
944
757
716
741
299
231
148
139
818
284
284
137
801
234
68
344
151
881
317
916
240
903
198
592
41
810
649
49
456
600
471
218
562
526
313
183
761
849
697
137
91
596
32
787
279
278
398
617
106
31
759
204
452
404
829
294
729
847
166
921
140
220
312
936
882
678
311
319
948
721
424
582
860
914
636
263
897
127
161
891
622
983
703
571
298
987
490
193
953
246
105
306
955
155
612
399
615
565
171
514
229
746
700
236
381
588
998
542
730
276
252
464
5
924
647
677
523
86
690
921
735
57
781
615
500
463
386
475
72
161
379
367
440
133
584
817
357
53
305
228
516
349
281
448
737
975
304
369
772
271
750
307
690
690
622
28
691
87
862
857
240
637
688
697
828
737
496
708
108
472
28
698
349
80
4
985
281
668
366
622
472
619
158
322
823
448
765
999
824
789
225
13
341
121
518
338
196
955
221
354
314
120
602
1
357
622
257
74
547
610
627
989
595
593
482
548
803
350
60
436
634
642
987
473
579
946
483
193
762
293
617
46
766
418
471
3
705
389
531
88
43
628
606
612
301
27
480
539
211
485
892
207
926
378
548
35
511
473
861
730
957
744
112
849
92
143
617
452
596
163
920
969
554
598
289
950
50
386
611
812
775
218
941
142
74
98
784
539
818
571
357
946
14
782
838
635
550
66
464
43
597
579
665
907
637
826
274
964
378
950
415
954
170
900
518
488
432
233
278
829
370
709
431
765
554
979
341
207
766
760
615
36
630
293
458
549
811
455
668
209
873
144
417
758
238
920
306
664
209
705
370
340
100
415
950
786
717
637
810
939
985
181
415
282
691
431
297
593
280
653
743
484
506
34
652
92
915
974
713
265
325
664
506
141
975
549
669
357
513
524
986
79
585
306
985
515
566
776
497
448
26
538
769
686
737
831
758
429
450
54
88
5
428
61
381
840
25
81
809
258
64
791
418
61
196
775
635
756
53
400
524
889
738
783
726
911
394
773
191
576
757
149
83
669
6
437
743
281
154
126
580
955
271
748
114
530
615
9
150
402
386
341
147
961
764
880
607
246
378
374
683
704
80
778
278
453
437
974
603
853
582
280
864
372
28
636
17
6
919
653
499
590
730
342
266
833
969
477
18
449
28
309
316
127
625
148
393
638
581
954
253
599
890
525
813
358
778
95
442
182
457
865
817
133
788
49
909
845
731
106
664
283
328
357
922
642
840
643
134
106
126
251
431
345
77
768
107
172
296
960
434
856
91
620
950
471
313
921
591
948
124
718
574
156
495
434
474
860
673
155
129
690
393
45
244
716
516
873
104
135
482
390
839
892
881
130
40
240
778
794
956
70
879
950
92
520
464
785
349
548
713
257
588
461
936
271
367
910
539
266
212
158
967
769
595
780
373
133
897
618
484
67
573
599
894
261
924
350
295
998
759
55
564
521
197
941
180
850
812
966
975
990
989
445
788
75
291
397
313
53
497
509
423
639
759
386
193
202
846
398
246
710
405
894
849
193
845
645
174
460
453
60
596
458
659
617
810
98
234
648
327
986
362
67
738
16
615
566
870
813
949
46
385
126
647
985
294
66
770
463
873
665
721
274
87
714
741
417
185
89
497
450
74
43
456
292
728
784
487
268
47
264
272
158
388
238
675
34
906
241
973
448
180
29
111
425
20
692
776
751
645
631
367
736
184
105
954
349
407
768
728
627
693
806
962
235
473
69
795
85
455
682
271
16
89
498
760
641
165
118
636
289
396
915
467
609
840
848
127
100
779
127
37
179
439
956
170
323
182
342
772
131
195
475
824
568
579
652
774
839
304
263
177
43
575
667
340
780
474
20
442
548
98
624
633
533
841
779
943
965
327
401
943
868
489
123
168
527
396
85
232
328
971
246
268
968
339
998
904
320
509
160
482
58
972
863
637
547
956
187
871
831
818
586
182
134
350
540
103
953
305
873
273
361
739
213
876
941
629
948
331
978
152
763
960
564
756
857
647
925
691
374
658
714
463
277
252
668
227
983
673
120
11
911
979
356
602
458
50
918
37
4
486
896
390
2
49
348
497
391
328
861
239
545
269
16
886
12
156
683
65
553
238
433
407
178
61
611
12
253
110
862
351
858
832
26
391
334
196
911
251
148
117
554
522
164
598
733
943
211
942
575
768
880
526
201
518
341
124
257
747
658
973
246
4
107
839
382
866
357
851
737
41
677
273
421
414
735
768
853
247
967
51
834
139
935
53
805
917
208
820
818
271
801
7
349
555
788
539
434
619
698
16
355
52
905
591
956
150
522
847
170
859
865
904
72
238
830
974
582
829
64
62
83
293
73
152
319
893
483
307
200
862
212
791
961
759
417
874
151
271
637
200
380
77
34
43
286
300
649
995
647
637
563
239
649
617
732
419
927
998
670
80
872
309
308
434
577
369
288
826
755
369
980
274
350
633
252
983
187
142
705
807
264
719
968
378
345
176
314
67
881
844
565
802
346
782
37
176
604
543
371
544
424
605
396
505
823
0
683
190
287
771
618
277
550
311
264
439
690
927
936
299
255
914
620
377
327
397
515
634
710
27
203
234
264
795
589
187
230
794
362
889
484
602
994
88
478
339
643
923
568
210
92
587
832
696
179
910
983
647
618
635
140
175
365
66
415
917
706
850
65
122
30
943
720
799
276
147
273
664
110
291
353
372
237
42
280
918
239
686
675
304
612
818
145
392
309
554
628
901
575
82
945
26
150
423
14
384
283
783
34
954
973
502
883
259
888
464
392
828
514
384
677
794
265
208
377
117
134
914
631
463
724
600
132
481
12
455
124
552
395
191
922
630
76
352
138
778
774
245
358
578
177
636
248
850
146
123
97
648
520
19
983
361
55
767
185
828
851
540
876
178
970
434
870
638
407
850
199
424
190
544
478
895
271
224
332
71
198
844
795
434
777
42
748
542
800
323
446
593
684
297
553
522
627
817
307
977
550
652
609
539
186
808
577
915
184
811
572
462
64
971
5
355
484
239
734
135
559
763
825
206
917
269
330
199
776
461
161
440
751
472
157
224
977
554
582
548
926
683
805
970
765
194
223
105
720
338
468
720
383
773
953
913
724
86
778
486
898
31
653
817
459
347
343
616
886
310
920
862
658
52
445
467
32
972
7
798
725
537
87
763
437
472
939
862
36
342
461
768
553
882
126
317
906
387
860
558
751
47
742
762
296
823
345
559
442
992
276
462
789
888
24
978
975
638
327
151
964
713
584
320
910
112
872
888
351
439
766
530
550
365
675
27
866
400
542
653
631
357
63
733
635
213
348
986
114
321
779
672
966
780
889
502
961
549
425
137
861
831
306
28
690
544
483
408
285
598
675
576
6
310
442
629
954
502
774
750
54
766
191
512
794
170
745
709
883
24
966
168
975
377
263
105
646
637
548
920
891
905
559
458
494
207
923
515
904
649
120
983
342
363
268
559
619
851
74
833
587
672
861
711
367
598
206
122
952
940
372
577
298
244
600
669
53
602
48
651
140
627
277
277
765
193
910
546
552
497
750
552
914
539
900
984
528
545
117
380
648
187
438
781
868
114
601
907
31
62
514
476
46
510
565
568
629
956
916
410
238
708
384
276
432
111
886
935
985
804
418
962
756
56
724
796
267
284
568
879
540
735
194
308
733
774
670
364
148
986
154
853
533
518
108
775
54
576
19
192
54
664
533
202
996
205
826
805
386
286
131
692
148
220
216
299
814
959
678
274
998
629
377
283
997
817
249
242
824
170
414
862
462
939
170
485
443
456
530
120
760
876
792
751
802
275
610
481
376
583
37
503
461
394
443
790
208
752
722
781
808
295
329
781
229
683
86
263
445
618
874
978
871
933
652
882
322
669
104
114
545
842
101
603
27
734
884
269
391
669
56
999
23
156
376
300
824
198
139
314
774
686
737
389
702
496
744
470
628
51
915
698
614
603
213
808
860
82
967
853
989
298
13
22
250
233
995
389
271
840
215
532
149
308
900
598
898
357
127
427
609
514
588
32
507
32
507
944
656
79
185
44
9
116
946
687
858
601
54
907
550
740
38
425
714
584
633
756
337
591
289
531
425
393
43
759
246
20
946
187
991
463
483
852
469
199
789
183
859
169
612
606
572
424
770
801
736
971
230
258
498
331
207
0
506
376
10
611
88
142
635
733
820
380
66
46
655
864
231
29
266
961
197
814
627
274
418
55
401
532
201
601
323
907
810
861
41
147
966
321
443
787
51
656
59
111
821
51
546
456
560
393
619
721
504
900
465
130
187
816
745
537
431
920
354
773
144
704
964
469
438
493
944
589
63
890
356
687
916
26
229
436
259
852
912
417
555
867
622
869
930
112
643
494
473
773
828
293
179
797
778
923
881
652
74
410
438
323
695
933
138
441
900
198
319
545
807
883
739
950
899
458
391
123
410
774
905
563
280
704
374
190
758
644
669
969
946
759
815
767
599
440
180
281
501
938
362
222
211
568
389
495
306
626
312
931
531
755
311
110
856
166
503
873
800
830
69
177
286
868
852
64
466
773
89
520
873
834
610
70
151
164
316
593
76
631
66
153
293
459
154
438
170
849
767
878
648
96
454
526
952
369
5
928
241
799
596
211
560
356
972
728
523
430
748
143
741
513
317
626
909
714
990
709
604
599
752
875
512
966
68
784
390
922
860
984
934
670
178
734
515
609
384
718
441
861
816
953
107
33
725
174
738
177
66
782
403
707
138
789
39
898
966
650
41
273
782
430
654
461
249
321
792
627
502
904
431
397
906
185
402
480
931
50
482
786
480
96
278
864
30
394
233
351
774
711
440
75
702
105
717
508
148
67
713
676
72
700
670
714
933
407
271
472
828
408
885
209
223
311
846
745
643
438
926
349
331
232
50
236
324
536
613
36
387
432
694
920
719
780
808
37
198
655
692
289
522
426
976
9
620
905
64
797
829
717
578
114
872
46
751
980
924
53
68
201
613
365
814
54
325
587
138
456
488
145
841
278
783
46
768
457
430
750
765
562
891
125
770
118
284
278
682
828
223
921
361
968
556
200
360
62
753
819
598
613
519
193
463
867
543
246
275
372
164
421
471
419
503
748
17
283
217
71
61
742
933
60
980
806
984
548
548
89
256
435
202
638
316
91
328
116
782
963
449
431
559
629
299
949
716
262
46
406
584
767
900
403
242
707
978
750
789
9
537
213
890
812
869
297
293
530
134
6
684
336
35
363
486
364
161
684
429
468
861
512
545
763
584
455
76
721
506
976
179
621
565
491
229
532
114
377
76
820
217
737
546
201
753
661
43
450
924
276
866
139
140
282
837
364
25
269
405
654
743
365
564
799
180
295
713
134
660
680
110
445
370
593
782
842
874
191
501
897
515
795
542
688
635
959
107
795
628
131
862
29
389
198
668
577
800
595
186
557
606
184
462
703
936
351
473
458
973
284
191
431
291
336
750
303
344
604
772
462
552
254
954
483
324
568
639
639
238
987
921
618
559
676
183
741
84
679
981
562
957
718
103
471
662
3
282
130
170
642
345
35
293
31
0
748
14
49
453
245
898
31
62
563
573
460
801
225
180
328
102
233
214
35
594
358
995
754
740
947
587
398
921
297
202
333
842
466
72
687
999
696
176
486
909
440
38
24
499
931
449
640
385
964
456
933
665
797
198
637
924
799
942
529
737
413
676
877
929
320
170
747
222
433
443
120
956
314
662
512
578
927
230
525
77
757
74
742
847
457
946
861
256
79
577
847
786
230
1
489
637
744
411
877
312
777
432
538
652
332
727
508
598
975
474
895
840
317
491
712
928
338
579
300
657
872
17
282
988
673
419
592
25
999
857
741
249
363
707
226
215
521
817
693
239
975
166
665
172
664
538
177
111
662
994
414
525
284
293
360
145
730
869
810
148
705
242
548
315
85
759
959
739
279
207
827
235
354
279
900
431
389
34
736
974
577
444
85
661
573
526
81
675
687
540
476
308
191
394
579
914
921
568
76
626
56
106
304
360
360
420
973
862
543
761
61
858
825
110
458
278
464
596
232
374
977
132
612
840
508
88
521
756
754
598
164
832
482
306
761
503
488
636
206
606
390
502
421
202
702
959
489
156
96
366
788
217
450
551
450
12
698
974
500
282
387
972
295
6
152
763
950
912
837
529
44
208
107
862
517
280
831
719
791
430
755
973
66
286
185
7
29
923
15
503
176
476
588
630
500
628
302
795
436
423
497
266
920
236
840
284
324
305
250
384
130
236
241
63
742
307
579
734
155
1
41
792
882
131
971
397
929
957
718
291
943
578
871
209
97
814
471
415
282
753
262
859
519
883
32
120
589
777
618
293
303
174
416
800
291
573
765
829
446
660
948
646
922
479
588
62
0
917
633
28
27
844
209
543
289
613
238
48
851
184
392
859
637
793
138
417
333
608
559
905
9
313
969
366
819
466
431
169
498
130
278
83
71
481
872
509
810
729
817
328
176
832
904
85
737
628
236
167
632
584
152
638
917
311
972
749
217
235
607
667
905
176
133
556
861
309
619
81
704
659
407
583
481
186
526
820
831
73
387
334
274
749
480
560
241
990
895
747
729
674
167
690
297
598
833
316
0
120
753
954
126
96
974
448
130
390
530
106
357
926
63
781
359
320
964
62
548
762
228
284
693
653
472
314
36
448
827
888
530
41
533
20
743
92
321
474
554
160
673
795
398
764
245
954
928
493
659
150
669
725
809
738
215
909
736
499
179
802
128
12
821
252
857
329
321
893
955
96
179
203
787
280
361
301
533
395
659
439
429
791
366
553
354
697
521
650
963
34
176
913
820
773
673
267
956
224
797
329
810
695
102
791
325
316
92
999
522
131
213
498
520
339
866
55
1
387
436
645
628
44
162
720
544
801
659
205
259
187
555
296
43
461
909
271
656
717
94
66
576
619
682
429
177
666
359
474
433
585
833
594
520
214
72
787
361
336
521
859
935
378
746
439
395
266
657
351
517
415
791
721
885
4
599
339
843
883
561
173
636
420
668
980
124
30
561
261
604
319
782
973
446
100
953
957
579
735
781
985
471
281
48
122
697
857
241
202
435
876
482
173
121
51
768
250
211
979
203
496
183
629
508
691
455
10
589
86
730
725
576
255
190
471
157
852
835
154
160
280
698
81
249
820
324
607
603
354
42
360
177
518
261
577
138
517
250
891
320
134
681
938
340
344
419
212
406
528
791
933
413
150
392
554
34
707
996
859
299
902
42
438
173
731
495
769
516
227
761
536
558
720
171
240
974
274
228
75
802
95
847
73
655
71
982
22
628
424
342
528
753
794
547
124
970
759
725
195
368
239
5
717
31
482
909
940
701
972
651
742
658
866
315
85
660
394
83
255
346
804
516
344
984
75
195
886
644
816
260
82
443
868
392
88
235
771
708
400
158
728
734
755
272
851
768
473
310
333
26
115
885
836
874
5
602
236
502
329
914
750
717
611
48
926
971
973
280
721
382
848
314
639
370
462
599
704
226
190
701
724
945
985
243
395
354
61
365
164
153
331
871
82
206
643
346
535
544
765
836
2
799
761
161
547
606
37
973
85
776
751
249
422
460
896
649
640
283
391
596
697
14
770
523
884
889
882
760
611
972
547
210
521
826
816
200
481
122
102
649
528
367
130
53
876
154
476
258
631
206
829
656
165
683
115
848
635
675
82
428
293
970
954
298
483
448
451
594
979
71
324
564
281
105
583
174
330
109
284
683
789
11
950
569
79
25
36
21
426
288
743
284
68
348
100
756
371
895
526
205
509
124
347
531
737
294
852
718
753
254
615
103
110
584
587
711
794
271
819
963
527
971
300
957
230
888
832
369
648
980
560
477
494
837
36
184
181
382
931
73
514
321
753
606
858
105
727
883
746
344
539
699
64
967
882
984
232
932
594
54
564
651
694
292
15
509
593
755
383
994
500
741
322
374
52
729
452
558
575
390
361
67
568
748
50
767
78
258
997
272
316
893
639
494
817
892
355
111
914
46
470
968
827
985
352
758
110
180
383
250
350
21
736
926
995
870
825
782
66
230
596
234
727
706
364
719
446
784
100
398
839
139
453
65
533
848
914
431
910
58
122
840
427
618
376
475
437
340
508
186
725
593
351
306
909
118
848
258
559
50
229
188
532
711
610
822
746
334
196
788
96
991
53
55
14
405
933
392
210
906
98
806
255
474
317
837
674
821
761
8
49
754
724
249
447
998
694
37
694
649
995
73
681
584
521
443
810
453
482
692
493
277
721
38
63
833
619
133
916
423
399
17
684
243
528
915
481
33
475
952
231
983
247
77
18
971
348
300
178
122
665
983
418
61
483
404
416
97
110
653
301
72
200
135
466
724
982
148
692
353
146
972
486
927
403
459
116
550
186
121
742
554
705
40
731
759
245
917
376
554
613
574
619
943
795
229
823
54
952
493
804
138
729
980
968
85
486
368
696
876
391
308
460
382
907
219
772
750
543
855
912
565
596
933
759
918
755
303
675
760
611
835
718
47
996
126
305
363
370
62
556
55
321
588
815
265
941
321
619
422
743
690
958
835
955
169
213
481
582
195
889
461
868
337
405
800
371
273
988
182
663
811
263
460
120
596
944
382
701
266
886
439
877
900
927
517
690
474
325
318
63
702
937
901
718
983
12
78
694
196
14
390
870
110
514
176
77
631
130
821
934
15
111
610
11
368
100
134
404
32
137
74
797
592
903
786
982
343
724
274
18
899
730
745
948
970
200
448
881
397
991
45
661
61
908
954
26
489
599
401
269
300
296
639
963
87
385
17
397
540
209
75
772
675
394
564
569
315
466
689
869
925
150
224
324
444
983
840
452
130
286
892
751
78
912
841
948
622
594
406
98
248
177
950
115
660
111
963
701
453
345
272
982
597
267
326
838
682
19
558
757
493
213
662
463
324
786
595
648
874
638
304
10
245
199
373
945
573
80
182
232
344
75
277
541
37
392
480
332
465
462
538
669
818
673
995
776
554
617
289
284
587
474
129
108
23
397
308
261
282
222
365
827
430
1
885
972
551
743
799
612
650
890
661
187
182
716
213
697
636
562
201
990
299
184
756
554
282
8
554
829
426
154
751
474
769
260
110
901
47
548
486
641
801
179
541
525
522
323
559
737
584
136
243
839
661
777
140
56
471
49
802
924
659
293
429
921
289
966
776
591
179
178
882
89
203
578
978
414
12
923
182
8
965
266
350
925
34
528
837
784
694
449
890
885
854
473
138
435
482
807
227
1
346
682
141
134
758
26
905
102
959
961
819
587
715
110
393
353
176
445
526
283
946
292
157
648
787
588
1
464
483
620
736
851
965
721
450
596
670
473
907
635
182
448
165
78
401
352
839
24
423
60
459
476
932
225
96
477
972
193
443
378
134
235
598
462
160
156
136
683
574
915
293
298
356
385
913
934
166
435
857
159
439
276
64
764
204
121
245
391
376
535
708
682
903
610
435
195
839
861
958
218
399
260
529
796
267
73
673
339
702
543
108
705
320
883
734
804
858
336
152
87
504
44
249
468
298
426
661
347
884
630
498
910
261
699
535
934
732
398
622
94
18
475
910
10
118
611
635
32
251
332
752
1
905
588
967
935
372
173
586
647
631
714
404
678
478
418
235
0
231
343
393
189
956
554
720
48
300
574
744
201
910
750
915
6
704
565
950
616
807
180
173
180
845
81
93
555
418
712
236
522
442
669
251
94
262
666
762
912
110
777
40
363
793
235
148
974
117
579
129
668
59
803
538
686
906
866
822
957
715
809
14
795
740
323
10
800
599
31
728
762
391
766
673
700
246
74
632
320
727
497
234
912
291
799
452
156
862
102
959
985
364
623
715
146
792
323
981
900
28
778
235
868
901
139
815
867
13
633
558
695
954
794
442
932
613
846
361
525
218
416
762
31
406
815
200
796
496
368
263
799
245
77
851
175
548
522
961
997
897
838
314
822
56
928
962
264
505
158
172
487
18
118
896
903
556
475
369
718
880
304
857
9
465
605
245
295
675
43
791
462
191
347
26
283
620
305
834
402
652
145
80
653
223
258
722
778
349
314
883
285
160
232
82
32
96
226
953
874
338
347
164
775
328
392
609
440
373
211
440
410
898
379
877
959
317
674
815
353
62
236
305
634
203
387
749
38
0
606
274
271
825
790
777
575
401
933
389
63
463
517
917
604
216
379
52
192
810
265
946
740
829
536
514
783
216
166
697
241
944
367
88
721
474
800
259
48
539
728
157
44
973
193
44
996
974
435
725
317
199
223
746
209
773
801
972
204
139
868
481
334
147
4
964
977
721
759
225
593
441
740
120
481
29
118
611
793
756
877
552
717
713
325
808
793
476
23
410
84
66
14
222
841
130
600
992
341
737
158
827
639
875
286
658
376
529
302
399
461
531
759
447
525
322
230
306
60
883
909
451
220
621
699
765
140
96
186
967
712
251
0
959
920
307
169
327
527
443
261
593
857
46
487
838
522
17
236
544
507
745
483
72
542
915
692
456
837
375
325
463
392
600
313
790
118
264
981
45
324
522
717
553
227
438
433
740
163
208
863
485
755
966
109
384
317
336
124
397
799
199
503
108
725
450
272
894
491
984
662
343
603
874
84
761
154
302
950
912
384
824
829
57
885
830
967
442
759
966
406
653
456
695
682
270
459
282
645
546
261
701
495
664
323
229
108
703
334
886
106
915
249
237
307
25
584
652
486
484
713
103
801
882
311
746
123
650
583
874
639
277
323
258
767
927
12
812
439
379
799
362
353
327
41
560
752
921
564
12
56
972
261
163
920
933
692
8
590
570
397
303
396
288
280
927
831
628
831
296
626
954
282
552
817
362
72
457
73
572
520
995
193
831
634
862
306
55
2
573
166
355
327
450
184
853
385
438
803
743
549
216
197
995
369
444
341
619
461
741
975
943
476
136
421
979
347
497
236
922
122
965
650
336
592
68
75
233
874
723
888
588
672
541
891
363
629
27
808
705
67
360
962
676
520
301
53
991
698
872
600
621
761
680
829
726
611
712
126
331
602
616
504
890
66
236
478
419
538
163
960
344
522
711
776
327
901
901
788
984
600
513
428
180
435
957
873
46
445
697
934
999
587
205
102
805
334
404
886
276
818
467
874
578
249
401
981
772
554
783
469
847
389
399
496
344
246
106
144
164
315
896
375
203
228
226
989
369
175
196
32
721
674
560
588
552
708
611
54
353
392
799
173
983
628
417
356
110
1
752
220
950
740
725
969
641
404
994
974
863
302
794
85
31
620
203
747
891
410
571
677
876
278
369
855
725
151
227
556
65
135
861
241
568
251
461
131
111
564
1
595
554
652
440
328
773
126
304
905
280
448
429
6
374
797
324
180
904
939
659
351
535
719
520
492
488
334
387
477
13
332
5
288
183
342
687
121
61
525
318
7
100
389
278
439
25
644
109
714
385
819
652
312
798
767
593
492
744
247
358
763
122
972
230
625
620
704
746
387
880
558
690
546
230
599
154
24
240
989
304
163
438
787
281
950
900
683
155
954
62
844
78
709
63
579
4
623
734
32
354
280
110
641
442
216
32
67
426
986
471
411
852
159
462
213
792
339
397
717
371
427
454
180
424
910
118
683
623
460
404
619
116
846
69
177
423
35
102
982
475
17
337
83
176
982
817
365
237
484
975
131
902
777
470
200
423
474
371
20
954
840
252
555
120
453
581
407
293
505
788
435
571
676
118
298
778
934
63
40
632
150
392
338
269
948
872
717
749
901
821
481
760
652
75
600
923
975
802
348
692
606
370
54
550
880
446
985
320
991
85
309
455
167
413
668
564
61
596
392
896
917
279
196
308
20
258
49
943
392
260
784
830
29
312
890
789
721
995
698
546
20
486
180
408
71
444
300
876
392
960
356
434
269
344
29
993
553
775
804
893
312
145
496
935
138
751
562
81
998
777
154
574
875
31
735
656
320
213
701
734
454
225
82
175
996
91
378
465
665
688
271
279
119
923
833
270
131
304
128
965
94
546
354
20
439
13
355
170
884
411
976
711
543
618
606
125
966
796
459
357
480
977
451
551
555
463
900
206
517
142
198
739
799
486
74
297
517
657
562
719
895
831
391
959
498
268
129
248
490
55
692
246
903
73
325
936
423
643
81
268
700
906
520
418
309
139
982
999
474
85
80
529
289
737
739
677
798
668
418
441
384
622
446
906
607
920
376
807
125
556
855
146
398
140
659
238
141
682
539
712
986
366
677
106
809
986
148
511
582
309
856
661
844
791
871
216
234
68
506
977
635
863
636
58
256
213
176
627
997
957
597
452
218
581
282
388
360
434
659
83
968
197
743
933
836
55
87
453
468
859
628
246
359
964
846
923
831
684
298
743
475
938
959
466
619
876
445
302
918
429
263
795
691
110
690
555
733
776
111
157
559
161
460
552
394
477
236
761
207
227
816
6
564
233
887
566
761
482
966
874
88
823
699
365
120
64
802
1
556
771
770
457
200
21
237
956
563
648
0
296
405
265
430
758
675
544
55
461
582
432
817
161
12
47
234
759
232
762
238
81
615
789
18
824
779
79
669
502
313
598
919
760
836
995
874
325
560
17
540
386
787
883
357
993
530
224
589
125
632
720
237
170
546
571
722
681
87
617
875
722
932
353
374
609
963
370
778
798
211
794
260
944
635
966
495
620
640
615
986
486
524
720
867
809
9
416
726
467
647
988
829
389
619
732
195
854
985
422
743
827
364
552
335
401
413
950
205
451
365
203
634
51
378
132
684
914
411
584
925
605
369
751
561
973
792
394
495
362
741
564
892
443
534
562
321
922
30
118
544
656
726
939
958
766
447
99
714
373
857
222
233
36
117
835
155
249
821
201
967
226
763
797
714
815
1
258
300
660
349
574
257
355
230
534
969
821
505
623
598
396
199
488
948
375
559
242
385
99
849
1
753
54
926
157
847
841
652
691
72
846
739
64
583
370
433
302
496
553
792
101
499
233
966
105
88
852
373
611
873
421
374
486
734
983
357
668
131
963
517
466
360
807
892
128
383
862
254
987
610
460
633
9
974
618
387
874
543
501
453
976
462
180
47
306
898
347
460
735
538
659
515
968
902
74
64
842
111
203
324
858
519
668
510
397
751
211
353
694
90
727
696
823
450
565
873
554
579
835
946
883
433
416
825
269
518
673
984
469
894
889
805
173
129
817
347
604
50
18
123
693
280
975
341
953
805
554
950
788
549
116
615
665
905
218
889
789
485
612
142
457
729
873
22
404
459
468
123
618
381
519
278
493
522
623
44
621
567
852
805
479
361
773
373
254
559
615
61
292
943
640
943
40
592
209
678
238
17
676
290
810
665
649
271
586
611
310
219
800
939
70
659
816
203
80
629
687
637
606
475
431
807
69
959
861
695
494
129
424
435
181
928
215
469
846
691
926
744
227
270
941
697
584
264
232
166
472
773
692
196
462
130
733
920
717
739
757
482
763
994
229
229
350
903
904
591
880
220
431
590
780
279
324
531
85
67
677
693
995
576
455
372
347
314
545
227
80
730
683
30
489
111
225
335
12
283
864
966
486
613
855
963
181
368
542
649
890
657
661
953
835
824
699
639
822
134
550
514
642
213
559
506
588
822
45
52
795
787
199
429
519
843
911
702
324
956
38
802
265
503
621
292
12
77
66
35
709
89
582
365
289
642
774
744
462
992
793
93
497
45
847
736
448
629
240
986
431
315
469
742
924
814
384
631
195
238
620
831
71
234
780
104
643
612
601
275
18
502
32
604
494
488
44
176
598
117
68
700
81
882
738
552
884
518
365
182
349
262
927
951
178
636
568
83
682
398
802
325
395
118
553
794
199
58
356
886
526
11
254
532
20
635
528
303
840
558
546
15
178
563
314
422
651
284
601
517
638
126
836
846
629
933
192
951
98
356
971
984
949
955
512
989
921
208
465
286
769
973
700
461
607
65
439
979
575
167
843
854
48
151
852
441
406
953
232
598
130
589
398
674
165
838
391
386
492
62
676
661
743
372
630
960
335
482
282
947
962
386
963
692
345
755
980
383
676
937
184
566
951
320
71
737
742
136
807
867
693
995
531
770
912
887
787
355
310
697
289
715
126
797
789
524
471
728
879
173
210
322
984
883
911
346
286
582
950
309
219
356
748
504
451
631
893
527
420
565
217
643
154
264
929
951
722
255
16
664
365
851
680
410
872
99
584
782
74
952
999
769
968
402
469
461
44
618
52
46
337
363
765
296
758
734
334
692
534
159
473
961
372
233
776
455
652
886
152
795
840
386
297
286
935
942
216
138
752
447
795
464
626
559
555
314
542
168
484
378
373
606
164
281
615
178
476
683
252
823
144
325
696
814
705
437
276
135
296
215
12
279
784
233
81
761
766
889
284
848
735
293
852
498
639
791
575
385
881
129
819
336
702
495
770
176
146
602
257
377
355
707
41
757
611
226
765
705
545
844
520
530
399
743
6
70
873
851
763
886
32
698
304
658
481
298
53
72
123
341
149
191
609
106
227
775
669
610
780
715
419
962
170
328
346
668
892
173
463
38
129
800
857
890
92
660
244
988
556
348
914
923
41
214
414
760
816
585
974
228
851
884
732
161
341
965
603
248
774
555
490
263
539
166
836
75
174
972
149
456
438
116
191
598
871
294
767
468
668
216
567
17
666
890
76
734
881
558
374
594
461
599
44
313
751
687
57
124
921
233
755
288
571
198
501
515
854
131
744
197
158
163
713
383
721
749
43
473
654
882
617
132
582
894
552
739
263
727
317
26
708
43
983
469
466
101
563
393
966
197
942
725
748
460
486
436
58
668
897
487
977
469
758
146
882
426
63
145
927
489
270
317
41
793
769
388
855
620
245
803
380
159
661
313
397
997
56
596
712
716
741
611
674
458
232
644
181
613
784
134
271
489
177
774
240
187
485
988
972
297
504
462
604
396
98
426
611
573
262
675
523
483
307
227
273
604
223
199
22
834
217
332
637
306
552
146
929
605
17
674
862
301
802
399
98
79
648
652
102
688
310
484
491
603
200
916
994
966
258
717
26
220
932
399
797
474
444
682
503
236
657
874
167
874
127
949
134
904
537
384
822
851
690
965
743
879
180
458
615
560
306
906
826
723
618
69
148
195
681
158
446
475
755
555
38
498
263
872
368
777
415
134
626
724
95
70
814
484
141
1
683
341
286
763
762
661
232
693
57
962
720
746
822
716
674
817
205
479
233
612
133
600
441
160
743
114
909
357
415
739
23
187
371
626
350
289
988
156
872
195
926
196
649
243
776
691
989
537
823
28
851
456
340
437
183
377
734
904
173
540
814
33
588
911
640
95
689
765
502
884
96
95
598
775
539
601
681
867
151
264
621
727
273
533
446
647
190
332
21
273
408
588
865
540
130
9
76
423
76
418
971
46
55
327
749
745
72
677
195
41
866
523
314
999
778
778
58
665
772
379
600
759
149
476
304
323
129
313
718
862
540
150
509
603
166
658
97
136
465
89
762
941
832
336
454
994
811
734
968
489
21
748
781
117
798
695
643
755
90
957
808
158
968
10
196
123
999
249
452
264
108
898
207
914
273
287
139
124
569
317
442
435
730
413
995
305
253
115
970
403
779
506
181
968
953
874
788
778
156
850
486
241
29
638
861
654
441
389
888
558
892
972
278
169
987
359
972
525
715
748
68
565
420
644
528
706
735
240
552
342
443
874
563
18
19
22
952
247
171
877
263
485
410
521
265
476
766
761
213
371
776
782
295
740
717
752
