287
135
662
498
327
46
280
733
699
734
70
816
805
980
177
177
450
316
188
169
26
280
866
797
699
247
584
542
628
119
64
631
173
415
752
321
416
311
9
637
287
905
928
519
90
33
736
1
744
360
487
175
346
987
23
553
785
400
88
247
227
305
757
467
627
906
586
550
378
943
937
136
227
44
567
104
606
894
126
920
246
448
199
959
880
783
199
612
304
867
993
788
479
431
21
332
6
817
163
199
263
247
291
866
509
631
816
883
274
861
553
330
586
571
973
219
359
624
875
412
251
933
373
874
995
559
625
118
636
183
612
675
24
223
73
10
329
108
415
628
472
729
788
269
178
148
639
592
223
694
651
673
954
639
227
94
180
947
245
824
847
11
773
616
186
554
728
673
233
528
451
824
978
782
578
641
272
376
913
606
820
780
104
146
2
371
365
838
13
495
31
751
677
703
623
488
828
746
969
552
419
526
674
273
896
138
730
777
936
667
305
549
830
456
683
190
296
429
172
107
765
10
712
861
809
805
594
433
196
824
575
346
313
705
18
593
635
196
889
486
215
562
349
46
684
270
405
437
190
178
796
484
12
673
485
487
140
52
609
345
312
830
312
337
580
636
516
909
649
36
66
585
354
637
379
723
792
875
357
403
992
817
470
311
662
367
608
713
384
253
324
278
572
550
278
730
274
922
426
731
279
53
533
482
378
307
542
349
357
771
534
821
276
744
506
389
135
806
51
567
824
973
956
442
152
20
611
631
100
805
794
977
835
68
880
872
872
694
777
654
85
797
887
598
182
342
296
474
209
970
335
449
302
94
962
609
243
747
556
660
929
734
2
930
708
209
553
384
85
660
719
832
278
741
52
510
257
963
576
594
624
753
620
527
12
332
90
263
18
707
95
109
445
372
531
452
399
427
851
748
268
247
396
682
963
816
600
699
472
880
28
689
14
517
141
240
279
200
208
98
978
100
583
858
965
983
536
769
561
721
377
543
493
309
532
356
640
492
191
939
77
37
997
215
305
299
163
754
284
44
380
345
254
489
61
948
598
956
217
41
595
992
604
0
979
647
184
735
809
33
800
130
518
335
71
997
939
934
618
498
767
629
89
198
737
425
926
654
470
694
200
776
192
573
54
105
674
698
411
821
698
647
713
229
467
36
415
335
210
94
268
366
339
213
236
241
284
713
878
163
72
845
606
651
382
476
433
147
39
335
877
80
18
174
281
753
791
81
126
230
263
603
698
213
910
128
256
349
793
500
642
470
357
682
510
709
128
771
33
527
930
305
65
998
981
695
281
886
791
828
528
967
184
708
444
277
299
82
244
704
718
646
836
116
140
915
819
178
380
467
278
69
51
795
145
76
962
433
450
982
469
500
2
486
405
482
415
887
623
911
154
664
125
133
96
141
804
925
432
283
84
716
511
998
111
604
998
950
5
418
894
606
195
406
986
180
213
44
675
939
109
370
3
422
859
120
108
332
704
319
167
574
375
66
469
915
275
510
256
811
108
444
954
287
679
634
938
528
464
930
842
820
112
761
820
97
212
603
972
325
421
194
474
664
598
850
244
394
29
205
450
331
884
33
689
347
288
247
990
498
870
34
990
894
910
740
598
412
758
750
302
331
213
882
730
556
101
117
278
428
511
428
278
856
945
185
494
914
85
220
531
484
926
484
10
639
154
794
877
293
785
601
911
759
190
278
243
761
477
374
589
66
677
915
837
147
517
47
732
339
784
243
994
17
204
932
296
54
468
25
106
692
237
572
248
53
844
638
606
910
687
180
329
518
933
250
350
811
297
553
365
481
960
250
835
472
911
124
250
498
712
98
515
259
597
758
460
179
418
489
699
656
366
930
211
379
184
898
264
476
778
265
531
216
138
899
206
228
637
226
63
89
712
752
694
713
958
149
896
955
989
226
48
95
378
211
292
19
961
339
967
52
492
271
792
390
381
999
164
926
65
121
557
148
621
333
931
791
94
715
699
249
115
840
887
90
953
787
15
648
401
534
367
13
808
904
679
142
970
448
699
266
259
401
82
709
663
954
842
551
948
64
960
121
121
66
831
778
682
588
517
441
445
251
686
996
856
667
124
995
305
665
656
407
450
579
160
617
863
523
355
860
40
212
692
648
871
336
386
32
481
160
897
497
126
878
319
985
439
877
933
36
819
894
855
395
564
108
132
512
669
817
906
887
703
805
228
846
796
734
436
992
616
294
367
86
905
822
172
977
86
906
251
767
493
137
473
673
177
532
277
985
538
60
252
883
245
597
184
722
97
783
539
753
801
821
244
722
204
888
33
58
677
654
555
326
210
581
36
263
295
33
465
141
63
301
984
475
127
574
730
235
337
602
69
310
658
101
442
667
863
836
699
213
615
212
223
336
342
39
551
589
269
58
99
470
813
95
774
899
542
353
886
448
73
783
929
901
778
778
277
635
370
170
532
201
933
346
32
874
797
227
511
524
994
567
723
37
608
117
672
217
198
951
897
147
604
608
387
34
881
587
282
420
426
402
108
49
791
582
962
365
366
858
43
909
859
722
593
280
170
601
28
814
94
20
635
614
679
812
430
321
607
292
414
74
905
921
832
716
253
14
831
707
924
277
61
561
981
108
616
613
450
882
189
573
707
897
206
510
681
449
151
852
521
516
532
824
551
459
253
421
865
457
765
603
819
936
332
276
598
49
689
614
67
884
749
484
544
561
725
844
96
120
92
531
213
891
577
384
519
346
170
933
14
722
196
226
395
33
715
99
375
514
906
922
432
473
880
384
300
866
407
949
546
415
552
279
736
374
873
413
731
452
203
191
851
973
102
170
565
682
81
330
721
838
29
318
777
294
686
255
851
102
86
884
555
112
487
934
650
491
241
208
822
701
838
570
86
747
710
561
585
501
676
162
280
586
643
482
37
867
288
487
924
127
889
695
383
993
549
29
89
922
596
318
339
42
780
819
829
884
38
953
382
97
894
936
716
470
493
128
384
532
629
45
512
383
600
973
36
855
159
189
377
241
430
297
894
400
258
708
292
616
28
737
438
12
84
480
284
257
838
216
491
510
189
436
62
4
414
647
46
665
187
723
198
153
823
481
724
36
520
985
568
546
673
779
958
908
667
42
318
93
236
835
10
863
784
42
368
861
222
434
977
692
896
924
321
331
626
75
70
739
226
722
840
268
40
435
678
666
951
579
698
346
470
418
784
735
584
865
331
733
652
576
790
721
94
440
706
564
135
452
424
200
63
164
902
998
68
827
220
388
565
412
911
547
327
629
10
938
434
663
522
692
601
336
437
992
121
608
791
868
690
549
254
908
636
275
590
73
231
804
937
405
193
224
996
141
67
83
540
494
189
367
480
346
943
698
210
23
247
419
930
832
109
957
9
319
285
471
648
673
759
458
682
150
674
507
146
686
233
397
983
508
798
40
65
521
758
182
132
423
298
797
214
238
452
238
231
516
218
783
496
201
540
369
845
900
994
681
503
941
151
302
816
564
684
132
349
906
660
77
801
215
630
642
313
100
586
55
425
35
157
622
199
952
706
435
857
915
148
973
772
831
110
916
415
602
46
16
268
356
176
162
337
909
918
70
283
203
226
310
115
460
529
595
267
327
355
722
578
38
115
511
397
507
177
996
745
746
55
245
207
158
596
883
276
709
642
528
680
650
734
131
395
940
657
716
75
883
634
753
194
454
736
817
319
900
532
795
269
588
312
680
794
963
267
114
608
841
420
521
283
822
933
471
267
388
778
345
577
55
554
124
549
947
881
311
369
681
708
745
198
179
171
907
660
308
350
601
47
543
163
275
138
280
17
320
487
872
643
125
609
503
310
537
516
628
584
147
439
447
923
529
74
818
490
146
896
620
321
121
554
297
682
36
466
516
754
496
205
408
534
779
121
363
554
515
194
893
164
134
806
712
310
367
823
706
489
148
416
952
689
400
22
908
50
247
34
704
312
616
398
648
330
783
429
401
80
390
115
983
240
601
977
791
48
65
529
647
111
644
567
171
320
893
80
821
808
725
864
656
478
341
353
922
3
202
330
452
747
884
763
945
985
931
659
121
136
981
304
111
766
289
198
179
903
751
418
412
749
862
135
727
951
959
636
992
987
659
37
76
210
928
725
583
705
483
74
46
94
984
428
874
732
130
125
310
394
191
452
117
414
311
323
841
40
400
297
894
890
891
442
542
113
517
846
118
871
768
615
147
12
728
649
398
392
87
56
662
645
833
713
910
632
567
774
977
435
936
438
673
464
311
800
299
67
805
841
364
598
685
894
912
596
188
822
660
50
6
296
268
40
682
658
375
115
84
432
525
964
182
958
567
554
663
542
913
659
885
415
883
364
361
710
566
619
913
454
168
650
422
583
402
728
627
102
887
575
35
839
672
442
490
673
876
64
384
396
592
92
500
792
552
999
72
699
278
798
522
942
632
927
249
545
652
409
552
850
323
777
765
554
887
989
589
609
16
247
638
194
975
957
473
338
278
950
104
345
732
442
594
754
971
35
967
754
589
794
421
95
560
161
816
97
597
195
98
654
72
109
486
56
451
270
624
701
675
790
179
32
616
809
134
556
403
617
40
588
248
679
192
0
416
642
779
207
277
932
415
480
376
194
882
472
103
294
855
329
713
24
728
599
554
540
277
846
303
723
40
681
88
650
687
203
525
948
290
874
773
945
957
483
201
928
885
862
187
388
230
270
606
771
910
741
423
160
267
372
676
605
63
481
58
759
484
881
344
232
513
84
225
299
332
545
813
411
728
569
621
336
284
199
679
145
445
824
251
567
921
5
409
88
945
352
579
230
465
745
354
118
396
917
799
180
960
200
192
271
537
561
228
662
884
99
514
663
227
508
664
932
334
756
304
103
356
913
424
694
249
30
337
598
523
160
391
278
122
800
263
24
357
672
254
805
640
81
819
324
493
434
68
111
951
195
985
527
924
312
886
985
427
907
70
118
10
0
828
764
388
698
720
598
14
533
239
47
272
456
972
266
102
918
36
962
40
746
508
252
713
802
841
597
761
348
396
410
777
990
517
446
450
704
443
29
197
849
136
893
167
97
808
631
855
222
710
189
511
539
182
565
29
930
592
902
826
845
787
880
462
842
357
790
277
458
262
107
795
718
621
764
335
556
218
407
922
361
73
424
572
501
689
997
987
111
797
705
59
795
877
975
147
122
627
234
552
109
11
847
51
279
263
988
929
489
884
200
670
115
872
558
80
630
773
597
992
385
557
713
883
5
599
74
545
593
775
421
223
836
268
667
108
303
395
401
684
870
703
405
989
747
380
727
564
934
353
674
783
298
195
58
639
22
883
830
361
478
70
250
641
600
375
633
353
137
130
724
845
8
891
680
84
788
751
502
600
430
286
761
13
819
226
361
881
972
492
252
255
526
615
548
822
74
842
997
984
91
405
932
481
974
201
410
411
716
979
277
756
107
3
349
385
617
598
178
708
151
937
238
70
696
326
532
864
602
339
732
35
704
142
36
930
822
496
115
531
775
994
486
500
880
964
550
666
706
481
435
979
610
762
136
281
12
625
158
687
64
154
48
773
241
716
137
94
552
538
65
757
949
666
625
704
481
760
55
647
922
187
616
997
487
42
812
353
835
575
623
567
603
752
235
873
323
391
380
638
566
332
797
640
481
469
451
204
108
985
235
940
561
565
275
278
262
177
228
402
539
554
428
687
731
855
390
36
781
27
805
75
622
482
813
823
153
52
746
519
774
599
250
0
144
928
713
700
896
725
455
62
568
592
917
705
483
55
257
25
825
919
23
773
617
995
538
820
787
361
59
237
577
6
857
566
689
617
492
846
157
277
617
912
954
438
623
99
144
788
914
191
543
90
638
751
922
312
425
201
483
778
479
651
440
188
448
142
710
191
839
855
650
773
231
97
353
846
925
48
13
888
54
989
186
279
788
91
457
374
901
961
231
776
3
711
295
117
153
472
758
933
828
136
512
592
641
119
609
806
901
251
270
10
949
755
946
607
540
390
76
178
208
136
754
737
620
459
803
19
421
971
445
307
285
167
685
707
409
661
45
76
137
819
209
292
913
28
970
743
870
125
430
178
857
899
685
507
419
1
266
81
948
352
986
173
185
475
754
223
529
54
783
677
3
69
210
548
475
883
944
859
388
593
406
428
296
968
269
173
131
423
209
640
859
580
789
10
900
351
326
468
301
599
468
490
396
898
563
356
296
577
860
792
323
288
296
228
854
654
707
734
783
14
19
763
333
371
550
829
16
495
891
282
102
244
201
182
469
513
914
35
155
734
13
257
205
719
228
212
791
830
455
551
727
226
539
117
937
305
64
513
177
414
181
900
511
765
740
543
582
528
648
72
556
160
313
145
361
30
340
567
572
377
816
0
355
917
763
733
266
94
903
0
311
564
291
601
606
770
407
976
941
221
715
617
39
233
23
816
128
532
929
738
28
558
392
117
465
455
960
547
175
518
198
430
278
240
617
19
262
972
495
753
587
589
876
317
104
64
168
615
95
275
835
298
37
541
676
142
308
791
653
453
337
306
229
397
481
911
563
169
431
868
602
659
120
121
846
146
345
324
648
699
78
295
837
398
131
447
262
668
35
567
704
487
964
414
188
74
211
620
744
358
84
142
202
303
424
734
317
271
835
576
836
57
316
308
629
780
725
712
234
959
989
707
788
405
336
514
722
811
261
222
801
771
250
828
104
800
593
520
486
476
353
744
500
207
494
738
192
700
55
256
108
81
926
626
244
673
92
911
26
766
930
613
297
787
471
52
55
470
671
78
659
254
417
933
710
385
949
980
464
725
30
524
691
27
306
508
455
528
396
153
976
347
200
932
974
617
503
584
600
242
521
829
359
454
94
982
662
915
819
535
810
343
40
223
654
338
567
94
690
426
603
989
180
91
483
46
706
89
439
564
942
157
894
403
981
287
170
117
289
326
704
907
147
631
484
889
424
996
237
445
400
609
650
36
260
988
709
26
670
329
153
351
166
644
513
63
501
47
574
324
598
714
530
596
689
406
614
802
674
467
313
992
120
845
902
473
586
584
551
177
637
683
654
433
659
28
804
706
295
408
672
214
666
914
190
545
549
752
797
419
241
590
190
432
743
371
188
968
548
150
620
775
394
622
870
746
878
71
621
741
8
531
922
144
129
901
977
813
81
703
538
10
313
355
177
167
57
456
478
320
367
147
353
684
120
177
417
873
18
430
86
815
512
748
583
287
592
60
621
829
353
751
889
235
841
730
910
518
12
532
208
269
480
630
963
740
683
886
663
622
184
123
884
235
576
971
485
525
576
550
338
916
231
64
641
330
605
53
120
695
605
785
55
223
608
932
27
401
136
419
613
442
355
600
888
394
998
536
182
88
231
461
364
714
353
341
855
682
944
337
103
401
803
178
689
918
209
844
990
401
525
303
311
244
980
634
364
508
345
829
892
283
1
921
200
340
940
147
499
95
126
611
115
236
427
299
664
118
188
682
188
357
475
985
739
268
400
383
217
359
26
984
782
493
37
223
46
802
485
746
561
528
696
308
970
146
259
453
502
446
355
887
78
387
473
856
683
96
232
111
109
375
827
749
808
603
40
464
723
23
5
978
400
690
83
803
466
685
623
929
700
718
401
910
338
788
144
47
246
557
869
85
921
582
582
650
762
16
948
879
708
476
256
334
191
166
892
41
406
317
150
652
289
962
10
63
706
414
818
877
856
337
361
409
7
203
543
973
712
462
64
991
907
858
625
952
905
332
575
291
329
556
527
709
541
779
214
729
772
373
146
276
223
955
555
669
654
840
668
74
74
825
958
27
508
311
325
546
685
558
66
492
580
148
305
990
562
846
981
279
458
745
497
271
851
863
277
118
680
594
135
118
595
980
129
891
294
558
755
125
992
674
621
38
490
430
653
583
800
184
80
0
290
436
545
339
178
11
9
722
308
9
552
343
301
962
555
841
205
370
496
567
327
533
438
933
2
869
399
520
723
46
687
297
338
986
43
878
934
205
114
357
941
633
636
39
679
500
133
5
139
634
536
257
462
343
150
881
39
126
893
258
802
674
91
808
821
460
227
181
325
870
972
697
434
168
409
729
699
323
898
650
738
505
682
662
322
835
836
188
608
325
12
911
807
309
52
965
122
809
465
40
682
66
179
103
623
863
207
424
119
668
836
150
456
619
944
987
970
343
660
353
797
459
293
169
575
679
721
31
831
712
196
324
465
741
750
791
770
111
174
198
65
360
195
64
62
625
645
343
356
176
963
799
447
540
207
133
809
926
919
756
396
618
366
142
565
214
896
944
231
456
381
782
438
328
124
736
386
347
451
554
65
136
471
324
422
877
996
483
735
930
471
857
200
596
783
256
612
283
567
40
525
368
52
490
34
853
695
517
546
282
233
578
325
418
629
604
608
465
319
442
887
90
709
456
390
563
666
373
511
822
607
24
278
249
904
941
540
866
844
567
54
231
84
603
913
276
842
313
114
686
108
525
608
725
986
944
987
338
594
103
222
543
137
962
853
605
150
154
378
245
685
514
93
295
756
695
695
650
958
778
336
979
856
537
424
881
260
132
609
482
439
965
212
987
616
227
460
67
407
407
108
491
480
378
881
313
665
412
343
116
139
110
616
805
56
999
483
805
213
948
450
863
897
887
892
561
765
325
877
690
880
231
897
382
906
712
276
38
325
921
650
484
713
826
986
322
385
894
702
752
454
554
828
558
151
477
186
384
115
560
600
109
265
518
435
515
250
707
63
382
476
285
135
612
13
803
89
25
751
162
885
296
664
820
979
160
317
476
870
710
915
56
966
392
680
83
796
772
268
296
574
254
59
39
257
994
519
545
716
689
8
368
386
90
125
598
718
928
944
812
29
63
180
20
774
726
661
360
872
133
556
933
298
471
142
419
624
612
469
432
439
23
420
667
269
945
192
77
905
174
971
405
498
846
66
536
685
280
556
549
497
505
125
743
31
776
837
626
281
404
536
135
518
342
35
935
706
970
207
650
794
475
601
657
344
514
904
604
715
122
289
16
7
732
585
234
999
524
477
364
402
659
437
612
525
964
64
339
148
232
307
179
891
982
941
324
667
650
896
266
361
368
520
337
159
740
753
734
227
594
809
12
148
870
381
911
121
775
364
966
818
24
437
311
326
562
867
511
590
298
850
484
765
163
360
557
266
202
444
207
762
609
662
109
19
105
704
964
708
194
40
961
253
5
263
881
300
810
183
593
353
467
482
945
967
373
61
892
405
501
364
746
211
534
357
229
593
822
160
327
557
269
397
641
682
788
448
406
707
396
948
873
25
165
96
227
840
162
872
741
978
343
163
263
522
481
718
464
576
45
728
358
771
750
576
357
652
193
693
236
901
930
402
844
902
120
418
21
372
242
898
550
705
475
632
509
580
212
716
721
375
558
383
990
432
675
662
525
173
718
926
737
139
924
171
868
195
361
709
347
950
214
7
478
356
389
888
832
490
331
877
787
401
206
619
593
665
670
507
981
78
966
969
408
686
964
96
549
23
561
643
941
978
793
992
548
927
934
183
182
80
147
872
270
11
569
640
615
981
343
845
901
606
379
306
345
206
719
310
69
162
746
525
498
488
713
448
954
271
160
900
299
276
438
642
217
322
393
68
741
968
851
555
747
438
939
568
983
121
456
379
939
396
362
719
163
623
336
4
968
930
257
358
422
787
415
564
425
804
521
30
363
200
717
124
885
771
24
545
247
432
637
75
110
407
937
319
684
543
700
648
756
912
211
475
36
102
659
56
991
364
183
33
453
555
952
596
267
320
823
447
454
49
505
366
356
86
565
783
683
455
367
956
184
272
57
528
730
996
904
160
941
507
34
242
554
894
684
627
603
228
540
813
855
810
486
220
891
712
516
597
990
310
98
582
59
206
907
860
666
952
780
892
125
121
281
299
78
359
889
524
986
162
905
363
108
352
843
380
13
660
33
334
786
730
227
323
492
28
972
815
627
316
571
467
707
275
568
228
223
536
177
871
409
288
113
260
78
851
723
98
451
462
393
0
134
26
777
125
299
619
168
762
192
891
922
844
863
753
65
495
197
231
661
806
3
904
745
849
13
769
796
516
360
81
432
665
401
212
871
469
886
279
720
746
746
598
125
137
949
551
497
29
997
307
453
875
601
936
954
196
995
384
604
724
121
313
264
213
768
231
975
509
542
713
564
907
72
206
901
327
237
595
20
855
120
53
282
609
983
138
374
414
797
434
781
680
912
664
311
555
397
811
116
458
974
743
467
720
531
509
459
211
329
826
243
892
184
364
198
23
271
523
454
135
339
324
994
936
537
914
190
386
103
858
468
472
39
616
455
152
112
755
759
41
235
74
577
247
65
986
549
937
120
280
26
611
192
579
52
709
567
197
546
167
955
249
984
557
849
800
560
742
522
696
22
566
876
154
110
574
805
41
276
327
113
100
62
741
690
189
934
815
942
865
984
702
220
536
330
219
537
645
438
814
851
850
378
860
992
443
582
212
592
469
191
273
536
640
519
359
282
921
349
115
183
160
592
629
275
613
522
213
408
129
226
607
206
409
207
353
160
149
655
772
137
628
644
543
242
179
456
218
891
855
520
128
72
599
868
2
577
205
282
385
861
263
840
348
521
705
153
603
330
473
172
265
577
610
131
87
835
937
287
336
928
536
576
427
520
352
387
83
975
313
561
369
416
33
3
517
43
755
473
524
176
97
119
618
451
991
98
653
660
791
160
418
937
268
45
822
521
633
412
343
112
654
721
119
658
682
802
913
77
563
989
322
421
576
814
102
772
294
155
269
403
521
705
608
523
758
744
940
399
602
678
63
231
304
490
284
475
630
604
507
754
674
177
539
752
153
155
874
623
147
260
105
689
989
921
864
696
257
94
723
224
635
588
489
940
207
720
792
563
721
302
892
930
53
410
497
463
654
234
855
678
320
38
145
499
802
965
664
513
91
612
30
830
982
220
58
945
807
430
640
125
151
643
648
654
172
976
130
337
332
601
432
590
369
518
697
444
486
953
616
849
707
76
565
119
530
378
774
732
508
372
965
342
982
30
251
148
519
790
582
985
449
744
999
10
146
958
704
391
840
43
332
26
300
989
776
111
976
825
627
525
441
556
434
368
422
346
399
951
992
194
58
531
722
331
584
345
22
816
235
355
283
613
447
495
264
77
780
57
769
946
247
636
265
190
570
841
180
822
189
65
922
698
414
580
177
341
918
505
133
608
734
647
742
21
631
265
19
257
702
237
927
872
974
188
826
399
218
819
263
606
900
77
178
339
771
219
263
646
356
686
980
715
418
504
64
510
826
943
226
191
944
921
536
718
931
697
262
974
752
129
443
893
638
239
615
405
15
299
104
662
173
683
293
494
712
89
970
357
190
365
615
953
270
587
249
113
978
217
212
96
194
827
791
89
321
0
568
407
526
659
726
704
20
699
97
78
576
970
982
658
125
445
320
588
276
375
795
214
336
925
278
937
460
6
731
922
820
840
524
185
116
573
107
796
243
855
996
464
368
458
989
657
26
479
482
506
242
586
989
475
589
907
118
634
818
222
948
928
872
876
934
90
990
780
511
718
980
536
580
544
865
32
119
926
497
87
247
702
685
133
142
639
684
540
442
256
983
752
146
330
70
324
691
740
673
37
566
942
853
850
338
435
843
960
178
388
626
633
348
458
452
815
348
772
93
139
17
771
777
647
207
271
503
705
551
134
837
604
18
714
904
343
897
762
782
588
731
18
662
47
707
626
794
224
177
10
216
54
853
155
238
828
660
790
161
177
477
77
669
395
675
341
332
909
6
10
643
414
905
393
647
359
907
440
359
670
258
142
905
301
484
639
308
96
561
377
314
206
509
541
603
302
269
319
281
512
119
380
17
822
350
372
705
426
405
561
508
352
982
339
677
92
710
784
965
183
158
596
20
172
469
169
237
608
603
270
151
260
331
505
7
686
933
300
255
407
576
553
637
295
564
438
185
598
393
921
220
647
468
937
22
361
3
938
973
844
365
478
336
539
414
791
769
401
545
208
909
939
171
173
356
968
47
48
497
478
502
819
806
634
147
154
787
513
339
484
198
944
8
695
100
892
531
220
755
363
994
206
543
767
626
961
755
289
228
32
599
502
86
424
320
33
304
213
278
637
101
408
102
230
330
628
580
357
533
742
880
561
390
832
699
427
815
740
777
213
136
23
520
372
842
682
86
55
792
493
329
183
169
38
454
138
132
657
950
570
234
683
958
339
673
792
502
588
253
617
998
778
991
851
926
695
251
362
210
237
1
120
963
56
456
871
1
584
243
329
440
530
761
55
153
8
632
144
989
48
126
462
91
343
525
521
246
437
440
859
966
834
763
98
188
299
804
922
710
951
508
923
744
203
584
322
693
476
935
607
269
366
855
100
336
551
757
167
198
798
161
528
612
440
42
19
269
560
297
382
912
4
856
657
556
830
990
925
403
592
373
16
903
437
125
778
260
213
324
207
736
707
43
712
330
179
215
269
581
206
61
914
115
592
948
193
241
16
260
645
556
901
187
302
305
101
963
340
788
538
712
718
551
207
753
345
182
983
507
862
185
390
422
253
692
977
767
55
449
958
928
316
964
673
659
844
328
785
273
104
242
119
890
112
43
972
533
409
698
861
144
510
372
902
442
550
963
930
330
104
206
695
709
792
865
867
769
712
336
549
358
874
219
432
119
995
971
390
191
912
184
774
522
915
441
728
528
298
209
705
463
787
843
723
471
275
716
59
140
423
840
23
348
577
452
223
366
367
596
710
188
721
468
693
1
85
924
187
98
533
826
945
487
707
299
998
119
407
781
755
707
956
186
13
355
901
604
500
716
474
319
796
915
567
596
360
519
788
855
587
503
645
495
900
668
828
87
989
20
888
462
424
901
186
400
347
972
15
703
941
30
156
457
645
964
45
654
834
243
439
152
325
47
622
810
173
184
566
140
264
125
878
854
526
778
104
428
31
225
893
603
460
546
220
948
846
699
656
965
179
126
574
487
55
359
965
900
211
867
624
505
497
108
483
207
253
562
212
633
493
553
806
405
824
150
409
851
295
250
567
453
698
152
933
684
554
1
302
77
129
115
384
435
188
547
935
951
536
301
106
277
265
182
862
114
183
14
586
114
373
950
414
87
904
807
544
986
199
926
718
471
40
68
746
782
511
720
184
437
742
856
618
556
355
595
317
990
447
601
120
142
877
86
201
834
900
59
153
364
589
756
697
549
102
896
994
670
336
688
155
980
53
41
577
856
959
691
699
696
933
570
406
657
195
125
927
15
998
123
744
306
277
169
57
409
926
806
123
14
49
744
32
892
196
839
858
309
12
256
801
363
320
99
575
223
101
314
61
218
649
102
126
523
331
510
598
977
678
780
497
496
92
137
923
875
759
689
201
761
651
336
822
163
34
41
411
336
145
532
253
368
378
860
541
736
719
389
53
28
891
185
107
716
273
946
645
245
735
441
754
898
14
472
882
74
702
626
706
754
325
572
910
944
309
647
740
800
246
432
532
100
63
731
902
49
974
556
802
815
407
412
971
16
850
741
683
703
549
368
320
566
681
904
341
320
948
855
444
393
246
690
374
659
661
548
953
833
450
517
739
337
208
919
126
63
662
9
737
170
426
763
385
144
14
889
841
418
41
698
313
592
998
357
655
911
433
613
890
818
436
108
367
234
481
979
177
199
137
958
427
342
700
260
741
424
294
205
299
359
171
304
217
336
152
629
870
620
472
208
114
180
832
262
538
129
521
909
837
637
871
275
536
777
428
755
83
558
180
86
364
459
475
525
143
207
65
363
954
199
491
6
217
30
439
369
944
585
855
427
322
302
138
711
979
767
261
823
146
808
0
125
711
649
570
38
446
104
560
231
173
475
81
608
685
243
486
607
910
505
672
16
708
858
327
201
94
853
909
450
940
797
755
836
411
843
227
166
647
793
509
935
931
133
651
713
814
731
602
144
958
429
541
413
780
839
67
566
808
506
296
104
909
438
214
517
661
183
871
797
830
670
40
286
263
484
929
949
640
377
712
260
721
311
667
890
406
46
61
305
450
909
432
835
760
884
833
792
749
726
301
175
504
530
366
901
800
401
829
637
470
896
180
124
859
245
18
607
529
729
943
452
880
574
411
742
448
600
521
720
603
95
664
192
543
900
429
344
621
482
141
861
413
344
98
71
40
640
599
984
701
213
632
418
793
299
284
135
76
760
127
318
559
470
941
108
736
289
9
777
248
352
980
57
322
598
995
273
31
668
517
507
265
85
797
560
615
765
851
922
958
435
876
531
187
586
53
959
119
774
721
169
812
423
875
948
824
652
437
676
898
12
26
171
414
868
342
361
97
695
660
849
853
804
40
336
941
58
354
140
187
361
36
345
561
888
919
347
65
998
355
284
144
527
787
405
142
610
297
490
313
203
42
402
114
641
538
670
756
914
538
877
479
112
676
746
348
312
143
929
95
567
359
620
940
875
768
472
759
864
812
950
61
792
822
830
732
246
39
49
405
225
436
532
704
842
48
331
249
103
519
601
333
346
776
661
986
997
343
724
384
652
336
389
96
415
794
405
264
275
771
470
263
875
832
412
68
435
529
441
940
803
902
574
87
568
276
1
436
413
474
543
825
431
85
899
39
448
577
877
64
572
46
629
9
291
395
878
776
534
387
206
454
258
23
573
216
860
308
31
435
101
826
586
401
729
731
102
100
741
904
216
330
74
919
516
181
284
726
94
283
109
275
326
577
753
693
936
392
479
470
507
958
89
754
741
550
292
623
683
837
870
474
303
825
834
529
738
778
522
99
643
220
144
181
361
57
237
554
655
710
198
101
502
353
669
366
647
259
827
169
319
202
575
483
389
946
201
162
749
946
939
739
806
525
857
471
824
388
568
931
223
44
522
143
108
222
290
965
101
416
183
482
230
250
357
675
850
238
607
401
213
387
993
374
661
915
253
393
517
755
336
396
800
91
976
921
666
683
355
250
616
736
83
858
325
876
464
262
617
170
907
75
620
848
289
299
991
58
957
99
464
851
293
325
25
631
577
90
325
498
75
185
944
230
444
731
421
484
201
6
619
900
508
502
287
859
704
16
999
715
347
293
617
281
821
405
660
257
755
477
821
466
700
970
372
629
77
247
549
457
957
193
569
17
269
703
822
664
386
790
415
114
321
157
313
870
659
327
402
339
700
570
37
52
4
905
378
412
51
830
744
548
895
919
895
972
557
410
851
280
741
791
999
649
349
917
254
147
621
419
514
651
623
437
533
190
520
359
131
700
572
280
940
296
867
491
212
992
978
618
682
61
501
337
9
273
639
3
358
876
283
493
115
194
320
356
874
62
813
207
953
442
118
287
188
422
383
549
912
222
838
932
392
319
187
172
207
898
529
45
999
329
587
39
130
203
121
384
915
110
101
193
629
110
534
50
229
422
842
895
813
595
805
282
222
571
498
712
118
384
517
840
254
322
267
301
363
860
297
466
160
895
370
826
656
107
415
800
260
385
509
98
345
215
768
740
577
674
152
206
512
170
942
146
606
22
606
325
740
860
431
578
210
80
257
898
850
741
725
769
768
442
686
766
592
950
108
117
691
219
388
851
39
399
400
318
478
28
320
528
293
913
651
304
353
378
549
464
493
473
568
969
508
526
576
349
455
279
394
760
915
810
581
599
309
624
524
459
996
772
703
639
312
340
209
943
988
784
704
832
522
810
596
989
903
52
745
498
247
380
628
246
332
443
344
945
32
503
557
872
902
112
324
321
724
944
498
197
712
505
499
214
259
300
24
99
600
759
412
231
950
612
712
199
564
474
520
9
686
917
408
593
92
857
284
296
773
762
141
318
730
670
51
835
402
824
761
214
594
573
501
641
647
681
917
256
867
880
952
93
82
420
80
10
8
596
891
72
862
363
627
413
280
962
754
243
428
285
534
56
57
216
716
814
62
114
932
128
72
668
989
357
934
904
287
706
154
631
38
36
987
999
629
740
315
650
147
230
831
319
895
795
389
498
151
822
346
943
387
532
758
698
880
803
428
139
919
672
872
108
9
359
273
553
279
662
383
271
553
471
887
583
448
97
824
675
636
286
774
857
234
751
690
723
566
93
482
885
703
486
995
823
180
199
569
826
251
208
886
260
219
701
669
991
921
635
5
68
295
903
111
478
883
850
579
698
510
829
169
746
863
258
812
812
373
263
522
445
968
662
163
430
37
830
711
389
308
54
168
2
841
941
660
871
644
354
941
125
467
891
125
906
510
291
724
511
129
260
71
956
498
990
149
341
77
328
838
163
815
298
725
384
690
63
46
553
932
759
217
262
171
173
922
133
359
857
121
497
416
169
972
68
459
728
93
171
63
119
652
269
248
436
687
744
756
424
953
616
456
175
242
527
399
880
163
154
154
602
466
61
387
592
856
327
221
30
513
697
321
187
711
692
749
945
69
446
197
525
28
8
706
692
99
861
484
583
825
163
163
837
156
256
458
275
456
881
706
503
333
314
622
63
163
62
580
64
242
187
848
77
885
586
778
745
355
141
649
229
759
718
623
220
291
766
329
974
421
297
789
794
894
72
959
110
384
894
748
231
99
206
433
616
641
881
663
405
551
244
703
751
502
675
336
959
99
579
995
412
380
792
211
471
577
758
405
253
787
588
809
924
420
976
849
989
268
233
456
362
852
289
541
829
964
516
710
917
532
703
425
593
455
372
618
793
571
211
185
696
501
644
793
643
17
562
443
844
836
720
292
366
108
696
189
703
997
230
825
954
777
169
768
81
443
269
699
934
946
127
482
714
960
782
712
711
65
872
14
674
322
432
424
926
589
963
232
847
922
965
574
645
270
13
525
585
863
687
38
705
126
282
331
761
927
741
103
38
257
895
283
194
432
46
192
963
640
163
454
364
250
8
53
421
233
328
218
383
950
298
476
844
484
247
278
103
171
108
194
292
126
30
396
219
939
482
638
387
595
497
678
598
482
496
931
731
154
344
407
880
959
286
432
101
167
660
191
1
782
162
892
882
973
160
356
620
979
680
801
503
995
858
370
326
890
266
872
681
236
521
776
176
168
240
480
452
702
181
342
265
453
629
717
30
820
749
934
202
355
454
649
546
0
958
132
453
585
751
851
484
439
976
435
411
256
833
104
443
139
434
976
396
592
683
502
810
191
107
713
826
117
7
456
0
278
275
743
43
917
838
444
98
338
940
395
311
637
194
282
990
395
225
661
255
448
761
981
191
671
364
488
525
590
90
278
316
59
91
547
265
675
425
344
61
666
961
319
665
619
695
363
625
921
264
653
772
43
274
492
487
126
839
805
202
900
585
262
760
802
685
332
659
308
982
601
579
207
623
116
915
264
476
41
356
471
979
563
396
401
534
108
554
906
353
666
61
66
935
353
833
97
429
817
355
44
354
84
523
146
894
835
106
560
797
378
291
36
324
184
484
373
862
85
987
847
854
15
700
395
413
662
28
519
519
110
726
782
63
855
534
518
564
461
507
841
587
929
187
52
283
192
593
368
114
324
503
25
783
989
174
306
120
809
688
359
576
387
329
785
289
389
738
881
753
724
677
564
848
56
680
374
61
108
344
297
804
210
87
209
372
383
969
241
496
657
866
687
526
307
393
581
862
998
841
814
31
286
628
624
719
727
966
587
444
927
650
948
197
190
342
769
780
409
434
687
742
4
742
994
996
229
826
167
483
98
419
758
802
475
600
824
72
861
703
253
815
610
123
221
269
295
109
264
271
627
199
777
979
914
885
253
453
272
70
267
177
869
476
407
899
310
258
498
374
791
198
701
815
936
956
99
140
621
78
714
606
569
149
731
358
237
407
300
687
18
968
6
710
842
565
880
7
268
657
670
911
576
721
976
172
379
866
420
921
813
265
937
611
843
191
86
364
373
884
525
474
747
997
590
798
954
312
148
277
680
672
205
641
468
550
203
327
826
629
116
930
223
730
743
95
421
913
682
10
417
361
646
62
624
374
105
568
721
477
94
852
353
876
427
351
716
303
916
597
513
78
981
699
474
789
56
351
570
528
616
680
13
510
577
480
990
312
879
681
184
369
760
698
28
184
806
455
260
539
615
635
366
996
66
922
558
846
855
177
989
198
492
431
872
476
143
899
273
178
395
878
371
819
7
969
126
229
976
436
149
781
91
15
26
832
343
67
458
928
211
349
537
765
814
384
888
918
504
768
35
710
869
642
289
892
732
59
973
976
998
430
906
361
869
98
434
426
627
649
665
381
643
10
408
25
999
635
879
878
417
612
520
404
976
95
904
95
645
764
318
823
989
34
973
983
58
616
917
307
518
204
221
614
249
474
482
231
8
401
326
529
472
346
433
218
138
800
23
760
928
708
125
941
840
762
911
593
512
261
191
112
369
531
98
670
135
186
862
279
63
879
689
27
143
91
926
224
170
388
73
855
186
565
385
462
249
698
621
111
950
34
125
534
119
763
804
402
36
197
388
430
103
199
977
268
744
931
427
905
39
730
378
847
517
308
754
717
891
141
40
944
201
313
680
854
445
434
819
801
902
289
11
856
502
822
221
666
827
871
976
712
312
788
283
360
311
412
959
221
774
558
699
269
395
398
506
796
213
442
278
384
419
207
478
253
498
263
98
543
34
901
902
271
965
892
810
612
531
808
679
528
867
112
812
868
94
199
740
602
107
412
317
87
516
600
451
973
879
6
880
495
147
863
555
127
182
329
49
381
112
325
231
215
297
22
304
371
47
936
901
437
349
707
142
155
9
351
664
92
746
149
280
380
165
937
473
633
937
847
588
438
208
237
304
327
153
860
114
608
784
991
473
999
543
192
869
741
249
39
909
186
492
388
857
365
817
886
114
66
257
268
216
600
278
880
255
615
914
521
430
320
406
732
619
508
620
238
538
133
616
364
224
909
29
559
858
117
523
655
924
551
653
921
627
94
207
222
52
661
47
525
426
475
364
966
205
521
283
810
294
390
300
311
945
607
549
753
372
472
598
135
724
87
569
980
18
218
511
429
748
249
677
996
928
409
272
538
482
476
620
209
209
856
460
913
565
259
637
151
60
841
222
719
737
506
286
607
314
756
358
59
804
103
556
326
398
460
531
809
974
968
763
837
104
488
518
601
239
67
935
596
263
951
819
376
28
378
815
159
467
329
135
722
333
85
707
805
295
492
606
325
267
168
61
135
902
241
552
303
967
8
333
249
809
76
305
572
243
970
494
893
306
462
370
783
617
659
529
216
951
852
52
830
260
387
346
10
763
484
721
973
587
52
435
418
580
582
947
592
424
557
23
739
307
485
550
563
415
357
70
524
218
72
930
809
56
769
163
638
137
170
593
589
241
733
124
421
106
743
945
395
469
867
176
414
697
588
955
483
801
931
734
983
793
909
590
145
502
965
490
774
222
714
741
192
369
704
760
152
702
506
278
336
980
103
37
558
336
812
101
586
949
417
994
227
575
613
925
51
910
227
37
459
166
472
421
493
811
842
361
209
643
185
52
775
248
960
620
653
880
187
313
814
642
462
672
398
943
176
986
550
369
636
592
800
884
585
194
635
232
529
74
733
62
298
713
874
130
791
87
934
842
914
534
574
412
791
396
333
724
567
926
380
46
56
327
90
142
842
755
451
551
977
852
733
128
320
113
577
274
900
582
958
292
608
678
497
671
674
589
868
603
816
573
97
968
708
192
294
936
570
644
878
908
543
298
501
532
646
118
667
438
792
47
385
339
125
1
40
445
823
448
170
851
417
194
830
835
981
182
364
211
524
35
277
909
42
530
855
500
951
175
396
983
63
461
316
844
334
435
375
274
86
621
395
389
434
27
534
791
83
986
433
435
576
217
265
826
365
397
289
882
293
384
905
205
131
218
173
87
444
632
329
63
23
549
670
196
656
296
584
271
625
140
325
100
222
815
980
247
194
914
196
958
207
84
922
706
430
320
648
903
608
187
324
739
426
588
40
515
648
106
691
943
359
268
146
878
892
100
49
526
82
523
572
626
171
320
620
480
455
375
304
341
45
73
244
846
408
862
325
65
852
623
842
682
463
232
531
933
858
410
10
644
129
292
493
129
236
983
577
133
694
0
301
467
667
640
558
203
889
473
742
984
730
102
812
84
210
77
886
17
901
232
611
19
940
667
949
669
483
975
385
81
209
743
711
984
22
82
57
385
466
373
885
284
353
835
302
913
438
445
957
206
308
686
816
678
635
41
469
172
277
374
937
539
503
858
861
344
921
545
0
205
403
229
218
831
608
877
812
991
989
929
61
156
88
474
813
572
922
468
222
568
364
912
939
511
36
528
884
52
94
740
634
616
939
522
59
389
740
425
891
173
122
790
929
71
999
517
349
571
789
269
972
167
438
586
972
891
851
250
646
960
804
902
242
303
924
731
72
815
331
206
125
522
923
343
63
970
813
972
619
41
9
787
227
428
805
91
356
94
791
703
467
569
1
751
929
640
2
818
806
545
401
451
975
31
680
128
557
800
422
763
18
923
605
783
896
925
233
243
357
236
751
405
51
987
714
37
507
516
554
351
749
127
534
691
745
877
418
37
582
532
914
557
802
711
609
598
991
776
172
465
455
49
578
722
157
637
327
865
405
670
159
715
934
6
965
594
170
0
683
260
656
703
205
104
308
884
947
616
647
877
433
776
567
403
450
823
77
247
73
838
933
971
330
826
514
691
523
729
207
205
930
465
569
587
940
206
158
623
145
408
944
367
279
924
133
810
898
789
872
499
913
992
737
274
603
105
908
73
78
875
143
220
385
367
567
491
6
778
996
505
450
40
135
947
467
765
911
266
587
907
823
841
189
122
186
521
580
773
345
880
729
377
382
569
986
229
49
616
466
482
189
390
323
282
355
922
611
248
291
859
588
764
694
540
119
888
31
416
483
883
470
637
828
818
813
492
510
537
648
877
458
426
180
180
868
761
301
739
462
419
352
765
337
390
341
522
151
269
232
355
459
604
254
145
577
383
980
435
653
37
703
7
941
621
465
636
383
822
913
108
840
30
847
711
914
477
576
65
278
665
961
365
501
426
566
205
398
382
463
400
893
782
476
293
508
134
795
304
533
196
708
324
147
828
459
564
739
494
724
608
137
869
287
553
521
591
301
831
409
655
394
526
54
849
11
169
897
354
588
308
582
171
166
777
348
822
981
900
456
910
700
949
716
901
937
512
958
313
492
436
963
594
593
545
694
778
332
245
753
498
679
595
121
913
0
395
82
700
347
635
440
24
690
295
752
428
314
539
462
361
930
485
657
810
949
521
389
101
73
21
957
596
917
867
380
464
879
378
520
777
790
966
552
235
57
988
575
708
414
33
145
345
916
302
842
967
953
6
752
918
40
811
618
157
487
566
326
875
661
51
183
842
952
494
898
543
613
569
925
213
789
402
250
802
826
469
760
658
603
172
884
998
218
800
712
684
226
807
883
598
603
644
250
47
448
823
393
862
56
580
302
278
137
680
166
927
137
649
531
282
877
215
409
425
505
815
330
868
689
590
264
274
677
59
368
106
989
728
597
473
911
609
524
968
322
287
502
679
787
503
560
377
428
898
485
367
358
457
608
380
977
530
482
849
189
535
404
384
723
972
152
151
395
32
387
685
705
392
411
352
453
205
928
396
975
607
765
891
941
588
420
823
329
902
308
437
19
370
335
661
202
109
278
524
34
717
906
483
157
389
170
119
616
426
991
460
73
195
725
568
126
685
729
821
249
63
475
941
957
787
883
725
616
256
572
229
854
369
493
743
834
231
946
788
101
456
593
782
196
960
794
839
109
267
124
11
550
633
866
103
619
276
608
953
986
399
431
981
349
12
27
235
792
665
205
0
945
375
731
506
824
817
171
346
922
100
230
562
367
593
997
136
362
383
990
105
13
798
672
227
423
627
906
388
387
132
13
486
394
921
867
388
188
963
570
616
101
971
861
756
747
624
244
567
71
822
87
50
136
615
541
522
282
141
965
314
850
29
626
478
927
418
606
7
826
225
89
693
595
247
295
70
83
650
579
682
12
82
86
751
779
765
368
707
380
704
432
840
832
990
829
175
94
660
481
870
488
51
736
595
70
783
16
380
647
32
612
319
188
131
600
385
432
253
740
168
54
840
91
205
62
747
728
562
476
312
37
828
290
621
980
805
344
948
456
441
815
445
699
905
742
836
456
434
238
133
241
715
808
51
437
802
141
23
816
203
640
71
945
802
415
397
586
451
373
984
856
721
211
175
274
353
513
886
339
265
572
822
700
919
582
407
734
901
875
880
794
333
715
133
114
505
373
510
162
846
19
314
667
5
750
917
405
474
914
95
94
20
808
305
234
749
278
123
543
738
564
734
891
277
559
304
752
184
414
926
549
608
3
670
875
773
840
0
338
617
203
194
703
355
790
516
496
218
119
306
166
153
800
404
594
391
217
717
544
890
172
495
345
421
683
201
343
194
373
269
639
268
138
91
913
157
127
191
566
260
728
151
896
0
99
405
449
295
566
289
963
842
802
712
468
347
184
348
331
502
799
250
927
166
675
36
268
754
514
536
251
816
274
723
32
349
814
102
674
198
359
123
965
189
12
687
856
861
381
704
245
831
639
259
760
793
839
166
996
859
318
502
530
250
81
145
849
690
26
846
308
643
806
643
641
345
600
943
508
682
320
188
802
865
125
984
995
432
395
542
949
954
779
424
494
623
984
953
842
94
889
859
251
581
470
337
456
787
61
144
855
308
470
429
289
496
308
568
716
368
621
203
64
179
774
260
88
395
389
690
805
261
571
728
2
335
741
147
141
363
87
722
844
328
818
293
288
709
983
172
23
155
257
486
386
581
874
243
720
105
838
501
7
653
107
401
646
116
64
617
922
81
385
313
672
542
323
274
243
471
683
585
254
929
408
284
110
90
216
891
568
679
888
272
197
196
148
593
426
55
957
368
561
597
205
332
469
704
876
794
549
54
580
104
977
875
704
47
211
63
820
688
991
985
245
619
334
180
611
337
386
713
130
188
362
65
773
473
889
857
151
97
509
629
344
831
979
781
247
311
578
61
499
788
769
819
78
437
997
784
55
953
543
377
305
791
441
722
985
871
603
2
160
228
678
583
716
102
358
520
374
836
300
743
445
686
368
452
652
227
448
730
222
764
144
8
547
754
548
245
639
389
935
535
583
171
857
674
834
869
766
540
784
687
21
739
874
726
786
819
359
832
177
750
192
712
874
410
475
472
685
86
443
165
904
685
856
500
302
725
112
339
859
761
721
539
844
478
707
767
345
274
465
774
471
637
487
266
19
721
462
95
964
273
883
174
877
220
718
834
887
765
270
247
303
941
927
496
921
659
245
339
432
7
113
269
181
437
127
420
422
860
916
496
410
989
685
758
92
973
10
855
554
985
317
849
65
626
138
690
129
65
294
117
86
823
694
838
489
650
391
287
235
522
527
114
954
19
970
598
529
157
410
399
188
922
475
366
51
220
686
704
661
117
57
904
883
185
47
433
692
333
433
102
546
556
286
8
820
352
894
276
49
448
987
564
67
87
18
686
787
856
715
142
606
20
34
182
723
169
6
687
917
473
721
145
109
325
402
111
422
828
460
522
692
301
6
957
408
689
304
79
802
644
328
46
0
250
652
645
526
686
312
934
302
936
128
439
923
410
110
631
466
98
239
264
14
817
244
663
128
68
662
40
430
94
428
818
583
193
117
6
67
676
68
21
132
937
219
43
120
361
148
273
492
887
858
952
440
292
338
972
197
867
904
162
286
186
243
431
52
970
383
206
521
253
288
176
893
112
704
181
826
979
218
827
683
5
226
704
260
154
69
21
445
530
74
195
747
613
596
152
997
185
5
212
5
532
7
840
532
77
332
789
925
825
286
235
567
653
288
643
511
658
91
238
558
711
204
421
200
49
480
17
985
284
60
886
627
162
213
41
883
661
628
622
931
769
50
905
824
744
594
498
449
930
347
825
215
86
786
324
246
10
3
607
682
683
296
825
424
998
291
702
397
361
523
673
730
587
517
397
641
151
171
944
896
535
657
367
277
889
420
776
533
103
683
995
257
63
877
743
871
719
212
58
475
658
181
30
362
444
810
398
77
708
101
967
149
135
52
861
212
136
205
414
358
491
72
787
364
435
867
759
840
600
565
434
359
657
61
154
354
919
380
361
175
915
169
862
781
531
840
215
949
683
857
385
515
464
540
185
608
282
722
78
294
736
707
105
922
819
59
906
274
518
793
784
305
143
390
854
719
760
268
312
654
750
822
298
758
730
558
181
360
119
596
938
678
471
15
800
159
996
92
961
441
868
725
787
208
105
443
368
604
115
881
929
159
67
679
783
422
221
314
903
372
693
255
966
406
401
682
273
296
640
105
101
730
375
406
384
207
947
577
667
131
291
903
442
717
801
730
450
676
835
826
361
57
33
400
982
172
645
943
95
840
274
473
601
381
94
700
305
148
81
468
35
650
230
937
756
947
72
118
99
186
521
26
880
575
400
28
649
756
235
916
690
721
923
4
10
852
707
935
847
579
368
923
31
342
119
832
505
468
543
633
47
247
456
491
947
48
405
400
505
890
561
979
280
617
737
884
750
204
345
390
195
172
464
154
130
886
101
687
941
891
239
140
641
900
458
765
595
332
36
116
524
855
653
371
907
399
645
852
107
192
857
277
107
773
913
555
850
723
413
345
440
883
197
676
791
924
210
408
491
936
119
980
589
555
451
826
584
230
606
57
797
503
748
387
231
117
202
223
930
732
861
757
616
959
566
944
353
717
238
420
945
877
634
856
335
12
556
745
102
880
296
483
308
80
603
858
810
595
740
557
338
566
589
747
487
233
498
681
791
781
987
118
200
770
138
328
935
710
846
695
178
307
212
633
506
403
637
708
780
553
16
244
716
556
544
799
512
416
212
277
86
58
723
435
312
959
844
397
505
428
643
445
121
648
516
362
252
162
796
876
190
589
508
518
752
905
559
791
805
995
391
305
72
662
336
473
926
973
448
689
877
783
881
534
791
112
320
639
212
597
371
262
517
394
494
652
808
980
18
912
807
99
435
815
827
353
1
258
522
185
81
798
870
260
593
31
761
414
177
383
776
889
740
978
23
828
717
330
170
241
369
707
440
306
112
970
557
641
816
24
658
262
723
139
743
408
397
619
973
393
780
655
791
473
401
736
687
251
785
765
871
124
172
302
243
927
717
870
336
958
32
621
723
393
974
937
428
707
361
577
151
659
782
904
322
631
336
284
355
849
852
589
261
635
487
969
572
754
243
405
277
789
43
661
194
348
345
608
724
16
858
748
718
540
351
940
958
787
844
283
124
820
810
946
967
72
105
674
262
852
563
800
577
423
982
170
19
688
765
121
254
187
650
2
578
817
651
243
530
386
522
515
769
728
131
366
673
476
64
743
657
764
901
364
169
468
349
336
629
200
308
202
434
764
395
726
888
441
418
910
69
743
805
10
191
293
783
550
146
834
937
867
353
969
647
123
573
688
22
121
409
641
216
181
5
364
521
79
375
703
624
928
904
748
875
107
526
960
580
152
234
846
361
209
627
991
170
673
312
133
671
141
845
673
437
878
283
287
640
386
374
754
90
600
129
885
962
356
243
258
926
297
177
830
127
393
81
640
516
699
731
623
108
863
892
757
721
276
508
280
610
380
267
801
697
731
210
836
824
731
578
708
268
494
668
479
386
597
712
231
716
280
718
462
8
140
153
41
472
87
586
123
863
170
893
457
423
77
265
265
557
936
500
946
368
623
64
337
850
102
960
459
113
561
929
522
574
173
414
847
398
999
319
537
593
871
475
627
601
516
768
541
901
383
332
407
904
972
513
117
550
346
680
815
747
330
456
528
891
112
661
383
599
596
36
337
462
949
781
265
193
823
836
976
102
487
142
140
429
459
678
161
436
203
617
118
554
426
779
965
372
171
823
415
359
324
713
151
426
995
34
327
866
688
514
810
991
730
142
394
975
194
233
797
557
622
471
836
572
144
211
183
505
284
174
942
463
349
906
799
61
661
629
37
625
631
203
96
654
63
103
958
887
608
153
809
949
178
448
207
721
651
410
125
63
859
62
432
959
941
99
151
825
762
438
490
325
586
955
342
717
396
36
353
284
248
891
827
135
419
307
927
183
549
225
912
692
751
980
491
455
676
483
141
13
616
54
906
332
88
774
968
505
305
849
404
449
742
124
466
189
870
296
979
423
216
774
90
581
649
638
586
257
816
636
820
727
413
158
786
94
170
463
318
268
392
152
387
626
464
673
885
636
571
336
860
168
796
25
601
269
933
244
837
877
900
234
648
180
505
426
590
370
430
418
510
887
592
752
18
276
729
232
198
455
844
142
909
337
663
607
384
874
366
737
374
911
755
673
227
967
399
581
733
217
238
183
729
114
32
209
230
61
551
44
820
150
559
882
118
279
699
727
959
532
743
711
811
478
896
626
546
850
239
69
789
72
88
464
517
36
501
706
186
230
20
113
568
719
237
136
467
833
244
572
469
52
810
999
859
465
582
434
546
310
339
318
230
407
517
71
945
856
396
393
203
154
983
711
194
284
535
581
809
410
568
924
302
355
829
824
491
108
987
891
205
513
390
41
263
581
934
579
781
419
761
729
671
888
453
16
238
423
676
754
505
326
758
301
857
192
360
941
935
779
159
498
725
590
754
484
144
661
218
517
572
709
473
893
861
426
453
458
277
925
16
776
226
196
480
409
604
23
290
656
638
570
609
661
741
219
826
146
941
429
100
661
312
29
829
643
863
237
912
856
957
537
319
376
41
521
196
553
259
889
668
723
890
186
18
869
667
782
507
174
517
823
336
81
70
528
377
989
31
592
49
410
87
141
682
648
226
678
293
630
507
609
574
8
758
239
577
289
618
142
118
38
898
657
44
710
890
393
881
983
73
77
159
173
278
54
738
455
115
788
976
839
9
272
259
809
578
307
358
192
329
38
721
230
372
923
150
432
704
711
185
910
671
358
745
540
209
285
606
461
26
852
755
952
418
208
278
976
237
333
324
444
603
249
757
720
814
905
33
250
30
630
26
443
682
248
501
194
259
671
500
32
105
445
684
312
608
860
591
25
371
321
655
42
237
913
91
667
236
481
283
112
583
192
222
338
941
592
965
100
885
352
360
135
311
259
308
635
919
125
191
234
27
506
734
410
58
161
13
108
855
987
851
963
318
421
373
441
935
745
579
974
553
392
800
396
976
736
737
739
653
416
179
610
989
658
566
711
388
597
34
503
743
802
684
496
437
484
245
969
901
372
501
308
869
856
213
344
442
715
566
859
718
878
466
453
400
486
306
580
484
659
406
38
172
485
200
967
264
712
468
971
250
825
867
500
741
647
247
83
728
478
536
167
959
444
926
927
113
588
734
945
77
990
188
810
950
391
560
319
885
948
211
643
593
953
963
706
741
621
415
410
383
625
844
530
756
910
369
821
81
922
351
976
963
685
519
465
394
303
929
994
798
794
699
922
910
437
870
731
824
351
23
571
843
409
308
832
299
820
38
90
499
42
863
739
667
628
640
278
470
665
113
839
109
696
619
929
18
568
147
173
130
587
901
755
912
162
578
505
819
802
737
162
279
588
176
913
928
810
821
183
7
605
987
883
585
105
557
733
753
14
788
106
633
850
752
387
492
337
82
5
372
647
86
973
452
91
807
956
628
806
52
439
399
461
132
527
948
367
418
745
709
638
509
780
475
842
76
270
674
756
876
483
945
379
129
842
55
583
34
36
267
20
117
401
192
163
978
283
976
123
302
793
451
487
188
816
175
346
256
159
282
785
97
659
146
118
730
732
656
631
903
498
102
353
921
110
485
342
93
797
621
736
467
889
212
626
174
388
213
537
449
428
945
794
381
843
409
516
766
371
542
673
643
940
444
436
487
793
63
423
783
224
64
223
510
887
166
267
718
812
504
877
183
473
352
38
736
501
806
867
4
264
549
618
463
349
721
136
819
740
590
222
166
572
554
144
686
783
96
406
678
244
932
267
86
679
244
207
998
169
896
60
694
829
791
831
230
613
20
807
124
142
238
771
745
318
54
968
59
835
84
598
189
735
67
47
973
318
433
546
921
64
714
359
186
751
223
319
741
39
518
882
492
708
562
319
180
337
453
965
275
364
269
95
328
393
58
810
346
350
51
67
338
119
119
944
838
74
749
661
984
742
449
637
784
198
19
522
380
604
851
957
702
756
320
174
40
147
480
507
342
791
348
486
813
443
135
178
888
921
659
642
223
493
92
33
76
392
96
184
810
872
16
980
572
198
928
834
742
259
255
279
109
432
56
184
167
997
978
576
144
557
688
586
683
425
125
53
678
562
696
162
348
326
659
672
753
777
770
688
194
989
260
404
577
341
378
66
413
708
892
777
176
76
55
881
652
387
806
281
76
138
56
899
847
119
187
576
954
133
47
12
264
231
955
266
367
682
975
431
395
947
200
843
171
607
339
508
709
526
774
358
574
810
31
989
265
897
845
246
95
689
542
846
689
349
542
673
957
430
986
300
304
885
382
311
666
323
958
481
289
896
487
590
967
876
742
314
144
207
590
172
558
772
852
791
623
832
362
602
604
914
683
945
716
129
639
990
369
380
444
940
782
29
709
760
517
207
196
548
609
129
493
294
109
989
443
371
962
606
813
825
350
566
400
501
995
231
486
13
435
246
79
295
655
333
23
656
10
219
970
680
887
819
35
226
592
327
387
91
909
758
354
473
673
825
351
303
983
627
930
108
196
976
132
763
822
309
57
392
987
115
548
990
290
404
101
203
324
702
31
343
607
32
726
700
545
577
124
663
617
633
68
207
582
730
80
170
453
466
810
908
209
648
520
807
347
275
764
940
538
222
744
483
243
580
454
970
207
673
447
513
296
481
792
58
799
935
972
488
551
399
274
191
321
816
590
52
900
301
417
707
341
19
725
282
531
585
815
584
637
537
580
520
896
867
108
295
299
524
962
834
685
163
22
986
874
831
194
595
499
385
644
747
216
326
360
910
436
229
384
17
185
820
567
224
483
868
950
909
246
524
550
364
647
410
604
923
783
858
474
701
279
691
490
513
669
541
497
942
524
221
304
117
198
901
425
43
781
121
622
274
613
793
854
822
399
348
733
59
391
605
338
593
958
558
741
193
747
819
862
93
990
257
28
198
794
610
730
221
703
19
640
666
956
444
100
12
936
852
549
911
96
736
401
879
603
192
506
377
386
674
906
38
587
913
93
578
349
60
215
867
976
659
60
539
132
33
725
430
116
660
64
931
210
850
203
946
853
201
506
519
971
797
696
225
923
891
888
876
223
311
917
451
811
900
145
646
505
138
142
695
567
369
73
826
510
466
131
76
229
760
717
458
415
3
17
586
501
522
581
705
416
112
395
995
33
818
841
0
774
53
922
642
280
604
135
937
939
823
532
545
379
218
142
915
604
544
868
147
307
769
688
613
494
982
731
307
464
323
250
725
184
419
523
653
462
707
352
80
0
352
802
590
711
374
831
827
822
271
182
888
425
427
504
75
113
728
628
88
741
59
611
9
105
961
977
501
833
400
11
178
895
960
92
755
31
132
450
650
437
870
103
432
908
794
997
51
147
705
800
824
435
970
936
243
417
284
788
620
972
601
279
389
728
29
923
235
610
222
159
270
959
448
27
489
775
63
988
279
870
1
794
913
335
806
47
960
381
483
785
923
691
103
387
225
147
557
989
490
385
42
367
274
619
500
124
680
607
70
867
420
91
609
107
387
836
684
573
663
586
973
947
789
119
805
261
31
137
620
685
387
291
987
893
411
787
807
241
726
121
685
175
227
633
294
48
740
824
840
490
59
338
799
89
638
815
577
747
459
423
743
445
157
534
40
521
731
186
400
316
34
167
17
631
248
574
730
333
52
396
696
817
661
165
942
225
529
684
631
323
361
559
898
343
352
930
680
99
935
202
677
100
959
458
521
508
519
459
985
705
175
362
625
269
204
737
593
242
954
175
867
302
928
20
620
273
399
981
885
412
522
587
387
543
41
600
877
554
867
546
724
913
633
982
99
654
263
3
609
224
380
962
263
301
377
88
304
581
722
359
604
236
996
613
523
102
269
93
550
473
873
434
742
813
554
358
389
935
473
14
48
844
736
27
826
430
560
303
592
110
503
288
643
856
470
495
846
248
453
193
76
488
9
758
808
569
881
602
438
266
913
92
636
583
631
167
659
824
108
156
559
426
849
274
125
18
271
261
408
312
674
382
702
987
597
583
13
754
22
925
145
832
543
729
40
939
141
724
681
352
25
135
412
222
135
862
22
384
446
418
816
676
684
920
307
560
475
613
203
47
753
310
683
455
980
826
181
839
157
176
46
421
831
568
62
570
488
970
375
262
135
78
210
404
40
462
674
485
438
664
718
193
256
579
166
736
802
33
110
252
30
13
441
693
41
822
353
59
690
167
249
728
115
836
116
777
562
600
174
32
443
377
316
571
664
547
615
343
737
638
683
637
948
555
391
926
760
235
379
347
713
259
625
718
314
966
528
808
844
498
22
706
528
955
514
14
916
95
815
283
51
370
767
319
164
513
274
784
374
347
154
51
676
381
476
601
941
880
510
18
398
167
530
441
787
573
359
102
356
297
981
560
144
585
335
919
243
489
163
364
642
385
248
391
969
390
856
200
180
342
368
91
729
714
983
262
165
301
227
253
880
273
639
508
930
151
745
893
63
30
808
664
919
801
130
886
817
349
32
525
836
302
909
980
731
753
606
839
291
602
629
157
834
506
826
177
267
839
180
625
407
305
607
446
406
82
856
410
243
780
886
205
72
181
470
126
71
829
354
137
499
186
195
519
975
291
822
816
644
844
108
638
974
118
270
884
684
987
15
430
361
666
287
800
570
563
473
431
124
853
552
410
48
74
298
558
434
292
190
342
79
488
718
786
695
436
887
219
601
670
766
50
317
975
341
510
344
569
440
366
151
509
144
270
582
809
998
402
219
990
328
793
860
349
203
956
569
625
326
364
192
894
872
937
712
627
934
900
450
169
627
107
551
167
885
665
840
127
773
649
371
178
323
849
625
475
942
982
850
560
63
12
433
568
661
348
173
57
798
898
679
879
877
674
232
953
29
444
724
582
183
954
325
470
225
198
880
985
510
552
83
895
945
840
522
690
522
796
746
907
119
578
770
985
994
231
757
559
380
967
155
632
141
190
996
405
951
688
831
36
320
787
624
726
791
824
172
170
175
727
924
421
332
311
151
662
318
350
583
988
823
798
766
722
384
205
533
296
357
363
6
548
361
742
633
887
728
186
401
637
348
912
531
63
267
285
258
869
928
978
503
327
443
903
88
440
636
608
36
242
760
434
260
253
355
387
293
838
114
281
974
935
853
384
822
997
966
546
1
97
644
881
909
188
177
574
314
464
654
96
406
389
76
265
623
513
994
358
449
337
971
596
621
798
836
520
89
728
804
522
162
618
512
343
960
595
599
872
379
917
983
866
823
2
654
102
926
264
386
147
378
789
918
100
170
883
622
820
449
407
3
304
492
740
105
504
507
994
726
11
934
49
18
524
17
945
699
703
93
231
367
380
616
946
756
580
75
795
45
189
405
603
879
108
37
758
432
101
27
117
604
569
216
290
957
673
319
639
976
353
557
71
46
231
262
38
632
923
762
801
95
453
462
576
282
774
729
585
58
45
826
543
47
737
528
347
329
19
199
264
808
91
168
716
432
194
965
703
638
430
458
742
211
196
194
214
568
64
256
399
572
933
742
970
862
324
821
57
58
59
693
16
454
442
965
657
988
816
416
861
42
934
662
617
3
235
872
681
926
996
706
444
965
826
523
379
787
942
912
324
980
282
182
576
819
732
705
691
255
719
884
842
723
426
707
377
533
630
817
840
909
517
452
631
369
681
412
275
307
106
920
242
345
854
967
934
975
834
21
324
791
486
542
210
618
236
584
809
366
283
49
157
99
229
309
572
840
596
249
835
934
935
907
487
276
594
390
240
647
330
244
662
668
395
474
121
634
78
347
305
973
303
489
54
869
539
59
126
753
832
698
446
959
194
168
764
652
760
544
177
722
512
268
33
890
200
174
45
786
759
829
444
119
339
104
349
565
246
22
991
922
970
440
18
135
605
564
896
756
191
95
166
778
535
364
61
804
330
996
988
686
338
624
170
478
313
325
554
51
903
89
738
686
512
532
928
770
315
45
601
393
73
774
409
864
661
319
14
38
223
331
522
291
302
948
160
537
20
678
359
982
64
758
459
641
80
912
114
733
329
254
298
692
482
788
738
906
794
395
924
170
326
928
16
285
765
45
621
63
650
947
467
910
429
968
97
136
404
524
883
552
958
717
860
944
197
94
757
501
600
399
869
477
805
514
320
220
781
29
733
218
748
970
395
429
623
694
251
904
899
885
484
384
168
279
6
423
210
290
345
271
991
809
310
802
377
872
654
976
706
119
767
707
273
151
756
253
267
814
622
932
10
874
78
506
426
260
210
506
821
442
958
661
685
459
704
812
725
598
537
654
165
974
893
746
891
905
173
789
213
658
298
607
257
270
611
647
426
303
947
154
908
571
557
617
265
155
327
709
301
703
23
748
449
346
934
582
990
347
92
750
495
900
508
681
776
740
44
428
165
419
350
617
809
959
791
402
667
343
972
383
445
68
202
671
607
576
305
250
69
126
539
484
161
780
257
291
957
917
511
232
665
932
188
329
914
573
601
411
141
751
722
431
870
287
656
138
820
498
193
417
120
494
176
510
637
269
934
859
15
890
96
264
484
538
406
915
304
47
281
861
990
27
652
819
831
456
905
968
90
690
24
277
791
519
746
928
91
317
934
521
784
34
4
557
9
263
650
347
589
102
825
145
319
282
247
108
696
783
858
860
172
319
685
65
720
641
210
809
278
334
330
833
297
95
225
813
196
936
123
283
717
745
135
816
23
974
446
303
194
668
198
38
477
877
391
80
742
383
447
397
599
822
486
939
668
163
308
846
775
333
285
610
969
134
522
367
627
412
351
112
258
602
148
656
674
451
557
674
698
643
894
277
144
426
982
405
783
716
300
302
471
706
978
519
918
925
469
443
908
943
814
43
773
631
886
728
439
925
990
474
601
173
85
826
147
547
799
45
549
473
384
549
746
524
407
110
468
980
373
19
175
7
903
960
360
495
888
540
621
100
740
675
914
879
567
83
893
251
11
850
876
323
458
798
272
11
242
751
117
446
755
386
727
40
592
590
762
771
23
64
635
444
875
305
669
998
463
648
316
889
265
379
113
457
84
631
39
117
779
292
804
229
19
385
351
607
29
432
909
932
77
691
352
290
136
61
508
449
35
996
635
50
656
53
482
212
220
362
891
875
595
78
868
382
265
502
691
117
702
844
93
182
144
260
248
263
875
472
704
900
582
384
121
581
591
2
451
603
726
713
592
532
318
633
544
497
222
46
81
83
66
393
279
78
238
876
359
433
959
811
775
203
155
121
843
798
964
472
899
178
159
831
955
90
324
333
630
237
564
706
306
302
819
954
400
190
317
777
498
295
744
675
240
938
636
269
597
946
474
129
586
850
612
890
877
158
145
53
713
854
367
909
667
857
79
603
295
495
418
588
455
271
195
690
631
369
519
970
331
299
656
657
606
599
981
964
97
345
135
864
858
496
410
238
52
736
176
856
834
128
583
886
295
569
398
910
158
803
437
660
730
216
970
491
19
264
175
291
704
729
159
78
166
847
354
902
972
808
509
307
836
765
343
92
794
980
204
514
546
361
311
83
399
409
924
108
218
583
776
82
421
311
894
102
864
64
837
567
217
496
666
276
764
16
201
934
882
970
787
612
856
864
39
257
961
980
755
757
682
78
757
124
647
824
416
373
451
329
512
639
312
70
132
569
253
786
56
581
88
521
476
111
331
71
525
509
215
254
653
345
972
791
18
822
907
489
815
717
207
111
176
217
468
480
117
46
21
578
798
978
454
426
859
817
308
455
144
633
187
249
159
144
272
657
97
821
828
992
436
431
931
626
459
221
745
145
876
735
633
317
189
90
333
826
349
92
650
381
112
384
256
186
63
260
860
981
149
194
686
813
667
178
795
277
781
971
878
51
824
587
287
426
202
745
612
586
72
141
970
92
777
481
922
530
799
829
465
323
663
517
824
874
692
378
313
285
651
38
950
856
269
631
993
942
926
824
801
349
831
998
720
358
578
823
941
244
810
59
550
378
707
950
607
364
271
9
785
333
113
982
891
171
916
20
406
60
3
837
604
867
196
522
106
170
211
19
901
201
752
417
789
30
493
621
754
42
926
549
196
836
38
231
255
92
372
894
254
722
997
413
738
637
797
158
841
70
635
8
664
459
30
624
950
640
685
971
867
979
86
171
645
726
896
641
249
663
278
878
134
146
140
346
182
40
875
428
972
596
560
922
334
424
875
105
378
814
388
373
524
529
58
726
280
177
212
278
363
24
878
603
434
723
401
5
752
85
509
336
613
279
462
229
475
384
294
955
684
507
645
437
92
300
375
10
206
624
6
446
47
268
326
141
411
356
317
726
744
805
136
398
999
77
795
37
896
362
975
250
771
856
542
561
788
585
838
610
753
126
471
112
238
826
932
309
782
631
168
528
891
74
40
666
199
458
864
426
765
399
247
902
787
877
811
191
4
653
839
389
923
938
361
748
875
576
720
949
309
443
163
577
788
855
919
943
135
633
231
573
463
114
147
246
177
863
495
376
345
553
308
135
482
227
959
160
484
985
986
935
831
496
77
826
272
506
387
348
810
479
377
295
902
121
464
525
733
258
26
963
635
519
18
779
503
139
584
671
847
621
769
307
121
886
448
118
349
326
37
39
822
569
308
116
709
654
456
245
745
416
597
135
370
700
188
306
845
531
314
334
931
452
607
272
944
745
440
363
296
405
398
600
163
36
152
534
800
453
167
644
426
525
356
320
703
73
998
445
457
64
253
567
90
549
550
690
589
800
925
328
785
513
97
254
799
894
720
209
40
358
364
494
620
54
608
877
423
583
742
231
778
8
385
0
598
586
280
939
951
716
822
903
544
170
35
418
104
383
310
474
500
957
956
698
659
844
87
616
238
451
445
324
532
426
495
203
771
410
332
491
300
97
557
802
783
587
834
904
443
69
287
393
383
382
256
763
412
302
58
450
574
825
851
522
960
209
214
469
978
33
970
104
126
205
823
820
347
819
793
25
762
677
273
158
495
369
365
253
517
498
414
309
874
727
650
557
905
448
838
467
146
796
374
107
40
384
166
841
310
427
564
255
171
944
861
506
379
935
642
302
554
617
644
678
390
380
265
735
643
196
547
462
673
322
141
459
278
791
770
531
879
383
558
836
823
840
666
683
557
274
471
40
314
277
243
266
708
196
461
864
256
673
856
343
51
785
608
395
961
199
527
254
512
847
101
970
929
343
490
380
245
648
999
510
853
678
211
891
791
99
399
616
532
308
176
522
270
801
188
218
214
762
660
250
250
453
33
258
824
235
587
789
159
238
444
208
203
0
322
878
907
46
170
421
302
410
698
962
295
618
314
331
867
27
388
42
347
928
94
720
172
333
913
679
279
740
486
926
803
519
138
115
746
314
301
325
982
337
147
92
453
734
916
385
756
22
815
889
777
557
579
740
616
22
644
532
261
688
277
610
214
360
472
437
928
445
172
121
724
505
485
317
341
527
399
944
452
14
882
31
523
359
250
108
880
13
213
288
524
771
186
913
413
324
20
588
107
124
563
505
374
434
33
206
899
794
480
782
626
260
834
666
390
511
596
264
215
153
187
875
373
373
442
982
384
202
678
539
979
324
75
172
512
613
335
308
42
645
310
64
736
818
232
792
592
492
462
956
206
56
718
18
514
688
979
583
856
943
513
659
934
819
45
273
877
697
787
45
757
456
741
699
220
338
976
677
539
178
248
731
172
975
753
563
849
196
822
658
81
763
748
745
616
364
658
125
849
24
440
945
107
26
219
9
74
176
310
72
848
992
700
867
993
327
878
177
269
567
28
788
201
664
49
14
105
656
165
48
191
239
980
777
158
36
890
937
588
283
361
785
954
829
914
356
161
23
816
660
481
54
165
709
435
291
420
280
248
496
860
701
233
885
415
63
266
41
764
247
738
697
182
863
634
514
304
866
730
597
743
639
550
171
19
528
325
911
619
753
682
203
839
675
608
598
832
53
603
49
27
850
103
401
911
510
16
536
924
956
850
634
131
394
740
992
742
661
497
247
959
832
938
315
723
634
974
538
136
945
926
44
978
438
251
586
734
835
203
474
204
831
865
31
981
785
616
469
440
36
174
922
958
911
572
414
997
326
618
660
58
777
579
830
107
290
694
908
223
185
883
878
149
381
496
99
811
132
107
747
658
905
121
299
839
816
306
747
373
726
650
782
447
734
633
485
350
936
890
456
26
117
420
597
790
330
295
644
798
782
972
274
954
516
700
735
946
441
256
308
361
680
305
23
379
913
600
30
201
19
489
194
846
70
349
321
757
352
985
130
814
420
910
385
78
375
628
617
114
892
311
300
383
275
390
823
126
635
343
95
120
203
926
716
74
219
6
291
128
670
965
638
179
965
121
570
542
473
540
200
349
329
309
466
996
478
54
819
826
225
580
445
472
368
568
893
775
207
374
962
538
450
64
983
99
936
57
905
724
996
918
623
57
981
542
693
941
517
696
61
975
268
460
589
792
970
756
857
155
675
395
222
383
878
57
813
892
9
71
961
810
983
78
421
190
532
151
516
65
958
512
815
808
67
204
533
741
870
925
74
499
993
471
854
910
308
921
280
964
381
71
205
821
529
630
124
120
415
344
283
716
270
383
914
238
438
175
102
875
81
236
824
683
421
944
614
40
251
852
194
674
157
595
77
841
838
852
471
342
166
697
974
765
982
331
557
807
536
643
333
562
388
963
257
854
170
364
377
281
322
538
510
257
508
577
875
456
733
685
704
269
148
607
897
337
895
639
33
572
967
662
276
445
871
124
679
999
617
680
161
150
371
99
832
195
76
541
799
312
670
316
819
320
182
307
302
257
45
230
809
638
386
32
567
653
2
960
965
957
631
928
228
638
642
813
229
580
461
761
651
248
277
766
357
849
9
72
909
36
499
183
164
274
730
960
525
862
12
386
863
877
492
308
565
152
773
493
354
777
896
756
500
80
373
877
388
690
719
750
926
905
439
634
196
829
674
808
393
374
124
701
768
96
633
821
132
480
959
732
626
220
740
308
143
756
28
356
833
465
373
594
55
760
944
195
762
405
227
71
267
480
329
776
406
574
765
378
387
805
106
114
191
705
690
397
99
121
422
935
778
303
862
623
898
128
27
576
456
227
856
248
549
53
182
741
119
500
485
189
738
712
511
765
52
238
541
786
282
945
300
384
421
59
462
671
960
957
477
428
545
714
135
199
284
118
701
231
163
422
313
83
37
81
755
957
862
877
660
552
305
70
985
837
949
648
34
56
103
386
958
16
511
282
118
428
682
493
568
883
119
31
972
858
252
881
63
817
778
487
990
98
346
534
298
379
778
45
154
698
396
797
37
668
454
56
565
107
481
672
78
360
286
643
268
418
323
27
642
824
432
738
692
38
986
176
921
107
336
268
220
486
864
698
30
851
953
816
146
909
87
644
727
860
649
88
367
736
330
818
62
39
534
923
635
697
421
226
846
39
401
79
411
423
953
86
540
314
199
46
845
529
805
12
108
408
205
605
486
978
345
97
487
91
900
684
809
548
684
876
887
802
180
271
668
109
200
75
899
800
900
377
764
758
0
163
623
743
37
103
492
699
650
926
300
736
557
214
110
542
310
657
412
399
486
751
974
754
801
976
851
84
419
136
227
868
165
222
805
706
645
708
915
935
30
73
948
761
657
793
120
97
453
164
844
737
580
930
359
245
883
192
545
55
566
558
815
336
27
372
350
473
919
222
228
542
865
793
462
251
95
198
512
899
557
377
984
776
291
301
531
627
891
371
412
521
85
688
726
247
359
510
517
667
368
716
431
102
779
714
478
812
993
337
155
970
291
37
346
85
629
853
21
409
359
247
913
861
471
163
117
394
941
945
857
210
340
25
232
153
738
601
770
191
785
786
755
601
764
262
720
282
666
990
735
289
707
75
127
118
603
183
716
472
947
364
405
399
602
109
337
282
43
855
617
241
181
936
440
273
398
698
807
797
487
906
76
768
893
466
76
107
42
760
990
244
388
268
982
460
732
546
849
607
339
166
595
327
673
492
989
581
389
94
815
616
948
235
335
250
41
646
945
233
144
443
887
817
320
311
401
141
781
224
22
797
758
387
957
322
708
18
738
811
652
70
63
782
553
987
464
421
576
984
659
812
151
419
206
841
763
795
736
888
186
666
164
176
961
100
118
648
597
881
855
635
783
738
516
213
88
24
765
981
382
736
704
681
546
132
791
537
180
943
789
186
562
252
38
888
365
220
187
432
808
694
81
557
882
93
170
273
822
840
316
473
691
548
182
357
109
633
535
407
147
705
925
702
192
692
642
556
28
383
620
567
9
596
399
503
529
386
86
81
756
451
20
64
548
261
363
280
960
883
921
86
682
47
811
271
367
369
149
878
492
363
314
845
947
662
823
966
948
562
568
56
229
336
261
392
229
273
359
101
407
769
231
267
573
481
174
365
887
537
104
995
648
393
22
816
368
227
204
422
244
322
625
467
944
101
372
880
296
719
752
395
737
36
710
897
756
915
399
957
194
633
922
11
695
776
288
271
53
280
741
830
764
947
382
678
420
849
468
186
777
798
209
809
52
224
406
559
824
686
245
951
824
826
234
800
96
108
970
651
332
450
188
171
83
786
501
912
875
967
903
18
998
343
754
150
548
99
95
822
913
935
744
533
394
512
323
40
780
102
420
637
162
177
637
52
686
775
304
658
325
490
722
835
402
422
273
430
841
260
976
186
332
915
546
612
222
530
487
948
544
505
199
72
234
678
82
970
638
282
45
285
696
249
761
210
907
291
54
13
641
862
851
471
423
220
979
231
903
600
914
760
492
992
66
870
149
50
97
863
170
149
73
219
956
801
996
141
695
58
541
280
686
142
905
877
464
381
869
918
332
256
773
521
229
629
835
194
527
872
932
273
831
33
245
558
725
639
313
725
393
673
838
904
938
44
174
102
825
527
601
178
317
17
43
350
816
529
66
6
983
483
254
219
102
960
844
493
742
74
607
47
820
175
588
453
333
288
999
728
671
548
97
263
587
986
726
217
367
410
796
452
954
489
294
563
668
151
202
528
462
452
891
357
484
965
870
982
554
440
23
796
106
621
152
459
450
616
413
788
250
697
710
633
665
887
945
939
540
736
401
472
713
698
637
490
533
358
17
14
911
813
7
312
840
480
197
206
704
782
58
758
456
597
961
756
308
569
741
241
408
600
200
267
200
399
451
613
775
334
895
694
385
697
755
764
965
0
912
628
761
51
349
800
795
796
152
116
130
105
551
581
881
470
246
361
588
133
747
412
414
312
461
647
759
494
517
696
266
592
832
543
304
959
885
381
194
429
352
483
516
273
292
754
302
745
216
99
871
305
224
618
282
590
528
387
578
699
378
104
773
208
529
101
645
107
963
54
603
444
703
856
11
996
51
721
689
530
159
105
734
477
460
773
257
115
70
38
968
198
201
704
279
814
151
191
264
523
81
187
38
834
107
239
189
876
419
2
956
98
555
91
843
909
846
353
367
444
107
755
464
417
938
124
277
999
219
88
245
174
147
626
26
656
481
792
809
979
524
672
407
571
609
527
556
206
806
152
395
870
347
473
125
880
18
886
934
783
751
808
861
602
87
301
909
641
510
612
856
302
260
581
624
889
194
771
752
880
930
571
0
40
468
180
573
753
767
559
16
709
223
787
36
984
616
36
978
568
114
617
548
383
460
875
324
97
94
780
212
963
560
945
761
825
64
810
635
844
992
866
235
848
20
930
781
665
609
255
352
981
557
224
419
650
861
810
468
852
63
888
59
782
933
516
867
497
95
220
332
774
128
624
257
231
982
945
658
198
822
684
642
254
320
493
520
883
769
164
134
627
770
989
604
677
755
505
407
302
133
910
899
345
875
537
905
91
715
442
347
247
283
533
379
884
196
918
798
961
757
539
290
565
6
12
97
809
510
486
412
371
153
934
342
311
302
351
187
644
330
844
353
495
775
274
857
796
182
888
888
95
5
658
105
954
892
336
908
999
775
282
447
424
474
741
917
693
634
510
758
791
656
563
566
627
808
506
634
284
806
410
745
187
594
476
746
464
793
57
311
830
12
338
744
808
562
979
309
222
352
302
44
950
102
595
746
47
449
371
199
106
112
417
10
220
328
699
18
369
167
391
481
925
396
646
190
320
946
779
249
22
409
214
72
888
791
627
866
415
602
849
982
999
526
501
390
889
583
957
266
391
528
721
846
675
612
542
503
259
16
6
66
852
777
704
950
311
885
318
883
647
622
160
462
688
956
105
824
989
123
271
726
113
781
470
251
402
328
951
761
710
358
477
795
672
427
492
474
114
798
369
956
387
435
604
608
578
830
391
139
936
991
269
704
827
710
847
63
205
700
108
984
412
808
310
791
836
273
759
166
920
408
493
788
534
112
204
267
992
234
738
336
901
99
29
549
536
869
876
620
556
525
620
319
781
415
532
262
214
903
442
280
424
401
494
231
539
589
497
542
708
896
277
10
483
278
33
40
292
104
290
47
148
4
648
433
572
192
33
627
791
27
958
909
581
750
160
574
512
794
452
114
791
82
449
470
518
955
728
591
666
237
849
924
486
516
440
820
345
935
841
177
401
421
866
22
4
22
803
926
457
765
698
47
561
918
572
284
762
336
312
362
694
77
849
339
654
93
138
752
932
895
999
498
649
421
343
970
69
265
880
161
383
500
982
430
436
492
294
829
457
151
347
988
422
30
677
136
907
777
487
215
151
624
121
982
120
163
201
625
920
160
620
617
173
528
187
963
774
891
239
690
269
481
990
223
959
859
769
818
331
829
787
618
814
18
168
474
448
488
291
633
181
447
478
659
735
70
346
836
252
251
656
317
397
112
343
564
125
653
202
29
527
12
951
109
627
157
777
415
108
740
132
96
254
841
69
993
277
285
244
974
256
863
454
638
896
160
118
820
809
935
93
581
758
909
356
573
419
78
224
315
933
621
179
128
169
498
832
783
995
97
112
965
974
965
441
462
88
730
870
757
434
725
356
373
972
988
959
866
330
684
934
889
744
802
495
50
188
414
696
340
189
983
854
763
361
420
194
451
137
797
435
777
795
175
680
629
231
121
179
768
78
143
278
576
742
570
670
256
305
695
791
881
133
352
235
167
121
726
700
572
238
51
956
948
738
668
231
787
742
858
31
155
686
160
578
683
439
910
707
215
654
256
942
247
493
888
641
641
837
581
296
380
5
817
76
519
660
163
950
578
290
674
454
482
361
508
93
592
70
891
546
960
615
962
511
913
105
989
489
793
676
485
966
571
621
587
513
590
392
786
785
418
950
280
753
125
118
213
259
790
415
26
382
544
10
880
184
983
703
917
994
913
845
638
267
691
374
276
541
519
659
350
295
261
723
746
572
656
308
429
324
553
139
499
868
438
643
209
99
280
190
805
384
659
279
28
994
21
412
425
465
839
716
885
157
422
906
163
59
581
705
188
479
338
174
687
886
996
641
893
840
355
831
816
81
501
789
899
600
53
869
85
180
530
563
676
609
534
357
740
508
381
182
288
722
73
716
251
793
434
23
979
118
395
403
121
990
703
778
439
127
289
19
483
686
482
314
811
680
737
676
383
307
242
674
704
311
112
570
464
237
526
612
539
18
804
883
846
732
616
986
636
989
452
22
483
409
235
244
885
415
213
739
596
936
671
811
987
489
384
695
951
349
68
410
754
91
814
376
269
647
460
48
480
153
111
381
40
51
194
305
437
498
731
320
228
414
186
314
627
234
464
821
295
217
238
318
275
65
987
377
633
178
498
307
821
844
247
57
336
866
198
197
157
162
785
541
904
419
668
391
684
414
353
547
707
132
652
615
867
921
92
244
136
428
182
704
298
777
213
393
152
226
620
163
324
434
37
521
926
18
513
806
852
163
124
124
150
595
561
965
855
494
375
58
801
971
301
757
453
584
378
698
673
854
532
67
711
816
180
319
136
131
919
616
284
235
191
505
180
107
576
535
543
830
273
203
392
8
421
788
105
453
424
698
94
672
267
70
486
109
705
370
260
762
647
731
736
39
133
834
259
930
382
107
815
661
926
803
893
592
393
468
366
674
465
874
429
721
727
158
712
638
204
264
483
956
886
826
32
498
268
691
104
495
308
421
338
713
782
379
716
283
675
480
128
204
99
195
877
664
420
296
246
428
700
392
481
142
122
932
674
355
24
509
645
891
573
334
520
894
127
730
278
264
926
747
422
481
709
537
299
492
639
63
647
260
785
602
159
455
180
416
180
913
394
913
914
633
852
278
211
162
653
391
138
748
316
938
671
869
347
83
32
568
589
646
498
46
376
742
32
841
125
960
420
170
567
437
517
238
801
764
289
557
983
405
245
449
219
414
442
530
367
40
805
608
816
418
41
273
990
645
818
467
755
904
356
926
274
612
920
904
909
345
345
105
597
594
298
162
21
301
923
159
250
182
256
312
9
887
317
810
783
374
226
821
909
302
569
869
710
224
762
132
913
968
848
286
545
250
545
525
765
890
65
544
293
119
187
727
132
264
511
74
543
272
260
933
346
752
453
956
710
551
28
989
528
341
524
401
140
757
247
432
632
437
448
880
546
256
640
813
279
936
568
706
218
543
149
777
559
5
616
180
309
48
326
951
178
822
907
768
174
116
50
354
44
944
443
813
339
244
368
937
699
217
130
953
283
894
629
859
717
456
206
991
647
366
428
519
317
415
255
623
685
503
424
859
51
608
247
847
510
491
905
319
912
485
250
182
309
958
238
368
662
49
429
596
51
910
375
725
957
878
421
750
280
220
713
444
985
765
269
741
395
612
0
74
116
128
249
101
102
886
487
219
606
928
922
964
611
418
557
400
443
994
475
655
817
1
196
933
808
489
515
729
723
876
434
849
996
731
915
605
124
13
999
922
524
561
18
233
167
368
628
33
426
936
868
375
380
295
550
560
886
897
891
820
265
359
746
149
336
46
376
666
627
320
556
723
959
733
432
737
846
692
256
310
577
611
36
246
72
878
572
36
242
173
630
765
709
794
369
176
699
713
125
418
993
475
241
928
620
762
287
557
333
794
507
80
74
385
49
337
199
759
324
4
386
804
899
519
610
290
806
578
921
30
92
903
428
46
850
995
212
405
427
517
310
17
600
561
315
847
745
188
636
287
309
669
678
829
462
674
564
743
693
233
383
200
273
842
197
246
990
892
722
793
166
262
984
192
699
230
647
478
916
152
50
813
47
648
521
179
767
765
507
385
18
887
837
572
958
245
586
723
878
437
549
976
693
415
909
641
638
521
559
736
143
984
166
631
648
568
114
873
369
40
904
487
440
583
190
271
475
827
20
944
82
100
318
425
639
37
847
354
624
344
600
412
910
308
946
100
549
221
737
953
870
719
248
144
634
725
9
673
20
960
957
529
952
971
968
834
678
327
952
898
732
316
65
332
545
230
374
871
300
881
144
375
425
371
671
2
409
385
44
361
517
791
529
32
105
63
794
199
378
481
843
251
634
489
94
763
258
257
399
706
900
381
10
885
163
489
806
310
785
453
96
588
116
685
762
484
600
368
28
985
136
449
301
903
284
247
666
723
604
660
143
126
233
649
753
866
471
777
808
780
186
681
299
985
975
923
192
575
222
444
895
32
706
886
338
563
820
183
334
673
936
377
276
633
65
446
742
364
502
425
469
702
442
10
428
308
386
89
210
177
621
279
141
435
237
28
862
752
99
152
561
241
890
978
558
353
629
971
791
312
844
516
128
82
164
65
892
724
152
401
394
344
581
884
351
473
25
162
161
783
648
283
27
220
671
260
337
905
842
824
883
274
989
650
506
36
978
848
475
361
563
225
900
257
894
594
377
886
73
837
33
296
851
111
186
510
444
936
201
493
62
714
807
630
623
138
726
860
877
445
245
791
609
840
197
537
835
966
119
968
523
207
832
833
547
259
128
635
311
18
447
10
881
753
657
403
241
396
416
689
460
616
356
401
577
119
951
893
353
24
402
951
826
676
851
135
401
977
117
184
773
887
383
167
795
629
124
497
178
382
254
645
720
174
582
256
241
749
245
133
883
558
97
771
109
187
682
169
120
521
126
373
473
726
87
227
913
442
762
89
548
259
802
867
496
312
134
667
695
132
209
275
220
223
950
16
35
40
746
948
596
872
586
308
960
583
936
271
229
299
492
520
18
421
385
275
219
281
53
450
402
276
600
81
319
644
270
30
693
964
567
379
473
949
685
743
529
997
414
887
403
732
592
281
498
223
901
428
893
460
456
657
764
304
128
897
813
678
679
183
951
293
983
672
992
52
705
631
923
11
264
721
130
977
224
821
93
18
187
963
101
532
323
613
341
617
723
387
214
338
301
112
157
271
846
869
846
377
421
645
601
922
706
53
415
35
790
276
648
327
717
989
393
773
332
544
984
97
188
874
787
438
375
875
866
816
767
466
644
227
889
233
536
1
543
563
578
449
643
672
880
864
364
113
111
402
703
892
963
551
93
52
964
938
127
838
888
904
867
506
201
210
569
246
296
67
974
201
846
976
572
839
86
349
944
891
93
38
978
819
523
187
570
371
903
52
150
911
275
792
6
866
137
912
582
412
433
978
342
883
104
448
939
320
966
821
98
346
689
300
345
57
112
926
279
253
168
609
113
417
992
74
537
239
357
141
109
503
985
578
145
323
956
73
400
472
583
29
68
846
469
847
326
885
542
747
356
948
48
651
670
891
82
54
878
262
311
969
410
998
416
292
299
511
917
676
544
110
733
654
455
574
403
692
719
916
911
599
370
648
40
860
759
918
883
551
418
111
510
182
137
262
338
551
299
91
249
853
885
926
257
146
303
830
943
952
764
464
896
551
852
175
621
491
269
161
353
701
943
371
845
186
974
360
607
46
846
886
919
168
994
370
360
984
574
396
707
396
665
516
345
505
177
882
52
356
273
835
560
340
40
679
568
737
678
436
985
655
476
500
339
358
838
877
118
729
942
922
511
146
302
657
168
895
848
953
