990
715
326
205
822
956
486
890
30
219
936
935
631
926
646
960
67
954
329
245
435
443
824
140
584
826
480
573
418
717
907
375
917
666
329
470
867
169
38
927
233
763
329
571
841
508
496
367
105
532
602
298
225
69
494
577
619
270
434
510
24
109
989
580
694
401
412
191
333
782
916
71
734
414
17
101
697
34
699
939
414
139
913
962
374
898
275
819
139
567
807
575
878
723
661
656
170
284
929
961
469
90
532
764
133
826
31
368
637
329
921
398
256
475
871
904
878
663
846
507
261
356
901
634
700
821
198
175
772
993
641
834
510
342
495
432
948
715
439
935
237
2
721
21
766
307
654
791
45
491
445
977
822
225
379
385
199
121
504
716
690
999
359
166
555
625
226
398
448
708
725
209
218
733
34
576
858
730
16
798
595
688
661
252
624
685
949
960
741
395
327
131
973
88
685
71
464
390
684
824
169
202
395
617
740
729
867
443
802
343
251
990
598
83
148
68
992
646
3
116
713
651
195
26
723
774
941
955
731
324
852
939
211
936
398
817
14
615
416
182
989
115
647
139
768
17
486
460
139
416
789
547
897
909
319
220
470
149
293
721
5
517
427
569
733
675
624
450
747
170
270
518
816
151
382
860
112
522
596
962
120
625
441
247
930
268
654
115
485
437
570
681
103
367
453
816
486
544
144
86
742
911
2
222
668
448
882
179
507
526
155
906
895
193
601
382
294
922
491
529
141
254
87
950
766
76
643
366
902
602
654
16
902
134
845
203
966
719
787
953
859
332
993
182
802
469
322
843
773
758
654
887
96
608
633
203
631
949
688
626
98
996
753
628
339
710
573
673
787
243
431
276
662
374
735
35
804
625
644
47
37
83
123
739
768
731
484
779
91
61
464
583
430
407
238
704
146
628
687
93
925
953
111
391
87
391
837
922
712
318
869
638
810
840
676
317
670
397
126
683
60
647
443
981
957
863
298
7
634
659
478
916
596
731
274
738
382
952
463
785
990
307
589
699
702
291
380
523
386
183
942
630
900
276
493
77
872
479
459
619
994
998
803
844
643
72
511
586
60
519
275
883
999
772
143
894
444
754
430
814
771
936
116
921
867
555
229
680
172
434
547
167
841
949
650
115
233
726
24
12
58
522
336
225
174
738
51
702
70
496
828
332
821
102
932
388
369
738
207
436
286
897
70
398
210
939
543
17
925
462
236
772
403
377
626
897
937
942
709
16
462
761
565
870
328
418
58
289
507
578
757
872
452
286
931
730
856
837
857
448
206
113
151
920
305
574
381
198
299
377
385
264
331
506
169
2
881
592
133
885
410
82
439
470
725
768
497
0
920
661
125
731
870
945
762
582
940
140
372
512
98
875
735
877
588
684
308
45
49
587
902
218
271
219
473
916
882
575
484
957
511
408
880
157
612
75
340
444
528
82
527
208
736
429
107
996
564
568
247
143
311
957
293
755
88
721
754
757
892
274
178
489
199
179
856
109
309
432
397
147
368
873
790
855
192
735
595
10
791
380
198
880
169
805
459
203
255
229
231
582
440
460
261
485
604
485
449
238
463
57
657
887
645
752
404
47
664
195
916
876
819
723
36
708
462
965
648
694
586
22
649
72
517
429
693
298
821
666
743
334
292
682
12
252
233
173
807
807
486
114
687
452
384
671
652
527
32
578
135
787
150
519
209
676
507
794
243
403
962
857
391
874
416
394
824
729
206
741
968
217
821
474
126
175
442
977
508
238
428
278
54
899
988
310
307
692
864
201
343
873
966
930
439
229
627
633
925
335
800
154
726
169
882
819
669
969
456
593
121
864
996
99
712
712
909
978
986
77
342
332
144
887
177
794
174
816
189
951
856
58
215
767
118
49
743
390
478
251
64
529
914
591
77
320
434
731
597
552
819
838
52
821
160
707
542
258
400
903
195
283
670
901
267
671
381
930
380
916
869
448
406
413
840
939
585
730
717
869
38
758
569
589
307
414
827
597
734
766
910
788
74
357
808
225
114
739
416
447
151
748
318
662
523
811
207
519
936
212
291
313
889
65
73
199
205
101
798
161
837
863
434
385
567
527
880
715
91
178
659
305
845
377
16
73
316
477
553
54
669
441
994
990
978
922
495
656
111
277
672
85
108
842
21
206
378
548
5
879
626
487
848
925
724
26
628
871
542
156
75
756
502
432
949
384
565
131
269
503
799
678
608
186
975
805
213
671
784
636
30
915
290
351
59
124
635
272
64
646
17
375
994
111
89
952
210
441
212
289
303
148
538
892
574
657
712
543
382
777
292
777
876
157
339
996
188
866
633
903
383
606
64
233
956
325
947
930
156
415
814
697
270
303
513
182
493
864
6
793
233
886
262
879
117
834
772
752
928
347
233
65
4
69
338
987
31
358
511
739
720
427
249
797
646
529
373
820
282
468
779
912
485
606
962
246
278
559
753
291
421
862
525
664
185
786
173
218
511
216
73
839
766
423
493
361
757
235
517
814
848
989
497
341
940
401
909
753
925
96
970
353
781
459
225
649
473
879
352
993
543
24
858
567
139
324
827
944
957
389
39
937
457
578
845
102
399
991
19
152
460
389
687
56
708
969
963
528
660
377
619
35
88
128
700
116
444
415
280
578
63
55
912
779
756
426
783
436
467
586
150
485
541
460
221
185
614
612
249
949
478
927
426
229
13
170
173
893
981
681
882
256
680
104
168
8
778
19
822
334
601
146
466
730
388
384
843
435
278
845
358
647
439
744
845
790
338
633
746
219
794
427
161
118
288
312
671
663
3
138
378
882
970
187
494
281
9
952
121
804
696
778
989
773
391
168
519
88
746
194
466
112
84
105
36
177
319
730
379
702
136
524
45
898
942
802
80
599
30
703
693
73
354
190
134
179
138
563
532
682
205
949
157
636
661
47
199
39
954
945
601
592
942
431
60
28
911
451
556
539
231
218
647
745
397
354
684
440
759
624
423
141
211
269
33
809
751
797
609
790
446
907
788
963
194
913
166
648
204
128
408
442
277
808
745
129
945
912
467
338
868
717
698
407
305
71
832
638
876
418
547
577
859
439
858
352
855
263
668
568
1
756
453
880
336
496
6
856
75
360
609
624
401
42
626
654
704
374
668
372
365
688
346
480
854
573
791
547
802
124
872
821
530
137
965
821
219
58
935
787
309
997
286
501
574
671
768
85
846
65
355
515
198
429
835
113
250
856
128
452
740
493
854
812
439
434
705
705
103
602
572
317
647
490
282
467
976
4
935
497
862
36
542
503
955
17
440
515
664
467
46
532
228
512
415
941
801
511
812
745
811
10
485
386
308
680
1
840
196
279
286
284
969
295
915
366
461
334
954
530
534
242
234
936
599
185
687
838
706
168
982
183
280
74
502
988
602
394
47
117
180
751
202
522
957
797
513
111
617
237
832
504
51
775
795
69
178
378
569
290
215
917
72
895
669
646
440
21
171
415
78
865
888
115
718
452
262
452
782
865
610
665
571
869
894
890
590
228
144
191
646
143
385
763
578
531
392
894
234
213
642
946
123
839
23
697
928
864
76
514
806
726
604
562
866
732
534
986
392
168
648
0
265
925
364
818
719
900
375
649
903
881
572
870
660
907
806
706
816
814
468
144
577
183
798
488
578
535
605
734
945
542
802
267
902
463
227
106
249
759
605
484
904
591
406
731
210
643
526
526
314
397
768
151
949
605
333
822
723
862
685
755
427
347
527
736
334
650
81
990
930
149
953
761
917
154
838
679
644
921
393
952
864
691
697
576
951
473
219
474
0
460
426
158
659
100
648
205
886
579
502
390
589
340
765
807
326
432
467
984
988
761
457
613
589
316
137
456
726
803
21
898
902
552
706
489
574
475
458
331
912
84
918
627
392
462
630
748
352
926
760
333
598
705
182
93
260
167
844
533
693
806
132
984
620
29
379
160
720
738
410
127
90
313
663
416
932
824
403
951
888
927
542
363
757
114
880
667
947
878
660
301
110
80
682
365
56
476
780
507
517
586
54
469
121
256
44
249
495
161
27
919
520
168
159
667
686
596
905
396
827
281
735
51
718
552
838
893
505
893
885
981
431
789
422
697
161
208
987
346
599
624
60
98
378
386
781
64
495
824
622
487
893
826
761
680
74
603
523
388
496
953
677
12
190
740
979
541
331
312
394
17
313
626
387
672
423
542
182
131
383
188
350
51
993
685
997
575
361
371
757
237
713
928
727
725
96
315
60
489
571
312
287
123
973
131
799
824
897
24
653
510
605
823
586
898
365
892
392
486
148
0
737
277
334
911
444
525
399
471
10
201
404
428
648
430
949
266
200
853
234
717
13
782
648
286
405
157
789
969
820
968
958
275
884
339
969
808
123
81
958
165
406
734
881
642
788
126
835
782
930
789
847
198
523
163
983
494
698
385
432
650
875
148
644
623
430
123
330
93
617
805
943
108
669
502
601
907
547
564
289
248
238
877
412
83
672
56
735
70
321
457
990
19
191
913
30
67
629
904
197
546
82
942
123
716
499
637
45
191
844
515
174
400
735
32
312
752
299
579
747
985
958
226
823
473
235
529
146
675
5
808
640
86
658
267
958
72
173
61
732
488
490
855
768
991
487
954
845
521
871
783
73
369
184
303
846
528
137
545
803
771
694
279
5
896
869
880
333
339
723
153
17
990
626
939
107
543
35
118
53
400
569
110
867
441
789
543
229
18
329
647
324
797
656
388
631
454
905
901
858
586
913
406
776
96
160
866
591
842
382
798
331
858
831
386
901
592
681
376
710
990
522
937
343
447
570
138
488
651
521
724
488
680
923
544
845
388
847
5
685
565
813
174
946
484
736
895
462
30
488
71
628
499
510
113
976
812
235
291
81
439
607
158
71
282
94
138
20
726
503
487
737
860
206
115
201
394
349
121
285
670
12
364
617
933
532
889
319
596
739
157
428
284
834
31
133
167
356
55
399
501
479
326
199
434
66
805
628
337
254
843
622
635
918
10
901
900
237
305
106
407
744
206
662
858
21
346
848
591
403
927
75
439
207
601
661
592
979
591
886
409
307
835
308
534
802
500
662
860
770
1
746
97
373
983
714
920
464
695
344
961
103
51
494
240
294
855
176
628
139
49
287
14
767
917
609
924
919
980
374
967
126
626
886
915
683
23
392
427
489
776
932
951
612
590
310
838
665
710
536
660
660
983
393
830
756
44
482
321
569
246
945
887
536
37
797
404
668
70
255
650
414
392
6
213
435
98
789
122
234
657
390
84
149
354
205
955
526
154
621
259
886
952
992
118
473
567
271
855
278
910
34
684
792
284
675
876
627
993
357
188
919
834
466
796
240
776
653
307
477
901
74
89
435
96
543
614
915
798
419
113
913
573
637
666
657
539
413
177
459
395
872
366
652
14
438
867
901
699
309
898
275
873
560
496
698
79
450
463
258
551
464
128
346
985
699
203
291
440
202
969
111
817
219
666
441
76
344
850
409
682
759
494
341
638
528
954
27
220
22
523
180
660
315
350
213
445
35
86
164
302
890
394
435
812
538
867
994
760
190
822
477
737
697
837
916
215
439
857
262
525
780
917
932
810
159
662
886
376
587
674
717
204
844
989
213
231
441
51
209
407
917
988
510
273
208
59
227
407
767
898
179
755
156
537
790
946
505
197
364
417
904
885
600
965
234
939
367
607
808
161
256
383
398
236
467
19
462
637
423
733
57
826
45
9
997
799
597
955
50
746
508
625
115
500
359
372
444
982
770
992
774
101
156
47
746
285
69
799
284
80
366
205
216
998
572
123
663
312
995
822
458
553
101
307
921
556
98
208
294
51
32
352
710
923
458
795
233
371
272
510
71
453
980
497
547
400
921
490
880
986
574
166
63
161
277
92
331
841
466
824
397
364
915
664
923
220
361
444
801
565
90
563
326
794
429
375
157
571
960
426
186
137
130
412
513
547
183
250
220
691
993
393
351
160
346
758
826
106
836
506
895
43
924
130
167
625
853
193
474
888
957
664
646
779
914
840
786
328
627
410
116
192
733
538
276
526
56
12
889
582
46
582
897
458
146
684
138
472
500
934
170
870
144
510
684
235
435
319
218
139
827
635
537
511
111
908
435
644
856
566
114
202
213
276
400
629
773
958
371
534
591
500
680
954
181
751
775
637
64
9
357
543
705
773
720
342
863
165
490
190
948
286
900
59
340
511
717
228
718
680
338
675
902
172
2
135
928
794
332
908
171
77
346
201
14
95
321
478
534
882
111
313
53
26
855
501
26
601
409
961
540
260
425
803
936
261
118
836
925
936
452
75
987
855
619
990
560
811
49
963
922
462
529
459
490
38
913
732
996
355
335
943
631
397
282
22
714
845
911
721
159
787
60
26
42
427
86
591
992
592
753
567
362
415
208
539
991
702
443
950
818
455
717
643
504
738
709
821
872
925
4
44
614
677
228
614
929
361
832
412
5
843
59
529
51
920
890
495
465
922
253
34
701
317
748
787
470
265
235
563
829
791
552
176
761
404
646
885
494
461
497
271
187
689
51
146
538
365
118
575
838
720
236
774
104
863
812
675
984
890
588
450
229
67
178
880
517
297
723
442
661
169
599
200
73
631
22
672
72
125
618
923
493
151
78
899
428
675
360
823
930
734
420
288
517
632
657
936
173
275
697
366
684
80
720
316
399
540
137
210
29
891
36
411
309
376
232
876
579
196
102
515
783
975
95
607
159
242
697
258
118
860
21
271
42
997
886
387
153
138
267
361
830
90
294
919
832
693
513
792
440
960
881
887
508
42
956
918
407
792
291
617
632
171
264
610
239
611
474
800
303
392
523
623
663
264
776
969
695
777
514
842
138
585
275
193
323
755
996
666
659
846
227
709
375
238
155
228
485
952
265
828
907
276
870
706
902
166
820
314
476
343
704
971
786
688
475
741
898
300
91
814
11
877
320
778
7
719
719
835
677
669
691
212
361
787
441
930
116
636
367
826
511
349
591
141
728
604
440
423
168
12
621
40
894
784
147
638
848
430
149
881
114
254
937
322
648
931
150
811
341
839
478
360
899
391
472
308
274
926
348
793
283
905
428
830
682
80
710
466
271
980
474
436
612
741
876
172
676
574
973
901
414
543
327
21
653
938
379
381
638
726
664
240
917
658
683
84
942
906
671
455
87
785
124
529
128
67
830
769
404
894
688
273
337
10
911
517
276
552
721
869
814
991
382
40
411
836
238
908
460
662
731
459
698
971
50
434
204
868
642
836
125
342
118
80
308
476
954
353
181
172
528
750
130
129
233
953
965
463
863
607
118
621
309
768
330
171
173
105
706
440
388
534
917
720
440
16
708
943
731
376
443
807
8
295
176
855
601
78
581
698
766
761
124
40
664
25
662
188
852
452
208
158
338
190
592
271
960
566
483
116
731
754
107
149
432
427
244
801
773
612
879
317
823
631
306
415
705
947
235
440
442
139
645
253
506
251
253
192
824
508
210
284
370
585
990
885
900
662
786
161
471
498
401
912
799
317
842
648
712
290
505
402
850
710
918
293
839
434
866
257
905
688
332
907
836
445
355
196
464
387
598
999
332
893
861
176
974
546
185
596
169
914
637
376
992
71
603
543
412
876
885
106
420
394
8
423
671
755
968
799
179
210
370
954
359
127
316
761
826
737
772
799
137
106
702
370
867
909
609
289
426
813
695
438
106
468
426
316
128
205
542
282
977
685
585
687
21
676
373
336
30
245
92
125
748
378
731
733
97
245
749
122
310
336
592
739
799
906
514
621
473
809
442
264
619
480
947
335
295
937
423
543
834
774
65
967
479
503
990
55
705
632
377
346
609
222
449
869
996
149
267
74
118
343
889
359
328
417
374
538
267
15
226
140
995
772
655
131
739
283
240
443
371
594
579
996
468
788
80
778
864
739
282
863
271
633
886
534
554
316
137
478
947
157
63
634
987
404
735
639
10
305
33
45
866
868
677
960
394
168
466
978
410
291
656
260
666
378
565
786
193
398
658
250
483
554
947
77
917
598
307
724
644
274
521
435
35
57
124
424
4
654
158
806
19
135
342
480
0
81
255
811
910
952
205
511
431
340
979
238
453
834
287
543
929
95
217
945
989
663
282
930
551
716
86
594
685
666
570
553
180
213
620
434
309
367
836
770
664
939
543
425
232
921
111
222
642
391
773
320
571
209
330
766
361
753
847
965
430
382
613
911
939
246
570
531
424
625
80
16
954
222
462
8
541
509
445
113
438
648
417
42
206
261
597
98
506
563
219
199
582
558
994
92
937
471
534
216
552
238
304
736
338
503
679
460
0
228
603
869
449
860
742
910
492
206
341
198
538
591
482
442
206
897
501
866
409
916
777
959
1
911
275
180
776
695
565
375
543
236
345
719
471
301
443
386
263
543
236
362
985
975
219
26
739
115
920
224
650
657
651
219
49
818
694
87
52
201
110
111
406
978
871
319
43
192
856
459
170
988
974
541
852
161
450
479
650
147
94
564
242
615
951
820
468
26
933
333
389
635
835
926
675
65
334
815
479
571
784
615
488
130
533
659
671
290
965
471
181
936
20
185
391
996
840
958
308
705
665
664
91
277
773
654
20
483
560
219
458
773
343
981
37
229
367
643
663
318
639
989
755
840
904
950
747
901
602
500
536
141
465
490
561
73
118
840
448
625
681
166
95
250
807
793
352
109
901
380
264
936
316
515
537
780
650
565
406
239
880
6
143
141
174
675
904
456
671
241
865
86
78
743
888
739
74
765
276
329
380
47
20
367
346
427
186
15
732
625
957
317
112
323
798
980
962
453
283
483
311
755
494
465
991
481
423
61
481
756
826
280
5
794
107
589
593
213
771
451
959
970
897
278
966
478
863
913
781
578
939
384
665
957
774
21
609
311
537
879
129
291
135
407
635
485
527
114
898
296
447
834
858
510
275
390
849
184
676
233
864
570
653
926
671
367
46
666
68
590
322
780
711
622
858
695
528
976
678
273
928
566
341
576
233
599
161
373
778
898
383
127
190
975
603
889
76
751
362
847
359
758
269
371
239
854
648
148
631
458
14
936
275
743
628
282
515
696
499
907
269
121
953
98
672
610
836
726
480
577
24
464
834
199
509
425
853
633
120
857
911
785
125
858
151
330
183
798
244
206
271
553
208
105
287
392
363
66
528
209
213
879
590
727
479
913
448
536
165
4
444
423
213
530
790
389
741
260
515
419
908
633
414
962
503
229
374
915
996
246
111
39
102
82
880
476
994
975
496
849
847
154
287
397
459
886
180
539
198
37
659
349
18
96
851
952
841
390
387
792
558
457
23
49
42
258
547
725
581
101
188
114
181
502
278
513
269
826
684
862
902
152
915
4
219
367
642
571
799
89
544
462
236
297
579
982
260
29
693
757
551
45
596
104
457
494
818
2
882
657
246
308
755
631
739
896
232
694
319
833
314
868
342
692
639
932
629
668
125
494
138
616
727
231
996
319
683
229
81
403
905
761
642
710
259
908
421
263
388
718
657
439
729
234
737
525
355
816
991
292
346
80
439
189
364
122
571
697
374
16
952
369
845
200
799
361
475
754
519
121
708
403
673
607
321
146
388
77
542
105
28
821
331
286
200
846
163
443
426
669
964
566
529
846
908
368
134
288
10
380
171
677
121
505
310
981
343
798
95
507
630
740
720
433
861
521
681
256
830
888
772
762
665
22
224
946
76
688
985
73
189
74
251
464
642
714
323
42
892
850
761
659
723
275
435
612
916
976
135
375
493
224
926
627
607
474
216
45
483
891
823
527
655
820
168
323
115
705
602
740
751
398
215
890
847
729
411
888
865
174
239
122
242
824
654
164
812
496
417
317
373
940
579
30
783
418
681
144
713
303
647
910
30
960
573
614
859
480
460
827
244
626
963
297
136
277
173
806
316
540
471
625
138
874
914
523
979
718
536
661
488
926
852
456
392
35
415
454
798
240
372
510
39
479
6
898
972
787
317
514
156
451
383
998
181
306
237
353
996
340
795
875
635
547
269
952
201
368
679
541
799
118
123
94
746
314
807
340
117
347
510
499
388
302
157
137
575
388
941
950
211
879
196
62
621
265
557
770
434
648
588
440
348
693
923
626
260
534
726
352
933
582
249
764
362
95
830
127
249
961
193
211
581
486
710
106
73
180
948
554
49
130
287
414
132
586
127
7
547
666
72
441
666
291
654
315
875
394
261
462
807
696
956
111
947
239
219
397
816
385
8
812
821
936
274
365
635
652
675
280
293
581
523
911
877
378
950
968
197
227
749
267
750
957
896
761
289
729
19
840
443
584
666
918
292
177
70
77
209
231
787
120
578
345
443
249
852
736
763
184
123
242
202
963
648
882
900
612
227
249
242
324
419
790
478
2
191
361
354
294
940
224
310
514
891
933
237
667
67
360
567
142
47
622
587
280
756
632
95
474
388
886
61
487
951
540
608
818
547
372
148
627
81
907
73
268
150
935
342
116
28
7
346
397
783
705
215
739
242
952
462
377
384
206
829
642
689
748
719
786
778
948
916
842
448
212
454
275
103
600
397
898
74
387
318
687
332
774
705
983
564
14
845
258
799
635
105
631
188
696
868
765
801
264
313
407
874
73
685
268
937
146
896
778
270
283
681
349
373
888
820
911
114
778
13
489
511
441
983
195
495
700
146
481
35
12
126
470
93
177
271
778
930
549
362
460
870
538
839
361
666
929
433
212
932
685
161
434
796
301
752
922
607
258
939
38
405
489
376
7
554
370
795
496
316
963
336
629
896
802
465
608
193
935
653
307
527
151
824
436
792
790
403
341
334
108
588
683
236
95
215
954
393
338
803
830
633
202
417
298
143
72
931
264
110
889
553
487
524
589
668
740
688
393
961
813
421
553
365
145
720
131
512
723
970
356
193
499
331
984
906
887
552
47
396
720
103
859
300
78
318
258
124
802
814
805
794
623
959
641
354
949
421
237
503
618
707
642
712
141
679
674
276
322
386
509
403
683
535
388
870
844
22
705
541
204
194
892
788
87
973
930
713
617
636
843
948
555
115
764
801
371
272
745
80
590
465
645
209
501
997
226
508
679
229
903
227
721
37
1
752
716
582
965
378
425
691
642
553
343
919
674
309
461
950
31
820
434
323
666
840
48
917
554
326
814
234
496
476
174
312
137
838
419
902
947
275
753
378
165
286
771
410
531
898
855
290
174
97
725
449
474
461
320
109
313
62
72
131
49
719
448
676
430
799
995
588
428
935
902
129
33
583
653
801
24
817
735
687
1
657
435
659
694
862
379
998
504
80
670
114
155
399
42
719
991
956
208
43
347
625
976
78
963
625
188
923
863
836
933
793
195
221
759
875
749
17
361
651
402
11
693
353
870
465
883
731
104
25
960
877
391
298
496
677
203
237
559
296
163
564
403
543
756
939
43
11
296
219
908
310
537
161
68
977
556
821
463
691
349
2
825
806
426
41
575
804
981
363
188
890
184
664
551
758
39
385
591
325
607
303
735
14
314
186
337
725
382
52
586
492
471
654
819
338
566
964
683
0
706
689
345
139
331
532
351
606
797
657
37
175
676
573
764
504
790
652
251
637
4
504
402
135
2
731
724
213
97
793
877
705
793
716
321
534
825
344
491
330
919
71
994
244
608
712
132
875
14
144
591
349
616
308
845
992
419
38
350
24
208
269
71
793
292
372
454
976
500
159
121
998
803
717
0
596
201
886
308
88
332
420
501
350
920
814
118
407
939
487
349
387
988
942
827
19
636
125
729
480
398
599
777
145
704
125
531
358
956
202
35
654
565
768
905
529
367
817
932
631
480
199
632
925
517
743
187
744
114
929
986
437
485
576
215
644
875
72
78
150
13
369
390
733
347
987
447
102
100
535
527
161
473
660
811
538
157
971
704
366
735
823
981
672
198
577
278
65
974
698
124
410
614
23
576
295
202
146
238
507
828
442
969
11
707
595
503
811
28
847
369
286
620
98
261
661
950
901
845
158
635
63
528
990
187
942
339
637
931
66
173
819
330
716
545
162
456
690
902
947
653
323
805
199
497
328
211
205
987
474
786
388
885
693
151
189
837
46
261
435
48
672
833
330
998
980
192
655
78
714
982
919
35
380
723
939
779
562
772
836
772
703
595
337
676
692
479
414
958
86
304
184
68
558
63
582
506
200
888
336
439
901
819
635
432
567
910
747
861
817
77
877
441
673
545
536
649
45
120
67
681
260
551
24
106
165
337
346
682
709
575
137
915
765
273
309
606
95
755
827
866
752
650
798
108
90
475
997
649
614
138
732
372
6
500
726
424
880
503
52
841
881
887
363
945
738
233
923
681
729
94
734
935
626
759
561
823
831
428
434
641
346
720
214
380
952
334
825
76
521
238
692
538
395
434
328
625
290
886
426
875
242
603
634
400
976
595
933
756
308
734
772
555
867
886
122
260
493
82
152
571
429
128
799
324
552
331
443
504
914
988
126
877
979
604
116
438
171
799
699
282
847
270
864
745
559
159
847
289
503
743
391
251
358
56
760
365
380
376
99
721
182
920
992
210
699
148
107
308
164
200
822
394
157
130
664
699
738
80
243
330
218
646
609
154
983
52
890
591
788
884
603
648
216
875
808
677
208
639
315
296
920
441
238
664
448
458
784
475
62
585
49
103
895
463
753
887
980
830
823
283
210
315
572
973
598
103
696
391
898
713
63
144
228
449
14
785
489
116
672
594
322
480
806
252
558
331
770
28
180
45
208
429
717
725
522
901
648
560
130
752
789
508
999
704
565
220
430
260
310
63
798
769
571
329
424
916
975
952
795
405
227
150
744
457
571
416
201
511
423
721
825
916
120
807
663
242
285
982
462
433
17
503
820
420
262
803
735
474
275
797
35
627
987
180
927
693
916
435
166
318
973
33
425
54
517
134
548
65
293
735
454
326
590
603
996
350
206
578
80
456
107
208
797
468
901
109
527
122
111
202
139
805
215
642
457
889
810
707
625
850
711
967
811
87
410
64
960
575
94
455
767
819
770
259
51
53
31
464
591
702
922
909
33
605
207
49
773
199
863
263
327
254
405
530
54
267
57
745
918
248
186
422
482
862
387
591
571
944
455
96
502
453
995
162
379
465
467
748
526
924
358
788
945
349
326
388
629
868
123
13
80
698
402
414
730
872
828
608
192
644
325
237
986
719
155
915
499
344
728
861
354
663
581
208
497
201
214
288
37
568
295
224
208
847
356
676
822
871
435
738
890
82
313
684
746
69
852
787
175
78
124
207
224
782
128
196
813
23
500
837
318
406
748
865
222
12
266
528
287
655
407
523
918
334
442
381
262
605
813
377
338
407
785
823
584
787
821
303
789
668
246
762
370
745
316
455
154
388
941
960
799
310
734
984
408
387
925
524
357
240
874
26
83
878
230
615
237
145
726
375
626
966
773
454
301
144
552
793
582
641
722
786
910
590
596
192
254
685
600
274
525
716
619
619
990
428
544
58
626
11
195
461
697
302
375
312
517
394
803
789
630
412
16
399
199
30
391
558
367
280
548
797
600
249
182
928
550
930
997
231
39
483
338
99
863
662
221
743
206
635
674
95
599
578
595
207
336
933
630
724
646
787
748
286
415
324
518
338
203
416
989
835
551
139
70
326
52
918
94
782
679
87
898
575
24
875
479
48
488
631
909
477
161
639
817
242
674
494
669
464
351
819
369
91
789
766
614
905
337
229
545
655
961
548
738
282
662
601
853
82
879
428
413
458
860
965
459
49
20
940
984
434
274
714
911
848
437
63
141
834
890
622
876
63
204
73
996
60
479
750
635
966
978
803
746
135
10
719
602
343
920
789
858
807
560
276
443
38
11
115
80
890
601
720
393
20
157
326
732
103
117
467
194
862
280
763
457
349
322
775
905
236
88
954
820
19
615
475
182
565
589
274
116
739
951
369
23
686
837
863
687
257
75
956
422
58
1
953
853
811
879
127
199
900
530
37
515
817
849
488
159
758
703
163
754
910
80
233
504
167
149
259
165
457
864
704
994
820
620
387
71
179
26
816
116
73
925
298
44
938
481
982
596
703
588
621
667
120
625
383
519
320
952
287
731
478
442
582
587
886
995
941
913
155
663
96
413
312
455
414
989
709
990
564
638
219
136
489
193
691
733
836
750
771
811
135
789
744
530
201
986
6
332
911
843
383
368
971
338
946
469
114
268
716
967
718
738
465
734
977
731
763
245
135
81
106
168
996
485
579
460
451
105
578
595
21
832
894
865
286
886
922
469
933
486
65
547
373
78
839
971
596
243
376
268
482
151
913
388
703
158
824
667
34
436
264
823
683
975
560
299
374
841
873
51
696
835
388
74
485
507
24
256
657
241
169
346
154
361
602
599
735
824
951
745
905
520
16
561
709
111
908
853
415
753
1
208
885
908
158
141
462
789
431
773
71
63
704
222
601
705
820
871
869
872
249
502
879
12
63
580
473
869
435
908
695
911
40
687
416
485
545
691
925
871
38
720
925
128
134
24
135
174
892
317
243
372
402
2
738
427
451
112
779
731
573
467
444
355
555
570
347
5
38
301
739
452
642
429
881
930
183
473
55
510
943
677
815
375
581
286
0
731
129
332
229
647
520
590
858
345
486
327
413
34
975
413
299
90
31
908
767
723
886
117
108
814
766
109
996
455
616
333
571
216
760
515
822
415
84
596
321
745
465
194
161
530
693
626
637
992
161
818
623
372
363
889
326
267
869
120
353
520
459
65
505
830
746
254
215
987
913
706
151
926
580
213
391
157
477
199
265
475
752
947
615
772
336
405
300
188
649
782
787
664
88
761
508
907
359
704
32
578
518
962
217
871
636
661
725
728
631
388
641
91
70
439
544
385
13
683
560
197
80
7
674
622
134
618
968
261
626
360
708
220
636
921
915
885
876
68
115
200
224
503
232
484
23
478
258
201
739
602
985
913
678
428
761
818
636
388
951
868
258
407
988
912
402
716
84
460
362
525
941
666
627
551
468
90
806
870
142
13
43
498
301
219
530
406
190
178
19
335
627
552
412
288
3
541
809
199
672
54
789
245
331
58
720
62
325
55
913
605
439
406
913
82
213
699
996
404
958
857
95
188
960
361
372
61
886
412
622
397
146
148
382
438
793
535
716
421
652
964
515
115
380
969
879
635
552
261
505
22
442
95
210
993
431
121
911
591
698
415
251
507
680
351
212
708
731
954
154
431
87
129
460
193
475
330
621
177
303
927
340
659
118
423
74
382
510
875
404
769
459
823
46
21
261
814
118
286
710
73
800
880
88
823
386
698
215
354
647
94
101
896
112
467
366
889
226
957
505
997
717
214
4
858
880
715
48
128
871
382
306
958
9
833
642
143
589
368
708
792
877
964
68
597
17
314
742
453
348
46
68
76
181
350
102
577
122
466
186
842
2
918
936
389
763
233
183
994
891
128
504
10
404
242
821
659
738
48
860
981
953
298
925
963
649
347
191
74
127
511
728
299
979
14
231
665
940
258
200
155
620
829
629
170
51
633
660
692
246
439
57
357
773
494
666
91
253
620
260
620
292
401
275
499
126
384
929
291
647
553
74
235
316
562
33
560
263
809
107
308
167
635
325
429
506
93
157
419
799
588
738
511
656
102
37
915
571
619
185
864
830
415
695
378
381
487
477
617
113
758
241
307
938
988
668
727
134
355
386
864
595
408
243
511
885
205
851
922
159
952
170
221
74
813
94
622
448
139
808
942
407
586
831
885
746
541
586
138
779
878
268
804
265
331
455
438
161
988
582
439
836
496
684
354
3
131
949
94
878
646
955
840
632
555
684
674
282
47
158
923
528
907
484
942
97
5
485
26
989
97
999
772
247
582
828
369
503
720
981
131
943
365
928
212
459
905
503
309
238
246
199
245
321
978
701
555
200
120
341
914
212
999
902
826
353
131
25
953
952
360
836
82
161
553
479
12
325
888
138
938
615
728
611
918
48
588
805
805
199
218
359
872
508
388
464
531
480
723
552
513
334
274
969
314
460
361
600
883
975
291
42
73
404
642
45
271
657
5
101
276
547
211
352
716
864
910
162
580
553
811
503
928
253
130
92
828
999
505
5
268
717
361
291
997
756
975
221
994
865
392
307
312
766
666
492
399
310
933
467
300
68
941
238
255
693
145
604
867
467
302
531
535
520
828
727
392
205
552
57
420
347
754
883
104
163
184
482
834
780
984
510
545
634
89
122
635
416
865
989
22
76
347
108
782
970
630
992
431
942
756
512
561
967
877
639
814
239
343
915
816
710
857
618
347
947
839
495
153
542
352
832
180
259
669
760
791
53
368
78
521
325
326
696
333
761
10
232
43
872
195
627
987
562
674
547
897
98
134
838
396
961
943
609
699
581
344
68
279
684
174
163
280
668
87
311
506
976
708
517
718
357
687
190
81
377
999
569
591
233
583
660
7
825
302
352
885
92
12
46
111
472
194
162
276
238
371
5
204
707
253
86
297
417
903
303
97
981
437
213
26
421
675
347
127
583
635
450
598
465
739
127
319
807
25
985
434
279
232
672
162
702
615
234
208
610
590
863
727
159
238
607
38
531
354
63
350
99
445
316
849
665
83
575
115
507
478
201
924
576
969
482
794
482
413
953
322
65
644
630
708
210
200
915
445
963
199
11
552
66
828
855
511
327
409
152
341
13
565
276
42
12
676
216
782
73
719
153
858
785
582
574
110
29
409
330
834
10
911
389
867
879
764
40
441
253
303
110
40
469
231
567
683
897
977
394
958
650
503
421
427
266
248
181
437
773
463
840
823
682
346
42
7
423
321
840
541
22
978
808
541
416
993
530
360
19
709
106
408
567
290
221
860
72
44
214
761
200
471
71
91
159
810
317
911
547
770
535
153
655
583
944
10
396
941
138
179
589
499
614
429
134
912
367
507
566
726
410
622
940
173
505
445
793
782
468
407
167
70
208
306
131
821
513
750
907
494
736
283
633
766
145
142
835
714
723
679
547
200
527
885
97
471
102
811
709
414
586
385
160
898
549
391
787
196
291
847
209
400
37
35
91
693
687
577
981
579
266
76
443
976
644
949
385
603
3
872
241
252
225
795
518
629
1
134
647
891
111
316
433
980
778
705
603
571
710
428
319
767
907
358
338
680
810
462
807
41
585
515
628
904
965
739
34
182
447
334
64
944
291
876
166
602
503
284
939
885
0
799
3
299
256
840
106
747
95
372
779
178
980
166
588
913
56
86
244
227
573
647
741
800
657
946
989
116
729
759
569
88
786
145
480
649
188
267
221
12
405
855
496
50
627
158
362
95
842
174
731
57
440
110
533
99
551
233
681
549
78
2
610
581
146
606
619
604
642
420
785
693
85
960
479
253
605
12
22
977
128
495
233
648
575
171
419
26
980
325
266
764
724
914
386
387
310
586
672
547
597
404
198
428
846
498
675
108
665
177
780
981
703
676
750
928
806
367
428
656
147
522
644
211
960
501
572
446
840
370
362
912
140
82
271
726
858
207
859
423
504
668
707
636
326
414
234
798
412
9
568
113
916
473
427
69
735
509
346
958
413
43
892
391
495
951
739
316
97
185
781
940
470
769
390
33
753
392
382
76
461
963
358
483
943
282
475
406
812
852
394
278
271
345
412
77
714
598
205
640
189
435
837
193
622
619
999
262
452
882
275
775
997
751
56
503
386
577
65
405
545
796
291
671
347
947
434
585
860
504
121
844
551
37
624
553
514
915
26
787
80
348
670
167
370
295
551
725
450
245
438
756
405
704
341
103
498
67
393
265
688
906
390
103
215
628
61
254
383
275
58
837
425
32
586
529
123
159
955
758
497
251
704
23
202
879
841
592
954
709
350
213
968
502
552
11
811
592
374
34
395
65
620
582
532
468
124
471
385
368
431
317
44
78
716
893
120
539
796
812
501
832
710
35
215
71
496
90
540
436
275
656
574
658
352
184
323
862
71
65
883
170
912
992
217
408
790
550
611
331
415
151
367
145
879
991
354
463
419
413
826
328
615
300
880
323
87
979
967
964
663
767
704
455
155
267
258
600
573
407
830
4
331
933
3
85
647
931
346
756
733
745
39
931
150
227
545
412
701
871
349
38
495
88
903
343
646
968
149
253
428
784
818
645
50
770
996
317
316
234
412
588
945
825
925
920
299
77
92
200
550
371
726
803
441
740
705
730
869
744
133
230
368
556
269
745
688
339
307
79
460
508
355
123
454
383
463
954
703
541
813
385
75
983
920
394
898
69
534
988
82
802
706
424
673
839
283
518
704
740
416
885
77
960
981
708
82
293
43
965
602
383
948
24
339
978
831
448
826
547
103
217
890
567
69
641
123
991
410
75
387
297
274
120
445
179
665
294
409
140
636
68
379
926
341
451
981
547
428
915
985
304
589
463
768
660
668
981
406
361
743
839
19
814
219
155
302
763
781
636
769
107
248
880
955
314
260
512
733
633
37
670
761
801
416
723
420
378
879
502
840
152
931
116
283
753
470
952
384
595
404
473
231
218
427
935
881
271
877
144
173
781
194
832
329
700
828
685
358
528
848
385
40
980
353
27
586
878
605
300
357
200
247
984
475
726
326
683
201
901
177
782
811
533
301
829
550
154
117
227
897
887
696
938
996
595
121
217
521
271
451
787
872
972
767
850
202
775
926
428
527
319
686
471
679
65
510
448
85
121
291
868
532
227
309
763
747
300
466
80
159
64
660
428
597
382
237
138
893
366
517
92
178
902
816
489
696
978
920
597
141
899
316
113
42
433
369
443
142
857
46
947
455
926
694
846
899
357
515
283
337
210
349
680
139
185
448
626
526
763
539
897
70
131
703
280
679
573
944
617
748
611
483
465
469
778
376
200
897
912
945
639
990
763
194
607
979
869
740
893
203
821
696
964
704
221
114
117
90
501
734
865
320
323
211
458
464
808
565
523
179
970
380
123
951
684
595
728
872
63
393
219
724
670
826
477
456
648
193
328
257
14
991
476
434
949
7
131
484
84
672
652
791
814
389
458
130
450
837
830
237
73
818
608
980
600
747
709
373
218
219
231
485
988
563
121
867
730
640
314
307
48
310
155
141
639
399
353
587
715
0
48
114
738
467
126
123
831
685
252
689
531
585
53
55
486
932
238
542
14
10
794
244
545
724
384
435
146
919
34
494
398
569
694
514
554
70
508
441
716
675
523
579
996
435
970
125
262
336
750
271
677
516
902
683
103
398
320
93
823
884
209
205
457
91
325
920
62
466
113
206
309
422
696
925
545
154
11
317
311
400
188
571
31
777
94
303
485
807
204
265
830
987
708
672
960
84
218
623
495
732
93
449
615
38
521
196
113
445
646
113
456
388
814
733
282
608
198
984
145
509
429
655
285
353
857
215
307
115
157
3
6
878
313
234
651
14
453
760
233
961
589
644
139
388
787
25
419
472
519
634
289
478
82
252
619
199
542
241
794
963
919
95
526
792
710
861
397
732
996
560
458
860
172
797
394
430
10
371
828
660
256
812
486
167
597
328
662
907
998
883
768
108
207
433
65
401
13
355
938
282
634
830
466
991
969
256
854
386
572
773
916
812
610
851
392
541
782
653
194
275
277
85
355
501
880
820
886
581
432
417
326
72
109
231
964
236
656
631
511
895
426
250
508
620
560
480
44
421
341
698
736
651
30
7
384
603
880
753
987
14
502
190
122
69
810
6
43
150
761
120
980
620
25
257
457
716
988
725
50
580
815
506
748
471
554
101
566
314
522
963
233
171
575
623
802
958
709
564
852
603
452
869
901
916
773
241
452
326
1
685
952
844
808
751
254
227
378
819
72
788
68
341
227
623
29
129
152
662
552
151
797
737
545
217
745
163
965
446
962
463
795
215
169
320
802
709
437
14
643
778
925
103
26
925
747
808
706
874
819
227
341
635
691
106
72
129
291
730
778
141
427
378
881
272
830
131
412
547
660
627
832
631
435
49
361
763
286
76
999
836
274
778
404
459
266
380
216
682
996
830
947
503
923
105
341
826
819
393
110
705
314
581
221
978
547
156
517
456
470
842
188
765
445
264
437
176
58
875
410
984
129
942
536
10
940
620
733
129
625
565
109
825
920
124
890
322
723
33
881
574
997
367
886
555
659
585
347
353
382
989
570
761
18
929
537
517
888
107
325
987
260
900
731
201
439
664
758
197
577
122
650
54
119
86
368
360
850
265
563
456
489
817
634
993
65
803
966
925
478
490
567
41
274
603
496
62
82
707
508
917
589
977
328
634
168
547
380
263
77
516
302
529
92
777
659
87
913
697
895
620
817
992
552
53
374
152
235
193
936
332
465
777
540
593
190
356
505
799
295
57
553
63
658
793
287
347
261
547
432
651
269
488
464
42
207
142
290
760
519
609
278
659
221
429
402
299
793
82
757
835
537
307
451
536
324
922
504
361
88
793
705
271
352
325
141
852
318
647
420
659
43
244
656
807
227
465
628
875
281
636
794
785
685
485
467
920
480
990
13
819
889
495
116
205
701
341
14
423
310
951
955
357
907
950
214
749
232
597
141
818
10
391
660
270
21
617
137
692
451
793
57
584
34
615
212
210
947
750
288
744
63
892
979
439
300
748
753
98
427
635
515
460
277
193
150
508
874
638
434
380
71
781
588
876
330
95
595
237
697
843
666
0
205
694
478
630
27
454
437
674
589
55
271
898
778
328
345
573
107
301
965
608
268
80
438
273
992
771
180
455
812
989
151
343
746
509
179
252
637
389
72
833
469
449
317
989
459
321
964
196
241
10
597
795
659
568
21
818
722
73
735
404
464
433
997
386
751
0
714
981
234
853
301
419
316
39
543
738
584
323
892
123
24
354
784
820
253
115
204
873
557
283
179
542
799
315
40
617
260
277
798
930
607
165
53
179
7
179
773
289
222
793
25
900
325
900
219
768
188
747
139
59
113
277
591
659
779
236
974
583
68
852
155
143
522
270
7
885
36
316
287
203
957
143
712
107
674
432
239
886
807
664
675
380
326
696
8
888
576
253
384
844
774
985
59
268
372
202
353
193
26
876
103
193
123
418
973
617
368
986
658
977
266
800
236
942
52
459
352
183
757
155
34
978
137
418
616
127
545
617
765
904
335
519
558
385
615
717
585
710
649
799
461
480
3
767
237
699
18
238
868
643
407
726
611
672
149
716
906
981
897
251
321
907
709
460
135
330
341
657
121
888
708
835
234
978
371
552
260
467
189
79
789
873
863
633
43
54
767
288
995
317
766
770
888
648
847
207
986
207
141
337
922
305
842
836
625
401
903
225
545
216
589
727
849
810
895
433
768
493
805
830
67
53
504
414
802
37
534
517
848
164
499
944
312
22
720
906
322
891
399
274
981
317
233
669
496
585
220
837
819
552
253
546
474
166
585
292
670
572
877
40
795
784
519
17
626
860
143
372
73
86
897
932
877
770
90
544
639
8
539
965
14
924
7
938
215
250
998
483
205
803
808
126
139
473
456
744
985
174
65
736
481
168
886
619
659
319
363
627
955
646
129
963
890
589
944
614
256
75
721
10
511
145
274
875
957
629
226
151
610
777
653
701
763
904
533
745
238
165
698
90
323
663
317
658
437
941
377
406
52
277
356
738
708
876
563
71
418
385
235
510
567
38
994
523
35
985
672
179
144
529
12
743
798
60
578
805
832
501
19
102
192
742
357
109
259
334
457
139
377
464
311
625
760
20
900
906
152
345
845
101
306
622
443
233
296
463
348
582
423
178
647
130
233
726
637
349
32
30
607
381
242
671
574
5
332
569
312
806
757
998
816
823
758
808
207
517
996
339
578
182
265
841
718
591
599
468
899
869
755
890
733
627
745
588
852
312
296
253
37
448
984
12
744
76
787
304
972
972
261
947
199
817
880
294
804
157
77
245
721
113
729
590
478
881
153
69
776
668
969
232
226
898
734
957
536
804
138
702
631
860
927
941
680
931
489
407
611
744
782
877
385
48
593
649
804
314
601
798
321
55
245
146
446
164
23
404
681
804
616
126
391
865
362
434
989
860
93
277
477
11
985
729
74
908
343
144
609
367
722
598
153
374
535
9
940
977
193
776
202
325
266
321
883
648
702
904
689
468
337
384
572
322
889
682
864
743
443
463
195
7
437
147
514
163
268
927
334
557
987
795
244
437
428
825
433
557
10
435
259
140
131
972
180
310
754
388
275
230
942
785
155
141
92
184
353
833
276
349
193
296
237
950
938
496
610
315
219
137
636
823
299
83
519
93
316
128
600
857
373
749
450
952
955
532
910
148
281
77
529
644
838
558
193
567
57
63
494
711
212
428
753
623
26
837
432
199
365
609
822
763
444
284
476
381
628
442
808
182
199
828
224
171
307
909
368
473
449
722
711
652
954
409
98
669
929
506
382
785
468
254
775
184
699
968
824
439
858
308
937
998
869
393
733
323
194
968
108
463
615
887
747
74
67
548
855
90
204
998
741
397
14
745
832
202
911
543
278
130
690
590
518
628
116
72
172
360
273
74
917
482
426
254
539
45
578
947
991
514
231
958
767
507
466
522
812
322
930
622
201
817
770
241
796
410
594
888
341
495
12
886
971
640
846
242
575
756
744
757
427
865
135
731
442
428
335
877
125
142
70
54
992
427
916
219
648
274
646
770
725
408
530
965
454
744
614
439
815
747
500
448
430
831
794
383
114
262
73
791
295
520
612
956
886
449
280
101
759
314
855
702
769
208
511
345
662
328
135
295
54
165
445
861
440
400
745
392
780
81
544
820
187
216
591
928
138
823
722
696
638
169
279
642
984
670
92
466
426
745
362
678
316
364
17
85
449
756
459
423
456
39
166
887
361
236
736
915
53
421
788
904
843
25
791
731
131
250
538
10
469
200
56
570
118
71
130
392
641
718
795
360
65
226
801
849
598
538
291
178
434
485
554
60
318
471
573
11
942
506
777
563
886
942
571
55
999
180
865
890
382
668
846
581
646
320
158
211
415
782
801
941
492
819
652
354
103
656
255
656
683
540
960
797
226
350
148
226
739
509
573
717
244
217
960
889
234
751
265
802
531
355
587
953
979
602
183
193
502
50
53
215
257
249
30
572
682
571
723
696
486
837
526
428
904
505
911
614
63
780
318
50
828
636
861
234
135
646
626
670
478
917
519
166
12
749
379
518
816
867
980
423
385
451
765
387
625
231
192
269
761
626
847
672
319
83
552
973
403
130
815
723
464
783
153
700
533
357
956
617
718
482
591
73
207
728
350
538
519
472
85
90
817
184
633
135
694
228
858
512
261
421
937
302
338
707
740
89
633
571
153
983
221
682
832
439
117
150
965
957
998
480
554
509
693
455
194
427
121
217
555
213
350
143
150
376
66
657
778
161
303
826
450
468
182
980
175
234
445
693
448
462
826
356
881
1
535
459
126
76
484
770
49
643
611
323
648
222
621
758
696
647
418
218
417
303
195
693
78
697
243
104
34
117
582
722
580
529
291
30
107
308
714
58
243
487
867
189
939
97
188
9
512
675
799
155
181
938
999
343
314
266
971
51
672
415
886
205
380
189
176
604
583
626
182
597
316
455
907
803
125
57
360
213
40
572
617
613
326
881
426
583
822
465
708
997
556
179
371
634
702
368
746
445
441
609
416
591
644
330
815
756
919
957
70
705
808
410
271
509
180
835
508
918
864
561
295
182
182
288
977
641
652
905
647
795
508
762
445
442
493
463
169
388
333
464
283
43
233
531
296
512
366
966
645
628
621
988
608
172
976
911
830
770
961
691
55
101
614
108
705
837
781
20
977
51
363
600
282
33
754
784
260
631
748
544
237
287
812
274
118
747
758
194
800
984
919
543
71
964
284
507
627
349
616
872
369
932
956
846
840
567
577
381
16
919
425
303
433
147
801
895
84
369
535
103
635
284
846
445
205
877
474
418
507
435
496
920
950
677
865
118
980
663
355
788
91
35
72
183
724
157
120
913
631
77
219
235
398
679
772
917
486
211
887
171
725
234
639
794
491
402
240
372
772
490
510
82
391
830
51
146
982
755
540
847
933
711
613
947
14
440
978
414
860
682
102
664
551
343
780
993
77
205
869
634
258
169
564
511
180
50
67
518
846
317
141
426
115
658
556
886
654
575
691
279
457
300
214
925
190
318
931
12
8
23
248
238
788
404
346
238
570
996
737
22
599
181
87
362
540
291
178
878
176
831
111
797
525
495
493
806
722
965
574
718
89
486
309
694
14
741
162
0
215
224
407
819
861
794
768
81
26
22
968
115
852
880
209
691
4
48
895
539
851
129
943
634
133
703
566
476
727
75
749
134
394
434
676
527
460
18
326
836
951
559
109
959
111
893
214
710
823
815
70
869
347
722
296
241
80
523
696
706
636
50
491
47
701
656
636
217
907
143
80
804
682
721
916
298
354
353
161
344
180
524
933
230
709
918
490
428
39
286
939
326
947
642
636
816
726
361
791
339
53
152
186
300
575
896
108
450
104
613
906
708
739
316
515
2
765
868
519
660
461
884
617
505
482
382
361
316
521
155
577
747
157
105
627
458
528
832
872
102
509
877
725
763
403
749
167
982
471
956
759
111
75
731
244
526
980
921
228
301
621
417
67
906
996
10
541
473
216
874
859
135
44
236
115
325
711
94
432
892
484
801
858
588
939
345
98
586
115
876
38
314
54
301
285
486
981
80
680
433
837
823
125
0
107
433
747
37
593
802
614
761
549
277
711
612
436
901
843
221
25
406
198
615
220
213
16
291
286
834
705
368
496
400
798
592
605
712
590
162
161
16
637
608
429
925
766
936
334
197
642
228
810
346
735
611
2
990
251
562
413
503
786
371
550
154
690
726
291
92
91
676
268
743
784
692
137
361
627
890
811
822
622
220
877
555
908
219
200
647
747
694
53
183
330
401
607
511
671
560
805
608
346
804
755
248
73
954
94
706
748
353
763
233
105
124
594
185
406
962
171
105
609
848
177
841
53
386
341
308
925
257
78
886
328
34
462
95
935
8
350
102
657
987
361
794
374
996
385
597
23
684
62
940
516
117
93
922
462
377
291
182
887
248
650
575
44
633
293
65
409
68
105
774
207
367
451
777
398
128
574
425
923
795
758
693
145
932
20
777
838
327
296
415
3
753
45
221
545
382
477
279
562
581
695
560
524
783
580
964
454
863
159
366
956
582
39
569
194
116
800
129
925
881
802
986
140
838
636
808
918
11
681
190
388
598
573
631
452
740
818
864
134
881
930
651
104
541
407
906
820
40
761
814
631
952
423
53
934
838
521
921
190
461
622
379
736
687
826
165
668
74
20
406
405
308
738
944
94
145
120
463
415
19
725
767
764
699
749
566
541
253
627
727
372
721
729
2
252
130
935
286
338
557
486
98
789
404
956
266
488
157
40
23
473
194
107
616
291
960
31
119
453
734
517
568
821
194
188
248
107
12
802
922
20
309
967
347
303
559
943
109
50
803
56
74
30
206
945
560
480
321
441
990
462
830
28
92
877
867
117
193
129
435
235
738
185
651
703
613
789
462
426
59
684
673
586
12
565
624
571
321
726
237
387
664
428
846
100
771
369
783
384
211
85
291
74
878
666
946
585
223
656
545
276
268
167
948
836
961
575
12
928
897
51
323
174
260
557
856
206
167
734
918
926
825
977
529
602
830
543
642
710
199
918
387
648
577
681
965
178
103
417
881
743
523
114
15
531
651
338
572
352
724
625
679
72
335
852
48
316
698
757
65
361
723
499
63
159
407
204
763
294
126
346
566
241
493
793
666
659
374
609
405
812
655
824
652
211
611
30
959
134
181
250
880
511
843
846
370
758
886
992
346
718
81
34
353
845
692
35
604
958
50
325
327
341
295
614
210
177
190
28
255
596
191
871
214
881
145
75
920
541
40
637
562
489
233
84
848
762
382
615
812
625
3
987
876
236
819
510
392
139
277
103
376
538
219
558
320
173
774
208
986
319
348
301
784
858
479
650
788
237
767
44
492
522
415
530
554
745
904
746
574
108
469
177
850
655
288
441
614
568
62
475
241
847
819
840
206
59
846
550
467
984
762
563
936
702
945
682
240
506
792
906
80
384
884
154
739
587
573
35
968
837
446
710
582
137
334
196
391
81
436
628
359
488
68
241
55
352
76
260
287
339
82
292
391
388
580
111
547
623
362
231
721
829
965
375
650
492
25
38
574
737
17
246
76
551
12
872
619
379
350
857
263
199
576
541
346
516
908
624
677
495
457
480
294
177
469
217
251
14
442
107
758
69
680
984
787
647
586
736
284
63
869
818
288
969
962
644
171
904
263
226
225
775
707
451
923
415
489
884
513
965
759
800
14
777
647
485
898
496
451
790
480
388
774
716
204
913
291
159
761
707
480
308
588
583
944
670
504
426
619
446
452
883
885
777
529
829
775
908
760
520
121
368
472
739
131
799
577
746
946
781
140
184
799
594
92
504
563
386
850
735
274
28
943
889
703
208
408
901
336
939
215
747
592
792
234
10
932
42
837
709
957
937
196
697
846
836
233
338
654
987
619
614
110
530
509
262
35
208
408
413
656
220
357
259
53
369
224
143
201
121
43
263
498
594
304
110
625
384
122
24
765
286
908
231
511
118
22
933
137
628
271
437
748
233
659
989
764
107
394
158
0
690
85
593
80
274
775
548
75
505
402
993
308
901
76
272
92
518
704
579
847
511
903
79
129
795
838
197
547
793
498
51
339
870
33
407
262
14
717
763
464
150
547
382
456
198
717
291
686
527
92
962
92
683
732
476
814
578
681
308
164
42
946
55
925
809
94
222
107
314
929
271
451
383
483
667
576
272
361
828
901
400
52
612
222
519
956
857
855
616
679
739
904
968
877
220
915
207
942
340
235
647
650
177
269
683
265
296
139
499
100
835
410
416
414
320
275
834
760
551
985
189
454
484
9
62
145
39
700
593
302
985
432
691
144
291
571
853
938
488
730
761
561
400
211
670
745
822
219
88
522
103
506
646
360
632
375
928
590
354
544
815
860
179
777
20
901
805
997
931
236
260
588
736
606
434
580
981
891
924
649
580
234
646
705
556
774
491
429
151
151
270
305
507
273
49
70
793
442
372
803
286
832
443
586
398
139
511
933
271
439
945
518
30
219
578
799
798
289
672
346
560
927
464
495
126
219
722
220
339
231
361
700
987
430
943
26
771
811
739
360
27
842
126
75
86
452
328
902
495
415
860
334
935
510
869
736
213
468
782
444
328
420
786
58
705
899
718
174
865
478
983
290
677
539
508
43
513
763
215
153
899
8
460
919
622
21
87
711
986
68
801
82
773
153
209
115
28
297
577
591
407
527
925
922
680
44
612
531
675
647
62
349
0
86
363
354
546
386
12
374
589
292
132
772
325
109
327
682
621
41
256
236
933
748
63
372
137
349
163
12
726
783
675
161
53
706
470
225
166
64
816
883
853
896
60
217
376
419
708
326
705
86
985
591
351
179
536
926
817
616
542
153
873
175
844
985
284
204
723
733
400
340
176
530
150
949
900
382
896
797
682
295
899
917
184
854
835
772
222
670
277
487
69
894
842
819
974
367
119
729
16
371
977
401
947
31
188
785
795
456
563
839
201
515
69
452
51
135
261
920
66
117
373
986
767
82
919
733
496
110
113
665
554
344
950
906
826
931
911
968
509
150
682
720
510
18
181
654
308
717
993
313
860
159
249
786
126
572
3
525
557
633
779
591
640
751
555
783
814
954
442
643
851
397
271
404
707
589
235
645
622
42
731
20
733
608
502
969
963
831
547
142
765
478
364
365
943
733
535
806
722
726
938
960
17
203
753
638
622
777
88
930
429
676
563
170
472
929
381
29
426
296
587
954
224
81
227
443
783
939
231
42
585
449
68
827
814
210
883
568
32
470
379
267
142
48
209
295
485
728
906
361
286
412
97
124
940
963
59
655
442
664
690
614
138
710
874
972
390
786
122
349
203
334
482
135
826
581
782
775
501
531
951
73
26
767
875
280
282
981
787
505
74
32
851
574
116
673
394
103
433
812
141
919
392
312
993
397
42
178
708
232
510
149
652
677
826
622
688
79
758
623
179
933
603
229
941
753
357
572
662
642
671
259
771
684
545
390
623
600
280
84
4
745
946
339
814
479
383
335
79
594
128
451
86
225
721
738
76
350
280
827
540
996
167
902
636
978
899
939
261
152
152
303
43
492
865
561
386
653
427
521
596
233
834
359
801
523
855
681
596
674
230
951
736
760
155
411
225
442
610
109
42
863
636
944
818
547
830
216
464
700
181
190
101
519
747
35
428
802
397
679
978
964
388
49
625
93
415
463
56
188
699
123
149
467
387
737
976
951
612
525
623
208
18
1
919
74
594
586
324
247
803
890
290
534
324
667
946
305
186
995
222
375
659
148
335
215
924
353
739
729
200
541
85
387
57
655
875
458
827
677
642
855
362
789
927
157
505
136
40
141
245
573
738
755
177
439
723
980
862
166
602
597
526
403
135
842
946
541
94
602
886
257
477
745
691
841
984
949
402
827
590
117
903
166
811
476
726
425
348
884
641
153
841
789
704
654
330
293
845
914
301
794
622
766
8
706
354
485
955
732
228
950
339
445
277
934
222
678
416
423
361
960
164
619
962
256
399
817
466
126
312
888
959
618
592
230
34
262
283
477
743
867
661
921
333
526
496
655
383
584
221
397
82
746
515
327
816
785
753
134
406
867
122
494
274
55
123
552
995
889
248
825
149
598
144
527
45
628
93
557
395
278
214
686
17
633
400
828
698
57
648
887
694
875
340
392
998
215
384
191
433
243
29
574
925
497
428
77
91
981
402
902
5
545
26
117
241
413
96
116
743
320
960
409
128
416
366
244
632
244
939
954
369
574
589
626
135
249
123
879
522
359
308
45
785
179
513
270
74
707
321
484
511
896
299
137
155
272
867
261
247
281
397
284
188
509
751
714
642
888
216
324
78
62
237
191
571
750
257
877
496
194
633
441
588
183
530
418
50
539
280
200
647
282
77
106
894
19
111
219
301
455
319
283
581
542
680
820
146
647
118
157
143
292
313
432
543
299
461
378
254
578
440
121
407
879
773
131
678
803
556
14
893
790
7
571
71
277
319
563
15
458
940
993
801
259
314
407
921
735
950
76
343
173
156
525
23
844
799
687
627
118
832
109
811
362
451
515
289
205
2
764
685
101
309
549
781
155
225
432
475
617
150
249
589
485
528
726
151
734
469
67
303
258
473
490
161
982
478
789
370
387
640
190
182
188
867
345
477
345
205
941
921
702
367
966
65
690
368
483
765
179
240
697
939
28
510
742
363
138
590
755
431
515
723
114
796
473
405
269
356
818
99
999
316
716
712
698
701
13
719
229
27
985
799
765
860
11
210
763
466
512
846
98
37
683
943
111
365
798
770
921
723
10
163
911
245
889
863
351
959
81
419
807
730
575
455
623
43
392
981
55
14
739
11
202
988
99
758
879
681
705
206
882
447
702
156
945
550
746
848
880
918
869
239
986
707
989
565
738
74
954
578
233
474
570
901
22
885
573
708
925
519
317
292
6
946
716
814
845
211
667
43
206
763
244
307
936
801
310
502
298
760
955
624
208
145
153
903
374
63
415
339
597
441
859
210
972
163
160
24
382
492
248
668
237
182
306
742
228
304
188
659
514
935
924
634
809
900
235
187
877
576
924
657
794
869
811
242
783
579
413
523
944
467
105
298
640
787
92
330
157
188
161
699
525
217
757
493
428
35
541
597
825
448
541
77
631
748
547
151
256
564
964
649
619
97
726
244
648
0
390
897
23
229
317
51
616
475
838
567
414
64
4
108
680
657
72
530
392
906
28
369
468
157
354
30
374
670
920
249
425
435
433
729
774
861
413
688
235
298
371
278
465
719
645
659
614
271
362
701
504
523
371
463
697
831
227
516
540
841
988
723
196
682
523
254
868
24
286
395
709
926
724
796
271
580
836
605
495
822
917
903
130
746
881
493
514
220
668
749
816
583
252
214
835
631
485
63
793
342
265
710
557
847
304
846
984
378
180
828
132
34
726
429
575
455
148
275
836
774
176
145
261
247
979
197
844
728
556
372
748
480
712
487
47
87
588
585
797
689
914
116
724
540
790
659
519
479
573
891
465
434
710
542
281
751
920
510
433
939
73
160
868
406
470
739
725
416
640
241
409
844
844
85
75
906
259
13
693
859
916
735
61
841
291
622
310
174
315
607
916
876
421
940
707
115
624
707
174
638
890
896
802
659
817
255
741
793
386
15
810
933
976
717
712
26
937
263
200
965
384
392
817
517
677
221
376
486
276
22
671
34
746
754
679
869
139
474
421
881
133
517
493
61
911
747
368
201
611
394
667
58
627
824
182
26
502
155
205
168
342
653
247
710
635
642
321
646
542
172
159
101
740
448
172
205
457
819
306
860
929
731
169
900
796
25
245
826
212
195
968
190
233
713
372
979
296
611
38
364
696
846
397
312
708
986
826
840
17
63
264
691
887
349
787
302
858
145
62
541
220
270
544
213
230
153
819
610
551
791
962
573
617
100
176
460
423
765
78
199
932
337
377
54
153
8
555
58
171
696
926
500
177
14
569
261
77
956
914
533
404
254
306
957
788
832
672
980
425
23
502
996
182
261
995
841
232
841
893
145
996
531
128
241
575
562
723
780
87
166
7
681
19
186
525
702
890
736
911
132
64
106
844
195
139
672
996
574
779
772
668
784
677
884
574
677
238
897
881
130
329
670
760
750
378
725
962
416
186
91
766
610
472
919
341
16
409
52
728
986
145
504
85
878
22
748
53
804
53
631
683
288
178
709
214
334
49
76
530
469
249
689
831
28
745
364
501
675
292
230
137
544
312
587
821
464
91
315
12
795
941
856
114
645
566
317
69
935
100
458
335
916
311
360
842
822
663
331
192
102
268
213
523
510
917
31
121
751
242
149
245
63
620
480
486
858
341
635
954
603
411
981
435
260
4
411
4
703
962
595
324
760
329
236
59
798
344
871
944
219
543
599
180
961
593
916
593
719
214
626
39
31
35
704
305
964
724
241
290
727
95
104
725
199
237
73
229
864
511
998
539
835
714
435
587
191
86
54
747
917
894
949
553
564
403
785
607
109
302
745
301
438
751
922
586
976
179
844
381
730
432
786
849
381
955
786
406
327
816
225
990
935
212
505
271
494
846
164
464
952
738
861
219
169
719
893
195
595
916
196
404
360
200
380
143
840
477
200
945
755
303
578
661
841
196
246
118
204
510
461
935
981
547
11
731
291
163
829
300
185
586
318
673
756
292
52
443
636
190
628
954
927
962
746
351
35
860
323
426
140
161
747
664
303
429
941
387
135
834
865
843
374
137
942
625
124
21
877
804
308
404
853
641
389
729
109
659
295
132
26
438
606
182
64
322
804
918
339
954
831
374
982
154
924
252
298
872
897
50
403
25
701
714
330
576
486
865
174
309
447
507
197
69
63
159
631
942
194
332
104
542
194
392
24
122
551
733
768
475
235
710
621
590
936
894
763
69
152
568
371
391
434
940
283
698
904
659
915
978
316
854
381
659
947
431
507
454
289
47
388
568
134
336
552
321
635
940
859
473
528
27
388
847
795
203
824
929
918
625
261
573
404
124
681
547
513
327
515
152
890
92
523
872
387
789
878
799
841
357
972
872
326
508
672
96
205
686
213
547
242
79
968
87
704
530
730
278
50
348
485
565
439
664
276
628
4
886
437
45
732
648
506
208
74
444
834
508
818
78
134
589
437
444
560
378
477
713
394
495
85
11
880
832
375
121
493
801
409
151
655
624
166
310
903
377
713
854
385
608
502
369
248
863
122
687
696
489
183
310
743
545
106
172
137
487
747
968
663
912
808
106
125
633
793
942
853
482
763
561
173
499
748
47
292
211
16
50
439
680
990
613
485
670
215
754
645
556
404
444
820
823
753
114
830
992
135
23
855
977
351
966
785
47
662
277
488
216
740
513
242
916
320
800
743
898
944
137
956
463
793
357
433
965
223
681
680
420
647
108
227
272
393
283
662
93
747
714
75
218
877
556
751
552
399
254
92
701
314
178
601
705
621
583
230
770
399
936
713
999
347
469
768
609
771
612
92
864
812
114
343
115
220
626
676
692
688
239
956
764
707
235
749
785
282
805
763
736
565
986
542
65
85
646
458
491
568
426
314
179
111
234
364
434
565
746
53
766
441
658
728
756
574
751
284
478
75
316
963
714
242
621
649
921
606
574
138
128
889
959
256
947
668
532
852
479
585
500
67
385
748
690
22
616
497
173
371
691
981
935
414
205
390
446
988
319
717
346
293
313
248
795
312
378
509
860
868
832
488
896
846
643
273
317
964
50
161
397
499
210
629
467
166
45
879
527
957
183
214
497
960
120
199
292
221
177
90
978
192
768
267
26
58
81
432
528
762
488
730
659
202
747
607
192
459
944
486
1
727
321
497
525
799
407
926
576
611
967
144
151
272
858
643
496
403
200
980
417
200
720
744
20
708
212
703
714
822
643
570
954
701
163
581
414
1
901
799
964
985
671
651
356
832
579
624
196
585
428
682
496
746
648
374
953
350
755
459
36
524
564
269
954
622
821
464
893
772
628
923
531
98
494
733
552
696
336
612
284
622
221
294
476
911
178
428
957
761
458
126
850
984
423
494
528
797
461
43
719
643
694
466
823
286
457
846
832
16
18
353
921
841
376
590
530
845
260
661
205
465
753
20
961
742
827
982
206
239
261
121
531
471
559
551
991
697
341
760
920
519
109
33
593
617
47
640
169
74
315
910
441
323
310
544
230
795
953
577
388
491
905
490
749
762
112
936
150
372
750
945
258
786
887
817
735
565
881
875
859
441
926
102
278
990
270
458
254
408
646
116
336
90
422
882
966
862
744
542
447
132
354
576
520
489
103
731
519
400
921
285
351
794
608
477
704
217
900
711
533
157
822
818
275
654
710
272
973
820
162
897
84
731
745
646
73
367
481
807
801
836
61
410
568
426
971
759
344
765
703
808
936
785
165
826
922
83
506
39
171
941
131
677
39
500
197
470
559
300
288
466
744
445
658
975
860
362
654
287
736
2
789
240
523
841
955
63
662
668
166
428
870
1
653
219
726
230
476
654
101
36
299
434
982
491
600
267
781
725
401
134
292
895
330
428
43
628
760
98
459
671
271
109
291
432
715
212
879
578
587
660
823
675
446
408
903
516
578
510
350
393
233
796
14
870
624
161
481
671
896
435
647
828
494
527
245
12
916
707
409
44
289
981
921
287
88
418
168
228
648
92
427
470
623
170
600
840
215
746
706
277
630
870
691
339
659
205
672
291
43
206
942
782
612
960
930
439
832
571
552
160
984
190
964
570
70
843
579
137
25
425
979
860
169
241
749
582
507
296
989
564
813
969
725
690
42
693
564
355
429
320
255
499
687
626
444
332
233
931
127
669
515
848
526
29
73
553
242
476
668
625
121
16
861
295
138
433
751
551
304
681
71
957
573
795
93
238
190
5
572
402
337
525
444
955
912
984
94
136
121
610
99
901
630
143
944
616
669
365
737
705
822
165
665
596
705
371
725
82
955
535
648
912
649
604
832
184
805
507
951
139
671
475
739
26
357
664
710
917
227
941
50
159
504
677
667
642
206
139
660
38
775
470
188
361
600
960
552
966
124
526
656
287
211
827
821
293
399
767
207
39
336
659
895
55
697
429
158
777
118
307
159
739
961
69
310
614
710
944
762
387
488
94
588
51
921
841
490
941
14
871
545
10
146
145
103
551
175
0
347
577
594
620
403
254
287
501
623
155
895
794
474
889
741
523
712
344
807
423
535
724
337
174
564
266
153
85
848
366
366
407
726
986
796
803
240
920
933
614
853
802
84
329
5
377
105
981
781
382
502
414
843
846
671
676
267
332
409
529
565
471
512
51
77
435
805
570
459
228
719
481
808
555
752
677
618
425
329
273
946
727
391
455
754
472
582
221
87
259
660
898
112
767
624
280
784
72
133
462
910
916
365
367
937
804
935
219
476
541
626
672
116
453
8
16
820
860
767
490
230
854
425
906
294
376
165
586
716
340
681
461
151
17
878
860
746
184
888
939
880
609
479
954
361
335
568
184
114
161
953
439
623
406
799
336
282
889
654
878
729
295
130
198
202
54
141
999
333
79
205
998
59
265
181
609
260
964
843
981
721
440
330
296
686
821
152
725
941
334
773
280
251
481
876
997
109
474
63
191
88
243
819
636
547
145
78
693
471
820
681
445
195
286
816
450
652
536
390
934
504
156
216
15
385
552
465
595
833
248
771
960
29
744
543
581
191
916
923
468
656
62
606
709
769
77
167
898
508
561
748
648
273
535
535
621
430
158
280
316
384
379
899
601
166
0
692
471
74
709
132
485
432
737
593
221
819
234
242
348
344
925
575
410
742
84
150
873
495
428
924
641
966
953
522
579
188
881
594
310
648
613
804
659
659
882
636
984
752
496
183
234
97
839
420
708
431
841
206
347
963
910
866
270
323
774
22
721
333
576
939
513
665
473
253
229
842
645
799
135
473
860
335
800
22
47
704
802
212
692
165
603
390
879
587
184
191
160
639
888
232
405
23
272
347
749
650
476
823
255
779
165
839
480
226
392
971
852
601
480
628
161
993
684
557
351
485
592
313
959
457
649
604
898
863
955
79
828
194
793
134
716
605
774
785
417
773
813
436
636
1
21
29
680
877
488
367
547
721
852
337
349
501
292
261
463
148
962
526
510
752
402
503
232
500
148
992
629
713
347
202
38
266
699
301
471
219
590
319
439
753
868
441
203
988
898
645
617
582
52
240
157
143
729
510
369
964
696
619
582
446
508
365
940
671
293
353
551
472
939
497
874
131
898
359
932
232
17
956
173
336
704
573
426
285
731
119
629
179
482
358
216
389
624
153
343
286
850
240
156
800
885
371
860
418
552
810
828
272
342
456
457
841
103
807
37
908
658
593
352
66
771
97
955
830
518
948
927
127
660
227
835
542
772
215
256
804
466
0
13
56
329
793
263
863
688
910
277
966
172
570
348
241
210
582
278
270
353
660
534
581
625
585
706
482
447
266
519
507
184
911
981
86
511
545
838
506
682
123
840
496
941
67
460
806
248
80
383
438
879
400
268
368
315
854
110
234
203
414
665
579
681
819
895
622
767
268
486
910
231
356
777
286
480
608
46
98
534
130
524
145
210
395
259
834
12
215
558
648
552
45
559
853
404
638
78
121
702
320
673
689
238
898
368
766
890
315
900
243
669
455
393
541
866
824
35
286
592
653
520
466
297
280
231
527
501
654
757
57
815
911
995
387
635
286
996
143
365
943
785
759
613
205
19
900
714
846
63
572
518
724
14
785
872
240
517
570
495
385
799
370
526
37
359
209
727
713
701
725
646
985
971
555
980
777
666
381
485
555
518
45
35
813
556
706
168
886
153
879
736
123
336
213
56
308
844
867
666
762
291
931
24
73
143
746
283
57
822
139
607
826
626
823
615
605
380
895
507
316
234
244
808
976
948
841
995
545
243
677
995
192
240
58
399
928
556
127
741
564
937
928
979
455
335
151
541
77
486
811
736
158
167
904
35
319
768
595
268
798
441
849
392
301
838
982
38
150
318
110
743
729
963
735
416
195
263
160
616
98
572
691
738
242
268
326
329
511
409
719
480
113
203
827
726
19
287
621
971
416
63
106
931
282
14
326
420
477
215
634
360
836
303
436
646
943
943
121
21
665
960
887
530
752
180
46
310
173
181
298
216
73
675
730
302
615
136
502
447
652
360
382
570
8
427
786
510
422
412
471
220
800
461
90
152
579
55
120
677
305
346
908
319
419
639
789
782
351
575
388
402
468
174
987
755
127
695
722
451
644
617
979
618
364
34
715
142
11
134
807
758
150
923
448
422
706
217
415
78
326
250
796
401
98
514
484
11
526
151
706
699
274
891
287
294
880
659
649
444
752
439
780
558
419
506
695
775
82
348
335
349
431
618
995
851
383
3
976
949
180
152
670
413
753
503
697
702
981
679
945
530
924
849
966
243
49
631
300
369
880
510
799
151
336
295
93
342
900
628
328
254
539
473
275
997
344
811
632
647
88
455
590
896
967
446
311
599
781
841
680
676
758
836
311
787
938
784
432
145
220
386
87
42
369
693
272
545
226
815
674
791
501
836
337
349
33
645
284
8
91
143
106
885
644
354
435
79
508
644
877
930
275
249
434
365
699
589
14
670
278
330
296
916
217
818
583
241
399
740
750
125
665
739
346
975
56
618
461
133
99
946
306
433
807
889
70
205
91
286
347
635
877
438
74
628
250
103
995
838
550
616
599
452
364
0
749
241
960
17
38
54
840
646
972
612
666
853
308
82
551
532
204
515
608
967
325
393
40
797
43
736
557
234
659
291
536
626
373
703
193
88
575
379
763
382
185
746
174
738
46
413
277
323
908
717
113
353
618
810
259
379
476
952
267
410
265
550
759
617
942
942
625
179
893
920
882
880
342
675
763
268
510
599
715
509
70
802
416
942
55
590
445
713
945
980
996
160
736
940
190
793
378
724
722
591
343
9
13
665
189
874
530
819
185
858
141
733
610
169
263
974
958
337
784
860
905
711
470
693
769
200
464
468
970
431
571
169
350
25
578
949
233
409
869
331
609
485
699
351
919
545
525
15
966
887
52
999
426
712
635
155
783
208
995
591
493
418
281
388
857
435
578
704
800
761
511
126
178
560
343
683
32
207
722
295
961
937
484
894
409
102
193
216
281
423
801
887
735
841
595
303
60
853
900
120
557
595
822
464
122
250
12
209
909
304
192
416
99
950
662
496
564
429
37
215
324
0
159
910
782
549
480
401
200
852
481
885
977
148
756
129
3
125
458
622
336
479
552
635
374
164
334
606
529
515
610
585
52
959
205
803
732
318
675
699
314
135
875
0
415
949
627
213
515
753
348
781
823
965
540
463
832
938
761
85
152
394
196
454
509
858
829
56
489
643
990
455
902
483
487
452
478
288
14
57
559
521
231
837
865
683
858
633
765
612
969
860
384
716
833
118
129
766
508
191
555
802
493
124
27
130
636
165
577
950
310
135
968
620
8
62
624
857
351
26
171
570
83
587
923
62
219
573
347
459
995
391
921
733
554
598
922
626
256
918
978
875
486
738
400
221
532
416
591
895
978
382
712
834
840
475
586
990
435
918
336
727
14
809
438
352
559
313
542
807
858
985
760
96
637
410
46
132
135
471
92
403
861
438
514
822
578
342
531
442
566
336
541
323
97
672
363
940
811
160
386
941
852
349
450
811
555
648
295
292
493
409
864
453
754
425
215
394
816
885
681
6
848
648
203
200
388
756
204
945
433
800
496
657
986
742
642
112
596
851
525
760
721
41
901
801
127
471
676
537
797
185
149
978
109
428
215
24
35
341
504
161
409
303
650
326
533
922
157
786
492
441
768
391
450
83
625
985
981
715
395
580
143
640
391
625
460
304
882
57
951
594
451
295
454
796
143
84
979
834
115
872
350
710
233
638
43
804
723
717
305
409
622
751
647
286
579
179
522
145
12
650
260
607
47
467
772
254
580
368
502
931
500
529
800
349
559
131
716
237
663
697
607
66
763
277
567
200
576
767
825
498
82
724
132
647
583
902
420
433
217
184
247
882
180
603
925
50
462
65
699
661
201
461
120
703
100
338
135
977
333
58
132
310
135
291
432
762
233
465
876
283
398
722
892
42
332
155
88
273
58
898
457
276
246
822
46
283
999
264
83
184
950
866
618
97
417
124
374
923
725
65
545
209
392
160
375
84
506
188
526
908
718
560
885
84
937
227
477
78
241
433
942
168
373
252
310
627
39
411
966
313
641
525
441
997
114
491
657
213
725
828
343
642
589
714
261
290
955
210
633
284
863
591
986
403
757
304
632
890
689
141
990
673
775
742
217
530
645
178
586
528
753
276
872
13
999
179
370
3
247
423
766
444
380
476
622
515
224
587
440
509
937
262
237
297
241
560
98
472
14
494
710
455
215
575
881
578
893
445
881
71
935
798
832
324
593
478
361
641
735
802
727
282
896
710
160
180
81
902
696
206
732
73
580
163
43
664
221
126
592
692
476
51
679
908
263
356
936
851
152
361
252
472
618
42
703
131
987
263
554
670
806
40
799
759
848
313
625
23
869
112
531
455
162
439
360
300
865
171
625
322
445
539
291
150
72
422
245
247
832
199
772
687
890
394
193
82
310
279
515
691
924
460
596
391
873
137
2
991
145
497
679
535
12
985
717
254
661
261
193
30
668
318
612
108
140
420
528
996
658
381
990
41
46
442
370
760
763
795
971
621
737
620
764
104
247
367
456
30
481
225
123
146
537
473
82
282
126
434
78
724
522
575
366
620
375
334
809
934
483
230
998
582
342
521
131
238
406
350
126
265
334
803
981
427
286
236
898
733
625
398
203
44
419
586
715
842
32
290
185
622
720
165
820
378
464
432
942
336
372
846
563
861
887
38
540
864
772
218
130
493
982
451
302
514
158
61
647
322
364
979
982
660
630
496
694
527
560
273
130
515
691
949
763
749
264
112
899
73
166
788
228
825
502
555
434
79
24
142
215
346
470
529
973
339
886
463
319
254
10
184
155
991
253
948
301
884
329
704
811
832
95
330
704
908
532
265
886
893
828
187
649
259
836
54
838
753
473
781
893
395
270
224
268
881
498
267
388
851
606
834
305
539
670
236
611
906
955
152
234
696
992
624
141
847
832
156
490
508
435
861
304
553
479
506
686
710
657
295
279
63
716
81
204
916
541
402
7
276
884
61
80
707
204
902
833
800
895
448
963
128
794
410
812
271
277
751
541
619
761
259
7
676
899
541
555
259
354
748
920
433
5
416
228
993
805
284
314
30
776
932
797
500
786
440
488
526
66
478
420
494
935
191
983
221
714
102
683
913
471
541
713
247
561
525
699
706
386
140
166
726
554
478
753
803
253
829
691
201
42
968
566
472
945
603
200
703
977
670
150
659
771
73
965
483
759
352
12
291
628
821
863
291
571
706
616
669
738
929
579
578
897
392
250
38
903
916
89
287
247
268
738
758
56
552
679
271
240
701
260
954
206
628
494
488
491
930
545
403
729
965
268
526
804
33
191
43
481
972
101
458
913
679
790
702
393
725
268
874
938
91
423
659
588
283
47
882
174
263
690
156
460
150
968
22
373
86
208
529
919
526
491
653
333
545
972
607
107
114
188
352
123
578
160
319
486
910
267
458
619
727
2
657
141
713
404
862
29
743
990
190
713
493
164
607
617
309
163
482
814
407
679
726
319
378
330
983
367
441
729
971
234
494
123
462
343
115
112
275
157
100
300
23
277
897
479
624
640
739
142
485
219
697
847
215
668
753
409
639
204
345
155
40
381
427
900
395
642
921
588
35
572
730
887
30
428
693
298
625
675
11
341
725
203
698
501
126
810
532
18
188
369
178
575
255
624
266
821
887
54
848
236
702
811
706
832
997
82
269
265
714
979
24
171
301
787
341
716
137
702
979
177
267
880
174
401
48
141
855
940
805
380
924
601
189
391
485
295
566
615
552
677
840
649
970
250
438
408
912
331
728
807
942
693
109
769
732
526
720
216
460
299
450
832
179
366
468
403
729
798
860
697
149
907
486
30
871
645
783
23
431
442
923
63
168
684
881
57
706
401
704
517
822
297
265
858
641
615
217
677
28
839
245
131
49
111
754
354
815
210
703
586
38
940
794
213
896
526
165
914
740
659
756
679
307
43
945
988
217
254
154
772
254
158
923
116
193
416
353
856
849
340
271
430
273
870
872
642
490
996
469
474
957
199
842
391
105
294
877
977
834
22
599
51
848
464
168
750
478
454
608
571
579
30
226
652
808
69
325
72
780
582
519
882
139
928
844
449
459
933
694
396
310
376
432
837
56
879
475
211
682
333
163
536
899
956
31
203
83
515
799
473
967
534
260
509
380
293
679
293
48
632
340
529
348
493
793
634
942
154
703
475
245
200
300
416
816
433
571
886
200
84
986
237
215
932
910
359
607
442
85
215
182
870
873
860
653
645
337
200
576
669
987
675
203
801
246
678
782
391
211
751
261
186
910
655
612
366
2
226
534
475
788
723
836
348
213
402
26
649
722
228
508
200
504
525
13
914
44
694
39
696
771
184
622
451
515
548
206
653
553
149
528
183
905
898
670
240
469
18
913
264
6
552
855
374
117
618
300
215
51
569
875
401
222
938
145
305
637
5
580
405
70
525
968
184
889
654
920
24
761
574
293
809
252
388
116
349
704
12
178
954
29
1
450
57
925
917
314
326
573
184
234
264
857
179
737
155
590
934
283
227
944
88
787
907
199
89
104
585
248
149
67
211
153
963
706
405
496
554
138
360
240
116
409
942
258
59
111
729
88
286
183
636
728
217
582
878
595
136
47
665
579
573
115
337
322
507
790
511
254
761
713
656
812
477
57
830
179
860
33
996
846
769
557
707
476
415
769
74
540
404
940
46
885
29
177
965
44
706
581
469
788
291
969
439
382
507
135
607
744
95
620
789
475
761
440
134
987
265
920
703
682
740
9
161
24
982
413
155
516
215
403
768
526
63
94
599
826
948
135
559
251
30
800
797
847
651
929
54
57
892
890
432
219
661
242
325
622
145
599
762
787
590
451
249
509
388
70
770
535
757
818
361
295
449
272
773
193
793
913
645
426
477
896
422
782
183
172
382
826
695
567
51
913
300
823
761
493
873
447
331
378
761
189
750
872
759
432
19
276
150
820
400
650
106
52
468
501
831
274
851
543
183
167
506
798
388
946
622
997
305
822
902
754
341
609
894
567
756
435
523
192
979
612
388
975
813
916
134
989
153
584
330
986
637
396
319
608
320
530
761
354
642
384
688
997
334
957
960
302
213
13
389
538
77
702
805
75
500
628
54
974
833
876
980
288
29
863
249
862
996
493
917
333
570
73
4
368
473
869
39
602
372
4
35
836
575
246
814
865
266
15
785
901
529
179
968
718
205
739
413
990
877
781
105
385
39
155
267
64
281
93
191
710
860
96
755
953
789
4
174
71
712
878
170
926
563
79
858
151
650
366
207
222
600
731
93
948
864
919
476
929
782
679
908
729
345
168
638
349
290
832
508
380
757
711
451
653
458
980
849
724
900
131
630
632
900
492
178
386
650
578
823
622
957
320
544
285
355
819
881
692
714
244
261
718
77
459
683
26
182
993
251
947
580
181
545
107
70
392
507
194
568
871
822
796
829
477
307
713
696
562
124
826
62
799
851
736
747
873
104
431
608
723
668
763
325
637
235
976
189
428
105
329
787
209
872
478
915
310
945
712
522
915
378
230
406
479
443
708
701
131
532
582
858
719
324
627
7
88
461
79
405
42
401
895
130
64
282
116
879
668
201
826
98
260
554
479
591
675
886
706
850
198
587
63
394
505
407
274
908
35
452
619
22
610
135
218
23
774
29
407
183
161
733
474
271
833
294
658
627
982
395
678
603
284
989
12
938
568
130
98
489
945
196
51
406
958
151
377
747
192
272
336
868
786
280
979
145
152
552
582
842
868
485
64
436
83
464
877
909
673
62
209
169
641
230
641
385
596
627
801
503
696
557
26
429
617
808
997
724
10
972
181
338
122
437
388
963
866
161
463
627
3
985
914
547
834
267
762
467
703
208
39
404
276
767
895
95
188
635
439
853
168
106
979
164
623
921
860
385
550
92
845
34
731
143
156
793
642
672
6
23
790
518
489
104
551
39
626
155
936
763
947
874
568
563
846
868
868
570
947
947
915
115
703
647
645
693
183
975
331
600
332
675
288
576
936
430
446
712
435
526
307
56
993
271
965
684
173
672
964
211
760
158
439
963
148
347
617
927
625
810
392
215
180
27
852
332
8
134
439
393
746
416
219
570
271
535
5
582
341
272
869
499
401
674
365
446
835
553
702
805
87
545
256
460
823
103
203
529
180
914
318
494
275
582
275
378
260
832
645
519
538
638
871
106
290
650
707
694
702
59
900
268
181
200
985
911
331
997
233
345
60
222
551
796
960
612
466
516
787
683
925
451
922
808
217
300
134
727
130
916
707
511
729
360
832
699
235
289
844
619
722
378
697
255
768
497
738
471
645
838
871
269
642
378
60
904
256
873
510
625
372
830
311
645
935
35
211
606
767
898
318
386
404
208
619
733
250
175
158
823
120
383
952
429
382
336
483
868
693
685
272
372
774
735
77
251
738
573
484
260
96
943
799
165
615
663
861
982
731
813
618
207
342
478
822
781
29
865
61
231
802
31
625
248
244
561
766
824
177
901
174
683
916
328
249
582
809
144
377
254
127
323
73
533
335
947
304
382
287
914
149
843
969
788
322
806
499
6
985
177
88
693
986
413
233
698
185
264
298
337
249
972
774
784
260
965
157
992
338
400
512
226
320
357
493
590
415
732
709
403
824
834
822
35
761
551
936
130
751
980
487
280
756
525
162
634
950
39
799
864
247
392
836
786
424
25
275
243
654
840
30
324
969
362
907
310
254
73
789
214
91
661
673
570
999
801
606
919
280
471
892
217
962
925
885
49
614
84
523
215
66
446
244
490
78
331
163
453
904
905
340
440
330
133
339
351
114
588
334
947
367
849
399
589
369
784
168
549
278
759
522
293
383
712
388
898
311
835
900
594
308
907
161
255
130
184
68
780
671
551
120
220
367
17
687
687
986
600
691
819
552
689
276
351
0
672
179
678
269
679
184
486
434
873
860
1
282
776
330
824
820
70
281
822
35
227
445
864
126
855
24
162
388
910
660
472
886
567
173
196
432
988
303
985
982
347
151
51
828
651
974
276
179
577
549
210
798
502
910
14
768
204
860
867
397
825
178
295
207
596
326
567
493
623
283
927
714
845
337
438
898
42
543
867
763
292
431
785
620
359
940
514
577
506
188
931
905
303
928
394
846
121
633
961
367
227
333
649
695
665
90
807
495
126
716
771
217
330
735
630
579
327
924
634
325
104
987
883
48
800
931
733
190
63
282
750
174
510
64
408
765
253
303
422
980
545
167
835
744
54
920
910
407
89
481
687
350
722
740
875
163
531
138
49
35
150
110
142
752
18
836
204
263
109
894
482
347
784
627
667
25
287
430
74
157
984
111
468
611
959
952
144
624
846
271
506
294
428
203
457
722
784
25
664
622
56
573
16
795
12
501
765
863
479
729
85
357
541
74
568
946
540
939
898
600
303
650
770
301
332
190
524
485
835
758
0
343
340
317
965
982
460
611
617
740
138
230
77
900
176
927
659
928
561
137
312
418
255
583
349
415
83
508
230
632
221
301
74
334
159
277
986
397
522
613
774
149
488
7
956
513
374
167
143
466
915
533
778
660
565
86
739
509
565
393
879
145
626
119
433
186
212
538
996
603
62
57
851
577
486
701
362
552
136
42
544
50
274
599
208
615
572
754
246
873
132
818
581
107
495
962
235
323
734
677
188
460
189
590
940
702
23
305
206
688
405
200
512
367
168
656
647
975
27
554
0
981
337
275
819
308
326
639
890
143
199
818
797
760
161
60
391
358
617
608
486
915
628
223
905
693
60
721
14
81
877
434
801
623
907
842
384
19
591
114
255
338
512
978
969
256
66
596
670
999
603
114
499
151
981
864
61
942
818
31
659
734
225
290
585
203
958
4
411
127
994
449
697
341
147
17
573
425
595
87
374
833
642
455
840
296
422
448
364
434
702
461
362
695
735
111
135
494
910
671
580
687
805
585
326
800
26
331
135
840
869
217
246
65
637
695
482
888
647
212
694
796
833
337
155
667
18
228
772
979
295
590
805
337
208
435
362
532
330
545
714
204
628
622
894
43
540
954
394
635
277
944
174
365
98
898
66
100
833
268
606
25
22
687
714
123
473
121
33
907
62
749
388
990
24
998
59
757
848
51
964
532
786
804
137
221
288
320
681
907
335
710
587
618
460
532
792
257
790
58
412
517
303
334
142
740
187
122
729
484
378
358
49
844
620
534
996
241
522
260
352
74
873
503
419
852
883
602
1
385
277
122
95
325
319
265
589
229
645
214
735
774
369
577
16
620
642
687
167
544
236
126
505
191
298
395
118
817
221
551
801
201
877
771
575
672
980
968
497
554
816
921
135
924
396
110
828
636
901
793
107
115
266
820
330
185
305
732
43
532
775
111
543
610
794
486
242
271
622
733
23
895
813
695
700
146
605
996
893
956
289
590
786
35
212
416
244
768
541
686
259
15
757
811
505
368
562
777
794
652
666
320
106
24
77
481
52
266
206
874
176
677
322
138
63
730
109
514
904
997
217
820
664
681
989
182
995
47
346
334
27
969
284
753
899
735
18
655
909
539
659
794
35
532
203
162
91
578
486
403
44
495
348
84
38
555
899
807
346
53
390
446
603
507
717
519
209
814
356
423
195
834
145
855
907
697
319
342
427
866
616
313
219
74
463
747
361
314
838
875
30
507
462
162
315
510
670
392
801
414
429
771
659
276
706
997
509
562
331
460
168
669
229
241
682
432
118
145
863
448
34
813
450
337
887
261
857
799
234
11
733
182
903
337
225
61
7
953
476
794
441
632
712
86
523
477
383
236
282
255
710
997
143
58
802
276
430
239
179
315
584
609
442
224
21
39
353
374
385
619
166
426
705
354
840
721
616
119
887
640
650
367
261
158
344
909
495
967
478
76
406
129
264
67
464
400
105
209
574
614
115
455
346
13
387
137
749
146
574
273
861
952
935
587
269
371
439
507
360
507
37
414
867
853
702
452
28
604
773
268
462
231
577
712
152
848
761
310
248
150
153
878
808
948
442
442
713
401
597
266
412
269
873
990
931
544
738
710
943
166
348
337
191
445
633
225
200
851
16
488
410
14
399
970
929
390
330
667
922
426
127
650
327
609
234
761
622
355
121
5
763
121
373
601
489
727
481
756
274
493
867
631
653
509
812
136
272
190
559
870
942
396
515
266
461
36
389
440
389
613
318
871
900
298
544
622
48
958
913
580
201
414
205
474
547
243
890
847
542
449
954
477
189
22
241
836
318
811
138
847
165
683
548
125
825
659
378
18
95
180
115
147
182
896
126
727
200
115
185
202
248
228
206
421
729
38
525
155
30
200
146
330
509
67
684
455
773
73
451
903
369
416
392
990
840
115
638
625
427
191
178
726
361
408
121
237
282
591
552
392
154
876
276
369
508
994
456
