690
285
225
795
929
468
789
8
546
520
691
893
724
21
742
377
11
560
425
732
605
164
831
107
9
561
191
591
98
627
711
83
251
21
23
647
592
390
412
422
512
848
358
466
373
813
432
605
548
634
746
609
211
97
170
313
341
372
106
481
122
698
764
866
420
992
671
849
823
573
107
117
821
951
404
92
559
992
378
571
326
537
925
825
862
917
684
416
189
403
701
342
763
206
836
353
847
881
790
760
724
338
934
724
544
527
331
572
611
401
162
221
518
376
326
238
924
852
692
261
493
804
652
189
142
116
524
121
447
755
745
327
155
797
83
829
234
53
247
961
501
403
560
394
891
901
342
453
532
541
221
801
40
71
25
506
82
590
86
303
652
890
294
105
937
297
911
720
36
125
742
830
548
752
55
636
391
645
827
238
119
581
833
798
343
517
171
352
910
677
53
283
748
546
349
252
868
820
383
425
673
631
579
224
912
548
297
538
653
651
404
454
599
417
305
704
808
216
379
585
466
249
119
820
182
856
186
927
733
573
502
933
185
766
911
4
513
212
208
333
600
42
57
672
896
351
891
687
986
526
187
707
606
351
986
65
261
163
151
524
434
18
422
897
808
158
979
623
634
305
980
490
361
528
824
77
607
803
448
732
49
854
997
130
590
624
566
592
89
536
879
738
554
799
780
471
360
963
128
549
809
905
677
128
645
679
555
231
144
255
22
357
425
972
615
453
23
343
75
29
945
543
341
448
391
561
588
737
866
681
695
695
39
906
195
780
592
725
826
479
767
945
512
888
453
179
889
227
303
934
656
295
392
882
584
897
223
2
189
683
514
458
131
73
837
381
343
932
104
679
30
675
102
835
494
787
759
246
889
21
968
907
48
251
839
838
740
957
224
58
552
117
862
633
506
370
714
382
401
753
105
663
696
14
639
279
323
122
816
820
600
604
828
161
859
68
454
897
386
617
79
262
740
991
695
221
232
50
541
122
475
995
140
302
947
48
175
165
499
946
245
57
964
559
81
62
487
247
964
244
619
656
516
431
553
17
489
305
566
631
795
772
419
886
135
164
636
804
478
932
825
892
824
666
469
833
25
87
152
320
568
96
512
828
144
672
784
188
564
226
610
864
570
329
641
72
684
604
905
688
630
720
746
291
65
362
355
634
558
779
347
324
319
405
130
559
263
542
155
940
412
739
547
684
622
849
77
355
866
634
805
155
608
680
318
847
666
92
238
65
174
445
484
19
357
475
785
943
46
674
42
655
206
831
64
966
49
305
930
256
533
20
869
181
793
58
205
604
797
649
864
683
978
316
46
934
824
223
851
896
153
403
986
826
773
227
449
451
51
419
520
419
196
136
867
523
908
917
948
400
932
19
980
580
451
722
990
634
88
676
733
434
504
529
799
755
524
570
613
393
140
974
238
471
293
36
276
391
561
644
723
639
634
506
466
535
420
817
586
16
440
661
672
355
539
826
814
545
471
778
529
29
646
251
837
474
858
196
395
625
857
175
258
892
183
988
898
306
824
490
230
415
563
184
230
62
143
973
849
53
66
272
765
748
72
50
902
853
727
515
284
513
233
865
878
540
880
621
851
577
358
17
374
625
590
981
827
490
305
185
669
350
689
8
551
312
675
991
272
402
112
130
570
220
926
709
90
764
361
128
782
628
180
321
58
148
695
862
236
94
507
421
33
787
986
463
499
110
665
449
742
312
750
242
980
977
29
43
390
181
471
977
376
548
659
608
415
956
393
624
285
49
794
398
316
778
491
642
156
744
513
494
516
598
245
295
839
816
503
933
982
317
296
599
718
55
578
884
822
930
647
297
190
162
650
510
836
318
713
213
20
409
782
672
496
759
290
508
629
2
644
763
411
787
526
678
26
772
989
3
848
847
823
959
560
726
195
617
191
546
252
662
545
932
848
15
363
24
157
919
950
353
294
687
29
328
405
566
90
477
885
924
321
920
957
794
859
362
413
115
743
731
215
128
533
196
737
328
32
49
120
262
204
246
667
295
724
213
383
967
197
342
270
333
797
758
71
543
813
904
420
887
510
654
593
475
542
235
753
600
382
211
990
826
184
84
969
765
266
245
81
516
924
589
674
946
787
385
15
751
328
504
171
437
69
538
396
922
636
305
105
238
925
806
228
77
947
133
468
788
733
792
279
584
801
71
431
855
896
511
127
690
683
732
512
955
273
26
425
127
616
663
979
580
889
461
475
598
908
191
134
228
123
484
864
911
41
204
973
27
419
822
945
191
54
439
604
22
327
563
930
773
992
495
724
764
207
194
870
38
917
290
887
0
541
155
488
415
268
952
686
701
936
845
236
173
365
26
420
252
218
250
57
939
573
658
496
934
822
789
583
933
802
894
18
791
182
649
537
364
792
157
918
366
307
731
10
369
856
290
188
281
979
124
546
189
428
312
230
284
940
883
788
890
788
631
871
961
400
553
202
456
897
55
516
121
580
372
11
258
497
427
503
940
780
174
400
684
867
335
635
412
995
91
294
593
681
558
632
526
559
124
982
392
56
26
698
818
771
378
714
547
23
625
682
464
559
828
814
650
800
775
166
747
155
356
836
554
753
146
294
4
742
981
462
181
775
191
709
661
337
760
845
181
543
213
8
809
115
435
553
736
608
382
703
104
903
281
447
471
136
361
622
21
483
266
31
301
841
496
119
590
807
161
436
529
453
171
29
343
819
18
838
543
146
78
49
728
853
825
351
877
936
388
801
90
289
51
797
114
230
852
206
14
904
286
163
418
255
261
539
452
559
973
916
991
650
511
26
412
215
561
529
466
64
458
576
901
810
978
991
190
206
660
194
777
43
662
512
725
614
755
724
737
899
717
679
119
989
136
432
511
52
417
926
659
950
807
18
775
158
170
741
931
102
724
459
51
961
384
816
593
748
912
544
980
812
362
827
10
312
512
82
866
406
484
153
343
335
602
484
430
827
376
429
21
617
869
976
45
515
153
557
425
597
108
788
81
757
38
845
725
924
396
874
3
322
686
908
39
544
576
237
584
675
408
312
596
467
624
274
610
464
986
227
783
492
424
366
738
29
792
626
717
201
846
155
160
2
651
537
417
644
346
589
22
989
294
599
86
844
383
316
823
889
260
291
79
987
468
125
173
105
542
365
770
384
927
772
805
902
607
679
950
892
789
653
994
725
882
375
964
406
142
249
225
729
893
529
406
143
808
673
965
716
962
285
331
697
348
549
613
590
435
151
752
964
485
481
509
91
355
385
187
519
754
225
400
432
380
645
143
18
35
466
249
952
55
4
942
26
307
892
617
531
908
163
660
387
650
29
560
883
989
73
445
960
159
464
847
236
133
481
425
876
996
150
87
181
542
293
96
266
422
74
47
486
665
666
489
969
373
17
203
900
697
876
403
765
658
66
366
659
57
964
64
856
619
784
999
710
795
481
417
996
177
274
123
374
544
466
88
752
939
762
899
32
765
102
546
773
527
856
130
108
11
61
277
998
217
287
988
647
590
309
639
210
767
191
103
875
526
711
296
837
932
867
305
373
945
842
566
89
887
699
789
63
414
574
861
569
662
113
176
765
818
447
469
203
574
743
539
991
985
624
390
280
402
353
900
887
376
256
923
886
457
318
989
868
668
600
898
767
385
415
623
231
554
724
329
325
816
333
447
658
984
11
942
226
313
250
522
341
676
703
661
231
364
708
178
886
893
60
517
447
539
551
21
122
165
589
721
185
780
372
334
73
191
110
831
743
932
130
690
308
647
402
238
441
236
926
486
359
122
715
127
476
86
48
142
929
394
581
797
25
959
871
387
786
790
556
751
655
31
199
422
686
694
580
281
598
987
791
141
440
10
513
267
499
84
836
537
628
744
329
374
882
61
150
349
942
375
316
835
202
37
648
183
176
590
268
841
104
756
246
284
55
523
804
350
30
667
703
939
721
798
287
232
626
841
143
31
91
571
164
151
356
588
617
128
404
510
822
452
891
776
588
838
113
203
634
41
235
576
162
119
157
264
163
961
797
931
571
763
578
429
875
731
531
132
939
120
570
577
403
583
807
643
634
796
569
622
259
968
294
964
848
698
170
720
778
60
356
66
871
462
180
955
340
452
399
451
178
782
44
790
189
396
496
249
780
417
933
438
117
752
993
410
159
181
5
11
983
133
502
522
595
123
355
139
604
483
492
879
468
769
511
257
112
613
755
889
525
266
815
823
120
438
266
648
304
84
366
539
937
246
590
183
14
33
607
957
19
607
904
585
521
114
564
997
719
711
422
303
927
965
360
702
363
875
653
423
452
957
367
551
165
784
460
899
582
806
37
31
224
33
724
737
199
721
866
861
971
23
468
32
592
692
544
47
171
153
241
384
687
785
205
966
604
743
408
324
694
44
496
233
532
455
728
26
612
306
387
807
721
386
346
725
328
987
837
277
236
82
481
477
342
333
806
862
364
750
722
293
312
454
117
998
118
562
814
651
877
976
818
795
363
876
734
688
779
442
660
68
41
284
962
48
880
616
949
956
669
700
543
193
484
913
284
517
999
754
655
183
740
569
150
206
307
140
283
627
534
965
616
376
972
933
632
957
696
796
540
872
510
546
457
610
472
630
545
345
999
707
784
283
692
157
769
386
421
97
284
704
419
593
338
628
395
810
267
667
161
427
504
701
214
542
677
881
307
230
347
676
909
106
818
370
892
682
594
100
482
958
491
125
535
30
500
454
603
153
797
40
751
834
181
847
736
924
593
742
714
711
218
676
716
854
529
470
732
178
374
295
554
436
995
710
465
355
978
376
754
554
547
843
418
180
820
949
524
111
510
471
872
203
224
282
698
852
828
19
360
363
482
572
128
307
305
376
96
171
375
655
84
820
722
259
57
665
689
36
741
891
493
462
506
633
579
172
53
302
47
645
506
786
900
6
651
575
488
940
200
629
76
973
861
834
961
934
879
297
863
142
889
384
616
558
94
983
926
235
213
61
146
176
836
676
618
856
406
378
775
713
818
886
192
697
87
682
767
426
89
990
642
442
154
855
829
118
62
705
766
403
179
779
491
672
581
644
196
576
757
669
462
934
194
156
465
554
83
159
978
82
489
5
918
419
217
265
462
567
275
625
324
146
386
252
241
146
305
300
86
847
828
935
598
142
596
433
102
946
485
513
469
635
24
557
373
282
422
778
379
121
62
66
249
471
897
623
485
427
807
427
868
557
176
639
457
838
445
809
399
889
63
677
636
803
874
775
84
866
334
308
912
14
262
911
739
585
24
562
663
772
136
353
161
941
41
27
90
429
231
731
637
798
446
997
426
789
573
711
485
622
788
212
320
463
415
524
288
522
183
708
271
971
595
748
174
906
994
777
575
5
503
192
304
663
679
230
135
838
774
183
675
347
521
522
415
166
856
219
623
752
574
352
197
116
902
49
901
218
287
33
231
352
474
204
905
972
935
131
772
166
838
751
703
56
106
71
375
253
733
385
859
249
63
821
907
778
727
933
350
309
688
831
630
87
485
117
200
198
300
897
687
354
305
133
312
166
191
183
820
183
376
548
591
868
536
401
180
213
83
282
876
47
121
161
131
410
608
539
479
889
899
345
995
784
357
458
547
518
926
229
182
260
101
300
31
823
344
714
718
969
43
613
985
103
231
908
767
967
193
700
763
644
836
326
542
834
833
900
711
343
665
347
169
149
867
697
291
504
667
157
563
955
947
646
582
854
98
419
209
909
182
847
83
453
235
384
328
297
54
434
33
233
286
750
86
480
99
191
515
941
977
742
865
622
532
570
743
546
758
452
455
832
640
730
522
221
186
141
635
514
254
606
810
228
420
448
48
451
804
134
370
689
199
879
791
970
17
109
436
256
773
379
54
936
49
650
69
887
862
980
269
944
968
759
577
809
401
289
974
824
84
312
376
3
451
106
581
781
962
797
337
769
664
307
711
862
347
588
934
650
751
616
718
971
741
750
496
89
902
401
684
189
46
217
585
207
891
995
569
399
404
200
704
161
752
436
117
851
553
542
874
92
284
376
821
323
269
956
765
666
645
32
697
823
235
563
177
426
846
929
775
989
629
832
591
540
514
896
921
503
93
719
952
730
909
586
764
302
373
670
691
845
18
168
622
630
592
320
516
509
716
840
141
51
389
373
332
814
493
410
781
119
716
321
392
577
413
725
720
653
860
905
634
602
546
617
333
706
770
854
687
927
980
225
338
69
540
325
856
9
287
211
966
286
279
289
575
75
104
797
433
320
102
382
115
621
151
325
431
922
121
556
726
364
972
798
206
752
767
552
473
712
286
467
211
171
462
964
809
389
750
965
151
787
473
466
682
334
646
65
345
966
29
422
795
493
377
968
131
835
17
539
898
656
906
245
16
481
930
576
47
506
708
370
813
941
201
333
154
228
209
640
355
229
909
525
649
395
936
443
800
577
462
699
797
13
206
421
996
139
397
618
799
733
511
692
988
802
614
669
700
286
156
716
621
841
960
125
699
599
347
180
102
340
875
151
656
141
526
328
778
62
529
893
183
534
845
343
677
117
63
456
798
651
611
550
266
827
186
236
512
301
724
923
400
619
242
448
784
862
65
952
613
83
222
560
924
524
343
752
868
986
173
171
692
737
724
450
964
157
38
250
716
829
789
459
123
348
127
185
944
761
131
876
408
879
198
463
284
375
432
723
196
830
286
756
789
872
628
442
997
911
491
782
32
249
707
344
111
464
411
934
724
328
567
432
575
713
169
961
468
325
830
765
393
158
820
956
525
347
105
522
901
931
833
904
55
60
757
513
619
997
46
533
956
266
403
245
517
8
357
113
362
787
885
476
996
376
566
975
375
249
313
598
703
930
806
276
289
98
165
792
98
958
386
46
454
732
43
570
41
191
181
401
67
234
868
100
24
907
72
84
595
68
248
604
462
760
348
654
427
565
247
190
44
411
234
761
252
179
84
812
745
356
635
160
229
170
699
365
841
469
343
453
86
28
944
307
808
261
259
809
685
774
660
884
303
20
933
806
521
578
477
97
263
183
147
729
802
256
164
36
583
765
3
128
80
633
315
115
691
418
231
584
478
352
78
810
518
52
169
834
987
981
70
132
7
365
3
382
602
61
513
558
917
652
38
509
60
779
38
631
79
374
754
671
491
275
395
331
241
331
126
647
583
620
871
409
102
335
680
134
418
815
44
848
604
978
254
508
360
398
502
501
404
930
786
740
192
531
56
413
939
180
525
515
626
790
466
572
705
923
44
29
703
803
575
660
722
838
287
866
857
643
929
360
556
724
753
620
701
852
784
287
329
221
424
884
137
586
760
774
588
274
142
510
845
991
50
611
941
827
777
31
543
126
147
550
757
203
302
892
577
56
464
228
930
673
279
90
648
44
766
83
401
645
413
241
941
252
473
106
989
283
642
564
982
843
739
873
834
409
339
474
143
210
483
227
770
140
336
62
16
157
269
305
346
332
110
883
670
412
550
984
357
326
402
82
280
153
713
659
964
766
614
692
838
83
157
739
338
780
788
645
809
144
162
796
669
542
5
2
131
415
586
97
84
727
617
789
830
150
542
575
966
305
49
282
951
128
342
839
644
557
112
93
250
806
158
385
608
653
513
859
68
674
410
657
148
45
956
242
384
326
56
314
692
538
594
806
722
841
118
211
328
245
403
890
117
607
246
831
854
551
219
602
113
265
496
560
193
885
254
11
513
372
387
385
943
553
906
37
26
554
655
191
146
187
220
791
178
114
632
732
335
249
157
252
141
584
211
791
350
986
429
116
516
809
429
490
65
420
596
735
285
51
282
114
79
609
312
984
10
868
653
959
827
514
515
265
398
132
73
939
869
792
585
66
583
609
137
999
375
708
922
564
216
720
214
521
443
848
36
911
134
978
371
863
109
81
819
136
730
275
969
571
833
666
607
964
629
425
204
386
42
462
765
969
797
602
482
645
409
32
452
931
320
212
999
672
308
617
712
62
283
566
526
123
642
671
575
710
580
268
544
732
514
339
507
963
248
790
221
838
108
940
862
501
134
107
246
842
939
87
300
62
402
65
530
695
766
855
565
115
469
506
567
192
399
106
552
985
747
476
879
450
854
404
650
200
681
298
929
291
512
16
183
688
841
957
466
206
149
397
779
328
354
748
279
326
510
236
818
773
152
385
469
163
210
998
281
584
678
676
597
72
523
117
578
817
569
299
378
630
201
183
241
835
43
414
740
614
345
963
675
90
107
760
82
79
345
26
596
804
520
871
720
656
55
833
837
370
996
277
863
100
306
622
15
922
964
102
964
851
361
78
992
494
481
236
805
175
885
965
717
807
941
692
230
105
728
331
627
118
225
923
905
940
292
35
361
395
856
341
907
343
25
933
620
57
46
666
129
197
825
796
683
41
24
181
135
807
355
51
665
530
781
558
401
876
867
213
302
620
528
301
874
680
446
171
935
204
892
888
258
391
100
870
877
433
936
711
276
103
720
226
29
724
833
570
538
542
494
444
22
279
349
695
995
866
920
856
673
144
283
14
434
763
323
890
612
178
995
691
393
759
453
645
237
472
65
68
754
769
496
173
652
861
237
3
218
585
754
346
496
845
458
703
83
763
956
857
795
113
887
285
404
952
29
824
639
82
365
185
604
259
616
364
568
4
411
304
61
960
665
667
634
173
210
658
967
454
964
20
900
66
663
113
409
340
274
888
261
32
966
836
77
739
623
360
724
287
760
722
236
432
230
958
2
676
106
233
842
263
954
421
450
565
595
956
356
780
249
326
171
110
65
432
143
308
78
137
921
703
51
744
690
193
126
920
907
100
240
500
250
356
157
561
114
594
714
618
960
155
173
981
245
517
830
580
301
524
504
12
378
909
832
18
715
387
107
331
89
638
781
612
39
346
443
608
959
872
921
808
767
171
400
901
605
307
388
347
982
256
260
202
108
358
411
719
816
620
739
733
262
365
272
415
761
299
4
400
984
724
175
459
538
409
210
826
915
116
570
739
716
336
548
994
477
418
412
729
707
276
904
177
666
645
342
762
68
925
15
574
956
374
406
486
352
356
977
129
717
261
179
388
7
287
16
162
461
231
575
941
754
339
964
370
5
876
63
882
459
355
266
619
668
910
383
992
419
7
399
889
306
83
190
738
389
484
677
789
135
835
101
334
622
651
152
515
944
118
143
784
595
746
307
722
73
801
451
491
941
275
543
788
784
435
273
856
683
814
823
563
909
148
167
328
985
33
254
59
590
616
638
21
189
719
111
151
960
410
857
262
465
969
630
352
328
868
796
404
662
703
581
626
978
36
379
888
688
853
262
487
531
610
827
662
8
541
973
282
50
474
235
841
340
318
197
933
586
846
652
760
267
763
445
514
172
50
988
856
679
66
830
828
407
921
11
841
494
196
280
196
860
845
380
696
721
445
142
383
136
270
988
29
370
716
459
904
892
996
428
775
422
579
679
46
578
515
590
43
194
532
553
960
967
729
87
761
611
451
926
255
457
483
326
34
204
283
212
679
456
69
840
525
503
460
187
598
45
291
40
30
592
356
94
77
101
49
733
571
207
799
230
55
880
800
365
868
505
114
555
378
688
761
730
502
80
601
407
771
264
620
751
458
986
287
47
863
615
948
801
986
921
234
801
668
492
565
427
113
75
880
800
981
564
815
149
974
264
878
442
893
346
264
386
290
568
668
579
911
625
605
225
939
82
219
748
841
895
610
448
107
328
387
358
732
574
683
135
213
798
488
110
628
769
350
138
414
181
716
718
86
627
611
422
959
590
688
559
712
396
50
697
689
675
860
662
517
423
517
944
29
276
236
486
338
865
646
26
466
987
149
712
256
495
554
926
865
671
644
244
477
83
136
566
413
218
703
777
292
189
384
152
279
456
98
584
604
548
790
756
666
96
833
889
723
812
626
994
844
808
483
285
655
604
395
684
190
858
100
863
380
438
229
989
924
641
282
556
388
442
10
90
921
177
950
827
443
726
276
696
427
768
400
364
705
596
132
434
537
432
587
513
423
647
441
49
394
310
282
180
620
978
285
349
440
821
676
399
3
394
277
617
401
613
298
979
506
806
544
135
900
629
772
744
440
189
489
509
756
125
102
814
792
108
866
925
288
45
592
685
626
635
949
79
564
620
268
71
261
310
951
399
297
832
669
944
952
578
471
50
178
544
12
117
245
595
463
853
53
968
502
332
221
550
821
392
297
500
301
378
281
688
449
812
179
680
625
786
830
888
700
316
952
212
186
26
48
260
5
100
287
530
606
947
435
661
707
337
761
942
767
231
831
198
941
53
565
315
170
167
88
659
959
825
553
900
340
418
691
253
865
698
955
847
733
550
352
206
13
429
412
207
167
783
431
690
115
773
406
584
385
101
86
332
55
185
745
97
245
738
892
203
405
259
376
72
24
120
856
299
786
706
438
806
468
447
463
98
604
316
220
171
392
51
152
868
525
945
510
353
562
727
735
909
190
360
454
246
965
434
380
850
78
889
140
768
834
247
533
365
836
338
51
252
219
161
582
449
461
974
238
481
194
9
496
340
681
798
410
893
473
378
389
651
496
428
408
708
601
668
610
978
226
342
475
176
482
967
372
39
140
693
549
99
984
886
186
551
525
986
86
629
940
429
170
436
55
882
255
135
980
289
620
447
121
255
151
959
377
523
21
807
54
648
44
568
582
772
527
634
267
609
310
934
843
866
639
781
670
447
516
900
426
264
484
48
952
235
255
240
300
411
776
96
299
287
100
708
937
907
636
403
131
423
711
513
53
748
432
604
458
984
851
402
616
413
62
570
167
121
91
387
295
879
981
957
775
516
373
495
629
987
374
784
197
120
683
974
478
79
525
461
14
799
185
702
103
442
863
481
829
77
749
877
425
219
49
63
29
871
280
53
620
14
785
720
557
168
782
819
646
999
426
104
689
88
921
290
422
388
209
511
136
402
508
140
502
652
70
904
733
668
7
600
378
738
328
955
60
315
519
501
76
966
16
689
58
865
268
72
144
185
380
448
421
958
618
508
763
265
548
715
882
30
224
656
872
160
222
508
604
998
944
630
474
782
210
887
286
995
677
94
354
387
426
969
946
996
697
806
490
553
713
414
974
612
410
685
155
632
120
754
547
201
66
845
953
388
764
478
717
291
844
734
741
915
728
467
536
415
416
8
653
802
524
591
374
709
277
690
463
149
234
83
203
402
930
75
735
250
194
949
905
928
132
575
980
726
304
776
381
287
808
418
145
900
838
759
780
846
848
165
685
996
225
126
902
903
634
341
19
687
331
504
100
976
17
326
159
581
601
479
641
454
591
619
524
327
666
387
300
456
324
474
882
332
858
455
470
763
115
882
504
801
817
873
395
769
536
117
902
816
475
833
242
428
556
67
617
673
271
342
3
571
838
244
872
627
935
78
469
961
623
905
713
741
511
450
690
515
303
981
149
347
942
265
151
132
261
301
790
566
653
499
216
291
700
774
462
882
2
855
834
647
181
57
540
756
925
722
701
182
304
878
233
300
461
288
912
338
830
113
671
313
691
920
941
750
401
343
708
190
136
983
751
127
560
777
272
62
630
830
893
356
447
544
205
465
718
230
698
282
138
62
616
933
154
713
615
601
474
87
980
979
871
692
433
802
538
825
620
285
594
320
489
8
596
917
484
634
719
112
980
964
360
66
877
871
151
994
328
140
207
761
867
862
696
32
739
797
656
690
998
282
920
489
571
767
834
732
330
255
909
183
860
860
363
32
487
115
473
715
994
548
941
924
402
668
717
45
50
146
268
428
989
423
859
411
934
115
690
892
784
627
142
9
530
999
726
177
78
834
541
456
2
32
697
43
493
962
108
211
812
684
562
883
591
371
122
375
664
922
551
370
246
168
82
748
456
276
440
635
677
625
697
883
678
457
560
730
210
33
620
67
189
114
62
904
482
789
292
261
88
494
902
108
83
454
855
528
790
733
902
79
562
981
24
734
852
130
804
93
961
52
846
795
558
688
115
337
360
131
183
542
23
464
547
754
631
575
634
190
724
621
839
754
122
898
635
659
595
732
897
737
434
619
601
667
289
293
734
58
892
98
559
262
539
212
996
625
772
955
675
737
613
804
753
1
737
743
834
360
91
325
301
340
459
584
807
739
988
281
109
528
257
44
156
566
957
684
706
893
319
161
570
516
346
342
621
142
861
303
893
742
667
834
177
723
772
578
785
830
834
704
263
378
931
164
805
971
681
127
781
251
650
546
457
412
323
459
137
748
742
897
843
201
198
514
159
877
594
42
683
970
161
272
505
736
944
258
854
906
324
783
966
904
19
448
619
173
365
731
988
257
999
677
20
866
190
159
100
531
548
53
161
377
604
617
365
967
648
121
188
107
165
462
303
543
468
774
693
501
135
822
579
773
673
491
829
961
145
130
708
55
425
29
622
645
945
210
757
739
379
205
400
677
759
283
827
76
165
899
732
177
917
598
180
637
253
926
365
170
984
378
203
168
51
565
809
569
142
939
997
622
405
185
744
972
748
777
477
850
88
879
528
102
61
294
460
587
222
419
128
409
911
518
644
242
862
788
620
180
791
45
661
718
791
590
264
648
94
724
848
190
887
698
527
623
195
846
409
50
742
412
267
277
963
218
830
242
156
782
983
911
13
985
932
574
261
505
660
644
738
809
10
647
56
242
866
90
867
719
344
284
897
513
109
765
549
282
856
494
231
845
827
817
666
299
375
843
698
384
179
876
25
473
560
528
227
231
982
207
784
767
6
281
325
349
89
982
958
338
622
246
409
350
820
787
311
142
960
320
367
848
556
380
388
201
211
186
198
476
621
134
994
159
344
15
667
300
114
881
0
585
142
121
638
98
497
151
660
425
889
85
320
807
607
489
495
771
263
953
333
731
927
652
542
717
405
266
816
613
800
453
343
743
990
531
890
78
720
732
26
778
934
72
402
356
993
587
873
191
563
902
66
193
832
311
557
867
950
643
350
891
85
455
673
280
216
796
440
532
765
829
127
102
456
185
649
815
270
325
243
531
739
221
527
770
106
516
988
575
184
454
596
702
657
599
656
294
459
583
866
518
155
66
766
730
347
857
435
80
899
403
306
400
143
135
743
424
878
181
643
654
462
994
644
428
11
675
741
417
795
559
343
680
669
406
874
91
754
327
393
312
793
879
895
716
43
326
493
181
800
344
877
774
568
968
517
463
550
681
712
865
342
241
428
347
448
665
518
595
368
411
135
402
285
815
599
761
556
605
944
853
674
565
419
429
114
434
762
632
388
284
36
740
151
634
836
635
129
154
15
665
386
863
339
157
49
644
976
62
737
832
282
341
727
330
180
218
127
858
889
18
87
159
871
412
910
376
398
71
154
924
129
561
491
387
213
704
630
973
760
204
192
580
721
169
599
614
56
718
280
475
927
666
36
52
339
128
773
354
618
413
321
28
608
675
501
78
826
247
799
755
639
75
202
21
917
526
475
67
439
503
790
264
525
938
688
98
159
229
328
125
402
109
506
98
853
512
255
603
505
75
234
472
298
633
34
140
231
813
688
895
159
703
125
579
988
847
162
789
828
339
727
158
797
631
434
229
866
533
635
235
189
681
360
907
185
324
221
141
62
434
953
36
803
10
353
554
540
759
709
550
606
33
300
66
613
468
456
389
386
405
996
988
532
161
275
800
713
305
763
647
413
774
119
360
12
893
891
211
366
788
847
758
250
964
555
447
284
981
105
914
449
594
945
248
52
68
593
802
111
431
423
656
459
330
639
726
842
995
339
179
340
5
386
321
427
824
859
658
139
372
472
481
892
889
299
812
559
801
410
28
546
510
297
258
962
953
230
259
307
145
439
915
805
892
897
948
32
186
841
970
134
729
566
349
717
932
382
985
323
832
115
910
339
255
860
932
31
386
784
383
586
451
157
822
505
434
394
496
479
760
566
83
512
487
77
945
633
221
458
445
42
115
78
292
938
146
848
366
28
402
56
764
278
192
687
689
965
200
282
405
635
695
820
586
549
633
966
477
696
220
539
416
598
17
690
326
398
496
356
102
297
187
203
251
333
343
53
711
600
134
511
87
490
76
623
953
357
396
624
915
937
622
67
787
788
297
225
937
332
995
657
626
936
766
846
876
56
578
913
583
10
263
482
511
515
678
469
527
328
116
567
772
705
808
788
928
340
325
415
81
426
394
278
139
376
281
264
578
27
388
253
541
51
321
516
818
752
498
105
169
54
833
584
690
953
340
249
537
922
775
659
513
776
947
456
353
497
541
876
33
841
354
386
533
639
666
151
924
270
925
423
904
857
150
922
383
973
609
971
219
147
881
886
329
403
288
824
689
798
108
987
321
750
545
765
625
52
431
633
329
430
685
79
172
933
889
180
24
476
5
10
83
318
587
449
881
534
305
773
257
684
397
391
117
107
557
713
733
22
261
918
391
987
475
635
283
829
415
553
397
62
875
41
987
453
675
460
499
268
228
280
705
765
57
409
771
845
440
458
291
613
853
313
68
909
349
920
62
497
925
177
623
996
831
519
780
41
67
591
969
891
848
690
359
305
983
499
737
472
709
131
48
617
715
644
304
537
858
985
82
296
990
540
889
703
383
378
63
604
484
590
833
832
405
771
659
257
745
420
770
14
373
726
604
890
757
394
456
365
541
524
538
622
815
732
737
894
154
458
95
327
593
554
770
504
558
559
510
945
462
82
828
22
918
681
146
448
392
367
51
764
942
618
658
955
928
604
508
99
38
539
831
825
661
479
43
947
317
712
373
45
920
45
214
590
836
833
19
995
236
671
348
266
88
612
231
224
653
678
778
553
846
444
60
561
286
523
964
974
645
735
453
412
592
606
324
768
525
153
698
391
796
240
559
483
218
457
459
992
903
544
78
574
31
634
462
486
119
284
419
183
47
349
832
480
617
797
497
661
78
886
765
719
754
744
88
729
475
531
716
858
919
715
919
894
184
631
844
402
239
178
863
896
214
638
659
839
550
829
655
640
355
240
298
624
33
132
761
429
911
728
536
744
636
765
128
964
227
127
847
823
440
809
860
59
206
676
671
889
428
833
986
904
590
600
467
389
765
393
475
611
580
739
490
155
404
394
405
315
208
145
866
580
778
952
246
494
504
200
777
532
256
39
889
799
123
48
44
513
388
516
949
264
32
452
528
731
687
121
211
846
777
426
455
159
173
873
956
801
643
548
261
420
131
448
22
667
999
227
509
555
596
981
797
539
563
160
257
82
196
691
968
855
713
983
292
939
115
242
202
910
211
768
265
257
607
276
508
513
351
637
55
976
91
794
13
47
535
468
791
546
315
388
126
37
191
494
889
110
505
447
298
69
187
991
266
156
491
57
808
974
620
698
377
409
408
985
721
732
877
488
179
77
454
623
887
581
318
787
940
320
780
771
109
475
699
872
165
532
596
374
396
285
614
635
249
320
848
999
707
797
722
57
616
200
441
565
867
674
320
834
874
743
208
542
788
471
832
834
828
772
854
412
705
873
844
487
446
355
979
933
49
64
834
244
739
317
54
51
602
494
221
104
993
192
78
888
229
757
231
569
109
535
977
84
391
303
831
119
44
701
378
489
398
588
546
733
448
742
906
868
66
414
714
705
124
669
20
718
287
892
418
825
806
900
618
979
750
779
705
100
32
579
891
136
211
789
732
387
143
716
114
979
886
892
434
403
978
827
426
759
494
321
716
389
195
712
341
961
38
634
540
646
194
505
530
608
207
269
235
246
250
204
225
570
334
647
225
629
741
263
475
880
827
611
437
405
687
977
700
396
241
21
332
428
892
863
199
763
819
581
688
874
997
615
57
865
61
936
716
36
672
394
867
355
94
377
741
754
57
372
824
870
390
438
219
774
39
725
546
377
101
791
915
481
256
703
80
424
557
146
847
312
177
386
821
201
621
930
125
6
236
788
899
80
345
635
832
291
781
9
271
98
202
925
999
228
671
205
530
811
726
617
996
771
998
992
352
982
879
74
858
619
229
748
394
549
418
718
200
582
309
428
833
922
956
190
594
242
804
810
543
483
536
385
258
578
54
498
227
628
383
4
704
374
496
73
778
890
604
280
482
520
558
590
562
292
614
563
60
688
131
366
51
187
115
483
598
334
743
306
586
812
774
275
516
565
676
625
84
941
996
558
422
709
996
322
396
351
89
413
932
561
530
133
383
740
900
183
757
687
698
421
344
340
120
971
379
845
912
80
794
787
460
378
895
256
131
398
519
516
666
635
381
308
834
854
437
205
617
482
45
416
860
250
401
425
277
961
122
794
643
879
395
572
44
473
43
908
773
72
784
174
313
357
429
72
921
658
15
296
194
641
304
505
212
643
814
846
750
923
962
36
719
217
350
418
624
119
714
139
51
748
4
850
258
534
22
223
839
349
129
494
455
395
426
877
614
333
335
244
555
743
54
773
515
773
179
524
450
499
413
657
7
997
101
885
164
596
57
213
524
547
148
559
261
753
988
686
554
389
629
489
138
462
981
995
363
224
825
731
610
308
564
959
909
668
477
55
479
286
368
999
697
853
254
610
764
590
907
213
62
181
695
556
963
348
901
512
908
587
763
78
619
990
694
187
824
877
367
687
117
140
325
35
49
902
454
491
241
787
483
462
645
696
173
938
833
883
461
552
724
55
144
759
136
973
342
756
612
119
595
994
774
936
841
292
319
655
480
343
983
185
545
675
332
642
933
12
438
537
834
544
224
183
206
503
601
806
500
286
933
236
278
520
81
936
863
103
737
755
11
957
233
349
90
905
975
634
21
354
550
426
595
652
442
943
384
999
433
766
140
646
472
412
664
801
640
404
902
278
615
519
872
507
793
906
303
858
316
550
342
828
88
605
364
377
85
588
296
588
758
496
357
830
841
843
777
540
666
547
763
1
268
709
413
563
885
50
553
468
488
226
915
928
337
82
973
328
352
398
419
281
680
648
976
218
745
626
948
231
917
720
721
385
196
154
593
358
739
708
273
727
56
418
730
506
548
608
26
731
292
65
183
86
828
917
619
660
655
899
482
339
968
374
538
826
680
533
271
303
912
370
542
190
206
65
473
304
847
305
514
571
117
658
945
508
553
361
599
766
182
374
812
513
384
155
458
449
28
909
8
548
776
770
121
588
798
57
277
914
773
90
690
130
311
559
447
171
554
376
461
411
787
599
477
881
540
343
718
45
880
936
728
745
98
554
120
698
138
7
396
952
648
528
741
867
708
605
463
114
204
584
929
648
786
235
919
265
295
252
429
442
639
878
421
965
344
735
46
468
296
662
898
196
402
535
62
606
983
694
249
65
262
847
881
917
886
932
239
309
688
156
385
211
29
325
945
403
854
429
0
924
984
784
921
211
195
695
576
397
668
579
664
110
677
10
801
557
854
716
209
827
24
676
528
785
981
432
854
30
997
156
479
875
670
281
857
426
968
453
346
515
179
181
360
149
82
878
283
992
886
247
154
159
527
808
746
872
33
79
987
870
718
414
845
264
353
770
74
252
263
225
753
660
861
374
135
636
647
439
479
382
709
153
994
241
312
839
335
532
129
918
793
974
199
323
592
837
288
901
410
992
961
238
69
895
511
104
504
37
956
732
503
583
396
14
178
19
215
452
901
998
133
621
377
760
907
850
228
649
844
758
161
748
630
365
191
927
454
850
458
843
211
673
193
528
212
807
741
801
231
976
400
541
286
496
724
561
205
31
184
923
743
605
143
405
294
599
971
532
678
919
575
644
984
637
428
661
978
53
469
295
886
987
452
924
241
296
110
545
478
599
948
887
897
936
583
101
389
26
944
888
369
217
89
455
632
130
885
554
708
490
320
858
203
270
536
718
800
513
871
872
23
758
217
478
579
563
506
87
617
111
638
705
70
688
291
887
920
768
55
979
687
315
419
267
409
216
924
656
372
433
797
627
186
198
570
641
572
149
416
398
431
659
424
187
712
261
412
10
35
672
754
411
757
813
434
58
785
883
862
496
222
213
815
728
111
741
845
436
344
610
116
526
733
369
463
683
659
783
359
533
657
30
737
111
282
900
339
32
257
157
520
149
730
403
179
909
935
698
22
149
432
746
526
688
923
308
804
831
151
642
225
541
534
807
624
851
603
900
342
3
578
815
264
650
922
225
654
156
499
247
102
559
101
875
55
835
941
459
801
913
715
236
970
336
928
394
870
644
771
716
505
838
489
514
420
346
365
70
50
374
911
792
566
805
549
934
551
254
389
643
501
828
324
370
416
421
505
396
562
678
844
170
214
285
233
181
909
507
880
444
77
965
580
702
714
951
649
751
277
633
559
645
402
230
979
795
257
328
828
418
873
384
503
823
235
485
458
116
189
951
916
223
305
343
953
18
16
352
697
779
922
204
442
274
459
817
173
475
132
418
730
760
473
847
581
142
884
703
895
202
279
97
495
592
283
391
211
113
685
160
854
425
217
863
632
115
265
755
711
130
814
877
685
553
403
5
440
379
77
454
491
982
620
404
426
827
256
576
289
613
26
783
766
803
166
492
562
618
498
751
722
934
721
185
7
2
268
815
118
160
990
567
509
23
95
543
320
879
350
930
558
44
312
818
789
124
553
705
428
912
329
279
966
562
849
770
728
749
767
878
541
42
378
187
186
232
315
87
313
800
86
347
551
777
608
437
204
659
528
397
707
828
753
516
585
691
351
496
731
583
880
167
917
120
712
122
693
191
298
29
66
616
601
656
646
647
525
942
895
996
450
603
249
188
420
823
219
576
580
748
945
974
108
778
841
849
875
274
171
472
344
246
269
710
82
119
835
903
302
820
251
705
308
25
861
891
342
531
226
375
415
148
727
433
582
120
672
621
36
796
47
671
981
860
842
599
913
303
436
819
394
283
707
72
519
791
990
923
544
59
907
856
483
48
210
877
346
149
50
541
544
402
953
810
547
218
961
691
358
438
623
761
774
172
205
689
386
116
583
409
34
738
57
25
716
508
106
713
307
706
347
683
869
55
475
551
800
863
714
222
564
849
372
623
923
960
284
646
473
166
335
90
739
23
895
528
125
701
60
685
511
5
364
321
503
508
392
72
503
480
181
428
33
160
219
656
757
371
998
818
58
396
436
180
929
450
873
332
328
54
269
496
175
70
993
300
496
243
698
969
119
709
516
942
147
335
367
776
518
527
493
832
404
62
372
364
535
698
400
334
908
914
926
953
370
947
520
688
406
511
70
523
875
784
354
43
405
786
954
748
920
592
819
199
152
393
253
91
306
596
862
562
951
437
308
381
933
928
850
527
157
29
117
890
710
583
782
832
247
766
819
249
268
856
79
189
880
904
122
694
763
970
877
22
16
697
276
640
455
437
702
537
638
557
143
873
746
451
446
799
361
103
697
664
974
868
406
234
377
721
835
427
723
287
42
904
605
432
719
190
142
372
809
150
515
633
46
162
727
934
639
317
192
244
467
57
699
895
161
602
840
872
844
632
348
456
751
762
403
492
377
816
103
211
656
207
563
902
800
249
506
881
612
404
83
256
934
142
996
868
984
635
514
371
698
985
405
933
861
770
112
359
468
95
228
906
828
672
488
124
29
892
315
550
794
794
333
221
900
993
9
77
996
909
532
259
284
644
549
971
221
128
933
108
663
772
500
107
898
156
337
356
678
329
448
604
840
716
882
552
928
402
442
678
413
861
74
631
767
767
884
165
194
852
863
198
571
104
761
649
530
608
489
112
950
282
316
901
996
910
201
339
638
201
414
248
522
634
447
665
296
564
897
318
991
899
934
840
986
4
607
855
198
698
477
435
760
41
493
768
298
308
725
125
960
395
743
464
638
375
232
267
806
501
65
577
557
319
792
125
702
658
91
862
359
503
886
445
193
277
889
984
608
29
721
576
684
305
659
631
716
530
706
869
50
739
688
855
316
225
710
418
568
236
812
840
798
66
99
775
514
365
772
751
212
893
175
31
779
879
877
443
223
965
744
75
752
821
295
796
577
980
783
915
611
284
41
4
353
67
749
742
790
423
928
225
469
392
895
743
896
607
840
126
312
33
893
561
921
762
959
979
146
920
552
347
435
105
323
334
261
220
449
756
675
242
758
489
936
190
461
287
43
812
726
898
576
968
721
334
857
82
582
448
543
208
866
806
948
898
366
563
26
747
455
397
645
932
572
554
532
349
536
52
683
236
601
120
591
168
716
962
742
51
905
935
798
90
380
131
359
668
522
417
792
425
804
158
7
656
534
905
567
593
758
928
809
235
160
132
880
309
148
358
125
10
366
167
964
90
538
61
729
375
750
109
748
667
841
748
981
49
166
104
801
866
110
908
101
706
948
815
486
597
335
216
283
216
75
846
56
688
847
185
620
529
783
355
863
622
597
850
720
739
6
152
580
645
907
200
850
322
226
114
941
264
236
942
608
886
528
169
933
960
63
541
541
191
443
917
630
546
650
349
219
432
106
847
841
178
372
586
283
77
808
836
414
880
200
60
749
808
937
47
284
45
49
841
910
49
394
831
622
60
377
379
901
987
441
838
498
473
678
264
827
30
175
19
62
800
472
564
143
475
211
158
19
657
904
495
329
614
844
884
744
56
684
134
177
820
710
602
882
734
875
335
858
391
8
219
201
562
355
990
618
572
345
479
58
254
37
883
306
265
351
156
574
717
973
211
62
844
438
375
961
135
727
474
656
725
181
983
436
379
303
301
764
261
166
883
525
945
609
863
853
382
250
70
922
337
151
650
438
547
654
374
973
807
875
681
340
301
245
187
483
354
317
564
187
585
488
55
715
377
232
231
722
791
44
748
615
416
690
501
778
683
461
224
622
110
582
842
416
907
862
216
576
47
126
764
254
808
243
4
47
608
329
44
983
590
856
508
973
148
100
64
393
680
272
777
312
654
898
617
273
754
718
474
115
791
23
205
367
39
814
239
632
472
863
394
685
988
525
925
481
456
489
170
244
657
828
803
154
705
505
426
754
101
10
1
252
544
695
827
579
723
285
481
933
497
258
796
265
509
625
791
583
625
771
895
671
595
630
138
418
637
866
281
558
889
615
509
544
265
502
572
595
9
242
134
441
515
287
375
253
61
37
666
357
103
638
644
751
377
658
603
399
783
289
754
142
569
627
878
639
487
231
31
653
917
589
770
827
199
43
8
497
196
34
915
82
622
27
484
522
62
326
946
791
553
290
108
681
172
858
67
267
685
0
753
292
668
29
146
616
835
129
770
717
182
795
98
275
497
406
58
274
606
454
959
509
213
635
309
697
533
961
732
99
85
716
754
837
881
581
839
853
437
444
716
917
629
59
422
789
431
581
127
716
275
349
212
359
237
868
712
419
624
563
381
116
743
924
897
580
103
856
48
538
6
644
776
225
296
161
742
723
20
767
967
526
765
845
766
760
274
588
33
55
43
538
366
215
251
506
384
329
441
872
239
425
168
35
714
343
356
910
734
983
399
845
986
18
17
47
124
124
765
605
463
674
66
975
294
820
125
427
661
359
716
882
68
748
121
856
43
585
91
264
749
373
235
70
249
616
687
171
327
42
620
839
740
471
447
396
415
695
506
975
926
612
468
910
679
455
390
316
22
552
722
650
373
148
828
550
54
650
57
493
668
906
781
989
578
304
941
667
523
255
356
854
78
90
513
720
458
326
510
214
20
122
799
331
264
911
776
963
325
356
528
104
855
624
675
769
616
273
741
985
877
432
228
254
737
128
477
484
33
84
393
24
184
193
515
202
855
304
508
255
790
627
988
453
533
463
707
739
607
468
618
857
166
714
862
312
893
726
406
282
813
49
618
655
555
601
457
832
673
546
985
642
857
796
434
598
812
831
203
975
233
841
610
703
69
712
751
496
954
658
26
63
454
481
539
15
959
81
869
542
644
793
622
611
58
125
604
279
888
632
70
375
339
458
330
204
594
631
720
391
972
761
546
194
252
327
455
795
133
621
333
550
323
513
71
489
703
648
952
625
604
888
450
886
100
88
871
268
393
393
548
425
625
856
396
432
187
346
304
909
160
331
711
662
728
136
889
639
765
934
764
128
976
442
598
531
471
29
400
442
140
478
377
841
548
446
479
433
719
459
481
339
934
244
100
882
43
437
833
201
40
590
706
66
741
646
120
609
262
675
56
252
805
386
863
656
984
333
177
538
73
374
3
32
829
189
599
352
79
559
761
419
347
457
538
470
813
502
97
294
246
16
939
498
665
797
135
839
957
102
391
561
76
454
695
901
849
673
723
88
599
233
843
845
697
980
532
161
149
867
764
274
386
608
85
167
160
86
496
828
170
340
496
984
356
877
490
355
301
983
416
891
938
284
339
840
541
181
295
538
905
894
815
21
221
212
679
766
615
177
968
356
276
453
386
591
650
891
524
257
212
839
623
413
942
805
816
773
284
108
121
752
101
503
470
361
405
214
144
667
257
633
558
784
683
125
180
166
871
785
592
604
282
955
747
397
548
533
256
273
889
334
731
974
284
45
868
131
30
776
771
808
524
391
945
264
715
10
357
550
48
432
749
412
872
324
417
14
328
670
462
595
454
184
892
762
11
340
5
805
31
791
59
349
986
18
771
440
824
380
844
407
90
114
290
152
846
150
890
407
338
588
329
546
565
634
661
716
741
78
40
327
973
338
539
338
773
896
204
500
693
562
564
628
890
979
733
401
119
907
685
611
63
251
659
501
825
873
650
412
428
987
84
560
838
566
982
517
156
522
286
450
200
583
629
134
175
372
904
281
903
585
747
316
122
838
975
122
114
4
403
339
128
570
525
785
213
657
866
75
657
951
137
33
9
155
711
118
234
798
722
159
701
794
263
255
577
599
51
419
335
968
670
718
350
687
467
967
66
405
12
845
958
46
897
609
311
435
596
313
962
258
167
61
861
513
207
105
375
116
28
155
129
352
879
113
280
201
987
761
455
14
147
218
649
211
567
396
522
614
170
260
356
566
990
365
586
378
499
860
377
929
25
613
881
831
482
319
946
994
49
129
258
168
604
718
128
762
387
613
893
788
784
432
964
462
75
494
395
179
550
262
425
39
250
125
699
291
668
237
967
127
456
149
687
640
288
274
109
572
715
685
985
534
14
378
63
981
963
415
47
574
454
325
837
802
958
356
797
717
289
176
321
311
656
442
821
190
463
953
158
30
880
835
870
51
868
717
367
315
113
297
231
952
79
865
492
556
559
641
275
959
413
430
242
432
67
54
443
984
854
25
168
87
824
591
589
841
79
722
911
47
659
933
94
824
231
345
628
313
816
404
719
738
15
559
436
454
436
725
876
78
46
772
576
681
294
204
103
215
936
867
380
92
111
154
484
581
87
343
977
100
990
350
397
56
302
323
242
703
392
41
801
847
302
848
867
442
40
883
847
572
413
537
573
627
691
164
148
947
302
638
161
502
641
100
634
362
9
38
545
865
231
463
152
839
838
722
328
890
743
304
951
0
848
5
606
607
942
332
913
87
637
255
781
500
854
585
191
59
198
577
414
692
448
865
882
403
142
908
585
174
685
596
484
748
128
79
858
436
353
155
229
791
906
513
191
777
643
989
186
189
172
387
892
673
383
734
623
698
460
884
726
87
580
100
497
977
753
112
673
210
2
78
369
53
824
616
798
416
640
24
126
271
198
919
162
800
927
345
821
51
97
772
272
429
243
286
94
760
813
858
397
755
49
552
699
143
656
123
17
319
412
165
992
383
552
200
964
778
272
243
238
23
104
556
412
945
360
438
903
117
375
424
954
2
278
439
99
947
719
256
763
366
691
302
293
357
76
145
977
264
450
750
714
9
643
397
318
135
219
849
622
1
570
956
979
934
62
194
190
39
699
372
698
122
787
186
764
171
940
50
858
828
598
312
887
828
446
112
990
343
618
28
132
980
289
774
464
214
684
432
591
261
624
532
802
404
481
736
757
458
774
29
281
428
576
63
678
160
455
509
375
461
411
803
680
516
388
122
436
387
584
575
83
456
653
663
808
406
992
213
628
748
24
694
503
62
320
241
781
535
99
376
84
79
79
748
150
293
907
563
773
358
713
195
398
561
287
232
329
737
310
613
376
171
323
142
234
895
462
444
509
249
672
442
847
538
94
547
560
196
495
666
246
339
577
857
360
568
225
133
452
312
867
556
274
714
202
681
219
482
635
892
295
893
551
854
477
863
715
732
486
943
806
776
17
709
261
121
685
852
590
331
865
377
250
653
891
333
18
374
871
771
872
578
83
215
823
957
403
471
88
528
21
658
847
316
701
51
934
109
802
504
999
624
162
731
444
44
78
148
817
592
304
709
590
220
710
572
456
344
179
557
611
532
878
528
975
884
915
818
752
954
600
486
620
836
551
14
594
833
954
14
463
277
90
193
871
185
923
992
953
596
275
468
993
682
374
587
151
151
102
421
648
650
258
646
899
755
901
15
138
798
678
789
594
979
108
519
629
243
82
131
321
828
938
161
135
122
823
445
151
141
99
164
867
208
789
285
309
107
289
371
379
995
43
204
62
923
473
925
125
901
823
797
791
295
276
423
789
849
131
356
888
33
22
463
764
791
668
202
159
447
934
477
650
300
709
674
240
741
720
131
436
32
376
349
898
966
194
633
85
437
374
722
272
745
342
770
495
393
342
486
735
72
944
968
13
342
81
254
27
933
983
443
843
672
392
239
273
818
614
580
377
910
35
256
623
672
291
891
847
551
634
239
632
789
337
470
183
875
588
815
514
176
809
210
104
196
984
123
994
801
496
88
24
892
441
920
178
525
489
478
890
855
308
451
621
410
529
276
739
175
561
550
882
89
655
263
54
843
539
547
582
881
704
145
761
643
993
985
0
823
413
592
320
590
17
599
876
487
315
342
487
142
38
484
185
312
945
480
268
589
673
678
787
967
530
850
50
884
452
657
388
648
912
457
358
335
650
463
396
946
673
342
258
381
706
818
529
402
292
981
148
914
276
966
480
590
660
262
446
473
358
945
102
45
575
876
236
735
14
883
521
8
915
566
59
761
873
354
452
603
112
186
429
147
955
630
746
609
775
343
280
343
812
226
871
150
521
511
259
66
129
121
946
607
622
407
862
424
488
882
400
103
372
622
986
144
617
561
974
836
854
402
937
246
306
727
49
200
882
870
429
294
225
276
623
302
203
508
264
462
103
798
517
749
49
988
525
399
622
497
687
708
465
281
118
345
845
708
814
621
324
466
445
104
782
553
472
419
724
276
722
80
438
302
866
346
223
347
628
590
205
748
885
45
2
809
925
904
752
862
422
669
101
272
819
991
59
501
745
765
620
800
521
554
205
883
774
699
653
972
378
91
554
110
88
712
471
447
758
361
62
86
343
847
998
136
186
109
634
324
324
239
870
787
57
434
377
365
559
636
341
617
835
101
740
832
262
926
591
285
8
425
238
732
344
660
778
296
584
17
981
700
183
844
668
717
71
251
772
704
979
224
64
259
36
979
286
194
381
595
224
708
917
225
782
360
626
587
512
592
706
305
225
112
715
860
931
150
517
149
958
616
574
346
234
320
957
304
483
760
277
706
841
966
323
341
226
895
932
811
616
924
624
907
340
758
998
323
873
217
281
250
478
532
100
394
971
973
352
708
956
961
287
639
778
560
76
353
213
62
211
469
875
738
68
363
344
109
10
479
405
404
277
61
596
847
327
817
624
112
881
790
577
334
868
319
183
746
805
493
427
576
269
524
447
472
543
551
395
198
738
650
601
193
197
496
354
610
655
883
440
452
718
984
446
111
841
122
620
264
786
750
859
302
798
10
110
933
131
37
622
474
501
952
799
565
960
932
293
775
86
116
638
50
339
222
241
783
270
147
260
779
721
482
100
189
566
12
160
231
802
148
519
154
711
191
436
38
770
724
273
600
313
633
812
144
899
760
727
275
921
119
631
403
345
173
590
942
259
391
952
775
128
128
927
480
636
861
86
755
30
629
338
412
257
493
574
466
529
911
478
638
880
121
280
211
146
498
402
33
896
250
899
915
960
751
213
564
84
89
925
849
439
933
408
538
330
928
524
230
902
554
263
769
948
467
607
378
158
281
218
724
68
19
352
841
224
130
461
302
825
703
880
56
398
585
481
341
753
149
125
81
188
56
3
956
479
186
453
504
143
334
817
198
728
463
20
777
244
671
765
864
398
682
822
252
596
924
583
830
225
617
799
967
792
599
944
120
873
135
571
454
173
453
943
746
343
291
26
548
419
384
93
972
8
567
251
932
818
885
813
368
129
622
547
32
232
704
210
68
93
933
990
30
265
147
584
574
772
392
312
559
333
522
809
404
873
259
96
285
59
876
499
264
216
941
833
26
340
556
620
556
390
389
340
227
292
892
454
763
766
558
715
873
815
751
317
332
427
103
984
864
260
311
997
640
408
682
184
434
908
560
441
697
55
451
920
672
488
435
921
962
978
904
989
234
559
431
730
332
995
441
798
825
248
46
176
590
344
760
134
394
582
767
990
388
356
986
586
581
8
364
307
893
294
538
456
564
785
6
129
569
298
319
781
712
781
803
398
88
447
919
504
287
774
194
975
351
110
972
149
519
172
505
612
87
845
899
190
245
864
506
675
887
835
658
808
168
785
612
450
49
648
709
810
858
555
169
138
811
919
646
591
21
53
993
849
78
266
620
33
291
307
705
691
801
762
517
28
627
577
147
24
738
151
240
499
958
64
287
771
487
147
207
653
393
639
164
109
284
812
699
533
357
970
231
320
107
847
377
849
969
26
186
34
374
967
123
664
927
616
952
497
959
303
554
697
47
452
643
154
20
923
961
221
726
157
421
949
772
233
455
820
142
254
770
798
991
720
609
931
761
623
40
911
103
441
890
49
725
616
488
652
53
221
569
734
83
218
555
473
58
663
897
511
967
688
305
59
385
608
665
263
206
300
656
101
943
624
560
731
990
806
327
501
514
875
802
713
341
430
920
812
139
543
155
650
999
798
581
751
249
580
602
426
564
842
111
501
630
437
967
2
436
28
448
237
866
623
155
661
819
864
475
968
499
355
511
437
178
281
184
657
384
459
571
866
671
296
425
796
589
275
800
262
577
992
887
531
260
684
678
829
575
736
108
38
370
591
687
734
974
92
344
208
495
805
777
360
87
193
721
481
624
787
667
776
899
948
899
757
101
345
983
860
979
743
382
381
867
8
889
435
759
240
310
384
910
311
400
528
401
798
68
264
272
482
595
335
105
597
400
448
2
483
712
119
752
911
861
488
575
133
315
823
499
785
596
474
405
284
494
458
961
629
136
372
539
741
953
824
404
443
347
691
62
114
787
254
379
962
648
961
130
763
176
311
836
790
145
267
493
370
404
683
954
68
387
49
791
298
139
598
161
86
185
48
578
329
982
664
459
383
202
362
852
866
277
250
684
727
27
725
0
742
567
707
411
123
462
672
49
774
770
973
337
292
428
419
296
478
37
140
742
791
412
214
855
142
744
122
281
83
97
425
813
998
736
934
609
534
101
958
241
718
765
479
571
236
496
246
995
533
3
435
21
190
497
453
880
122
755
45
669
906
932
569
986
288
493
736
598
194
987
7
932
75
994
902
852
153
472
182
374
296
771
212
376
485
432
737
239
873
941
626
711
940
553
1
706
342
596
767
872
26
48
292
416
984
948
285
346
510
50
159
255
13
525
662
650
556
496
271
345
654
905
155
880
276
151
719
987
43
636
241
605
69
415
254
919
279
347
918
947
421
169
580
83
956
866
12
671
342
975
807
922
792
156
85
121
505
195
392
347
287
876
822
977
825
1
820
915
214
910
734
466
385
791
700
632
169
879
928
703
115
544
398
629
291
324
256
727
999
844
235
640
840
282
645
496
357
326
689
528
632
437
514
8
897
927
909
922
553
847
190
760
575
307
341
656
795
799
622
294
69
99
891
302
891
623
130
85
906
90
751
397
598
300
565
751
684
290
637
804
510
969
276
189
943
495
564
5
898
811
348
113
217
805
568
341
561
566
941
592
650
125
865
755
408
423
791
992
37
685
540
601
144
270
354
876
656
840
832
722
190
332
57
691
498
467
189
211
485
263
724
842
582
222
821
792
741
700
930
23
30
752
548
943
458
59
703
615
942
15
569
479
636
972
249
554
592
425
929
941
355
639
384
831
252
153
362
706
976
857
275
678
601
681
161
472
739
514
194
701
186
308
268
699
461
62
904
643
426
729
837
818
501
708
106
727
855
44
62
208
118
687
928
334
765
242
185
518
448
217
506
207
824
240
134
606
428
615
483
925
419
174
526
178
426
30
594
880
556
96
689
815
657
607
751
308
775
421
431
346
286
626
497
337
710
928
113
399
590
770
913
657
745
329
804
999
179
57
196
803
554
422
834
103
923
817
876
28
25
743
943
647
50
367
934
964
940
220
510
812
964
332
347
176
185
455
464
827
592
873
850
219
128
18
967
978
849
469
865
262
946
204
600
499
549
245
871
709
678
654
904
299
7
490
178
638
163
525
266
115
511
563
21
464
428
676
556
496
173
911
66
480
744
103
650
662
190
892
687
272
778
81
52
376
69
369
794
649
204
372
322
216
180
104
441
210
792
362
564
643
287
700
809
540
313
805
81
815
214
29
550
929
133
263
539
715
328
847
124
588
732
897
915
632
975
179
706
587
975
435
258
230
956
246
349
760
515
28
262
823
641
849
725
443
335
873
971
722
378
404
42
430
870
748
159
869
310
228
134
918
999
259
566
466
98
835
383
47
485
751
743
932
991
853
431
890
323
87
303
23
884
35
999
882
332
630
308
835
395
666
414
157
233
453
71
567
830
745
325
690
302
805
349
268
226
470
262
643
137
480
62
624
775
890
414
362
102
104
883
583
561
348
88
971
859
860
717
221
961
501
191
44
551
899
806
499
999
711
423
145
83
256
916
426
415
989
31
205
429
82
734
40
641
342
751
71
256
904
995
287
820
345
429
224
827
556
457
673
305
44
356
219
873
901
765
16
788
194
992
102
846
748
27
433
163
510
563
544
587
896
983
78
168
392
584
510
628
129
482
878
922
332
949
789
276
1
54
605
66
984
287
985
503
861
40
530
230
729
203
809
670
372
361
347
8
525
968
283
953
912
491
556
317
412
604
202
38
244
53
598
764
535
820
378
720
899
994
799
119
866
320
928
171
196
132
733
942
608
474
31
934
517
765
142
899
831
321
800
999
966
150
620
30
664
454
714
645
281
43
727
960
662
370
161
556
44
711
151
20
567
540
420
513
116
703
345
157
757
135
122
719
202
495
972
329
520
496
268
708
511
362
566
998
878
559
534
72
667
642
302
422
667
473
500
350
413
989
867
964
425
280
932
337
680
762
209
958
348
393
934
479
124
236
447
940
500
781
447
32
746
96
764
402
165
585
691
616
739
630
955
330
729
434
538
979
517
540
470
431
442
470
190
100
606
289
836
824
159
196
812
968
832
135
90
320
291
168
272
432
752
634
454
238
282
323
596
436
893
703
430
573
69
309
791
134
849
442
298
25
322
743
164
457
817
435
147
560
513
551
383
686
352
456
979
630
917
753
32
41
174
493
958
556
807
49
300
139
9
671
689
328
765
620
771
658
354
765
333
501
924
297
860
785
320
415
8
633
245
488
205
191
473
429
509
859
442
943
64
15
100
169
145
677
728
391
119
456
837
833
728
345
78
984
0
286
344
567
78
720
796
170
832
718
626
236
256
886
945
943
403
644
86
76
730
946
916
221
493
563
590
565
923
424
392
582
23
245
561
183
202
493
556
333
293
726
761
22
501
354
38
3
484
105
317
611
682
923
456
219
859
358
366
482
444
118
134
710
347
125
226
740
621
400
973
234
10
707
765
262
168
468
230
33
974
788
162
719
936
858
739
322
46
454
278
65
546
981
532
716
904
593
729
298
950
726
249
650
595
797
353
110
443
787
540
154
332
182
856
463
921
101
104
336
669
734
714
591
472
142
483
104
705
496
742
969
636
556
321
628
708
252
621
206
150
607
698
872
95
138
651
448
955
294
832
338
479
493
634
697
175
446
693
529
808
186
382
884
589
703
345
711
837
131
648
30
729
525
735
135
552
462
858
302
673
790
793
435
317
403
15
747
88
462
752
210
209
366
328
457
463
356
162
565
882
437
25
430
763
551
373
523
678
14
335
736
467
644
238
906
102
754
404
281
887
245
643
777
186
338
115
892
388
842
76
797
358
609
430
621
127
808
693
413
495
49
26
287
455
888
499
412
248
88
142
668
396
10
483
228
252
102
911
203
859
923
565
809
742
297
478
615
499
783
823
438
370
43
1
122
593
379
930
542
780
8
151
407
632
155
607
711
536
352
524
4
50
47
952
960
317
350
94
293
746
667
213
233
513
49
766
516
73
57
37
916
514
5
39
754
933
710
869
973
591
300
22
269
762
435
925
817
880
861
137
923
893
54
560
76
153
148
943
941
974
822
880
388
927
562
117
325
683
571
669
358
912
841
858
756
283
326
125
454
593
884
839
412
723
48
957
529
3
719
850
708
196
482
738
875
475
930
215
252
484
681
630
157
754
499
598
857
945
620
674
61
377
879
756
424
946
274
260
14
730
307
130
769
890
729
951
937
937
637
508
202
242
843
809
564
260
613
33
54
487
452
218
63
864
43
16
151
388
539
716
468
69
558
325
134
49
506
747
442
891
794
995
166
136
191
72
448
610
643
813
458
450
476
842
640
449
793
213
485
689
591
978
365
59
916
147
168
940
17
95
401
723
387
727
835
559
501
126
18
517
512
732
691
804
215
375
831
688
682
245
680
423
708
791
262
725
501
374
730
538
496
101
919
403
366
56
554
145
730
8
700
95
971
767
135
960
47
428
281
803
629
347
447
997
349
208
40
747
635
349
195
914
663
422
365
970
286
162
809
783
457
109
767
252
633
896
510
210
450
627
325
96
321
55
122
238
355
77
933
446
564
483
987
646
505
556
656
776
376
628
848
466
550
454
0
121
250
7
895
515
478
629
425
338
137
13
475
771
66
743
808
673
891
238
332
663
722
250
149
277
204
81
801
403
715
803
82
240
253
365
436
305
725
533
385
39
190
288
515
72
220
398
760
591
743
563
47
149
983
989
131
830
873
660
921
820
110
528
626
488
865
300
870
245
941
600
316
273
112
882
527
524
534
717
232
669
242
783
731
461
273
678
697
22
83
277
355
403
214
168
714
911
845
984
186
651
33
5
200
745
957
341
228
79
651
384
771
270
666
835
640
986
799
667
650
414
491
989
529
173
669
113
402
171
462
851
55
471
417
452
278
709
853
479
863
555
568
76
882
599
418
705
118
990
604
820
613
234
29
63
58
445
806
153
95
866
461
823
224
591
576
836
229
144
698
812
325
495
216
507
7
814
873
42
778
483
506
533
501
94
987
103
473
13
679
816
242
695
757
77
66
4
10
899
882
256
527
81
16
604
822
69
739
297
362
198
278
736
631
586
147
902
143
284
601
237
995
356
906
233
668
781
55
80
49
853
574
193
350
769
573
357
401
680
256
917
392
566
528
93
869
508
540
226
29
761
647
995
258
792
988
374
799
751
636
208
548
627
670
558
951
800
404
225
857
965
355
351
621
841
74
902
989
108
596
348
824
274
591
907
432
434
906
297
13
107
35
275
177
738
457
483
189
761
104
176
294
39
426
557
569
471
489
578
440
203
643
730
920
88
281
928
538
162
688
156
44
852
880
5
302
784
124
466
447
507
109
218
387
351
288
809
488
489
102
377
200
910
138
366
595
239
879
120
535
502
846
394
130
751
257
692
837
601
297
696
840
196
628
445
907
873
79
787
651
432
652
370
973
950
764
401
159
998
378
359
923
871
305
513
651
598
225
842
384
785
827
477
796
3
346
921
135
551
710
989
23
103
250
600
676
144
129
676
311
435
466
619
77
235
335
922
995
891
973
295
177
412
871
214
202
0
822
678
625
809
549
559
132
763
349
811
902
771
791
474
466
307
321
328
474
863
634
871
616
828
255
859
418
234
736
501
419
481
267
290
43
928
157
922
217
287
714
398
49
231
146
90
287
612
412
139
28
341
966
648
121
163
198
256
222
936
87
36
423
624
820
481
696
456
346
455
596
17
211
147
541
980
119
969
481
907
380
24
775
829
395
556
596
55
792
44
32
828
206
811
775
50
312
814
630
115
427
598
420
404
150
49
87
412
721
550
115
411
209
959
291
536
745
358
544
55
473
425
224
286
462
870
809
160
994
270
264
989
880
459
134
247
321
684
906
212
728
398
816
181
228
538
276
731
760
5
92
793
261
737
605
364
465
27
874
804
563
773
973
989
885
488
940
964
942
922
816
905
949
838
335
671
305
431
96
855
718
335
716
352
755
885
443
986
832
238
125
619
80
944
360
833
586
451
973
612
471
50
81
838
384
75
628
200
653
646
614
297
858
191
815
738
604
397
509
659
41
251
788
701
155
55
531
936
802
973
242
518
837
246
162
293
5
509
418
629
944
466
772
365
287
187
590
717
763
320
547
233
66
240
758
128
375
717
582
195
564
504
906
451
591
29
719
789
999
513
654
526
445
753
52
660
927
695
218
768
444
74
579
753
534
454
467
848
532
538
463
128
847
385
522
271
301
643
111
67
1
318
951
74
824
531
835
35
176
722
325
895
748
560
287
478
100
269
236
716
360
618
283
508
596
253
137
394
105
138
742
242
575
838
578
393
33
93
628
271
690
33
921
214
623
789
560
944
530
262
399
977
475
606
323
120
339
544
90
816
605
108
40
17
772
468
606
80
162
609
403
115
340
388
809
835
717
62
120
958
854
163
528
347
969
432
652
568
394
942
459
212
992
926
349
185
579
381
972
684
969
871
377
636
225
651
75
937
763
885
176
488
340
364
298
164
284
727
489
590
866
776
987
863
114
547
432
614
190
205
131
271
395
207
82
60
952
6
812
872
14
120
483
269
737
360
856
575
383
458
852
845
459
90
622
759
187
287
425
604
778
264
372
516
418
745
429
844
738
351
100
348
1
320
386
341
691
517
927
919
846
928
928
492
356
260
451
206
525
977
223
207
942
887
115
179
795
873
752
965
962
81
100
912
305
666
699
236
252
85
840
892
700
169
601
254
119
957
613
506
945
85
937
414
106
342
485
581
482
676
911
505
514
945
442
417
755
703
392
148
639
50
132
767
960
960
559
263
857
481
525
641
150
641
880
675
294
110
206
219
114
231
804
921
44
971
87
400
413
555
377
357
798
999
631
16
3
220
692
244
496
618
655
685
884
901
630
156
810
433
593
446
8
225
198
925
652
158
88
921
608
44
345
667
47
207
395
302
905
131
60
584
885
225
707
288
522
914
572
86
768
46
7
631
765
597
981
684
873
23
227
594
241
639
585
93
90
559
343
411
308
356
626
231
104
541
358
326
424
693
769
22
259
372
677
425
599
567
778
870
294
279
29
622
695
127
231
276
437
203
865
667
919
3
2
114
186
605
412
808
320
901
662
206
715
11
551
23
115
963
800
994
112
808
206
745
181
861
437
537
229
552
80
16
260
743
249
19
89
454
728
61
247
187
877
413
760
62
433
146
17
18
21
456
400
384
148
880
909
172
803
47
40
73
113
454
373
425
583
838
385
170
862
225
551
454
192
947
8
156
431
155
494
714
260
443
222
570
454
558
47
160
8
860
420
869
999
671
833
950
417
957
585
247
662
108
81
712
655
645
245
815
651
135
728
734
193
656
305
238
441
225
605
939
286
964
938
722
927
90
320
997
790
490
175
774
373
741
973
852
147
702
963
144
888
857
66
949
616
326
835
354
394
941
483
377
21
466
117
640
377
203
965
136
442
171
309
848
49
143
960
679
905
814
696
125
925
276
231
966
238
532
365
590
129
711
537
72
710
976
775
634
21
91
223
958
466
143
540
737
712
946
57
830
57
921
887
957
276
400
960
343
66
263
400
956
827
144
547
500
391
482
797
328
688
727
322
103
317
979
761
62
264
568
643
773
31
941
109
621
53
436
80
213
651
978
537
527
66
800
331
228
905
386
498
793
393
592
236
520
752
634
689
561
753
862
750
900
364
435
839
675
889
919
59
401
334
256
283
252
291
100
961
607
798
200
252
986
443
785
194
855
475
614
611
983
814
973
982
327
30
866
697
850
489
491
504
145
911
179
191
625
642
584
270
366
187
476
295
841
140
962
370
153
558
150
835
140
504
155
899
628
193
119
827
82
519
390
466
45
735
844
981
428
928
150
904
522
415
785
635
143
846
559
520
666
607
264
383
494
76
482
790
770
896
363
988
409
358
645
973
7
456
867
28
924
516
552
401
345
987
348
705
934
357
41
506
918
587
876
965
490
380
536
181
987
853
630
450
522
466
374
542
151
985
236
987
530
849
185
274
153
632
732
363
58
678
497
590
662
867
135
170
497
326
270
985
441
377
204
626
281
688
272
946
483
690
225
876
909
556
485
368
490
372
704
44
245
781
949
708
239
83
704
7
783
920
138
527
834
914
814
837
886
137
867
119
34
128
942
183
466
461
979
207
369
6
365
87
672
108
991
771
248
980
388
15
209
698
755
306
791
205
722
687
161
748
892
843
191
980
121
630
590
936
639
919
978
691
140
349
138
862
346
412
15
48
907
283
272
619
250
87
662
536
545
497
653
15
711
22
101
240
8
918
764
559
954
566
72
685
433
694
533
86
448
503
879
557
341
634
668
741
955
154
448
278
20
699
511
740
745
252
240
109
725
676
63
315
346
539
269
47
911
527
726
93
208
158
26
3
4
155
803
445
142
641
19
253
999
427
590
563
416
565
66
912
396
445
66
353
241
577
441
771
647
530
490
379
519
994
88
97
74
90
904
998
766
999
118
609
788
305
760
265
459
873
424
157
907
819
363
38
383
929
695
359
119
60
962
223
733
510
516
701
950
574
723
953
551
210
576
876
542
727
542
211
95
703
340
464
294
257
525
640
651
489
981
557
388
356
761
691
609
652
63
603
445
994
734
561
503
771
500
576
651
151
64
208
147
118
955
179
429
274
250
739
719
951
790
865
749
899
633
756
33
930
629
175
327
152
906
919
691
779
293
1
384
312
652
326
923
629
467
506
952
469
909
513
29
934
193
965
828
336
816
176
452
775
469
760
558
964
288
561
891
168
342
870
172
561
207
139
619
120
778
788
512
644
369
818
852
593
327
639
833
372
936
854
284
643
844
519
488
114
176
93
169
987
175
490
342
102
397
67
834
854
252
130
308
324
684
33
881
989
497
54
840
570
559
122
643
448
606
102
240
739
152
699
942
27
742
45
671
233
617
11
397
129
865
932
988
721
616
158
398
633
93
372
773
148
437
874
898
252
485
892
479
895
891
735
760
743
16
420
224
519
639
68
79
970
240
783
743
119
900
847
989
889
54
312
694
106
650
919
623
755
417
970
155
216
933
381
907
346
613
599
252
591
703
327
5
995
312
744
994
653
637
110
764
496
311
855
683
769
808
692
497
767
263
157
18
272
562
787
412
53
924
157
241
342
953
965
385
70
163
611
537
41
376
604
980
247
599
639
130
835
687
863
950
977
817
925
50
930
724
285
480
776
283
962
151
767
832
415
353
234
925
709
590
829
671
716
155
601
120
583
350
345
218
849
359
363
384
353
180
17
968
75
453
294
655
941
98
529
256
42
627
494
343
41
898
336
54
496
790
574
602
131
213
262
825
973
76
796
354
379
198
614
934
205
591
186
75
42
261
198
760
366
400
889
590
729
952
398
407
151
250
187
900
738
979
847
921
390
824
563
690
367
390
994
349
712
638
120
438
676
341
147
956
173
922
221
518
119
62
38
705
408
664
549
702
510
60
596
912
912
800
620
537
607
303
718
803
204
60
596
677
42
289
975
747
860
587
942
433
607
277
607
655
825
143
521
214
229
970
804
388
952
291
179
227
763
842
567
882
507
308
355
791
987
287
39
587
592
901
923
761
805
417
426
552
19
196
752
765
763
912
942
815
29
848
442
830
810
843
328
870
601
999
891
548
517
776
999
101
480
832
185
911
219
835
826
978
525
893
748
224
200
900
481
423
92
11
811
765
878
469
537
308
858
831
328
374
472
33
110
257
451
984
431
852
887
496
668
108
664
763
527
66
774
832
678
804
363
7
611
462
875
181
839
432
732
398
997
400
165
454
60
249
653
697
671
703
216
198
9
30
533
942
276
101
618
385
710
282
152
323
833
486
890
223
182
791
111
844
858
805
613
300
711
651
466
559
190
132
277
918
587
559
218
553
422
914
880
776
589
784
709
574
382
708
556
744
108
692
42
670
4
206
683
26
287
522
799
517
668
374
320
200
126
821
607
984
588
205
969
985
397
935
480
910
611
465
493
444
169
210
698
111
261
836
800
323
465
429
332
631
981
123
457
108
448
355
76
616
402
193
778
349
608
437
838
944
748
268
926
972
771
606
278
541
87
246
876
433
176
987
101
824
826
353
307
432
705
455
332
28
62
607
910
833
972
342
180
211
897
234
26
857
634
253
217
132
123
756
23
135
274
201
110
196
645
177
165
885
349
864
212
813
254
332
50
41
577
396
418
163
222
352
506
337
886
759
993
839
180
708
320
549
902
233
538
605
317
987
233
870
370
390
620
622
285
636
21
183
93
231
355
190
976
485
947
675
711
548
422
736
321
529
749
128
797
22
550
871
849
342
747
170
785
443
619
743
222
598
446
777
302
145
20
789
684
572
783
759
566
286
522
551
92
15
723
798
483
321
295
147
114
75
640
50
448
882
364
784
449
780
888
805
548
999
584
457
938
812
726
455
708
544
149
881
180
823
921
259
347
911
948
264
329
668
576
612
532
267
151
803
847
38
386
795
465
68
292
210
778
780
865
140
225
709
164
720
417
747
288
366
233
231
60
472
986
281
94
785
290
910
457
55
359
591
608
308
394
760
675
926
796
169
439
457
771
902
830
423
748
564
568
68
894
642
875
644
721
771
219
304
325
570
809
873
714
226
892
801
151
579
578
561
643
982
148
914
844
834
424
927
926
34
425
171
209
658
969
421
620
479
466
958
690
967
837
501
673
108
300
988
451
723
281
202
743
360
352
727
364
973
896
674
484
85
106
170
550
798
360
798
350
400
707
862
681
180
609
211
785
899
892
771
415
482
267
29
18
752
570
117
387
978
770
608
497
889
742
387
855
198
882
491
805
968
975
103
802
977
217
62
735
559
598
566
800
560
13
57
240
993
192
652
500
999
344
379
853
878
419
837
76
512
802
65
231
996
879
856
158
716
402
856
726
79
354
28
18
775
285
781
264
943
691
292
68
613
993
124
31
837
33
342
866
757
632
726
540
354
41
807
452
859
670
435
533
180
559
777
380
588
829
767
907
130
711
74
812
833
905
404
874
720
713
222
46
839
104
490
208
543
417
960
575
142
666
833
119
993
456
610
64
282
946
828
826
172
408
634
68
230
641
644
526
219
220
580
574
366
43
595
296
805
667
878
989
735
578
63
998
408
379
268
590
726
412
303
543
177
911
409
637
291
902
196
594
722
544
738
285
553
671
687
598
514
944
360
319
674
596
69
882
297
5
255
336
97
653
438
645
346
86
777
65
68
814
647
900
221
543
59
233
363
246
994
943
558
744
222
104
629
917
272
39
358
645
28
68
281
15
86
348
85
705
230
951
592
474
546
124
308
191
461
392
997
456
417
669
601
313
966
615
84
801
974
27
196
592
187
581
437
619
310
184
604
863
123
848
558
438
968
546
968
618
224
679
398
28
932
901
634
919
250
827
270
681
745
414
173
917
698
37
731
996
978
145
438
703
533
352
843
968
339
685
615
827
675
877
291
747
4
662
445
971
195
309
323
752
730
635
368
816
846
949
509
324
806
136
994
15
972
346
777
493
841
399
704
710
974
182
731
131
193
669
717
204
205
128
654
78
738
728
436
524
615
360
60
203
641
450
291
206
909
374
443
643
313
901
573
842
483
934
787
309
21
984
387
81
269
26
330
217
828
92
85
664
169
293
318
662
785
287
514
685
216
574
125
347
453
777
880
79
196
94
781
57
95
474
813
313
32
316
891
899
616
674
676
731
975
535
316
498
864
44
318
681
702
448
544
411
210
835
11
696
413
638
11
950
56
442
981
705
945
80
657
277
535
617
709
12
198
16
876
901
643
548
702
676
951
743
738
656
979
760
380
121
464
909
459
623
253
181
425
236
855
414
890
999
201
386
200
194
552
521
342
467
468
368
667
161
232
339
346
882
839
996
527
993
431
678
516
699
26
189
622
839
958
382
879
180
860
89
394
283
548
858
906
71
36
450
487
772
494
965
456
642
275
770
528
136
922
123
167
496
538
108
366
335
309
767
151
42
495
249
385
849
201
585
145
578
248
539
128
536
435
528
692
324
348
394
446
990
847
384
716
829
952
191
737
947
123
580
286
965
631
915
583
540
648
791
500
356
761
204
356
319
87
287
839
551
651
148
20
658
546
596
705
218
819
534
754
727
238
729
578
814
417
178
632
18
764
901
954
953
832
241
18
413
261
500
635
763
956
23
461
91
219
257
463
761
820
794
746
68
532
268
205
627
249
775
633
692
441
477
652
827
507
433
183
358
685
674
200
64
369
942
918
556
629
96
58
102
142
591
752
432
865
285
481
178
308
381
384
128
169
776
589
213
904
727
337
453
628
329
985
134
637
565
920
684
58
816
45
313
51
330
848
612
44
265
474
172
141
245
327
92
592
445
88
796
334
227
378
819
464
227
210
300
412
234
972
938
247
856
432
135
582
968
441
135
485
115
606
900
527
863
93
931
809
339
718
255
992
716
581
913
127
415
151
987
707
156
907
979
108
23
874
670
906
926
838
775
880
909
750
804
231
567
260
487
489
838
907
977
620
771
806
328
167
282
387
882
825
713
21
399
878
108
840
161
555
176
588
48
453
727
200
379
170
136
984
334
64
965
159
624
961
973
125
796
291
316
1
413
118
213
880
203
102
335
649
701
493
573
380
611
777
791
642
316
806
313
600
745
707
991
756
293
681
598
391
190
198
76
718
859
80
384
786
923
863
806
88
643
264
412
540
638
481
408
138
620
235
43
169
117
886
506
805
535
899
763
803
485
509
543
330
779
715
270
949
526
559
457
292
283
427
458
640
781
919
895
665
986
693
959
270
812
618
889
730
610
647
37
611
191
123
602
31
356
787
996
544
745
189
894
17
295
105
342
172
283
460
952
0
212
64
935
162
370
161
559
700
609
490
421
785
253
258
463
32
402
192
600
896
589
419
726
352
273
850
452
32
427
330
375
784
167
769
680
715
631
157
114
811
557
761
212
457
676
411
184
161
435
778
175
635
873
671
337
927
167
157
939
56
261
28
427
211
277
846
32
263
171
68
286
280
160
932
118
268
780
496
979
617
624
342
769
242
41
54
710
920
193
221
23
212
488
888
626
818
773
5
174
85
245
357
617
451
61
763
834
236
562
754
362
839
673
253
954
865
38
827
683
357
361
782
192
964
419
939
785
217
984
530
792
763
238
17
807
86
17
423
947
522
865
73
639
86
956
64
75
201
684
674
748
379
6
342
27
734
536
553
466
923
115
471
595
258
644
596
907
841
437
796
250
512
64
531
969
551
375
512
261
838
776
341
905
457
403
15
40
751
858
563
819
604
40
901
360
453
931
989
503
26
355
953
589
801
846
472
917
10
493
808
26
882
468
784
496
299
347
203
941
388
765
945
758
491
135
648
852
497
931
86
344
962
619
628
869
624
255
896
739
609
394
578
254
451
380
985
131
112
179
893
623
83
396
946
391
357
748
903
799
504
784
479
648
742
964
393
529
589
878
806
842
777
148
825
545
948
970
276
959
55
912
32
26
219
751
641
905
316
408
934
464
57
525
712
509
285
290
19
917
221
533
697
325
751
246
336
215
774
667
307
745
256
397
206
881
373
80
522
341
72
520
193
31
777
543
616
945
65
155
558
835
263
803
880
832
40
796
837
701
129
642
649
852
746
579
467
981
603
826
556
372
844
280
892
184
965
46
676
409
660
673
119
580
458
888
505
383
359
399
888
168
722
307
76
787
487
975
479
600
963
763
828
81
256
748
85
703
512
855
231
405
240
580
55
501
129
396
667
62
890
516
203
731
982
895
953
159
783
659
719
728
791
616
537
610
459
377
717
778
848
328
144
449
924
242
52
644
30
434
970
224
961
130
845
985
584
946
130
494
871
90
878
952
957
303
790
849
791
457
231
401
177
935
955
655
876
850
435
680
171
293
419
774
510
648
365
533
127
673
875
544
907
84
4
161
854
463
291
894
217
620
338
750
192
923
833
753
403
20
816
540
727
716
89
435
388
665
846
296
316
38
717
367
639
980
349
473
232
478
456
303
498
480
843
751
708
267
333
136
15
181
240
944
182
191
591
53
895
456
557
808
221
872
965
158
680
371
392
508
355
463
153
943
1
629
225
233
11
743
349
855
214
575
251
653
161
239
816
529
474
475
123
662
794
252
620
394
86
73
270
901
43
192
204
270
643
54
301
462
106
857
377
155
165
729
398
477
826
798
142
830
280
953
312
930
268
161
878
78
177
549
894
318
272
846
303
598
827
862
965
498
970
278
727
884
11
268
151
233
908
585
807
189
104
305
985
514
672
142
577
475
718
425
946
104
875
248
863
775
833
54
792
570
209
195
726
705
911
446
553
69
452
46
67
519
697
529
438
386
852
320
293
638
862
387
340
799
159
622
522
709
705
943
907
83
579
751
422
396
423
144
101
69
394
645
407
713
99
263
155
63
489
920
578
681
529
940
353
494
116
755
20
243
860
569
541
381
857
181
298
407
101
901
599
157
138
588
35
570
400
403
160
40
293
370
978
527
538
76
849
131
957
280
886
578
1
559
858
572
120
295
206
840
103
261
997
465
400
385
398
160
270
925
663
480
236
708
669
206
503
960
368
807
830
222
891
714
743
368
762
510
681
330
975
114
229
962
655
920
595
316
214
493
346
53
579
552
363
236
917
473
584
987
91
931
66
388
607
773
419
364
84
850
817
516
878
292
128
509
391
619
777
20
691
664
81
475
627
173
630
427
958
340
561
940
711
111
58
943
818
556
698
305
899
756
330
778
172
782
539
223
971
833
285
538
769
951
973
911
950
154
897
17
773
699
569
162
675
485
478
5
906
841
689
596
985
71
891
381
303
706
2
591
616
657
919
98
782
880
585
490
794
419
701
640
117
55
113
979
420
788
551
40
26
939
439
981
714
711
909
866
728
529
980
277
251
436
812
101
175
270
234
496
335
901
885
722
648
709
391
830
733
735
710
951
590
33
874
679
417
907
54
748
83
429
325
143
954
860
104
717
902
659
15
763
79
815
80
470
653
245
124
110
47
234
10
423
67
205
598
349
468
663
978
412
463
705
352
386
864
386
75
233
48
42
276
141
690
784
548
972
65
652
189
744
875
945
510
606
965
950
208
606
29
534
444
437
699
922
949
799
487
575
759
408
981
824
905
857
469
962
380
633
828
297
437
451
621
887
802
233
40
393
490
536
670
500
524
231
567
515
688
331
568
985
823
583
104
303
837
618
43
790
434
30
235
430
721
917
422
686
76
272
598
512
133
773
27
874
803
442
787
433
479
263
724
800
335
969
661
115
308
520
280
352
340
967
889
233
6
919
871
901
888
986
737
749
189
905
623
657
38
399
89
527
873
624
136
944
250
117
638
168
759
677
749
745
862
103
172
667
533
833
54
425
125
57
466
82
18
531
687
910
320
365
703
119
893
391
833
710
541
45
2
836
49
579
518
402
394
362
166
883
645
647
746
922
724
779
110
183
188
710
496
129
226
777
763
319
953
668
669
98
349
233
824
233
265
818
375
57
726
760
560
145
252
580
668
387
874
506
932
570
16
948
13
217
848
870
501
947
439
533
647
399
237
355
658
398
131
120
332
496
360
164
564
915
465
797
472
154
372
808
275
148
518
249
425
17
141
771
148
157
908
229
331
731
186
763
482
968
708
228
147
909
167
528
745
604
579
792
682
85
345
767
853
131
679
432
107
469
284
70
180
772
590
761
579
633
344
76
888
771
706
549
248
413
876
83
131
984
214
217
991
283
613
39
723
467
458
795
936
284
106
328
725
694
61
70
703
341
541
493
922
625
610
742
837
485
540
620
667
984
109
85
675
528
376
385
845
69
363
797
514
589
685
24
978
417
31
691
270
910
293
978
626
934
667
841
338
444
569
771
887
205
545
148
780
758
162
831
944
383
627
59
32
844
240
542
565
701
632
100
660
709
897
602
126
632
791
341
243
726
967
461
706
708
787
980
686
65
371
920
431
572
802
451
494
180
651
772
754
807
620
61
182
495
227
164
660
385
431
470
760
320
374
65
173
225
596
672
290
802
83
232
606
276
75
482
766
880
775
871
202
828
398
399
996
355
904
75
695
730
532
729
57
205
999
290
438
659
916
165
717
95
544
452
177
970
129
907
722
281
559
905
238
416
349
162
674
262
146
985
155
828
386
928
313
801
882
300
362
87
825
345
782
873
475
108
743
800
799
891
290
742
934
622
590
725
850
841
862
95
532
535
818
138
223
417
831
355
209
131
919
847
285
376
740
3
58
459
981
502
720
600
144
661
189
200
863
711
918
60
482
924
825
376
62
858
135
998
609
529
262
339
921
753
778
436
117
590
949
465
713
480
25
646
543
409
111
310
795
799
539
856
562
515
184
201
961
27
592
447
932
764
231
54
474
946
181
504
123
185
904
548
302
419
613
216
229
10
781
622
860
559
356
445
25
568
231
263
485
609
579
663
739
691
399
448
918
168
252
637
721
840
120
666
978
156
436
958
569
473
668
947
46
889
920
714
227
165
597
824
90
375
389
264
397
536
796
448
283
555
838
103
216
418
109
910
680
652
797
473
184
638
769
458
603
536
546
446
165
986
744
52
520
138
201
859
272
316
668
23
751
370
416
684
682
485
375
482
434
110
245
388
100
564
741
417
735
392
318
92
391
21
395
226
742
460
303
808
76
297
60
216
902
331
205
720
590
683
281
273
254
656
424
837
548
554
402
925
647
167
313
934
585
382
408
70
107
678
594
886
960
522
888
111
728
234
847
90
941
716
845
210
252
729
244
482
327
526
34
764
342
836
339
718
570
305
11
990
428
667
799
322
12
131
802
976
715
922
301
39
16
547
217
223
673
116
466
550
955
281
837
614
53
420
218
90
890
493
453
35
575
710
748
399
586
515
306
187
964
896
335
300
219
695
707
145
526
717
495
91
499
634
91
837
254
152
596
732
423
197
270
997
741
297
355
511
910
531
297
435
691
178
771
385
838
724
256
165
39
661
497
261
293
907
231
588
977
263
382
893
156
250
628
517
888
606
60
398
990
17
971
799
954
259
933
700
216
602
50
964
236
119
423
371
850
441
751
264
499
785
515
46
962
661
263
152
716
510
224
722
409
346
185
738
413
177
160
270
385
375
737
693
152
758
447
670
692
408
605
579
640
454
866
304
404
377
577
446
870
312
275
782
849
626
138
977
107
208
817
402
324
609
727
782
704
262
560
896
357
93
485
374
140
888
772
850
892
121
737
528
933
446
847
347
545
501
441
171
644
219
376
722
622
997
107
805
692
590
37
69
705
639
210
276
107
820
272
575
57
886
726
806
236
666
585
921
436
31
897
100
797
177
278
486
884
61
517
525
164
714
221
103
772
943
675
415
47
775
868
454
865
491
553
246
581
16
603
36
403
933
600
406
80
63
13
556
279
400
71
341
289
212
293
997
482
402
974
429
739
261
880
540
388
324
590
723
691
309
537
152
599
717
481
604
509
98
26
765
650
591
298
381
612
313
391
68
535
590
773
79
66
451
515
769
89
281
656
805
224
77
286
565
795
371
240
560
666
910
321
119
906
438
367
581
988
713
407
272
494
54
24
362
201
105
720
701
61
376
77
632
53
919
687
905
894
107
993
877
423
141
946
254
236
865
936
716
844
803
639
528
484
447
242
694
187
463
138
926
929
328
220
290
231
349
947
348
990
919
752
410
86
58
289
966
887
318
428
485
785
137
164
72
348
679
623
905
165
715
866
767
324
633
879
653
915
501
168
914
435
659
997
871
758
818
643
605
794
834
361
122
855
452
849
214
11
650
387
506
860
359
724
701
593
19
72
920
977
605
570
544
454
667
709
130
589
464
434
216
190
109
402
591
425
995
697
129
600
553
698
861
119
107
194
471
135
17
995
536
630
889
532
443
919
809
986
304
933
247
494
672
632
958
940
677
721
849
156
560
72
981
787
688
239
958
405
445
110
58
656
580
497
251
43
612
713
635
506
150
793
602
946
251
135
210
288
950
914
685
981
103
452
218
640
960
111
680
858
457
625
281
678
659
924
195
558
619
442
202
805
799
423
91
906
704
186
375
183
113
272
994
941
940
874
795
328
912
405
777
135
330
441
426
80
716
949
434
871
259
635
469
790
381
695
350
403
967
132
708
294
352
353
596
382
958
783
451
37
80
406
477
560
188
342
526
62
538
657
302
992
437
801
150
950
906
384
551
472
178
871
101
399
168
516
717
301
644
268
980
26
748
741
459
807
971
252
918
673
527
88
795
471
814
430
970
968
825
817
122
232
465
442
901
879
974
241
549
706
359
76
598
755
345
435
789
828
225
581
57
378
244
417
78
225
110
855
830
224
589
49
200
862
329
790
888
179
214
226
917
873
282
760
286
560
136
755
257
785
865
445
724
492
959
896
526
856
348
825
241
397
25
43
731
213
335
949
753
979
702
917
1
210
221
665
447
514
874
759
446
331
188
47
244
463
899
410
304
171
755
20
904
843
581
283
745
190
297
778
468
399
174
539
442
180
698
891
929
666
65
965
184
625
518
391
5
128
722
1
173
56
115
605
323
105
688
474
78
708
831
901
662
597
887
206
711
357
726
720
181
152
546
459
520
970
346
418
377
155
244
921
61
306
124
11
577
1
261
418
711
345
11
803
798
966
382
996
112
230
42
709
589
135
479
373
664
788
462
349
783
508
212
427
356
356
532
905
738
905
268
743
207
762
464
953
373
692
489
401
995
806
644
306
661
699
378
313
944
267
303
723
334
400
4
105
911
206
46
10
455
647
886
684
312
417
629
959
906
108
814
749
36
759
324
711
689
643
173
121
284
210
263
699
665
591
592
453
523
144
131
850
57
662
688
207
65
159
759
608
687
377
919
472
642
72
828
889
948
380
849
508
744
488
840
861
353
469
704
591
941
