469
777
770
311
318
711
349
606
266
588
278
532
751
826
729
969
777
486
92
552
959
443
371
282
711
476
811
137
979
437
422
707
233
953
472
260
787
522
754
503
364
606
976
756
260
713
943
721
790
911
189
375
967
568
864
854
107
630
55
333
401
818
354
606
903
186
155
79
487
639
663
834
131
479
284
620
112
470
891
113
242
750
37
780
342
329
390
249
200
526
620
483
520
882
614
106
366
271
450
325
3
847
851
973
344
98
540
703
681
286
181
590
433
494
333
836
170
681
208
100
15
825
551
388
581
756
879
365
998
680
650
462
950
397
617
508
48
891
215
625
818
452
229
95
984
198
182
597
146
984
815
847
979
548
242
517
831
748
321
812
739
212
375
295
310
239
319
405
193
947
552
555
606
815
106
181
271
751
925
356
362
286
179
374
183
251
371
207
669
412
630
111
967
640
93
813
0
416
625
385
616
816
69
566
581
667
222
500
372
294
494
675
505
714
887
457
685
736
986
95
994
564
893
760
865
320
710
393
399
503
70
125
456
47
882
251
62
378
993
534
107
590
579
562
292
756
450
740
211
231
359
363
643
25
987
745
426
113
25
700
321
339
749
579
232
117
227
117
746
520
333
600
939
467
525
507
911
289
172
182
135
862
504
699
478
866
904
32
361
785
394
453
872
151
85
15
566
306
449
42
287
164
342
697
970
234
642
407
528
952
228
586
726
779
978
472
551
20
184
280
504
270
780
686
284
756
964
998
541
358
47
542
431
702
131
147
440
564
776
235
628
917
206
764
479
216
21
466
629
484
323
907
809
21
124
266
781
79
466
731
758
690
97
69
460
622
300
749
427
144
429
876
968
518
825
775
991
212
685
923
6
249
813
560
388
29
887
869
491
916
931
631
536
949
791
962
110
610
839
149
634
326
957
323
457
109
25
924
827
516
287
615
447
430
759
256
952
653
759
127
732
447
311
223
907
610
901
470
476
823
70
683
883
33
631
104
1
110
603
405
292
204
327
358
385
290
308
941
434
441
40
582
186
439
706
283
50
281
812
567
863
25
801
586
955
624
607
880
548
192
265
30
409
132
623
174
174
251
854
893
925
604
504
203
799
81
355
328
701
702
132
650
456
983
618
636
331
933
111
169
711
372
108
781
450
953
556
248
15
842
510
805
822
18
857
108
816
144
962
819
974
843
782
868
315
900
968
575
898
697
869
280
390
364
90
909
804
161
746
841
700
47
9
10
252
486
105
875
466
974
249
877
725
19
349
724
216
362
816
416
743
885
483
211
789
968
151
290
718
272
27
112
984
224
243
592
760
844
983
189
612
874
54
353
288
329
947
807
222
767
150
17
525
482
496
191
665
133
600
17
459
1
51
706
365
906
792
407
150
94
329
547
124
485
302
860
754
655
605
283
611
767
414
983
309
122
608
250
998
233
808
50
581
417
145
53
672
899
588
531
687
705
807
301
688
110
268
834
14
441
811
520
368
905
763
731
798
395
493
987
787
297
484
276
515
608
346
405
988
546
829
759
870
300
667
875
47
217
589
495
870
618
480
309
517
692
368
347
70
216
902
948
96
844
327
241
129
87
223
345
465
970
165
631
783
660
179
203
57
912
182
381
84
599
240
22
842
873
302
774
91
774
594
367
377
22
16
301
658
82
925
98
51
21
608
418
407
551
158
311
226
78
489
313
887
588
125
587
556
948
207
148
188
348
807
105
672
551
359
198
574
421
874
457
342
171
260
373
349
179
709
568
969
263
705
311
314
865
263
914
81
76
721
968
14
227
470
167
198
129
451
636
39
668
792
29
515
182
798
758
35
154
645
872
629
304
748
134
48
361
159
930
70
383
372
655
614
357
555
184
516
657
289
806
422
597
498
110
403
168
445
431
738
135
302
967
532
644
836
422
751
498
961
251
325
388
44
181
583
115
753
907
313
259
46
678
24
704
639
111
967
945
441
609
897
88
286
786
210
667
760
922
621
427
569
370
439
453
605
970
521
327
37
98
752
412
169
450
799
703
579
209
532
622
198
179
715
346
624
4
329
744
663
187
714
135
734
352
375
49
573
414
589
310
154
797
160
393
917
704
928
495
111
816
182
816
132
752
162
176
865
353
594
85
575
733
800
926
189
149
207
523
921
198
705
278
255
76
715
255
829
131
858
437
536
482
236
904
621
774
78
227
243
247
438
63
845
984
587
46
346
156
695
949
373
453
98
187
81
927
30
61
749
466
763
510
323
175
340
927
469
245
229
806
544
69
493
311
462
999
79
662
73
846
257
375
469
409
60
227
963
534
494
545
506
677
997
20
267
479
815
587
511
848
203
825
321
227
385
222
853
568
534
212
236
310
661
248
611
510
739
914
910
283
283
247
834
154
960
613
392
364
376
460
283
569
849
548
419
618
370
788
560
18
159
583
406
811
180
374
652
101
8
301
545
361
640
195
771
210
102
450
505
486
344
513
667
465
418
212
955
644
681
510
707
788
974
675
858
429
926
624
837
193
520
349
812
720
920
385
351
768
415
631
378
706
39
531
32
692
258
815
665
552
291
973
888
539
209
563
247
392
376
890
355
618
706
576
867
832
964
818
244
541
162
427
713
745
955
969
639
394
78
941
222
218
839
500
288
521
973
599
300
658
480
126
474
576
787
258
413
357
66
750
226
706
298
557
966
178
928
315
407
191
906
768
842
613
574
671
243
786
517
275
487
670
101
202
303
366
632
3
590
758
28
722
907
928
215
486
372
677
736
540
7
130
729
622
812
741
146
372
430
732
668
717
404
812
572
386
435
497
647
980
483
785
856
965
36
194
359
1
854
409
581
39
997
385
428
962
739
492
253
844
805
32
525
198
249
385
694
743
947
453
849
298
229
669
289
484
143
513
253
373
537
102
599
151
685
685
252
129
582
588
513
181
456
814
950
425
244
454
825
893
156
460
451
604
364
520
718
157
467
66
951
270
60
969
285
0
367
520
344
325
410
299
621
848
936
425
406
527
962
210
757
647
292
386
410
191
924
289
212
647
618
772
702
334
820
794
100
462
343
531
409
456
594
895
659
799
103
358
707
723
913
999
519
259
736
659
405
193
510
0
772
187
560
96
597
32
553
114
712
869
461
984
480
627
796
395
368
871
821
562
946
953
596
298
498
339
944
684
49
214
664
2
833
914
255
449
822
817
932
772
468
161
118
247
9
904
248
522
418
261
121
364
871
570
463
154
492
198
611
679
918
303
741
311
678
66
665
227
352
359
383
783
966
635
28
978
345
17
93
907
404
531
854
574
510
320
797
63
450
927
513
851
808
657
313
672
894
969
817
175
416
486
429
815
635
196
254
337
616
480
832
141
282
439
106
266
928
15
275
723
0
181
453
607
128
339
756
852
610
75
900
778
688
27
811
361
395
409
454
829
359
97
904
418
867
599
590
391
211
524
398
136
648
936
575
832
839
956
408
288
293
50
450
355
689
663
449
48
304
246
831
756
921
691
525
534
162
479
694
345
57
913
792
651
108
607
412
147
322
64
569
757
263
985
423
596
275
101
640
908
331
525
907
314
542
995
974
937
388
984
39
468
445
102
833
970
62
458
237
631
946
473
827
27
404
810
568
341
50
547
142
539
669
18
206
429
267
959
479
756
194
138
467
624
524
393
631
279
339
440
915
696
991
894
953
68
636
278
777
771
174
570
467
295
470
804
778
243
417
298
818
335
282
484
866
476
745
4
139
336
541
622
827
235
40
439
86
58
315
489
357
951
998
923
932
26
947
632
559
900
611
442
399
504
701
104
951
953
999
328
33
56
255
762
780
67
421
388
809
556
614
461
997
457
254
405
356
702
86
960
137
111
59
817
28
441
686
327
982
663
617
734
134
74
559
885
511
883
892
880
303
289
969
329
136
933
931
523
401
162
579
189
771
647
267
645
828
55
242
10
799
538
396
695
783
179
489
0
284
307
842
147
344
329
83
175
468
386
60
577
276
174
903
552
188
69
239
912
393
412
46
579
645
639
459
720
167
992
666
537
921
808
813
943
518
66
568
211
566
530
529
108
369
994
802
985
815
626
723
601
53
249
328
975
451
927
193
237
862
373
390
412
439
814
630
968
808
782
821
450
87
931
444
180
584
822
303
18
747
278
606
985
298
2
964
508
479
976
399
768
895
986
466
974
982
755
676
442
134
622
809
837
613
197
447
780
972
991
26
934
161
594
534
764
11
84
808
960
811
21
80
171
782
649
928
668
21
634
232
96
898
938
783
721
994
688
685
28
266
315
817
495
550
310
283
615
851
344
145
633
716
90
816
41
727
490
491
754
502
284
492
118
355
282
85
926
349
953
967
473
234
802
904
631
246
603
469
304
255
483
248
510
375
825
286
511
20
885
719
917
109
752
840
849
738
859
546
361
403
616
177
976
557
440
503
999
455
224
205
780
92
732
524
962
432
52
923
525
717
919
912
419
25
924
537
913
746
74
301
252
581
423
445
973
856
601
941
635
408
723
985
70
493
684
86
465
733
544
970
818
327
6
180
760
64
222
80
269
51
178
662
446
158
838
396
812
177
325
476
457
826
802
676
551
431
279
634
152
53
712
430
928
913
462
621
358
664
707
785
608
337
660
958
381
87
105
494
104
774
46
720
359
545
471
204
90
315
498
144
422
394
495
119
937
733
575
330
503
5
717
753
665
757
835
886
215
697
984
611
897
402
326
102
266
101
378
308
199
734
671
672
230
960
567
408
18
47
148
421
143
672
427
22
751
439
411
442
146
385
556
448
149
6
442
786
936
961
988
685
252
237
896
485
813
188
863
954
349
6
388
203
61
881
722
781
212
740
6
774
360
871
764
849
345
973
266
865
653
840
291
852
528
105
786
590
52
973
780
947
718
933
343
579
24
562
715
79
853
584
524
39
101
896
75
110
155
599
511
707
252
352
503
485
101
339
307
614
951
834
783
17
546
155
48
803
515
822
203
802
228
147
115
89
638
737
123
634
665
894
285
477
472
694
269
962
532
733
286
0
662
917
382
613
54
746
804
111
246
260
755
717
69
756
368
387
922
110
586
461
856
547
418
612
38
844
304
611
569
243
413
761
499
985
324
829
70
571
354
16
230
303
224
18
926
24
32
557
831
421
488
941
962
955
715
168
26
831
83
356
995
8
785
125
131
406
987
861
976
76
747
823
14
176
387
885
323
70
948
167
104
423
738
730
971
920
682
162
345
104
93
838
430
490
389
866
191
425
789
46
148
308
26
775
4
555
972
372
801
815
584
733
405
696
871
906
97
975
827
710
597
523
725
185
230
769
492
497
707
184
902
515
158
321
239
84
68
431
886
109
822
75
724
650
108
94
396
518
449
15
376
890
315
982
363
289
950
54
587
528
388
362
94
441
716
667
59
452
52
773
74
490
887
32
506
816
694
415
523
426
959
47
788
393
493
262
933
304
250
579
921
709
441
381
373
469
108
9
871
355
242
609
51
832
714
144
363
288
759
602
880
377
768
343
228
869
533
990
338
652
624
276
4
191
825
324
453
325
578
656
594
273
779
832
194
989
396
246
321
513
107
592
320
244
242
559
923
616
385
794
135
949
846
21
315
461
651
823
799
274
78
434
940
301
114
318
84
719
196
614
345
3
178
305
621
799
537
290
460
855
700
608
26
253
146
310
232
34
50
779
949
851
455
922
223
67
135
647
219
388
690
12
800
554
42
453
356
739
843
43
80
431
671
395
140
269
675
623
626
686
378
912
381
961
191
996
18
105
43
383
337
258
444
335
479
659
889
376
951
482
403
277
936
605
635
361
405
582
979
210
394
225
715
664
133
509
288
509
464
110
630
308
373
513
739
953
476
366
140
383
887
764
409
325
688
867
671
669
127
290
453
519
913
492
965
479
320
868
986
304
756
845
783
542
402
582
100
287
886
392
938
791
435
207
182
909
774
885
771
515
851
151
543
528
801
224
908
779
545
387
462
277
342
566
323
747
580
819
936
417
171
55
992
62
820
593
285
84
327
968
969
990
893
917
718
729
337
737
740
856
983
390
182
840
296
627
319
943
787
261
362
161
249
823
455
312
296
127
853
437
578
683
88
301
623
948
208
64
597
502
70
565
349
812
156
346
972
822
513
434
357
227
606
975
77
76
498
574
407
160
177
528
279
292
652
989
528
606
809
121
893
467
428
564
793
563
805
287
123
706
246
541
69
756
45
654
366
99
248
102
431
687
517
547
255
274
881
363
431
862
946
424
603
855
852
259
713
145
956
102
24
586
151
223
904
276
75
345
647
667
598
971
594
31
806
17
663
840
896
659
963
480
800
531
348
427
483
711
833
297
454
868
569
679
364
795
225
421
116
318
392
833
876
236
650
877
462
431
997
265
918
107
31
140
547
950
747
495
969
4
496
268
24
100
506
330
194
596
91
246
27
502
770
545
804
550
772
258
724
523
37
389
780
114
472
390
904
368
216
175
771
511
263
159
113
683
153
11
860
970
748
629
580
263
423
745
103
104
848
388
327
495
387
958
472
79
383
465
753
623
646
47
831
73
794
222
63
696
5
529
613
916
967
751
844
834
513
323
107
418
777
65
584
265
969
723
527
107
213
728
491
528
958
386
256
150
377
457
879
167
75
146
741
279
179
371
959
315
372
864
706
566
500
511
234
674
55
499
578
232
601
369
826
229
785
566
388
834
384
737
419
939
335
482
725
643
8
715
676
722
650
973
706
504
892
465
945
302
43
662
300
802
647
546
998
321
212
328
262
766
19
632
615
31
362
675
727
604
25
598
863
959
430
968
433
826
413
166
975
759
91
672
952
17
266
558
498
265
138
663
929
476
935
909
120
846
383
835
630
267
578
660
699
775
363
565
820
25
854
161
464
777
768
257
343
273
820
403
861
626
193
329
387
34
970
638
444
720
696
691
436
389
206
318
491
143
47
801
384
692
923
916
316
707
532
758
472
195
112
685
93
137
474
378
894
174
942
811
824
608
483
174
854
494
19
534
759
968
123
793
101
857
61
873
352
667
289
39
85
231
172
319
508
802
880
294
102
323
744
189
402
0
576
582
454
868
597
694
733
547
703
166
17
653
382
889
960
680
246
220
259
209
46
308
409
736
546
767
170
983
798
963
395
82
996
441
661
201
492
688
372
831
505
752
364
378
894
17
504
894
796
834
281
286
993
838
672
551
627
664
489
4
322
370
975
289
135
665
603
669
956
625
172
329
78
328
897
870
509
657
221
230
613
313
198
239
922
540
622
174
638
852
164
765
717
767
732
317
564
765
963
85
928
857
775
575
763
924
550
201
405
149
87
997
618
524
490
316
432
627
217
416
732
959
33
73
38
710
236
452
718
421
729
420
139
173
590
147
687
835
631
486
552
302
153
145
892
597
862
838
353
374
790
880
0
530
817
269
904
372
586
867
193
221
748
324
931
398
317
675
632
203
445
715
821
508
763
647
824
841
240
650
685
886
390
623
528
749
642
188
30
947
167
402
731
107
834
82
28
143
725
261
317
883
987
814
814
582
358
19
330
664
373
120
225
770
548
567
126
481
683
701
517
595
212
61
926
444
199
376
896
381
262
994
648
996
611
848
304
664
514
719
729
984
309
692
815
218
703
678
439
252
42
609
248
502
599
4
706
942
279
265
985
369
845
207
692
971
301
480
695
846
749
112
761
254
801
477
529
902
282
405
168
800
582
602
437
685
571
917
857
793
441
548
831
6
352
966
482
21
225
23
872
713
9
985
402
921
415
626
427
312
432
463
76
17
224
388
816
967
818
763
73
956
275
18
282
573
220
624
767
602
45
853
206
432
922
339
386
140
256
485
462
422
71
374
114
160
812
76
619
754
500
860
569
691
35
851
285
914
552
898
388
809
416
755
699
404
212
471
325
72
354
772
312
275
577
72
847
515
358
93
212
29
450
149
447
560
366
557
216
439
960
90
747
985
830
216
213
962
786
147
356
903
54
164
287
690
808
426
337
810
697
177
320
793
166
382
892
279
822
632
184
955
301
133
11
571
873
880
680
94
742
486
690
304
501
936
616
107
606
986
456
64
342
818
799
187
443
369
317
178
749
587
244
367
472
828
412
623
798
908
369
800
260
450
696
286
675
163
9
577
891
589
901
532
686
631
147
180
697
966
574
343
302
823
687
580
597
430
534
182
503
860
881
769
328
460
959
219
992
883
277
946
843
986
521
515
469
675
797
1
648
934
77
36
35
121
831
853
373
943
39
758
324
538
691
510
504
142
332
175
988
520
194
940
778
963
641
68
355
670
429
421
295
611
255
58
398
650
98
726
888
150
740
903
799
949
22
686
520
534
184
427
560
959
320
550
505
821
429
187
999
780
408
512
360
875
259
58
854
669
510
653
767
445
276
802
72
364
715
57
440
624
665
851
289
519
825
258
670
906
28
225
38
780
140
37
119
168
345
446
338
737
436
11
435
999
953
156
293
178
424
111
376
105
62
561
263
89
959
714
501
712
848
830
286
258
50
823
465
660
293
303
973
739
356
370
599
213
561
373
924
85
414
441
288
875
867
573
971
603
15
84
135
89
596
254
166
732
505
311
594
901
138
582
462
266
202
54
263
706
585
176
64
470
607
659
806
413
59
351
172
436
73
372
499
428
901
871
336
256
293
325
887
697
132
854
434
742
436
852
858
194
601
386
470
28
869
873
330
943
833
311
297
727
798
450
731
527
423
284
576
608
683
39
138
759
933
74
71
916
536
944
777
194
218
933
290
717
762
822
209
119
912
997
528
325
380
399
767
9
385
901
88
397
205
277
388
682
592
371
520
968
166
409
73
247
567
249
696
616
922
378
623
989
82
160
37
433
178
996
630
621
503
49
220
998
906
802
692
675
448
491
130
808
15
779
858
3
202
849
733
929
303
794
388
95
915
404
547
225
255
399
941
231
797
100
250
723
869
165
384
46
390
281
874
582
172
717
783
990
764
307
477
222
690
988
886
928
249
746
484
924
279
863
562
311
192
658
332
380
448
294
909
955
968
145
398
636
830
631
506
269
1
984
450
718
805
875
499
0
426
955
591
665
585
100
29
765
0
94
244
937
520
560
316
926
611
211
541
365
196
910
566
108
527
634
512
622
658
411
643
614
92
731
876
887
715
234
768
120
23
975
291
852
658
786
846
242
205
768
193
577
329
391
90
441
519
399
4
142
238
137
994
339
53
437
68
166
868
581
396
198
206
875
325
756
304
714
542
721
394
165
677
325
985
600
124
543
102
728
541
285
582
56
542
772
952
191
491
955
36
798
184
387
11
389
249
954
545
284
703
722
603
936
810
3
729
882
471
662
156
460
462
982
5
375
889
243
635
536
106
156
912
632
138
796
259
967
222
632
459
925
121
520
122
161
711
979
167
947
80
32
536
142
720
65
2
963
260
373
883
3
780
19
300
973
660
700
144
356
887
507
935
25
376
236
308
509
657
988
9
745
696
748
783
827
103
494
552
837
876
815
785
830
314
448
813
595
702
48
955
762
130
808
175
878
616
522
195
378
260
32
167
883
694
851
516
122
661
287
314
500
356
241
310
135
415
797
928
362
30
998
760
462
539
472
106
64
719
624
606
355
637
198
354
242
678
605
728
200
498
363
624
169
303
427
646
78
725
248
396
818
71
532
890
835
385
175
263
691
276
581
56
392
786
701
13
550
676
376
967
899
254
426
620
706
759
172
588
427
295
76
428
495
479
413
374
258
995
121
232
912
263
85
543
525
998
402
88
360
818
338
604
611
248
422
729
749
505
415
793
857
104
212
83
635
524
557
640
308
251
908
881
991
277
86
279
824
936
955
172
366
863
959
817
742
254
694
113
112
138
581
89
947
593
952
467
312
850
559
995
564
434
896
160
894
333
905
600
771
918
166
363
835
230
587
652
932
892
889
705
209
521
770
39
39
30
574
830
125
25
573
590
595
392
505
959
564
639
970
616
350
19
53
657
969
643
738
3
470
171
928
690
661
915
216
363
321
929
927
426
543
59
234
38
82
828
555
532
533
625
200
988
623
292
527
630
88
905
134
537
282
209
419
851
833
745
732
514
27
747
375
457
413
618
964
558
319
785
207
595
59
781
92
945
495
291
304
446
385
738
257
557
688
926
895
149
243
480
379
560
149
906
841
594
828
161
413
613
51
498
519
864
855
506
890
712
224
898
331
984
870
870
771
220
427
533
721
213
155
890
768
320
470
374
391
934
638
410
832
86
328
542
161
651
372
402
18
121
144
235
202
718
249
554
427
536
280
851
913
79
966
300
624
361
28
803
283
978
929
881
779
815
187
453
918
407
533
469
701
688
3
732
890
793
749
726
385
670
361
631
255
521
874
529
295
412
450
775
400
13
929
266
12
870
466
461
647
19
165
767
561
947
7
650
798
369
244
337
714
69
584
821
414
665
392
170
38
307
8
838
335
794
420
474
957
474
879
840
9
820
293
849
689
564
865
320
326
351
950
56
388
189
448
889
971
810
594
204
42
477
903
272
919
997
365
518
850
439
180
953
858
876
367
139
47
487
18
177
792
178
803
973
781
325
362
960
332
441
611
801
252
718
387
785
990
26
611
232
851
439
313
188
667
395
331
536
740
200
202
828
636
345
294
247
661
839
460
41
173
518
335
411
787
981
664
297
947
611
246
1
335
615
905
777
43
385
123
368
950
648
260
366
102
782
368
435
54
57
414
871
974
740
368
511
542
737
650
889
606
303
501
624
328
660
814
161
622
686
716
838
594
329
12
496
359
432
258
558
641
50
345
28
706
182
363
114
251
596
836
810
57
435
76
378
27
977
216
980
406
368
47
949
218
52
803
320
564
376
698
871
151
35
352
17
866
394
394
462
970
446
177
503
83
127
434
42
940
200
672
189
426
81
286
960
282
353
669
827
299
227
963
896
358
759
808
190
964
797
906
408
828
210
873
332
609
741
731
994
328
508
259
568
670
211
395
593
850
673
458
971
680
333
226
780
789
73
328
440
35
392
617
370
816
662
887
537
925
861
219
975
273
237
770
1
864
189
500
703
969
34
221
51
471
235
303
279
647
407
562
768
1
437
808
343
216
622
212
737
840
14
750
325
527
854
615
263
627
698
74
265
693
788
780
839
251
946
535
50
483
874
554
784
13
230
901
576
480
794
134
168
819
453
947
573
577
153
402
912
141
539
162
544
784
501
820
222
793
262
220
974
341
325
226
216
215
451
75
225
895
980
395
78
426
334
662
703
732
949
303
842
506
943
965
690
615
276
82
740
318
123
848
813
590
96
462
536
616
151
326
697
498
684
353
327
522
153
66
602
841
252
602
321
966
675
495
782
233
539
917
936
953
338
269
461
718
245
101
722
794
429
210
667
855
150
526
148
313
982
382
172
52
31
189
710
709
928
157
954
938
962
81
82
127
965
224
333
591
13
298
598
476
706
923
498
525
968
622
622
362
393
3
663
609
363
598
254
9
810
445
484
510
787
469
453
916
239
608
304
246
635
1
736
730
528
875
879
787
148
730
614
649
269
536
617
256
987
991
157
89
77
101
259
427
366
643
301
813
893
566
689
794
264
699
183
266
102
452
121
365
702
501
901
789
36
376
373
542
74
808
124
229
983
846
982
688
103
100
650
261
528
133
55
302
382
392
794
445
137
852
387
953
656
961
463
455
785
469
732
329
516
174
40
637
816
451
518
771
166
57
936
96
42
973
365
428
38
629
689
526
867
225
711
146
798
669
123
803
933
73
816
979
44
957
720
586
407
449
156
233
54
717
490
518
685
656
914
866
923
838
132
849
745
78
585
335
984
345
623
728
552
999
995
447
9
463
973
88
725
499
630
30
846
611
335
744
21
991
340
657
424
920
632
697
871
225
914
693
827
340
684
384
738
666
750
971
627
147
662
232
995
197
822
952
882
929
747
345
967
816
882
520
901
427
647
652
376
911
263
279
7
711
424
222
547
110
978
497
822
264
693
78
556
584
993
652
112
975
417
177
816
675
873
901
279
817
175
350
917
224
488
624
316
959
53
895
52
56
278
894
667
310
207
408
538
771
268
903
486
715
880
840
960
196
727
168
518
925
202
771
747
723
628
437
996
283
559
738
385
146
698
2
43
144
109
883
752
479
50
478
967
506
325
420
669
403
446
493
781
201
208
136
483
553
645
626
622
503
395
645
522
391
624
665
176
341
646
69
526
134
8
142
593
826
390
119
460
484
164
766
600
296
247
900
69
49
520
30
320
813
10
153
611
832
765
984
542
60
514
295
830
178
26
334
691
484
515
125
654
311
470
735
675
716
402
982
305
507
253
281
224
216
457
94
577
224
942
670
164
933
686
892
381
976
145
409
980
679
880
762
433
657
548
288
67
332
684
826
395
246
529
626
685
735
263
476
292
48
746
286
404
703
363
423
378
330
117
738
425
150
150
883
595
308
618
481
888
796
861
975
734
981
408
818
536
254
340
782
2
541
732
278
951
537
367
451
633
555
74
100
111
353
983
648
847
219
642
964
81
193
669
213
470
275
300
322
385
172
672
409
985
444
750
887
355
226
205
746
5
908
117
704
713
440
713
811
196
364
531
786
955
16
871
572
776
484
440
866
12
758
142
235
180
22
930
820
998
874
217
194
717
121
736
61
858
121
929
578
197
377
545
829
536
769
385
32
746
405
167
990
27
756
418
217
204
568
850
874
991
937
673
14
932
83
713
435
714
194
811
654
525
625
515
589
623
801
691
118
201
881
362
856
935
869
70
541
943
534
1
711
903
938
73
632
166
133
848
869
950
89
93
858
286
438
701
24
650
528
725
547
213
901
281
225
806
135
683
467
819
472
825
542
535
830
208
370
890
852
453
758
468
967
825
192
26
887
567
201
805
654
388
552
416
127
160
857
805
566
124
830
97
362
78
254
59
104
806
190
747
47
551
693
981
180
650
936
738
199
76
485
741
498
675
142
166
982
1
116
596
783
239
247
449
806
499
3
713
866
194
711
724
580
737
102
664
10
17
859
801
999
708
911
189
694
422
86
675
614
747
733
817
982
886
96
813
136
437
968
634
945
66
726
164
454
225
535
404
956
741
397
166
852
73
342
556
547
592
309
330
944
184
768
204
720
438
741
443
33
208
558
301
36
164
7
481
51
569
508
482
20
67
424
718
746
53
414
933
921
382
823
416
511
861
201
607
574
867
317
653
811
780
311
915
604
771
487
986
443
751
339
208
840
301
807
966
74
255
958
51
164
393
479
407
483
814
672
477
230
958
841
510
172
927
300
296
633
288
859
278
988
401
350
586
701
637
145
796
354
410
183
765
298
146
474
790
924
279
388
863
714
70
791
905
465
649
103
245
771
570
81
198
890
290
809
557
173
894
297
239
536
658
38
821
643
96
609
24
631
959
678
460
982
550
577
673
655
233
216
685
240
712
335
326
747
37
832
598
752
783
806
869
298
423
155
821
44
958
592
453
498
3
368
288
239
690
990
483
47
222
831
50
764
482
683
450
162
398
457
993
609
548
263
157
177
732
906
513
392
469
83
911
173
476
768
906
576
69
236
587
700
660
86
628
605
509
489
997
522
224
831
476
917
222
961
296
862
500
756
894
783
772
356
890
733
643
926
904
475
205
529
94
28
564
541
275
122
656
553
368
786
343
320
82
439
365
820
188
815
665
519
621
846
32
834
139
211
262
333
304
461
456
757
510
678
347
227
203
97
328
794
711
551
93
825
428
499
273
448
762
575
506
836
165
509
557
113
636
856
638
408
181
904
20
714
778
726
59
66
640
591
76
823
513
385
728
938
836
473
90
762
764
312
254
156
296
702
58
5
557
194
635
59
95
881
254
416
55
366
763
544
938
908
988
853
900
447
440
766
939
79
94
703
674
517
474
87
320
51
422
821
84
194
424
302
369
248
146
22
126
252
382
596
330
248
861
358
658
391
5
110
425
254
681
643
967
48
546
109
429
337
119
806
963
46
802
176
98
198
217
925
598
711
827
807
246
590
639
893
426
111
519
92
112
548
647
290
68
734
450
931
202
376
178
609
363
866
339
214
914
569
658
573
372
531
770
525
946
328
370
328
286
194
942
907
151
268
647
79
843
385
290
955
590
82
832
961
190
555
483
143
590
726
689
487
92
304
224
745
906
515
263
936
963
473
954
788
972
587
919
104
580
946
777
927
433
162
454
465
792
922
220
161
991
703
89
86
924
570
268
850
652
236
807
687
129
528
970
84
660
397
644
171
737
596
996
219
150
244
866
941
89
480
419
951
980
643
797
233
608
298
212
646
847
176
952
263
355
823
6
224
132
165
246
978
677
948
808
433
407
526
455
874
392
919
195
785
839
381
697
683
735
928
819
847
656
826
373
863
971
283
313
652
596
11
178
444
102
502
716
335
448
283
303
785
575
802
492
542
168
257
485
864
115
965
379
0
951
852
30
492
495
170
769
801
499
209
945
689
124
325
61
571
821
622
829
75
300
922
511
931
666
60
416
385
388
555
181
359
916
763
759
594
115
589
75
130
147
922
789
519
28
843
799
207
622
861
179
882
337
254
167
536
400
313
400
468
884
375
832
675
927
805
150
546
210
85
848
818
429
999
864
627
485
898
933
940
642
521
940
977
483
486
291
34
344
62
682
715
536
590
993
242
456
612
496
273
909
405
391
745
255
680
973
890
398
88
478
71
236
678
320
138
934
739
43
714
671
4
760
29
885
768
46
753
801
104
30
645
986
323
631
837
733
18
819
684
891
659
580
156
293
267
613
245
263
800
280
618
782
994
899
498
378
73
473
233
800
334
121
380
764
546
248
609
510
588
454
912
881
876
259
863
753
447
693
458
462
980
142
176
970
122
547
531
207
227
256
252
872
127
838
89
394
709
972
641
111
324
249
502
572
709
740
392
38
939
662
344
625
557
320
247
769
122
521
30
890
805
843
453
509
998
382
777
584
101
966
873
275
469
328
907
439
448
443
516
909
44
645
17
780
357
758
962
802
724
332
354
121
707
955
186
593
702
984
902
98
673
602
28
660
871
822
849
905
604
567
8
969
339
560
694
643
778
287
757
346
916
193
738
220
19
962
551
638
119
812
201
720
335
538
201
208
923
318
663
371
976
997
277
808
956
248
954
822
597
790
961
601
235
502
318
763
502
953
782
198
732
91
198
223
952
211
417
103
955
773
376
185
387
886
706
711
805
854
477
901
28
647
510
483
526
486
670
987
642
398
2
771
785
224
47
603
165
866
824
952
657
322
654
581
275
845
450
1
859
467
799
100
6
271
816
654
392
368
613
510
277
578
645
658
386
409
369
714
952
785
828
704
126
956
863
312
653
359
606
650
590
791
667
798
693
985
905
686
353
870
182
803
141
353
643
581
968
70
298
552
770
932
921
823
805
333
112
291
223
808
725
185
601
60
24
252
478
117
239
330
381
297
395
442
124
607
833
587
696
179
666
883
328
378
518
100
544
313
683
370
87
875
201
730
269
580
61
67
956
90
973
110
899
272
581
217
433
106
748
295
450
12
711
784
778
567
969
881
66
957
663
362
510
986
968
959
521
315
624
406
717
560
969
382
24
517
915
400
193
547
784
665
527
562
701
408
997
561
369
250
224
357
691
793
778
988
869
0
335
532
297
871
144
410
968
456
790
885
653
887
511
496
171
170
114
257
794
819
330
642
626
876
388
386
525
110
858
639
85
160
176
30
525
464
368
807
72
573
500
953
718
5
524
799
850
489
136
258
123
151
569
57
405
582
255
741
274
221
347
533
311
418
901
710
145
157
365
24
811
352
903
981
616
50
171
808
890
976
697
17
288
304
759
369
32
461
3
598
494
932
151
986
570
85
566
602
545
977
683
306
17
256
885
848
251
78
702
112
11
450
168
802
963
920
250
363
872
938
548
600
329
969
990
751
1
251
426
13
54
621
613
563
776
559
345
730
640
96
81
751
973
350
0
826
794
272
297
665
963
270
43
36
671
265
177
912
3
121
212
862
732
933
214
149
50
221
561
630
622
202
283
77
750
275
730
347
365
206
73
379
181
596
603
423
213
283
849
876
292
478
425
3
479
555
71
633
276
468
163
108
877
326
994
103
47
493
985
524
107
871
426
836
669
640
340
628
188
516
114
707
293
614
651
693
156
550
323
931
319
400
615
759
950
388
116
290
453
123
415
906
436
568
264
644
422
560
12
727
5
644
341
626
949
375
140
147
411
712
857
857
320
88
156
972
606
364
211
522
614
70
448
252
659
813
784
317
770
300
763
611
652
712
732
751
876
39
737
11
510
84
980
640
729
546
852
871
326
809
919
232
171
152
280
55
111
852
219
834
241
770
627
378
323
137
907
40
764
673
198
552
416
986
220
431
995
987
824
590
294
655
566
285
902
464
19
441
623
63
642
304
260
922
291
541
650
15
1
462
181
394
818
884
196
138
953
999
864
499
580
519
911
301
188
124
199
333
704
694
65
448
430
360
313
657
550
41
749
470
192
984
216
7
239
594
234
720
239
977
606
85
958
334
349
685
15
131
600
577
933
211
648
691
984
924
626
784
347
19
127
625
415
674
501
242
268
806
456
140
93
557
479
803
861
397
739
327
541
978
405
290
100
391
921
372
314
763
66
372
265
297
102
770
143
921
790
878
606
154
28
389
373
837
184
225
516
260
846
779
5
931
432
345
252
267
578
887
368
899
906
428
261
219
312
702
412
844
84
26
574
575
901
806
675
165
122
598
989
107
696
607
716
459
814
416
748
739
683
611
832
675
789
954
490
976
890
770
57
810
961
560
146
68
18
823
987
516
160
180
354
778
395
565
458
580
188
28
13
790
31
372
185
302
335
495
657
639
572
577
45
956
965
276
524
349
587
86
689
338
142
275
442
932
570
801
765
679
506
461
689
612
66
414
299
314
794
15
318
915
802
783
659
509
986
191
439
248
830
339
265
552
326
409
682
669
106
729
2
13
13
296
984
529
743
968
616
973
667
299
863
92
365
676
422
217
605
673
524
790
75
470
762
890
138
201
819
865
449
23
102
927
820
185
519
240
575
24
927
449
762
717
929
358
245
282
705
28
543
345
522
573
126
483
516
258
364
974
576
767
482
283
949
27
767
663
517
849
903
875
539
382
828
659
390
290
928
993
100
703
277
533
624
216
263
205
832
567
905
931
791
128
427
889
476
949
704
455
155
268
991
710
37
548
257
627
116
871
387
43
767
365
552
738
976
462
988
298
368
620
821
477
165
952
927
827
200
418
274
643
335
817
940
301
945
824
379
355
461
105
248
232
0
307
294
623
388
283
349
21
905
528
284
590
725
751
897
455
736
51
124
376
952
967
697
309
511
667
951
817
170
801
500
473
556
923
361
120
671
717
768
24
210
533
174
862
116
449
567
467
956
194
503
718
964
57
333
356
493
986
530
703
602
390
261
303
73
80
832
231
235
984
347
959
383
263
7
929
759
858
427
621
132
929
404
149
254
837
894
813
345
560
209
962
473
358
103
387
522
751
706
901
170
425
736
249
666
769
32
1
848
384
519
196
260
177
85
395
528
871
281
638
380
231
104
159
76
669
636
679
631
282
292
65
109
238
852
308
614
94
611
688
439
571
816
769
226
632
353
828
27
800
588
231
174
434
954
876
755
275
902
409
739
191
218
942
607
983
12
5
225
940
385
546
485
68
419
343
53
577
871
21
330
325
893
808
347
863
219
191
730
182
966
915
994
425
39
288
603
826
234
61
344
716
323
884
247
13
154
993
927
497
740
910
405
504
224
703
341
328
549
91
594
286
250
144
242
729
15
514
528
258
579
537
959
627
48
871
451
716
880
758
700
821
468
757
882
739
296
573
996
629
328
345
345
886
452
653
835
859
537
349
235
575
767
323
613
112
804
1
983
856
459
288
33
732
927
224
623
858
579
731
603
428
529
34
364
789
605
743
600
477
747
638
912
462
976
133
27
993
777
686
458
930
417
158
534
467
690
872
663
138
640
418
469
199
259
997
773
659
960
717
650
952
809
111
684
237
423
374
817
561
457
8
55
543
656
734
616
69
283
261
888
163
568
953
727
890
935
210
777
265
859
279
405
325
535
622
60
711
76
595
661
220
404
945
79
566
927
434
825
942
340
969
830
32
921
743
51
72
713
489
380
181
7
241
64
141
917
793
483
561
367
216
26
951
286
265
405
105
963
993
187
930
33
86
533
741
506
451
649
984
916
710
160
275
725
282
842
659
338
450
232
276
113
700
248
826
780
499
92
791
464
153
33
808
536
193
882
329
959
826
90
559
788
677
939
196
546
624
249
33
187
572
904
187
601
245
831
879
472
250
120
358
534
16
156
430
134
890
478
590
374
475
26
314
424
155
904
931
853
111
26
229
314
168
813
216
531
905
424
418
799
279
486
60
254
949
359
832
568
621
660
685
224
827
561
192
575
641
792
405
703
168
568
113
342
651
51
100
571
627
852
48
151
533
195
809
567
357
696
817
946
899
394
352
152
840
923
956
193
786
173
282
665
236
511
873
291
778
127
851
812
363
62
959
571
256
664
818
52
513
693
634
932
215
959
494
571
758
68
187
257
89
658
891
866
439
248
690
388
17
771
824
1
803
112
979
68
926
428
690
683
894
113
163
701
640
357
775
726
885
871
880
464
421
658
853
582
364
100
555
238
704
924
68
624
564
595
79
279
146
674
4
424
300
671
260
786
930
906
10
987
647
294
971
430
174
682
435
568
198
534
949
731
133
805
486
695
477
177
150
195
49
228
528
570
434
549
41
505
483
109
723
806
876
151
876
303
218
888
535
846
744
243
307
661
912
153
483
685
850
39
256
642
756
673
222
618
454
110
324
237
913
422
478
31
989
868
239
849
638
976
247
964
901
608
897
58
793
140
536
706
307
356
250
692
358
577
255
163
84
585
776
993
642
741
74
855
809
890
98
792
813
722
109
444
632
907
867
149
967
608
314
964
250
387
582
678
224
238
165
164
657
125
608
92
692
477
357
107
208
826
110
332
427
34
703
895
746
537
306
637
750
980
672
238
331
324
901
399
168
473
400
510
368
14
412
335
657
608
980
108
483
319
677
150
302
204
837
440
484
187
921
559
68
216
780
475
854
595
774
275
860
377
869
88
171
208
617
185
834
876
108
168
591
142
458
366
802
954
446
698
977
55
219
36
868
922
123
789
792
321
706
539
17
217
531
776
883
770
879
36
547
812
757
869
922
329
646
68
704
281
68
265
988
271
357
701
666
110
631
270
785
172
180
761
686
707
82
78
903
167
905
924
180
582
770
748
655
70
916
120
599
50
721
136
704
307
745
965
906
579
779
518
59
83
554
837
879
875
723
801
69
72
696
249
405
321
876
835
4
696
319
313
441
454
755
658
434
558
148
394
120
563
419
967
221
194
868
163
471
979
402
277
398
202
627
562
622
932
359
146
835
939
128
844
3
410
817
800
901
320
36
57
869
581
171
865
202
807
605
794
751
368
937
825
798
688
469
162
318
527
887
923
70
617
926
759
30
318
738
144
471
781
893
527
790
265
729
960
712
387
315
85
4
832
863
935
840
269
220
168
107
82
216
960
624
671
197
307
807
615
88
96
141
414
922
971
495
98
262
953
54
18
743
262
823
724
659
284
985
375
984
934
958
656
75
3
938
836
853
915
202
772
574
30
654
185
577
665
804
509
596
68
395
313
457
876
663
677
602
197
491
502
882
454
821
288
163
191
61
785
37
605
488
357
492
380
824
619
430
412
903
38
515
932
382
685
49
29
368
536
995
631
281
91
697
910
441
531
72
932
837
119
757
524
19
540
889
606
662
633
416
650
541
353
552
692
431
996
926
993
66
57
844
343
558
120
705
423
586
317
120
732
644
126
514
611
500
511
590
855
751
441
678
580
911
252
145
11
748
141
971
166
301
460
601
417
824
629
42
529
554
189
610
356
182
817
657
560
770
706
789
622
428
67
982
195
955
417
863
591
625
945
549
568
466
876
31
105
185
207
547
11
722
721
928
315
166
898
32
936
737
806
212
974
316
693
179
161
448
6
534
847
530
753
62
246
802
798
227
518
863
774
213
770
747
485
465
778
941
171
971
610
979
121
981
143
582
214
583
668
708
210
490
667
174
43
364
488
802
506
956
504
301
898
2
275
444
790
487
346
835
107
952
374
62
43
955
670
667
895
78
288
792
235
956
263
92
316
733
513
15
236
59
606
889
952
817
981
64
625
325
370
380
602
838
32
388
469
623
296
582
950
222
729
507
233
528
483
425
898
347
645
127
879
147
905
98
922
523
803
63
30
869
584
978
672
758
176
502
918
186
45
321
886
576
465
82
220
204
384
425
207
839
187
43
14
679
8
967
312
220
8
202
789
529
180
636
436
467
848
868
267
813
858
813
292
883
822
936
116
596
541
98
634
805
602
41
286
324
311
272
328
407
402
27
830
663
900
806
186
801
746
142
675
940
665
399
543
313
248
973
441
3
333
568
467
693
689
614
812
274
325
204
251
915
943
73
311
484
917
141
899
536
751
817
811
790
321
418
653
30
763
629
248
486
34
472
608
745
345
974
200
814
371
39
880
44
946
679
227
426
377
495
74
231
165
348
795
482
866
837
265
425
885
980
676
533
156
28
982
737
150
391
774
206
130
215
434
188
134
138
703
404
279
187
694
893
848
94
593
834
737
96
877
188
961
101
823
931
72
504
787
650
864
560
821
737
369
382
407
5
32
619
897
400
59
955
737
310
863
367
124
626
297
68
896
388
809
950
817
876
507
990
838
705
107
591
64
629
358
194
552
174
840
219
922
410
72
466
870
38
568
428
313
857
467
398
860
185
960
308
486
829
418
145
247
679
591
659
802
843
445
178
409
758
791
717
332
434
141
972
725
787
993
262
54
265
761
716
854
766
133
700
552
122
611
614
224
645
618
53
498
781
634
524
664
33
762
9
131
718
890
80
637
682
597
62
659
879
791
577
781
868
439
806
914
430
732
710
536
285
399
124
249
290
789
204
959
385
165
167
571
353
385
732
15
220
749
812
777
402
496
85
876
568
976
665
503
21
421
858
814
316
627
278
926
443
312
818
412
113
117
547
184
104
597
976
551
318
602
731
195
692
99
932
69
7
775
506
815
316
203
392
821
421
771
499
642
97
833
208
156
816
753
931
988
337
288
170
936
622
465
111
154
611
640
645
899
7
894
443
884
6
846
626
645
355
675
353
6
325
189
282
219
56
670
92
303
739
640
769
34
702
683
48
603
42
415
43
624
893
184
753
19
608
405
998
564
716
714
347
80
565
765
397
502
783
325
610
251
293
797
536
47
392
416
768
551
311
403
695
72
725
336
760
698
862
793
418
389
37
25
751
559
450
994
96
369
207
314
136
972
53
184
75
970
783
537
347
625
390
397
973
656
327
348
353
608
423
436
278
756
647
376
771
428
440
441
185
396
845
260
608
788
63
105
472
289
139
388
900
77
280
836
39
149
323
47
149
327
239
938
119
904
662
594
982
841
622
423
2
810
820
991
41
650
839
74
113
754
718
546
49
297
275
647
105
93
881
272
215
449
932
237
796
556
444
458
516
49
60
221
618
170
13
675
320
624
19
63
555
451
480
529
925
24
634
931
821
711
948
689
791
959
491
648
378
671
170
105
895
826
996
285
161
599
105
806
535
206
377
92
380
17
464
991
693
969
31
122
489
983
558
439
44
346
96
397
925
723
330
410
294
111
37
986
718
518
264
69
394
377
808
35
438
706
846
553
302
462
410
430
634
101
317
693
433
693
402
172
288
736
44
890
902
50
462
678
407
373
15
281
820
74
869
217
272
355
796
761
402
893
785
64
961
370
428
390
952
635
293
161
643
198
165
274
17
823
103
342
446
427
666
405
901
813
605
476
896
260
185
187
786
158
638
517
839
947
272
599
249
266
260
560
283
428
922
459
674
938
924
670
85
936
104
30
838
584
519
990
692
369
327
638
981
103
562
88
307
15
835
296
176
790
665
981
453
98
313
792
643
551
388
603
967
818
956
531
72
898
533
246
494
358
453
740
167
284
628
511
606
342
191
289
458
550
736
852
960
131
518
539
893
725
359
369
818
690
582
669
287
931
138
985
760
89
732
907
198
150
561
805
275
141
875
797
178
499
806
424
458
905
820
229
393
801
166
827
893
344
3
739
526
746
552
157
881
308
130
77
729
390
421
293
294
794
214
946
74
416
6
452
33
71
279
321
822
859
180
307
746
883
888
373
547
905
535
606
260
799
153
595
820
371
164
215
637
272
851
16
534
910
363
845
659
21
416
555
756
475
907
392
516
786
807
826
928
792
905
785
652
665
366
363
831
935
828
536
35
69
485
459
707
876
255
94
449
482
324
55
743
63
551
414
906
848
870
599
490
14
252
715
809
649
293
317
552
790
992
383
342
839
698
242
804
651
809
516
479
937
174
388
33
292
734
956
929
781
624
296
255
251
839
97
737
810
654
196
893
2
173
863
620
194
669
679
524
24
822
320
103
50
472
508
170
205
774
409
287
915
976
541
898
740
887
138
35
995
590
606
546
240
33
953
391
328
542
857
954
419
54
809
8
544
609
3
139
645
598
484
849
506
631
893
692
17
342
881
163
51
516
593
355
693
383
510
856
227
407
348
292
555
733
834
319
99
896
100
444
768
911
200
954
68
114
769
777
90
95
262
796
768
726
66
308
72
705
946
286
52
670
487
87
536
596
731
370
643
197
272
128
386
240
617
275
996
971
862
516
917
365
244
658
426
14
389
79
827
681
621
543
107
574
114
311
343
457
950
618
109
914
772
371
238
864
279
123
245
754
656
5
577
360
595
18
1
466
449
901
893
514
623
287
853
451
252
898
909
943
808
857
662
842
326
258
188
596
417
971
385
568
855
73
204
869
166
357
77
915
794
529
980
574
815
194
605
600
733
930
403
207
376
791
871
891
759
812
393
254
409
683
73
688
837
276
386
790
811
280
910
366
538
712
639
693
498
66
522
108
434
576
89
733
116
920
833
385
364
503
311
393
419
157
475
327
402
246
151
693
158
389
505
814
590
115
237
707
579
347
289
7
67
30
805
483
78
456
741
697
720
646
149
539
403
25
836
315
840
110
632
75
4
689
729
873
591
61
589
409
708
19
336
864
513
751
17
509
627
130
864
33
67
632
647
830
513
71
520
51
555
772
956
878
526
178
488
500
648
276
262
718
270
265
712
859
486
446
761
68
121
288
697
627
855
440
170
42
483
359
56
446
525
773
850
949
296
250
590
21
972
578
193
579
220
952
549
470
994
462
651
480
98
118
362
771
508
803
23
32
608
884
48
411
379
558
7
181
716
655
527
660
727
435
195
317
272
552
930
751
291
303
642
27
718
915
569
693
914
227
717
740
999
808
947
749
982
278
870
963
662
922
151
525
658
760
433
945
963
84
379
424
751
542
695
951
596
576
747
614
621
509
226
525
328
408
837
566
164
878
856
986
587
478
72
83
353
916
916
77
490
715
683
642
171
947
496
777
607
490
796
21
434
644
798
835
574
73
133
237
531
410
735
676
378
237
730
780
893
589
748
945
473
15
63
288
365
914
700
651
645
486
606
884
39
927
215
107
847
453
854
601
794
207
668
425
692
84
425
215
471
205
254
748
474
333
829
35
212
951
333
363
601
274
739
287
763
122
274
407
854
753
291
911
942
526
387
309
619
3
224
547
634
540
377
426
311
864
217
308
346
894
842
955
200
651
102
715
788
739
857
380
549
301
630
818
485
867
945
550
468
568
20
923
434
944
420
746
195
482
226
709
740
459
605
922
335
958
900
296
808
121
265
818
652
990
302
971
102
264
790
284
546
417
477
608
371
0
940
541
32
844
552
888
990
6
431
557
852
363
923
324
44
40
440
878
223
396
766
555
212
181
227
759
550
624
686
818
218
695
731
326
873
237
923
479
419
534
88
988
724
877
718
617
573
39
466
84
262
370
648
651
839
96
988
439
525
705
136
491
556
748
856
118
168
949
67
627
424
751
905
32
386
987
547
402
643
84
465
328
779
943
311
286
166
426
277
971
453
377
338
434
686
862
168
54
987
392
138
751
637
610
702
921
670
242
496
461
414
155
580
537
876
785
501
502
494
305
409
64
357
782
654
876
111
627
284
306
791
5
994
393
863
69
996
778
513
466
679
668
498
610
638
9
324
427
408
893
411
37
551
755
815
349
154
924
325
610
912
685
378
141
395
448
976
1
766
76
723
964
322
717
674
841
695
998
425
993
424
150
111
812
956
898
490
282
175
393
150
444
124
346
396
903
252
828
977
705
911
894
587
661
768
591
749
550
933
667
888
500
978
350
460
445
758
944
758
539
578
388
707
191
928
545
544
349
624
279
973
858
152
572
602
830
578
757
911
238
718
556
5
188
0
205
84
198
418
747
837
502
153
725
827
875
445
842
622
415
728
352
22
625
447
178
431
756
29
852
19
796
573
653
513
865
548
800
832
357
924
702
793
185
953
433
634
938
903
413
745
577
768
214
129
953
887
406
124
636
887
648
130
6
938
526
271
773
16
829
215
696
585
2
926
390
817
787
650
341
518
489
925
676
324
197
168
554
64
542
968
368
215
737
248
661
37
604
176
414
866
739
804
514
653
470
750
950
202
217
460
268
99
789
20
319
829
128
624
334
306
634
187
153
33
885
769
31
659
759
347
539
578
80
648
357
714
609
790
87
202
844
899
369
291
974
743
22
945
376
111
769
772
52
191
895
854
624
462
431
81
449
274
642
238
888
363
200
478
618
950
288
66
896
600
780
159
31
506
40
665
347
641
167
668
244
393
190
859
456
329
788
946
2
634
307
302
700
528
330
150
581
725
540
669
64
755
781
167
448
668
144
480
941
588
272
116
715
119
951
906
682
651
120
761
96
184
932
898
972
194
283
970
907
529
313
448
18
256
627
154
393
79
217
648
949
463
641
277
385
461
944
748
980
0
984
927
550
727
890
336
171
25
794
170
797
509
672
414
530
87
524
164
266
597
515
338
853
985
66
916
235
519
848
891
627
808
497
188
430
799
318
326
369
486
549
896
892
430
98
987
653
786
32
837
250
544
614
651
322
258
227
416
674
93
425
398
412
859
488
669
65
826
302
835
879
524
993
717
74
196
4
500
798
324
362
93
527
131
817
425
499
627
16
327
678
923
817
671
211
258
669
655
268
758
955
426
479
130
108
478
418
146
845
872
82
375
949
734
248
364
494
549
924
209
723
277
835
769
155
164
289
312
359
847
909
753
523
737
83
197
932
31
818
179
973
132
917
633
247
456
76
983
638
44
484
413
832
671
235
637
303
621
905
465
132
125
492
982
869
699
417
960
70
821
151
805
501
712
101
425
681
164
699
159
980
921
399
609
511
490
304
267
730
101
540
305
505
668
959
343
24
969
17
185
292
23
816
696
96
670
646
749
331
364
350
922
643
499
21
449
180
820
142
416
737
676
635
952
200
88
921
657
794
638
751
768
204
911
636
212
90
204
697
230
428
657
217
685
370
51
13
432
319
35
765
906
40
673
720
884
377
959
179
798
328
732
715
496
849
592
862
994
437
260
60
809
849
401
811
438
610
422
185
120
907
542
250
984
514
106
783
319
396
30
590
676
555
233
815
578
534
377
997
771
783
12
335
22
166
363
760
521
388
837
778
778
998
555
969
98
981
524
938
572
627
154
573
416
733
778
279
981
481
44
272
699
190
931
175
460
820
730
623
459
272
63
692
440
457
898
947
308
346
969
182
546
580
372
147
694
174
696
590
634
89
999
639
432
965
392
967
402
823
854
166
419
238
844
648
995
604
833
600
843
234
892
511
203
386
35
372
765
886
472
923
455
982
7
573
105
162
6
84
182
21
792
855
966
777
423
611
55
917
679
670
890
222
174
730
759
817
357
172
648
658
436
354
981
353
262
407
850
747
670
389
901
393
568
586
289
684
135
859
518
445
205
191
541
607
409
152
945
777
388
633
751
493
356
761
176
43
213
247
275
740
43
683
716
140
204
574
416
602
363
896
224
953
843
370
374
200
238
396
527
292
542
944
266
239
857
437
328
56
293
608
911
257
394
151
973
820
43
833
40
319
445
815
135
24
308
465
29
104
449
618
299
532
427
269
772
26
146
815
37
21
384
29
263
773
504
122
318
838
936
946
880
373
845
385
288
138
627
879
321
284
545
936
131
569
679
4
594
367
883
260
587
481
93
533
115
10
346
842
667
354
253
700
905
73
650
674
505
129
699
515
646
575
142
1
358
305
260
806
122
979
497
140
319
720
345
747
608
827
589
513
224
188
869
886
303
49
911
402
916
763
96
427
762
869
558
619
763
212
25
613
823
216
837
340
981
803
927
997
735
225
521
934
600
639
645
964
771
557
594
467
105
771
555
333
734
555
121
223
860
485
529
808
466
594
324
958
768
101
353
129
437
319
833
221
211
188
590
771
98
677
544
490
582
112
490
119
432
770
149
288
280
182
627
650
823
229
374
212
303
356
961
230
379
50
497
533
890
108
386
953
914
550
787
191
14
798
194
145
747
676
477
316
491
726
740
653
685
987
473
703
706
6
867
606
44
447
124
337
571
449
803
307
927
312
2
806
786
273
195
381
726
383
844
783
970
662
253
104
161
870
948
845
861
278
394
485
978
116
266
444
499
4
898
388
84
716
584
462
47
978
152
800
16
585
268
327
897
99
630
390
563
688
952
180
305
494
310
940
228
522
400
505
320
932
765
567
84
307
217
74
22
131
206
366
780
587
681
419
56
227
347
261
672
761
20
89
354
380
600
728
460
703
215
659
694
654
405
532
827
231
858
688
451
109
81
535
51
969
587
680
830
362
29
356
844
192
704
385
116
775
963
564
103
319
34
646
250
400
85
636
876
344
549
843
166
847
844
154
557
974
616
162
69
792
255
98
679
784
832
246
699
328
283
294
435
726
483
257
479
380
327
444
650
679
818
219
41
659
445
727
261
482
236
727
955
748
12
271
446
445
103
982
613
72
573
727
384
680
734
483
693
753
418
513
211
645
186
758
143
741
922
216
628
103
798
279
414
571
444
994
369
243
137
393
82
478
699
232
91
802
984
727
883
135
541
219
944
534
398
674
665
711
709
646
977
968
225
754
715
354
538
646
526
489
917
890
105
298
754
313
921
407
836
917
427
69
472
88
589
17
670
798
662
815
761
615
227
113
131
279
313
626
59
799
487
873
330
417
574
339
679
354
23
353
416
990
664
805
958
760
179
818
132
881
274
876
701
347
951
559
154
10
328
552
852
947
464
30
236
359
262
517
672
113
611
413
264
117
914
446
260
877
16
499
180
980
65
714
622
807
886
737
782
76
103
197
350
590
98
996
77
625
453
906
164
614
704
691
291
747
998
272
640
39
630
328
207
131
250
359
157
437
212
127
811
19
709
995
130
315
576
596
271
204
177
534
751
513
468
916
596
410
974
937
619
979
258
207
329
288
526
482
441
28
971
968
7
29
831
137
444
502
675
933
520
148
174
29
131
838
990
778
494
346
374
793
417
889
552
816
57
991
69
809
851
361
313
805
648
463
267
787
216
73
989
502
940
23
80
349
413
853
998
512
49
11
362
390
579
212
845
613
819
208
219
90
122
979
370
248
614
124
78
142
617
216
276
597
632
301
557
64
61
851
905
388
258
798
358
66
971
981
363
681
120
122
61
500
305
278
569
131
737
722
741
212
67
256
770
453
979
416
450
549
598
951
828
993
254
501
65
782
633
876
847
720
48
681
645
420
124
743
978
247
82
348
505
942
710
717
216
852
769
233
380
204
102
484
272
757
60
733
592
84
86
878
929
504
607
949
733
860
561
57
207
144
231
848
728
455
405
498
270
353
643
798
241
422
611
777
884
433
27
957
307
854
81
99
224
846
545
914
110
1
703
690
75
318
978
258
246
714
790
483
663
208
247
627
815
13
431
539
249
902
493
105
393
650
451
622
354
804
559
32
676
302
591
565
992
913
878
833
470
850
166
209
21
895
758
266
128
651
66
381
829
618
885
175
537
75
140
201
504
386
383
371
568
978
963
753
272
202
727
883
313
950
392
662
673
768
807
943
736
654
658
674
840
731
522
409
831
543
124
520
381
549
832
204
331
931
970
462
382
830
639
431
468
645
933
768
395
559
488
236
355
517
245
966
334
862
585
638
738
17
979
381
657
482
425
42
17
91
482
202
263
178
781
264
681
459
373
618
393
806
555
622
50
208
570
198
103
142
207
818
387
574
925
975
358
393
516
858
662
224
149
658
435
519
830
703
79
179
922
228
385
70
174
29
305
891
198
476
277
408
777
596
116
319
728
967
941
162
484
491
893
768
786
459
575
459
343
499
959
125
579
175
284
166
824
953
26
471
992
202
36
818
116
810
177
47
783
736
892
889
661
631
434
426
634
980
527
359
696
179
397
746
582
711
265
394
822
741
564
866
309
208
786
918
581
987
117
464
738
296
623
427
368
926
379
574
633
973
602
551
775
71
409
877
901
49
879
942
86
564
40
77
764
114
543
474
475
419
631
170
896
703
274
726
267
110
178
155
626
550
406
412
711
53
426
107
444
813
232
950
259
163
243
456
329
978
193
302
217
365
359
307
3
731
413
504
366
277
52
805
86
858
415
962
418
924
852
47
753
43
817
220
272
240
689
252
840
1
994
687
344
718
630
339
17
417
519
392
417
198
28
358
348
844
68
706
833
837
119
452
444
262
392
799
660
421
368
124
576
398
900
414
268
238
520
25
254
647
525
785
929
739
89
798
726
280
835
793
156
892
792
259
335
514
131
35
34
216
668
444
906
493
312
790
923
211
758
794
909
934
706
849
980
94
691
728
885
225
616
126
206
99
668
284
841
267
402
705
829
108
747
266
566
401
465
692
874
194
99
524
833
403
678
645
890
156
262
677
397
590
620
275
848
364
177
435
520
100
766
238
781
376
10
208
282
954
450
325
995
520
435
27
384
65
707
193
682
358
866
513
59
513
939
959
239
735
417
631
304
24
496
187
987
26
152
684
582
600
368
456
578
703
33
938
98
112
885
330
777
107
807
292
157
618
211
901
816
518
393
730
36
320
827
332
238
409
560
740
762
374
234
968
946
554
354
831
501
648
497
510
470
718
490
467
470
473
969
258
336
166
586
737
156
672
585
440
603
372
879
408
941
321
564
597
107
432
812
663
173
768
680
801
495
879
534
293
568
571
923
876
272
329
154
894
706
274
969
146
913
80
415
520
276
385
4
230
62
816
539
617
256
370
12
969
90
406
684
759
847
715
223
146
61
133
156
853
711
473
934
851
270
294
35
6
671
524
732
81
411
55
720
210
709
752
376
485
152
14
416
763
915
78
915
387
780
902
842
187
593
182
354
210
544
177
742
758
499
471
807
53
245
789
353
767
891
141
16
186
882
427
776
606
787
514
906
845
973
513
692
730
217
843
536
924
416
317
667
940
517
534
348
627
649
260
901
87
980
656
456
610
535
821
342
899
142
843
616
57
191
975
156
298
282
527
182
192
736
289
97
528
897
878
494
29
76
343
179
109
3
74
672
715
349
88
325
431
703
67
182
968
86
224
203
110
442
564
44
778
151
941
51
918
685
439
671
124
643
101
698
484
216
764
486
937
765
29
667
477
863
286
495
505
370
282
462
459
324
594
385
463
373
402
245
10
431
687
465
622
370
231
513
427
29
672
936
32
513
66
556
616
209
420
253
452
331
258
739
759
402
50
698
943
997
567
424
602
140
759
183
648
953
132
160
351
441
96
172
784
50
837
328
320
298
63
721
499
48
718
488
111
846
120
816
39
649
199
985
764
297
392
974
940
922
297
588
980
383
597
983
482
371
785
969
525
397
915
297
79
719
577
985
46
940
884
165
545
185
330
784
585
579
602
275
155
486
176
153
540
509
245
169
575
496
828
179
827
994
326
921
808
697
976
606
779
584
201
262
876
186
427
290
351
300
215
513
77
577
259
734
851
961
130
873
429
747
75
726
265
254
93
653
727
808
498
131
25
829
738
476
723
796
67
330
757
114
101
820
424
124
883
12
765
279
364
30
479
536
318
499
368
464
448
218
426
354
102
158
974
272
608
130
456
969
933
457
103
691
988
868
458
892
969
880
613
355
434
309
312
30
499
75
449
682
738
700
833
584
158
599
932
275
646
549
747
388
316
361
4
502
562
648
0
153
255
917
69
883
790
352
385
473
101
453
327
618
903
653
935
921
318
146
188
220
176
864
901
484
261
680
526
714
27
774
721
538
487
920
31
812
259
73
284
148
883
798
193
334
297
368
444
399
514
301
306
476
767
650
433
907
682
819
357
130
507
157
499
667
311
612
704
152
551
659
707
178
537
572
452
582
672
734
456
410
256
717
485
432
809
291
860
74
999
994
704
936
994
930
320
456
463
929
808
721
526
830
998
286
307
276
256
871
464
124
333
408
68
590
739
690
543
28
94
311
853
715
516
393
342
346
291
312
120
637
444
383
794
325
267
0
70
362
427
390
634
378
769
594
352
340
182
285
448
4
329
891
432
443
711
641
250
174
31
486
6
509
236
821
363
524
783
325
300
198
683
977
820
1
356
192
916
736
322
812
223
895
526
72
737
720
575
845
524
929
656
896
848
560
442
581
551
27
761
900
547
433
875
624
924
806
688
200
740
948
74
237
390
393
654
823
97
625
720
213
16
307
880
712
411
839
419
98
908
137
13
964
139
305
288
540
820
62
364
105
360
637
313
849
917
575
703
349
851
381
805
749
754
346
202
59
827
108
920
509
731
724
263
223
467
312
66
393
799
494
373
66
688
969
581
569
799
797
904
355
343
415
761
868
69
691
967
358
637
262
790
970
800
791
423
146
71
577
130
930
306
166
437
387
100
220
496
162
735
848
922
346
356
541
999
473
528
296
994
409
406
64
380
521
2
752
883
137
686
724
450
643
204
676
52
935
255
747
704
758
439
919
896
617
975
678
568
398
684
7
305
617
880
759
598
86
79
8
830
466
76
137
748
634
139
842
686
275
955
214
801
817
432
454
332
138
214
665
89
925
633
536
548
700
354
558
143
908
554
575
437
515
609
962
482
154
702
759
518
756
825
340
809
536
35
803
301
139
265
988
30
285
68
508
348
904
467
431
166
309
20
875
193
161
820
843
703
404
629
796
957
559
577
768
317
61
156
944
270
89
761
289
532
366
231
55
216
544
377
542
598
887
361
19
591
624
18
416
434
162
576
359
419
166
870
691
402
129
102
464
667
985
626
37
352
96
557
49
127
451
452
220
445
482
878
726
479
219
697
680
15
7
424
259
227
616
477
813
190
404
622
813
657
13
746
534
394
262
56
993
255
248
468
254
161
497
754
168
340
22
255
640
373
542
520
335
387
57
219
867
397
837
17
870
435
495
292
526
720
756
450
67
722
398
471
3
476
870
15
469
510
525
648
158
300
322
908
816
273
951
902
948
414
982
829
418
829
186
73
615
79
421
323
591
538
622
656
794
936
693
774
771
174
352
857
835
501
154
20
803
723
334
122
31
185
754
653
968
79
490
736
645
429
790
606
46
519
662
969
707
418
468
840
158
201
410
766
452
416
153
426
301
380
73
749
376
101
292
853
242
590
981
125
512
108
781
308
168
673
292
764
883
275
422
601
688
905
194
674
985
653
254
842
13
340
746
456
289
828
85
715
607
154
367
816
466
230
236
649
155
746
747
343
505
404
866
317
968
732
42
597
132
98
867
406
847
790
913
932
305
885
298
973
690
510
480
611
288
378
549
318
991
447
444
474
782
972
927
461
997
444
203
209
686
442
34
227
576
491
886
767
276
80
78
437
312
560
28
484
384
14
96
861
842
414
246
232
899
498
199
896
868
708
992
20
765
21
25
279
941
988
177
67
178
767
538
528
351
600
882
879
764
108
298
754
396
399
693
809
648
371
269
823
400
82
375
269
57
10
327
121
279
104
232
665
630
246
453
892
674
787
622
896
384
857
872
364
596
656
497
720
761
785
193
94
896
980
153
353
566
609
485
578
956
576
398
615
98
58
816
327
201
101
659
22
346
660
837
981
426
927
654
696
357
189
97
998
763
473
106
144
418
649
806
239
998
76
922
53
947
675
34
297
988
272
816
81
177
187
994
124
838
248
210
398
937
66
483
547
702
519
159
932
987
799
353
564
740
335
239
856
388
544
353
386
592
458
169
916
774
231
912
587
91
355
643
293
205
522
200
338
967
184
379
915
51
195
265
624
509
146
225
485
429
464
449
508
537
918
931
922
895
618
540
615
347
531
74
3
627
591
161
733
993
484
623
542
558
494
250
652
886
843
632
381
102
297
102
508
357
728
257
326
711
792
165
734
708
828
319
12
146
785
402
223
186
83
740
412
596
517
212
674
459
131
449
899
533
359
315
369
634
681
136
0
434
853
56
887
628
745
817
687
707
337
653
135
828
701
975
919
346
622
981
713
876
342
597
896
884
873
505
26
37
893
477
118
5
274
472
833
260
935
708
783
575
594
33
849
295
504
671
594
751
912
582
704
746
354
221
184
315
213
664
929
416
42
434
828
609
847
101
844
291
576
211
938
617
431
656
458
574
146
658
754
63
133
88
100
763
162
637
999
707
238
783
829
760
30
564
574
137
255
243
792
626
286
709
810
567
935
175
872
66
50
41
967
422
7
46
129
980
18
534
918
575
151
297
335
162
312
931
398
91
643
374
829
197
981
256
531
328
387
500
400
850
685
268
629
32
169
740
568
870
883
697
834
796
435
970
319
828
253
902
749
20
264
123
747
753
631
975
46
938
555
100
441
762
125
812
900
886
552
224
851
611
148
334
817
506
817
235
482
534
844
22
777
790
312
654
50
544
587
224
155
36
225
318
480
265
384
605
187
89
485
542
242
136
919
610
175
838
571
924
176
822
657
149
26
716
424
877
774
529
757
822
652
444
357
234
924
314
608
261
780
561
566
679
216
209
649
68
15
705
378
571
210
63
827
663
965
448
416
957
411
531
795
936
244
362
727
392
871
370
797
555
702
582
575
763
193
757
975
127
46
640
830
468
765
450
801
19
337
454
167
852
438
973
121
992
134
555
473
541
214
979
258
606
866
683
215
188
757
374
478
270
713
701
603
99
622
690
483
546
436
538
758
818
567
140
783
721
116
946
812
44
688
983
26
307
3
857
523
244
221
568
722
647
387
543
79
822
396
604
779
393
845
183
351
238
934
823
386
164
652
462
858
602
415
625
646
561
980
361
447
149
655
46
821
287
967
566
630
751
725
848
303
7
556
135
207
712
806
912
913
465
908
186
237
505
233
182
664
699
582
270
0
224
431
618
252
108
843
603
409
727
493
844
428
372
526
388
816
505
987
316
896
907
685
999
407
22
209
302
189
228
748
445
463
974
942
992
15
938
868
812
355
606
661
454
969
284
939
425
505
75
124
242
841
227
397
416
192
111
928
179
955
487
79
24
494
86
365
781
705
291
665
492
417
345
693
909
28
181
781
670
87
250
523
795
276
791
444
639
703
63
933
228
212
353
932
448
109
656
83
757
49
777
225
535
579
30
571
400
609
597
306
854
787
667
207
758
346
518
25
100
564
349
938
907
816
924
650
285
889
658
803
234
864
771
902
759
252
355
179
794
441
910
85
627
866
780
604
445
513
455
380
675
732
669
969
885
922
740
515
953
572
834
932
966
453
485
353
982
761
985
847
947
896
292
457
594
461
173
23
819
970
224
442
324
377
811
889
828
180
112
553
807
816
687
477
321
129
485
410
163
708
593
941
31
933
495
165
367
175
462
616
54
354
72
727
88
404
910
220
112
252
173
926
81
279
153
844
264
780
657
976
808
262
774
359
931
826
31
501
613
679
476
871
706
716
632
95
144
265
400
228
348
57
934
944
889
760
987
460
34
936
743
3
618
833
177
901
622
605
260
25
451
101
219
708
888
784
202
832
419
728
377
981
154
853
738
735
89
903
9
532
738
66
274
774
608
316
180
516
203
455
518
208
528
106
800
381
48
964
457
224
454
677
714
892
811
983
895
591
432
158
758
906
1
66
586
650
895
727
421
307
138
832
153
639
894
988
263
750
672
283
888
122
329
602
750
959
240
646
972
112
16
524
711
426
880
860
457
646
66
900
298
887
516
74
646
96
926
212
245
738
242
927
613
192
249
69
975
810
210
933
777
596
733
986
162
84
733
210
816
189
212
969
213
912
950
965
953
129
74
252
9
937
479
498
544
13
877
399
754
503
600
583
32
322
370
585
143
381
10
328
990
79
819
233
435
242
807
551
366
229
844
732
844
501
48
427
971
173
465
255
300
988
750
649
481
224
380
325
272
190
349
330
12
693
952
953
377
819
251
164
145
367
522
987
570
445
746
440
296
749
208
524
653
848
766
856
342
630
718
632
913
380
289
134
650
276
361
461
606
328
651
495
520
618
996
750
983
771
57
320
787
973
907
120
165
862
675
733
269
9
448
67
9
237
477
975
261
318
141
747
263
357
142
403
38
46
898
589
657
515
3
842
498
667
945
916
266
225
871
953
378
54
433
518
946
471
613
687
535
583
213
791
911
125
209
121
963
662
906
763
935
697
438
18
867
18
654
133
754
470
716
327
761
754
970
757
998
926
380
712
293
700
699
785
356
346
458
813
665
434
42
32
202
973
389
568
342
142
775
681
189
743
137
661
96
391
111
279
830
80
727
675
489
706
138
148
732
713
537
515
859
731
63
150
396
422
372
915
402
432
53
574
150
105
749
902
149
879
35
252
124
521
991
691
219
319
729
24
145
100
842
485
38
103
512
570
560
711
699
27
477
484
868
521
383
620
294
805
534
61
884
848
668
455
253
586
477
568
670
586
150
640
875
615
928
956
953
337
477
729
735
382
191
596
117
897
150
801
743
357
14
663
185
648
959
595
656
800
808
821
332
228
146
538
302
103
726
775
658
300
264
854
148
95
157
309
944
955
667
763
920
467
678
747
202
835
415
124
318
206
863
558
916
980
53
96
618
422
722
616
422
5
489
967
877
15
729
495
347
987
470
614
571
64
878
202
449
10
315
695
877
95
526
860
80
436
839
636
484
340
330
202
117
781
534
185
945
752
244
932
729
538
381
596
801
383
478
259
753
393
893
586
597
369
483
394
719
726
245
117
975
283
147
47
969
592
795
913
314
941
705
309
257
204
435
2
852
343
404
461
790
786
992
601
635
88
338
745
555
570
687
848
92
676
930
959
41
833
312
699
266
725
439
12
204
788
944
815
721
467
658
777
657
606
107
1
205
933
652
755
899
393
842
998
200
573
128
813
487
265
800
532
457
771
419
676
228
463
70
856
863
449
861
684
717
684
924
735
949
224
274
455
138
353
588
485
637
324
940
537
356
368
203
677
507
629
661
467
428
879
737
974
38
657
61
946
930
111
70
615
211
799
459
555
534
314
662
744
977
693
58
895
104
588
14
67
591
513
188
550
147
450
91
986
439
416
392
525
317
80
943
843
683
877
629
534
107
761
106
288
168
448
557
642
975
794
336
876
914
32
304
13
427
529
802
445
665
6
987
509
608
634
955
868
573
883
772
864
387
353
591
775
268
233
232
207
547
814
327
757
225
164
611
345
661
551
575
672
324
405
42
706
553
609
490
499
216
727
965
371
876
582
457
971
691
481
417
491
712
63
239
741
63
664
589
324
599
370
503
495
900
357
234
189
654
332
248
735
146
199
731
24
168
245
22
334
487
764
226
773
588
288
652
104
328
467
406
575
831
638
812
178
756
120
464
102
725
403
202
570
108
903
70
654
922
889
176
751
827
289
628
478
730
754
249
785
392
697
438
10
962
92
537
820
456
790
493
217
602
105
492
104
58
556
642
995
628
503
68
144
898
506
180
869
360
263
458
92
992
829
890
520
961
883
573
970
384
618
823
248
22
606
702
433
898
350
787
971
114
353
696
723
671
259
622
597
627
536
248
18
861
647
971
617
70
486
793
950
924
21
10
667
620
756
112
69
511
265
728
408
20
824
464
936
434
898
477
673
851
584
255
270
789
159
138
256
711
400
899
80
834
896
764
374
955
473
636
395
493
418
960
891
773
693
383
877
676
178
622
616
993
902
357
701
718
492
709
930
468
881
104
874
165
897
356
267
994
315
364
75
315
457
440
673
89
717
140
61
213
606
375
20
948
179
3
634
587
781
840
475
225
434
511
7
922
800
96
188
853
961
46
159
618
863
285
627
755
762
256
324
115
407
809
690
413
833
451
441
862
654
182
245
861
363
651
254
346
601
127
220
818
383
188
101
518
70
106
204
269
438
679
12
675
322
18
565
817
537
403
66
53
471
239
741
788
794
690
728
621
593
917
133
303
416
182
579
126
493
627
339
980
758
288
18
466
765
797
944
52
925
852
606
89
333
242
476
658
168
483
997
10
681
125
367
648
807
106
594
561
977
604
445
926
134
786
671
477
258
771
555
877
818
632
866
842
145
298
152
498
486
6
749
44
165
476
226
332
231
678
278
211
707
450
461
143
548
1
413
617
479
936
545
277
4
849
533
63
507
363
74
970
242
28
709
6
807
922
201
170
802
67
126
119
13
11
635
227
573
517
619
231
828
346
979
420
921
333
399
915
45
374
193
476
816
44
841
137
956
748
974
947
245
702
783
346
80
896
497
972
667
73
358
360
781
301
985
821
809
857
817
950
164
784
623
970
714
607
3
476
94
130
923
927
994
612
235
594
373
768
878
210
882
711
802
187
219
660
978
951
882
959
547
383
48
137
377
506
634
809
340
894
214
619
411
319
445
470
440
26
401
214
612
996
917
313
860
63
416
465
601
721
719
760
448
586
472
373
374
773
688
48
218
181
280
697
127
260
953
635
788
28
547
306
180
846
895
761
534
900
926
19
368
525
517
15
98
720
380
885
894
941
969
9
568
347
193
462
951
646
217
520
170
715
305
278
396
811
95
646
468
667
93
32
753
575
519
825
328
807
90
745
958
864
543
364
293
164
904
725
871
135
468
431
650
803
279
688
11
44
654
397
402
724
0
647
873
917
490
161
807
21
344
422
682
114
992
835
142
538
608
845
324
441
678
350
916
611
164
757
675
319
847
656
602
338
984
507
338
574
532
548
284
352
252
987
68
823
822
634
187
104
628
258
19
3
142
107
756
807
251
102
824
178
939
187
669
558
892
51
610
613
211
139
657
356
394
53
587
224
328
112
146
390
875
276
920
939
565
491
622
14
916
91
217
860
594
156
311
822
404
321
621
486
477
28
769
727
320
379
56
340
173
392
50
958
77
704
156
982
330
944
669
771
555
144
364
591
997
154
362
397
579
632
991
15
44
125
53
595
764
699
544
577
644
501
924
945
415
781
247
626
546
553
893
953
688
703
506
499
285
50
27
199
879
950
883
402
679
224
757
448
303
326
78
423
49
656
759
399
115
72
232
801
543
312
382
216
890
392
755
108
18
928
279
379
560
759
481
443
5
810
99
397
732
704
224
692
634
969
203
857
388
841
969
851
634
585
58
637
757
469
767
24
686
199
867
33
635
344
571
877
75
989
2
882
150
635
202
187
772
890
158
131
109
137
971
532
123
36
210
321
30
628
295
986
769
803
133
809
67
284
703
182
490
608
910
127
460
791
276
735
853
450
799
334
149
751
524
76
406
489
9
301
812
808
194
852
791
484
69
314
967
265
552
279
886
378
770
19
900
543
334
892
783
226
491
26
239
337
365
243
973
89
301
456
343
850
173
739
79
529
657
256
226
970
851
87
961
993
892
80
145
478
649
791
164
978
769
384
589
924
313
529
275
145
193
58
263
34
213
346
494
921
885
174
298
778
97
157
44
585
117
84
712
355
208
772
720
738
469
881
421
477
555
261
178
755
119
288
732
405
348
775
333
793
34
508
101
223
882
930
72
202
269
230
350
71
375
585
148
914
92
939
804
202
596
30
653
955
773
768
856
464
276
2
745
762
963
232
208
925
779
31
740
740
718
538
376
675
355
1
205
689
822
209
666
422
41
948
856
102
348
185
155
775
720
359
547
442
648
788
146
346
608
736
370
79
586
252
738
346
842
901
474
91
924
883
71
419
341
359
359
998
653
247
893
609
664
516
230
470
876
226
559
198
420
408
833
83
718
288
367
634
293
892
722
152
830
535
187
480
397
918
423
312
634
596
582
984
465
769
570
184
787
501
598
832
747
833
67
248
988
353
652
133
727
692
483
650
159
19
240
963
396
503
221
508
911
630
503
637
713
588
346
377
268
827
906
925
126
579
818
655
866
821
955
648
625
501
411
897
847
102
166
791
72
680
969
929
893
987
704
183
399
564
159
614
123
390
712
407
952
708
710
250
866
213
972
215
888
4
939
595
504
450
124
151
72
881
935
256
984
688
250
28
567
637
773
719
436
683
194
411
439
321
743
355
660
927
698
163
573
970
862
930
595
327
624
822
170
879
632
984
122
389
326
301
697
900
141
301
98
946
880
286
338
105
104
313
263
98
989
24
604
774
630
127
581
157
827
888
671
536
805
184
226
897
989
72
834
387
609
341
140
467
318
598
897
831
10
297
119
65
788
800
923
653
518
336
759
882
638
829
732
883
640
467
202
198
790
753
520
882
841
33
999
969
927
555
994
304
59
345
326
904
590
70
433
811
122
626
837
910
661
647
936
629
932
214
980
903
916
649
248
598
580
499
192
418
82
575
953
601
925
900
240
855
710
609
227
7
373
735
777
204
984
894
514
663
924
420
620
986
365
51
154
630
509
178
698
11
888
911
560
2
375
477
914
619
213
307
7
103
235
931
97
61
568
81
256
4
455
524
6
599
143
590
268
453
437
458
903
371
12
91
979
951
96
134
773
366
567
666
143
48
25
783
248
396
820
261
10
819
420
982
605
723
95
763
749
569
610
543
364
317
51
764
816
368
343
426
410
3
949
534
99
367
682
656
635
416
804
42
706
670
552
238
492
138
725
853
650
895
47
395
35
609
208
706
954
1
970
691
608
655
658
189
100
88
138
144
649
825
584
997
577
877
820
713
227
938
93
589
974
874
208
395
420
37
534
380
297
696
563
730
381
910
113
496
452
875
328
747
96
288
598
656
658
497
932
359
398
399
198
717
6
686
984
791
432
143
922
385
789
393
147
718
971
930
292
923
895
109
100
372
186
472
342
131
767
405
674
195
209
840
449
639
664
648
41
318
925
167
53
993
432
39
768
911
33
758
565
51
512
446
653
452
409
843
468
32
993
40
916
161
647
89
790
678
300
26
0
147
172
189
907
706
142
307
919
387
323
12
679
510
382
538
927
320
102
216
983
948
699
445
878
431
116
328
761
864
179
248
757
167
378
447
456
490
188
990
534
117
204
19
473
832
724
260
64
277
86
68
834
999
256
834
234
741
761
757
357
551
648
532
369
131
63
777
170
217
427
637
57
379
205
411
264
740
175
5
682
70
509
153
183
309
944
251
850
160
139
509
960
702
768
439
307
211
665
333
177
896
859
987
26
404
818
738
445
761
856
940
900
966
213
452
9
294
480
257
316
466
735
869
174
473
591
767
68
954
191
921
666
365
824
707
456
216
319
896
665
940
511
801
431
319
396
291
243
726
716
162
650
234
365
834
184
113
602
78
101
294
898
971
654
964
663
409
431
207
433
467
456
444
665
556
498
642
361
529
763
981
430
675
51
369
840
889
975
96
128
701
15
658
480
72
659
959
173
967
559
943
134
97
242
338
913
55
734
528
300
994
859
165
761
223
968
876
355
0
814
534
561
393
854
611
800
981
718
97
830
837
317
756
536
409
132
404
140
64
229
69
445
928
703
252
14
552
711
630
600
576
301
815
327
675
895
585
796
137
696
74
409
579
997
712
976
906
850
320
534
269
582
161
511
740
76
593
810
959
210
963
481
780
413
627
261
971
461
337
623
65
925
508
524
519
653
595
217
946
854
572
636
892
783
746
497
670
782
251
46
224
478
983
543
975
169
665
873
365
724
575
496
752
618
819
473
847
833
635
988
552
553
523
678
62
825
227
325
766
826
366
584
871
268
161
751
707
985
442
108
805
34
587
526
764
39
630
841
834
152
354
59
174
310
901
374
180
668
135
357
159
429
875
485
343
292
45
453
43
726
441
599
313
683
22
559
43
606
868
605
391
102
474
189
17
596
275
155
36
380
938
300
967
155
931
492
389
183
662
431
587
880
472
885
81
310
48
418
310
337
491
302
608
865
808
634
63
261
909
703
170
184
207
890
810
304
240
284
923
586
754
410
430
421
441
974
201
881
137
835
254
856
568
290
99
462
820
862
284
989
628
947
248
985
239
851
694
580
584
896
466
402
245
164
606
243
547
491
930
807
290
622
63
15
602
325
991
508
741
823
770
869
967
985
699
256
635
972
238
262
617
107
803
513
467
877
57
213
475
601
256
468
503
41
364
703
887
774
110
687
648
92
218
315
165
772
874
895
430
59
737
632
153
626
909
417
444
154
501
980
928
333
635
496
745
830
356
7
135
642
89
920
551
731
858
387
323
310
38
905
346
379
808
483
712
518
296
315
17
666
805
878
739
391
957
45
300
78
678
488
298
869
297
126
445
973
814
270
77
483
870
333
167
485
203
772
799
265
655
381
798
433
560
113
259
495
549
174
193
903
525
171
447
123
361
47
462
912
524
665
323
81
787
488
246
896
738
276
169
328
866
54
294
102
405
876
392
808
741
211
665
43
249
730
402
899
510
391
395
816
139
463
454
349
564
12
445
33
867
310
592
953
723
338
600
292
168
448
763
320
242
515
132
767
783
333
243
107
417
889
819
267
496
687
119
535
231
63
800
917
188
511
204
389
787
922
16
652
922
364
360
275
148
804
828
924
384
534
634
469
453
280
569
945
370
453
169
208
441
834
951
855
931
362
306
686
994
151
659
325
617
411
901
183
499
627
830
709
915
108
906
605
145
787
570
199
353
555
794
543
875
532
339
386
810
265
676
419
524
674
830
345
53
91
963
637
634
272
561
509
442
351
21
84
272
374
71
304
866
276
547
582
752
564
5
1
261
970
332
93
872
347
165
751
666
658
985
902
877
242
878
911
837
246
720
172
282
960
373
922
683
330
135
979
195
78
983
32
202
488
149
246
982
741
494
395
386
397
21
895
975
913
147
972
38
335
769
46
310
959
497
26
951
997
789
455
390
653
189
784
241
491
382
464
536
149
324
549
723
451
732
886
624
426
868
825
500
586
120
932
514
694
659
406
348
486
366
105
260
443
492
152
441
823
340
955
685
948
58
687
698
165
857
319
622
21
956
604
728
76
437
545
183
211
307
893
294
424
39
848
92
714
664
803
493
531
489
669
585
465
935
671
439
436
178
915
131
803
115
572
955
387
77
672
606
950
126
226
947
675
304
372
200
833
950
701
455
255
990
145
423
961
96
848
429
330
591
441
184
713
337
477
529
270
225
168
595
379
934
566
712
890
861
424
2
411
969
717
534
333
50
997
640
655
747
21
994
455
630
67
895
681
664
921
818
624
256
868
423
595
310
301
460
201
87
312
634
753
168
531
796
103
642
594
770
704
315
774
998
155
960
104
572
203
536
634
484
376
211
328
39
595
953
395
594
742
829
239
409
395
364
187
634
873
202
572
160
889
444
8
763
372
43
626
417
566
46
681
3
930
857
437
617
887
844
247
670
408
546
310
575
932
172
104
717
349
869
749
968
975
433
902
407
50
678
658
195
210
61
875
934
579
324
191
40
427
277
187
816
830
617
209
668
899
345
575
817
533
724
666
760
629
444
108
784
583
882
788
896
209
640
5
745
454
182
698
607
911
569
228
420
334
875
340
892
304
908
137
185
876
760
613
467
396
945
665
147
275
650
552
924
448
846
596
359
895
522
155
400
17
522
191
104
925
705
580
101
256
275
127
725
181
22
47
913
139
618
659
674
15
323
705
131
751
375
334
929
588
120
313
775
908
672
213
560
445
960
779
551
759
555
935
730
816
828
911
525
576
247
873
417
237
443
497
875
207
707
579
317
807
78
272
652
321
200
0
24
879
882
314
997
418
714
936
215
495
258
539
861
893
244
395
467
372
536
88
305
232
101
646
56
216
519
973
783
49
611
511
644
527
684
715
844
441
966
258
339
388
185
241
192
538
110
385
797
50
113
256
656
249
160
212
199
923
631
715
249
455
852
376
606
784
678
266
960
395
758
364
968
722
621
856
478
473
485
477
219
748
399
306
9
405
506
91
974
483
742
448
968
635
839
101
376
473
495
330
424
718
256
47
731
244
671
285
155
373
337
688
648
737
409
666
166
859
123
979
548
927
712
599
668
555
207
827
108
751
534
213
494
805
840
633
225
69
432
486
568
116
393
775
409
568
218
275
337
265
922
146
320
764
464
893
726
523
832
977
725
924
77
183
709
107
726
99
792
934
388
706
162
602
327
985
952
231
479
925
507
409
589
275
917
387
359
316
72
78
336
654
665
413
719
85
68
987
202
228
727
5
764
984
454
803
234
494
55
376
940
916
843
926
789
213
739
821
283
592
870
178
618
353
172
24
724
450
787
197
203
109
951
899
91
802
735
428
61
814
671
76
775
726
411
506
586
67
623
924
452
145
170
11
358
968
595
941
315
174
695
773
387
736
871
48
409
153
216
734
489
427
478
669
263
622
12
408
656
514
584
116
818
185
320
270
852
512
766
816
777
35
902
816
379
888
1
325
505
559
270
351
117
961
8
865
325
277
456
299
886
885
928
622
84
544
481
676
345
811
586
787
758
965
614
258
324
476
19
489
95
969
520
122
737
639
87
768
495
594
663
294
351
608
245
637
312
390
753
645
895
901
934
198
474
864
246
4
910
294
400
548
19
451
730
163
608
751
599
859
280
442
540
768
409
482
118
61
640
990
881
911
217
439
132
118
678
791
372
827
801
388
176
100
637
891
292
320
637
639
38
579
82
798
555
822
438
614
485
418
886
484
433
126
945
457
993
166
284
592
255
886
166
426
717
524
606
313
853
616
754
3
971
805
664
15
342
749
991
4
298
38
299
668
411
888
71
813
232
620
93
225
560
595
624
924
453
259
159
432
398
378
47
723
793
278
560
979
643
255
556
993
971
675
93
496
654
419
165
25
301
322
665
772
978
896
977
132
0
951
899
480
169
932
547
670
598
456
343
351
805
533
638
531
852
354
427
270
113
383
220
860
124
577
912
759
157
759
927
33
595
972
140
141
588
676
466
715
262
861
957
680
457
712
96
740
110
294
12
947
410
601
340
669
272
408
790
490
860
709
159
100
2
742
748
275
443
61
349
771
662
907
504
248
790
515
944
13
594
403
389
500
103
400
981
300
109
827
675
765
885
284
930
135
852
387
818
127
373
349
781
29
573
50
324
635
903
312
971
513
730
81
53
765
579
165
723
369
791
838
969
51
984
425
772
614
684
135
306
28
984
700
277
609
251
667
588
134
828
185
873
439
921
850
262
168
58
740
663
232
291
408
649
595
936
163
546
480
98
528
291
858
872
568
546
363
49
543
265
514
415
194
889
923
278
247
512
120
7
541
729
646
939
127
52
434
570
340
900
900
155
166
743
367
521
749
591
417
137
19
977
399
276
521
747
734
807
31
751
513
219
321
955
771
558
552
67
739
879
352
337
312
225
740
166
388
82
156
279
547
632
915
325
740
405
973
796
967
262
596
178
858
25
410
697
364
783
41
451
22
922
918
601
643
991
652
391
33
925
965
749
230
522
991
807
708
250
602
148
1
253
515
766
931
309
444
135
382
427
170
77
242
235
509
868
636
786
357
422
309
897
599
437
732
710
473
397
341
356
760
940
682
657
887
360
178
528
382
537
537
311
139
326
86
977
716
48
92
578
44
960
354
78
497
929
478
738
13
873
83
319
981
304
952
375
664
473
155
364
540
76
623
629
817
143
976
886
736
803
441
934
439
885
483
319
3
732
798
449
933
31
19
401
965
474
296
904
195
825
600
272
118
485
270
556
111
189
739
551
68
97
797
960
139
833
855
683
8
69
944
13
894
483
904
361
513
197
633
866
243
112
916
670
735
366
691
215
880
221
630
526
216
923
172
130
50
201
258
390
188
803
483
305
79
767
328
297
864
73
455
815
184
441
804
8
898
428
456
518
506
251
298
464
173
674
968
833
498
410
569
676
963
156
582
450
879
635
325
841
216
358
569
782
126
107
41
321
799
710
816
186
194
838
67
96
342
612
436
801
386
643
31
292
131
849
852
735
918
376
391
509
84
65
277
28
133
669
546
311
533
203
476
295
947
210
791
860
970
265
63
990
133
674
320
159
198
921
990
55
622
802
202
929
683
226
781
497
892
688
22
221
92
494
449
85
952
927
945
883
373
477
272
426
849
223
450
347
17
994
888
421
470
610
414
110
556
344
208
938
661
490
889
114
96
732
787
730
554
684
34
370
863
410
511
772
542
824
834
95
859
430
671
232
909
525
795
42
332
24
797
334
909
363
818
748
835
174
169
224
476
976
424
875
78
346
434
905
671
579
479
855
482
276
221
789
75
202
160
345
434
952
334
445
498
308
255
102
284
687
156
166
333
862
710
484
248
304
968
470
372
812
343
992
163
2
895
222
297
56
64
334
385
424
280
808
610
653
420
167
416
894
59
722
876
219
79
440
144
228
6
607
402
559
339
322
527
204
632
588
139
345
252
171
342
977
733
63
973
355
697
784
450
638
853
462
312
258
155
719
942
885
306
124
660
73
489
373
313
183
846
967
350
302
929
518
406
769
930
81
959
299
506
243
366
829
96
232
101
527
996
293
149
416
431
1
769
615
437
816
659
595
664
408
708
157
634
103
754
469
500
890
126
227
334
781
974
575
708
972
694
914
399
614
451
801
907
90
447
243
76
587
768
327
869
127
250
91
200
931
415
232
971
781
549
440
990
19
973
962
605
772
441
182
617
631
440
899
327
548
30
804
558
339
508
403
774
101
53
991
447
193
803
434
129
877
753
687
730
647
398
873
613
84
327
848
542
326
997
65
370
971
643
18
500
827
367
441
886
170
68
297
795
132
112
317
385
661
125
370
410
864
639
300
580
286
69
436
63
809
621
416
72
136
842
442
76
618
337
617
4
656
726
259
55
661
841
905
115
133
712
429
393
966
726
282
612
602
808
911
399
160
83
662
622
296
631
400
35
127
666
625
648
557
234
712
342
448
209
321
50
315
635
