909
795
511
18
159
394
156
260
159
478
881
170
324
803
949
864
191
453
212
985
287
41
686
357
78
45
299
406
121
341
743
816
463
748
133
58
195
558
795
840
528
343
682
812
765
104
231
823
952
835
162
170
806
942
705
974
317
370
510
938
418
879
373
642
721
856
825
838
719
369
757
250
664
760
631
722
690
339
215
668
736
319
631
387
262
900
770
567
167
468
617
303
157
454
638
215
933
223
652
288
368
813
779
321
662
375
256
521
7
698
963
876
859
221
174
395
972
507
301
781
261
693
228
40
588
738
366
610
884
31
190
841
599
448
158
260
538
30
301
661
168
686
198
692
562
139
741
474
207
675
542
753
222
223
662
518
589
908
893
499
314
318
136
791
475
222
694
315
29
354
770
51
725
639
751
686
733
0
533
442
348
156
989
443
205
23
113
986
98
430
944
958
461
297
628
126
934
172
575
81
855
961
101
789
567
583
674
946
226
874
890
67
95
637
264
523
958
979
593
767
483
266
726
927
864
803
298
354
523
639
108
273
744
930
605
302
104
781
575
159
805
414
630
216
223
837
727
906
89
499
407
4
424
882
228
585
986
932
881
883
289
649
840
188
562
999
459
280
479
238
18
617
234
151
207
750
440
132
969
221
742
653
980
992
439
978
136
223
739
286
139
481
273
540
202
843
150
167
610
465
938
644
487
615
464
138
691
457
294
843
204
508
10
354
880
830
824
673
323
793
12
230
756
215
23
585
109
90
444
162
888
356
985
18
246
215
190
435
197
841
506
249
575
263
529
438
353
765
460
179
688
874
811
886
906
880
58
725
586
6
654
69
473
732
786
133
641
212
497
799
142
639
425
198
351
118
510
619
539
427
939
895
224
650
633
722
557
178
667
30
117
907
255
370
912
602
968
528
718
444
803
577
142
514
166
275
588
206
193
966
762
534
785
304
949
255
112
337
748
760
873
267
259
390
430
742
985
336
450
755
738
740
961
934
856
462
924
376
540
690
729
327
270
221
165
34
456
815
149
954
259
949
185
266
279
554
934
246
988
484
643
583
712
982
597
236
256
920
694
912
240
425
752
79
856
737
934
280
965
392
537
482
644
891
368
466
989
193
183
276
702
542
254
128
821
722
220
157
324
544
627
555
281
152
277
430
871
361
380
908
158
668
896
112
30
515
696
575
956
469
770
566
151
58
185
591
211
741
363
109
717
733
320
95
329
453
638
754
859
697
709
126
487
397
213
226
405
688
978
284
12
996
722
583
813
938
412
448
128
849
819
960
845
890
516
361
677
712
238
843
484
929
20
557
369
432
752
676
242
409
378
236
143
712
752
203
797
392
477
572
504
782
855
344
562
928
751
338
234
837
453
255
124
988
274
399
282
543
972
884
405
273
368
917
808
666
238
221
311
946
764
707
539
486
440
363
862
484
287
885
988
34
941
601
417
90
485
631
512
950
350
787
594
531
125
151
723
996
848
834
55
503
199
923
482
144
19
780
815
147
723
977
30
697
373
796
236
911
12
646
141
598
942
373
502
977
791
649
5
852
416
902
898
286
663
966
436
667
103
385
927
51
20
865
634
584
50
825
365
967
906
854
454
484
878
671
749
21
914
641
909
92
462
416
493
536
278
237
659
298
745
459
803
954
286
841
866
783
679
260
784
895
588
480
754
207
912
202
404
560
199
486
542
557
901
262
712
824
489
168
882
73
117
313
480
545
530
695
215
956
7
98
238
743
482
210
297
265
705
764
221
79
5
409
412
265
290
629
741
410
133
940
663
973
724
381
356
3
540
83
502
365
15
856
117
401
277
357
89
651
944
704
495
372
227
839
526
712
321
203
779
623
131
665
652
282
926
345
782
367
186
133
745
132
137
172
687
474
946
127
264
838
606
35
278
126
273
657
24
322
643
926
193
646
174
932
172
166
89
774
619
84
937
376
820
871
293
591
24
341
243
837
124
230
411
113
196
959
891
237
839
686
943
118
453
907
614
910
502
58
196
471
888
431
998
959
132
642
421
771
626
521
973
631
114
76
188
372
542
354
541
321
290
530
755
67
41
293
549
151
324
695
403
471
803
484
525
36
770
328
206
776
491
709
493
703
709
85
4
354
993
508
193
819
225
968
111
813
275
95
964
478
218
61
477
619
713
380
679
402
935
799
733
605
572
123
797
826
292
5
129
100
14
33
489
842
228
759
772
399
591
946
652
828
517
380
7
613
776
402
857
748
468
999
810
759
163
269
739
89
259
288
122
271
332
983
986
797
566
312
815
508
13
949
953
469
801
195
634
177
952
715
36
89
881
949
408
53
213
488
825
827
437
389
717
539
130
345
761
553
739
185
274
848
810
168
944
380
300
967
750
113
353
376
447
549
43
835
459
793
840
58
902
890
374
832
402
88
495
961
572
132
676
702
103
789
818
921
192
968
12
154
338
438
112
920
395
877
825
68
62
523
878
646
927
750
217
922
322
996
888
362
724
668
906
173
502
200
823
490
658
124
218
633
580
785
781
29
1
180
474
808
735
13
521
600
149
236
540
912
208
763
582
658
905
312
728
574
505
986
460
785
358
371
272
118
705
172
692
618
333
248
482
22
522
901
707
14
456
373
18
652
266
322
851
14
258
563
170
890
124
86
971
781
966
502
46
48
513
59
861
337
887
212
561
193
954
529
835
429
325
852
912
334
984
574
262
359
405
8
650
568
260
573
79
962
63
507
141
91
470
489
631
621
463
610
41
902
398
588
537
682
832
611
824
824
956
333
584
907
18
507
896
772
938
160
419
543
650
805
863
848
895
50
621
989
568
901
123
493
999
98
423
203
115
716
458
152
644
300
3
767
989
191
95
248
565
142
744
630
437
499
998
50
794
400
270
930
231
497
124
201
813
587
821
294
205
405
795
944
179
671
533
191
518
610
776
859
238
628
548
563
920
78
640
944
566
558
980
928
384
481
481
536
974
104
304
765
363
443
448
386
676
312
822
690
931
658
874
80
521
972
722
53
949
582
742
437
79
669
529
315
494
750
31
818
707
760
953
524
861
889
850
319
870
39
228
632
476
258
386
726
926
460
472
297
383
51
619
293
135
315
49
245
52
369
568
623
660
372
487
126
21
206
533
438
501
717
435
981
102
57
257
645
349
738
137
182
931
729
606
627
821
197
670
819
719
572
554
888
249
139
24
725
681
725
921
707
840
832
400
58
206
927
209
58
846
460
4
34
686
196
930
496
937
563
504
433
594
540
932
650
499
699
95
175
117
562
326
636
736
789
793
992
170
206
941
548
257
977
127
232
298
399
865
27
128
509
506
338
665
859
753
178
905
650
986
467
260
561
441
638
141
861
633
83
85
278
46
187
613
90
589
548
364
497
540
800
158
289
613
470
363
367
571
963
912
780
984
605
356
9
62
62
947
600
254
385
995
112
695
386
960
793
466
378
630
450
789
351
138
441
437
600
761
835
977
675
343
388
705
33
489
602
534
679
508
318
33
4
655
543
203
507
39
568
983
74
590
791
87
104
125
145
595
849
66
106
846
94
744
504
202
825
232
389
69
304
346
387
529
256
351
464
766
166
39
984
153
255
502
563
296
911
330
936
745
192
911
717
956
740
471
595
951
718
548
992
95
406
827
464
86
958
316
883
423
608
705
212
606
311
640
243
981
969
145
994
596
759
502
217
638
22
234
867
772
774
838
382
159
545
800
444
530
443
473
742
778
54
526
746
883
822
367
168
839
826
505
991
902
210
259
302
495
337
640
996
440
566
416
116
604
990
212
59
465
478
383
573
958
599
104
530
523
878
790
641
418
680
783
796
629
809
355
484
396
116
301
784
245
483
358
992
530
954
704
980
227
208
739
173
432
992
319
42
449
729
698
392
138
965
270
895
731
543
254
3
856
989
516
19
730
17
646
957
935
200
516
792
423
659
416
939
810
370
352
447
563
415
823
97
520
786
752
988
380
952
256
538
298
490
279
994
746
862
290
422
510
886
538
555
289
175
416
83
198
260
994
8
82
878
419
553
720
188
944
715
901
197
979
344
995
985
369
875
210
408
412
190
47
356
657
510
439
485
769
15
606
267
997
242
273
909
30
116
405
367
220
337
251
753
68
109
122
145
190
696
951
953
360
48
968
711
28
307
237
562
223
593
893
229
221
783
235
804
736
503
500
779
556
658
34
995
862
867
464
510
866
389
679
967
704
466
983
653
630
727
349
408
494
223
345
277
836
652
262
24
647
407
924
324
419
786
384
251
569
106
579
1
573
499
401
98
576
831
96
224
881
519
447
198
372
632
781
640
903
306
715
690
667
37
354
520
936
461
663
757
435
914
148
512
382
990
405
770
595
628
400
566
828
989
983
739
498
806
652
314
867
879
964
389
916
515
788
670
260
754
962
239
705
23
283
994
109
219
103
613
104
48
412
755
198
175
40
14
123
934
517
882
454
936
898
329
645
563
335
38
871
669
837
468
502
593
740
616
498
807
852
668
60
139
35
543
344
691
465
242
629
248
676
925
446
170
702
416
431
851
434
300
890
399
530
713
464
484
197
877
944
400
543
676
32
376
702
636
756
375
536
956
745
909
396
27
293
34
633
464
241
439
990
351
543
394
387
66
393
937
8
512
748
244
562
112
441
261
932
248
180
458
262
596
85
81
31
230
460
550
406
185
116
116
211
695
946
478
890
427
48
66
816
520
184
608
694
391
497
990
625
182
122
67
964
486
650
381
813
162
152
159
738
878
979
225
110
929
993
816
130
206
845
877
512
334
660
729
652
709
762
196
660
818
522
435
198
340
172
459
519
343
126
580
161
745
731
722
762
971
220
262
703
953
765
140
952
806
847
143
11
172
214
402
756
195
774
91
653
62
952
271
350
458
61
312
450
492
897
856
756
294
698
671
428
127
652
225
259
854
777
513
821
727
519
713
188
742
599
74
12
495
792
778
457
668
107
228
255
694
216
554
751
605
388
152
868
509
950
82
162
469
267
558
430
508
450
663
714
900
271
530
729
122
281
106
571
160
902
407
458
301
240
806
538
660
447
756
200
721
751
767
713
707
186
267
945
888
316
741
879
684
675
693
778
682
106
693
609
332
742
862
984
667
131
808
691
161
454
264
545
504
64
458
471
550
399
882
354
664
985
459
671
286
59
500
106
948
440
70
824
877
790
671
627
5
145
639
297
947
543
546
39
773
433
531
325
883
912
247
471
38
713
385
528
367
33
425
810
739
636
997
844
33
195
886
837
748
249
641
267
477
561
59
292
127
858
988
510
88
540
69
726
89
61
993
848
74
719
663
264
729
152
459
816
477
194
387
736
121
390
684
804
938
785
122
469
440
946
345
650
338
493
186
551
40
792
847
273
51
85
890
784
367
568
810
350
633
760
634
498
461
423
714
671
406
752
850
801
7
619
555
486
979
670
925
202
198
449
874
427
517
963
352
785
368
5
246
791
4
204
552
48
404
720
107
218
230
164
225
271
712
870
990
121
16
380
983
467
373
36
789
290
838
434
775
497
798
938
968
195
330
833
654
172
963
179
188
534
287
173
738
663
155
473
175
262
691
225
112
145
144
606
163
619
19
895
617
150
68
599
615
370
421
14
797
282
198
515
872
416
586
167
809
954
952
459
135
993
473
435
194
951
711
841
49
393
210
53
11
373
385
938
638
510
979
215
578
209
869
668
995
206
110
384
948
412
58
841
538
147
445
441
262
0
952
513
488
568
150
438
254
363
485
668
825
229
251
865
79
521
794
439
800
705
577
992
889
749
663
651
206
39
509
759
936
657
846
179
736
354
499
149
333
345
887
991
818
893
810
705
391
873
319
377
90
280
898
563
959
202
399
281
713
678
438
703
312
319
370
177
595
431
600
767
868
0
336
83
746
950
985
648
157
792
420
445
753
682
334
460
963
727
711
3
787
644
283
803
212
830
599
485
755
452
298
431
534
605
550
778
512
289
951
952
688
938
623
133
170
184
611
343
660
271
169
565
10
594
941
618
116
14
912
301
248
365
865
983
290
495
715
875
268
276
281
495
705
224
609
756
675
88
621
81
758
578
790
586
908
113
338
436
932
702
208
838
444
838
109
755
593
54
952
175
695
255
252
248
542
36
859
990
606
432
787
462
901
308
289
376
355
27
637
774
482
773
340
518
569
725
590
742
948
796
70
577
527
676
107
829
522
63
116
913
790
718
198
681
116
43
126
690
242
720
769
560
306
297
846
435
666
937
884
18
650
579
580
903
578
551
543
749
574
726
870
77
157
160
715
192
240
591
408
887
927
972
865
247
211
874
70
848
638
786
127
12
795
188
70
130
353
876
837
664
967
45
966
987
394
222
369
178
686
755
597
52
822
908
625
492
151
582
425
487
445
699
50
794
554
999
907
420
20
557
760
979
669
560
307
715
575
131
345
901
503
234
114
478
705
232
334
734
888
617
831
628
496
379
501
320
830
258
312
887
521
966
25
756
986
613
510
857
955
161
985
133
379
703
206
756
268
660
671
576
971
712
476
72
188
98
281
454
207
943
922
489
375
151
592
117
255
273
360
563
408
331
547
309
74
659
185
855
984
103
145
790
330
400
220
500
548
898
936
678
569
487
265
870
545
332
342
509
244
812
798
192
690
384
873
558
736
254
729
66
527
274
584
288
381
272
835
655
603
303
315
802
307
4
34
60
216
515
175
792
970
681
950
670
274
731
988
376
294
623
61
835
762
31
711
108
759
105
978
193
832
841
502
540
620
910
386
177
990
279
376
374
882
495
618
356
385
76
6
455
721
263
424
754
303
263
149
65
120
69
92
426
881
360
440
439
818
485
786
505
469
396
39
790
954
202
691
657
412
825
611
862
717
789
567
874
640
813
91
927
914
785
192
231
346
412
913
718
23
626
248
890
957
354
154
746
227
216
901
198
439
561
217
536
441
869
576
763
816
194
336
384
648
976
430
812
919
395
997
128
864
655
46
471
404
858
354
619
135
767
870
190
989
116
890
568
993
32
632
814
246
67
33
911
15
285
578
441
216
288
232
353
971
683
132
101
323
877
596
95
148
211
475
208
205
273
15
583
767
504
389
418
212
962
576
148
154
354
538
61
641
934
680
82
375
575
450
87
657
164
393
789
726
804
412
309
524
985
280
690
648
352
382
410
362
843
255
91
690
271
290
221
168
725
282
93
578
617
128
912
173
709
810
195
976
336
797
255
622
433
681
4
203
992
447
265
711
616
240
697
36
553
995
159
782
548
947
231
191
508
403
458
131
276
324
203
239
355
151
299
797
386
169
175
47
792
920
19
523
225
431
12
835
981
176
491
326
668
538
616
708
67
761
620
27
423
548
797
529
810
397
706
755
861
979
598
430
275
844
104
889
900
741
464
779
463
744
755
164
432
430
861
377
199
396
4
741
348
390
495
895
448
125
772
705
98
507
610
825
34
822
322
722
499
506
803
252
525
679
748
440
73
241
499
656
783
817
648
54
116
289
838
256
34
105
12
643
879
133
950
327
355
551
150
311
500
685
37
66
216
999
969
652
590
176
102
859
522
716
644
387
799
740
908
615
640
552
435
143
243
738
486
397
11
62
510
189
680
242
143
886
629
920
169
128
177
909
51
450
590
231
569
759
819
370
882
93
300
211
225
910
972
290
445
927
95
851
613
522
99
773
127
668
225
232
488
31
663
315
755
856
559
295
990
82
536
653
756
715
877
236
704
104
543
764
194
618
260
120
921
751
61
566
485
818
82
958
494
474
766
634
852
325
723
364
753
940
3
406
67
867
594
181
812
3
85
294
340
310
389
204
314
879
549
960
716
732
237
120
979
294
348
984
139
138
990
759
719
145
956
264
179
512
799
806
120
337
569
128
397
9
714
170
760
632
697
634
959
595
302
538
127
99
690
579
787
670
343
908
626
108
492
878
878
371
552
816
115
783
296
150
996
844
407
187
281
180
830
56
213
828
120
29
449
843
711
465
867
489
179
574
322
976
928
645
19
846
243
148
591
680
376
763
262
109
88
237
837
5
87
216
622
159
434
56
771
539
204
757
327
95
440
618
403
269
616
36
599
728
929
953
741
663
88
610
589
940
574
175
992
529
191
102
365
599
718
538
672
584
269
193
637
563
560
794
352
291
774
950
839
452
387
563
798
541
883
90
304
769
874
628
357
903
536
610
139
721
158
762
789
940
469
367
818
811
790
973
605
739
511
558
695
232
124
296
959
749
327
888
104
647
591
713
573
3
356
982
751
329
53
567
416
808
36
228
370
272
946
956
358
832
506
446
70
48
113
578
893
485
992
911
780
151
924
120
981
475
446
292
685
512
11
733
243
629
32
254
134
949
376
367
436
221
970
199
358
881
849
643
277
396
906
945
160
173
380
158
721
334
178
198
231
69
674
803
724
515
104
913
41
369
376
148
309
631
813
895
801
397
195
248
323
675
413
665
236
986
223
423
82
194
593
278
804
911
171
62
697
98
573
850
374
214
907
771
431
516
357
175
278
752
981
332
953
467
548
95
24
289
114
632
989
669
828
744
134
320
519
659
741
814
445
564
471
350
597
34
200
232
914
125
417
72
377
391
331
995
262
985
981
522
267
353
965
44
2
442
82
531
743
259
7
255
498
385
159
238
222
50
758
476
146
619
32
847
728
767
692
454
460
360
496
179
118
420
796
459
698
132
399
792
687
360
961
37
494
116
88
25
939
205
168
873
167
116
136
550
494
500
383
851
901
977
426
232
843
501
895
78
83
309
266
341
474
669
8
478
196
755
949
783
555
496
14
613
467
349
507
273
179
703
320
773
237
571
737
571
560
242
227
220
454
357
754
459
231
812
214
189
568
985
799
337
861
421
356
612
599
953
381
982
749
805
988
606
675
487
699
20
988
742
640
997
215
800
454
857
26
963
477
747
696
256
689
436
406
954
334
220
999
711
733
316
484
967
539
417
496
626
728
656
547
329
728
827
280
278
763
12
319
48
838
870
303
357
171
828
26
957
105
87
454
993
110
869
207
527
117
675
867
131
373
412
964
269
397
887
424
979
247
385
776
161
123
225
555
89
4
449
250
428
133
113
720
289
953
925
135
652
153
442
288
881
739
396
497
553
250
220
729
687
349
743
127
243
627
708
215
871
254
366
255
594
577
380
383
339
766
532
616
883
464
878
594
828
450
855
748
601
262
621
754
856
528
899
965
11
730
821
129
50
880
102
152
629
428
399
182
344
830
600
208
628
537
969
186
138
21
782
478
773
949
38
621
479
642
968
823
520
385
313
216
100
232
980
625
592
82
223
816
599
78
404
655
589
934
940
747
497
767
992
16
136
195
472
211
687
216
827
317
36
674
544
65
832
721
279
566
95
310
560
499
537
453
775
950
894
512
487
942
77
467
76
371
241
701
149
528
104
980
760
474
882
355
803
529
993
150
364
743
47
146
114
694
223
23
248
956
435
412
89
540
141
950
250
698
493
749
284
587
97
4
306
36
110
130
229
725
36
337
507
185
53
846
413
913
7
201
108
207
211
669
117
563
967
178
940
195
319
803
316
893
537
449
272
97
870
587
540
410
109
770
762
679
172
403
438
147
378
335
187
196
775
246
713
804
256
573
152
101
891
976
978
183
3
209
945
177
30
225
60
499
588
984
386
704
795
751
166
988
364
612
583
997
385
728
750
86
305
640
801
789
21
233
388
315
784
329
231
678
275
594
473
841
587
452
567
165
935
932
982
315
260
842
221
571
256
1
613
838
896
34
12
744
23
23
15
678
795
634
228
486
162
656
350
811
851
314
513
539
346
693
498
228
239
984
280
872
640
144
788
896
975
685
601
565
641
230
358
57
756
145
16
677
36
360
533
156
698
865
242
393
91
149
745
505
843
980
922
328
639
138
411
180
237
633
616
897
974
123
383
69
601
449
402
705
939
278
919
403
877
690
351
252
475
479
320
902
93
914
126
223
172
105
57
418
948
262
378
98
779
344
31
304
67
742
836
194
61
192
696
963
7
184
773
724
797
30
145
221
407
990
622
451
390
465
556
636
493
75
130
383
970
959
247
895
211
293
458
286
550
893
392
863
559
313
330
477
993
116
227
315
83
121
256
682
354
476
872
549
632
953
771
595
908
990
873
668
255
520
595
34
430
738
503
359
410
144
613
407
58
926
709
692
913
69
426
206
425
639
422
856
907
353
804
131
6
172
863
910
273
536
43
387
732
198
489
481
850
198
449
171
986
33
63
385
399
445
265
267
424
881
341
280
268
485
50
206
360
479
677
137
295
623
970
601
999
762
385
652
213
699
953
694
515
176
886
354
520
684
541
725
210
600
70
910
395
716
422
80
208
644
364
592
477
403
401
441
163
658
882
136
448
31
669
10
387
763
912
54
201
261
650
457
694
255
489
890
672
543
161
53
389
559
167
139
665
656
788
99
573
880
261
784
851
30
866
445
68
51
180
819
378
954
360
37
902
974
251
307
90
110
690
575
953
175
6
345
224
575
63
577
133
646
129
954
834
189
20
248
392
388
212
302
419
868
406
427
714
882
774
149
654
291
638
57
596
812
951
175
858
802
949
995
835
837
43
192
173
143
82
217
555
697
490
756
50
332
563
912
474
22
244
61
405
762
127
587
510
196
110
801
314
710
452
55
247
302
129
129
578
19
154
337
726
197
670
5
97
698
273
307
891
288
533
450
152
280
531
950
57
655
724
428
300
250
711
264
930
864
436
633
42
729
848
550
595
660
20
866
542
827
711
424
520
668
242
317
461
548
769
469
291
588
613
202
330
681
968
347
804
785
876
746
736
394
859
74
582
902
28
495
82
578
193
729
675
218
999
484
77
817
656
52
597
925
100
62
366
545
982
602
502
707
913
566
304
233
518
747
795
815
878
358
580
466
39
489
600
794
142
534
872
340
80
180
45
538
106
949
656
610
639
805
732
353
473
558
217
475
407
739
588
500
851
547
24
34
564
754
296
110
167
803
827
956
707
838
426
80
369
497
409
44
593
229
136
520
784
109
770
55
536
268
572
780
89
372
574
468
908
477
740
168
128
245
527
739
540
63
850
110
993
627
169
151
981
432
528
897
801
810
498
111
216
921
816
557
573
312
684
430
524
187
242
183
415
937
938
175
449
507
480
216
340
649
850
484
245
732
712
240
317
573
562
229
368
920
390
856
740
212
819
276
31
209
818
381
353
374
595
979
853
450
822
740
72
692
595
643
726
684
937
796
999
562
436
986
662
513
291
605
778
893
775
669
717
332
947
44
56
892
271
180
49
455
578
400
915
313
320
218
677
156
486
320
605
782
565
53
128
725
712
6
482
81
803
966
628
308
793
815
536
741
936
123
818
503
968
736
46
756
734
982
823
239
424
272
778
943
979
796
829
26
166
745
889
613
822
291
932
631
38
953
121
164
494
415
152
267
365
657
728
543
833
257
634
825
230
573
935
658
667
639
448
852
939
21
679
813
307
172
814
947
286
628
739
963
687
5
79
908
747
513
659
615
746
10
997
68
397
321
110
214
352
974
190
422
844
318
497
676
782
566
968
375
924
738
314
166
842
57
417
368
93
866
188
490
421
126
355
701
600
167
497
562
419
415
513
988
149
822
428
976
434
45
267
676
204
986
75
137
888
606
686
347
965
759
553
613
132
255
914
3
954
12
563
130
337
443
446
64
753
177
793
692
980
380
260
523
718
541
944
727
553
407
74
711
246
314
53
726
302
40
445
417
887
837
602
461
876
279
85
498
840
15
416
464
88
355
615
468
390
496
357
61
274
620
751
31
832
660
701
88
747
587
521
267
956
93
891
977
855
602
461
39
64
658
652
143
641
926
652
949
881
628
236
400
314
433
719
893
148
318
139
304
937
661
963
128
38
75
452
526
663
853
689
86
74
83
662
145
568
718
651
738
373
268
683
363
169
167
10
465
681
905
543
853
882
464
638
183
741
153
186
659
108
416
587
395
666
201
468
52
108
511
321
401
514
43
54
30
109
706
887
461
255
570
320
661
968
553
955
219
245
41
901
832
208
991
222
990
874
82
891
789
886
819
260
760
396
642
428
879
94
882
32
734
285
660
288
106
302
418
588
694
624
352
505
128
991
157
442
170
584
188
724
41
13
617
267
359
567
611
253
298
906
16
880
742
702
12
396
897
665
137
351
880
10
321
300
727
913
990
505
190
765
782
937
935
328
434
789
180
128
5
693
373
973
799
720
11
360
676
418
889
320
257
348
27
805
49
77
223
600
968
989
334
972
827
581
573
216
563
413
479
240
650
418
858
468
520
366
326
569
560
644
352
693
741
707
248
693
830
62
847
498
912
709
995
312
515
292
290
66
171
231
98
501
923
540
753
831
196
11
7
121
128
911
637
431
558
374
552
710
845
857
888
82
149
527
74
561
103
580
852
670
731
423
668
944
480
139
267
321
220
810
941
113
740
899
361
370
173
24
443
376
36
990
549
78
369
697
172
271
229
25
246
565
178
634
967
873
219
691
606
605
578
662
720
63
901
851
345
951
972
592
704
644
675
349
27
861
335
885
704
198
601
864
908
276
372
540
55
320
565
158
569
759
168
216
258
779
730
353
515
446
450
296
938
409
959
464
615
471
900
418
137
219
954
816
803
929
936
999
515
777
262
825
364
977
619
350
898
449
18
392
384
865
916
707
71
170
401
599
289
226
402
339
31
679
545
744
622
285
106
943
955
409
436
179
633
888
936
856
694
429
444
509
933
596
719
352
891
192
677
6
270
633
855
421
358
450
805
248
518
725
3
312
375
750
14
354
201
900
725
943
694
318
831
473
171
793
567
431
953
703
55
972
674
424
526
463
34
868
229
454
463
771
892
418
345
916
619
629
813
213
784
303
581
85
968
723
416
504
22
301
90
970
370
683
45
309
452
937
125
705
165
812
948
34
536
421
68
356
47
904
524
238
128
871
522
195
788
765
123
327
205
75
139
772
57
391
313
8
61
403
919
903
220
570
337
326
480
542
401
247
652
70
623
656
491
265
470
652
242
228
46
388
929
895
333
43
815
581
979
125
999
325
876
761
823
380
450
990
995
907
214
833
782
769
46
386
800
549
727
873
464
695
616
850
645
986
660
771
522
301
96
951
127
704
36
889
146
623
951
658
936
640
116
627
719
933
130
640
140
729
812
146
400
323
55
477
774
990
483
171
432
249
407
236
545
518
195
528
34
641
904
889
786
471
402
938
384
85
99
354
929
228
118
642
803
818
624
742
63
428
199
811
997
346
663
863
428
927
595
396
296
588
876
349
625
138
953
439
208
782
949
242
949
395
560
397
920
604
418
935
594
294
222
423
304
699
471
39
486
599
220
368
881
14
48
176
750
431
908
126
826
988
370
667
619
376
12
157
330
659
769
449
578
900
170
858
587
265
269
640
921
19
854
914
960
598
507
36
107
988
511
716
889
345
84
161
356
563
599
763
795
193
413
116
956
491
56
827
317
324
984
772
959
984
431
687
238
625
513
284
669
804
474
319
655
719
147
692
194
878
587
158
109
193
644
660
70
511
757
964
797
168
60
377
349
794
364
494
54
571
373
170
62
430
413
693
898
113
490
793
248
269
207
429
701
443
417
258
122
271
0
815
712
185
630
754
391
61
951
136
463
163
989
183
707
167
380
199
965
469
463
563
536
48
242
994
879
53
954
224
620
415
910
69
474
294
15
496
853
107
928
895
907
404
417
507
881
718
637
395
161
503
329
276
996
542
582
548
363
481
697
238
117
818
300
525
837
428
847
648
498
278
695
839
759
940
182
853
970
574
202
61
80
854
441
753
13
123
859
740
790
550
200
324
336
314
143
266
92
852
37
777
623
489
831
494
95
684
875
602
541
276
393
540
117
160
244
378
684
543
904
597
851
26
565
937
479
879
35
394
548
249
302
430
631
420
202
884
391
460
767
57
272
941
632
494
27
221
712
309
223
270
240
45
729
789
335
364
281
109
375
83
912
4
653
64
955
563
499
217
752
145
186
582
861
848
649
405
390
500
789
38
207
394
590
500
873
5
563
591
553
431
180
545
363
374
4
902
809
465
73
865
619
76
678
832
912
987
23
299
953
91
637
978
813
974
599
992
741
276
352
78
834
127
657
38
80
529
80
689
4
364
103
303
772
251
926
323
249
927
919
383
439
955
167
551
214
540
253
444
267
541
634
636
525
121
109
206
28
117
677
672
650
450
260
275
42
352
95
482
343
862
821
815
597
259
610
647
242
505
270
339
781
5
396
162
413
362
864
769
771
80
838
239
661
678
312
554
51
463
721
192
693
8
763
804
77
250
193
382
942
437
509
743
321
194
951
260
148
925
289
116
283
186
373
695
547
77
259
232
759
715
970
991
781
928
297
553
472
837
85
972
484
263
574
971
983
622
699
216
650
360
158
752
748
608
422
236
236
397
233
445
556
596
77
390
44
874
472
883
430
910
646
97
266
30
129
168
767
451
262
741
896
283
707
204
212
62
988
750
909
257
648
512
500
981
950
115
970
81
496
702
485
296
859
703
646
492
797
663
669
635
142
203
652
469
917
215
665
49
244
21
516
188
83
274
402
445
345
358
524
147
89
691
23
26
114
23
314
11
641
266
886
901
674
37
670
578
604
953
5
22
356
99
154
822
85
715
740
432
112
261
960
889
792
610
645
519
450
888
504
386
764
8
869
390
868
764
735
380
241
491
109
804
521
221
699
784
48
509
466
872
774
57
512
627
638
531
94
655
546
102
577
554
62
374
715
808
660
136
201
48
424
263
244
716
103
885
494
545
253
328
5
489
321
553
896
577
675
402
348
682
976
322
495
357
360
463
277
830
680
48
861
788
547
622
91
283
966
805
242
226
361
458
492
477
676
597
489
755
904
39
25
519
751
810
600
374
801
751
322
686
504
318
951
948
3
94
839
88
978
847
983
3
914
987
562
397
364
378
295
792
138
645
418
971
359
352
946
947
804
142
668
707
82
783
646
487
997
79
609
443
551
666
491
98
215
280
912
188
348
849
626
548
637
59
655
979
255
67
468
405
771
615
509
164
376
617
725
668
136
314
781
333
958
603
218
622
38
478
122
97
267
427
599
420
383
514
427
836
686
423
766
799
55
30
130
28
833
993
436
456
156
971
11
504
227
402
104
803
621
54
553
825
303
459
707
408
156
857
591
239
413
822
942
404
124
783
66
232
114
909
779
363
961
862
444
499
641
48
505
559
23
808
742
769
419
398
451
774
875
952
263
161
601
646
997
611
915
487
213
63
530
224
520
966
867
464
597
222
547
485
276
335
956
279
412
637
548
592
749
862
723
188
608
593
391
180
994
956
676
549
974
359
197
867
358
865
273
208
183
966
932
788
15
702
419
20
101
223
349
408
53
685
725
248
521
737
242
586
938
292
297
731
898
968
772
267
64
527
671
885
744
490
545
149
364
104
777
220
490
735
652
806
507
859
715
597
460
360
658
708
598
985
952
808
747
876
867
221
517
226
842
563
844
433
294
381
632
450
795
971
225
900
240
714
606
563
953
61
885
489
883
867
782
222
795
653
966
569
951
342
298
313
965
242
827
792
838
270
741
724
404
846
734
350
167
5
695
372
606
339
229
467
180
548
26
785
410
751
383
352
190
547
140
316
928
955
104
830
46
717
503
716
523
103
559
114
623
204
247
234
277
494
922
717
395
953
252
127
156
857
289
586
264
543
757
283
129
990
293
277
580
284
688
485
782
784
193
925
832
687
57
833
638
489
83
757
927
128
77
291
44
900
958
630
902
698
271
421
488
288
338
918
417
461
625
110
565
277
912
191
399
339
557
37
378
692
327
593
430
896
814
971
292
896
986
36
667
737
836
489
527
871
193
400
184
616
78
837
734
211
188
187
417
606
340
584
185
148
796
840
576
802
975
582
672
607
98
612
157
844
863
5
126
626
910
760
636
536
795
203
825
471
511
471
396
415
338
920
625
447
329
94
831
129
255
980
205
73
899
449
48
640
955
194
442
102
624
518
613
104
965
688
50
424
379
565
931
367
300
78
97
467
798
460
401
721
11
419
408
50
689
878
358
179
506
701
256
73
669
232
955
275
424
472
82
513
525
856
713
126
838
490
840
703
864
578
803
655
94
533
178
261
459
22
617
675
313
602
540
191
133
568
530
339
566
823
33
105
140
426
617
769
484
274
648
64
384
401
403
115
262
338
68
907
721
818
472
891
274
964
774
30
379
269
20
942
450
889
922
173
499
129
338
674
697
4
101
711
659
865
375
781
4
890
258
303
887
718
543
841
93
800
262
726
685
367
395
795
722
471
339
164
736
130
858
670
458
938
390
768
862
627
993
485
172
828
752
811
568
938
539
984
384
987
52
655
731
549
668
900
403
335
692
230
377
466
490
501
597
695
130
328
951
830
829
633
89
565
136
992
810
100
553
292
977
311
502
266
830
750
354
399
464
477
974
322
212
886
367
564
774
912
997
72
856
342
495
512
324
783
276
444
37
890
491
426
248
279
889
634
347
396
301
997
152
851
825
131
98
640
868
413
409
880
891
841
738
220
976
885
619
593
257
304
191
121
945
89
109
448
947
386
56
766
914
113
566
817
443
890
351
789
339
213
972
452
598
422
811
683
591
272
190
398
750
589
129
234
1
705
139
18
561
238
657
402
799
640
29
560
993
813
644
635
574
966
401
888
959
314
518
321
486
567
873
956
130
458
424
133
599
903
799
853
590
935
733
819
878
10
431
353
262
126
456
709
215
934
142
698
651
727
417
290
46
355
713
95
87
436
451
173
248
839
865
539
221
799
765
356
178
258
46
35
642
169
182
755
843
610
816
512
37
86
717
837
238
994
221
457
875
649
708
560
190
981
736
915
494
762
425
216
406
61
61
875
610
507
219
448
159
300
825
616
70
88
34
113
51
227
216
790
571
172
531
563
992
987
125
402
999
974
556
81
61
18
529
486
927
896
490
308
675
638
755
95
109
574
137
960
614
565
597
958
721
353
605
717
509
642
591
598
775
238
705
205
962
307
816
959
224
222
494
792
246
6
390
995
256
244
903
499
520
226
304
251
174
15
475
917
540
587
606
694
927
115
548
952
351
537
34
530
1
580
810
358
76
707
668
134
245
991
648
31
48
4
418
266
814
276
291
207
475
964
523
30
514
324
855
243
611
594
616
980
126
591
650
190
198
52
611
267
972
638
185
101
760
720
491
693
116
248
320
804
286
601
481
72
42
403
253
23
179
431
92
360
235
699
3
19
424
112
222
515
598
639
245
608
509
373
478
725
147
326
416
535
995
531
390
395
712
788
38
562
35
62
641
93
981
723
935
527
311
857
856
738
678
260
965
861
735
129
765
649
778
40
159
131
150
601
78
602
54
318
338
449
193
50
7
376
198
944
985
805
837
276
233
613
108
940
218
768
707
232
163
657
360
976
217
263
618
697
11
427
791
908
17
398
151
237
190
384
364
781
947
474
599
688
632
665
279
441
67
502
453
229
803
0
444
389
282
303
939
669
481
552
736
406
97
620
974
816
247
719
109
953
602
953
303
779
579
728
917
338
223
424
624
195
665
980
485
799
520
769
699
774
881
801
168
811
769
531
785
918
411
956
660
845
361
418
121
320
167
750
304
985
862
824
714
485
749
445
299
247
452
605
246
570
57
107
574
567
793
670
724
631
884
67
397
655
507
125
85
179
371
497
902
257
91
961
841
341
938
529
66
869
605
312
562
48
610
803
404
807
218
81
219
568
41
248
777
709
528
302
366
21
294
419
935
234
896
854
746
232
374
835
756
361
686
205
273
336
784
129
194
739
342
878
313
65
561
712
298
317
208
311
395
486
270
38
340
372
373
278
180
750
339
248
869
53
728
407
665
578
216
519
563
835
960
954
338
233
219
168
135
726
841
773
705
41
321
628
992
590
705
862
518
446
909
950
774
487
306
642
791
394
98
66
728
911
179
541
439
6
476
53
815
144
567
209
889
797
852
982
148
749
197
905
96
415
704
21
921
27
290
447
25
95
98
148
126
967
392
644
504
949
695
279
716
434
128
116
937
215
540
391
590
709
728
195
678
243
411
899
77
60
585
482
259
224
640
831
715
256
911
365
842
131
838
833
897
399
952
754
936
655
556
360
32
176
990
235
645
154
749
187
818
289
434
734
307
9
707
211
147
701
345
661
517
704
851
617
711
711
206
928
463
126
255
176
313
423
769
48
900
190
20
72
139
954
357
965
754
925
385
831
986
413
791
120
776
559
505
748
785
961
493
265
483
384
917
119
961
871
854
486
341
825
764
451
731
371
831
488
202
437
992
452
602
59
629
116
439
748
958
707
631
428
509
769
12
235
398
382
659
816
743
643
468
873
911
794
17
550
994
906
729
329
966
773
643
993
996
102
631
782
879
472
16
411
258
321
205
106
575
719
804
83
832
886
583
640
921
297
985
730
657
775
495
423
593
940
717
990
530
698
502
628
918
431
579
755
742
78
929
914
67
497
199
901
184
4
267
679
422
525
290
62
652
681
630
313
244
375
863
128
593
75
603
773
252
485
779
808
898
265
718
624
321
63
551
631
183
867
339
414
463
218
55
436
288
550
136
458
508
656
562
230
577
693
466
385
495
269
856
413
980
272
559
830
903
216
310
925
902
518
28
506
645
501
921
274
461
386
140
606
118
97
778
797
493
253
552
109
376
751
838
386
627
229
65
694
146
624
257
276
201
806
216
72
745
265
392
856
21
793
228
873
282
179
964
107
675
485
201
426
495
842
93
867
794
771
377
374
318
248
876
322
538
374
863
595
465
461
779
438
157
187
647
602
683
291
693
56
631
732
695
540
513
286
140
743
918
923
947
598
139
935
789
979
590
675
349
162
899
652
160
890
744
321
10
492
820
736
629
862
530
825
325
765
708
695
925
910
963
647
232
448
763
998
374
869
327
85
845
512
312
601
694
847
197
520
82
393
87
996
149
776
281
939
559
93
526
521
378
626
727
384
972
60
636
188
809
543
155
137
980
147
530
86
608
852
748
686
794
551
874
780
206
948
312
473
36
838
842
108
313
927
153
866
72
952
848
910
609
496
894
198
314
717
575
947
965
663
39
836
883
655
550
375
257
191
782
440
542
941
966
641
448
638
804
556
698
766
938
262
746
24
214
490
942
840
594
889
526
992
228
133
39
888
400
146
481
517
177
159
273
619
894
988
253
140
94
124
710
697
676
253
110
109
584
501
21
39
454
652
789
827
647
538
908
887
236
583
400
751
172
841
53
253
195
366
37
247
132
298
787
527
101
413
32
674
129
118
273
53
799
576
195
273
616
646
179
902
391
420
418
147
374
885
974
782
455
98
433
314
266
259
357
406
302
257
354
351
62
652
862
896
837
127
694
384
653
494
643
745
743
152
50
336
179
389
509
561
698
13
874
171
337
654
173
86
76
824
436
55
160
4
176
114
645
64
523
135
576
623
621
218
68
588
991
395
375
455
989
696
42
38
798
509
690
436
265
336
974
492
257
604
680
970
864
663
384
706
138
549
169
413
416
992
122
190
271
876
832
840
847
630
141
743
596
708
67
399
966
171
465
167
377
663
429
301
725
42
922
118
737
625
213
369
47
23
807
247
318
198
589
460
290
310
61
432
228
441
85
346
889
560
307
556
568
0
987
246
128
121
417
451
82
10
491
789
373
283
647
418
175
354
144
3
846
204
413
887
803
531
540
422
68
568
275
239
729
265
653
168
183
942
132
857
743
274
668
851
862
324
26
785
458
163
117
477
906
737
264
187
122
118
590
589
82
608
707
546
807
913
462
141
988
420
815
129
558
361
964
493
383
714
678
22
977
166
898
207
40
199
365
726
958
240
661
613
307
783
177
832
138
497
227
344
325
372
436
18
955
739
149
747
665
482
59
450
889
521
978
304
318
261
448
265
563
9
879
174
771
910
376
323
752
433
614
12
117
920
914
758
688
552
206
843
818
695
253
125
878
852
523
847
579
812
988
288
164
197
86
931
359
611
792
735
522
626
815
657
37
58
45
944
401
431
256
452
393
504
75
157
601
373
483
436
593
668
475
205
736
262
599
543
979
486
611
59
736
736
996
695
351
154
541
382
454
953
318
548
406
714
168
859
689
807
655
63
203
254
628
633
921
341
689
220
413
844
73
620
993
500
509
359
739
870
757
888
867
748
278
465
351
208
361
269
784
632
296
126
782
958
475
694
752
703
209
739
769
927
648
603
850
793
98
744
141
913
970
887
701
18
549
0
476
371
879
950
596
749
776
950
98
929
895
106
83
109
244
571
236
248
125
520
856
876
371
925
786
745
249
303
244
311
380
945
319
366
568
961
184
832
359
448
532
426
722
708
602
253
689
19
123
889
199
199
285
884
532
762
235
348
800
424
690
889
236
573
455
476
150
220
993
60
182
280
808
27
595
554
453
187
549
487
502
742
760
925
974
766
310
782
981
717
150
145
727
233
289
562
650
185
524
80
342
18
499
866
123
278
566
299
176
526
607
557
266
324
859
538
937
172
8
825
895
793
365
669
370
118
235
636
24
684
72
853
980
848
874
994
753
871
483
617
543
649
649
62
460
367
539
315
491
911
196
3
835
527
603
891
833
408
904
910
485
374
18
824
374
265
225
99
64
589
11
201
402
726
523
63
462
935
128
830
856
25
517
540
625
729
977
310
379
28
22
370
156
689
485
372
824
712
115
953
790
486
422
244
465
777
332
745
809
789
264
329
731
93
426
938
238
341
680
93
511
145
159
812
369
412
814
709
312
168
239
170
105
502
469
825
670
994
117
817
376
586
60
959
349
813
296
956
834
667
677
497
861
997
777
404
513
873
307
635
659
936
654
990
536
829
179
653
548
657
822
389
531
556
423
37
846
619
857
450
483
216
848
696
238
394
629
570
312
456
948
775
322
81
94
400
900
32
812
245
980
141
798
192
722
901
566
606
853
566
371
993
211
468
208
809
515
189
306
610
414
828
583
48
513
207
297
569
263
553
645
634
152
320
370
537
444
138
733
142
895
125
776
199
140
605
608
226
198
336
875
104
293
722
703
44
710
518
994
11
662
390
572
268
499
591
875
188
256
801
400
928
725
805
221
424
186
151
253
440
789
866
415
756
533
35
383
660
927
57
952
485
164
558
669
404
567
161
373
351
554
397
647
516
556
218
808
639
832
145
109
60
119
745
294
77
507
406
557
810
426
262
587
877
871
178
853
814
193
371
776
197
970
249
486
370
164
874
511
66
179
128
105
820
701
9
48
520
123
215
900
991
909
928
620
37
998
509
764
716
783
536
952
810
700
348
953
505
436
958
803
479
55
302
82
743
994
628
770
904
980
68
475
605
52
291
882
578
338
852
115
903
138
276
434
756
709
474
173
297
956
594
441
294
956
89
343
428
167
956
452
229
256
799
292
446
781
37
40
338
10
931
406
241
888
654
493
168
732
613
67
404
753
474
439
584
590
738
448
310
354
396
109
18
471
262
805
152
864
742
851
918
305
80
536
240
617
555
574
121
194
925
859
770
223
848
738
182
953
848
686
911
323
178
114
660
774
205
136
482
925
561
865
903
62
173
379
290
703
195
698
895
531
619
800
953
55
182
541
259
183
778
883
811
446
563
284
458
77
719
321
727
528
403
419
352
159
49
815
369
266
499
373
453
443
754
643
866
501
528
721
507
338
266
146
126
426
806
230
435
372
658
964
857
38
298
594
97
360
577
737
632
941
302
687
185
57
542
247
426
34
588
218
715
277
185
696
473
744
862
122
390
703
238
329
725
354
753
269
616
974
107
709
995
45
298
754
209
976
60
797
488
779
102
727
731
583
221
108
857
987
60
865
719
6
555
684
507
642
662
847
794
751
186
695
932
191
238
523
372
839
947
143
512
115
897
212
133
435
415
939
169
282
502
445
760
992
635
812
787
552
424
359
433
159
566
449
563
276
567
249
709
314
302
22
655
859
886
974
436
772
165
996
982
668
953
530
855
205
341
497
388
528
950
550
953
489
792
410
801
793
255
867
9
53
923
666
899
610
143
765
447
681
648
365
548
379
399
48
216
775
861
217
737
643
601
205
100
783
579
75
481
323
163
808
669
682
344
483
335
468
524
72
323
59
68
896
803
952
314
337
949
790
587
76
789
808
86
749
853
439
256
855
439
398
602
39
76
921
62
938
585
323
990
37
744
631
796
772
386
751
964
413
933
93
568
684
15
728
221
972
775
687
710
518
331
561
271
34
885
435
858
348
955
644
209
473
742
784
55
162
333
341
329
301
818
652
859
119
268
313
115
519
92
188
924
932
350
868
139
65
715
407
529
751
229
808
558
715
696
681
352
250
849
815
889
712
66
668
333
955
11
548
291
160
553
26
17
123
984
384
818
365
907
432
238
406
810
276
324
897
800
271
121
572
856
659
206
858
983
271
151
108
602
816
701
137
699
423
639
942
400
553
297
34
640
140
346
619
460
690
936
560
881
210
885
664
994
947
811
782
774
972
339
362
535
497
416
608
788
758
74
109
346
506
719
757
129
186
849
937
512
344
704
984
97
656
374
992
512
122
5
273
580
287
685
765
537
258
580
336
721
477
38
759
94
421
594
61
274
703
393
456
574
563
840
709
886
464
550
881
765
461
882
597
357
617
150
881
487
804
293
349
805
857
152
399
113
85
188
967
771
805
224
11
10
627
569
617
240
62
502
856
830
469
543
474
480
59
466
747
891
284
790
101
497
933
227
228
176
643
855
299
787
486
717
135
877
773
875
749
950
446
333
686
780
178
716
440
935
600
703
158
331
945
699
402
865
598
210
722
200
185
170
860
807
75
490
326
468
469
37
405
356
716
902
23
305
413
653
815
179
212
821
15
138
64
12
498
307
771
707
254
114
121
837
999
59
828
85
190
944
476
990
214
962
364
442
839
541
869
622
621
579
38
205
107
815
129
799
931
406
242
313
395
566
350
208
663
236
965
662
57
264
282
78
877
683
566
865
358
449
3
821
622
289
931
281
203
781
601
903
677
348
123
296
52
257
995
486
798
50
550
726
709
901
895
854
287
527
266
784
85
194
528
271
109
268
203
73
697
675
396
648
891
228
831
511
536
119
805
467
262
626
394
491
160
668
843
384
474
455
980
640
454
474
499
313
663
471
396
976
562
430
774
52
193
395
608
728
758
798
551
415
116
574
374
525
186
765
516
723
939
269
29
246
120
56
181
184
704
499
832
957
30
920
161
334
779
113
633
540
404
364
950
248
169
220
601
365
886
267
888
376
206
87
432
829
272
970
454
76
832
625
992
691
113
696
563
334
753
755
273
830
509
397
784
548
855
674
21
379
236
162
87
914
464
236
194
302
223
742
453
807
968
334
634
757
734
436
605
701
693
29
618
715
932
400
792
772
419
782
914
908
94
264
55
554
224
11
549
686
445
676
876
517
556
945
443
942
402
507
243
643
652
130
970
563
66
706
313
129
282
918
610
292
122
68
224
527
141
127
230
602
50
200
10
51
371
756
474
224
941
546
788
851
307
36
773
357
334
791
171
516
15
775
735
271
651
843
541
258
966
611
182
893
101
980
278
322
975
363
580
178
983
777
896
659
82
973
472
543
256
338
460
554
591
523
147
482
361
46
120
189
675
667
432
256
444
3
659
761
481
375
540
953
259
728
900
259
772
526
736
916
962
518
184
172
193
595
470
744
149
638
836
943
521
285
786
123
817
519
203
253
766
952
595
763
675
743
401
496
249
665
215
312
506
573
379
782
924
527
985
352
246
545
751
953
148
829
533
926
679
160
532
637
346
363
476
375
851
969
985
774
262
130
400
774
315
180
839
456
812
771
261
725
623
662
312
743
543
136
797
527
107
236
239
585
332
721
420
23
198
669
573
7
49
533
374
929
331
362
12
474
251
815
460
25
335
421
781
272
947
254
790
335
681
748
545
516
792
917
392
34
652
294
617
362
389
629
365
402
554
513
591
96
762
714
974
920
183
514
838
538
594
952
660
904
41
125
970
375
232
172
685
186
117
161
53
666
114
178
934
390
194
74
579
430
705
225
92
605
693
786
388
21
941
504
408
178
863
822
988
576
435
57
743
988
801
729
314
63
212
31
997
986
736
868
489
339
425
538
300
58
468
147
22
968
742
947
975
83
423
130
876
108
992
32
786
538
222
267
786
966
412
338
433
742
887
119
390
224
686
955
185
842
794
99
855
355
170
131
621
541
385
308
577
213
666
394
667
123
689
380
84
33
13
232
191
208
560
455
177
519
913
507
230
11
828
328
187
881
489
21
639
350
457
618
573
140
298
694
599
525
502
577
121
195
56
79
78
469
104
787
43
709
960
2
789
296
358
989
565
527
452
612
610
955
792
889
481
269
151
733
933
995
480
89
769
699
154
289
691
796
647
839
362
811
386
373
69
635
66
501
510
195
535
129
901
445
628
38
39
955
48
865
32
663
965
111
475
20
694
820
870
347
447
367
597
520
235
235
291
340
584
62
629
176
290
538
156
881
897
400
528
354
722
679
901
864
958
81
783
103
577
362
292
447
570
203
481
200
297
402
440
20
190
64
434
650
295
744
535
753
56
927
60
474
873
252
680
777
814
754
741
221
644
198
89
338
499
989
775
370
599
261
22
899
840
498
778
710
297
994
643
89
319
655
127
564
992
517
320
984
572
321
14
307
702
691
565
733
818
799
804
433
777
76
374
224
718
808
862
786
353
244
743
693
518
709
399
544
303
671
920
565
934
985
699
831
608
368
496
525
612
823
369
134
980
101
953
310
999
355
133
318
951
48
558
711
351
785
128
11
44
278
943
689
376
723
499
274
59
581
713
362
385
395
784
968
26
702
399
920
975
261
251
427
164
235
439
984
280
186
666
107
583
13
755
777
135
502
517
543
150
889
923
436
183
831
553
760
106
581
937
74
54
93
534
343
226
874
163
291
662
600
395
469
795
473
201
332
289
3
411
789
304
816
126
741
259
246
775
861
882
86
373
402
122
537
489
585
587
925
484
897
60
600
997
99
357
411
36
531
974
160
610
446
548
565
551
616
116
905
451
434
54
659
733
635
939
405
37
127
851
513
562
549
438
719
143
715
435
601
911
590
312
498
762
250
529
823
370
176
426
98
466
72
537
32
607
849
650
618
226
50
969
427
671
438
538
48
985
910
786
257
890
849
998
270
717
250
28
613
185
876
38
943
608
368
486
95
255
833
583
384
429
126
583
902
291
111
222
420
394
456
414
100
985
663
653
100
500
304
36
63
665
703
794
506
228
655
979
889
893
854
485
661
673
799
372
980
631
262
504
815
461
817
555
236
182
999
784
470
416
831
505
401
550
761
727
156
99
753
209
844
795
294
167
919
563
426
169
27
802
53
326
581
937
319
817
985
303
121
947
360
191
491
266
353
416
646
435
592
598
978
516
19
499
576
729
128
166
534
781
718
833
924
764
136
461
76
119
26
641
664
917
668
449
588
217
895
786
503
12
954
778
641
738
650
658
161
40
271
258
509
82
918
344
519
699
896
512
619
154
341
348
334
285
4
184
633
127
348
426
121
247
775
256
589
256
81
521
980
789
836
966
89
974
597
726
642
888
442
585
878
666
48
850
505
240
810
919
295
702
649
572
495
897
204
935
56
142
205
872
561
54
687
117
7
322
687
716
980
457
98
393
817
640
314
760
264
511
944
731
176
756
241
799
429
575
717
666
744
824
837
248
58
742
989
119
516
215
368
50
521
291
318
787
191
216
854
41
644
406
249
514
650
323
746
955
769
521
573
157
81
554
292
771
279
289
305
90
964
476
18
677
291
15
892
556
571
230
791
302
369
807
390
57
488
177
654
254
16
180
846
228
953
868
717
430
733
888
444
549
802
974
228
152
116
374
471
762
264
566
679
557
267
686
188
464
106
47
719
461
834
277
578
274
83
877
358
370
975
516
314
861
432
341
840
393
630
997
703
265
153
950
315
128
913
400
884
977
98
317
115
244
856
543
396
958
690
893
867
291
136
290
206
92
265
666
124
76
64
745
434
705
646
960
603
102
105
73
943
32
188
720
16
250
39
876
598
678
659
106
215
654
43
215
608
331
229
249
88
467
562
830
930
773
236
324
324
695
971
650
935
61
273
378
22
109
111
339
825
170
58
58
940
188
926
691
82
883
584
225
455
440
911
293
565
72
205
780
952
473
508
121
126
619
18
11
373
257
289
709
257
524
576
231
289
658
369
954
818
739
835
352
895
206
497
455
463
904
651
785
408
850
644
122
774
676
880
168
815
788
743
245
300
735
149
400
409
716
473
557
355
106
58
640
747
617
295
251
191
485
263
833
426
944
687
833
955
298
611
214
177
138
259
56
722
588
492
51
993
757
791
895
341
871
974
880
468
21
48
605
458
740
347
352
202
605
792
122
339
964
694
301
797
955
694
760
574
948
401
823
881
226
183
974
808
55
477
844
967
686
192
291
609
352
415
355
450
78
623
670
553
370
693
451
531
594
666
194
325
933
803
512
900
553
685
902
981
288
705
277
55
179
846
689
622
667
258
730
580
564
430
109
823
532
923
761
405
262
385
473
12
896
39
663
167
117
2
949
830
544
381
807
168
681
78
873
595
539
742
824
368
352
862
108
338
313
432
476
495
502
727
98
439
629
577
140
351
600
392
698
985
251
619
215
920
635
911
984
829
679
354
548
939
258
110
495
68
900
184
338
547
268
55
578
223
411
132
670
459
854
304
481
114
135
909
358
143
460
468
985
113
74
332
487
901
290
845
361
37
872
219
827
296
383
389
16
69
559
576
379
891
534
533
600
427
495
924
128
41
826
244
256
449
292
520
660
530
474
832
575
832
115
317
877
489
640
806
460
27
288
124
620
397
938
830
737
804
596
80
68
62
46
580
938
282
774
33
770
166
59
181
735
15
661
801
874
404
350
187
516
514
747
900
193
524
960
490
21
728
559
177
366
202
573
367
623
134
743
283
864
666
177
766
345
481
296
270
681
652
447
479
298
90
202
728
981
620
787
477
641
279
949
979
351
465
186
741
580
635
852
412
230
604
863
745
179
143
769
177
593
974
185
186
491
878
804
504
973
589
114
556
365
541
806
568
536
312
603
407
794
928
372
183
953
369
635
265
466
14
188
321
867
167
479
368
671
435
408
652
789
551
139
332
903
967
6
590
642
887
520
522
530
804
67
69
511
184
180
613
376
527
183
912
446
695
648
362
105
704
751
640
464
268
157
854
205
221
781
471
943
911
365
116
577
56
798
270
134
836
557
647
723
288
356
518
77
827
528
557
714
595
400
928
659
164
863
37
606
425
434
801
751
479
735
437
417
962
825
386
285
664
881
646
313
278
961
27
524
828
358
308
672
111
988
60
204
210
289
60
586
555
122
46
217
966
354
909
699
898
294
371
63
67
759
205
631
380
66
22
411
361
971
485
668
726
964
91
431
365
982
353
805
159
481
328
465
310
591
917
634
341
59
479
937
137
294
952
210
575
109
993
362
907
111
653
396
137
563
656
548
993
831
638
984
730
662
421
42
55
926
80
110
308
152
58
434
869
428
416
430
595
194
949
976
227
66
104
531
357
837
621
260
123
545
900
378
395
386
21
321
501
941
165
528
825
791
729
964
164
258
276
727
996
506
842
291
931
756
571
929
931
446
412
915
797
849
194
347
908
125
454
358
646
497
486
998
212
12
936
273
127
290
485
12
157
466
967
887
902
742
830
290
223
352
595
356
324
249
763
251
58
43
4
660
670
588
644
312
446
275
365
73
976
366
815
164
479
729
782
871
923
472
521
921
402
190
733
188
475
860
842
718
309
601
18
460
989
79
86
523
948
80
225
572
766
481
737
530
781
393
538
427
153
649
19
66
262
96
3
770
86
557
907
965
836
611
364
506
57
40
791
678
42
293
220
858
657
170
377
360
496
595
293
888
919
953
593
342
275
732
295
668
815
693
723
534
22
515
676
280
551
413
245
539
621
352
561
331
801
620
769
921
640
370
7
637
192
219
247
141
101
105
110
750
701
129
191
0
134
23
590
135
582
825
118
195
686
817
992
912
639
297
337
669
391
133
740
163
943
851
801
98
901
59
458
125
517
95
620
783
374
594
84
695
753
549
589
153
458
372
326
582
183
523
149
363
235
718
815
756
204
460
380
813
698
241
242
925
539
47
536
522
702
405
835
437
268
954
10
515
762
404
851
287
445
540
867
772
901
975
674
504
922
141
89
431
649
681
507
290
508
937
621
994
660
561
425
977
843
386
115
434
216
56
75
360
648
640
895
95
557
125
201
830
884
0
500
301
421
926
595
133
533
624
74
678
436
601
93
108
452
914
772
236
589
784
710
961
334
578
337
125
312
254
114
237
255
757
332
730
210
401
956
166
687
629
461
236
234
44
877
99
355
765
37
452
877
337
975
23
77
688
645
45
822
73
19
350
350
964
439
556
326
832
432
699
685
608
862
557
811
578
284
381
536
546
52
785
455
575
606
555
851
847
889
436
10
78
901
994
313
883
674
175
446
4
678
482
133
23
729
37
110
450
527
280
726
926
849
560
970
225
12
701
655
95
917
936
106
426
419
510
317
990
976
325
78
164
29
386
286
496
551
865
115
125
294
627
631
902
101
160
724
747
3
297
553
561
902
7
22
647
38
844
665
236
172
177
207
763
488
301
684
820
152
721
961
803
651
568
209
881
322
553
659
381
160
807
935
742
431
413
193
181
135
235
736
456
703
498
871
707
401
214
684
934
654
587
143
789
570
549
410
129
184
242
229
18
775
91
224
557
661
963
244
352
854
565
611
870
561
360
615
274
144
713
387
994
667
946
207
666
312
251
256
623
191
547
246
825
592
684
134
315
324
332
602
426
180
128
825
263
309
993
369
534
855
225
486
818
67
248
629
543
995
475
304
751
956
448
24
418
801
713
265
855
27
720
408
975
298
137
287
756
227
403
53
700
676
125
146
595
779
731
402
60
86
322
661
457
969
500
375
375
320
807
669
114
108
861
947
537
877
565
823
135
649
515
734
195
921
423
779
261
160
595
312
548
310
527
281
548
68
778
985
633
647
48
490
980
207
763
569
460
936
947
979
527
328
376
349
159
106
272
177
966
262
989
220
939
481
570
317
693
452
851
783
713
561
669
135
579
831
808
391
561
958
296
407
62
362
985
661
676
723
540
317
987
663
631
768
298
651
755
240
715
957
600
928
272
313
162
884
777
370
753
786
192
726
24
61
751
474
719
199
412
289
74
875
180
143
321
433
566
724
453
168
406
681
563
169
153
517
83
520
144
413
324
322
740
680
376
251
678
738
484
245
744
107
492
794
125
53
692
944
393
859
732
147
893
398
727
198
239
799
16
245
97
470
675
978
788
313
721
638
733
418
429
415
473
412
624
876
981
543
5
658
183
918
646
559
454
356
83
783
250
900
454
59
33
267
236
686
873
804
584
925
352
736
246
319
838
801
652
131
753
650
478
77
681
543
590
135
352
576
675
971
309
208
990
449
400
679
483
742
240
698
635
385
408
709
56
221
895
839
453
911
35
733
7
186
744
476
536
912
676
624
527
593
123
980
409
820
541
723
777
250
110
340
145
729
174
373
583
879
705
534
912
629
71
621
67
719
139
755
26
663
51
284
527
481
775
591
309
846
926
580
182
221
418
175
73
400
192
304
141
695
862
869
884
98
738
815
705
755
805
72
470
428
317
494
690
274
534
321
773
432
519
386
895
199
600
925
608
491
509
548
191
78
45
218
220
601
608
488
508
287
131
650
758
650
993
675
556
951
127
679
965
523
411
251
218
592
986
487
266
152
297
485
12
744
88
77
843
897
405
621
638
760
811
278
690
363
52
329
81
57
19
808
815
471
675
34
550
280
418
851
939
339
804
4
810
451
443
702
730
971
367
721
664
906
29
328
955
240
850
223
710
453
788
556
699
208
258
863
775
809
223
265
674
760
362
815
110
988
324
167
578
903
97
980
591
183
846
375
432
997
944
199
305
233
974
135
173
873
806
79
749
608
829
365
736
418
144
255
781
294
73
459
507
181
982
89
392
144
300
896
239
0
985
220
150
429
560
255
242
854
27
733
68
402
896
128
400
965
274
50
686
434
543
56
622
675
106
889
843
493
555
140
258
186
993
882
452
403
276
232
893
139
87
82
8
847
924
228
60
847
34
400
61
840
640
97
259
528
117
708
347
858
998
372
163
389
713
233
692
456
420
675
834
642
148
565
710
845
939
918
252
412
603
874
478
404
66
36
209
960
363
231
140
398
611
152
489
358
276
989
306
796
239
436
434
591
195
932
213
131
705
111
98
627
592
815
550
646
583
873
188
539
592
134
655
824
260
358
135
515
137
120
76
77
569
723
437
432
941
798
930
152
386
234
928
599
712
673
470
183
840
640
829
440
24
700
578
456
263
864
976
213
241
122
766
679
185
566
887
300
151
713
456
955
816
476
613
540
825
395
968
62
46
781
101
634
454
196
683
293
935
981
117
533
753
206
718
541
644
681
172
0
86
990
356
371
472
947
637
504
652
320
332
366
972
428
139
897
996
60
203
524
956
452
368
127
37
3
802
713
226
347
817
243
634
697
547
4
376
191
897
353
659
95
459
684
417
393
831
9
8
762
947
206
299
550
4
980
93
475
755
308
598
989
259
933
188
941
79
321
315
46
434
684
867
245
556
426
50
592
752
566
683
333
980
420
25
686
979
702
163
3
812
728
361
705
706
752
909
393
24
550
97
374
874
867
651
492
984
159
761
276
497
355
434
495
346
346
466
589
935
87
942
729
952
920
817
648
502
723
429
319
904
959
439
739
167
966
303
599
693
69
39
39
10
872
67
140
679
44
715
601
617
407
563
661
371
913
492
213
370
115
225
399
294
969
117
263
751
984
453
745
58
161
532
469
51
132
507
280
506
288
389
58
230
608
750
179
689
582
9
698
486
445
208
29
362
605
34
983
494
436
974
837
643
372
657
810
113
186
780
950
950
369
53
243
973
228
570
219
218
194
288
396
703
817
944
477
281
257
728
131
944
948
568
133
63
770
321
354
868
73
138
588
600
561
516
886
905
150
379
230
866
284
255
199
221
738
814
701
928
876
224
747
708
966
206
887
557
458
557
131
444
120
322
911
679
793
875
189
321
278
669
917
723
637
267
121
55
452
964
222
719
906
455
243
801
381
774
346
538
192
525
384
177
967
560
232
676
886
297
510
54
673
776
424
473
877
498
407
495
984
832
772
668
352
899
738
572
569
833
986
285
644
517
333
486
877
680
880
450
810
200
952
987
251
256
131
112
895
47
51
985
956
523
352
195
61
357
188
231
229
387
585
167
881
614
817
498
875
989
885
324
812
13
183
592
996
703
606
377
215
139
932
848
274
387
901
741
721
644
392
865
880
274
941
927
761
453
90
526
196
13
67
877
93
345
280
137
271
960
760
569
117
218
920
474
631
503
876
277
291
188
602
245
472
638
578
5
177
347
433
120
421
44
162
273
168
551
976
966
175
172
625
212
332
538
644
790
976
988
883
821
387
879
467
417
805
772
796
331
906
85
186
60
438
672
755
692
279
348
806
141
668
69
84
356
23
690
129
81
354
638
178
364
686
247
857
779
896
474
615
76
334
411
940
816
502
502
268
375
50
364
664
101
742
650
165
231
819
100
222
729
994
875
353
1
835
337
576
521
429
36
888
601
340
716
269
490
869
260
920
880
786
316
636
780
898
494
354
989
697
42
869
442
795
532
810
786
543
893
910
828
569
527
153
910
277
742
14
172
745
724
609
530
434
663
248
542
520
81
594
162
558
281
78
694
634
567
314
345
914
130
847
296
747
241
24
577
819
964
534
844
468
195
291
403
168
565
652
55
959
559
888
749
133
268
168
560
925
813
123
856
595
632
172
561
456
820
792
682
320
469
374
601
655
483
705
836
26
431
94
181
599
68
461
581
461
562
363
285
21
413
699
455
429
923
899
577
830
457
636
681
426
196
332
862
170
52
351
929
610
18
546
523
102
170
143
626
593
424
330
658
110
817
677
429
68
498
738
24
911
829
372
909
218
24
697
645
593
191
502
530
605
610
265
841
57
813
487
38
684
863
946
163
781
804
224
439
322
598
999
364
435
805
932
413
180
473
220
251
190
611
798
678
821
18
114
273
33
568
102
993
683
72
475
345
427
105
459
762
244
649
374
49
567
204
6
478
117
376
751
655
984
265
461
865
947
595
600
495
660
123
506
901
359
393
617
277
912
334
937
468
193
405
929
617
136
547
866
132
131
799
849
487
836
105
721
65
196
745
510
214
77
634
390
290
26
108
605
886
912
238
153
102
554
594
689
653
78
428
750
354
558
779
259
77
310
904
693
516
907
709
364
425
5
256
530
440
779
280
12
438
844
1
622
169
644
46
490
397
438
275
594
822
350
982
375
786
176
659
256
228
47
874
997
159
219
79
618
806
921
388
906
904
524
638
845
137
675
354
594
719
193
135
383
896
498
925
344
32
775
101
919
431
405
354
752
192
143
436
67
719
483
839
108
697
634
520
43
322
752
311
564
62
873
31
937
72
878
99
568
736
604
650
806
397
126
530
856
202
24
597
290
503
452
390
518
525
207
256
861
701
814
227
77
544
36
744
736
610
695
266
117
826
947
586
93
99
614
691
570
523
762
475
62
441
313
688
93
636
986
906
986
345
73
80
92
578
585
545
469
357
994
104
113
714
494
932
955
209
771
159
26
236
808
896
84
936
799
26
777
910
484
958
566
655
736
563
165
772
640
777
388
331
586
839
529
465
392
294
617
921
18
424
650
767
433
501
36
886
517
194
247
606
200
335
11
455
814
64
973
19
52
127
99
243
241
562
701
522
263
295
932
563
484
176
312
554
34
364
237
665
975
213
789
902
501
640
465
819
938
579
384
987
880
296
917
536
934
416
244
886
420
324
27
45
434
406
62
640
457
108
320
159
223
762
108
490
376
951
300
734
450
548
547
48
939
548
629
961
755
867
642
518
68
12
487
922
960
619
479
411
453
626
675
495
114
803
122
735
123
541
771
47
563
838
263
971
291
795
243
742
386
392
291
283
170
971
474
796
90
464
858
928
418
598
737
30
937
217
429
31
777
756
269
62
992
628
72
752
738
184
982
574
172
776
749
747
83
322
97
493
79
76
860
586
350
751
924
573
578
426
658
481
451
974
158
166
962
528
598
308
824
650
6
512
950
149
166
746
518
385
67
210
692
3
224
203
607
948
651
527
514
912
71
225
309
426
781
693
140
141
494
477
191
625
600
634
410
465
145
666
774
708
757
435
418
56
610
782
152
709
321
780
404
193
990
378
453
58
461
548
983
737
12
272
124
500
72
864
673
322
217
429
482
82
801
699
456
42
556
203
536
219
880
469
474
962
454
867
868
966
431
364
627
121
257
775
818
760
995
594
179
82
895
936
345
492
465
392
250
989
168
599
442
541
618
547
782
923
216
193
764
875
536
660
834
873
109
804
591
818
373
625
85
277
108
829
241
982
434
581
62
927
962
368
373
235
992
82
801
896
991
229
201
126
49
164
79
379
834
574
285
848
919
662
482
285
766
494
262
600
27
542
753
498
557
636
526
72
526
316
140
917
664
854
639
386
622
734
118
484
350
431
762
831
215
520
175
570
54
396
180
179
226
579
453
535
878
932
23
37
93
311
71
748
512
688
751
335
873
912
758
624
326
641
161
989
147
830
306
215
893
505
574
667
876
274
820
52
348
876
339
876
204
486
835
597
130
860
320
128
725
593
503
572
927
877
610
730
83
48
449
630
285
939
557
300
974
947
61
943
93
468
116
436
463
885
929
244
491
517
35
426
393
120
5
151
161
57
537
461
962
244
36
764
192
244
938
688
102
140
78
271
502
772
120
50
82
646
680
825
674
451
841
475
965
857
811
714
525
660
895
986
432
86
376
630
243
37
536
324
597
57
940
318
63
338
126
908
459
838
447
208
678
869
655
868
654
56
686
352
10
342
935
469
732
4
432
617
521
277
397
2
606
413
634
455
359
925
415
62
521
791
290
662
865
895
126
459
49
194
615
454
955
829
983
366
271
994
419
551
547
689
164
998
652
88
64
333
782
529
559
11
420
374
71
509
798
580
316
89
921
909
235
380
887
576
127
779
426
147
273
874
123
182
198
513
192
400
881
967
234
407
227
744
792
813
779
210
21
174
158
217
820
177
73
911
854
375
650
126
633
3
259
72
355
576
857
70
722
881
492
333
947
44
788
369
143
267
456
26
850
320
805
847
748
349
788
528
498
269
4
907
778
365
911
633
209
906
907
180
909
698
304
911
670
20
914
90
784
11
587
791
516
557
496
363
941
751
748
460
57
994
321
528
30
601
242
442
315
561
537
783
497
935
548
816
683
288
72
739
973
355
452
578
657
257
248
128
935
465
376
510
124
751
246
145
300
323
846
846
173
569
108
625
669
71
705
918
809
640
35
742
126
113
205
930
320
975
455
405
114
786
913
837
143
301
208
525
594
438
381
988
906
1
562
620
817
322
902
501
406
675
160
907
958
976
830
870
324
171
773
576
284
410
625
665
361
90
727
912
236
356
759
66
178
241
39
466
565
817
814
572
944
315
264
466
670
128
782
521
92
187
493
545
859
639
354
631
714
365
496
939
983
849
140
127
814
850
30
276
953
431
170
236
744
871
82
635
663
583
125
17
65
645
270
707
95
538
685
882
921
148
423
349
60
525
523
235
530
230
53
572
929
234
300
819
660
428
66
74
970
903
774
784
536
734
197
182
420
644
319
177
662
943
294
279
6
272
482
312
540
85
427
12
742
37
902
446
932
948
997
416
22
359
584
288
938
573
167
447
120
813
520
725
358
294
366
645
599
777
507
838
544
44
985
110
39
341
269
888
491
15
966
38
565
226
195
36
610
584
326
659
687
944
256
824
136
619
839
393
657
330
684
97
21
161
683
458
345
55
953
600
391
93
798
392
127
89
443
140
392
9
703
600
114
765
712
751
888
422
740
385
512
605
300
675
14
871
913
251
721
707
812
493
903
866
857
854
888
358
606
74
869
696
113
12
24
606
927
276
873
72
861
511
887
336
934
509
939
427
885
59
593
979
947
362
264
433
328
980
31
659
396
263
677
393
90
265
196
814
63
142
608
742
620
660
407
81
567
698
214
778
953
599
297
872
312
993
753
236
516
616
325
314
199
640
996
520
95
156
533
557
400
245
988
211
849
988
383
59
476
481
966
728
851
847
83
220
620
380
913
858
228
993
83
60
685
707
759
142
966
267
959
848
676
866
258
401
718
355
892
169
766
351
934
902
229
384
249
924
486
723
196
513
740
597
528
755
223
940
739
209
675
986
109
573
785
151
194
563
6
619
109
965
67
641
962
991
362
701
866
243
986
643
106
274
653
434
594
694
265
455
54
657
504
624
964
302
581
845
691
272
693
923
388
482
922
326
772
756
163
111
198
660
660
740
198
380
881
386
323
798
997
624
715
349
231
657
618
138
132
429
458
851
966
410
580
154
153
356
30
741
758
52
722
589
760
729
436
211
599
813
326
460
356
493
828
385
633
663
49
489
63
966
581
145
410
325
124
205
66
995
287
422
83
132
567
293
696
219
74
807
460
389
806
491
608
168
120
32
510
921
70
279
989
463
702
50
369
47
54
697
571
138
297
608
553
791
882
39
921
521
665
329
611
531
520
497
760
360
76
721
244
805
271
312
167
850
229
168
384
487
152
396
361
865
948
393
828
44
543
928
338
512
226
736
115
851
651
126
605
428
769
724
298
259
783
726
718
668
157
412
975
619
227
231
882
941
126
628
826
233
865
145
113
290
326
449
975
482
799
598
300
656
686
715
165
500
952
588
180
548
127
132
358
373
82
411
899
153
64
570
843
77
801
411
114
718
317
692
107
63
921
954
232
876
895
381
31
784
209
596
244
410
944
709
593
699
894
910
614
603
227
363
851
343
187
517
243
538
965
285
253
42
186
63
161
128
659
815
441
968
577
41
77
912
807
839
756
581
124
932
833
277
858
490
463
72
142
958
461
291
305
546
40
651
784
385
561
352
220
718
41
924
911
563
304
423
434
712
614
126
847
526
866
122
263
944
724
193
120
629
13
570
698
337
204
845
445
152
342
769
325
790
272
869
894
825
136
484
280
499
822
174
935
448
331
206
265
205
997
872
322
358
49
337
519
159
817
668
66
56
711
49
897
416
891
73
394
317
266
600
595
220
721
110
61
387
370
587
226
807
296
951
896
980
186
985
966
236
502
555
546
532
982
715
498
856
158
605
104
237
443
38
241
867
987
784
40
827
988
627
875
494
516
908
958
817
569
579
594
954
589
0
439
827
57
564
300
222
184
867
551
989
32
693
142
817
770
420
818
675
810
999
577
525
384
604
862
994
920
308
599
724
181
425
109
601
947
489
381
136
680
436
352
703
545
441
23
726
815
300
571
890
961
83
493
298
700
733
382
833
125
373
55
148
247
760
145
623
533
925
194
915
184
342
989
812
69
957
470
450
440
13
621
439
59
558
950
327
52
358
120
853
117
147
507
541
146
808
396
189
56
709
184
776
27
889
195
956
381
88
179
795
761
958
354
714
733
238
436
47
395
128
440
2
163
822
615
369
789
633
913
573
936
894
465
408
259
721
891
509
733
378
231
89
695
172
435
897
272
608
50
902
622
291
780
327
578
43
956
470
450
218
163
750
603
768
334
105
565
798
83
240
678
990
465
351
86
763
66
989
627
30
284
934
205
676
245
460
159
485
953
118
441
173
958
911
794
624
493
727
50
883
232
480
923
882
363
734
613
409
887
930
472
531
252
373
192
870
87
366
990
488
824
968
122
122
717
119
11
788
791
632
58
996
511
676
423
834
981
917
450
394
792
465
986
410
637
646
43
15
830
28
391
587
509
59
925
817
612
880
142
386
0
57
177
34
235
150
657
474
430
563
282
838
422
405
635
590
84
246
632
986
843
959
611
508
113
963
776
875
461
494
444
605
907
945
265
271
726
422
814
192
787
490
600
642
303
705
70
2
46
88
871
446
446
442
715
521
393
721
67
207
173
987
942
109
320
520
803
727
417
992
266
385
831
838
509
546
643
55
8
709
864
910
114
962
973
970
26
330
564
587
614
539
674
277
255
524
698
716
30
999
422
649
274
140
966
675
87
465
232
970
721
488
409
179
122
178
667
311
639
599
570
814
651
186
659
370
705
911
968
477
938
749
925
755
955
774
711
669
851
383
438
351
200
890
282
434
912
717
151
866
442
331
646
50
991
65
244
950
911
874
204
464
763
580
822
301
22
28
989
209
273
72
233
414
880
28
365
681
105
618
204
682
953
395
205
882
122
289
13
116
343
869
806
464
497
831
608
320
768
785
261
760
832
681
519
856
863
120
650
874
553
474
961
493
183
475
978
937
217
121
980
997
279
675
773
839
171
27
559
970
493
520
633
622
943
854
438
29
310
524
601
454
890
150
157
394
352
124
421
206
179
459
713
702
653
974
922
733
888
789
582
654
159
247
441
378
795
659
316
220
44
518
670
120
667
569
743
635
263
412
812
432
223
783
873
902
809
762
468
746
328
226
984
490
673
727
448
844
103
734
766
390
0
217
239
285
162
190
688
56
888
57
471
656
194
984
129
975
901
452
742
744
651
459
12
286
287
981
129
959
617
832
749
288
85
7
197
67
543
795
653
248
649
383
284
248
929
787
23
112
705
374
328
665
108
463
743
502
693
661
577
162
568
939
975
641
457
773
628
562
967
556
714
465
770
272
296
273
55
956
992
42
474
962
390
515
792
934
878
825
389
829
495
168
381
282
713
653
402
79
186
928
352
315
361
488
524
201
194
449
190
66
539
268
518
940
757
178
622
606
623
996
401
890
906
449
945
145
151
559
408
909
244
622
542
738
497
510
687
448
438
716
492
160
838
25
580
524
387
165
858
203
867
339
941
768
249
320
989
446
24
355
425
111
308
559
511
464
208
430
976
792
713
450
218
975
421
498
112
790
9
328
630
583
154
816
562
954
93
249
694
178
766
537
963
55
608
605
353
213
811
952
19
248
93
868
274
205
470
979
149
574
920
648
969
132
741
483
354
544
62
214
940
641
997
490
228
742
755
708
415
739
847
858
423
661
416
152
115
490
50
304
349
812
856
681
72
453
224
279
309
666
0
792
813
860
993
463
339
495
973
255
236
664
233
836
656
694
634
904
394
271
264
669
701
184
194
186
527
343
563
623
913
993
12
402
43
667
694
643
98
684
57
193
523
281
51
821
693
957
507
801
812
749
543
779
797
74
458
33
429
612
351
686
936
956
928
381
540
500
200
137
586
404
875
121
11
414
363
548
253
907
773
164
85
771
953
982
912
496
481
916
386
412
94
3
843
728
961
249
627
889
189
578
88
864
504
386
91
193
612
157
946
717
114
378
955
888
168
880
412
7
785
285
216
72
711
233
264
114
321
365
299
598
308
175
584
587
797
646
71
261
742
257
330
428
510
726
925
935
880
749
314
131
539
97
908
216
65
932
896
868
821
599
746
737
161
264
412
549
481
712
425
349
454
526
358
75
693
276
191
528
351
986
685
951
350
571
803
529
965
31
322
82
230
438
0
385
338
162
238
594
328
138
548
178
82
961
257
751
578
448
352
50
407
542
145
190
401
40
610
67
627
652
441
370
383
217
560
293
259
106
579
673
467
513
438
405
958
591
980
244
706
994
722
320
373
569
910
72
452
675
825
695
452
492
79
248
701
554
164
966
487
381
521
207
498
794
662
474
203
140
270
223
274
270
440
668
378
889
873
566
570
120
241
766
220
963
563
269
234
713
37
568
127
517
318
205
390
499
974
12
557
810
878
646
684
38
61
174
447
981
912
881
489
966
173
290
15
644
699
868
65
902
152
616
709
830
875
618
235
709
399
339
432
705
500
389
402
384
806
218
557
781
487
970
749
565
8
217
584
432
994
904
566
410
139
300
137
466
430
926
668
419
657
120
563
412
346
514
452
230
353
687
243
643
558
405
217
778
746
785
614
276
476
213
82
306
291
734
609
655
340
53
967
434
227
117
261
356
499
338
984
701
270
19
782
48
188
609
18
499
122
135
770
750
287
902
974
949
663
519
731
946
274
773
733
428
500
359
375
473
669
741
518
76
724
18
171
377
389
556
6
323
943
476
652
109
221
126
839
578
508
454
795
372
873
405
815
290
497
198
685
699
180
765
415
407
282
426
670
766
383
855
813
82
576
772
992
515
156
748
605
462
562
338
13
611
779
449
622
248
709
787
328
705
242
901
501
94
794
774
584
286
91
462
609
42
653
730
108
109
632
352
443
267
726
909
748
303
256
794
138
659
240
74
297
245
665
834
515
543
148
437
605
302
492
722
826
909
545
406
135
565
270
631
342
699
374
539
503
3
83
996
28
890
76
746
821
882
540
246
950
981
918
484
892
575
568
374
738
370
914
62
657
353
513
147
920
214
927
745
34
409
928
395
950
983
185
590
373
112
159
669
789
726
900
122
508
469
689
666
482
960
458
929
316
798
39
627
390
413
855
243
622
439
634
3
920
647
493
334
423
808
384
207
320
94
517
51
796
419
252
835
936
214
399
902
492
875
677
692
380
588
604
301
139
99
752
965
37
297
564
664
121
936
291
290
173
518
375
781
942
348
419
490
639
184
413
713
903
791
399
863
623
986
390
629
562
650
492
36
808
600
677
906
58
638
841
351
999
602
578
325
140
492
262
849
927
959
719
403
66
455
867
47
70
548
974
938
574
26
556
907
453
428
369
843
424
55
327
209
712
616
620
422
624
750
482
536
982
579
449
908
798
152
109
545
105
464
140
665
711
470
334
551
795
48
581
23
548
40
407
958
710
711
872
407
117
61
876
92
622
96
195
539
645
565
79
520
487
722
175
374
910
249
379
2
550
235
338
661
397
386
393
251
727
30
159
577
11
931
143
226
170
299
594
650
436
43
712
426
107
25
796
744
526
539
356
600
646
964
169
231
880
262
921
561
976
46
813
751
644
225
124
762
404
443
631
925
727
378
327
7
469
512
491
82
944
590
994
556
660
226
215
482
536
930
52
763
430
878
300
12
575
269
816
38
110
784
80
668
307
65
11
696
832
26
827
966
353
834
725
48
576
521
780
821
825
350
162
385
886
706
313
726
83
258
262
332
404
496
872
426
40
940
81
111
424
548
650
657
359
939
912
802
589
531
290
386
578
572
145
62
210
332
314
671
918
814
996
476
291
525
906
291
379
691
595
349
877
714
139
777
584
781
851
282
725
533
148
3
687
996
667
5
979
416
771
159
375
251
702
956
837
530
391
996
631
772
280
42
944
81
601
58
939
57
361
341
983
311
446
604
321
728
791
388
321
416
577
651
154
568
757
202
21
77
152
709
335
527
702
125
606
892
326
176
642
91
416
65
173
955
106
963
624
434
122
302
863
225
573
273
154
353
435
337
452
727
37
588
3
272
412
947
331
202
342
425
769
564
200
164
409
802
353
605
959
418
502
190
510
41
259
801
77
683
644
659
442
789
262
196
667
825
518
715
774
982
166
419
123
697
351
947
329
588
756
641
723
354
124
885
457
346
244
116
117
965
874
887
816
951
389
681
376
172
886
385
929
992
816
322
469
218
514
976
579
140
597
478
119
354
223
956
647
265
55
676
626
703
150
502
424
510
563
155
432
65
69
488
933
745
527
783
216
401
162
907
218
385
962
666
211
360
247
179
588
385
263
658
862
391
997
246
48
808
350
565
264
380
888
356
163
507
409
808
233
984
415
276
218
937
219
886
822
109
896
996
686
895
567
50
423
643
406
708
972
968
587
531
290
406
522
642
172
923
542
157
833
608
769
538
790
19
408
453
956
186
312
302
479
954
468
674
123
452
759
590
540
810
705
390
307
944
720
842
137
212
502
583
460
817
624
115
751
238
45
319
93
413
657
229
8
554
818
959
761
163
274
842
663
567
851
955
10
336
915
718
21
12
298
738
58
407
711
632
158
864
644
292
632
673
561
703
633
195
611
90
570
24
528
647
492
959
617
748
262
949
807
368
288
698
226
421
722
508
964
505
256
588
501
292
543
803
255
331
695
884
792
317
784
564
223
949
704
918
395
660
257
440
209
730
540
110
801
309
947
291
49
108
279
877
758
216
741
833
648
152
108
186
526
118
495
298
149
164
772
264
636
747
694
90
199
914
471
341
189
597
282
188
325
122
356
991
562
644
804
334
538
232
380
119
675
496
203
57
145
461
636
241
28
96
426
114
815
899
373
856
43
570
806
631
890
64
606
856
276
361
150
263
902
279
756
914
802
588
915
437
598
720
852
848
205
108
682
852
36
866
95
376
900
841
339
708
499
617
911
651
132
49
751
947
870
733
690
18
714
836
831
930
832
470
655
853
993
762
762
507
699
325
205
842
34
270
629
896
508
622
427
776
695
853
634
324
661
404
971
499
215
464
835
494
256
206
426
754
971
910
778
790
311
641
248
992
393
47
443
404
520
780
580
692
2
980
458
163
196
28
191
774
236
13
803
125
321
286
866
12
747
34
732
301
680
643
331
168
845
742
850
711
425
825
329
633
409
346
785
556
160
187
372
494
117
940
162
870
844
175
589
321
543
946
32
779
767
360
413
881
784
666
52
985
776
397
44
547
830
663
805
719
391
903
380
86
122
692
585
798
46
951
631
89
958
688
7
72
747
57
75
910
216
556
911
850
78
251
729
161
996
806
553
206
744
703
215
419
444
523
979
108
127
159
222
999
516
218
776
207
473
599
80
891
751
8
160
953
349
621
980
899
371
836
134
583
798
677
45
474
884
399
972
449
798
558
612
320
455
717
369
280
170
557
308
876
919
18
351
327
460
131
10
552
698
441
653
380
485
402
15
944
387
657
477
985
743
535
493
380
652
484
292
961
746
378
999
578
523
236
868
255
958
495
255
503
922
349
949
495
646
281
346
659
194
77
237
342
236
363
941
907
116
103
103
232
126
909
376
992
306
619
608
963
843
60
497
144
555
610
813
656
939
996
312
587
379
632
30
282
914
958
92
339
379
888
967
995
940
427
436
135
62
263
342
766
64
922
547
490
679
829
225
817
889
670
482
437
949
340
967
292
619
49
521
665
244
240
151
432
111
355
34
309
531
974
794
788
511
475
540
371
82
955
167
640
131
565
233
725
572
462
137
961
241
344
636
70
961
705
948
889
466
148
522
256
122
716
799
551
248
85
124
176
956
144
101
985
443
356
158
79
477
340
246
632
619
68
752
209
523
800
528
164
477
574
125
389
973
961
256
914
230
933
297
484
805
218
480
5
831
770
732
858
877
509
83
169
23
356
672
465
32
18
706
574
234
776
791
815
484
35
98
23
306
905
90
616
738
737
420
529
358
293
324
20
130
558
237
46
462
121
650
632
363
531
263
995
643
279
165
474
587
977
893
105
956
99
484
312
650
419
466
604
412
653
273
830
888
771
538
553
451
191
561
23
114
444
973
698
521
68
643
57
883
107
479
181
460
140
528
21
961
716
699
867
561
989
685
920
274
634
497
692
936
217
616
212
972
377
473
210
670
615
897
180
399
775
210
512
217
528
907
797
797
808
746
931
294
75
442
773
537
781
716
104
783
842
897
418
58
668
993
719
631
382
877
390
193
212
825
677
764
91
980
488
226
113
271
186
485
237
963
868
944
328
576
30
189
980
624
503
870
166
701
877
270
956
644
439
520
644
437
298
177
943
214
865
766
706
542
164
147
21
816
48
671
66
144
889
261
193
721
331
451
712
131
791
896
888
477
958
606
137
287
577
823
175
430
41
474
859
757
182
775
624
415
559
653
111
138
1
810
962
311
719
306
310
798
385
64
940
887
607
443
954
912
933
347
217
183
604
69
249
853
259
568
864
959
811
631
239
402
127
499
645
226
758
586
441
618
460
824
321
392
672
542
691
797
211
473
352
960
731
62
87
95
721
410
649
910
486
901
430
301
317
507
815
784
373
629
374
227
156
886
979
869
345
362
886
284
166
569
232
33
273
79
608
463
552
906
485
343
968
602
48
940
95
293
325
187
271
42
71
342
20
340
320
262
808
458
406
912
637
965
284
669
656
767
774
548
818
110
20
464
62
760
960
488
503
699
495
536
300
209
938
552
111
62
919
901
142
922
540
474
712
659
346
301
293
471
936
412
989
34
218
619
771
792
74
716
927
451
956
60
0
413
903
640
534
332
767
644
416
67
26
51
225
429
125
985
669
17
825
335
662
108
301
374
950
40
405
366
52
906
189
128
216
714
438
602
5
833
120
454
43
274
507
870
966
225
65
145
311
474
521
180
986
929
536
26
892
745
383
659
762
683
607
298
276
889
434
953
520
651
346
826
731
915
870
160
142
411
215
973
423
496
966
205
796
330
199
386
710
733
490
790
206
322
782
229
261
27
782
896
232
974
229
599
507
449
101
143
979
224
242
66
386
129
197
539
581
763
964
241
929
381
232
839
184
412
914
843
390
408
772
358
374
356
629
270
494
305
149
931
398
526
970
906
167
565
521
584
741
543
325
986
146
705
417
859
554
477
461
55
965
346
456
990
585
586
389
532
585
99
28
574
711
256
935
126
955
392
122
117
148
271
797
423
559
472
455
627
627
325
238
692
156
386
896
921
156
223
846
167
80
162
901
392
166
531
144
567
895
622
866
921
293
336
884
604
371
261
681
676
393
558
65
493
127
607
438
113
886
475
145
281
837
563
92
723
221
140
11
351
910
840
523
160
772
556
236
173
291
337
369
624
853
673
452
238
673
516
914
901
356
350
853
390
176
497
983
528
105
870
772
236
873
122
832
766
661
464
152
728
491
877
221
30
206
428
779
778
916
259
657
21
621
603
975
999
847
118
396
290
534
133
228
631
876
465
889
740
769
153
346
434
586
585
947
48
540
7
270
671
815
597
311
669
919
73
697
187
474
560
663
471
931
387
398
27
678
861
972
910
923
637
700
803
339
270
51
289
650
657
328
213
979
437
229
504
989
114
148
694
692
519
0
55
582
376
869
888
529
522
314
194
206
563
766
979
509
223
255
11
524
834
899
638
65
695
658
951
636
977
390
48
983
499
51
405
191
320
266
287
920
592
77
987
198
286
297
354
561
670
467
333
149
824
104
673
999
893
74
209
824
915
499
100
460
508
574
196
315
915
396
825
912
424
403
809
968
346
367
562
651
959
149
354
358
692
636
151
813
360
98
99
145
727
262
220
274
731
198
773
304
77
581
66
186
227
309
700
633
133
516
627
175
423
403
349
836
116
67
561
541
333
638
260
961
487
373
494
605
402
523
986
260
518
125
591
74
857
68
291
540
602
127
733
999
466
459
55
610
208
436
265
55
953
884
902
831
292
125
374
308
453
925
336
647
789
672
185
537
22
567
895
672
822
138
213
431
602
106
946
278
460
543
456
686
332
286
688
897
778
597
554
245
277
369
128
427
857
866
48
298
966
645
870
280
143
382
645
427
15
955
910
177
709
339
285
904
886
716
815
653
613
620
696
25
531
851
110
292
402
736
331
248
777
219
81
385
738
481
381
728
621
562
496
812
67
23
182
129
850
749
629
825
721
780
681
846
591
102
538
127
695
90
619
830
386
570
511
596
652
316
126
135
244
475
673
288
462
221
502
227
479
95
855
232
595
136
190
674
634
416
22
789
396
724
101
126
606
417
134
377
375
325
535
904
287
559
280
833
126
478
441
218
427
432
556
523
449
650
93
791
297
247
329
983
936
818
706
993
600
760
731
255
642
928
152
299
183
346
369
240
968
378
782
663
368
349
178
799
610
956
489
709
742
431
681
209
820
509
976
950
912
829
565
853
717
805
135
941
58
344
648
703
967
282
661
589
23
212
342
705
109
746
798
905
493
400
997
807
690
953
974
915
892
172
400
804
219
727
750
501
351
285
25
760
865
384
838
108
965
891
12
12
163
343
101
166
116
273
555
173
881
839
608
302
752
986
781
890
722
820
643
156
970
646
675
851
579
864
698
602
255
924
799
513
782
402
831
106
864
576
704
265
354
398
862
371
497
99
397
900
70
502
832
459
222
127
302
804
548
836
230
490
288
969
441
599
220
1
876
975
516
403
354
694
201
145
454
711
504
436
209
274
588
161
448
544
985
40
238
459
190
673
476
156
722
390
484
743
608
681
666
240
117
206
622
