139652900 27
1010110101011110011111000111101111111100110111110110101001101011101110111110111111111111101011111110 2528285
1010110101011110011111000111101111111100110111110110101011101011101110111110111111111111101011111110 6459965
1010110101011110011111000111101111111100110111110110101011101011101110111110111111111111111011111110 4713000
1010110101011110011111000111101111111100110111110110101111101011101110111110111111111111111011111110 3502759
1010110101011110011111000111101111111100110111110110101111101011101111111110111111111111111011111110 3711467
1010110101011110011111001111101111111100110111110110101111101011101111111110111111111111111011111110 2796252
1010110101011110011111011111101111111100110111110110101111101011101111111110111111111111111011111110 92884
1010110101011110111111011111101111111100110111110110101111101011101111111110111111111111111011111110 3198616
1011110101011110111111011111101111111100110111110110101111101011101111111110111111111111111011111110 387091
1011110101011110111111011111101111111100110111110110101111101011101111111110111111111111111111111110 656343
1011110101011110111111111111101111111100110111110110101111101011101111111110111111111111111111111110 538051
1011110111011110111111111111101111111100110111110110101111101011101111111110111111111111111111111110 2385411
1011110111011110111111111111101111111110110111110110101111101011101111111110111111111111111111111110 4775878
1011110111011110111111111111101111111111110111110110101111101011101111111110111111111111111111111110 2924661
1011110111011111111111111111101111111111110111110110101111101011101111111110111111111111111111111110 3642123
1011110111011111111111111111101111111111110111110110111111101011101111111110111111111111111111111110 3848961
1011110111111111111111111111101111111111110111110110111111101011101111111110111111111111111111111110 2469189
1011110111111111111111111111101111111111110111111110111111101011101111111110111111111111111111111110 707767
1011110111111111111111111111111111111111110111111110111111101011101111111110111111111111111111111110 6663070
1011110111111111111111111111111111111111110111111110111111101011111111111110111111111111111111111110 3663700
1111110111111111111111111111111111111111110111111110111111101011111111111110111111111111111111111110 4074329
1111111111111111111111111111111111111111110111111110111111101011111111111110111111111111111111111110 3033126
1111111111111111111111111111111111111111110111111110111111111011111111111110111111111111111111111110 4686745
1111111111111111111111111111111111111111110111111111111111111011111111111110111111111111111111111110 31763480
1111111111111111111111111111111111111111110111111111111111111011111111111111111111111111111111111110 7589935
1111111111111111111111111111111111111111110111111111111111111111111111111111111111111111111111111110 10441975
1111111111111111111111111111111111111111111111111111111111111111111111111111111111111111111111111110 18397837
