1 688 
0
0
1 218 
1 56 
0
0
0
0
0
0
0
0
0
0
0
1 512 
0
0
0
1 394 
1 5 
0
0
0
0
0
1 102 
1 948 
0
0
0
0
1 855 
0
1 364 
0
0
0
1 355 
0
0
0
0
1 913 
1 444 
0
0
0
0
0
1 522 
0
0
0
1 463 
0
0
0
0
0
0
0
0
0
0
0
0
0
0
0
0
0
1 775 
0
0
0
0
0
1 919 
0
0
0
1 494 
1 731 
0
0
0
0
0
0
1 305 
0
0
1 40 
0
0
0
0
1 925 
0
1 989 
0
0
0
1 276 
1 736 
0
0
0
0
1 493 
0
0
0
0
0
0
0
0
0
1 162 
0
0
0
0
0
0
0
0
0
0
0
0
1 149 
0
0
0
0
0
1 691 
0
0
0
0
0
0
0
1 747 
1 689 
0
0
1 554 
0
0
0
1 448 
0
0
0
1 201 
1 256 
0
0
0
0
0
0
0
0
0
0
0
0
1 850 
0
0
0
1 834 
0
0
0
0
0
0
1 231 
0
1 92 
0
1 756 
1 74 
0
0
0
0
1 528 
0
0
1 46 
0
1 457 
0
0
0
0
1 506 
0
0
0
0
0
0
1 451 
0
0
0
0
1 716 
0
0
0
0
1 36 
0
0
0
1 685 
0
0
0
0
0
0
0
0
0
0
0
1 604 
0
0
0
0
0
0
0
0
0
0
0
0
0
0
0
0
1 485 
0
0
0
0
0
0
0
0
0
0
1 135 
0
1 427 
0
0
0
0
0
0
1 490 
0
0
0
0
0
0
0
0
0
1 632 
0
0
0
0
0
0
0
0
0
0
0
0
0
0
0
0
1 984 
0
1 633 
0
1 732 
0
0
0
0
0
0
0
1 799 
0
0
0
0
0
0
1 392 
0
0
1 122 
0
0
0
0
0
0
0
0
0
0
0
0
0
0
1 967 
1 179 
0
0
0
0
0
0
1 199 
0
0
1 22 
0
1 390 
0
1 4 
0
0
0
0
0
0
0
0
1 830 
0
1 190 
0
0
0
0
0
0
0
0
1 835 
0
0
0
0
0
0
0
1 895 
0
0
0
0
0
0
1 638 
1 740 
1 806 
0
1 812 
0
0
0
0
0
0
0
1 340 
0
0
0
0
0
0
1 227 
0
0
0
0
0
0
0
0
0
0
0
0
1 687 
0
0
0
0
1 917 
0
0
0
0
0
0
0
0
0
0
0
0
0
0
1 703 
0
1 383 
0
1 100 
0
1 153 
0
0
1 28 
1 460 
0
0
0
0
1 595 
0
1 452 
1 213 
0
1 206 
1 853 
0
0
1 223 
0
0
0
0
0
0
0
0
0
0
0
0
0
0
0
0
0
0
1 351 
1 840 
0
0
0
1 141 
0
0
1 150 
1 45 
1 737 
0
0
0
0
0
0
0
0
0
0
1 807 
0
0
0
0
0
1 613 
1 34 
0
1 822 
0
0
0
0
0
1 303 
1 602 
0
0
0
0
0
1 996 
0
0
0
0
0
0
0
0
1 353 
0
0
0
0
0
0
1 663 
0
0
0
0
0
0
1 931 
0
0
1 348 
0
0
0
0
0
0
0
0
0
0
0
0
0
0
0
0
0
0
0
0
0
0
0
0
0
0
1 375 
0
0
0
1 650 
0
0
0
0
0
0
0
0
0
1 21 
0
0
0
0
0
0
1 462 
0
1 711 
0
0
0
0
0
0
0
0
1 325 
0
0
1 106 
0
0
0
0
0
0
0
0
0
0
0
0
0
0
0
1 693 
1 52 
0
0
0
0
1 80 
0
0
0
0
0
0
1 267 
0
0
0
0
1 681 
0
0
0
0
0
0
1 341 
0
0
0
0
0
1 616 
0
0
0
0
0
0
0
0
0
0
0
0
0
0
0
0
0
1 537 
1 95 
0
0
1 581 
0
1 735 
1 322 
1 239 
0
1 446 
0
1 699 
0
0
0
0
0
1 442 
0
0
0
1 112 
0
0
0
0
1 366 
0
0
1 551 
0
0
0
0
1 974 
0
0
0
0
0
0
0
0
0
0
0
0
0
0
1 682 
1 657 
0
0
1 161 
1 708 
1 515 
0
0
1 307 
0
0
0
0
0
0
1 107 
0
0
1 422 
0
0
0
0
0
1 859 
0
0
0
0
0
0
0
0
0
0
0
0
0
0
0
0
0
0
1 898 
0
0
0
0
0
0
0
0
0
0
0
0
0
0
0
0
0
0
0
0
0
0
1 486 
1 286 
0
0
0
0
0
0
1 157 
1 315 
0
0
0
0
1 391 
0
0
0
0
0
0
0
0
0
1 17 
0
0
0
0
0
0
0
1 269 
0
0
0
1 645 
1 175 
0
0
0
0
1 466 
0
0
0
0
0
0
0
0
0
1 750 
0
0
1 196 
0
1 936 
0
0
0
1 459 
0
0
0
0
0
0
0
0
0
0
0
0
1 585 
0
0
0
0
0
0
0
0
0
0
0
0
0
0
0
0
0
0
0
0
0
0
1 191 
0
0
1 798 
0
0
0
0
0
0
0
0
0
0
0
0
0
0
1 85 
0
0
0
1 544 
0
1 930 
0
0
0
0
0
1 29 
0
0
0
0
1 402 
1 872 
0
0
0
0
1 521 
0
0
0
0
0
0
0
0
0
0
0
1 409 
0
0
0
0
1 495 
0
0
0
0
0
0
1 186 
0
0
0
0
0
0
1 513 
0
0
0
0
0
0
1 960 
0
0
0
0
0
0
0
0
0
1 84 
0
0
0
0
1 953 
0
0
0
0
0
0
1 188 
0
0
0
0
