1 343 
1 996 
0
0
1 873 
0
0
0
1 689 
0
1 135 
0
0
0
1 450 
0
1 134 
1 712 
0
0
0
0
0
0
0
0
0
0
0
0
0
0
0
0
0
1 624 
0
0
0
0
0
0
0
0
1 657 
1 346 
0
0
0
1 565 
0
0
0
0
0
1 115 
0
0
0
0
0
0
0
0
0
0
0
0
1 972 
0
0
0
1 139 
0
0
0
0
0
0
0
0
0
1 219 
1 433 
0
0
0
0
0
0
0
1 505 
0
0
1 882 
0
0
0
0
0
0
0
0
0
1 813 
0
0
0
0
1 970 
0
0
0
0
1 351 
0
0
0
1 527 
1 814 
0
0
1 459 
0
0
1 501 
0
0
0
0
0
1 701 
0
1 331 
1 244 
0
0
0
1 719 
0
0
0
0
0
1 547 
0
0
0
0
0
0
0
1 470 
0
0
0
0
0
0
0
1 46 
1 92 
0
0
0
1 246 
0
0
1 301 
0
0
0
1 371 
0
0
0
0
0
0
0
0
1 264 
0
1 841 
0
0
1 921 
0
0
1 600 
0
1 819 
0
0
0
1 959 
1 212 
0
1 182 
0
0
0
1 694 
0
1 753 
0
0
0
0
0
0
1 245 
0
0
0
0
0
1 777 
1 95 
0
0
0
0
0
1 325 
0
0
0
0
0
0
0
0
0
0
0
0
0
1 15 
0
0
0
0
1 248 
1 494 
1 698 
0
1 36 
0
0
0
0
0
0
0
0
0
1 572 
0
0
0
0
0
1 774 
0
0
0
0
0
0
0
0
0
0
0
0
0
1 704 
0
0
0
0
1 45 
0
0
0
0
1 389 
0
0
0
0
0
0
1 132 
0
0
0
0
0
1 406 
1 312 
0
0
0
0
0
0
0
0
0
1 631 
0
0
1 153 
0
0
0
0
0
0
0
0
0
1 84 
0
0
0
1 895 
0
1 966 
0
0
0
0
1 356 
0
0
0
0
0
0
1 218 
0
0
1 196 
0
0
0
1 965 
1 258 
0
0
0
0
1 610 
0
1 674 
0
0
1 852 
0
0
0
0
0
0
0
0
0
1 205 
0
0
0
0
0
0
0
0
0
0
0
0
0
0
0
0
1 909 
1 629 
0
0
0
0
0
0
0
0
1 283 
0
0
0
0
1 486 
0
0
1 50 
0
0
1 278 
1 199 
0
0
0
1 927 
1 110 
0
0
0
0
0
0
0
0
0
0
1 795 
0
0
0
0
0
0
1 435 
0
1 647 
1 83 
0
0
0
0
0
0
0
0
0
0
0
1 295 
0
1 573 
0
1 525 
0
0
0
1 225 
0
0
1 748 
0
0
0
0
0
0
0
0
0
1 750 
1 410 
1 469 
0
1 56 
0
0
0
0
0
1 593 
0
0
0
0
0
0
1 679 
0
1 912 
0
0
0
1 880 
0
1 533 
0
1 473 
0
0
0
0
1 681 
0
0
0
1 754 
0
0
0
0
0
0
0
0
1 11 
0
0
0
0
0
0
0
0
0
0
1 627 
0
1 169 
0
0
0
0
0
1 816 
0
0
0
0
0
0
0
1 492 
0
1 126 
0
0
0
1 837 
0
0
0
0
0
0
0
0
0
0
0
0
0
0
1 302 
0
0
1 488 
0
0
0
0
0
0
1 436 
1 633 
0
0
0
0
0
0
0
0
0
1 562 
0
0
0
0
0
0
0
0
1 663 
1 802 
0
0
0
0
0
1 885 
1 592 
0
0
0
0
0
0
1 926 
0
0
1 426 
0
0
0
0
0
0
0
0
0
0
1 496 
0
0
1 329 
0
0
1 431 
0
1 607 
0
1 398 
0
1 409 
0
0
0
0
0
0
0
0
0
0
0
0
0
1 721 
0
0
0
0
0
0
0
0
0
1 192 
0
0
0
0
1 18 
1 203 
0
0
0
1 693 
0
0
0
0
0
0
1 161 
0
0
0
0
1 745 
0
1 119 
0
0
0
0
0
0
0
1 162 
0
0
0
1 197 
1 239 
0
0
0
1 336 
0
0
1 621 
1 662 
0
1 900 
0
0
0
0
0
0
0
1 667 
0
0
0
0
0
0
1 358 
0
1 123 
0
0
0
0
0
0
0
0
0
0
0
0
0
0
0
0
0
0
0
0
0
0
0
1 315 
0
0
1 541 
0
1 2 
0
0
1 843 
1 415 
0
0
0
0
0
0
0
0
0
0
0
0
0
0
0
0
0
0
0
1 187 
0
0
1 599 
0
0
0
0
0
0
0
0
0
0
0
0
0
0
0
0
0
1 471 
0
0
0
0
0
0
1 514 
0
0
0
0
0
0
0
0
0
0
1 173 
1 987 
0
1 583 
0
0
1 350 
0
0
0
0
0
0
0
0
0
0
0
0
0
0
0
0
0
1 702 
0
0
0
1 361 
1 448 
1 403 
0
0
0
0
0
0
0
0
1 479 
1 105 
0
0
0
0
0
1 543 
0
0
0
0
0
0
0
0
0
0
0
0
0
1 69 
0
0
0
0
0
0
1 184 
0
1 944 
0
0
1 166 
0
0
0
0
0
0
0
0
0
1 414 
0
0
0
0
1 842 
0
0
0
0
0
0
0
0
1 73 
0
0
1 9 
0
0
0
0
0
0
0
0
1 388 
0
0
0
0
1 120 
1 288 
0
0
0
0
0
0
0
0
0
0
0
0
0
0
0
0
1 5 
0
0
0
0
0
0
0
0
0
0
0
0
0
0
1 17 
0
0
0
0
0
1 859 
1 456 
0
0
0
1 452 
0
1 853 
0
0
0
0
0
0
0
0
0
0
0
0
0
0
1 145 
0
0
0
0
0
0
0
0
1 190 
0
0
0
0
