1 465 
0
0
1 714 
0
0
1 873 
0
0
0
0
0
0
1 901 
1 375 
0
0
1 740 
0
0
1 198 
0
0
0
0
0
0
0
0
0
0
1 841 
0
0
1 802 
0
0
0
0
0
0
0
1 779 
0
1 598 
0
0
0
1 888 
0
0
0
1 86 
0
0
0
0
0
0
0
1 212 
0
0
0
0
0
0
1 408 
1 494 
0
0
0
0
1 344 
0
0
0
0
0
0
0
0
0
0
0
1 617 
0
0
1 543 
0
0
1 210 
1 551 
1 652 
0
0
0
0
0
0
0
0
0
0
0
0
0
0
0
0
0
0
0
0
0
0
0
0
0
1 243 
0
0
0
0
1 671 
0
0
1 956 
0
0
0
0
0
0
0
0
0
0
0
0
0
0
0
0
1 593 
0
0
0
0
0
1 666 
0
0
0
0
0
0
0
0
0
1 620 
0
0
0
0
0
0
0
0
0
0
0
0
0
0
0
0
0
0
0
0
0
0
0
1 556 
0
1 959 
0
1 253 
0
0
0
0
0
0
0
0
1 352 
1 218 
0
0
0
0
0
0
0
0
0
1 297 
1 590 
0
1 234 
0
0
0
0
0
1 286 
1 646 
0
0
0
0
0
0
0
0
0
0
0
0
0
0
1 813 
0
0
0
0
1 982 
0
0
0
1 53 
0
0
0
0
1 608 
0
1 161 
1 958 
0
1 965 
0
0
0
0
0
0
0
0
0
0
0
0
0
1 944 
0
0
0
0
0
0
0
0
0
0
0
0
0
0
1 406 
0
0
0
1 450 
0
0
0
0
0
0
0
0
0
0
1 806 
0
0
0
0
0
0
0
0
0
0
1 376 
0
0
0
0
0
1 837 
0
0
0
0
0
0
0
0
0
0
0
0
1 4 
0
0
0
0
1 812 
1 404 
0
1 314 
0
0
0
0
1 248 
0
0
0
1 989 
1 736 
1 910 
0
0
0
0
0
1 864 
0
0
0
0
0
0
0
0
0
0
0
0
0
0
0
0
0
0
0
0
0
0
1 729 
1 472 
0
0
1 600 
0
0
0
0
0
0
0
0
1 585 
1 970 
0
1 688 
0
0
0
0
0
0
0
0
0
0
1 335 
0
1 502 
0
1 712 
0
1 732 
0
0
0
0
1 872 
1 979 
0
0
0
1 536 
1 572 
0
0
0
0
0
0
0
0
0
0
0
0
0
0
0
0
0
0
0
0
0
0
0
0
0
0
0
0
0
0
1 345 
0
1 863 
0
0
0
0
0
1 125 
0
0
0
0
0
1 971 
1 145 
0
0
0
0
0
0
1 251 
0
1 850 
0
0
0
0
0
0
0
0
1 613 
0
1 661 
0
0
0
0
0
0
0
0
1 35 
0
0
0
0
0
1 61 
0
1 327 
0
1 452 
0
0
0
1 199 
0
0
0
0
0
0
1 282 
0
0
1 68 
0
0
0
0
0
0
0
0
0
0
0
0
0
0
0
0
0
1 515 
1 74 
0
0
0
0
0
1 94 
0
0
0
0
0
0
0
1 599 
0
0
0
0
1 483 
0
0
0
0
0
0
0
1 151 
0
1 704 
0
0
0
0
0
1 957 
0
0
0
0
0
0
0
0
0
0
0
1 219 
1 402 
0
0
0
0
1 504 
0
0
1 770 
0
0
1 7 
0
1 389 
1 762 
1 814 
0
0
0
0
1 832 
0
0
1 308 
0
0
0
0
1 926 
1 379 
0
0
1 824 
0
0
1 49 
0
0
0
0
0
0
0
0
0
0
0
0
0
0
0
0
0
0
0
0
0
0
0
0
0
1 189 
0
0
0
0
0
1 664 
0
0
0
0
0
0
0
0
1 675 
0
0
1 32 
0
1 414 
0
0
0
0
1 69 
0
0
0
1 333 
0
0
0
0
0
0
1 120 
0
0
0
0
0
1 763 
0
0
0
0
0
0
0
0
0
0
0
0
0
0
0
1 756 
0
0
0
0
0
0
0
1 458 
0
1 185 
0
0
0
1 464 
0
0
0
0
0
0
1 89 
0
0
0
1 885 
0
0
1 391 
0
1 500 
0
1 882 
0
0
0
0
0
0
1 537 
0
0
0
1 239 
0
0
0
0
0
0
0
0
1 209 
0
0
0
0
0
1 734 
1 983 
0
0
0
0
0
0
1 485 
0
0
0
0
0
0
0
0
1 894 
0
0
0
0
0
0
0
0
0
0
0
0
0
0
0
0
0
0
0
0
0
0
1 346 
0
0
0
1 413 
0
0
0
0
0
1 614 
1 747 
1 92 
0
0
0
0
1 15 
0
0
0
0
1 250 
0
0
0
0
0
0
0
1 332 
0
0
0
0
1 518 
0
0
0
1 93 
0
0
0
0
0
0
0
0
1 508 
1 14 
0
0
0
0
0
0
0
0
0
0
0
1 18 
1 596 
0
0
0
0
0
0
0
1 187 
1 819 
0
0
0
0
0
0
0
0
1 584 
0
0
1 418 
0
0
1 419 
1 985 
0
0
0
0
1 725 
0
0
0
0
0
0
1 267 
0
0
0
0
0
0
0
0
1 605 
0
0
0
0
0
0
0
0
0
0
0
0
0
0
0
1 851 
0
0
0
0
0
0
0
0
0
0
0
0
0
0
0
0
0
1 388 
1 682 
0
0
0
0
0
0
0
0
0
0
1 43 
1 21 
1 128 
1 718 
0
0
0
0
0
1 564 
0
0
0
0
1 743 
1 889 
0
0
0
0
0
0
0
1 45 
0
0
1 945 
1 566 
0
1 474 
0
0
0
1 340 
0
0
0
0
0
0
0
0
0
0
0
