1 745 
0
0
1 327 
0
1 22 
0
0
0
0
1 245 
1 67 
0
0
0
0
0
0
1 884 
0
0
1 722 
0
0
0
0
0
0
0
0
1 135 
0
1 208 
0
1 597 
0
0
0
0
0
0
0
0
1 244 
0
0
0
0
0
0
0
0
0
0
0
0
0
0
0
0
0
0
1 463 
0
0
1 121 
1 158 
1 538 
0
0
0
0
0
0
0
0
0
0
0
0
0
0
0
1 165 
0
1 993 
0
0
0
0
0
0
0
0
0
0
0
0
0
0
0
0
0
1 305 
0
1 549 
0
0
0
1 846 
1 706 
1 379 
0
1 265 
0
0
0
0
1 497 
0
1 839 
1 566 
0
0
0
1 66 
0
0
0
1 321 
0
0
0
0
1 711 
0
0
1 291 
1 551 
0
0
1 340 
0
0
0
0
0
0
0
0
0
0
0
1 224 
0
0
1 933 
1 474 
0
0
0
0
0
0
1 866 
0
0
1 987 
0
0
0
0
0
0
0
0
0
0
0
0
0
0
0
0
0
0
0
1 271 
0
1 641 
0
0
0
0
0
1 4 
0
0
0
0
0
0
0
0
0
0
0
1 952 
1 31 
0
0
0
0
0
0
0
0
0
0
0
1 540 
0
0
1 771 
0
0
0
0
0
0
0
0
0
0
0
0
0
0
0
0
1 946 
0
1 480 
1 426 
1 669 
0
0
0
1 498 
0
0
0
0
0
0
1 764 
0
0
0
0
0
0
0
0
1 593 
0
0
0
1 682 
1 638 
1 733 
0
0
1 769 
0
0
0
1 44 
0
0
0
0
0
0
1 112 
0
1 529 
0
0
1 868 
1 188 
0
0
0
0
0
0
0
0
1 126 
0
0
0
1 813 
1 364 
0
0
0
0
0
0
0
1 443 
1 448 
0
0
0
0
0
0
1 269 
0
0
0
0
0
1 221 
0
0
0
0
0
0
0
0
0
0
1 19 
0
1 33 
0
0
0
1 104 
1 569 
0
0
0
0
0
0
0
0
0
0
0
0
0
0
0
1 11 
0
0
1 338 
1 885 
0
1 673 
1 965 
0
0
0
0
0
1 508 
0
0
0
0
1 157 
0
0
0
0
0
0
0
0
0
0
0
0
0
0
0
0
0
0
0
0
0
0
0
0
0
0
0
0
0
0
0
0
0
0
0
0
0
0
0
0
0
0
1 256 
0
1 747 
0
1 560 
0
1 290 
0
1 956 
0
0
0
0
0
0
1 981 
0
0
0
0
0
1 106 
0
0
0
0
1 785 
0
0
0
0
0
0
0
0
0
0
1 12 
0
0
0
1 726 
0
1 917 
0
0
1 285 
0
0
0
0
1 130 
1 964 
0
0
1 516 
0
1 932 
1 365 
0
0
0
0
1 531 
0
0
0
1 741 
1 428 
0
0
0
0
0
0
1 501 
1 879 
0
0
1 812 
0
0
0
0
0
0
1 86 
0
0
0
0
0
0
0
1 278 
1 596 
0
0
0
1 581 
0
0
0
0
0
0
0
1 119 
0
1 368 
0
1 437 
0
0
0
0
1 579 
0
1 422 
0
0
0
0
0
0
0
0
1 111 
0
1 664 
0
1 800 
0
0
0
0
0
0
1 68 
1 314 
0
0
0
0
1 658 
0
0
1 961 
0
0
0
0
0
0
0
0
0
1 652 
0
1 783 
1 858 
0
0
0
0
0
0
0
0
0
1 300 
1 209 
0
0
1 698 
1 690 
0
0
0
0
0
0
0
1 521 
0
0
0
0
0
0
0
0
0
0
0
0
0
0
0
0
0
0
0
1 941 
0
0
0
0
0
0
0
0
0
0
0
0
1 430 
0
0
1 139 
0
0
0
0
0
0
0
0
0
0
1 6 
0
0
0
0
0
1 592 
0
0
0
0
0
1 154 
0
0
0
0
1 888 
0
0
0
1 976 
0
0
0
1 374 
0
0
0
0
1 304 
0
0
0
0
0
0
0
1 473 
0
0
0
0
0
0
0
1 459 
0
0
0
0
0
0
0
1 243 
0
0
0
0
0
0
0
0
0
0
0
0
0
0
0
1 582 
1 249 
0
0
1 287 
1 468 
0
0
0
0
0
1 798 
0
0
0
0
1 479 
0
0
1 517 
0
0
0
1 877 
0
1 270 
0
0
0
0
0
0
0
0
0
0
0
0
0
0
0
0
1 142 
1 367 
0
0
0
1 168 
0
1 138 
0
0
0
0
0
0
0
0
0
0
0
1 344 
0
1 122 
0
0
0
0
0
0
0
0
0
0
0
0
1 465 
0
1 345 
0
0
0
0
0
0
0
0
0
0
0
1 995 
1 196 
0
0
0
0
0
0
0
0
0
0
0
0
0
1 84 
0
0
0
0
0
0
0
0
0
1 625 
0
1 477 
0
0
0
0
0
0
1 313 
0
0
0
0
0
0
0
0
0
0
0
1 972 
1 837 
0
0
0
0
0
0
1 880 
0
1 944 
0
1 859 
0
0
0
0
0
0
1 274 
0
1 110 
1 723 
0
0
0
1 727 
1 241 
0
0
1 765 
0
0
0
0
0
0
0
0
0
0
0
0
0
0
0
0
0
0
0
0
0
0
0
0
0
0
0
0
1 827 
0
0
0
0
0
0
0
0
0
0
0
0
0
0
1 533 
1 870 
0
0
0
0
0
0
0
1 553 
0
0
1 35 
0
1 677 
0
0
0
0
0
1 485 
0
0
0
1 489 
0
0
0
0
1 561 
0
0
1 361 
1 190 
0
0
0
0
0
0
1 424 
0
0
0
1 738 
0
0
0
0
1 114 
0
0
0
0
0
1 63 
0
0
0
0
0
1 605 
0
1 490 
0
0
0
0
0
