1 336 
0
0
0
0
0
0
1 947 
0
1 743 
1 283 
0
0
0
0
0
0
1 727 
0
0
0
0
0
1 505 
0
1 199 
0
0
0
0
0
0
0
0
0
0
0
0
0
0
0
0
0
0
0
0
0
0
0
0
0
1 984 
1 317 
0
0
0
0
1 189 
0
0
0
0
1 959 
0
0
0
0
0
0
0
1 226 
0
0
0
0
0
0
0
0
0
1 610 
0
0
0
0
0
0
1 529 
0
0
0
0
0
1 144 
0
0
0
0
0
0
0
0
1 816 
0
0
0
0
0
0
0
0
0
0
0
0
1 973 
0
0
0
0
0
0
1 410 
0
0
0
0
0
0
0
0
0
0
0
0
0
0
0
0
0
0
0
0
1 545 
0
1 52 
0
1 667 
0
0
0
1 508 
0
1 213 
1 750 
0
0
0
0
0
0
0
0
1 403 
0
0
0
0
0
0
0
0
0
0
0
0
0
0
0
0
1 637 
1 315 
1 206 
0
0
0
0
0
1 308 
0
0
0
0
0
0
0
0
0
1 511 
1 326 
1 629 
0
1 914 
0
1 969 
1 239 
0
0
0
0
1 216 
1 769 
1 353 
0
0
1 103 
0
0
0
0
0
1 310 
0
0
0
1 833 
0
0
0
1 340 
0
0
0
0
0
0
0
1 956 
5 62 204 502 602 946 
0
0
0
0
0
0
0
0
0
0
0
0
0
0
0
0
0
0
0
1 682 
0
1 546 
0
1 794 
0
0
0
0
0
0
0
1 462 
0
0
1 304 
1 63 
0
0
0
0
0
0
1 181 
1 146 
0
1 200 
0
0
1 666 
0
0
0
0
1 480 
0
0
0
0
0
0
0
0
0
0
1 890 
1 8 
1 470 
1 460 
1 356 
0
1 944 
0
0
0
1 152 
1 948 
0
1 116 
0
0
0
0
0
0
0
1 494 
1 813 
0
0
0
0
0
0
0
0
0
1 182 
0
0
0
1 275 
0
0
0
0
1 661 
0
0
0
1 756 
0
0
0
1 81 
1 378 
0
1 450 
0
0
1 467 
0
0
1 814 
0
1 440 
0
1 918 
0
0
0
0
1 26 
0
0
0
0
0
0
1 203 
1 425 
0
0
0
0
0
0
0
0
0
1 366 
0
0
0
0
1 18 
1 660 
0
0
0
0
0
0
0
1 586 
1 430 
1 526 
0
0
0
0
1 875 
0
1 263 
0
0
0
0
0
0
0
0
0
0
0
0
1 412 
0
1 696 
0
0
1 676 
0
0
1 694 
0
0
0
0
0
0
1 212 
1 405 
0
0
0
0
0
0
0
0
1 211 
0
0
0
0
0
0
0
0
0
1 314 
0
1 987 
0
0
0
0
1 864 
0
0
1 285 
0
0
0
0
0
0
0
0
0
1 853 
0
0
1 201 
0
0
0
0
0
0
0
0
0
0
1 364 
0
0
0
0
0
0
0
0
0
0
1 815 
0
0
1 427 
0
1 441 
1 148 
0
0
0
0
0
0
0
0
0
0
0
0
0
1 720 
1 371 
0
0
1 871 
0
0
0
0
0
0
0
0
0
0
0
0
0
0
0
1 563 
1 832 
0
0
0
0
0
0
0
0
0
0
0
1 560 
0
1 155 
0
0
1 584 
1 183 
0
0
1 861 
1 164 
0
0
0
0
0
0
0
0
0
0
0
0
0
0
1 700 
1 911 
0
1 345 
0
0
0
0
0
0
0
0
0
0
0
0
0
0
0
0
0
0
0
0
0
0
0
1 664 
0
0
1 53 
0
0
0
0
0
0
0
0
0
0
0
0
0
0
0
1 613 
0
1 349 
0
0
0
0
0
1 238 
0
0
0
0
0
0
1 11 
0
0
0
0
0
0
0
0
0
1 94 
0
0
0
0
0
1 564 
1 558 
0
0
1 691 
0
1 389 
1 306 
1 10 
0
0
0
0
0
0
0
1 205 
0
0
0
0
0
1 933 
0
0
0
0
0
0
0
0
1 735 
0
0
1 274 
0
1 644 
0
0
0
1 730 
0
0
0
0
0
0
0
0
0
0
0
0
0
0
0
0
0
0
0
1 404 
0
0
0
0
0
0
1 259 
0
0
1 307 
0
0
0
0
1 293 
0
0
0
0
0
1 568 
0
1 222 
0
0
0
0
0
0
1 899 
0
0
0
1 288 
0
1 359 
0
0
0
0
0
0
0
0
0
0
0
0
1 741 
0
0
0
0
0
0
0
0
0
0
1 154 
0
0
0
0
0
0
0
0
1 24 
0
0
0
0
1 433 
0
0
0
0
0
0
0
0
0
0
0
0
0
0
0
0
0
0
1 858 
1 88 
1 583 
1 789 
0
0
0
0
0
0
0
0
0
0
0
0
0
0
0
1 754 
1 394 
0
0
0
0
0
0
0
0
0
0
0
0
0
0
0
0
0
0
0
1 631 
0
0
0
0
1 261 
0
0
1 379 
0
0
1 271 
0
0
0
0
0
0
1 938 
0
0
0
1 483 
0
0
0
0
0
0
0
0
0
0
0
0
0
0
1 654 
0
0
0
0
0
0
0
0
1 780 
0
0
0
0
0
0
0
0
0
0
0
1 922 
0
0
1 282 
0
0
0
1 354 
0
0
0
1 71 
0
0
0
0
0
0
0
0
0
0
1 325 
0
0
0
0
1 395 
0
0
0
0
0
1 230 
0
0
1 668 
1 525 
0
0
0
0
0
0
0
1 362 
0
1 567 
1 510 
0
0
0
0
0
0
0
0
0
1 958 
0
0
0
1 305 
0
0
0
0
0
0
0
0
0
0
1 123 
0
0
1 58 
0
0
0
0
0
0
0
0
0
0
0
0
0
