1 785 
1 515 
0
0
0
0
0
0
0
0
1 491 
0
0
0
0
1 227 
0
0
0
0
0
0
1 862 
0
0
0
0
0
0
0
0
1 429 
0
0
0
0
0
0
1 780 
0
0
0
0
0
0
0
0
1 108 
0
0
0
0
1 965 
0
0
0
0
0
0
0
0
0
1 755 
1 100 
0
0
0
0
0
0
0
0
0
1 153 
0
0
1 657 
0
0
0
1 969 
0
1 445 
0
0
1 539 
0
1 716 
0
0
1 753 
1 400 
0
0
0
0
0
1 835 
0
1 517 
0
1 512 
0
1 749 
0
0
0
1 221 
0
0
0
0
0
0
0
0
0
0
0
0
0
0
0
0
0
0
1 573 
0
0
0
0
0
0
0
0
0
0
0
0
0
1 510 
0
0
0
0
0
0
0
1 327 
0
0
0
1 485 
0
1 475 
0
1 98 
0
0
0
0
0
1 629 
0
0
0
1 559 
0
0
1 869 
1 253 
0
0
0
1 308 
0
1 632 
0
0
1 920 
0
0
0
1 404 
0
0
1 742 
0
0
0
0
0
0
0
0
0
0
0
0
0
0
1 83 
0
0
0
0
0
0
0
0
0
0
0
0
0
0
0
0
0
1 416 
1 819 
0
1 267 
1 326 
0
0
1 353 
0
0
0
0
0
0
0
1 764 
0
0
0
0
1 104 
0
0
0
1 932 
0
0
0
0
0
0
0
0
1 375 
0
0
0
1 380 
0
0
0
0
0
0
0
0
0
1 853 
0
0
0
0
0
0
0
0
0
0
0
0
0
0
0
0
0
0
0
0
0
0
0
1 257 
0
0
0
0
0
0
0
0
0
0
0
0
0
0
0
0
1 810 
0
0
0
0
0
0
0
0
0
0
0
0
0
0
0
0
0
1 240 
1 959 
0
0
0
0
0
0
0
0
0
0
1 102 
0
0
1 962 
0
0
1 527 
1 778 
0
0
0
0
0
0
0
1 291 
0
0
0
0
0
1 792 
0
0
0
0
0
0
1 587 
0
0
0
0
1 23 
0
0
0
1 92 
0
0
0
0
1 155 
0
0
0
0
0
0
1 459 
0
0
0
0
0
0
0
0
0
0
0
0
1 560 
0
0
0
1 763 
1 341 
0
0
0
0
0
0
0
0
0
0
1 88 
0
0
0
0
0
0
0
0
0
0
0
0
1 876 
0
0
0
0
0
1 952 
0
0
0
0
1 751 
1 2 
0
0
0
1 440 
0
0
0
0
0
0
0
0
0
1 175 
1 890 
0
0
1 479 
0
1 149 
0
1 953 
0
0
0
0
0
1 64 
0
0
0
0
0
1 338 
0
0
0
1 494 
0
0
0
0
0
1 81 
0
0
0
0
0
1 220 
0
0
1 441 
0
0
0
0
0
0
0
0
1 974 
0
0
0
0
0
0
1 345 
1 187 
1 606 
0
0
1 184 
0
1 366 
0
0
0
0
0
0
0
0
0
1 202 
0
0
1 157 
0
0
0
0
0
0
0
0
1 898 
0
0
0
0
0
0
0
0
0
0
0
0
0
0
1 814 
0
0
0
0
1 177 
1 997 
0
0
0
0
0
0
0
0
0
0
0
0
1 167 
0
0
0
0
0
0
0
0
0
0
0
0
0
1 455 
0
0
0
0
0
0
0
0
0
0
0
0
1 954 
0
0
0
0
0
1 858 
0
0
0
0
0
0
0
0
1 554 
0
0
0
0
0
0
0
0
0
0
0
0
0
1 840 
0
1 127 
1 344 
1 456 
1 998 
0
0
0
0
0
0
0
0
0
0
0
0
0
0
0
1 972 
0
0
0
0
0
0
1 631 
0
1 895 
0
0
0
0
0
0
0
1 799 
0
0
0
0
0
0
0
0
0
0
0
0
0
0
0
1 371 
0
0
0
0
0
0
0
0
0
0
1 892 
0
0
0
0
0
0
0
0
0
0
0
0
0
0
0
0
0
0
0
0
0
1 924 
0
0
0
0
0
0
0
0
0
0
0
0
0
0
0
0
0
0
0
0
0
0
0
1 600 
0
1 224 
0
0
0
0
0
0
1 793 
0
1 11 
0
0
0
1 180 
0
0
0
0
1 469 
0
1 39 
1 405 
1 503 
0
1 244 
0
0
0
0
1 866 
0
0
0
0
0
0
1 615 
0
1 53 
0
0
0
0
1 822 
0
0
0
0
0
0
1 32 
1 904 
0
0
0
0
0
1 163 
0
0
1 86 
0
1 91 
0
0
0
0
0
1 634 
0
1 650 
0
1 812 
0
0
0
0
1 990 
0
0
1 659 
0
0
0
0
0
0
0
0
0
0
0
0
1 435 
0
0
0
0
1 74 
0
0
0
0
0
0
0
0
0
0
0
0
1 633 
0
0
0
0
1 802 
0
0
0
1 77 
0
0
0
1 766 
0
0
1 740 
0
0
0
0
0
0
1 171 
0
0
0
0
0
0
0
0
0
0
0
0
0
1 463 
0
1 975 
0
0
1 461 
0
1 760 
1 359 
0
0
0
0
0
1 694 
0
0
1 804 
0
0
0
0
0
0
0
0
0
0
0
0
1 907 
0
0
0
1 530 
0
0
0
0
0
0
0
1 667 
0
0
0
1 223 
0
0
0
0
0
0
0
0
0
0
0
0
0
0
0
1 63 
1 170 
1 683 
0
0
0
0
1 48 
0
0
1 16 
0
0
1 235 
0
0
0
1 897 
0
0
1 771 
0
1 936 
1 993 
0
0
0
0
0
0
0
0
0
0
0
0
0
0
1 511 
0
0
1 387 
0
0
0
1 141 
1 762 
0
0
